[2025-02-26T14:20:07.947+0000] {local_task_job_runner.py:123} INFO - ::group::Pre task execution logs
[2025-02-26T14:20:07.983+0000] {taskinstance.py:2614} INFO - Dependencies all met for dep_context=non-requeueable deps ti=<TaskInstance: our_first_dag.second_task scheduled__2021-09-26T00:00:00+00:00 [queued]>
[2025-02-26T14:20:08.002+0000] {taskinstance.py:2614} INFO - Dependencies all met for dep_context=requeueable deps ti=<TaskInstance: our_first_dag.second_task scheduled__2021-09-26T00:00:00+00:00 [queued]>
[2025-02-26T14:20:08.002+0000] {taskinstance.py:2867} INFO - Starting attempt 1 of 6
[2025-02-26T14:20:08.022+0000] {taskinstance.py:2890} INFO - Executing <Task(BashOperator): second_task> on 2021-09-26 00:00:00+00:00
[2025-02-26T14:20:08.038+0000] {standard_task_runner.py:104} INFO - Running: ['***', 'tasks', 'run', 'our_first_dag', 'second_task', 'scheduled__2021-09-26T00:00:00+00:00', '--job-id', '186', '--raw', '--subdir', 'DAGS_FOLDER/first_dag.py', '--cfg-path', '/tmp/tmp0_jdap5n']
[2025-02-26T14:20:08.040+0000] {standard_task_runner.py:105} INFO - Job 186: Subtask second_task
[2025-02-26T14:20:08.040+0000] {logging_mixin.py:190} WARNING - /home/***/.local/lib/python3.12/site-packages/***/task/task_runner/standard_task_runner.py:70 DeprecationWarning: This process (pid=3997) is multi-threaded, use of fork() may lead to deadlocks in the child.
[2025-02-26T14:20:08.041+0000] {standard_task_runner.py:72} INFO - Started process 4070 to run task
[2025-02-26T14:20:08.105+0000] {task_command.py:467} INFO - Running <TaskInstance: our_first_dag.second_task scheduled__2021-09-26T00:00:00+00:00 [running]> on host 25887b48f6fb
[2025-02-26T14:20:08.231+0000] {taskinstance.py:3134} INFO - Exporting env vars: AIRFLOW_CTX_DAG_OWNER='***' AIRFLOW_CTX_DAG_ID='our_first_dag' AIRFLOW_CTX_TASK_ID='second_task' AIRFLOW_CTX_EXECUTION_DATE='2021-09-26T00:00:00+00:00' AIRFLOW_CTX_TRY_NUMBER='1' AIRFLOW_CTX_DAG_RUN_ID='scheduled__2021-09-26T00:00:00+00:00'
[2025-02-26T14:20:08.233+0000] {logging_mixin.py:190} INFO - Task instance is in running state
[2025-02-26T14:20:08.233+0000] {logging_mixin.py:190} INFO -  Previous state of the Task instance: queued
[2025-02-26T14:20:08.233+0000] {logging_mixin.py:190} INFO - Current task name:second_task state:running start_date:2025-02-26 14:20:07.983420+00:00
[2025-02-26T14:20:08.234+0000] {logging_mixin.py:190} INFO - Dag name:our_first_dag and current dag run status:running
[2025-02-26T14:20:08.234+0000] {taskinstance.py:732} INFO - ::endgroup::
[2025-02-26T14:20:08.235+0000] {subprocess.py:78} INFO - Tmp dir root location: /tmp
[2025-02-26T14:20:08.236+0000] {subprocess.py:88} INFO - Running command: ['/usr/bin/bash', '-c', 'echo hey, I am task2 and will be running after task1!']
[2025-02-26T14:20:08.264+0000] {subprocess.py:99} INFO - Output:
[2025-02-26T14:20:08.266+0000] {subprocess.py:106} INFO - hey, I am task2 and will be running after task1!
[2025-02-26T14:20:08.267+0000] {subprocess.py:110} INFO - Command exited with return code 0
[2025-02-26T14:20:08.306+0000] {taskinstance.py:341} INFO - ::group::Post task execution logs
[2025-02-26T14:20:08.307+0000] {taskinstance.py:353} INFO - Marking task as SUCCESS. dag_id=our_first_dag, task_id=second_task, run_id=scheduled__2021-09-26T00:00:00+00:00, execution_date=20210926T000000, start_date=20250226T142007, end_date=20250226T142008
[2025-02-26T14:20:08.341+0000] {logging_mixin.py:190} INFO - Task instance in success state
[2025-02-26T14:20:08.342+0000] {logging_mixin.py:190} INFO -  Previous state of the Task instance: running
[2025-02-26T14:20:08.342+0000] {logging_mixin.py:190} INFO - Dag name:our_first_dag queued_at:2025-02-26 14:20:00.994353+00:00
[2025-02-26T14:20:08.343+0000] {logging_mixin.py:190} INFO - Task hostname:25887b48f6fb operator:BashOperator
[2025-02-26T14:20:08.378+0000] {local_task_job_runner.py:266} INFO - Task exited with return code 0
[2025-02-26T14:20:08.392+0000] {local_task_job_runner.py:245} INFO - ::endgroup::
