[2025-02-26T14:20:40.753+0000] {local_task_job_runner.py:123} INFO - ::group::Pre task execution logs
[2025-02-26T14:20:40.786+0000] {taskinstance.py:2614} INFO - Dependencies all met for dep_context=non-requeueable deps ti=<TaskInstance: our_first_dag.first_task scheduled__2021-11-12T00:00:00+00:00 [queued]>
[2025-02-26T14:20:40.801+0000] {taskinstance.py:2614} INFO - Dependencies all met for dep_context=requeueable deps ti=<TaskInstance: our_first_dag.first_task scheduled__2021-11-12T00:00:00+00:00 [queued]>
[2025-02-26T14:20:40.802+0000] {taskinstance.py:2867} INFO - Starting attempt 1 of 6
[2025-02-26T14:20:40.826+0000] {taskinstance.py:2890} INFO - Executing <Task(BashOperator): first_task> on 2021-11-12 00:00:00+00:00
[2025-02-26T14:20:40.846+0000] {logging_mixin.py:190} WARNING - /home/***/.local/lib/python3.12/site-packages/***/task/task_runner/standard_task_runner.py:70 DeprecationWarning: This process (pid=4734) is multi-threaded, use of fork() may lead to deadlocks in the child.
[2025-02-26T14:20:40.847+0000] {standard_task_runner.py:72} INFO - Started process 4835 to run task
[2025-02-26T14:20:40.847+0000] {standard_task_runner.py:104} INFO - Running: ['***', 'tasks', 'run', 'our_first_dag', 'first_task', 'scheduled__2021-11-12T00:00:00+00:00', '--job-id', '305', '--raw', '--subdir', 'DAGS_FOLDER/first_dag.py', '--cfg-path', '/tmp/tmpa57yqk5k']
[2025-02-26T14:20:40.852+0000] {standard_task_runner.py:105} INFO - Job 305: Subtask first_task
[2025-02-26T14:20:40.953+0000] {task_command.py:467} INFO - Running <TaskInstance: our_first_dag.first_task scheduled__2021-11-12T00:00:00+00:00 [running]> on host 25887b48f6fb
[2025-02-26T14:20:41.129+0000] {taskinstance.py:3134} INFO - Exporting env vars: AIRFLOW_CTX_DAG_OWNER='***' AIRFLOW_CTX_DAG_ID='our_first_dag' AIRFLOW_CTX_TASK_ID='first_task' AIRFLOW_CTX_EXECUTION_DATE='2021-11-12T00:00:00+00:00' AIRFLOW_CTX_TRY_NUMBER='1' AIRFLOW_CTX_DAG_RUN_ID='scheduled__2021-11-12T00:00:00+00:00'
[2025-02-26T14:20:41.131+0000] {logging_mixin.py:190} INFO - Task instance is in running state
[2025-02-26T14:20:41.132+0000] {logging_mixin.py:190} INFO -  Previous state of the Task instance: queued
[2025-02-26T14:20:41.133+0000] {logging_mixin.py:190} INFO - Current task name:first_task state:running start_date:2025-02-26 14:20:40.786831+00:00
[2025-02-26T14:20:41.133+0000] {logging_mixin.py:190} INFO - Dag name:our_first_dag and current dag run status:running
[2025-02-26T14:20:41.134+0000] {taskinstance.py:732} INFO - ::endgroup::
[2025-02-26T14:20:41.135+0000] {subprocess.py:78} INFO - Tmp dir root location: /tmp
[2025-02-26T14:20:41.136+0000] {subprocess.py:88} INFO - Running command: ['/usr/bin/bash', '-c', 'echo hello world, this is the first task!']
[2025-02-26T14:20:41.167+0000] {subprocess.py:99} INFO - Output:
[2025-02-26T14:20:41.171+0000] {subprocess.py:106} INFO - hello world, this is the first task!
[2025-02-26T14:20:41.172+0000] {subprocess.py:110} INFO - Command exited with return code 0
[2025-02-26T14:20:41.217+0000] {taskinstance.py:341} INFO - ::group::Post task execution logs
[2025-02-26T14:20:41.218+0000] {taskinstance.py:353} INFO - Marking task as SUCCESS. dag_id=our_first_dag, task_id=first_task, run_id=scheduled__2021-11-12T00:00:00+00:00, execution_date=20211112T000000, start_date=20250226T142040, end_date=20250226T142041
[2025-02-26T14:20:41.275+0000] {logging_mixin.py:190} INFO - Task instance in success state
[2025-02-26T14:20:41.277+0000] {logging_mixin.py:190} INFO -  Previous state of the Task instance: running
[2025-02-26T14:20:41.278+0000] {logging_mixin.py:190} INFO - Dag name:our_first_dag queued_at:2025-02-26 14:20:38.287337+00:00
[2025-02-26T14:20:41.279+0000] {logging_mixin.py:190} INFO - Task hostname:25887b48f6fb operator:BashOperator
[2025-02-26T14:20:41.309+0000] {local_task_job_runner.py:266} INFO - Task exited with return code 0
[2025-02-26T14:20:41.363+0000] {taskinstance.py:3901} INFO - 2 downstream tasks scheduled from follow-on schedule check
[2025-02-26T14:20:41.368+0000] {local_task_job_runner.py:245} INFO - ::endgroup::
