[2025-02-26T14:20:05.650+0000] {local_task_job_runner.py:123} INFO - ::group::Pre task execution logs
[2025-02-26T14:20:05.684+0000] {taskinstance.py:2614} INFO - Dependencies all met for dep_context=non-requeueable deps ti=<TaskInstance: our_first_dag.second_task scheduled__2021-09-22T00:00:00+00:00 [queued]>
[2025-02-26T14:20:05.703+0000] {taskinstance.py:2614} INFO - Dependencies all met for dep_context=requeueable deps ti=<TaskInstance: our_first_dag.second_task scheduled__2021-09-22T00:00:00+00:00 [queued]>
[2025-02-26T14:20:05.703+0000] {taskinstance.py:2867} INFO - Starting attempt 1 of 6
[2025-02-26T14:20:05.720+0000] {taskinstance.py:2890} INFO - Executing <Task(BashOperator): second_task> on 2021-09-22 00:00:00+00:00
[2025-02-26T14:20:05.735+0000] {logging_mixin.py:190} WARNING - /home/***/.local/lib/python3.12/site-packages/***/task/task_runner/standard_task_runner.py:70 DeprecationWarning: This process (pid=3918) is multi-threaded, use of fork() may lead to deadlocks in the child.
[2025-02-26T14:20:05.736+0000] {standard_task_runner.py:104} INFO - Running: ['***', 'tasks', 'run', 'our_first_dag', 'second_task', 'scheduled__2021-09-22T00:00:00+00:00', '--job-id', '170', '--raw', '--subdir', 'DAGS_FOLDER/first_dag.py', '--cfg-path', '/tmp/tmpdj567nmr']
[2025-02-26T14:20:05.737+0000] {standard_task_runner.py:72} INFO - Started process 3945 to run task
[2025-02-26T14:20:05.737+0000] {standard_task_runner.py:105} INFO - Job 170: Subtask second_task
[2025-02-26T14:20:05.816+0000] {task_command.py:467} INFO - Running <TaskInstance: our_first_dag.second_task scheduled__2021-09-22T00:00:00+00:00 [running]> on host 25887b48f6fb
[2025-02-26T14:20:05.968+0000] {taskinstance.py:3134} INFO - Exporting env vars: AIRFLOW_CTX_DAG_OWNER='***' AIRFLOW_CTX_DAG_ID='our_first_dag' AIRFLOW_CTX_TASK_ID='second_task' AIRFLOW_CTX_EXECUTION_DATE='2021-09-22T00:00:00+00:00' AIRFLOW_CTX_TRY_NUMBER='1' AIRFLOW_CTX_DAG_RUN_ID='scheduled__2021-09-22T00:00:00+00:00'
[2025-02-26T14:20:05.970+0000] {logging_mixin.py:190} INFO - Task instance is in running state
[2025-02-26T14:20:05.970+0000] {logging_mixin.py:190} INFO -  Previous state of the Task instance: queued
[2025-02-26T14:20:05.971+0000] {logging_mixin.py:190} INFO - Current task name:second_task state:running start_date:2025-02-26 14:20:05.684972+00:00
[2025-02-26T14:20:05.972+0000] {logging_mixin.py:190} INFO - Dag name:our_first_dag and current dag run status:running
[2025-02-26T14:20:05.972+0000] {taskinstance.py:732} INFO - ::endgroup::
[2025-02-26T14:20:05.974+0000] {subprocess.py:78} INFO - Tmp dir root location: /tmp
[2025-02-26T14:20:05.975+0000] {subprocess.py:88} INFO - Running command: ['/usr/bin/bash', '-c', 'echo hey, I am task2 and will be running after task1!']
[2025-02-26T14:20:06.000+0000] {subprocess.py:99} INFO - Output:
[2025-02-26T14:20:06.005+0000] {subprocess.py:106} INFO - hey, I am task2 and will be running after task1!
[2025-02-26T14:20:06.006+0000] {subprocess.py:110} INFO - Command exited with return code 0
[2025-02-26T14:20:06.052+0000] {taskinstance.py:341} INFO - ::group::Post task execution logs
[2025-02-26T14:20:06.053+0000] {taskinstance.py:353} INFO - Marking task as SUCCESS. dag_id=our_first_dag, task_id=second_task, run_id=scheduled__2021-09-22T00:00:00+00:00, execution_date=20210922T000000, start_date=20250226T142005, end_date=20250226T142006
[2025-02-26T14:20:06.091+0000] {logging_mixin.py:190} INFO - Task instance in success state
[2025-02-26T14:20:06.091+0000] {logging_mixin.py:190} INFO -  Previous state of the Task instance: running
[2025-02-26T14:20:06.092+0000] {logging_mixin.py:190} INFO - Dag name:our_first_dag queued_at:2025-02-26 14:20:00.098803+00:00
[2025-02-26T14:20:06.092+0000] {logging_mixin.py:190} INFO - Task hostname:25887b48f6fb operator:BashOperator
[2025-02-26T14:20:06.113+0000] {local_task_job_runner.py:266} INFO - Task exited with return code 0
[2025-02-26T14:20:06.139+0000] {taskinstance.py:3901} INFO - 0 downstream tasks scheduled from follow-on schedule check
[2025-02-26T14:20:06.143+0000] {local_task_job_runner.py:245} INFO - ::endgroup::
