[2025-03-05T05:18:31.236+0000] {local_task_job_runner.py:123} INFO - ::group::Pre task execution logs
[2025-03-05T05:18:31.259+0000] {taskinstance.py:2614} INFO - Dependencies all met for dep_context=non-requeueable deps ti=<TaskInstance: xcom_dag_v01.greet scheduled__2025-03-04T00:00:00+00:00 [queued]>
[2025-03-05T05:18:31.269+0000] {taskinstance.py:2614} INFO - Dependencies all met for dep_context=requeueable deps ti=<TaskInstance: xcom_dag_v01.greet scheduled__2025-03-04T00:00:00+00:00 [queued]>
[2025-03-05T05:18:31.269+0000] {taskinstance.py:2867} INFO - Starting attempt 1 of 6
[2025-03-05T05:18:31.281+0000] {taskinstance.py:2890} INFO - Executing <Task(PythonOperator): greet> on 2025-03-04 00:00:00+00:00
[2025-03-05T05:18:31.296+0000] {logging_mixin.py:190} WARNING - /home/***/.local/lib/python3.12/site-packages/***/task/task_runner/standard_task_runner.py:70 DeprecationWarning: This process (pid=5061) is multi-threaded, use of fork() may lead to deadlocks in the child.
[2025-03-05T05:18:31.294+0000] {standard_task_runner.py:104} INFO - Running: ['***', 'tasks', 'run', 'xcom_dag_v01', 'greet', 'scheduled__2025-03-04T00:00:00+00:00', '--job-id', '263', '--raw', '--subdir', 'DAGS_FOLDER/dag_xcom.py', '--cfg-path', '/tmp/tmpvu0cbdtf']
[2025-03-05T05:18:31.297+0000] {standard_task_runner.py:72} INFO - Started process 5064 to run task
[2025-03-05T05:18:31.297+0000] {standard_task_runner.py:105} INFO - Job 263: Subtask greet
[2025-03-05T05:18:31.344+0000] {task_command.py:467} INFO - Running <TaskInstance: xcom_dag_v01.greet scheduled__2025-03-04T00:00:00+00:00 [running]> on host d33615cae033
[2025-03-05T05:18:31.422+0000] {taskinstance.py:3134} INFO - Exporting env vars: AIRFLOW_CTX_DAG_OWNER='naveen' AIRFLOW_CTX_DAG_ID='xcom_dag_v01' AIRFLOW_CTX_TASK_ID='greet' AIRFLOW_CTX_EXECUTION_DATE='2025-03-04T00:00:00+00:00' AIRFLOW_CTX_TRY_NUMBER='1' AIRFLOW_CTX_DAG_RUN_ID='scheduled__2025-03-04T00:00:00+00:00'
[2025-03-05T05:18:31.423+0000] {taskinstance.py:732} INFO - ::endgroup::
[2025-03-05T05:18:31.438+0000] {logging_mixin.py:190} INFO - some dict:  {'a': 1, 'b': 2}
[2025-03-05T05:18:31.456+0000] {logging_mixin.py:190} INFO - Hello World! My name is Naveen kumar, and I am 25 years old!
[2025-03-05T05:18:31.456+0000] {python.py:240} INFO - Done. Returned value was: None
[2025-03-05T05:18:31.462+0000] {taskinstance.py:341} INFO - ::group::Post task execution logs
[2025-03-05T05:18:31.463+0000] {taskinstance.py:353} INFO - Marking task as SUCCESS. dag_id=xcom_dag_v01, task_id=greet, run_id=scheduled__2025-03-04T00:00:00+00:00, execution_date=20250304T000000, start_date=20250305T051831, end_date=20250305T051831
[2025-03-05T05:18:31.511+0000] {local_task_job_runner.py:266} INFO - Task exited with return code 0
[2025-03-05T05:18:31.524+0000] {taskinstance.py:3901} INFO - 0 downstream tasks scheduled from follow-on schedule check
[2025-03-05T05:18:31.528+0000] {local_task_job_runner.py:245} INFO - ::endgroup::
[2025-03-12T10:23:13.759+0000] {taskinstance.py:1159} INFO - Dependencies all met for dep_context=non-requeueable deps ti=<TaskInstance: xcom_dag_v01.greet scheduled__2025-03-04T00:00:00+00:00 [queued]>
[2025-03-12T10:23:13.776+0000] {taskinstance.py:1159} INFO - Dependencies all met for dep_context=requeueable deps ti=<TaskInstance: xcom_dag_v01.greet scheduled__2025-03-04T00:00:00+00:00 [queued]>
[2025-03-12T10:23:13.776+0000] {taskinstance.py:1361} INFO - Starting attempt 1 of 6
[2025-03-12T10:23:13.844+0000] {taskinstance.py:1382} INFO - Executing <Task(PythonOperator): greet> on 2025-03-04 00:00:00+00:00
[2025-03-12T10:23:13.857+0000] {standard_task_runner.py:57} INFO - Started process 955 to run task
[2025-03-12T10:23:13.861+0000] {standard_task_runner.py:84} INFO - Running: ['***', 'tasks', 'run', 'xcom_dag_v01', 'greet', 'scheduled__2025-03-04T00:00:00+00:00', '--job-id', '643', '--raw', '--subdir', 'DAGS_FOLDER/dag_xcom.py', '--cfg-path', '/tmp/tmpt4q6ty5e']
[2025-03-12T10:23:13.865+0000] {standard_task_runner.py:85} INFO - Job 643: Subtask greet
[2025-03-12T10:23:13.951+0000] {task_command.py:416} INFO - Running <TaskInstance: xcom_dag_v01.greet scheduled__2025-03-04T00:00:00+00:00 [running]> on host 2e40015af180
[2025-03-12T10:23:14.087+0000] {taskinstance.py:1662} INFO - Exporting env vars: AIRFLOW_CTX_DAG_OWNER='naveen' AIRFLOW_CTX_DAG_ID='xcom_dag_v01' AIRFLOW_CTX_TASK_ID='greet' AIRFLOW_CTX_EXECUTION_DATE='2025-03-04T00:00:00+00:00' AIRFLOW_CTX_TRY_NUMBER='1' AIRFLOW_CTX_DAG_RUN_ID='scheduled__2025-03-04T00:00:00+00:00'
[2025-03-12T10:23:14.088+0000] {logging_mixin.py:154} INFO - some dict:  {'a': 1, 'b': 2}
[2025-03-12T10:23:14.129+0000] {logging_mixin.py:154} INFO - Hello World! My name is Naveen kumar, and I am 25 years old!
[2025-03-12T10:23:14.130+0000] {python.py:194} INFO - Done. Returned value was: None
[2025-03-12T10:23:14.142+0000] {taskinstance.py:1400} INFO - Marking task as SUCCESS. dag_id=xcom_dag_v01, task_id=greet, execution_date=20250304T000000, start_date=20250312T102313, end_date=20250312T102314
[2025-03-12T10:23:14.195+0000] {local_task_job_runner.py:228} INFO - Task exited with return code 0
[2025-03-12T10:23:14.224+0000] {taskinstance.py:2778} INFO - 0 downstream tasks scheduled from follow-on schedule check
