[2025-02-26T14:20:27.429+0000] {local_task_job_runner.py:123} INFO - ::group::Pre task execution logs
[2025-02-26T14:20:27.452+0000] {taskinstance.py:2614} INFO - Dependencies all met for dep_context=non-requeueable deps ti=<TaskInstance: our_first_dag.first_task scheduled__2021-10-25T00:00:00+00:00 [queued]>
[2025-02-26T14:20:27.465+0000] {taskinstance.py:2614} INFO - Dependencies all met for dep_context=requeueable deps ti=<TaskInstance: our_first_dag.first_task scheduled__2021-10-25T00:00:00+00:00 [queued]>
[2025-02-26T14:20:27.466+0000] {taskinstance.py:2867} INFO - Starting attempt 1 of 6
[2025-02-26T14:20:27.485+0000] {taskinstance.py:2890} INFO - Executing <Task(BashOperator): first_task> on 2021-10-25 00:00:00+00:00
[2025-02-26T14:20:27.503+0000] {logging_mixin.py:190} WARNING - /home/***/.local/lib/python3.12/site-packages/***/task/task_runner/standard_task_runner.py:70 DeprecationWarning: This process (pid=4415) is multi-threaded, use of fork() may lead to deadlocks in the child.
[2025-02-26T14:20:27.503+0000] {standard_task_runner.py:104} INFO - Running: ['***', 'tasks', 'run', 'our_first_dag', 'first_task', 'scheduled__2021-10-25T00:00:00+00:00', '--job-id', '251', '--raw', '--subdir', 'DAGS_FOLDER/first_dag.py', '--cfg-path', '/tmp/tmp2irp_ujj']
[2025-02-26T14:20:27.505+0000] {standard_task_runner.py:105} INFO - Job 251: Subtask first_task
[2025-02-26T14:20:27.505+0000] {standard_task_runner.py:72} INFO - Started process 4447 to run task
[2025-02-26T14:20:27.579+0000] {task_command.py:467} INFO - Running <TaskInstance: our_first_dag.first_task scheduled__2021-10-25T00:00:00+00:00 [running]> on host 25887b48f6fb
[2025-02-26T14:20:27.755+0000] {taskinstance.py:3134} INFO - Exporting env vars: AIRFLOW_CTX_DAG_OWNER='***' AIRFLOW_CTX_DAG_ID='our_first_dag' AIRFLOW_CTX_TASK_ID='first_task' AIRFLOW_CTX_EXECUTION_DATE='2021-10-25T00:00:00+00:00' AIRFLOW_CTX_TRY_NUMBER='1' AIRFLOW_CTX_DAG_RUN_ID='scheduled__2021-10-25T00:00:00+00:00'
[2025-02-26T14:20:27.758+0000] {logging_mixin.py:190} INFO - Task instance is in running state
[2025-02-26T14:20:27.759+0000] {logging_mixin.py:190} INFO -  Previous state of the Task instance: queued
[2025-02-26T14:20:27.760+0000] {logging_mixin.py:190} INFO - Current task name:first_task state:running start_date:2025-02-26 14:20:27.453295+00:00
[2025-02-26T14:20:27.761+0000] {logging_mixin.py:190} INFO - Dag name:our_first_dag and current dag run status:running
[2025-02-26T14:20:27.761+0000] {taskinstance.py:732} INFO - ::endgroup::
[2025-02-26T14:20:27.762+0000] {subprocess.py:78} INFO - Tmp dir root location: /tmp
[2025-02-26T14:20:27.764+0000] {subprocess.py:88} INFO - Running command: ['/usr/bin/bash', '-c', 'echo hello world, this is the first task!']
[2025-02-26T14:20:27.788+0000] {subprocess.py:99} INFO - Output:
[2025-02-26T14:20:27.793+0000] {subprocess.py:106} INFO - hello world, this is the first task!
[2025-02-26T14:20:27.794+0000] {subprocess.py:110} INFO - Command exited with return code 0
[2025-02-26T14:20:27.846+0000] {taskinstance.py:341} INFO - ::group::Post task execution logs
[2025-02-26T14:20:27.847+0000] {taskinstance.py:353} INFO - Marking task as SUCCESS. dag_id=our_first_dag, task_id=first_task, run_id=scheduled__2021-10-25T00:00:00+00:00, execution_date=20211025T000000, start_date=20250226T142027, end_date=20250226T142027
[2025-02-26T14:20:27.898+0000] {logging_mixin.py:190} INFO - Task instance in success state
[2025-02-26T14:20:27.898+0000] {logging_mixin.py:190} INFO -  Previous state of the Task instance: running
[2025-02-26T14:20:27.899+0000] {logging_mixin.py:190} INFO - Dag name:our_first_dag queued_at:2025-02-26 14:20:25.610519+00:00
[2025-02-26T14:20:27.899+0000] {logging_mixin.py:190} INFO - Task hostname:25887b48f6fb operator:BashOperator
[2025-02-26T14:20:27.929+0000] {local_task_job_runner.py:266} INFO - Task exited with return code 0
[2025-02-26T14:20:27.945+0000] {local_task_job_runner.py:245} INFO - ::endgroup::
