[2025-02-26T14:21:45.745+0000] {local_task_job_runner.py:123} INFO - ::group::Pre task execution logs
[2025-02-26T14:21:45.778+0000] {taskinstance.py:2614} INFO - Dependencies all met for dep_context=non-requeueable deps ti=<TaskInstance: our_first_dag.second_task scheduled__2022-01-27T00:00:00+00:00 [queued]>
[2025-02-26T14:21:45.798+0000] {taskinstance.py:2614} INFO - Dependencies all met for dep_context=requeueable deps ti=<TaskInstance: our_first_dag.second_task scheduled__2022-01-27T00:00:00+00:00 [queued]>
[2025-02-26T14:21:45.799+0000] {taskinstance.py:2867} INFO - Starting attempt 1 of 6
[2025-02-26T14:21:45.927+0000] {taskinstance.py:2890} INFO - Executing <Task(BashOperator): second_task> on 2022-01-27 00:00:00+00:00
[2025-02-26T14:21:45.948+0000] {logging_mixin.py:190} WARNING - /home/***/.local/lib/python3.12/site-packages/***/task/task_runner/standard_task_runner.py:70 DeprecationWarning: This process (pid=6493) is multi-threaded, use of fork() may lead to deadlocks in the child.
[2025-02-26T14:21:45.948+0000] {standard_task_runner.py:104} INFO - Running: ['***', 'tasks', 'run', 'our_first_dag', 'second_task', 'scheduled__2022-01-27T00:00:00+00:00', '--job-id', '569', '--raw', '--subdir', 'DAGS_FOLDER/first_dag.py', '--cfg-path', '/tmp/tmptn3prbi3']
[2025-02-26T14:21:45.950+0000] {standard_task_runner.py:72} INFO - Started process 6597 to run task
[2025-02-26T14:21:45.950+0000] {standard_task_runner.py:105} INFO - Job 569: Subtask second_task
[2025-02-26T14:21:46.034+0000] {task_command.py:467} INFO - Running <TaskInstance: our_first_dag.second_task scheduled__2022-01-27T00:00:00+00:00 [running]> on host 25887b48f6fb
[2025-02-26T14:21:46.187+0000] {taskinstance.py:3134} INFO - Exporting env vars: AIRFLOW_CTX_DAG_OWNER='***' AIRFLOW_CTX_DAG_ID='our_first_dag' AIRFLOW_CTX_TASK_ID='second_task' AIRFLOW_CTX_EXECUTION_DATE='2022-01-27T00:00:00+00:00' AIRFLOW_CTX_TRY_NUMBER='1' AIRFLOW_CTX_DAG_RUN_ID='scheduled__2022-01-27T00:00:00+00:00'
[2025-02-26T14:21:46.189+0000] {logging_mixin.py:190} INFO - Task instance is in running state
[2025-02-26T14:21:46.190+0000] {logging_mixin.py:190} INFO -  Previous state of the Task instance: queued
[2025-02-26T14:21:46.190+0000] {logging_mixin.py:190} INFO - Current task name:second_task state:running start_date:2025-02-26 14:21:45.778879+00:00
[2025-02-26T14:21:46.191+0000] {logging_mixin.py:190} INFO - Dag name:our_first_dag and current dag run status:running
[2025-02-26T14:21:46.191+0000] {taskinstance.py:732} INFO - ::endgroup::
[2025-02-26T14:21:46.193+0000] {subprocess.py:78} INFO - Tmp dir root location: /tmp
[2025-02-26T14:21:46.194+0000] {subprocess.py:88} INFO - Running command: ['/usr/bin/bash', '-c', 'echo hey, I am task2 and will be running after task1!']
[2025-02-26T14:21:46.216+0000] {subprocess.py:99} INFO - Output:
[2025-02-26T14:21:46.220+0000] {subprocess.py:106} INFO - hey, I am task2 and will be running after task1!
[2025-02-26T14:21:46.221+0000] {subprocess.py:110} INFO - Command exited with return code 0
[2025-02-26T14:21:46.265+0000] {taskinstance.py:341} INFO - ::group::Post task execution logs
[2025-02-26T14:21:46.267+0000] {taskinstance.py:353} INFO - Marking task as SUCCESS. dag_id=our_first_dag, task_id=second_task, run_id=scheduled__2022-01-27T00:00:00+00:00, execution_date=20220127T000000, start_date=20250226T142145, end_date=20250226T142146
[2025-02-26T14:21:46.303+0000] {logging_mixin.py:190} INFO - Task instance in success state
[2025-02-26T14:21:46.303+0000] {logging_mixin.py:190} INFO -  Previous state of the Task instance: running
[2025-02-26T14:21:46.304+0000] {logging_mixin.py:190} INFO - Dag name:our_first_dag queued_at:2025-02-26 14:21:41.613435+00:00
[2025-02-26T14:21:46.304+0000] {logging_mixin.py:190} INFO - Task hostname:25887b48f6fb operator:BashOperator
[2025-02-26T14:21:46.326+0000] {local_task_job_runner.py:266} INFO - Task exited with return code 0
[2025-02-26T14:21:46.339+0000] {local_task_job_runner.py:245} INFO - ::endgroup::
