[2025-03-07T11:03:00.726+0000] {taskinstance.py:1159} INFO - Dependencies all met for dep_context=non-requeueable deps ti=<TaskInstance: dag_with_postgres_operator_v03.insert_into_table scheduled__2025-03-02T00:00:00+00:00 [queued]>
[2025-03-07T11:03:00.733+0000] {taskinstance.py:1159} INFO - Dependencies all met for dep_context=requeueable deps ti=<TaskInstance: dag_with_postgres_operator_v03.insert_into_table scheduled__2025-03-02T00:00:00+00:00 [queued]>
[2025-03-07T11:03:00.734+0000] {taskinstance.py:1361} INFO - Starting attempt 1 of 6
[2025-03-07T11:03:00.751+0000] {taskinstance.py:1382} INFO - Executing <Task(PostgresOperator): insert_into_table> on 2025-03-02 00:00:00+00:00
[2025-03-07T11:03:00.755+0000] {standard_task_runner.py:57} INFO - Started process 1047 to run task
[2025-03-07T11:03:00.759+0000] {standard_task_runner.py:84} INFO - Running: ['***', 'tasks', 'run', 'dag_with_postgres_operator_v03', 'insert_into_table', 'scheduled__2025-03-02T00:00:00+00:00', '--job-id', '41', '--raw', '--subdir', 'DAGS_FOLDER/postgres_operator.py', '--cfg-path', '/tmp/tmpc8zbvkte']
[2025-03-07T11:03:00.762+0000] {standard_task_runner.py:85} INFO - Job 41: Subtask insert_into_table
[2025-03-07T11:03:00.811+0000] {task_command.py:416} INFO - Running <TaskInstance: dag_with_postgres_operator_v03.insert_into_table scheduled__2025-03-02T00:00:00+00:00 [running]> on host 5588030d4cfa
[2025-03-07T11:03:00.892+0000] {taskinstance.py:1662} INFO - Exporting env vars: AIRFLOW_CTX_DAG_OWNER='***' AIRFLOW_CTX_DAG_ID='dag_with_postgres_operator_v03' AIRFLOW_CTX_TASK_ID='insert_into_table' AIRFLOW_CTX_EXECUTION_DATE='2025-03-02T00:00:00+00:00' AIRFLOW_CTX_TRY_NUMBER='1' AIRFLOW_CTX_DAG_RUN_ID='scheduled__2025-03-02T00:00:00+00:00'
[2025-03-07T11:03:00.893+0000] {sql.py:274} INFO - Executing: 
            insert into dag_runs (dt, dag_id) values ('2025-03-02', 'dag_with_postgres_operator_v03')
        
[2025-03-07T11:03:00.901+0000] {base.py:73} INFO - Using connection ID 'postgres_localhost' for task execution.
[2025-03-07T11:03:00.912+0000] {base.py:73} INFO - Using connection ID 'postgres_localhost' for task execution.
[2025-03-07T11:03:00.916+0000] {sql.py:418} INFO - Running statement: 
            insert into dag_runs (dt, dag_id) values ('2025-03-02', 'dag_with_postgres_operator_v03')
        , parameters: None
[2025-03-07T11:03:00.917+0000] {sql.py:427} INFO - Rows affected: 1
[2025-03-07T11:03:00.928+0000] {taskinstance.py:1400} INFO - Marking task as SUCCESS. dag_id=dag_with_postgres_operator_v03, task_id=insert_into_table, execution_date=20250302T000000, start_date=20250307T110300, end_date=20250307T110300
[2025-03-07T11:03:00.970+0000] {local_task_job_runner.py:228} INFO - Task exited with return code 0
[2025-03-07T11:03:00.990+0000] {taskinstance.py:2778} INFO - 0 downstream tasks scheduled from follow-on schedule check
[2025-03-07T11:32:47.216+0000] {taskinstance.py:1159} INFO - Dependencies all met for dep_context=non-requeueable deps ti=<TaskInstance: dag_with_postgres_operator_v03.insert_into_table scheduled__2025-03-02T00:00:00+00:00 [queued]>
[2025-03-07T11:32:47.222+0000] {taskinstance.py:1159} INFO - Dependencies all met for dep_context=requeueable deps ti=<TaskInstance: dag_with_postgres_operator_v03.insert_into_table scheduled__2025-03-02T00:00:00+00:00 [queued]>
[2025-03-07T11:32:47.222+0000] {taskinstance.py:1361} INFO - Starting attempt 1 of 6
[2025-03-07T11:32:47.234+0000] {taskinstance.py:1382} INFO - Executing <Task(PostgresOperator): insert_into_table> on 2025-03-02 00:00:00+00:00
[2025-03-07T11:32:47.241+0000] {standard_task_runner.py:57} INFO - Started process 876 to run task
[2025-03-07T11:32:47.244+0000] {standard_task_runner.py:84} INFO - Running: ['***', 'tasks', 'run', 'dag_with_postgres_operator_v03', 'insert_into_table', 'scheduled__2025-03-02T00:00:00+00:00', '--job-id', '27', '--raw', '--subdir', 'DAGS_FOLDER/postgres_operator.py', '--cfg-path', '/tmp/tmpo9ounxdo']
[2025-03-07T11:32:47.248+0000] {standard_task_runner.py:85} INFO - Job 27: Subtask insert_into_table
[2025-03-07T11:32:47.302+0000] {task_command.py:416} INFO - Running <TaskInstance: dag_with_postgres_operator_v03.insert_into_table scheduled__2025-03-02T00:00:00+00:00 [running]> on host 5837dac536a6
[2025-03-07T11:32:47.383+0000] {taskinstance.py:1662} INFO - Exporting env vars: AIRFLOW_CTX_DAG_OWNER='***' AIRFLOW_CTX_DAG_ID='dag_with_postgres_operator_v03' AIRFLOW_CTX_TASK_ID='insert_into_table' AIRFLOW_CTX_EXECUTION_DATE='2025-03-02T00:00:00+00:00' AIRFLOW_CTX_TRY_NUMBER='1' AIRFLOW_CTX_DAG_RUN_ID='scheduled__2025-03-02T00:00:00+00:00'
[2025-03-07T11:32:47.383+0000] {sql.py:274} INFO - Executing: 
            insert into dag_runs (dt, dag_id) values ('2025-03-02', 'dag_with_postgres_operator_v03')
        
[2025-03-07T11:32:47.389+0000] {base.py:73} INFO - Using connection ID 'postgres_localhost' for task execution.
[2025-03-07T11:32:47.396+0000] {base.py:73} INFO - Using connection ID 'postgres_localhost' for task execution.
[2025-03-07T11:32:47.399+0000] {sql.py:418} INFO - Running statement: 
            insert into dag_runs (dt, dag_id) values ('2025-03-02', 'dag_with_postgres_operator_v03')
        , parameters: None
[2025-03-07T11:32:47.403+0000] {sql.py:427} INFO - Rows affected: 1
[2025-03-07T11:32:47.412+0000] {taskinstance.py:1400} INFO - Marking task as SUCCESS. dag_id=dag_with_postgres_operator_v03, task_id=insert_into_table, execution_date=20250302T000000, start_date=20250307T113247, end_date=20250307T113247
[2025-03-07T11:32:47.457+0000] {local_task_job_runner.py:228} INFO - Task exited with return code 0
[2025-03-07T11:32:47.470+0000] {taskinstance.py:2778} INFO - 0 downstream tasks scheduled from follow-on schedule check
[2025-03-07T12:05:07.940+0000] {taskinstance.py:1159} INFO - Dependencies all met for dep_context=non-requeueable deps ti=<TaskInstance: dag_with_postgres_operator_v03.insert_into_table scheduled__2025-03-02T00:00:00+00:00 [queued]>
[2025-03-07T12:05:07.946+0000] {taskinstance.py:1159} INFO - Dependencies all met for dep_context=requeueable deps ti=<TaskInstance: dag_with_postgres_operator_v03.insert_into_table scheduled__2025-03-02T00:00:00+00:00 [queued]>
[2025-03-07T12:05:07.946+0000] {taskinstance.py:1361} INFO - Starting attempt 1 of 6
[2025-03-07T12:05:07.955+0000] {taskinstance.py:1382} INFO - Executing <Task(PostgresOperator): insert_into_table> on 2025-03-02 00:00:00+00:00
[2025-03-07T12:05:07.959+0000] {standard_task_runner.py:57} INFO - Started process 488 to run task
[2025-03-07T12:05:07.963+0000] {standard_task_runner.py:84} INFO - Running: ['***', 'tasks', 'run', 'dag_with_postgres_operator_v03', 'insert_into_table', 'scheduled__2025-03-02T00:00:00+00:00', '--job-id', '16', '--raw', '--subdir', 'DAGS_FOLDER/postgres_operator.py', '--cfg-path', '/tmp/tmpam1jhnd6']
[2025-03-07T12:05:07.964+0000] {standard_task_runner.py:85} INFO - Job 16: Subtask insert_into_table
[2025-03-07T12:05:08.007+0000] {task_command.py:416} INFO - Running <TaskInstance: dag_with_postgres_operator_v03.insert_into_table scheduled__2025-03-02T00:00:00+00:00 [running]> on host afc6f8faa09c
[2025-03-07T12:05:08.070+0000] {taskinstance.py:1662} INFO - Exporting env vars: AIRFLOW_CTX_DAG_OWNER='***' AIRFLOW_CTX_DAG_ID='dag_with_postgres_operator_v03' AIRFLOW_CTX_TASK_ID='insert_into_table' AIRFLOW_CTX_EXECUTION_DATE='2025-03-02T00:00:00+00:00' AIRFLOW_CTX_TRY_NUMBER='1' AIRFLOW_CTX_DAG_RUN_ID='scheduled__2025-03-02T00:00:00+00:00'
[2025-03-07T12:05:08.071+0000] {sql.py:274} INFO - Executing: 
            insert into dag_runs (dt, dag_id) values ('2025-03-02', 'dag_with_postgres_operator_v03')
        
[2025-03-07T12:05:08.078+0000] {base.py:73} INFO - Using connection ID 'postgres_localhost' for task execution.
[2025-03-07T12:05:08.087+0000] {base.py:73} INFO - Using connection ID 'postgres_localhost' for task execution.
[2025-03-07T12:05:08.090+0000] {sql.py:418} INFO - Running statement: 
            insert into dag_runs (dt, dag_id) values ('2025-03-02', 'dag_with_postgres_operator_v03')
        , parameters: None
[2025-03-07T12:05:08.093+0000] {sql.py:427} INFO - Rows affected: 1
[2025-03-07T12:05:08.101+0000] {taskinstance.py:1400} INFO - Marking task as SUCCESS. dag_id=dag_with_postgres_operator_v03, task_id=insert_into_table, execution_date=20250302T000000, start_date=20250307T120507, end_date=20250307T120508
[2025-03-07T12:05:08.134+0000] {local_task_job_runner.py:228} INFO - Task exited with return code 0
[2025-03-07T12:05:08.146+0000] {taskinstance.py:2778} INFO - 0 downstream tasks scheduled from follow-on schedule check
