[2025-02-26T14:19:52.078+0000] {local_task_job_runner.py:123} INFO - ::group::Pre task execution logs
[2025-02-26T14:19:52.098+0000] {taskinstance.py:2614} INFO - Dependencies all met for dep_context=non-requeueable deps ti=<TaskInstance: our_first_dag.first_task scheduled__2021-09-04T00:00:00+00:00 [queued]>
[2025-02-26T14:19:52.110+0000] {taskinstance.py:2614} INFO - Dependencies all met for dep_context=requeueable deps ti=<TaskInstance: our_first_dag.first_task scheduled__2021-09-04T00:00:00+00:00 [queued]>
[2025-02-26T14:19:52.110+0000] {taskinstance.py:2867} INFO - Starting attempt 1 of 6
[2025-02-26T14:19:52.178+0000] {taskinstance.py:2890} INFO - Executing <Task(BashOperator): first_task> on 2021-09-04 00:00:00+00:00
[2025-02-26T14:19:52.194+0000] {logging_mixin.py:190} WARNING - /home/***/.local/lib/python3.12/site-packages/***/task/task_runner/standard_task_runner.py:70 DeprecationWarning: This process (pid=3570) is multi-threaded, use of fork() may lead to deadlocks in the child.
[2025-02-26T14:19:52.196+0000] {standard_task_runner.py:72} INFO - Started process 3597 to run task
[2025-02-26T14:19:52.196+0000] {standard_task_runner.py:104} INFO - Running: ['***', 'tasks', 'run', 'our_first_dag', 'first_task', 'scheduled__2021-09-04T00:00:00+00:00', '--job-id', '114', '--raw', '--subdir', 'DAGS_FOLDER/first_dag.py', '--cfg-path', '/tmp/tmprixmp7ol']
[2025-02-26T14:19:52.198+0000] {standard_task_runner.py:105} INFO - Job 114: Subtask first_task
[2025-02-26T14:19:52.276+0000] {task_command.py:467} INFO - Running <TaskInstance: our_first_dag.first_task scheduled__2021-09-04T00:00:00+00:00 [running]> on host 25887b48f6fb
[2025-02-26T14:19:52.419+0000] {taskinstance.py:3134} INFO - Exporting env vars: AIRFLOW_CTX_DAG_OWNER='***' AIRFLOW_CTX_DAG_ID='our_first_dag' AIRFLOW_CTX_TASK_ID='first_task' AIRFLOW_CTX_EXECUTION_DATE='2021-09-04T00:00:00+00:00' AIRFLOW_CTX_TRY_NUMBER='1' AIRFLOW_CTX_DAG_RUN_ID='scheduled__2021-09-04T00:00:00+00:00'
[2025-02-26T14:19:52.421+0000] {logging_mixin.py:190} INFO - Task instance is in running state
[2025-02-26T14:19:52.422+0000] {logging_mixin.py:190} INFO -  Previous state of the Task instance: queued
[2025-02-26T14:19:52.422+0000] {logging_mixin.py:190} INFO - Current task name:first_task state:running start_date:2025-02-26 14:19:52.098784+00:00
[2025-02-26T14:19:52.423+0000] {logging_mixin.py:190} INFO - Dag name:our_first_dag and current dag run status:running
[2025-02-26T14:19:52.423+0000] {taskinstance.py:732} INFO - ::endgroup::
[2025-02-26T14:19:52.425+0000] {subprocess.py:78} INFO - Tmp dir root location: /tmp
[2025-02-26T14:19:52.426+0000] {subprocess.py:88} INFO - Running command: ['/usr/bin/bash', '-c', 'echo hello world, this is the first task!']
[2025-02-26T14:19:52.452+0000] {subprocess.py:99} INFO - Output:
[2025-02-26T14:19:52.455+0000] {subprocess.py:106} INFO - hello world, this is the first task!
[2025-02-26T14:19:52.456+0000] {subprocess.py:110} INFO - Command exited with return code 0
[2025-02-26T14:19:52.504+0000] {taskinstance.py:341} INFO - ::group::Post task execution logs
[2025-02-26T14:19:52.505+0000] {taskinstance.py:353} INFO - Marking task as SUCCESS. dag_id=our_first_dag, task_id=first_task, run_id=scheduled__2021-09-04T00:00:00+00:00, execution_date=20210904T000000, start_date=20250226T141952, end_date=20250226T141952
[2025-02-26T14:19:52.650+0000] {logging_mixin.py:190} INFO - Task instance in success state
[2025-02-26T14:19:52.650+0000] {logging_mixin.py:190} INFO -  Previous state of the Task instance: running
[2025-02-26T14:19:52.651+0000] {logging_mixin.py:190} INFO - Dag name:our_first_dag queued_at:2025-02-26 14:19:50.291546+00:00
[2025-02-26T14:19:52.651+0000] {logging_mixin.py:190} INFO - Task hostname:25887b48f6fb operator:BashOperator
[2025-02-26T14:19:52.693+0000] {local_task_job_runner.py:266} INFO - Task exited with return code 0
[2025-02-26T14:19:52.735+0000] {taskinstance.py:3901} INFO - 2 downstream tasks scheduled from follow-on schedule check
[2025-02-26T14:19:52.738+0000] {local_task_job_runner.py:245} INFO - ::endgroup::
