[2025-02-26T14:22:38.280+0000] {local_task_job_runner.py:123} INFO - ::group::Pre task execution logs
[2025-02-26T14:22:38.299+0000] {taskinstance.py:2614} INFO - Dependencies all met for dep_context=non-requeueable deps ti=<TaskInstance: our_first_dag_v1.second_task scheduled__2025-02-25T00:00:00+00:00 [queued]>
[2025-02-26T14:22:38.305+0000] {taskinstance.py:2614} INFO - Dependencies all met for dep_context=requeueable deps ti=<TaskInstance: our_first_dag_v1.second_task scheduled__2025-02-25T00:00:00+00:00 [queued]>
[2025-02-26T14:22:38.306+0000] {taskinstance.py:2867} INFO - Starting attempt 1 of 6
[2025-02-26T14:22:38.316+0000] {taskinstance.py:2890} INFO - Executing <Task(BashOperator): second_task> on 2025-02-25 00:00:00+00:00
[2025-02-26T14:22:38.323+0000] {logging_mixin.py:190} WARNING - /home/***/.local/lib/python3.12/site-packages/***/task/task_runner/standard_task_runner.py:70 DeprecationWarning: This process (pid=7062) is multi-threaded, use of fork() may lead to deadlocks in the child.
[2025-02-26T14:22:38.324+0000] {standard_task_runner.py:72} INFO - Started process 7064 to run task
[2025-02-26T14:22:38.324+0000] {standard_task_runner.py:104} INFO - Running: ['***', 'tasks', 'run', 'our_first_dag_v1', 'second_task', 'scheduled__2025-02-25T00:00:00+00:00', '--job-id', '583', '--raw', '--subdir', 'DAGS_FOLDER/first_dag.py', '--cfg-path', '/tmp/tmp_m3pv0ec']
[2025-02-26T14:22:38.325+0000] {standard_task_runner.py:105} INFO - Job 583: Subtask second_task
[2025-02-26T14:22:38.368+0000] {task_command.py:467} INFO - Running <TaskInstance: our_first_dag_v1.second_task scheduled__2025-02-25T00:00:00+00:00 [running]> on host 25887b48f6fb
[2025-02-26T14:22:38.441+0000] {taskinstance.py:3134} INFO - Exporting env vars: AIRFLOW_CTX_DAG_OWNER='***' AIRFLOW_CTX_DAG_ID='our_first_dag_v1' AIRFLOW_CTX_TASK_ID='second_task' AIRFLOW_CTX_EXECUTION_DATE='2025-02-25T00:00:00+00:00' AIRFLOW_CTX_TRY_NUMBER='1' AIRFLOW_CTX_DAG_RUN_ID='scheduled__2025-02-25T00:00:00+00:00'
[2025-02-26T14:22:38.442+0000] {logging_mixin.py:190} INFO - Task instance is in running state
[2025-02-26T14:22:38.442+0000] {logging_mixin.py:190} INFO -  Previous state of the Task instance: queued
[2025-02-26T14:22:38.443+0000] {logging_mixin.py:190} INFO - Current task name:second_task state:running start_date:2025-02-26 14:22:38.299391+00:00
[2025-02-26T14:22:38.443+0000] {logging_mixin.py:190} INFO - Dag name:our_first_dag_v1 and current dag run status:running
[2025-02-26T14:22:38.443+0000] {taskinstance.py:732} INFO - ::endgroup::
[2025-02-26T14:22:38.444+0000] {subprocess.py:78} INFO - Tmp dir root location: /tmp
[2025-02-26T14:22:38.445+0000] {subprocess.py:88} INFO - Running command: ['/usr/bin/bash', '-c', 'echo hey, I am task2 and will be running after task1!']
[2025-02-26T14:22:38.457+0000] {subprocess.py:99} INFO - Output:
[2025-02-26T14:22:38.458+0000] {subprocess.py:106} INFO - hey, I am task2 and will be running after task1!
[2025-02-26T14:22:38.459+0000] {subprocess.py:110} INFO - Command exited with return code 0
[2025-02-26T14:22:38.482+0000] {taskinstance.py:341} INFO - ::group::Post task execution logs
[2025-02-26T14:22:38.482+0000] {taskinstance.py:353} INFO - Marking task as SUCCESS. dag_id=our_first_dag_v1, task_id=second_task, run_id=scheduled__2025-02-25T00:00:00+00:00, execution_date=20250225T000000, start_date=20250226T142238, end_date=20250226T142238
[2025-02-26T14:22:38.507+0000] {logging_mixin.py:190} INFO - Task instance in success state
[2025-02-26T14:22:38.507+0000] {logging_mixin.py:190} INFO -  Previous state of the Task instance: running
[2025-02-26T14:22:38.507+0000] {logging_mixin.py:190} INFO - Dag name:our_first_dag_v1 queued_at:2025-02-26 14:22:36.381857+00:00
[2025-02-26T14:22:38.507+0000] {logging_mixin.py:190} INFO - Task hostname:25887b48f6fb operator:BashOperator
[2025-02-26T14:22:38.538+0000] {local_task_job_runner.py:266} INFO - Task exited with return code 0
[2025-02-26T14:22:38.552+0000] {taskinstance.py:3901} INFO - 0 downstream tasks scheduled from follow-on schedule check
[2025-02-26T14:22:38.555+0000] {local_task_job_runner.py:245} INFO - ::endgroup::
[2025-03-04T05:11:19.204+0000] {local_task_job_runner.py:123} INFO - ::group::Pre task execution logs
[2025-03-04T05:11:19.225+0000] {taskinstance.py:2614} INFO - Dependencies all met for dep_context=non-requeueable deps ti=<TaskInstance: our_first_dag_v1.second_task scheduled__2025-02-25T00:00:00+00:00 [queued]>
[2025-03-04T05:11:19.239+0000] {taskinstance.py:2614} INFO - Dependencies all met for dep_context=requeueable deps ti=<TaskInstance: our_first_dag_v1.second_task scheduled__2025-02-25T00:00:00+00:00 [queued]>
[2025-03-04T05:11:19.239+0000] {taskinstance.py:2867} INFO - Starting attempt 1 of 6
[2025-03-04T05:11:19.269+0000] {taskinstance.py:2890} INFO - Executing <Task(BashOperator): second_task> on 2025-02-25 00:00:00+00:00
[2025-03-04T05:11:19.284+0000] {logging_mixin.py:190} WARNING - /home/***/.local/lib/python3.12/site-packages/***/task/task_runner/standard_task_runner.py:70 DeprecationWarning: This process (pid=233) is multi-threaded, use of fork() may lead to deadlocks in the child.
[2025-03-04T05:11:19.282+0000] {standard_task_runner.py:104} INFO - Running: ['***', 'tasks', 'run', 'our_first_dag_v1', 'second_task', 'scheduled__2025-02-25T00:00:00+00:00', '--job-id', '12', '--raw', '--subdir', 'DAGS_FOLDER/first_dag.py', '--cfg-path', '/tmp/tmp8ztqu82i']
[2025-03-04T05:11:19.285+0000] {standard_task_runner.py:72} INFO - Started process 246 to run task
[2025-03-04T05:11:19.285+0000] {standard_task_runner.py:105} INFO - Job 12: Subtask second_task
[2025-03-04T05:11:19.328+0000] {task_command.py:467} INFO - Running <TaskInstance: our_first_dag_v1.second_task scheduled__2025-02-25T00:00:00+00:00 [running]> on host e52f68431fc8
[2025-03-04T05:11:19.407+0000] {taskinstance.py:3134} INFO - Exporting env vars: AIRFLOW_CTX_DAG_OWNER='***' AIRFLOW_CTX_DAG_ID='our_first_dag_v1' AIRFLOW_CTX_TASK_ID='second_task' AIRFLOW_CTX_EXECUTION_DATE='2025-02-25T00:00:00+00:00' AIRFLOW_CTX_TRY_NUMBER='1' AIRFLOW_CTX_DAG_RUN_ID='scheduled__2025-02-25T00:00:00+00:00'
[2025-03-04T05:11:19.408+0000] {taskinstance.py:732} INFO - ::endgroup::
[2025-03-04T05:11:19.423+0000] {subprocess.py:78} INFO - Tmp dir root location: /tmp
[2025-03-04T05:11:19.424+0000] {subprocess.py:88} INFO - Running command: ['/usr/bin/bash', '-c', 'echo hey, I am task2 and will be running after task1!']
[2025-03-04T05:11:19.437+0000] {subprocess.py:99} INFO - Output:
[2025-03-04T05:11:19.439+0000] {subprocess.py:106} INFO - hey, I am task2 and will be running after task1!
[2025-03-04T05:11:19.440+0000] {subprocess.py:110} INFO - Command exited with return code 0
[2025-03-04T05:11:19.464+0000] {taskinstance.py:341} INFO - ::group::Post task execution logs
[2025-03-04T05:11:19.465+0000] {taskinstance.py:353} INFO - Marking task as SUCCESS. dag_id=our_first_dag_v1, task_id=second_task, run_id=scheduled__2025-02-25T00:00:00+00:00, execution_date=20250225T000000, start_date=20250304T051119, end_date=20250304T051119
[2025-03-04T05:11:19.540+0000] {local_task_job_runner.py:266} INFO - Task exited with return code 0
[2025-03-04T05:11:19.549+0000] {local_task_job_runner.py:245} INFO - ::endgroup::
[2025-03-07T10:44:07.739+0000] {taskinstance.py:1159} INFO - Dependencies all met for dep_context=non-requeueable deps ti=<TaskInstance: our_first_dag_v1.second_task scheduled__2025-02-25T00:00:00+00:00 [queued]>
[2025-03-07T10:44:07.749+0000] {taskinstance.py:1159} INFO - Dependencies all met for dep_context=requeueable deps ti=<TaskInstance: our_first_dag_v1.second_task scheduled__2025-02-25T00:00:00+00:00 [queued]>
[2025-03-07T10:44:07.749+0000] {taskinstance.py:1361} INFO - Starting attempt 1 of 6
[2025-03-07T10:44:07.768+0000] {taskinstance.py:1382} INFO - Executing <Task(BashOperator): second_task> on 2025-02-25 00:00:00+00:00
[2025-03-07T10:44:07.777+0000] {standard_task_runner.py:57} INFO - Started process 336 to run task
[2025-03-07T10:44:07.780+0000] {standard_task_runner.py:84} INFO - Running: ['***', 'tasks', 'run', 'our_first_dag_v1', 'second_task', 'scheduled__2025-02-25T00:00:00+00:00', '--job-id', '15', '--raw', '--subdir', 'DAGS_FOLDER/first_dag.py', '--cfg-path', '/tmp/tmpr3mwngwx']
[2025-03-07T10:44:07.782+0000] {standard_task_runner.py:85} INFO - Job 15: Subtask second_task
[2025-03-07T10:44:07.830+0000] {task_command.py:416} INFO - Running <TaskInstance: our_first_dag_v1.second_task scheduled__2025-02-25T00:00:00+00:00 [running]> on host 93934f8e361f
[2025-03-07T10:44:07.905+0000] {taskinstance.py:1662} INFO - Exporting env vars: AIRFLOW_CTX_DAG_OWNER='***' AIRFLOW_CTX_DAG_ID='our_first_dag_v1' AIRFLOW_CTX_TASK_ID='second_task' AIRFLOW_CTX_EXECUTION_DATE='2025-02-25T00:00:00+00:00' AIRFLOW_CTX_TRY_NUMBER='1' AIRFLOW_CTX_DAG_RUN_ID='scheduled__2025-02-25T00:00:00+00:00'
[2025-03-07T10:44:07.906+0000] {subprocess.py:63} INFO - Tmp dir root location: /tmp
[2025-03-07T10:44:07.906+0000] {subprocess.py:75} INFO - Running command: ['/bin/bash', '-c', 'echo hey, I am task2 and will be running after task1!']
[2025-03-07T10:44:07.917+0000] {subprocess.py:86} INFO - Output:
[2025-03-07T10:44:07.919+0000] {subprocess.py:93} INFO - hey, I am task2 and will be running after task1!
[2025-03-07T10:44:07.920+0000] {subprocess.py:97} INFO - Command exited with return code 0
[2025-03-07T10:44:07.950+0000] {taskinstance.py:1400} INFO - Marking task as SUCCESS. dag_id=our_first_dag_v1, task_id=second_task, execution_date=20250225T000000, start_date=20250307T104407, end_date=20250307T104407
[2025-03-07T10:44:07.992+0000] {local_task_job_runner.py:228} INFO - Task exited with return code 0
[2025-03-07T10:44:08.117+0000] {taskinstance.py:2778} INFO - 0 downstream tasks scheduled from follow-on schedule check
