[2025-02-26T14:21:11.467+0000] {local_task_job_runner.py:123} INFO - ::group::Pre task execution logs
[2025-02-26T14:21:11.491+0000] {taskinstance.py:2614} INFO - Dependencies all met for dep_context=non-requeueable deps ti=<TaskInstance: our_first_dag.first_task scheduled__2021-12-12T00:00:00+00:00 [queued]>
[2025-02-26T14:21:11.503+0000] {taskinstance.py:2614} INFO - Dependencies all met for dep_context=requeueable deps ti=<TaskInstance: our_first_dag.first_task scheduled__2021-12-12T00:00:00+00:00 [queued]>
[2025-02-26T14:21:11.504+0000] {taskinstance.py:2867} INFO - Starting attempt 1 of 6
[2025-02-26T14:21:11.532+0000] {taskinstance.py:2890} INFO - Executing <Task(BashOperator): first_task> on 2021-12-12 00:00:00+00:00
[2025-02-26T14:21:11.549+0000] {logging_mixin.py:190} WARNING - /home/***/.local/lib/python3.12/site-packages/***/task/task_runner/standard_task_runner.py:70 DeprecationWarning: This process (pid=5542) is multi-threaded, use of fork() may lead to deadlocks in the child.
[2025-02-26T14:21:11.548+0000] {standard_task_runner.py:104} INFO - Running: ['***', 'tasks', 'run', 'our_first_dag', 'first_task', 'scheduled__2021-12-12T00:00:00+00:00', '--job-id', '413', '--raw', '--subdir', 'DAGS_FOLDER/first_dag.py', '--cfg-path', '/tmp/tmpuexa1cp1']
[2025-02-26T14:21:11.550+0000] {standard_task_runner.py:105} INFO - Job 413: Subtask first_task
[2025-02-26T14:21:11.550+0000] {standard_task_runner.py:72} INFO - Started process 5566 to run task
[2025-02-26T14:21:11.615+0000] {task_command.py:467} INFO - Running <TaskInstance: our_first_dag.first_task scheduled__2021-12-12T00:00:00+00:00 [running]> on host 25887b48f6fb
[2025-02-26T14:21:11.735+0000] {taskinstance.py:3134} INFO - Exporting env vars: AIRFLOW_CTX_DAG_OWNER='***' AIRFLOW_CTX_DAG_ID='our_first_dag' AIRFLOW_CTX_TASK_ID='first_task' AIRFLOW_CTX_EXECUTION_DATE='2021-12-12T00:00:00+00:00' AIRFLOW_CTX_TRY_NUMBER='1' AIRFLOW_CTX_DAG_RUN_ID='scheduled__2021-12-12T00:00:00+00:00'
[2025-02-26T14:21:11.736+0000] {logging_mixin.py:190} INFO - Task instance is in running state
[2025-02-26T14:21:11.737+0000] {logging_mixin.py:190} INFO -  Previous state of the Task instance: queued
[2025-02-26T14:21:11.737+0000] {logging_mixin.py:190} INFO - Current task name:first_task state:running start_date:2025-02-26 14:21:11.492360+00:00
[2025-02-26T14:21:11.737+0000] {logging_mixin.py:190} INFO - Dag name:our_first_dag and current dag run status:running
[2025-02-26T14:21:11.738+0000] {taskinstance.py:732} INFO - ::endgroup::
[2025-02-26T14:21:11.738+0000] {subprocess.py:78} INFO - Tmp dir root location: /tmp
[2025-02-26T14:21:11.739+0000] {subprocess.py:88} INFO - Running command: ['/usr/bin/bash', '-c', 'echo hello world, this is the first task!']
[2025-02-26T14:21:11.754+0000] {subprocess.py:99} INFO - Output:
[2025-02-26T14:21:11.756+0000] {subprocess.py:106} INFO - hello world, this is the first task!
[2025-02-26T14:21:11.757+0000] {subprocess.py:110} INFO - Command exited with return code 0
[2025-02-26T14:21:11.787+0000] {taskinstance.py:341} INFO - ::group::Post task execution logs
[2025-02-26T14:21:11.788+0000] {taskinstance.py:353} INFO - Marking task as SUCCESS. dag_id=our_first_dag, task_id=first_task, run_id=scheduled__2021-12-12T00:00:00+00:00, execution_date=20211212T000000, start_date=20250226T142111, end_date=20250226T142111
[2025-02-26T14:21:11.882+0000] {logging_mixin.py:190} INFO - Task instance in success state
[2025-02-26T14:21:11.882+0000] {logging_mixin.py:190} INFO -  Previous state of the Task instance: running
[2025-02-26T14:21:11.883+0000] {logging_mixin.py:190} INFO - Dag name:our_first_dag queued_at:2025-02-26 14:21:10.300119+00:00
[2025-02-26T14:21:11.883+0000] {logging_mixin.py:190} INFO - Task hostname:25887b48f6fb operator:BashOperator
[2025-02-26T14:21:11.927+0000] {local_task_job_runner.py:266} INFO - Task exited with return code 0
[2025-02-26T14:21:11.982+0000] {taskinstance.py:3901} INFO - 2 downstream tasks scheduled from follow-on schedule check
[2025-02-26T14:21:11.985+0000] {local_task_job_runner.py:245} INFO - ::endgroup::
