[2025-02-26T14:21:44.803+0000] {local_task_job_runner.py:123} INFO - ::group::Pre task execution logs
[2025-02-26T14:21:44.836+0000] {taskinstance.py:2614} INFO - Dependencies all met for dep_context=non-requeueable deps ti=<TaskInstance: our_first_dag.first_task scheduled__2022-02-05T00:00:00+00:00 [queued]>
[2025-02-26T14:21:44.858+0000] {taskinstance.py:2614} INFO - Dependencies all met for dep_context=requeueable deps ti=<TaskInstance: our_first_dag.first_task scheduled__2022-02-05T00:00:00+00:00 [queued]>
[2025-02-26T14:21:44.860+0000] {taskinstance.py:2867} INFO - Starting attempt 1 of 6
[2025-02-26T14:21:45.036+0000] {taskinstance.py:2890} INFO - Executing <Task(BashOperator): first_task> on 2022-02-05 00:00:00+00:00
[2025-02-26T14:21:45.061+0000] {logging_mixin.py:190} WARNING - /home/***/.local/lib/python3.12/site-packages/***/task/task_runner/standard_task_runner.py:70 DeprecationWarning: This process (pid=6435) is multi-threaded, use of fork() may lead to deadlocks in the child.
[2025-02-26T14:21:45.063+0000] {standard_task_runner.py:72} INFO - Started process 6569 to run task
[2025-02-26T14:21:45.066+0000] {standard_task_runner.py:104} INFO - Running: ['***', 'tasks', 'run', 'our_first_dag', 'first_task', 'scheduled__2022-02-05T00:00:00+00:00', '--job-id', '562', '--raw', '--subdir', 'DAGS_FOLDER/first_dag.py', '--cfg-path', '/tmp/tmpbbe72f6c']
[2025-02-26T14:21:45.068+0000] {standard_task_runner.py:105} INFO - Job 562: Subtask first_task
[2025-02-26T14:21:45.165+0000] {task_command.py:467} INFO - Running <TaskInstance: our_first_dag.first_task scheduled__2022-02-05T00:00:00+00:00 [running]> on host 25887b48f6fb
[2025-02-26T14:21:45.309+0000] {taskinstance.py:3134} INFO - Exporting env vars: AIRFLOW_CTX_DAG_OWNER='***' AIRFLOW_CTX_DAG_ID='our_first_dag' AIRFLOW_CTX_TASK_ID='first_task' AIRFLOW_CTX_EXECUTION_DATE='2022-02-05T00:00:00+00:00' AIRFLOW_CTX_TRY_NUMBER='1' AIRFLOW_CTX_DAG_RUN_ID='scheduled__2022-02-05T00:00:00+00:00'
[2025-02-26T14:21:45.311+0000] {logging_mixin.py:190} INFO - Task instance is in running state
[2025-02-26T14:21:45.312+0000] {logging_mixin.py:190} INFO -  Previous state of the Task instance: queued
[2025-02-26T14:21:45.313+0000] {logging_mixin.py:190} INFO - Current task name:first_task state:running start_date:2025-02-26 14:21:44.837490+00:00
[2025-02-26T14:21:45.313+0000] {logging_mixin.py:190} INFO - Dag name:our_first_dag and current dag run status:running
[2025-02-26T14:21:45.313+0000] {taskinstance.py:732} INFO - ::endgroup::
[2025-02-26T14:21:45.315+0000] {subprocess.py:78} INFO - Tmp dir root location: /tmp
[2025-02-26T14:21:45.316+0000] {subprocess.py:88} INFO - Running command: ['/usr/bin/bash', '-c', 'echo hello world, this is the first task!']
[2025-02-26T14:21:45.340+0000] {subprocess.py:99} INFO - Output:
[2025-02-26T14:21:45.343+0000] {subprocess.py:106} INFO - hello world, this is the first task!
[2025-02-26T14:21:45.343+0000] {subprocess.py:110} INFO - Command exited with return code 0
[2025-02-26T14:21:45.381+0000] {taskinstance.py:341} INFO - ::group::Post task execution logs
[2025-02-26T14:21:45.382+0000] {taskinstance.py:353} INFO - Marking task as SUCCESS. dag_id=our_first_dag, task_id=first_task, run_id=scheduled__2022-02-05T00:00:00+00:00, execution_date=20220205T000000, start_date=20250226T142144, end_date=20250226T142145
[2025-02-26T14:21:45.426+0000] {logging_mixin.py:190} INFO - Task instance in success state
[2025-02-26T14:21:45.426+0000] {logging_mixin.py:190} INFO -  Previous state of the Task instance: running
[2025-02-26T14:21:45.427+0000] {logging_mixin.py:190} INFO - Dag name:our_first_dag queued_at:2025-02-26 14:21:42.829645+00:00
[2025-02-26T14:21:45.427+0000] {logging_mixin.py:190} INFO - Task hostname:25887b48f6fb operator:BashOperator
[2025-02-26T14:21:45.442+0000] {local_task_job_runner.py:266} INFO - Task exited with return code 0
[2025-02-26T14:21:45.457+0000] {local_task_job_runner.py:245} INFO - ::endgroup::
