[2025-03-07T11:03:00.100+0000] {taskinstance.py:1159} INFO - Dependencies all met for dep_context=non-requeueable deps ti=<TaskInstance: dag_with_postgres_operator_v03.delete_data_from_table scheduled__2025-03-01T00:00:00+00:00 [queued]>
[2025-03-07T11:03:00.108+0000] {taskinstance.py:1159} INFO - Dependencies all met for dep_context=requeueable deps ti=<TaskInstance: dag_with_postgres_operator_v03.delete_data_from_table scheduled__2025-03-01T00:00:00+00:00 [queued]>
[2025-03-07T11:03:00.108+0000] {taskinstance.py:1361} INFO - Starting attempt 1 of 6
[2025-03-07T11:03:00.126+0000] {taskinstance.py:1382} INFO - Executing <Task(PostgresOperator): delete_data_from_table> on 2025-03-01 00:00:00+00:00
[2025-03-07T11:03:00.137+0000] {standard_task_runner.py:57} INFO - Started process 1038 to run task
[2025-03-07T11:03:00.141+0000] {standard_task_runner.py:84} INFO - Running: ['***', 'tasks', 'run', 'dag_with_postgres_operator_v03', 'delete_data_from_table', 'scheduled__2025-03-01T00:00:00+00:00', '--job-id', '36', '--raw', '--subdir', 'DAGS_FOLDER/postgres_operator.py', '--cfg-path', '/tmp/tmpjp3bepvf']
[2025-03-07T11:03:00.143+0000] {standard_task_runner.py:85} INFO - Job 36: Subtask delete_data_from_table
[2025-03-07T11:03:00.198+0000] {task_command.py:416} INFO - Running <TaskInstance: dag_with_postgres_operator_v03.delete_data_from_table scheduled__2025-03-01T00:00:00+00:00 [running]> on host 5588030d4cfa
[2025-03-07T11:03:00.286+0000] {taskinstance.py:1662} INFO - Exporting env vars: AIRFLOW_CTX_DAG_OWNER='***' AIRFLOW_CTX_DAG_ID='dag_with_postgres_operator_v03' AIRFLOW_CTX_TASK_ID='delete_data_from_table' AIRFLOW_CTX_EXECUTION_DATE='2025-03-01T00:00:00+00:00' AIRFLOW_CTX_TRY_NUMBER='1' AIRFLOW_CTX_DAG_RUN_ID='scheduled__2025-03-01T00:00:00+00:00'
[2025-03-07T11:03:00.287+0000] {sql.py:274} INFO - Executing: 
            delete from dag_runs where dt = '2025-03-01' and dag_id = 'dag_with_postgres_operator_v03';
        
[2025-03-07T11:03:00.293+0000] {base.py:73} INFO - Using connection ID 'postgres_localhost' for task execution.
[2025-03-07T11:03:00.302+0000] {base.py:73} INFO - Using connection ID 'postgres_localhost' for task execution.
[2025-03-07T11:03:00.306+0000] {sql.py:418} INFO - Running statement: 
            delete from dag_runs where dt = '2025-03-01' and dag_id = 'dag_with_postgres_operator_v03';
        , parameters: None
[2025-03-07T11:03:00.306+0000] {sql.py:427} INFO - Rows affected: 0
[2025-03-07T11:03:00.315+0000] {taskinstance.py:1400} INFO - Marking task as SUCCESS. dag_id=dag_with_postgres_operator_v03, task_id=delete_data_from_table, execution_date=20250301T000000, start_date=20250307T110300, end_date=20250307T110300
[2025-03-07T11:03:00.352+0000] {local_task_job_runner.py:228} INFO - Task exited with return code 0
[2025-03-07T11:03:00.374+0000] {taskinstance.py:2778} INFO - 1 downstream tasks scheduled from follow-on schedule check
[2025-03-07T11:32:46.535+0000] {taskinstance.py:1159} INFO - Dependencies all met for dep_context=non-requeueable deps ti=<TaskInstance: dag_with_postgres_operator_v03.delete_data_from_table scheduled__2025-03-01T00:00:00+00:00 [queued]>
[2025-03-07T11:32:46.543+0000] {taskinstance.py:1159} INFO - Dependencies all met for dep_context=requeueable deps ti=<TaskInstance: dag_with_postgres_operator_v03.delete_data_from_table scheduled__2025-03-01T00:00:00+00:00 [queued]>
[2025-03-07T11:32:46.544+0000] {taskinstance.py:1361} INFO - Starting attempt 1 of 6
[2025-03-07T11:32:46.558+0000] {taskinstance.py:1382} INFO - Executing <Task(PostgresOperator): delete_data_from_table> on 2025-03-01 00:00:00+00:00
[2025-03-07T11:32:46.567+0000] {standard_task_runner.py:57} INFO - Started process 863 to run task
[2025-03-07T11:32:46.570+0000] {standard_task_runner.py:84} INFO - Running: ['***', 'tasks', 'run', 'dag_with_postgres_operator_v03', 'delete_data_from_table', 'scheduled__2025-03-01T00:00:00+00:00', '--job-id', '20', '--raw', '--subdir', 'DAGS_FOLDER/postgres_operator.py', '--cfg-path', '/tmp/tmpuiuxzopn']
[2025-03-07T11:32:46.572+0000] {standard_task_runner.py:85} INFO - Job 20: Subtask delete_data_from_table
[2025-03-07T11:32:46.618+0000] {task_command.py:416} INFO - Running <TaskInstance: dag_with_postgres_operator_v03.delete_data_from_table scheduled__2025-03-01T00:00:00+00:00 [running]> on host 5837dac536a6
[2025-03-07T11:32:46.686+0000] {taskinstance.py:1662} INFO - Exporting env vars: AIRFLOW_CTX_DAG_OWNER='***' AIRFLOW_CTX_DAG_ID='dag_with_postgres_operator_v03' AIRFLOW_CTX_TASK_ID='delete_data_from_table' AIRFLOW_CTX_EXECUTION_DATE='2025-03-01T00:00:00+00:00' AIRFLOW_CTX_TRY_NUMBER='1' AIRFLOW_CTX_DAG_RUN_ID='scheduled__2025-03-01T00:00:00+00:00'
[2025-03-07T11:32:46.686+0000] {sql.py:274} INFO - Executing: 
            delete from dag_runs where dt = '2025-03-01' and dag_id = 'dag_with_postgres_operator_v03';
        
[2025-03-07T11:32:46.696+0000] {base.py:73} INFO - Using connection ID 'postgres_localhost' for task execution.
[2025-03-07T11:32:46.709+0000] {base.py:73} INFO - Using connection ID 'postgres_localhost' for task execution.
[2025-03-07T11:32:46.713+0000] {sql.py:418} INFO - Running statement: 
            delete from dag_runs where dt = '2025-03-01' and dag_id = 'dag_with_postgres_operator_v03';
        , parameters: None
[2025-03-07T11:32:46.714+0000] {sql.py:427} INFO - Rows affected: 0
[2025-03-07T11:32:46.722+0000] {taskinstance.py:1400} INFO - Marking task as SUCCESS. dag_id=dag_with_postgres_operator_v03, task_id=delete_data_from_table, execution_date=20250301T000000, start_date=20250307T113246, end_date=20250307T113246
[2025-03-07T11:32:46.741+0000] {local_task_job_runner.py:228} INFO - Task exited with return code 0
[2025-03-07T11:32:46.755+0000] {taskinstance.py:2778} INFO - 1 downstream tasks scheduled from follow-on schedule check
[2025-03-07T12:05:06.631+0000] {taskinstance.py:1159} INFO - Dependencies all met for dep_context=non-requeueable deps ti=<TaskInstance: dag_with_postgres_operator_v03.delete_data_from_table scheduled__2025-03-01T00:00:00+00:00 [queued]>
[2025-03-07T12:05:06.640+0000] {taskinstance.py:1159} INFO - Dependencies all met for dep_context=requeueable deps ti=<TaskInstance: dag_with_postgres_operator_v03.delete_data_from_table scheduled__2025-03-01T00:00:00+00:00 [queued]>
[2025-03-07T12:05:06.640+0000] {taskinstance.py:1361} INFO - Starting attempt 1 of 6
[2025-03-07T12:05:06.654+0000] {taskinstance.py:1382} INFO - Executing <Task(PostgresOperator): delete_data_from_table> on 2025-03-01 00:00:00+00:00
[2025-03-07T12:05:06.659+0000] {standard_task_runner.py:57} INFO - Started process 478 to run task
[2025-03-07T12:05:06.661+0000] {standard_task_runner.py:84} INFO - Running: ['***', 'tasks', 'run', 'dag_with_postgres_operator_v03', 'delete_data_from_table', 'scheduled__2025-03-01T00:00:00+00:00', '--job-id', '9', '--raw', '--subdir', 'DAGS_FOLDER/postgres_operator.py', '--cfg-path', '/tmp/tmpknd2nk10']
[2025-03-07T12:05:06.663+0000] {standard_task_runner.py:85} INFO - Job 9: Subtask delete_data_from_table
[2025-03-07T12:05:06.703+0000] {task_command.py:416} INFO - Running <TaskInstance: dag_with_postgres_operator_v03.delete_data_from_table scheduled__2025-03-01T00:00:00+00:00 [running]> on host afc6f8faa09c
[2025-03-07T12:05:06.767+0000] {taskinstance.py:1662} INFO - Exporting env vars: AIRFLOW_CTX_DAG_OWNER='***' AIRFLOW_CTX_DAG_ID='dag_with_postgres_operator_v03' AIRFLOW_CTX_TASK_ID='delete_data_from_table' AIRFLOW_CTX_EXECUTION_DATE='2025-03-01T00:00:00+00:00' AIRFLOW_CTX_TRY_NUMBER='1' AIRFLOW_CTX_DAG_RUN_ID='scheduled__2025-03-01T00:00:00+00:00'
[2025-03-07T12:05:06.768+0000] {sql.py:274} INFO - Executing: 
            delete from dag_runs where dt = '2025-03-01' and dag_id = 'dag_with_postgres_operator_v03';
        
[2025-03-07T12:05:06.774+0000] {base.py:73} INFO - Using connection ID 'postgres_localhost' for task execution.
[2025-03-07T12:05:06.780+0000] {base.py:73} INFO - Using connection ID 'postgres_localhost' for task execution.
[2025-03-07T12:05:06.783+0000] {sql.py:418} INFO - Running statement: 
            delete from dag_runs where dt = '2025-03-01' and dag_id = 'dag_with_postgres_operator_v03';
        , parameters: None
[2025-03-07T12:05:06.784+0000] {sql.py:427} INFO - Rows affected: 0
[2025-03-07T12:05:06.791+0000] {taskinstance.py:1400} INFO - Marking task as SUCCESS. dag_id=dag_with_postgres_operator_v03, task_id=delete_data_from_table, execution_date=20250301T000000, start_date=20250307T120506, end_date=20250307T120506
[2025-03-07T12:05:06.833+0000] {local_task_job_runner.py:228} INFO - Task exited with return code 0
[2025-03-07T12:05:06.849+0000] {taskinstance.py:2778} INFO - 1 downstream tasks scheduled from follow-on schedule check
