[2025-02-26T14:20:02.877+0000] {local_task_job_runner.py:123} INFO - ::group::Pre task execution logs
[2025-02-26T14:20:02.912+0000] {taskinstance.py:2614} INFO - Dependencies all met for dep_context=non-requeueable deps ti=<TaskInstance: our_first_dag.thrid_task scheduled__2021-09-14T00:00:00+00:00 [queued]>
[2025-02-26T14:20:02.934+0000] {taskinstance.py:2614} INFO - Dependencies all met for dep_context=requeueable deps ti=<TaskInstance: our_first_dag.thrid_task scheduled__2021-09-14T00:00:00+00:00 [queued]>
[2025-02-26T14:20:02.935+0000] {taskinstance.py:2867} INFO - Starting attempt 1 of 6
[2025-02-26T14:20:02.958+0000] {taskinstance.py:2890} INFO - Executing <Task(BashOperator): thrid_task> on 2021-09-14 00:00:00+00:00
[2025-02-26T14:20:02.971+0000] {logging_mixin.py:190} WARNING - /home/***/.local/lib/python3.12/site-packages/***/task/task_runner/standard_task_runner.py:70 DeprecationWarning: This process (pid=3807) is multi-threaded, use of fork() may lead to deadlocks in the child.
[2025-02-26T14:20:02.972+0000] {standard_task_runner.py:72} INFO - Started process 3859 to run task
[2025-02-26T14:20:02.972+0000] {standard_task_runner.py:104} INFO - Running: ['***', 'tasks', 'run', 'our_first_dag', 'thrid_task', 'scheduled__2021-09-14T00:00:00+00:00', '--job-id', '159', '--raw', '--subdir', 'DAGS_FOLDER/first_dag.py', '--cfg-path', '/tmp/tmp6fqx1vbr']
[2025-02-26T14:20:02.973+0000] {standard_task_runner.py:105} INFO - Job 159: Subtask thrid_task
[2025-02-26T14:20:03.040+0000] {task_command.py:467} INFO - Running <TaskInstance: our_first_dag.thrid_task scheduled__2021-09-14T00:00:00+00:00 [running]> on host 25887b48f6fb
[2025-02-26T14:20:03.188+0000] {taskinstance.py:3134} INFO - Exporting env vars: AIRFLOW_CTX_DAG_OWNER='***' AIRFLOW_CTX_DAG_ID='our_first_dag' AIRFLOW_CTX_TASK_ID='thrid_task' AIRFLOW_CTX_EXECUTION_DATE='2021-09-14T00:00:00+00:00' AIRFLOW_CTX_TRY_NUMBER='1' AIRFLOW_CTX_DAG_RUN_ID='scheduled__2021-09-14T00:00:00+00:00'
[2025-02-26T14:20:03.190+0000] {logging_mixin.py:190} INFO - Task instance is in running state
[2025-02-26T14:20:03.191+0000] {logging_mixin.py:190} INFO -  Previous state of the Task instance: queued
[2025-02-26T14:20:03.191+0000] {logging_mixin.py:190} INFO - Current task name:thrid_task state:running start_date:2025-02-26 14:20:02.912669+00:00
[2025-02-26T14:20:03.191+0000] {logging_mixin.py:190} INFO - Dag name:our_first_dag and current dag run status:running
[2025-02-26T14:20:03.191+0000] {taskinstance.py:732} INFO - ::endgroup::
[2025-02-26T14:20:03.192+0000] {subprocess.py:78} INFO - Tmp dir root location: /tmp
[2025-02-26T14:20:03.193+0000] {subprocess.py:88} INFO - Running command: ['/usr/bin/bash', '-c', 'echo hey, I am task3 and will be running after task1 at the same time as task2!']
[2025-02-26T14:20:03.213+0000] {subprocess.py:99} INFO - Output:
[2025-02-26T14:20:03.217+0000] {subprocess.py:106} INFO - hey, I am task3 and will be running after task1 at the same time as task2!
[2025-02-26T14:20:03.218+0000] {subprocess.py:110} INFO - Command exited with return code 0
[2025-02-26T14:20:03.258+0000] {taskinstance.py:341} INFO - ::group::Post task execution logs
[2025-02-26T14:20:03.259+0000] {taskinstance.py:353} INFO - Marking task as SUCCESS. dag_id=our_first_dag, task_id=thrid_task, run_id=scheduled__2021-09-14T00:00:00+00:00, execution_date=20210914T000000, start_date=20250226T142002, end_date=20250226T142003
[2025-02-26T14:20:03.295+0000] {logging_mixin.py:190} INFO - Task instance in success state
[2025-02-26T14:20:03.295+0000] {logging_mixin.py:190} INFO -  Previous state of the Task instance: running
[2025-02-26T14:20:03.296+0000] {logging_mixin.py:190} INFO - Dag name:our_first_dag queued_at:2025-02-26 14:19:59.040612+00:00
[2025-02-26T14:20:03.296+0000] {logging_mixin.py:190} INFO - Task hostname:25887b48f6fb operator:BashOperator
[2025-02-26T14:20:03.347+0000] {local_task_job_runner.py:266} INFO - Task exited with return code 0
[2025-02-26T14:20:03.367+0000] {taskinstance.py:3901} INFO - 0 downstream tasks scheduled from follow-on schedule check
[2025-02-26T14:20:03.369+0000] {local_task_job_runner.py:245} INFO - ::endgroup::
