[2025-02-26T14:20:58.934+0000] {local_task_job_runner.py:123} INFO - ::group::Pre task execution logs
[2025-02-26T14:20:58.959+0000] {taskinstance.py:2614} INFO - Dependencies all met for dep_context=non-requeueable deps ti=<TaskInstance: our_first_dag.first_task scheduled__2021-11-27T00:00:00+00:00 [queued]>
[2025-02-26T14:20:58.975+0000] {taskinstance.py:2614} INFO - Dependencies all met for dep_context=requeueable deps ti=<TaskInstance: our_first_dag.first_task scheduled__2021-11-27T00:00:00+00:00 [queued]>
[2025-02-26T14:20:58.975+0000] {taskinstance.py:2867} INFO - Starting attempt 1 of 6
[2025-02-26T14:20:59.120+0000] {taskinstance.py:2890} INFO - Executing <Task(BashOperator): first_task> on 2021-11-27 00:00:00+00:00
[2025-02-26T14:20:59.137+0000] {logging_mixin.py:190} WARNING - /home/***/.local/lib/python3.12/site-packages/***/task/task_runner/standard_task_runner.py:70 DeprecationWarning: This process (pid=5188) is multi-threaded, use of fork() may lead to deadlocks in the child.
[2025-02-26T14:20:59.136+0000] {standard_task_runner.py:104} INFO - Running: ['***', 'tasks', 'run', 'our_first_dag', 'first_task', 'scheduled__2021-11-27T00:00:00+00:00', '--job-id', '366', '--raw', '--subdir', 'DAGS_FOLDER/first_dag.py', '--cfg-path', '/tmp/tmpy5ie6abg']
[2025-02-26T14:20:59.138+0000] {standard_task_runner.py:72} INFO - Started process 5201 to run task
[2025-02-26T14:20:59.138+0000] {standard_task_runner.py:105} INFO - Job 366: Subtask first_task
[2025-02-26T14:20:59.209+0000] {task_command.py:467} INFO - Running <TaskInstance: our_first_dag.first_task scheduled__2021-11-27T00:00:00+00:00 [running]> on host 25887b48f6fb
[2025-02-26T14:20:59.321+0000] {taskinstance.py:3134} INFO - Exporting env vars: AIRFLOW_CTX_DAG_OWNER='***' AIRFLOW_CTX_DAG_ID='our_first_dag' AIRFLOW_CTX_TASK_ID='first_task' AIRFLOW_CTX_EXECUTION_DATE='2021-11-27T00:00:00+00:00' AIRFLOW_CTX_TRY_NUMBER='1' AIRFLOW_CTX_DAG_RUN_ID='scheduled__2021-11-27T00:00:00+00:00'
[2025-02-26T14:20:59.323+0000] {logging_mixin.py:190} INFO - Task instance is in running state
[2025-02-26T14:20:59.323+0000] {logging_mixin.py:190} INFO -  Previous state of the Task instance: queued
[2025-02-26T14:20:59.324+0000] {logging_mixin.py:190} INFO - Current task name:first_task state:running start_date:2025-02-26 14:20:58.960458+00:00
[2025-02-26T14:20:59.324+0000] {logging_mixin.py:190} INFO - Dag name:our_first_dag and current dag run status:running
[2025-02-26T14:20:59.324+0000] {taskinstance.py:732} INFO - ::endgroup::
[2025-02-26T14:20:59.325+0000] {subprocess.py:78} INFO - Tmp dir root location: /tmp
[2025-02-26T14:20:59.326+0000] {subprocess.py:88} INFO - Running command: ['/usr/bin/bash', '-c', 'echo hello world, this is the first task!']
[2025-02-26T14:20:59.347+0000] {subprocess.py:99} INFO - Output:
[2025-02-26T14:20:59.350+0000] {subprocess.py:106} INFO - hello world, this is the first task!
[2025-02-26T14:20:59.350+0000] {subprocess.py:110} INFO - Command exited with return code 0
[2025-02-26T14:20:59.384+0000] {taskinstance.py:341} INFO - ::group::Post task execution logs
[2025-02-26T14:20:59.385+0000] {taskinstance.py:353} INFO - Marking task as SUCCESS. dag_id=our_first_dag, task_id=first_task, run_id=scheduled__2021-11-27T00:00:00+00:00, execution_date=20211127T000000, start_date=20250226T142058, end_date=20250226T142059
[2025-02-26T14:20:59.544+0000] {logging_mixin.py:190} INFO - Task instance in success state
[2025-02-26T14:20:59.544+0000] {logging_mixin.py:190} INFO -  Previous state of the Task instance: running
[2025-02-26T14:20:59.544+0000] {logging_mixin.py:190} INFO - Dag name:our_first_dag queued_at:2025-02-26 14:20:57.816610+00:00
[2025-02-26T14:20:59.545+0000] {logging_mixin.py:190} INFO - Task hostname:25887b48f6fb operator:BashOperator
[2025-02-26T14:20:59.555+0000] {local_task_job_runner.py:266} INFO - Task exited with return code 0
[2025-02-26T14:20:59.602+0000] {taskinstance.py:3901} INFO - 2 downstream tasks scheduled from follow-on schedule check
[2025-02-26T14:20:59.605+0000] {local_task_job_runner.py:245} INFO - ::endgroup::
