[2025-03-06T04:50:03.697+0000] {local_task_job_runner.py:123} INFO - ::group::Pre task execution logs
[2025-03-06T04:50:03.724+0000] {taskinstance.py:2614} INFO - Dependencies all met for dep_context=non-requeueable deps ti=<TaskInstance: dag_with_catchup_backfill_v01.task1 scheduled__2025-03-05T00:00:00+00:00 [queued]>
[2025-03-06T04:50:03.729+0000] {taskinstance.py:2614} INFO - Dependencies all met for dep_context=requeueable deps ti=<TaskInstance: dag_with_catchup_backfill_v01.task1 scheduled__2025-03-05T00:00:00+00:00 [queued]>
[2025-03-06T04:50:03.730+0000] {taskinstance.py:2867} INFO - Starting attempt 1 of 6
[2025-03-06T04:50:03.739+0000] {taskinstance.py:2890} INFO - Executing <Task(BashOperator): task1> on 2025-03-05 00:00:00+00:00
[2025-03-06T04:50:03.760+0000] {standard_task_runner.py:104} INFO - Running: ['***', 'tasks', 'run', 'dag_with_catchup_backfill_v01', 'task1', 'scheduled__2025-03-05T00:00:00+00:00', '--job-id', '11', '--raw', '--subdir', 'DAGS_FOLDER/dag_with_catchup_backfill.py', '--cfg-path', '/tmp/tmpxgy3qrj3']
[2025-03-06T04:50:03.766+0000] {standard_task_runner.py:105} INFO - Job 11: Subtask task1
[2025-03-06T04:50:03.767+0000] {logging_mixin.py:190} WARNING - /home/***/.local/lib/python3.12/site-packages/***/task/task_runner/standard_task_runner.py:70 DeprecationWarning: This process (pid=8733) is multi-threaded, use of fork() may lead to deadlocks in the child.
[2025-03-06T04:50:03.767+0000] {standard_task_runner.py:72} INFO - Started process 8749 to run task
[2025-03-06T04:50:03.808+0000] {task_command.py:467} INFO - Running <TaskInstance: dag_with_catchup_backfill_v01.task1 scheduled__2025-03-05T00:00:00+00:00 [running]> on host 9f9d6a721d56
[2025-03-06T04:50:03.872+0000] {taskinstance.py:3134} INFO - Exporting env vars: AIRFLOW_CTX_DAG_OWNER='naveen' AIRFLOW_CTX_DAG_ID='dag_with_catchup_backfill_v01' AIRFLOW_CTX_TASK_ID='task1' AIRFLOW_CTX_EXECUTION_DATE='2025-03-05T00:00:00+00:00' AIRFLOW_CTX_TRY_NUMBER='1' AIRFLOW_CTX_DAG_RUN_ID='scheduled__2025-03-05T00:00:00+00:00'
[2025-03-06T04:50:03.872+0000] {taskinstance.py:732} INFO - ::endgroup::
[2025-03-06T04:50:03.903+0000] {subprocess.py:78} INFO - Tmp dir root location: /tmp
[2025-03-06T04:50:03.903+0000] {subprocess.py:88} INFO - Running command: ['/usr/bin/bash', '-c', 'echo This is a simple bash command!']
[2025-03-06T04:50:03.911+0000] {subprocess.py:99} INFO - Output:
[2025-03-06T04:50:03.912+0000] {subprocess.py:106} INFO - This is a simple bash command!
[2025-03-06T04:50:03.912+0000] {subprocess.py:110} INFO - Command exited with return code 0
[2025-03-06T04:50:03.934+0000] {taskinstance.py:341} INFO - ::group::Post task execution logs
[2025-03-06T04:50:03.934+0000] {taskinstance.py:353} INFO - Marking task as SUCCESS. dag_id=dag_with_catchup_backfill_v01, task_id=task1, run_id=scheduled__2025-03-05T00:00:00+00:00, execution_date=20250305T000000, start_date=20250306T045003, end_date=20250306T045003
[2025-03-06T04:50:03.981+0000] {local_task_job_runner.py:266} INFO - Task exited with return code 0
[2025-03-06T04:50:03.992+0000] {taskinstance.py:3901} INFO - 0 downstream tasks scheduled from follow-on schedule check
[2025-03-06T04:50:03.994+0000] {local_task_job_runner.py:245} INFO - ::endgroup::
