[2025-03-05T05:18:31.239+0000] {local_task_job_runner.py:123} INFO - ::group::Pre task execution logs
[2025-03-05T05:18:31.262+0000] {taskinstance.py:2614} INFO - Dependencies all met for dep_context=non-requeueable deps ti=<TaskInstance: our_first_dag_v1.second_task scheduled__2025-03-04T00:00:00+00:00 [queued]>
[2025-03-05T05:18:31.273+0000] {taskinstance.py:2614} INFO - Dependencies all met for dep_context=requeueable deps ti=<TaskInstance: our_first_dag_v1.second_task scheduled__2025-03-04T00:00:00+00:00 [queued]>
[2025-03-05T05:18:31.274+0000] {taskinstance.py:2867} INFO - Starting attempt 1 of 6
[2025-03-05T05:18:31.289+0000] {taskinstance.py:2890} INFO - Executing <Task(BashOperator): second_task> on 2025-03-04 00:00:00+00:00
[2025-03-05T05:18:31.305+0000] {standard_task_runner.py:104} INFO - Running: ['***', 'tasks', 'run', 'our_first_dag_v1', 'second_task', 'scheduled__2025-03-04T00:00:00+00:00', '--job-id', '262', '--raw', '--subdir', 'DAGS_FOLDER/first_dag.py', '--cfg-path', '/tmp/tmp71e3na73']
[2025-03-05T05:18:31.307+0000] {standard_task_runner.py:105} INFO - Job 262: Subtask second_task
[2025-03-05T05:18:31.309+0000] {logging_mixin.py:190} WARNING - /home/***/.local/lib/python3.12/site-packages/***/task/task_runner/standard_task_runner.py:70 DeprecationWarning: This process (pid=5059) is multi-threaded, use of fork() may lead to deadlocks in the child.
[2025-03-05T05:18:31.310+0000] {standard_task_runner.py:72} INFO - Started process 5067 to run task
[2025-03-05T05:18:31.349+0000] {task_command.py:467} INFO - Running <TaskInstance: our_first_dag_v1.second_task scheduled__2025-03-04T00:00:00+00:00 [running]> on host d33615cae033
[2025-03-05T05:18:31.425+0000] {taskinstance.py:3134} INFO - Exporting env vars: AIRFLOW_CTX_DAG_OWNER='***' AIRFLOW_CTX_DAG_ID='our_first_dag_v1' AIRFLOW_CTX_TASK_ID='second_task' AIRFLOW_CTX_EXECUTION_DATE='2025-03-04T00:00:00+00:00' AIRFLOW_CTX_TRY_NUMBER='1' AIRFLOW_CTX_DAG_RUN_ID='scheduled__2025-03-04T00:00:00+00:00'
[2025-03-05T05:18:31.426+0000] {taskinstance.py:732} INFO - ::endgroup::
[2025-03-05T05:18:31.442+0000] {subprocess.py:78} INFO - Tmp dir root location: /tmp
[2025-03-05T05:18:31.443+0000] {subprocess.py:88} INFO - Running command: ['/usr/bin/bash', '-c', 'echo hey, I am task2 and will be running after task1!']
[2025-03-05T05:18:31.452+0000] {subprocess.py:99} INFO - Output:
[2025-03-05T05:18:31.454+0000] {subprocess.py:106} INFO - hey, I am task2 and will be running after task1!
[2025-03-05T05:18:31.454+0000] {subprocess.py:110} INFO - Command exited with return code 0
[2025-03-05T05:18:31.475+0000] {taskinstance.py:341} INFO - ::group::Post task execution logs
[2025-03-05T05:18:31.476+0000] {taskinstance.py:353} INFO - Marking task as SUCCESS. dag_id=our_first_dag_v1, task_id=second_task, run_id=scheduled__2025-03-04T00:00:00+00:00, execution_date=20250304T000000, start_date=20250305T051831, end_date=20250305T051831
[2025-03-05T05:18:31.525+0000] {local_task_job_runner.py:266} INFO - Task exited with return code 0
[2025-03-05T05:18:31.539+0000] {taskinstance.py:3901} INFO - 0 downstream tasks scheduled from follow-on schedule check
[2025-03-05T05:18:31.543+0000] {local_task_job_runner.py:245} INFO - ::endgroup::
[2025-03-05T05:18:32.383+0000] {local_task_job_runner.py:123} INFO - ::group::Pre task execution logs
[2025-03-05T05:18:32.400+0000] {taskinstance.py:2614} INFO - Dependencies all met for dep_context=non-requeueable deps ti=<TaskInstance: our_first_dag_v1.second_task scheduled__2025-03-04T00:00:00+00:00 [queued]>
[2025-03-05T05:18:32.408+0000] {taskinstance.py:2614} INFO - Dependencies all met for dep_context=requeueable deps ti=<TaskInstance: our_first_dag_v1.second_task scheduled__2025-03-04T00:00:00+00:00 [queued]>
[2025-03-05T05:18:32.408+0000] {taskinstance.py:2867} INFO - Starting attempt 1 of 6
[2025-03-05T05:18:32.418+0000] {taskinstance.py:2890} INFO - Executing <Task(BashOperator): second_task> on 2025-03-04 00:00:00+00:00
[2025-03-05T05:18:32.426+0000] {standard_task_runner.py:104} INFO - Running: ['***', 'tasks', 'run', 'our_first_dag_v1', 'second_task', 'scheduled__2025-03-04T00:00:00+00:00', '--job-id', '608', '--raw', '--subdir', 'DAGS_FOLDER/first_dag.py', '--cfg-path', '/tmp/tmpd16y9k1c']
[2025-03-05T05:18:32.427+0000] {standard_task_runner.py:105} INFO - Job 608: Subtask second_task
[2025-03-05T05:18:32.428+0000] {logging_mixin.py:190} WARNING - /home/***/.local/lib/python3.12/site-packages/***/task/task_runner/standard_task_runner.py:70 DeprecationWarning: This process (pid=1099595) is multi-threaded, use of fork() may lead to deadlocks in the child.
[2025-03-05T05:18:32.429+0000] {standard_task_runner.py:72} INFO - Started process 1099622 to run task
[2025-03-05T05:18:32.466+0000] {task_command.py:467} INFO - Running <TaskInstance: our_first_dag_v1.second_task scheduled__2025-03-04T00:00:00+00:00 [running]> on host 25887b48f6fb
[2025-03-05T05:18:32.540+0000] {taskinstance.py:3134} INFO - Exporting env vars: AIRFLOW_CTX_DAG_OWNER='***' AIRFLOW_CTX_DAG_ID='our_first_dag_v1' AIRFLOW_CTX_TASK_ID='second_task' AIRFLOW_CTX_EXECUTION_DATE='2025-03-04T00:00:00+00:00' AIRFLOW_CTX_TRY_NUMBER='1' AIRFLOW_CTX_DAG_RUN_ID='scheduled__2025-03-04T00:00:00+00:00'
[2025-03-05T05:18:32.541+0000] {logging_mixin.py:190} INFO - Task instance is in running state
[2025-03-05T05:18:32.541+0000] {logging_mixin.py:190} INFO -  Previous state of the Task instance: queued
[2025-03-05T05:18:32.541+0000] {logging_mixin.py:190} INFO - Current task name:second_task state:running start_date:2025-03-05 05:18:32.401237+00:00
[2025-03-05T05:18:32.541+0000] {logging_mixin.py:190} INFO - Dag name:our_first_dag_v1 and current dag run status:running
[2025-03-05T05:18:32.541+0000] {taskinstance.py:732} INFO - ::endgroup::
[2025-03-05T05:18:32.542+0000] {subprocess.py:78} INFO - Tmp dir root location: /tmp
[2025-03-05T05:18:32.542+0000] {subprocess.py:88} INFO - Running command: ['/usr/bin/bash', '-c', 'echo hey, I am task2 and will be running after task1!']
[2025-03-05T05:18:32.555+0000] {subprocess.py:99} INFO - Output:
[2025-03-05T05:18:32.557+0000] {subprocess.py:106} INFO - hey, I am task2 and will be running after task1!
[2025-03-05T05:18:32.557+0000] {subprocess.py:110} INFO - Command exited with return code 0
[2025-03-05T05:18:32.583+0000] {taskinstance.py:341} INFO - ::group::Post task execution logs
[2025-03-05T05:18:32.583+0000] {taskinstance.py:353} INFO - Marking task as SUCCESS. dag_id=our_first_dag_v1, task_id=second_task, run_id=scheduled__2025-03-04T00:00:00+00:00, execution_date=20250304T000000, start_date=20250305T051832, end_date=20250305T051832
[2025-03-05T05:18:32.609+0000] {logging_mixin.py:190} INFO - Task instance in success state
[2025-03-05T05:18:32.610+0000] {logging_mixin.py:190} INFO -  Previous state of the Task instance: running
[2025-03-05T05:18:32.610+0000] {logging_mixin.py:190} INFO - Dag name:our_first_dag_v1 queued_at:2025-03-05 05:18:29.198499+00:00
[2025-03-05T05:18:32.610+0000] {logging_mixin.py:190} INFO - Task hostname:25887b48f6fb operator:BashOperator
[2025-03-05T05:18:32.643+0000] {local_task_job_runner.py:266} INFO - Task exited with return code 0
[2025-03-05T05:18:32.661+0000] {taskinstance.py:3901} INFO - 0 downstream tasks scheduled from follow-on schedule check
[2025-03-05T05:18:32.663+0000] {local_task_job_runner.py:245} INFO - ::endgroup::
[2025-03-07T10:44:08.825+0000] {taskinstance.py:1159} INFO - Dependencies all met for dep_context=non-requeueable deps ti=<TaskInstance: our_first_dag_v1.second_task scheduled__2025-03-04T00:00:00+00:00 [queued]>
[2025-03-07T10:44:08.835+0000] {taskinstance.py:1159} INFO - Dependencies all met for dep_context=requeueable deps ti=<TaskInstance: our_first_dag_v1.second_task scheduled__2025-03-04T00:00:00+00:00 [queued]>
[2025-03-07T10:44:08.835+0000] {taskinstance.py:1361} INFO - Starting attempt 1 of 6
[2025-03-07T10:44:08.847+0000] {taskinstance.py:1382} INFO - Executing <Task(BashOperator): second_task> on 2025-03-04 00:00:00+00:00
[2025-03-07T10:44:08.851+0000] {standard_task_runner.py:57} INFO - Started process 386 to run task
[2025-03-07T10:44:08.854+0000] {standard_task_runner.py:84} INFO - Running: ['***', 'tasks', 'run', 'our_first_dag_v1', 'second_task', 'scheduled__2025-03-04T00:00:00+00:00', '--job-id', '34', '--raw', '--subdir', 'DAGS_FOLDER/first_dag.py', '--cfg-path', '/tmp/tmpphsibwwv']
[2025-03-07T10:44:08.856+0000] {standard_task_runner.py:85} INFO - Job 34: Subtask second_task
[2025-03-07T10:44:08.896+0000] {task_command.py:416} INFO - Running <TaskInstance: our_first_dag_v1.second_task scheduled__2025-03-04T00:00:00+00:00 [running]> on host 93934f8e361f
[2025-03-07T10:44:08.965+0000] {taskinstance.py:1662} INFO - Exporting env vars: AIRFLOW_CTX_DAG_OWNER='***' AIRFLOW_CTX_DAG_ID='our_first_dag_v1' AIRFLOW_CTX_TASK_ID='second_task' AIRFLOW_CTX_EXECUTION_DATE='2025-03-04T00:00:00+00:00' AIRFLOW_CTX_TRY_NUMBER='1' AIRFLOW_CTX_DAG_RUN_ID='scheduled__2025-03-04T00:00:00+00:00'
[2025-03-07T10:44:08.966+0000] {subprocess.py:63} INFO - Tmp dir root location: /tmp
[2025-03-07T10:44:08.966+0000] {subprocess.py:75} INFO - Running command: ['/bin/bash', '-c', 'echo hey, I am task2 and will be running after task1!']
[2025-03-07T10:44:08.977+0000] {subprocess.py:86} INFO - Output:
[2025-03-07T10:44:08.979+0000] {subprocess.py:93} INFO - hey, I am task2 and will be running after task1!
[2025-03-07T10:44:08.980+0000] {subprocess.py:97} INFO - Command exited with return code 0
[2025-03-07T10:44:09.004+0000] {taskinstance.py:1400} INFO - Marking task as SUCCESS. dag_id=our_first_dag_v1, task_id=second_task, execution_date=20250304T000000, start_date=20250307T104408, end_date=20250307T104409
[2025-03-07T10:44:09.025+0000] {local_task_job_runner.py:228} INFO - Task exited with return code 0
[2025-03-07T10:44:09.040+0000] {taskinstance.py:2778} INFO - 0 downstream tasks scheduled from follow-on schedule check
