[2025-02-26T14:20:44.101+0000] {local_task_job_runner.py:123} INFO - ::group::Pre task execution logs
[2025-02-26T14:20:44.131+0000] {taskinstance.py:2614} INFO - Dependencies all met for dep_context=non-requeueable deps ti=<TaskInstance: our_first_dag.second_task scheduled__2021-11-10T00:00:00+00:00 [queued]>
[2025-02-26T14:20:44.151+0000] {taskinstance.py:2614} INFO - Dependencies all met for dep_context=requeueable deps ti=<TaskInstance: our_first_dag.second_task scheduled__2021-11-10T00:00:00+00:00 [queued]>
[2025-02-26T14:20:44.152+0000] {taskinstance.py:2867} INFO - Starting attempt 1 of 6
[2025-02-26T14:20:44.177+0000] {taskinstance.py:2890} INFO - Executing <Task(BashOperator): second_task> on 2021-11-10 00:00:00+00:00
[2025-02-26T14:20:44.194+0000] {logging_mixin.py:190} WARNING - /home/***/.local/lib/python3.12/site-packages/***/task/task_runner/standard_task_runner.py:70 DeprecationWarning: This process (pid=4944) is multi-threaded, use of fork() may lead to deadlocks in the child.
[2025-02-26T14:20:44.196+0000] {standard_task_runner.py:72} INFO - Started process 5020 to run task
[2025-02-26T14:20:44.195+0000] {standard_task_runner.py:104} INFO - Running: ['***', 'tasks', 'run', 'our_first_dag', 'second_task', 'scheduled__2021-11-10T00:00:00+00:00', '--job-id', '325', '--raw', '--subdir', 'DAGS_FOLDER/first_dag.py', '--cfg-path', '/tmp/tmpocg7iqcr']
[2025-02-26T14:20:44.197+0000] {standard_task_runner.py:105} INFO - Job 325: Subtask second_task
[2025-02-26T14:20:44.271+0000] {task_command.py:467} INFO - Running <TaskInstance: our_first_dag.second_task scheduled__2021-11-10T00:00:00+00:00 [running]> on host 25887b48f6fb
[2025-02-26T14:20:44.403+0000] {taskinstance.py:3134} INFO - Exporting env vars: AIRFLOW_CTX_DAG_OWNER='***' AIRFLOW_CTX_DAG_ID='our_first_dag' AIRFLOW_CTX_TASK_ID='second_task' AIRFLOW_CTX_EXECUTION_DATE='2021-11-10T00:00:00+00:00' AIRFLOW_CTX_TRY_NUMBER='1' AIRFLOW_CTX_DAG_RUN_ID='scheduled__2021-11-10T00:00:00+00:00'
[2025-02-26T14:20:44.405+0000] {logging_mixin.py:190} INFO - Task instance is in running state
[2025-02-26T14:20:44.405+0000] {logging_mixin.py:190} INFO -  Previous state of the Task instance: queued
[2025-02-26T14:20:44.406+0000] {logging_mixin.py:190} INFO - Current task name:second_task state:running start_date:2025-02-26 14:20:44.132428+00:00
[2025-02-26T14:20:44.406+0000] {logging_mixin.py:190} INFO - Dag name:our_first_dag and current dag run status:running
[2025-02-26T14:20:44.407+0000] {taskinstance.py:732} INFO - ::endgroup::
[2025-02-26T14:20:44.408+0000] {subprocess.py:78} INFO - Tmp dir root location: /tmp
[2025-02-26T14:20:44.409+0000] {subprocess.py:88} INFO - Running command: ['/usr/bin/bash', '-c', 'echo hey, I am task2 and will be running after task1!']
[2025-02-26T14:20:44.428+0000] {subprocess.py:99} INFO - Output:
[2025-02-26T14:20:44.430+0000] {subprocess.py:106} INFO - hey, I am task2 and will be running after task1!
[2025-02-26T14:20:44.430+0000] {subprocess.py:110} INFO - Command exited with return code 0
[2025-02-26T14:20:44.476+0000] {taskinstance.py:341} INFO - ::group::Post task execution logs
[2025-02-26T14:20:44.477+0000] {taskinstance.py:353} INFO - Marking task as SUCCESS. dag_id=our_first_dag, task_id=second_task, run_id=scheduled__2021-11-10T00:00:00+00:00, execution_date=20211110T000000, start_date=20250226T142044, end_date=20250226T142044
[2025-02-26T14:20:44.518+0000] {logging_mixin.py:190} INFO - Task instance in success state
[2025-02-26T14:20:44.519+0000] {logging_mixin.py:190} INFO -  Previous state of the Task instance: running
[2025-02-26T14:20:44.520+0000] {logging_mixin.py:190} INFO - Dag name:our_first_dag queued_at:2025-02-26 14:20:37.730746+00:00
[2025-02-26T14:20:44.520+0000] {logging_mixin.py:190} INFO - Task hostname:25887b48f6fb operator:BashOperator
[2025-02-26T14:20:44.573+0000] {local_task_job_runner.py:266} INFO - Task exited with return code 0
[2025-02-26T14:20:44.585+0000] {local_task_job_runner.py:245} INFO - ::endgroup::
