[2025-02-26T14:20:00.461+0000] {local_task_job_runner.py:123} INFO - ::group::Pre task execution logs
[2025-02-26T14:20:00.481+0000] {taskinstance.py:2614} INFO - Dependencies all met for dep_context=non-requeueable deps ti=<TaskInstance: our_first_dag.first_task scheduled__2021-09-14T00:00:00+00:00 [queued]>
[2025-02-26T14:20:00.492+0000] {taskinstance.py:2614} INFO - Dependencies all met for dep_context=requeueable deps ti=<TaskInstance: our_first_dag.first_task scheduled__2021-09-14T00:00:00+00:00 [queued]>
[2025-02-26T14:20:00.492+0000] {taskinstance.py:2867} INFO - Starting attempt 1 of 6
[2025-02-26T14:20:00.521+0000] {taskinstance.py:2890} INFO - Executing <Task(BashOperator): first_task> on 2021-09-14 00:00:00+00:00
[2025-02-26T14:20:00.542+0000] {logging_mixin.py:190} WARNING - /home/***/.local/lib/python3.12/site-packages/***/task/task_runner/standard_task_runner.py:70 DeprecationWarning: This process (pid=3719) is multi-threaded, use of fork() may lead to deadlocks in the child.
[2025-02-26T14:20:00.541+0000] {standard_task_runner.py:104} INFO - Running: ['***', 'tasks', 'run', 'our_first_dag', 'first_task', 'scheduled__2021-09-14T00:00:00+00:00', '--job-id', '146', '--raw', '--subdir', 'DAGS_FOLDER/first_dag.py', '--cfg-path', '/tmp/tmp5e0rw6n8']
[2025-02-26T14:20:00.543+0000] {standard_task_runner.py:105} INFO - Job 146: Subtask first_task
[2025-02-26T14:20:00.543+0000] {standard_task_runner.py:72} INFO - Started process 3787 to run task
[2025-02-26T14:20:00.606+0000] {task_command.py:467} INFO - Running <TaskInstance: our_first_dag.first_task scheduled__2021-09-14T00:00:00+00:00 [running]> on host 25887b48f6fb
[2025-02-26T14:20:00.736+0000] {taskinstance.py:3134} INFO - Exporting env vars: AIRFLOW_CTX_DAG_OWNER='***' AIRFLOW_CTX_DAG_ID='our_first_dag' AIRFLOW_CTX_TASK_ID='first_task' AIRFLOW_CTX_EXECUTION_DATE='2021-09-14T00:00:00+00:00' AIRFLOW_CTX_TRY_NUMBER='1' AIRFLOW_CTX_DAG_RUN_ID='scheduled__2021-09-14T00:00:00+00:00'
[2025-02-26T14:20:00.738+0000] {logging_mixin.py:190} INFO - Task instance is in running state
[2025-02-26T14:20:00.738+0000] {logging_mixin.py:190} INFO -  Previous state of the Task instance: queued
[2025-02-26T14:20:00.738+0000] {logging_mixin.py:190} INFO - Current task name:first_task state:running start_date:2025-02-26 14:20:00.482160+00:00
[2025-02-26T14:20:00.739+0000] {logging_mixin.py:190} INFO - Dag name:our_first_dag and current dag run status:running
[2025-02-26T14:20:00.739+0000] {taskinstance.py:732} INFO - ::endgroup::
[2025-02-26T14:20:00.741+0000] {subprocess.py:78} INFO - Tmp dir root location: /tmp
[2025-02-26T14:20:00.742+0000] {subprocess.py:88} INFO - Running command: ['/usr/bin/bash', '-c', 'echo hello world, this is the first task!']
[2025-02-26T14:20:00.765+0000] {subprocess.py:99} INFO - Output:
[2025-02-26T14:20:00.767+0000] {subprocess.py:106} INFO - hello world, this is the first task!
[2025-02-26T14:20:00.768+0000] {subprocess.py:110} INFO - Command exited with return code 0
[2025-02-26T14:20:00.804+0000] {taskinstance.py:341} INFO - ::group::Post task execution logs
[2025-02-26T14:20:00.804+0000] {taskinstance.py:353} INFO - Marking task as SUCCESS. dag_id=our_first_dag, task_id=first_task, run_id=scheduled__2021-09-14T00:00:00+00:00, execution_date=20210914T000000, start_date=20250226T142000, end_date=20250226T142000
[2025-02-26T14:20:00.937+0000] {logging_mixin.py:190} INFO - Task instance in success state
[2025-02-26T14:20:00.938+0000] {logging_mixin.py:190} INFO -  Previous state of the Task instance: running
[2025-02-26T14:20:00.939+0000] {logging_mixin.py:190} INFO - Dag name:our_first_dag queued_at:2025-02-26 14:19:59.040612+00:00
[2025-02-26T14:20:00.939+0000] {logging_mixin.py:190} INFO - Task hostname:25887b48f6fb operator:BashOperator
[2025-02-26T14:20:00.960+0000] {local_task_job_runner.py:266} INFO - Task exited with return code 0
[2025-02-26T14:20:01.014+0000] {taskinstance.py:3901} INFO - 2 downstream tasks scheduled from follow-on schedule check
[2025-02-26T14:20:01.017+0000] {local_task_job_runner.py:245} INFO - ::endgroup::
