[2025-02-26T14:20:02.462+0000] {local_task_job_runner.py:123} INFO - ::group::Pre task execution logs
[2025-02-26T14:20:02.494+0000] {taskinstance.py:2614} INFO - Dependencies all met for dep_context=non-requeueable deps ti=<TaskInstance: our_first_dag.first_task scheduled__2021-09-24T00:00:00+00:00 [queued]>
[2025-02-26T14:20:02.509+0000] {taskinstance.py:2614} INFO - Dependencies all met for dep_context=requeueable deps ti=<TaskInstance: our_first_dag.first_task scheduled__2021-09-24T00:00:00+00:00 [queued]>
[2025-02-26T14:20:02.510+0000] {taskinstance.py:2867} INFO - Starting attempt 1 of 6
[2025-02-26T14:20:02.541+0000] {taskinstance.py:2890} INFO - Executing <Task(BashOperator): first_task> on 2021-09-24 00:00:00+00:00
[2025-02-26T14:20:02.562+0000] {logging_mixin.py:190} WARNING - /home/***/.local/lib/python3.12/site-packages/***/task/task_runner/standard_task_runner.py:70 DeprecationWarning: This process (pid=3790) is multi-threaded, use of fork() may lead to deadlocks in the child.
[2025-02-26T14:20:02.561+0000] {standard_task_runner.py:104} INFO - Running: ['***', 'tasks', 'run', 'our_first_dag', 'first_task', 'scheduled__2021-09-24T00:00:00+00:00', '--job-id', '156', '--raw', '--subdir', 'DAGS_FOLDER/first_dag.py', '--cfg-path', '/tmp/tmpcp7z61g2']
[2025-02-26T14:20:02.563+0000] {standard_task_runner.py:105} INFO - Job 156: Subtask first_task
[2025-02-26T14:20:02.563+0000] {standard_task_runner.py:72} INFO - Started process 3840 to run task
[2025-02-26T14:20:02.663+0000] {task_command.py:467} INFO - Running <TaskInstance: our_first_dag.first_task scheduled__2021-09-24T00:00:00+00:00 [running]> on host 25887b48f6fb
[2025-02-26T14:20:02.851+0000] {taskinstance.py:3134} INFO - Exporting env vars: AIRFLOW_CTX_DAG_OWNER='***' AIRFLOW_CTX_DAG_ID='our_first_dag' AIRFLOW_CTX_TASK_ID='first_task' AIRFLOW_CTX_EXECUTION_DATE='2021-09-24T00:00:00+00:00' AIRFLOW_CTX_TRY_NUMBER='1' AIRFLOW_CTX_DAG_RUN_ID='scheduled__2021-09-24T00:00:00+00:00'
[2025-02-26T14:20:02.853+0000] {logging_mixin.py:190} INFO - Task instance is in running state
[2025-02-26T14:20:02.854+0000] {logging_mixin.py:190} INFO -  Previous state of the Task instance: queued
[2025-02-26T14:20:02.854+0000] {logging_mixin.py:190} INFO - Current task name:first_task state:running start_date:2025-02-26 14:20:02.495129+00:00
[2025-02-26T14:20:02.854+0000] {logging_mixin.py:190} INFO - Dag name:our_first_dag and current dag run status:running
[2025-02-26T14:20:02.855+0000] {taskinstance.py:732} INFO - ::endgroup::
[2025-02-26T14:20:02.856+0000] {subprocess.py:78} INFO - Tmp dir root location: /tmp
[2025-02-26T14:20:02.857+0000] {subprocess.py:88} INFO - Running command: ['/usr/bin/bash', '-c', 'echo hello world, this is the first task!']
[2025-02-26T14:20:02.885+0000] {subprocess.py:99} INFO - Output:
[2025-02-26T14:20:02.889+0000] {subprocess.py:106} INFO - hello world, this is the first task!
[2025-02-26T14:20:02.890+0000] {subprocess.py:110} INFO - Command exited with return code 0
[2025-02-26T14:20:02.932+0000] {taskinstance.py:341} INFO - ::group::Post task execution logs
[2025-02-26T14:20:02.933+0000] {taskinstance.py:353} INFO - Marking task as SUCCESS. dag_id=our_first_dag, task_id=first_task, run_id=scheduled__2021-09-24T00:00:00+00:00, execution_date=20210924T000000, start_date=20250226T142002, end_date=20250226T142002
[2025-02-26T14:20:02.973+0000] {logging_mixin.py:190} INFO - Task instance in success state
[2025-02-26T14:20:02.974+0000] {logging_mixin.py:190} INFO -  Previous state of the Task instance: running
[2025-02-26T14:20:02.974+0000] {logging_mixin.py:190} INFO - Dag name:our_first_dag queued_at:2025-02-26 14:20:00.521549+00:00
[2025-02-26T14:20:02.974+0000] {logging_mixin.py:190} INFO - Task hostname:25887b48f6fb operator:BashOperator
[2025-02-26T14:20:03.020+0000] {local_task_job_runner.py:266} INFO - Task exited with return code 0
[2025-02-26T14:20:03.066+0000] {taskinstance.py:3901} INFO - 2 downstream tasks scheduled from follow-on schedule check
[2025-02-26T14:20:03.068+0000] {local_task_job_runner.py:245} INFO - ::endgroup::
