[2025-02-26T14:20:06.022+0000] {local_task_job_runner.py:123} INFO - ::group::Pre task execution logs
[2025-02-26T14:20:06.057+0000] {taskinstance.py:2614} INFO - Dependencies all met for dep_context=non-requeueable deps ti=<TaskInstance: our_first_dag.thrid_task scheduled__2021-09-22T00:00:00+00:00 [queued]>
[2025-02-26T14:20:06.079+0000] {taskinstance.py:2614} INFO - Dependencies all met for dep_context=requeueable deps ti=<TaskInstance: our_first_dag.thrid_task scheduled__2021-09-22T00:00:00+00:00 [queued]>
[2025-02-26T14:20:06.080+0000] {taskinstance.py:2867} INFO - Starting attempt 1 of 6
[2025-02-26T14:20:06.106+0000] {taskinstance.py:2890} INFO - Executing <Task(BashOperator): thrid_task> on 2021-09-22 00:00:00+00:00
[2025-02-26T14:20:06.124+0000] {logging_mixin.py:190} WARNING - /home/***/.local/lib/python3.12/site-packages/***/task/task_runner/standard_task_runner.py:70 DeprecationWarning: This process (pid=3919) is multi-threaded, use of fork() may lead to deadlocks in the child.
[2025-02-26T14:20:06.124+0000] {standard_task_runner.py:104} INFO - Running: ['***', 'tasks', 'run', 'our_first_dag', 'thrid_task', 'scheduled__2021-09-22T00:00:00+00:00', '--job-id', '181', '--raw', '--subdir', 'DAGS_FOLDER/first_dag.py', '--cfg-path', '/tmp/tmpvnv9te2w']
[2025-02-26T14:20:06.126+0000] {standard_task_runner.py:105} INFO - Job 181: Subtask thrid_task
[2025-02-26T14:20:06.126+0000] {standard_task_runner.py:72} INFO - Started process 3969 to run task
[2025-02-26T14:20:06.199+0000] {task_command.py:467} INFO - Running <TaskInstance: our_first_dag.thrid_task scheduled__2021-09-22T00:00:00+00:00 [running]> on host 25887b48f6fb
[2025-02-26T14:20:06.349+0000] {taskinstance.py:3134} INFO - Exporting env vars: AIRFLOW_CTX_DAG_OWNER='***' AIRFLOW_CTX_DAG_ID='our_first_dag' AIRFLOW_CTX_TASK_ID='thrid_task' AIRFLOW_CTX_EXECUTION_DATE='2021-09-22T00:00:00+00:00' AIRFLOW_CTX_TRY_NUMBER='1' AIRFLOW_CTX_DAG_RUN_ID='scheduled__2021-09-22T00:00:00+00:00'
[2025-02-26T14:20:06.352+0000] {logging_mixin.py:190} INFO - Task instance is in running state
[2025-02-26T14:20:06.352+0000] {logging_mixin.py:190} INFO -  Previous state of the Task instance: queued
[2025-02-26T14:20:06.353+0000] {logging_mixin.py:190} INFO - Current task name:thrid_task state:running start_date:2025-02-26 14:20:06.058474+00:00
[2025-02-26T14:20:06.353+0000] {logging_mixin.py:190} INFO - Dag name:our_first_dag and current dag run status:running
[2025-02-26T14:20:06.354+0000] {taskinstance.py:732} INFO - ::endgroup::
[2025-02-26T14:20:06.355+0000] {subprocess.py:78} INFO - Tmp dir root location: /tmp
[2025-02-26T14:20:06.356+0000] {subprocess.py:88} INFO - Running command: ['/usr/bin/bash', '-c', 'echo hey, I am task3 and will be running after task1 at the same time as task2!']
[2025-02-26T14:20:06.382+0000] {subprocess.py:99} INFO - Output:
[2025-02-26T14:20:06.385+0000] {subprocess.py:106} INFO - hey, I am task3 and will be running after task1 at the same time as task2!
[2025-02-26T14:20:06.386+0000] {subprocess.py:110} INFO - Command exited with return code 0
[2025-02-26T14:20:06.431+0000] {taskinstance.py:341} INFO - ::group::Post task execution logs
[2025-02-26T14:20:06.432+0000] {taskinstance.py:353} INFO - Marking task as SUCCESS. dag_id=our_first_dag, task_id=thrid_task, run_id=scheduled__2021-09-22T00:00:00+00:00, execution_date=20210922T000000, start_date=20250226T142006, end_date=20250226T142006
[2025-02-26T14:20:06.461+0000] {logging_mixin.py:190} INFO - Task instance in success state
[2025-02-26T14:20:06.462+0000] {logging_mixin.py:190} INFO -  Previous state of the Task instance: running
[2025-02-26T14:20:06.462+0000] {logging_mixin.py:190} INFO - Dag name:our_first_dag queued_at:2025-02-26 14:20:00.098803+00:00
[2025-02-26T14:20:06.462+0000] {logging_mixin.py:190} INFO - Task hostname:25887b48f6fb operator:BashOperator
[2025-02-26T14:20:06.503+0000] {local_task_job_runner.py:266} INFO - Task exited with return code 0
[2025-02-26T14:20:06.520+0000] {taskinstance.py:3901} INFO - 0 downstream tasks scheduled from follow-on schedule check
[2025-02-26T14:20:06.523+0000] {local_task_job_runner.py:245} INFO - ::endgroup::
