[2025-02-26T14:21:11.741+0000] {local_task_job_runner.py:123} INFO - ::group::Pre task execution logs
[2025-02-26T14:21:11.760+0000] {taskinstance.py:2614} INFO - Dependencies all met for dep_context=non-requeueable deps ti=<TaskInstance: our_first_dag.first_task scheduled__2021-12-13T00:00:00+00:00 [queued]>
[2025-02-26T14:21:11.773+0000] {taskinstance.py:2614} INFO - Dependencies all met for dep_context=requeueable deps ti=<TaskInstance: our_first_dag.first_task scheduled__2021-12-13T00:00:00+00:00 [queued]>
[2025-02-26T14:21:11.773+0000] {taskinstance.py:2867} INFO - Starting attempt 1 of 6
[2025-02-26T14:21:11.885+0000] {taskinstance.py:2890} INFO - Executing <Task(BashOperator): first_task> on 2021-12-13 00:00:00+00:00
[2025-02-26T14:21:11.901+0000] {standard_task_runner.py:104} INFO - Running: ['***', 'tasks', 'run', 'our_first_dag', 'first_task', 'scheduled__2021-12-13T00:00:00+00:00', '--job-id', '414', '--raw', '--subdir', 'DAGS_FOLDER/first_dag.py', '--cfg-path', '/tmp/tmp3cbzl5ko']
[2025-02-26T14:21:11.902+0000] {logging_mixin.py:190} WARNING - /home/***/.local/lib/python3.12/site-packages/***/task/task_runner/standard_task_runner.py:70 DeprecationWarning: This process (pid=5545) is multi-threaded, use of fork() may lead to deadlocks in the child.
[2025-02-26T14:21:11.904+0000] {standard_task_runner.py:105} INFO - Job 414: Subtask first_task
[2025-02-26T14:21:11.904+0000] {standard_task_runner.py:72} INFO - Started process 5581 to run task
[2025-02-26T14:21:11.989+0000] {task_command.py:467} INFO - Running <TaskInstance: our_first_dag.first_task scheduled__2021-12-13T00:00:00+00:00 [running]> on host 25887b48f6fb
[2025-02-26T14:21:12.104+0000] {taskinstance.py:3134} INFO - Exporting env vars: AIRFLOW_CTX_DAG_OWNER='***' AIRFLOW_CTX_DAG_ID='our_first_dag' AIRFLOW_CTX_TASK_ID='first_task' AIRFLOW_CTX_EXECUTION_DATE='2021-12-13T00:00:00+00:00' AIRFLOW_CTX_TRY_NUMBER='1' AIRFLOW_CTX_DAG_RUN_ID='scheduled__2021-12-13T00:00:00+00:00'
[2025-02-26T14:21:12.106+0000] {logging_mixin.py:190} INFO - Task instance is in running state
[2025-02-26T14:21:12.106+0000] {logging_mixin.py:190} INFO -  Previous state of the Task instance: queued
[2025-02-26T14:21:12.107+0000] {logging_mixin.py:190} INFO - Current task name:first_task state:running start_date:2025-02-26 14:21:11.761509+00:00
[2025-02-26T14:21:12.107+0000] {logging_mixin.py:190} INFO - Dag name:our_first_dag and current dag run status:running
[2025-02-26T14:21:12.107+0000] {taskinstance.py:732} INFO - ::endgroup::
[2025-02-26T14:21:12.108+0000] {subprocess.py:78} INFO - Tmp dir root location: /tmp
[2025-02-26T14:21:12.109+0000] {subprocess.py:88} INFO - Running command: ['/usr/bin/bash', '-c', 'echo hello world, this is the first task!']
[2025-02-26T14:21:12.131+0000] {subprocess.py:99} INFO - Output:
[2025-02-26T14:21:12.135+0000] {subprocess.py:106} INFO - hello world, this is the first task!
[2025-02-26T14:21:12.136+0000] {subprocess.py:110} INFO - Command exited with return code 0
[2025-02-26T14:21:12.206+0000] {taskinstance.py:341} INFO - ::group::Post task execution logs
[2025-02-26T14:21:12.206+0000] {taskinstance.py:353} INFO - Marking task as SUCCESS. dag_id=our_first_dag, task_id=first_task, run_id=scheduled__2021-12-13T00:00:00+00:00, execution_date=20211213T000000, start_date=20250226T142111, end_date=20250226T142112
[2025-02-26T14:21:12.424+0000] {logging_mixin.py:190} INFO - Task instance in success state
[2025-02-26T14:21:12.424+0000] {logging_mixin.py:190} INFO -  Previous state of the Task instance: running
[2025-02-26T14:21:12.425+0000] {logging_mixin.py:190} INFO - Dag name:our_first_dag queued_at:2025-02-26 14:21:10.381608+00:00
[2025-02-26T14:21:12.425+0000] {logging_mixin.py:190} INFO - Task hostname:25887b48f6fb operator:BashOperator
[2025-02-26T14:21:12.445+0000] {local_task_job_runner.py:266} INFO - Task exited with return code 0
[2025-02-26T14:21:12.492+0000] {taskinstance.py:3901} INFO - 2 downstream tasks scheduled from follow-on schedule check
[2025-02-26T14:21:12.495+0000] {local_task_job_runner.py:245} INFO - ::endgroup::
