[2025-03-07T11:03:00.725+0000] {taskinstance.py:1159} INFO - Dependencies all met for dep_context=non-requeueable deps ti=<TaskInstance: dag_with_postgres_operator_v03.insert_into_table scheduled__2025-03-05T00:00:00+00:00 [queued]>
[2025-03-07T11:03:00.734+0000] {taskinstance.py:1159} INFO - Dependencies all met for dep_context=requeueable deps ti=<TaskInstance: dag_with_postgres_operator_v03.insert_into_table scheduled__2025-03-05T00:00:00+00:00 [queued]>
[2025-03-07T11:03:00.734+0000] {taskinstance.py:1361} INFO - Starting attempt 1 of 6
[2025-03-07T11:03:00.753+0000] {taskinstance.py:1382} INFO - Executing <Task(PostgresOperator): insert_into_table> on 2025-03-05 00:00:00+00:00
[2025-03-07T11:03:00.759+0000] {standard_task_runner.py:57} INFO - Started process 1048 to run task
[2025-03-07T11:03:00.763+0000] {standard_task_runner.py:84} INFO - Running: ['***', 'tasks', 'run', 'dag_with_postgres_operator_v03', 'insert_into_table', 'scheduled__2025-03-05T00:00:00+00:00', '--job-id', '39', '--raw', '--subdir', 'DAGS_FOLDER/postgres_operator.py', '--cfg-path', '/tmp/tmp18xoi6gj']
[2025-03-07T11:03:00.766+0000] {standard_task_runner.py:85} INFO - Job 39: Subtask insert_into_table
[2025-03-07T11:03:00.819+0000] {task_command.py:416} INFO - Running <TaskInstance: dag_with_postgres_operator_v03.insert_into_table scheduled__2025-03-05T00:00:00+00:00 [running]> on host 5588030d4cfa
[2025-03-07T11:03:00.898+0000] {taskinstance.py:1662} INFO - Exporting env vars: AIRFLOW_CTX_DAG_OWNER='***' AIRFLOW_CTX_DAG_ID='dag_with_postgres_operator_v03' AIRFLOW_CTX_TASK_ID='insert_into_table' AIRFLOW_CTX_EXECUTION_DATE='2025-03-05T00:00:00+00:00' AIRFLOW_CTX_TRY_NUMBER='1' AIRFLOW_CTX_DAG_RUN_ID='scheduled__2025-03-05T00:00:00+00:00'
[2025-03-07T11:03:00.899+0000] {sql.py:274} INFO - Executing: 
            insert into dag_runs (dt, dag_id) values ('2025-03-05', 'dag_with_postgres_operator_v03')
        
[2025-03-07T11:03:00.906+0000] {base.py:73} INFO - Using connection ID 'postgres_localhost' for task execution.
[2025-03-07T11:03:00.917+0000] {base.py:73} INFO - Using connection ID 'postgres_localhost' for task execution.
[2025-03-07T11:03:00.920+0000] {sql.py:418} INFO - Running statement: 
            insert into dag_runs (dt, dag_id) values ('2025-03-05', 'dag_with_postgres_operator_v03')
        , parameters: None
[2025-03-07T11:03:00.921+0000] {sql.py:427} INFO - Rows affected: 1
[2025-03-07T11:03:00.935+0000] {taskinstance.py:1400} INFO - Marking task as SUCCESS. dag_id=dag_with_postgres_operator_v03, task_id=insert_into_table, execution_date=20250305T000000, start_date=20250307T110300, end_date=20250307T110300
[2025-03-07T11:03:00.975+0000] {local_task_job_runner.py:228} INFO - Task exited with return code 0
[2025-03-07T11:03:00.995+0000] {taskinstance.py:2778} INFO - 0 downstream tasks scheduled from follow-on schedule check
[2025-03-07T11:32:47.201+0000] {taskinstance.py:1159} INFO - Dependencies all met for dep_context=non-requeueable deps ti=<TaskInstance: dag_with_postgres_operator_v03.insert_into_table scheduled__2025-03-05T00:00:00+00:00 [queued]>
[2025-03-07T11:32:47.210+0000] {taskinstance.py:1159} INFO - Dependencies all met for dep_context=requeueable deps ti=<TaskInstance: dag_with_postgres_operator_v03.insert_into_table scheduled__2025-03-05T00:00:00+00:00 [queued]>
[2025-03-07T11:32:47.210+0000] {taskinstance.py:1361} INFO - Starting attempt 1 of 6
[2025-03-07T11:32:47.223+0000] {taskinstance.py:1382} INFO - Executing <Task(PostgresOperator): insert_into_table> on 2025-03-05 00:00:00+00:00
[2025-03-07T11:32:47.227+0000] {standard_task_runner.py:57} INFO - Started process 873 to run task
[2025-03-07T11:32:47.230+0000] {standard_task_runner.py:84} INFO - Running: ['***', 'tasks', 'run', 'dag_with_postgres_operator_v03', 'insert_into_table', 'scheduled__2025-03-05T00:00:00+00:00', '--job-id', '25', '--raw', '--subdir', 'DAGS_FOLDER/postgres_operator.py', '--cfg-path', '/tmp/tmp65gt88eo']
[2025-03-07T11:32:47.232+0000] {standard_task_runner.py:85} INFO - Job 25: Subtask insert_into_table
[2025-03-07T11:32:47.288+0000] {task_command.py:416} INFO - Running <TaskInstance: dag_with_postgres_operator_v03.insert_into_table scheduled__2025-03-05T00:00:00+00:00 [running]> on host 5837dac536a6
[2025-03-07T11:32:47.375+0000] {taskinstance.py:1662} INFO - Exporting env vars: AIRFLOW_CTX_DAG_OWNER='***' AIRFLOW_CTX_DAG_ID='dag_with_postgres_operator_v03' AIRFLOW_CTX_TASK_ID='insert_into_table' AIRFLOW_CTX_EXECUTION_DATE='2025-03-05T00:00:00+00:00' AIRFLOW_CTX_TRY_NUMBER='1' AIRFLOW_CTX_DAG_RUN_ID='scheduled__2025-03-05T00:00:00+00:00'
[2025-03-07T11:32:47.376+0000] {sql.py:274} INFO - Executing: 
            insert into dag_runs (dt, dag_id) values ('2025-03-05', 'dag_with_postgres_operator_v03')
        
[2025-03-07T11:32:47.387+0000] {base.py:73} INFO - Using connection ID 'postgres_localhost' for task execution.
[2025-03-07T11:32:47.396+0000] {base.py:73} INFO - Using connection ID 'postgres_localhost' for task execution.
[2025-03-07T11:32:47.399+0000] {sql.py:418} INFO - Running statement: 
            insert into dag_runs (dt, dag_id) values ('2025-03-05', 'dag_with_postgres_operator_v03')
        , parameters: None
[2025-03-07T11:32:47.402+0000] {sql.py:427} INFO - Rows affected: 1
[2025-03-07T11:32:47.410+0000] {taskinstance.py:1400} INFO - Marking task as SUCCESS. dag_id=dag_with_postgres_operator_v03, task_id=insert_into_table, execution_date=20250305T000000, start_date=20250307T113247, end_date=20250307T113247
[2025-03-07T11:32:47.441+0000] {local_task_job_runner.py:228} INFO - Task exited with return code 0
[2025-03-07T11:32:47.463+0000] {taskinstance.py:2778} INFO - 0 downstream tasks scheduled from follow-on schedule check
[2025-03-07T12:05:09.075+0000] {taskinstance.py:1159} INFO - Dependencies all met for dep_context=non-requeueable deps ti=<TaskInstance: dag_with_postgres_operator_v03.insert_into_table scheduled__2025-03-05T00:00:00+00:00 [queued]>
[2025-03-07T12:05:09.080+0000] {taskinstance.py:1159} INFO - Dependencies all met for dep_context=requeueable deps ti=<TaskInstance: dag_with_postgres_operator_v03.insert_into_table scheduled__2025-03-05T00:00:00+00:00 [queued]>
[2025-03-07T12:05:09.080+0000] {taskinstance.py:1361} INFO - Starting attempt 1 of 6
[2025-03-07T12:05:09.089+0000] {taskinstance.py:1382} INFO - Executing <Task(PostgresOperator): insert_into_table> on 2025-03-05 00:00:00+00:00
[2025-03-07T12:05:09.092+0000] {standard_task_runner.py:57} INFO - Started process 496 to run task
[2025-03-07T12:05:09.095+0000] {standard_task_runner.py:84} INFO - Running: ['***', 'tasks', 'run', 'dag_with_postgres_operator_v03', 'insert_into_table', 'scheduled__2025-03-05T00:00:00+00:00', '--job-id', '20', '--raw', '--subdir', 'DAGS_FOLDER/postgres_operator.py', '--cfg-path', '/tmp/tmp9ofacgqp']
[2025-03-07T12:05:09.096+0000] {standard_task_runner.py:85} INFO - Job 20: Subtask insert_into_table
[2025-03-07T12:05:09.130+0000] {task_command.py:416} INFO - Running <TaskInstance: dag_with_postgres_operator_v03.insert_into_table scheduled__2025-03-05T00:00:00+00:00 [running]> on host afc6f8faa09c
[2025-03-07T12:05:09.203+0000] {taskinstance.py:1662} INFO - Exporting env vars: AIRFLOW_CTX_DAG_OWNER='***' AIRFLOW_CTX_DAG_ID='dag_with_postgres_operator_v03' AIRFLOW_CTX_TASK_ID='insert_into_table' AIRFLOW_CTX_EXECUTION_DATE='2025-03-05T00:00:00+00:00' AIRFLOW_CTX_TRY_NUMBER='1' AIRFLOW_CTX_DAG_RUN_ID='scheduled__2025-03-05T00:00:00+00:00'
[2025-03-07T12:05:09.203+0000] {sql.py:274} INFO - Executing: 
            insert into dag_runs (dt, dag_id) values ('2025-03-05', 'dag_with_postgres_operator_v03')
        
[2025-03-07T12:05:09.211+0000] {base.py:73} INFO - Using connection ID 'postgres_localhost' for task execution.
[2025-03-07T12:05:09.221+0000] {base.py:73} INFO - Using connection ID 'postgres_localhost' for task execution.
[2025-03-07T12:05:09.225+0000] {sql.py:418} INFO - Running statement: 
            insert into dag_runs (dt, dag_id) values ('2025-03-05', 'dag_with_postgres_operator_v03')
        , parameters: None
[2025-03-07T12:05:09.228+0000] {sql.py:427} INFO - Rows affected: 1
[2025-03-07T12:05:09.237+0000] {taskinstance.py:1400} INFO - Marking task as SUCCESS. dag_id=dag_with_postgres_operator_v03, task_id=insert_into_table, execution_date=20250305T000000, start_date=20250307T120509, end_date=20250307T120509
[2025-03-07T12:05:09.266+0000] {local_task_job_runner.py:228} INFO - Task exited with return code 0
[2025-03-07T12:05:09.277+0000] {taskinstance.py:2778} INFO - 0 downstream tasks scheduled from follow-on schedule check
