[2025-03-07T05:00:10.798+0000] {local_task_job_runner.py:123} INFO - ::group::Pre task execution logs
[2025-03-07T05:00:10.819+0000] {taskinstance.py:2614} INFO - Dependencies all met for dep_context=non-requeueable deps ti=<TaskInstance: our_first_dag_v1.thrid_task scheduled__2025-03-06T00:00:00+00:00 [queued]>
[2025-03-07T05:00:10.828+0000] {taskinstance.py:2614} INFO - Dependencies all met for dep_context=requeueable deps ti=<TaskInstance: our_first_dag_v1.thrid_task scheduled__2025-03-06T00:00:00+00:00 [queued]>
[2025-03-07T05:00:10.829+0000] {taskinstance.py:2867} INFO - Starting attempt 1 of 6
[2025-03-07T05:00:10.839+0000] {taskinstance.py:2890} INFO - Executing <Task(BashOperator): thrid_task> on 2025-03-06 00:00:00+00:00
[2025-03-07T05:00:10.848+0000] {standard_task_runner.py:104} INFO - Running: ['***', 'tasks', 'run', 'our_first_dag_v1', 'thrid_task', 'scheduled__2025-03-06T00:00:00+00:00', '--job-id', '614', '--raw', '--subdir', 'DAGS_FOLDER/first_dag.py', '--cfg-path', '/tmp/tmpthdu67iv']
[2025-03-07T05:00:10.849+0000] {standard_task_runner.py:105} INFO - Job 614: Subtask thrid_task
[2025-03-07T05:00:10.849+0000] {logging_mixin.py:190} WARNING - /home/***/.local/lib/python3.12/site-packages/***/task/task_runner/standard_task_runner.py:70 DeprecationWarning: This process (pid=1709077) is multi-threaded, use of fork() may lead to deadlocks in the child.
[2025-03-07T05:00:10.850+0000] {standard_task_runner.py:72} INFO - Started process 1709139 to run task
[2025-03-07T05:00:10.888+0000] {task_command.py:467} INFO - Running <TaskInstance: our_first_dag_v1.thrid_task scheduled__2025-03-06T00:00:00+00:00 [running]> on host 25887b48f6fb
[2025-03-07T05:00:10.957+0000] {taskinstance.py:3134} INFO - Exporting env vars: AIRFLOW_CTX_DAG_OWNER='***' AIRFLOW_CTX_DAG_ID='our_first_dag_v1' AIRFLOW_CTX_TASK_ID='thrid_task' AIRFLOW_CTX_EXECUTION_DATE='2025-03-06T00:00:00+00:00' AIRFLOW_CTX_TRY_NUMBER='1' AIRFLOW_CTX_DAG_RUN_ID='scheduled__2025-03-06T00:00:00+00:00'
[2025-03-07T05:00:10.958+0000] {logging_mixin.py:190} INFO - Task instance is in running state
[2025-03-07T05:00:10.958+0000] {logging_mixin.py:190} INFO -  Previous state of the Task instance: queued
[2025-03-07T05:00:10.958+0000] {logging_mixin.py:190} INFO - Current task name:thrid_task state:running start_date:2025-03-07 05:00:10.820119+00:00
[2025-03-07T05:00:10.959+0000] {logging_mixin.py:190} INFO - Dag name:our_first_dag_v1 and current dag run status:running
[2025-03-07T05:00:10.959+0000] {taskinstance.py:732} INFO - ::endgroup::
[2025-03-07T05:00:10.959+0000] {subprocess.py:78} INFO - Tmp dir root location: /tmp
[2025-03-07T05:00:10.960+0000] {subprocess.py:88} INFO - Running command: ['/usr/bin/bash', '-c', 'echo hey, I am task3 and will be running after task1 at the same time as task2!']
[2025-03-07T05:00:10.971+0000] {subprocess.py:99} INFO - Output:
[2025-03-07T05:00:10.973+0000] {subprocess.py:106} INFO - hey, I am task3 and will be running after task1 at the same time as task2!
[2025-03-07T05:00:10.973+0000] {subprocess.py:110} INFO - Command exited with return code 0
[2025-03-07T05:00:10.997+0000] {taskinstance.py:341} INFO - ::group::Post task execution logs
[2025-03-07T05:00:10.997+0000] {taskinstance.py:353} INFO - Marking task as SUCCESS. dag_id=our_first_dag_v1, task_id=thrid_task, run_id=scheduled__2025-03-06T00:00:00+00:00, execution_date=20250306T000000, start_date=20250307T050010, end_date=20250307T050010
[2025-03-07T05:00:11.026+0000] {logging_mixin.py:190} INFO - Task instance in success state
[2025-03-07T05:00:11.026+0000] {logging_mixin.py:190} INFO -  Previous state of the Task instance: running
[2025-03-07T05:00:11.026+0000] {logging_mixin.py:190} INFO - Dag name:our_first_dag_v1 queued_at:2025-03-07 05:00:08.901047+00:00
[2025-03-07T05:00:11.027+0000] {logging_mixin.py:190} INFO - Task hostname:25887b48f6fb operator:BashOperator
[2025-03-07T05:00:11.064+0000] {local_task_job_runner.py:266} INFO - Task exited with return code 0
[2025-03-07T05:00:11.078+0000] {taskinstance.py:3901} INFO - 0 downstream tasks scheduled from follow-on schedule check
[2025-03-07T05:00:11.081+0000] {local_task_job_runner.py:245} INFO - ::endgroup::
[2025-03-07T10:44:12.220+0000] {taskinstance.py:1159} INFO - Dependencies all met for dep_context=non-requeueable deps ti=<TaskInstance: our_first_dag_v1.thrid_task scheduled__2025-03-06T00:00:00+00:00 [queued]>
[2025-03-07T10:44:12.229+0000] {taskinstance.py:1159} INFO - Dependencies all met for dep_context=requeueable deps ti=<TaskInstance: our_first_dag_v1.thrid_task scheduled__2025-03-06T00:00:00+00:00 [queued]>
[2025-03-07T10:44:12.230+0000] {taskinstance.py:1361} INFO - Starting attempt 1 of 6
[2025-03-07T10:44:12.251+0000] {taskinstance.py:1382} INFO - Executing <Task(BashOperator): thrid_task> on 2025-03-06 00:00:00+00:00
[2025-03-07T10:44:12.257+0000] {standard_task_runner.py:57} INFO - Started process 410 to run task
[2025-03-07T10:44:12.261+0000] {standard_task_runner.py:84} INFO - Running: ['***', 'tasks', 'run', 'our_first_dag_v1', 'thrid_task', 'scheduled__2025-03-06T00:00:00+00:00', '--job-id', '40', '--raw', '--subdir', 'DAGS_FOLDER/first_dag.py', '--cfg-path', '/tmp/tmp4fvwn_a_']
[2025-03-07T10:44:12.264+0000] {standard_task_runner.py:85} INFO - Job 40: Subtask thrid_task
[2025-03-07T10:44:12.312+0000] {task_command.py:416} INFO - Running <TaskInstance: our_first_dag_v1.thrid_task scheduled__2025-03-06T00:00:00+00:00 [running]> on host 93934f8e361f
[2025-03-07T10:44:12.387+0000] {taskinstance.py:1662} INFO - Exporting env vars: AIRFLOW_CTX_DAG_OWNER='***' AIRFLOW_CTX_DAG_ID='our_first_dag_v1' AIRFLOW_CTX_TASK_ID='thrid_task' AIRFLOW_CTX_EXECUTION_DATE='2025-03-06T00:00:00+00:00' AIRFLOW_CTX_TRY_NUMBER='1' AIRFLOW_CTX_DAG_RUN_ID='scheduled__2025-03-06T00:00:00+00:00'
[2025-03-07T10:44:12.388+0000] {subprocess.py:63} INFO - Tmp dir root location: /tmp
[2025-03-07T10:44:12.388+0000] {subprocess.py:75} INFO - Running command: ['/bin/bash', '-c', 'echo hey, I am task3 and will be running after task1 at the same time as task2!']
[2025-03-07T10:44:12.398+0000] {subprocess.py:86} INFO - Output:
[2025-03-07T10:44:12.400+0000] {subprocess.py:93} INFO - hey, I am task3 and will be running after task1 at the same time as task2!
[2025-03-07T10:44:12.400+0000] {subprocess.py:97} INFO - Command exited with return code 0
[2025-03-07T10:44:12.423+0000] {taskinstance.py:1400} INFO - Marking task as SUCCESS. dag_id=our_first_dag_v1, task_id=thrid_task, execution_date=20250306T000000, start_date=20250307T104412, end_date=20250307T104412
[2025-03-07T10:44:12.472+0000] {local_task_job_runner.py:228} INFO - Task exited with return code 0
[2025-03-07T10:44:12.506+0000] {taskinstance.py:2778} INFO - 0 downstream tasks scheduled from follow-on schedule check
