[2025-02-26T14:20:43.928+0000] {local_task_job_runner.py:123} INFO - ::group::Pre task execution logs
[2025-02-26T14:20:43.959+0000] {taskinstance.py:2614} INFO - Dependencies all met for dep_context=non-requeueable deps ti=<TaskInstance: our_first_dag.second_task scheduled__2021-11-08T00:00:00+00:00 [queued]>
[2025-02-26T14:20:43.979+0000] {taskinstance.py:2614} INFO - Dependencies all met for dep_context=requeueable deps ti=<TaskInstance: our_first_dag.second_task scheduled__2021-11-08T00:00:00+00:00 [queued]>
[2025-02-26T14:20:43.980+0000] {taskinstance.py:2867} INFO - Starting attempt 1 of 6
[2025-02-26T14:20:44.000+0000] {taskinstance.py:2890} INFO - Executing <Task(BashOperator): second_task> on 2021-11-08 00:00:00+00:00
[2025-02-26T14:20:44.015+0000] {logging_mixin.py:190} WARNING - /home/***/.local/lib/python3.12/site-packages/***/task/task_runner/standard_task_runner.py:70 DeprecationWarning: This process (pid=4940) is multi-threaded, use of fork() may lead to deadlocks in the child.
[2025-02-26T14:20:44.016+0000] {standard_task_runner.py:72} INFO - Started process 5007 to run task
[2025-02-26T14:20:44.016+0000] {standard_task_runner.py:104} INFO - Running: ['***', 'tasks', 'run', 'our_first_dag', 'second_task', 'scheduled__2021-11-08T00:00:00+00:00', '--job-id', '320', '--raw', '--subdir', 'DAGS_FOLDER/first_dag.py', '--cfg-path', '/tmp/tmpgzm1j1_z']
[2025-02-26T14:20:44.017+0000] {standard_task_runner.py:105} INFO - Job 320: Subtask second_task
[2025-02-26T14:20:44.083+0000] {task_command.py:467} INFO - Running <TaskInstance: our_first_dag.second_task scheduled__2021-11-08T00:00:00+00:00 [running]> on host 25887b48f6fb
[2025-02-26T14:20:44.211+0000] {taskinstance.py:3134} INFO - Exporting env vars: AIRFLOW_CTX_DAG_OWNER='***' AIRFLOW_CTX_DAG_ID='our_first_dag' AIRFLOW_CTX_TASK_ID='second_task' AIRFLOW_CTX_EXECUTION_DATE='2021-11-08T00:00:00+00:00' AIRFLOW_CTX_TRY_NUMBER='1' AIRFLOW_CTX_DAG_RUN_ID='scheduled__2021-11-08T00:00:00+00:00'
[2025-02-26T14:20:44.213+0000] {logging_mixin.py:190} INFO - Task instance is in running state
[2025-02-26T14:20:44.214+0000] {logging_mixin.py:190} INFO -  Previous state of the Task instance: queued
[2025-02-26T14:20:44.215+0000] {logging_mixin.py:190} INFO - Current task name:second_task state:running start_date:2025-02-26 14:20:43.960009+00:00
[2025-02-26T14:20:44.215+0000] {logging_mixin.py:190} INFO - Dag name:our_first_dag and current dag run status:running
[2025-02-26T14:20:44.216+0000] {taskinstance.py:732} INFO - ::endgroup::
[2025-02-26T14:20:44.217+0000] {subprocess.py:78} INFO - Tmp dir root location: /tmp
[2025-02-26T14:20:44.218+0000] {subprocess.py:88} INFO - Running command: ['/usr/bin/bash', '-c', 'echo hey, I am task2 and will be running after task1!']
[2025-02-26T14:20:44.243+0000] {subprocess.py:99} INFO - Output:
[2025-02-26T14:20:44.247+0000] {subprocess.py:106} INFO - hey, I am task2 and will be running after task1!
[2025-02-26T14:20:44.248+0000] {subprocess.py:110} INFO - Command exited with return code 0
[2025-02-26T14:20:44.289+0000] {taskinstance.py:341} INFO - ::group::Post task execution logs
[2025-02-26T14:20:44.289+0000] {taskinstance.py:353} INFO - Marking task as SUCCESS. dag_id=our_first_dag, task_id=second_task, run_id=scheduled__2021-11-08T00:00:00+00:00, execution_date=20211108T000000, start_date=20250226T142043, end_date=20250226T142044
[2025-02-26T14:20:44.331+0000] {logging_mixin.py:190} INFO - Task instance in success state
[2025-02-26T14:20:44.332+0000] {logging_mixin.py:190} INFO -  Previous state of the Task instance: running
[2025-02-26T14:20:44.332+0000] {logging_mixin.py:190} INFO - Dag name:our_first_dag queued_at:2025-02-26 14:20:37.295687+00:00
[2025-02-26T14:20:44.332+0000] {logging_mixin.py:190} INFO - Task hostname:25887b48f6fb operator:BashOperator
[2025-02-26T14:20:44.352+0000] {local_task_job_runner.py:266} INFO - Task exited with return code 0
[2025-02-26T14:20:44.362+0000] {local_task_job_runner.py:245} INFO - ::endgroup::
