[2025-03-03T02:31:32.649+0000] {local_task_job_runner.py:123} INFO - ::group::Pre task execution logs
[2025-03-03T02:31:32.659+0000] {taskinstance.py:2614} INFO - Dependencies all met for dep_context=non-requeueable deps ti=<TaskInstance: our_first_dag_v1.first_task scheduled__2025-03-02T00:00:00+00:00 [queued]>
[2025-03-03T02:31:32.664+0000] {taskinstance.py:2614} INFO - Dependencies all met for dep_context=requeueable deps ti=<TaskInstance: our_first_dag_v1.first_task scheduled__2025-03-02T00:00:00+00:00 [queued]>
[2025-03-03T02:31:32.664+0000] {taskinstance.py:2867} INFO - Starting attempt 1 of 6
[2025-03-03T02:31:32.681+0000] {taskinstance.py:2890} INFO - Executing <Task(BashOperator): first_task> on 2025-03-02 00:00:00+00:00
[2025-03-03T02:31:32.689+0000] {standard_task_runner.py:104} INFO - Running: ['***', 'tasks', 'run', 'our_first_dag_v1', 'first_task', 'scheduled__2025-03-02T00:00:00+00:00', '--job-id', '599', '--raw', '--subdir', 'DAGS_FOLDER/first_dag.py', '--cfg-path', '/tmp/tmpdbuz7zxi']
[2025-03-03T02:31:32.690+0000] {standard_task_runner.py:105} INFO - Job 599: Subtask first_task
[2025-03-03T02:31:32.691+0000] {logging_mixin.py:190} WARNING - /home/***/.local/lib/python3.12/site-packages/***/task/task_runner/standard_task_runner.py:70 DeprecationWarning: This process (pid=665177) is multi-threaded, use of fork() may lead to deadlocks in the child.
[2025-03-03T02:31:32.692+0000] {standard_task_runner.py:72} INFO - Started process 665238 to run task
[2025-03-03T02:31:32.728+0000] {task_command.py:467} INFO - Running <TaskInstance: our_first_dag_v1.first_task scheduled__2025-03-02T00:00:00+00:00 [running]> on host 25887b48f6fb
[2025-03-03T02:31:32.816+0000] {taskinstance.py:3134} INFO - Exporting env vars: AIRFLOW_CTX_DAG_OWNER='***' AIRFLOW_CTX_DAG_ID='our_first_dag_v1' AIRFLOW_CTX_TASK_ID='first_task' AIRFLOW_CTX_EXECUTION_DATE='2025-03-02T00:00:00+00:00' AIRFLOW_CTX_TRY_NUMBER='1' AIRFLOW_CTX_DAG_RUN_ID='scheduled__2025-03-02T00:00:00+00:00'
[2025-03-03T02:31:32.817+0000] {logging_mixin.py:190} INFO - Task instance is in running state
[2025-03-03T02:31:32.818+0000] {logging_mixin.py:190} INFO -  Previous state of the Task instance: queued
[2025-03-03T02:31:32.818+0000] {logging_mixin.py:190} INFO - Current task name:first_task state:running start_date:2025-03-03 02:31:32.659630+00:00
[2025-03-03T02:31:32.818+0000] {logging_mixin.py:190} INFO - Dag name:our_first_dag_v1 and current dag run status:running
[2025-03-03T02:31:32.818+0000] {taskinstance.py:732} INFO - ::endgroup::
[2025-03-03T02:31:32.819+0000] {subprocess.py:78} INFO - Tmp dir root location: /tmp
[2025-03-03T02:31:32.819+0000] {subprocess.py:88} INFO - Running command: ['/usr/bin/bash', '-c', 'echo hello world, this is the first task!']
[2025-03-03T02:31:32.829+0000] {subprocess.py:99} INFO - Output:
[2025-03-03T02:31:32.831+0000] {subprocess.py:106} INFO - hello world, this is the first task!
[2025-03-03T02:31:32.831+0000] {subprocess.py:110} INFO - Command exited with return code 0
[2025-03-03T02:31:32.857+0000] {taskinstance.py:341} INFO - ::group::Post task execution logs
[2025-03-03T02:31:32.858+0000] {taskinstance.py:353} INFO - Marking task as SUCCESS. dag_id=our_first_dag_v1, task_id=first_task, run_id=scheduled__2025-03-02T00:00:00+00:00, execution_date=20250302T000000, start_date=20250303T023132, end_date=20250303T023132
[2025-03-03T02:31:32.893+0000] {logging_mixin.py:190} INFO - Task instance in success state
[2025-03-03T02:31:32.893+0000] {logging_mixin.py:190} INFO -  Previous state of the Task instance: running
[2025-03-03T02:31:32.894+0000] {logging_mixin.py:190} INFO - Dag name:our_first_dag_v1 queued_at:2025-03-03 02:31:31.568374+00:00
[2025-03-03T02:31:32.894+0000] {logging_mixin.py:190} INFO - Task hostname:25887b48f6fb operator:BashOperator
[2025-03-03T02:31:32.906+0000] {local_task_job_runner.py:266} INFO - Task exited with return code 0
[2025-03-03T02:31:32.923+0000] {taskinstance.py:3901} INFO - 2 downstream tasks scheduled from follow-on schedule check
[2025-03-03T02:31:32.932+0000] {local_task_job_runner.py:245} INFO - ::endgroup::
[2025-03-04T05:11:19.066+0000] {local_task_job_runner.py:123} INFO - ::group::Pre task execution logs
[2025-03-04T05:11:19.089+0000] {taskinstance.py:2614} INFO - Dependencies all met for dep_context=non-requeueable deps ti=<TaskInstance: our_first_dag_v1.first_task scheduled__2025-03-02T00:00:00+00:00 [queued]>
[2025-03-04T05:11:19.097+0000] {taskinstance.py:2614} INFO - Dependencies all met for dep_context=requeueable deps ti=<TaskInstance: our_first_dag_v1.first_task scheduled__2025-03-02T00:00:00+00:00 [queued]>
[2025-03-04T05:11:19.097+0000] {taskinstance.py:2867} INFO - Starting attempt 1 of 6
[2025-03-04T05:11:19.150+0000] {taskinstance.py:2890} INFO - Executing <Task(BashOperator): first_task> on 2025-03-02 00:00:00+00:00
[2025-03-04T05:11:19.158+0000] {logging_mixin.py:190} WARNING - /home/***/.local/lib/python3.12/site-packages/***/task/task_runner/standard_task_runner.py:70 DeprecationWarning: This process (pid=227) is multi-threaded, use of fork() may lead to deadlocks in the child.
[2025-03-04T05:11:19.157+0000] {standard_task_runner.py:104} INFO - Running: ['***', 'tasks', 'run', 'our_first_dag_v1', 'first_task', 'scheduled__2025-03-02T00:00:00+00:00', '--job-id', '10', '--raw', '--subdir', 'DAGS_FOLDER/first_dag.py', '--cfg-path', '/tmp/tmp2mjut7nb']
[2025-03-04T05:11:19.159+0000] {standard_task_runner.py:72} INFO - Started process 236 to run task
[2025-03-04T05:11:19.159+0000] {standard_task_runner.py:105} INFO - Job 10: Subtask first_task
[2025-03-04T05:11:19.208+0000] {task_command.py:467} INFO - Running <TaskInstance: our_first_dag_v1.first_task scheduled__2025-03-02T00:00:00+00:00 [running]> on host e52f68431fc8
[2025-03-04T05:11:19.299+0000] {taskinstance.py:3134} INFO - Exporting env vars: AIRFLOW_CTX_DAG_OWNER='***' AIRFLOW_CTX_DAG_ID='our_first_dag_v1' AIRFLOW_CTX_TASK_ID='first_task' AIRFLOW_CTX_EXECUTION_DATE='2025-03-02T00:00:00+00:00' AIRFLOW_CTX_TRY_NUMBER='1' AIRFLOW_CTX_DAG_RUN_ID='scheduled__2025-03-02T00:00:00+00:00'
[2025-03-04T05:11:19.299+0000] {taskinstance.py:732} INFO - ::endgroup::
[2025-03-04T05:11:19.316+0000] {subprocess.py:78} INFO - Tmp dir root location: /tmp
[2025-03-04T05:11:19.317+0000] {subprocess.py:88} INFO - Running command: ['/usr/bin/bash', '-c', 'echo hello world, this is the first task!']
[2025-03-04T05:11:19.330+0000] {subprocess.py:99} INFO - Output:
[2025-03-04T05:11:19.332+0000] {subprocess.py:106} INFO - hello world, this is the first task!
[2025-03-04T05:11:19.332+0000] {subprocess.py:110} INFO - Command exited with return code 0
[2025-03-04T05:11:19.353+0000] {taskinstance.py:341} INFO - ::group::Post task execution logs
[2025-03-04T05:11:19.353+0000] {taskinstance.py:353} INFO - Marking task as SUCCESS. dag_id=our_first_dag_v1, task_id=first_task, run_id=scheduled__2025-03-02T00:00:00+00:00, execution_date=20250302T000000, start_date=20250304T051119, end_date=20250304T051119
[2025-03-04T05:11:19.414+0000] {local_task_job_runner.py:266} INFO - Task exited with return code 0
[2025-03-04T05:11:19.424+0000] {local_task_job_runner.py:245} INFO - ::endgroup::
[2025-03-07T10:44:07.914+0000] {taskinstance.py:1159} INFO - Dependencies all met for dep_context=non-requeueable deps ti=<TaskInstance: our_first_dag_v1.first_task scheduled__2025-03-02T00:00:00+00:00 [queued]>
[2025-03-07T10:44:07.925+0000] {taskinstance.py:1159} INFO - Dependencies all met for dep_context=requeueable deps ti=<TaskInstance: our_first_dag_v1.first_task scheduled__2025-03-02T00:00:00+00:00 [queued]>
[2025-03-07T10:44:07.926+0000] {taskinstance.py:1361} INFO - Starting attempt 1 of 6
[2025-03-07T10:44:07.942+0000] {taskinstance.py:1382} INFO - Executing <Task(BashOperator): first_task> on 2025-03-02 00:00:00+00:00
[2025-03-07T10:44:07.949+0000] {standard_task_runner.py:57} INFO - Started process 348 to run task
[2025-03-07T10:44:07.953+0000] {standard_task_runner.py:84} INFO - Running: ['***', 'tasks', 'run', 'our_first_dag_v1', 'first_task', 'scheduled__2025-03-02T00:00:00+00:00', '--job-id', '20', '--raw', '--subdir', 'DAGS_FOLDER/first_dag.py', '--cfg-path', '/tmp/tmpiceb08e7']
[2025-03-07T10:44:07.956+0000] {standard_task_runner.py:85} INFO - Job 20: Subtask first_task
[2025-03-07T10:44:08.004+0000] {task_command.py:416} INFO - Running <TaskInstance: our_first_dag_v1.first_task scheduled__2025-03-02T00:00:00+00:00 [running]> on host 93934f8e361f
[2025-03-07T10:44:08.089+0000] {taskinstance.py:1662} INFO - Exporting env vars: AIRFLOW_CTX_DAG_OWNER='***' AIRFLOW_CTX_DAG_ID='our_first_dag_v1' AIRFLOW_CTX_TASK_ID='first_task' AIRFLOW_CTX_EXECUTION_DATE='2025-03-02T00:00:00+00:00' AIRFLOW_CTX_TRY_NUMBER='1' AIRFLOW_CTX_DAG_RUN_ID='scheduled__2025-03-02T00:00:00+00:00'
[2025-03-07T10:44:08.090+0000] {subprocess.py:63} INFO - Tmp dir root location: /tmp
[2025-03-07T10:44:08.090+0000] {subprocess.py:75} INFO - Running command: ['/bin/bash', '-c', 'echo hello world, this is the first task!']
[2025-03-07T10:44:08.100+0000] {subprocess.py:86} INFO - Output:
[2025-03-07T10:44:08.101+0000] {subprocess.py:93} INFO - hello world, this is the first task!
[2025-03-07T10:44:08.101+0000] {subprocess.py:97} INFO - Command exited with return code 0
[2025-03-07T10:44:08.129+0000] {taskinstance.py:1400} INFO - Marking task as SUCCESS. dag_id=our_first_dag_v1, task_id=first_task, execution_date=20250302T000000, start_date=20250307T104407, end_date=20250307T104408
[2025-03-07T10:44:08.164+0000] {local_task_job_runner.py:228} INFO - Task exited with return code 0
[2025-03-07T10:44:08.309+0000] {taskinstance.py:2778} INFO - 0 downstream tasks scheduled from follow-on schedule check
