[2025-03-07T11:03:00.101+0000] {taskinstance.py:1159} INFO - Dependencies all met for dep_context=non-requeueable deps ti=<TaskInstance: dag_with_postgres_operator_v03.delete_data_from_table scheduled__2025-03-06T00:00:00+00:00 [queued]>
[2025-03-07T11:03:00.108+0000] {taskinstance.py:1159} INFO - Dependencies all met for dep_context=requeueable deps ti=<TaskInstance: dag_with_postgres_operator_v03.delete_data_from_table scheduled__2025-03-06T00:00:00+00:00 [queued]>
[2025-03-07T11:03:00.108+0000] {taskinstance.py:1361} INFO - Starting attempt 1 of 6
[2025-03-07T11:03:00.126+0000] {taskinstance.py:1382} INFO - Executing <Task(PostgresOperator): delete_data_from_table> on 2025-03-06 00:00:00+00:00
[2025-03-07T11:03:00.137+0000] {standard_task_runner.py:57} INFO - Started process 1039 to run task
[2025-03-07T11:03:00.141+0000] {standard_task_runner.py:84} INFO - Running: ['***', 'tasks', 'run', 'dag_with_postgres_operator_v03', 'delete_data_from_table', 'scheduled__2025-03-06T00:00:00+00:00', '--job-id', '38', '--raw', '--subdir', 'DAGS_FOLDER/postgres_operator.py', '--cfg-path', '/tmp/tmpj5jhkkpc']
[2025-03-07T11:03:00.144+0000] {standard_task_runner.py:85} INFO - Job 38: Subtask delete_data_from_table
[2025-03-07T11:03:00.202+0000] {task_command.py:416} INFO - Running <TaskInstance: dag_with_postgres_operator_v03.delete_data_from_table scheduled__2025-03-06T00:00:00+00:00 [running]> on host 5588030d4cfa
[2025-03-07T11:03:00.292+0000] {taskinstance.py:1662} INFO - Exporting env vars: AIRFLOW_CTX_DAG_OWNER='***' AIRFLOW_CTX_DAG_ID='dag_with_postgres_operator_v03' AIRFLOW_CTX_TASK_ID='delete_data_from_table' AIRFLOW_CTX_EXECUTION_DATE='2025-03-06T00:00:00+00:00' AIRFLOW_CTX_TRY_NUMBER='1' AIRFLOW_CTX_DAG_RUN_ID='scheduled__2025-03-06T00:00:00+00:00'
[2025-03-07T11:03:00.293+0000] {sql.py:274} INFO - Executing: 
            delete from dag_runs where dt = '2025-03-06' and dag_id = 'dag_with_postgres_operator_v03';
        
[2025-03-07T11:03:00.302+0000] {base.py:73} INFO - Using connection ID 'postgres_localhost' for task execution.
[2025-03-07T11:03:00.313+0000] {base.py:73} INFO - Using connection ID 'postgres_localhost' for task execution.
[2025-03-07T11:03:00.318+0000] {sql.py:418} INFO - Running statement: 
            delete from dag_runs where dt = '2025-03-06' and dag_id = 'dag_with_postgres_operator_v03';
        , parameters: None
[2025-03-07T11:03:00.320+0000] {sql.py:427} INFO - Rows affected: 0
[2025-03-07T11:03:00.327+0000] {taskinstance.py:1400} INFO - Marking task as SUCCESS. dag_id=dag_with_postgres_operator_v03, task_id=delete_data_from_table, execution_date=20250306T000000, start_date=20250307T110300, end_date=20250307T110300
[2025-03-07T11:03:00.352+0000] {local_task_job_runner.py:228} INFO - Task exited with return code 0
[2025-03-07T11:03:00.371+0000] {taskinstance.py:2778} INFO - 1 downstream tasks scheduled from follow-on schedule check
[2025-03-07T11:32:46.547+0000] {taskinstance.py:1159} INFO - Dependencies all met for dep_context=non-requeueable deps ti=<TaskInstance: dag_with_postgres_operator_v03.delete_data_from_table scheduled__2025-03-06T00:00:00+00:00 [queued]>
[2025-03-07T11:32:46.556+0000] {taskinstance.py:1159} INFO - Dependencies all met for dep_context=requeueable deps ti=<TaskInstance: dag_with_postgres_operator_v03.delete_data_from_table scheduled__2025-03-06T00:00:00+00:00 [queued]>
[2025-03-07T11:32:46.556+0000] {taskinstance.py:1361} INFO - Starting attempt 1 of 6
[2025-03-07T11:32:46.573+0000] {taskinstance.py:1382} INFO - Executing <Task(PostgresOperator): delete_data_from_table> on 2025-03-06 00:00:00+00:00
[2025-03-07T11:32:46.578+0000] {standard_task_runner.py:57} INFO - Started process 865 to run task
[2025-03-07T11:32:46.582+0000] {standard_task_runner.py:84} INFO - Running: ['***', 'tasks', 'run', 'dag_with_postgres_operator_v03', 'delete_data_from_table', 'scheduled__2025-03-06T00:00:00+00:00', '--job-id', '22', '--raw', '--subdir', 'DAGS_FOLDER/postgres_operator.py', '--cfg-path', '/tmp/tmp80sgxrew']
[2025-03-07T11:32:46.584+0000] {standard_task_runner.py:85} INFO - Job 22: Subtask delete_data_from_table
[2025-03-07T11:32:46.627+0000] {task_command.py:416} INFO - Running <TaskInstance: dag_with_postgres_operator_v03.delete_data_from_table scheduled__2025-03-06T00:00:00+00:00 [running]> on host 5837dac536a6
[2025-03-07T11:32:46.692+0000] {taskinstance.py:1662} INFO - Exporting env vars: AIRFLOW_CTX_DAG_OWNER='***' AIRFLOW_CTX_DAG_ID='dag_with_postgres_operator_v03' AIRFLOW_CTX_TASK_ID='delete_data_from_table' AIRFLOW_CTX_EXECUTION_DATE='2025-03-06T00:00:00+00:00' AIRFLOW_CTX_TRY_NUMBER='1' AIRFLOW_CTX_DAG_RUN_ID='scheduled__2025-03-06T00:00:00+00:00'
[2025-03-07T11:32:46.692+0000] {sql.py:274} INFO - Executing: 
            delete from dag_runs where dt = '2025-03-06' and dag_id = 'dag_with_postgres_operator_v03';
        
[2025-03-07T11:32:46.700+0000] {base.py:73} INFO - Using connection ID 'postgres_localhost' for task execution.
[2025-03-07T11:32:46.708+0000] {base.py:73} INFO - Using connection ID 'postgres_localhost' for task execution.
[2025-03-07T11:32:46.712+0000] {sql.py:418} INFO - Running statement: 
            delete from dag_runs where dt = '2025-03-06' and dag_id = 'dag_with_postgres_operator_v03';
        , parameters: None
[2025-03-07T11:32:46.713+0000] {sql.py:427} INFO - Rows affected: 0
[2025-03-07T11:32:46.723+0000] {taskinstance.py:1400} INFO - Marking task as SUCCESS. dag_id=dag_with_postgres_operator_v03, task_id=delete_data_from_table, execution_date=20250306T000000, start_date=20250307T113246, end_date=20250307T113246
[2025-03-07T11:32:46.752+0000] {local_task_job_runner.py:228} INFO - Task exited with return code 0
[2025-03-07T11:32:46.766+0000] {taskinstance.py:2778} INFO - 1 downstream tasks scheduled from follow-on schedule check
[2025-03-07T12:05:07.950+0000] {taskinstance.py:1159} INFO - Dependencies all met for dep_context=non-requeueable deps ti=<TaskInstance: dag_with_postgres_operator_v03.delete_data_from_table scheduled__2025-03-06T00:00:00+00:00 [queued]>
[2025-03-07T12:05:07.958+0000] {taskinstance.py:1159} INFO - Dependencies all met for dep_context=requeueable deps ti=<TaskInstance: dag_with_postgres_operator_v03.delete_data_from_table scheduled__2025-03-06T00:00:00+00:00 [queued]>
[2025-03-07T12:05:07.959+0000] {taskinstance.py:1361} INFO - Starting attempt 1 of 6
[2025-03-07T12:05:07.973+0000] {taskinstance.py:1382} INFO - Executing <Task(PostgresOperator): delete_data_from_table> on 2025-03-06 00:00:00+00:00
[2025-03-07T12:05:07.980+0000] {standard_task_runner.py:57} INFO - Started process 492 to run task
[2025-03-07T12:05:07.983+0000] {standard_task_runner.py:84} INFO - Running: ['***', 'tasks', 'run', 'dag_with_postgres_operator_v03', 'delete_data_from_table', 'scheduled__2025-03-06T00:00:00+00:00', '--job-id', '17', '--raw', '--subdir', 'DAGS_FOLDER/postgres_operator.py', '--cfg-path', '/tmp/tmpcnijjtzx']
[2025-03-07T12:05:07.985+0000] {standard_task_runner.py:85} INFO - Job 17: Subtask delete_data_from_table
[2025-03-07T12:05:08.031+0000] {task_command.py:416} INFO - Running <TaskInstance: dag_with_postgres_operator_v03.delete_data_from_table scheduled__2025-03-06T00:00:00+00:00 [running]> on host afc6f8faa09c
[2025-03-07T12:05:08.097+0000] {taskinstance.py:1662} INFO - Exporting env vars: AIRFLOW_CTX_DAG_OWNER='***' AIRFLOW_CTX_DAG_ID='dag_with_postgres_operator_v03' AIRFLOW_CTX_TASK_ID='delete_data_from_table' AIRFLOW_CTX_EXECUTION_DATE='2025-03-06T00:00:00+00:00' AIRFLOW_CTX_TRY_NUMBER='1' AIRFLOW_CTX_DAG_RUN_ID='scheduled__2025-03-06T00:00:00+00:00'
[2025-03-07T12:05:08.097+0000] {sql.py:274} INFO - Executing: 
            delete from dag_runs where dt = '2025-03-06' and dag_id = 'dag_with_postgres_operator_v03';
        
[2025-03-07T12:05:08.102+0000] {base.py:73} INFO - Using connection ID 'postgres_localhost' for task execution.
[2025-03-07T12:05:08.110+0000] {base.py:73} INFO - Using connection ID 'postgres_localhost' for task execution.
[2025-03-07T12:05:08.115+0000] {sql.py:418} INFO - Running statement: 
            delete from dag_runs where dt = '2025-03-06' and dag_id = 'dag_with_postgres_operator_v03';
        , parameters: None
[2025-03-07T12:05:08.116+0000] {sql.py:427} INFO - Rows affected: 0
[2025-03-07T12:05:08.123+0000] {taskinstance.py:1400} INFO - Marking task as SUCCESS. dag_id=dag_with_postgres_operator_v03, task_id=delete_data_from_table, execution_date=20250306T000000, start_date=20250307T120507, end_date=20250307T120508
[2025-03-07T12:05:08.154+0000] {local_task_job_runner.py:228} INFO - Task exited with return code 0
[2025-03-07T12:05:08.173+0000] {taskinstance.py:2778} INFO - 1 downstream tasks scheduled from follow-on schedule check
