[2025-03-07T11:03:00.090+0000] {taskinstance.py:1159} INFO - Dependencies all met for dep_context=non-requeueable deps ti=<TaskInstance: dag_with_postgres_operator_v03.delete_data_from_table scheduled__2025-03-05T00:00:00+00:00 [queued]>
[2025-03-07T11:03:00.102+0000] {taskinstance.py:1159} INFO - Dependencies all met for dep_context=requeueable deps ti=<TaskInstance: dag_with_postgres_operator_v03.delete_data_from_table scheduled__2025-03-05T00:00:00+00:00 [queued]>
[2025-03-07T11:03:00.102+0000] {taskinstance.py:1361} INFO - Starting attempt 1 of 6
[2025-03-07T11:03:00.119+0000] {taskinstance.py:1382} INFO - Executing <Task(PostgresOperator): delete_data_from_table> on 2025-03-05 00:00:00+00:00
[2025-03-07T11:03:00.126+0000] {standard_task_runner.py:57} INFO - Started process 1036 to run task
[2025-03-07T11:03:00.131+0000] {standard_task_runner.py:84} INFO - Running: ['***', 'tasks', 'run', 'dag_with_postgres_operator_v03', 'delete_data_from_table', 'scheduled__2025-03-05T00:00:00+00:00', '--job-id', '33', '--raw', '--subdir', 'DAGS_FOLDER/postgres_operator.py', '--cfg-path', '/tmp/tmpe4i03rzb']
[2025-03-07T11:03:00.135+0000] {standard_task_runner.py:85} INFO - Job 33: Subtask delete_data_from_table
[2025-03-07T11:03:00.188+0000] {task_command.py:416} INFO - Running <TaskInstance: dag_with_postgres_operator_v03.delete_data_from_table scheduled__2025-03-05T00:00:00+00:00 [running]> on host 5588030d4cfa
[2025-03-07T11:03:00.271+0000] {taskinstance.py:1662} INFO - Exporting env vars: AIRFLOW_CTX_DAG_OWNER='***' AIRFLOW_CTX_DAG_ID='dag_with_postgres_operator_v03' AIRFLOW_CTX_TASK_ID='delete_data_from_table' AIRFLOW_CTX_EXECUTION_DATE='2025-03-05T00:00:00+00:00' AIRFLOW_CTX_TRY_NUMBER='1' AIRFLOW_CTX_DAG_RUN_ID='scheduled__2025-03-05T00:00:00+00:00'
[2025-03-07T11:03:00.272+0000] {sql.py:274} INFO - Executing: 
            delete from dag_runs where dt = '2025-03-05' and dag_id = 'dag_with_postgres_operator_v03';
        
[2025-03-07T11:03:00.278+0000] {base.py:73} INFO - Using connection ID 'postgres_localhost' for task execution.
[2025-03-07T11:03:00.286+0000] {base.py:73} INFO - Using connection ID 'postgres_localhost' for task execution.
[2025-03-07T11:03:00.289+0000] {sql.py:418} INFO - Running statement: 
            delete from dag_runs where dt = '2025-03-05' and dag_id = 'dag_with_postgres_operator_v03';
        , parameters: None
[2025-03-07T11:03:00.290+0000] {sql.py:427} INFO - Rows affected: 0
[2025-03-07T11:03:00.299+0000] {taskinstance.py:1400} INFO - Marking task as SUCCESS. dag_id=dag_with_postgres_operator_v03, task_id=delete_data_from_table, execution_date=20250305T000000, start_date=20250307T110300, end_date=20250307T110300
[2025-03-07T11:03:00.343+0000] {local_task_job_runner.py:228} INFO - Task exited with return code 0
[2025-03-07T11:03:00.365+0000] {taskinstance.py:2778} INFO - 1 downstream tasks scheduled from follow-on schedule check
[2025-03-07T11:32:46.533+0000] {taskinstance.py:1159} INFO - Dependencies all met for dep_context=non-requeueable deps ti=<TaskInstance: dag_with_postgres_operator_v03.delete_data_from_table scheduled__2025-03-05T00:00:00+00:00 [queued]>
[2025-03-07T11:32:46.541+0000] {taskinstance.py:1159} INFO - Dependencies all met for dep_context=requeueable deps ti=<TaskInstance: dag_with_postgres_operator_v03.delete_data_from_table scheduled__2025-03-05T00:00:00+00:00 [queued]>
[2025-03-07T11:32:46.541+0000] {taskinstance.py:1361} INFO - Starting attempt 1 of 6
[2025-03-07T11:32:46.555+0000] {taskinstance.py:1382} INFO - Executing <Task(PostgresOperator): delete_data_from_table> on 2025-03-05 00:00:00+00:00
[2025-03-07T11:32:46.562+0000] {standard_task_runner.py:57} INFO - Started process 862 to run task
[2025-03-07T11:32:46.565+0000] {standard_task_runner.py:84} INFO - Running: ['***', 'tasks', 'run', 'dag_with_postgres_operator_v03', 'delete_data_from_table', 'scheduled__2025-03-05T00:00:00+00:00', '--job-id', '19', '--raw', '--subdir', 'DAGS_FOLDER/postgres_operator.py', '--cfg-path', '/tmp/tmpmvpebb9d']
[2025-03-07T11:32:46.568+0000] {standard_task_runner.py:85} INFO - Job 19: Subtask delete_data_from_table
[2025-03-07T11:32:46.618+0000] {task_command.py:416} INFO - Running <TaskInstance: dag_with_postgres_operator_v03.delete_data_from_table scheduled__2025-03-05T00:00:00+00:00 [running]> on host 5837dac536a6
[2025-03-07T11:32:46.680+0000] {taskinstance.py:1662} INFO - Exporting env vars: AIRFLOW_CTX_DAG_OWNER='***' AIRFLOW_CTX_DAG_ID='dag_with_postgres_operator_v03' AIRFLOW_CTX_TASK_ID='delete_data_from_table' AIRFLOW_CTX_EXECUTION_DATE='2025-03-05T00:00:00+00:00' AIRFLOW_CTX_TRY_NUMBER='1' AIRFLOW_CTX_DAG_RUN_ID='scheduled__2025-03-05T00:00:00+00:00'
[2025-03-07T11:32:46.681+0000] {sql.py:274} INFO - Executing: 
            delete from dag_runs where dt = '2025-03-05' and dag_id = 'dag_with_postgres_operator_v03';
        
[2025-03-07T11:32:46.690+0000] {base.py:73} INFO - Using connection ID 'postgres_localhost' for task execution.
[2025-03-07T11:32:46.700+0000] {base.py:73} INFO - Using connection ID 'postgres_localhost' for task execution.
[2025-03-07T11:32:46.706+0000] {sql.py:418} INFO - Running statement: 
            delete from dag_runs where dt = '2025-03-05' and dag_id = 'dag_with_postgres_operator_v03';
        , parameters: None
[2025-03-07T11:32:46.708+0000] {sql.py:427} INFO - Rows affected: 0
[2025-03-07T11:32:46.716+0000] {taskinstance.py:1400} INFO - Marking task as SUCCESS. dag_id=dag_with_postgres_operator_v03, task_id=delete_data_from_table, execution_date=20250305T000000, start_date=20250307T113246, end_date=20250307T113246
[2025-03-07T11:32:46.737+0000] {local_task_job_runner.py:228} INFO - Task exited with return code 0
[2025-03-07T11:32:46.751+0000] {taskinstance.py:2778} INFO - 1 downstream tasks scheduled from follow-on schedule check
[2025-03-07T12:05:07.936+0000] {taskinstance.py:1159} INFO - Dependencies all met for dep_context=non-requeueable deps ti=<TaskInstance: dag_with_postgres_operator_v03.delete_data_from_table scheduled__2025-03-05T00:00:00+00:00 [queued]>
[2025-03-07T12:05:07.942+0000] {taskinstance.py:1159} INFO - Dependencies all met for dep_context=requeueable deps ti=<TaskInstance: dag_with_postgres_operator_v03.delete_data_from_table scheduled__2025-03-05T00:00:00+00:00 [queued]>
[2025-03-07T12:05:07.942+0000] {taskinstance.py:1361} INFO - Starting attempt 1 of 6
[2025-03-07T12:05:07.954+0000] {taskinstance.py:1382} INFO - Executing <Task(PostgresOperator): delete_data_from_table> on 2025-03-05 00:00:00+00:00
[2025-03-07T12:05:07.960+0000] {standard_task_runner.py:57} INFO - Started process 489 to run task
[2025-03-07T12:05:07.963+0000] {standard_task_runner.py:84} INFO - Running: ['***', 'tasks', 'run', 'dag_with_postgres_operator_v03', 'delete_data_from_table', 'scheduled__2025-03-05T00:00:00+00:00', '--job-id', '14', '--raw', '--subdir', 'DAGS_FOLDER/postgres_operator.py', '--cfg-path', '/tmp/tmp6vge95zd']
[2025-03-07T12:05:07.965+0000] {standard_task_runner.py:85} INFO - Job 14: Subtask delete_data_from_table
[2025-03-07T12:05:08.008+0000] {task_command.py:416} INFO - Running <TaskInstance: dag_with_postgres_operator_v03.delete_data_from_table scheduled__2025-03-05T00:00:00+00:00 [running]> on host afc6f8faa09c
[2025-03-07T12:05:08.084+0000] {taskinstance.py:1662} INFO - Exporting env vars: AIRFLOW_CTX_DAG_OWNER='***' AIRFLOW_CTX_DAG_ID='dag_with_postgres_operator_v03' AIRFLOW_CTX_TASK_ID='delete_data_from_table' AIRFLOW_CTX_EXECUTION_DATE='2025-03-05T00:00:00+00:00' AIRFLOW_CTX_TRY_NUMBER='1' AIRFLOW_CTX_DAG_RUN_ID='scheduled__2025-03-05T00:00:00+00:00'
[2025-03-07T12:05:08.084+0000] {sql.py:274} INFO - Executing: 
            delete from dag_runs where dt = '2025-03-05' and dag_id = 'dag_with_postgres_operator_v03';
        
[2025-03-07T12:05:08.092+0000] {base.py:73} INFO - Using connection ID 'postgres_localhost' for task execution.
[2025-03-07T12:05:08.099+0000] {base.py:73} INFO - Using connection ID 'postgres_localhost' for task execution.
[2025-03-07T12:05:08.102+0000] {sql.py:418} INFO - Running statement: 
            delete from dag_runs where dt = '2025-03-05' and dag_id = 'dag_with_postgres_operator_v03';
        , parameters: None
[2025-03-07T12:05:08.103+0000] {sql.py:427} INFO - Rows affected: 0
[2025-03-07T12:05:08.113+0000] {taskinstance.py:1400} INFO - Marking task as SUCCESS. dag_id=dag_with_postgres_operator_v03, task_id=delete_data_from_table, execution_date=20250305T000000, start_date=20250307T120507, end_date=20250307T120508
[2025-03-07T12:05:08.135+0000] {local_task_job_runner.py:228} INFO - Task exited with return code 0
[2025-03-07T12:05:08.149+0000] {taskinstance.py:2778} INFO - 1 downstream tasks scheduled from follow-on schedule check
