[2025-03-07T11:32:49.563+0000] {taskinstance.py:1159} INFO - Dependencies all met for dep_context=non-requeueable deps ti=<TaskInstance: dag_with_postgres_operator_v03.create_postgres_table manual__2025-03-07T11:27:48.007901+00:00 [queued]>
[2025-03-07T11:32:49.572+0000] {taskinstance.py:1159} INFO - Dependencies all met for dep_context=requeueable deps ti=<TaskInstance: dag_with_postgres_operator_v03.create_postgres_table manual__2025-03-07T11:27:48.007901+00:00 [queued]>
[2025-03-07T11:32:49.572+0000] {taskinstance.py:1361} INFO - Starting attempt 2 of 6
[2025-03-07T11:32:49.581+0000] {taskinstance.py:1382} INFO - Executing <Task(PostgresOperator): create_postgres_table> on 2025-03-07 11:27:48.007901+00:00
[2025-03-07T11:32:49.585+0000] {standard_task_runner.py:57} INFO - Started process 880 to run task
[2025-03-07T11:32:49.588+0000] {standard_task_runner.py:84} INFO - Running: ['***', 'tasks', 'run', 'dag_with_postgres_operator_v03', 'create_postgres_table', 'manual__2025-03-07T11:27:48.007901+00:00', '--job-id', '31', '--raw', '--subdir', 'DAGS_FOLDER/postgres_operator.py', '--cfg-path', '/tmp/tmpa0jgjm8_']
[2025-03-07T11:32:49.589+0000] {standard_task_runner.py:85} INFO - Job 31: Subtask create_postgres_table
[2025-03-07T11:32:49.637+0000] {task_command.py:416} INFO - Running <TaskInstance: dag_with_postgres_operator_v03.create_postgres_table manual__2025-03-07T11:27:48.007901+00:00 [running]> on host 5837dac536a6
[2025-03-07T11:32:49.736+0000] {taskinstance.py:1662} INFO - Exporting env vars: AIRFLOW_CTX_DAG_OWNER='***' AIRFLOW_CTX_DAG_ID='dag_with_postgres_operator_v03' AIRFLOW_CTX_TASK_ID='create_postgres_table' AIRFLOW_CTX_EXECUTION_DATE='2025-03-07T11:27:48.007901+00:00' AIRFLOW_CTX_TRY_NUMBER='2' AIRFLOW_CTX_DAG_RUN_ID='manual__2025-03-07T11:27:48.007901+00:00'
[2025-03-07T11:32:49.737+0000] {sql.py:274} INFO - Executing: 
            create table if not exists dag_runs (
                dt date,
                dag_id character varying,
                primary key (dt, dag_id)
            )
        
[2025-03-07T11:32:49.749+0000] {base.py:73} INFO - Using connection ID 'postgres_localhost' for task execution.
[2025-03-07T11:32:49.758+0000] {base.py:73} INFO - Using connection ID 'postgres_localhost' for task execution.
[2025-03-07T11:32:49.764+0000] {sql.py:418} INFO - Running statement: 
            create table if not exists dag_runs (
                dt date,
                dag_id character varying,
                primary key (dt, dag_id)
            )
        , parameters: None
[2025-03-07T11:32:49.780+0000] {taskinstance.py:1400} INFO - Marking task as SUCCESS. dag_id=dag_with_postgres_operator_v03, task_id=create_postgres_table, execution_date=20250307T112748, start_date=20250307T113249, end_date=20250307T113249
[2025-03-07T11:32:49.840+0000] {local_task_job_runner.py:228} INFO - Task exited with return code 0
[2025-03-07T11:32:49.873+0000] {taskinstance.py:2778} INFO - 1 downstream tasks scheduled from follow-on schedule check
