[2025-02-26T14:20:13.152+0000] {local_task_job_runner.py:123} INFO - ::group::Pre task execution logs
[2025-02-26T14:20:13.171+0000] {taskinstance.py:2614} INFO - Dependencies all met for dep_context=non-requeueable deps ti=<TaskInstance: our_first_dag.first_task scheduled__2021-09-29T00:00:00+00:00 [queued]>
[2025-02-26T14:20:13.181+0000] {taskinstance.py:2614} INFO - Dependencies all met for dep_context=requeueable deps ti=<TaskInstance: our_first_dag.first_task scheduled__2021-09-29T00:00:00+00:00 [queued]>
[2025-02-26T14:20:13.181+0000] {taskinstance.py:2867} INFO - Starting attempt 1 of 6
[2025-02-26T14:20:13.311+0000] {taskinstance.py:2890} INFO - Executing <Task(BashOperator): first_task> on 2021-09-29 00:00:00+00:00
[2025-02-26T14:20:13.323+0000] {logging_mixin.py:190} WARNING - /home/***/.local/lib/python3.12/site-packages/***/task/task_runner/standard_task_runner.py:70 DeprecationWarning: This process (pid=4195) is multi-threaded, use of fork() may lead to deadlocks in the child.
[2025-02-26T14:20:13.324+0000] {standard_task_runner.py:72} INFO - Started process 4204 to run task
[2025-02-26T14:20:13.324+0000] {standard_task_runner.py:104} INFO - Running: ['***', 'tasks', 'run', 'our_first_dag', 'first_task', 'scheduled__2021-09-29T00:00:00+00:00', '--job-id', '193', '--raw', '--subdir', 'DAGS_FOLDER/first_dag.py', '--cfg-path', '/tmp/tmpqaurxh0k']
[2025-02-26T14:20:13.326+0000] {standard_task_runner.py:105} INFO - Job 193: Subtask first_task
[2025-02-26T14:20:13.383+0000] {task_command.py:467} INFO - Running <TaskInstance: our_first_dag.first_task scheduled__2021-09-29T00:00:00+00:00 [running]> on host 25887b48f6fb
[2025-02-26T14:20:13.492+0000] {taskinstance.py:3134} INFO - Exporting env vars: AIRFLOW_CTX_DAG_OWNER='***' AIRFLOW_CTX_DAG_ID='our_first_dag' AIRFLOW_CTX_TASK_ID='first_task' AIRFLOW_CTX_EXECUTION_DATE='2021-09-29T00:00:00+00:00' AIRFLOW_CTX_TRY_NUMBER='1' AIRFLOW_CTX_DAG_RUN_ID='scheduled__2021-09-29T00:00:00+00:00'
[2025-02-26T14:20:13.494+0000] {logging_mixin.py:190} INFO - Task instance is in running state
[2025-02-26T14:20:13.495+0000] {logging_mixin.py:190} INFO -  Previous state of the Task instance: queued
[2025-02-26T14:20:13.495+0000] {logging_mixin.py:190} INFO - Current task name:first_task state:running start_date:2025-02-26 14:20:13.172238+00:00
[2025-02-26T14:20:13.495+0000] {logging_mixin.py:190} INFO - Dag name:our_first_dag and current dag run status:running
[2025-02-26T14:20:13.496+0000] {taskinstance.py:732} INFO - ::endgroup::
[2025-02-26T14:20:13.497+0000] {subprocess.py:78} INFO - Tmp dir root location: /tmp
[2025-02-26T14:20:13.498+0000] {subprocess.py:88} INFO - Running command: ['/usr/bin/bash', '-c', 'echo hello world, this is the first task!']
[2025-02-26T14:20:13.515+0000] {subprocess.py:99} INFO - Output:
[2025-02-26T14:20:13.517+0000] {subprocess.py:106} INFO - hello world, this is the first task!
[2025-02-26T14:20:13.518+0000] {subprocess.py:110} INFO - Command exited with return code 0
[2025-02-26T14:20:13.552+0000] {taskinstance.py:341} INFO - ::group::Post task execution logs
[2025-02-26T14:20:13.553+0000] {taskinstance.py:353} INFO - Marking task as SUCCESS. dag_id=our_first_dag, task_id=first_task, run_id=scheduled__2021-09-29T00:00:00+00:00, execution_date=20210929T000000, start_date=20250226T142013, end_date=20250226T142013
[2025-02-26T14:20:13.712+0000] {logging_mixin.py:190} INFO - Task instance in success state
[2025-02-26T14:20:13.713+0000] {logging_mixin.py:190} INFO -  Previous state of the Task instance: running
[2025-02-26T14:20:13.714+0000] {logging_mixin.py:190} INFO - Dag name:our_first_dag queued_at:2025-02-26 14:20:12.116156+00:00
[2025-02-26T14:20:13.714+0000] {logging_mixin.py:190} INFO - Task hostname:25887b48f6fb operator:BashOperator
[2025-02-26T14:20:13.739+0000] {local_task_job_runner.py:266} INFO - Task exited with return code 0
[2025-02-26T14:20:13.779+0000] {taskinstance.py:3901} INFO - 2 downstream tasks scheduled from follow-on schedule check
[2025-02-26T14:20:13.782+0000] {local_task_job_runner.py:245} INFO - ::endgroup::
