[2025-03-04T06:02:21.400+0000] {local_task_job_runner.py:123} INFO - ::group::Pre task execution logs
[2025-03-04T06:02:21.416+0000] {taskinstance.py:2614} INFO - Dependencies all met for dep_context=non-requeueable deps ti=<TaskInstance: xcom_dag_v01.greet manual__2025-03-04T06:02:19.983913+00:00 [queued]>
[2025-03-04T06:02:21.423+0000] {taskinstance.py:2614} INFO - Dependencies all met for dep_context=requeueable deps ti=<TaskInstance: xcom_dag_v01.greet manual__2025-03-04T06:02:19.983913+00:00 [queued]>
[2025-03-04T06:02:21.423+0000] {taskinstance.py:2867} INFO - Starting attempt 1 of 6
[2025-03-04T06:02:21.431+0000] {taskinstance.py:2890} INFO - Executing <Task(PythonOperator): greet> on 2025-03-04 06:02:19.983913+00:00
[2025-03-04T06:02:21.439+0000] {logging_mixin.py:190} WARNING - /home/***/.local/lib/python3.12/site-packages/***/task/task_runner/standard_task_runner.py:70 DeprecationWarning: This process (pid=2014) is multi-threaded, use of fork() may lead to deadlocks in the child.
[2025-03-04T06:02:21.440+0000] {standard_task_runner.py:72} INFO - Started process 2015 to run task
[2025-03-04T06:02:21.440+0000] {standard_task_runner.py:104} INFO - Running: ['***', 'tasks', 'run', 'xcom_dag_v01', 'greet', 'manual__2025-03-04T06:02:19.983913+00:00', '--job-id', '144', '--raw', '--subdir', 'DAGS_FOLDER/dag_xcom.py', '--cfg-path', '/tmp/tmp3y1fb8jz']
[2025-03-04T06:02:21.441+0000] {standard_task_runner.py:105} INFO - Job 144: Subtask greet
[2025-03-04T06:02:21.478+0000] {task_command.py:467} INFO - Running <TaskInstance: xcom_dag_v01.greet manual__2025-03-04T06:02:19.983913+00:00 [running]> on host e52f68431fc8
[2025-03-04T06:02:21.543+0000] {taskinstance.py:3134} INFO - Exporting env vars: AIRFLOW_CTX_DAG_OWNER='coder2j' AIRFLOW_CTX_DAG_ID='xcom_dag_v01' AIRFLOW_CTX_TASK_ID='greet' AIRFLOW_CTX_EXECUTION_DATE='2025-03-04T06:02:19.983913+00:00' AIRFLOW_CTX_TRY_NUMBER='1' AIRFLOW_CTX_DAG_RUN_ID='manual__2025-03-04T06:02:19.983913+00:00'
[2025-03-04T06:02:21.544+0000] {taskinstance.py:732} INFO - ::endgroup::
[2025-03-04T06:02:21.553+0000] {logging_mixin.py:190} INFO - some dict:  {'a': 1, 'b': 2}
[2025-03-04T06:02:21.572+0000] {logging_mixin.py:190} INFO - Hello World! My name is Naveen kumar, and I am 25 years old!
[2025-03-04T06:02:21.573+0000] {python.py:240} INFO - Done. Returned value was: None
[2025-03-04T06:02:21.579+0000] {taskinstance.py:341} INFO - ::group::Post task execution logs
[2025-03-04T06:02:21.579+0000] {taskinstance.py:353} INFO - Marking task as SUCCESS. dag_id=xcom_dag_v01, task_id=greet, run_id=manual__2025-03-04T06:02:19.983913+00:00, execution_date=20250304T060219, start_date=20250304T060221, end_date=20250304T060221
[2025-03-04T06:02:21.613+0000] {local_task_job_runner.py:266} INFO - Task exited with return code 0
[2025-03-04T06:02:21.627+0000] {taskinstance.py:3901} INFO - 0 downstream tasks scheduled from follow-on schedule check
[2025-03-04T06:02:21.630+0000] {local_task_job_runner.py:245} INFO - ::endgroup::
