[2025-03-08T05:47:24.373+0000] {local_task_job_runner.py:123} INFO - ::group::Pre task execution logs
[2025-03-08T05:47:24.395+0000] {taskinstance.py:2614} INFO - Dependencies all met for dep_context=non-requeueable deps ti=<TaskInstance: our_first_dag_v1.thrid_task scheduled__2025-03-07T00:00:00+00:00 [queued]>
[2025-03-08T05:47:24.406+0000] {taskinstance.py:2614} INFO - Dependencies all met for dep_context=requeueable deps ti=<TaskInstance: our_first_dag_v1.thrid_task scheduled__2025-03-07T00:00:00+00:00 [queued]>
[2025-03-08T05:47:24.406+0000] {taskinstance.py:2867} INFO - Starting attempt 1 of 6
[2025-03-08T05:47:24.421+0000] {taskinstance.py:2890} INFO - Executing <Task(BashOperator): thrid_task> on 2025-03-07 00:00:00+00:00
[2025-03-08T05:47:24.429+0000] {standard_task_runner.py:104} INFO - Running: ['***', 'tasks', 'run', 'our_first_dag_v1', 'thrid_task', 'scheduled__2025-03-07T00:00:00+00:00', '--job-id', '618', '--raw', '--subdir', 'DAGS_FOLDER/first_dag.py', '--cfg-path', '/tmp/tmpo6rfv537']
[2025-03-08T05:47:24.431+0000] {standard_task_runner.py:105} INFO - Job 618: Subtask thrid_task
[2025-03-08T05:47:24.431+0000] {logging_mixin.py:190} WARNING - /home/***/.local/lib/python3.12/site-packages/***/task/task_runner/standard_task_runner.py:70 DeprecationWarning: This process (pid=2033158) is multi-threaded, use of fork() may lead to deadlocks in the child.
[2025-03-08T05:47:24.432+0000] {standard_task_runner.py:72} INFO - Started process 2033206 to run task
[2025-03-08T05:47:24.479+0000] {task_command.py:467} INFO - Running <TaskInstance: our_first_dag_v1.thrid_task scheduled__2025-03-07T00:00:00+00:00 [running]> on host 25887b48f6fb
[2025-03-08T05:47:24.565+0000] {taskinstance.py:3134} INFO - Exporting env vars: AIRFLOW_CTX_DAG_OWNER='***' AIRFLOW_CTX_DAG_ID='our_first_dag_v1' AIRFLOW_CTX_TASK_ID='thrid_task' AIRFLOW_CTX_EXECUTION_DATE='2025-03-07T00:00:00+00:00' AIRFLOW_CTX_TRY_NUMBER='1' AIRFLOW_CTX_DAG_RUN_ID='scheduled__2025-03-07T00:00:00+00:00'
[2025-03-08T05:47:24.566+0000] {logging_mixin.py:190} INFO - Task instance is in running state
[2025-03-08T05:47:24.566+0000] {logging_mixin.py:190} INFO -  Previous state of the Task instance: queued
[2025-03-08T05:47:24.566+0000] {logging_mixin.py:190} INFO - Current task name:thrid_task state:running start_date:2025-03-08 05:47:24.396007+00:00
[2025-03-08T05:47:24.566+0000] {logging_mixin.py:190} INFO - Dag name:our_first_dag_v1 and current dag run status:running
[2025-03-08T05:47:24.566+0000] {taskinstance.py:732} INFO - ::endgroup::
[2025-03-08T05:47:24.567+0000] {subprocess.py:78} INFO - Tmp dir root location: /tmp
[2025-03-08T05:47:24.567+0000] {subprocess.py:88} INFO - Running command: ['/usr/bin/bash', '-c', 'echo hey, I am task3 and will be running after task1 at the same time as task2!']
[2025-03-08T05:47:24.580+0000] {subprocess.py:99} INFO - Output:
[2025-03-08T05:47:24.582+0000] {subprocess.py:106} INFO - hey, I am task3 and will be running after task1 at the same time as task2!
[2025-03-08T05:47:24.583+0000] {subprocess.py:110} INFO - Command exited with return code 0
[2025-03-08T05:47:24.607+0000] {taskinstance.py:341} INFO - ::group::Post task execution logs
[2025-03-08T05:47:24.608+0000] {taskinstance.py:353} INFO - Marking task as SUCCESS. dag_id=our_first_dag_v1, task_id=thrid_task, run_id=scheduled__2025-03-07T00:00:00+00:00, execution_date=20250307T000000, start_date=20250308T054724, end_date=20250308T054724
[2025-03-08T05:47:24.630+0000] {logging_mixin.py:190} INFO - Task instance in success state
[2025-03-08T05:47:24.630+0000] {logging_mixin.py:190} INFO -  Previous state of the Task instance: running
[2025-03-08T05:47:24.631+0000] {logging_mixin.py:190} INFO - Dag name:our_first_dag_v1 queued_at:2025-03-08 05:47:21.249533+00:00
[2025-03-08T05:47:24.631+0000] {logging_mixin.py:190} INFO - Task hostname:25887b48f6fb operator:BashOperator
[2025-03-08T05:47:24.647+0000] {local_task_job_runner.py:266} INFO - Task exited with return code 0
[2025-03-08T05:47:24.663+0000] {taskinstance.py:3901} INFO - 0 downstream tasks scheduled from follow-on schedule check
[2025-03-08T05:47:24.665+0000] {local_task_job_runner.py:245} INFO - ::endgroup::
