[2025-03-04T03:52:00.559+0000] {local_task_job_runner.py:123} INFO - ::group::Pre task execution logs
[2025-03-04T03:52:00.577+0000] {taskinstance.py:2614} INFO - Dependencies all met for dep_context=non-requeueable deps ti=<TaskInstance: our_first_dag_v1.thrid_task scheduled__2025-03-03T00:00:00+00:00 [queued]>
[2025-03-04T03:52:00.584+0000] {taskinstance.py:2614} INFO - Dependencies all met for dep_context=requeueable deps ti=<TaskInstance: our_first_dag_v1.thrid_task scheduled__2025-03-03T00:00:00+00:00 [queued]>
[2025-03-04T03:52:00.585+0000] {taskinstance.py:2867} INFO - Starting attempt 1 of 6
[2025-03-04T03:52:00.595+0000] {taskinstance.py:2890} INFO - Executing <Task(BashOperator): thrid_task> on 2025-03-03 00:00:00+00:00
[2025-03-04T03:52:00.606+0000] {standard_task_runner.py:104} INFO - Running: ['***', 'tasks', 'run', 'our_first_dag_v1', 'thrid_task', 'scheduled__2025-03-03T00:00:00+00:00', '--job-id', '606', '--raw', '--subdir', 'DAGS_FOLDER/first_dag.py', '--cfg-path', '/tmp/tmp8zymxnjz']
[2025-03-04T03:52:00.607+0000] {standard_task_runner.py:105} INFO - Job 606: Subtask thrid_task
[2025-03-04T03:52:00.607+0000] {logging_mixin.py:190} WARNING - /home/***/.local/lib/python3.12/site-packages/***/task/task_runner/standard_task_runner.py:70 DeprecationWarning: This process (pid=915974) is multi-threaded, use of fork() may lead to deadlocks in the child.
[2025-03-04T03:52:00.608+0000] {standard_task_runner.py:72} INFO - Started process 916026 to run task
[2025-03-04T03:52:00.654+0000] {task_command.py:467} INFO - Running <TaskInstance: our_first_dag_v1.thrid_task scheduled__2025-03-03T00:00:00+00:00 [running]> on host 25887b48f6fb
[2025-03-04T03:52:00.743+0000] {taskinstance.py:3134} INFO - Exporting env vars: AIRFLOW_CTX_DAG_OWNER='***' AIRFLOW_CTX_DAG_ID='our_first_dag_v1' AIRFLOW_CTX_TASK_ID='thrid_task' AIRFLOW_CTX_EXECUTION_DATE='2025-03-03T00:00:00+00:00' AIRFLOW_CTX_TRY_NUMBER='1' AIRFLOW_CTX_DAG_RUN_ID='scheduled__2025-03-03T00:00:00+00:00'
[2025-03-04T03:52:00.744+0000] {logging_mixin.py:190} INFO - Task instance is in running state
[2025-03-04T03:52:00.745+0000] {logging_mixin.py:190} INFO -  Previous state of the Task instance: queued
[2025-03-04T03:52:00.745+0000] {logging_mixin.py:190} INFO - Current task name:thrid_task state:running start_date:2025-03-04 03:52:00.577399+00:00
[2025-03-04T03:52:00.745+0000] {logging_mixin.py:190} INFO - Dag name:our_first_dag_v1 and current dag run status:running
[2025-03-04T03:52:00.746+0000] {taskinstance.py:732} INFO - ::endgroup::
[2025-03-04T03:52:00.747+0000] {subprocess.py:78} INFO - Tmp dir root location: /tmp
[2025-03-04T03:52:00.747+0000] {subprocess.py:88} INFO - Running command: ['/usr/bin/bash', '-c', 'echo hey, I am task3 and will be running after task1 at the same time as task2!']
[2025-03-04T03:52:00.763+0000] {subprocess.py:99} INFO - Output:
[2025-03-04T03:52:00.764+0000] {subprocess.py:106} INFO - hey, I am task3 and will be running after task1 at the same time as task2!
[2025-03-04T03:52:00.765+0000] {subprocess.py:110} INFO - Command exited with return code 0
[2025-03-04T03:52:00.793+0000] {taskinstance.py:341} INFO - ::group::Post task execution logs
[2025-03-04T03:52:00.793+0000] {taskinstance.py:353} INFO - Marking task as SUCCESS. dag_id=our_first_dag_v1, task_id=thrid_task, run_id=scheduled__2025-03-03T00:00:00+00:00, execution_date=20250303T000000, start_date=20250304T035200, end_date=20250304T035200
[2025-03-04T03:52:00.826+0000] {logging_mixin.py:190} INFO - Task instance in success state
[2025-03-04T03:52:00.826+0000] {logging_mixin.py:190} INFO -  Previous state of the Task instance: running
[2025-03-04T03:52:00.826+0000] {logging_mixin.py:190} INFO - Dag name:our_first_dag_v1 queued_at:2025-03-04 03:51:57.273027+00:00
[2025-03-04T03:52:00.827+0000] {logging_mixin.py:190} INFO - Task hostname:25887b48f6fb operator:BashOperator
[2025-03-04T03:52:00.863+0000] {local_task_job_runner.py:266} INFO - Task exited with return code 0
[2025-03-04T03:52:00.871+0000] {local_task_job_runner.py:245} INFO - ::endgroup::
[2025-03-04T05:11:19.739+0000] {local_task_job_runner.py:123} INFO - ::group::Pre task execution logs
[2025-03-04T05:11:19.756+0000] {taskinstance.py:2614} INFO - Dependencies all met for dep_context=non-requeueable deps ti=<TaskInstance: our_first_dag_v1.thrid_task scheduled__2025-03-03T00:00:00+00:00 [queued]>
[2025-03-04T05:11:19.763+0000] {taskinstance.py:2614} INFO - Dependencies all met for dep_context=requeueable deps ti=<TaskInstance: our_first_dag_v1.thrid_task scheduled__2025-03-03T00:00:00+00:00 [queued]>
[2025-03-04T05:11:19.763+0000] {taskinstance.py:2867} INFO - Starting attempt 1 of 6
[2025-03-04T05:11:19.774+0000] {taskinstance.py:2890} INFO - Executing <Task(BashOperator): thrid_task> on 2025-03-03 00:00:00+00:00
[2025-03-04T05:11:19.783+0000] {standard_task_runner.py:104} INFO - Running: ['***', 'tasks', 'run', 'our_first_dag_v1', 'thrid_task', 'scheduled__2025-03-03T00:00:00+00:00', '--job-id', '24', '--raw', '--subdir', 'DAGS_FOLDER/first_dag.py', '--cfg-path', '/tmp/tmp3m0vnqdx']
[2025-03-04T05:11:19.784+0000] {logging_mixin.py:190} WARNING - /home/***/.local/lib/python3.12/site-packages/***/task/task_runner/standard_task_runner.py:70 DeprecationWarning: This process (pid=278) is multi-threaded, use of fork() may lead to deadlocks in the child.
[2025-03-04T05:11:19.785+0000] {standard_task_runner.py:105} INFO - Job 24: Subtask thrid_task
[2025-03-04T05:11:19.785+0000] {standard_task_runner.py:72} INFO - Started process 289 to run task
[2025-03-04T05:11:19.821+0000] {task_command.py:467} INFO - Running <TaskInstance: our_first_dag_v1.thrid_task scheduled__2025-03-03T00:00:00+00:00 [running]> on host e52f68431fc8
[2025-03-04T05:11:19.899+0000] {taskinstance.py:3134} INFO - Exporting env vars: AIRFLOW_CTX_DAG_OWNER='***' AIRFLOW_CTX_DAG_ID='our_first_dag_v1' AIRFLOW_CTX_TASK_ID='thrid_task' AIRFLOW_CTX_EXECUTION_DATE='2025-03-03T00:00:00+00:00' AIRFLOW_CTX_TRY_NUMBER='1' AIRFLOW_CTX_DAG_RUN_ID='scheduled__2025-03-03T00:00:00+00:00'
[2025-03-04T05:11:19.900+0000] {taskinstance.py:732} INFO - ::endgroup::
[2025-03-04T05:11:19.911+0000] {subprocess.py:78} INFO - Tmp dir root location: /tmp
[2025-03-04T05:11:19.911+0000] {subprocess.py:88} INFO - Running command: ['/usr/bin/bash', '-c', 'echo hey, I am task3 and will be running after task1 at the same time as task2!']
[2025-03-04T05:11:19.922+0000] {subprocess.py:99} INFO - Output:
[2025-03-04T05:11:19.923+0000] {subprocess.py:106} INFO - hey, I am task3 and will be running after task1 at the same time as task2!
[2025-03-04T05:11:19.923+0000] {subprocess.py:110} INFO - Command exited with return code 0
[2025-03-04T05:11:19.945+0000] {taskinstance.py:341} INFO - ::group::Post task execution logs
[2025-03-04T05:11:19.945+0000] {taskinstance.py:353} INFO - Marking task as SUCCESS. dag_id=our_first_dag_v1, task_id=thrid_task, run_id=scheduled__2025-03-03T00:00:00+00:00, execution_date=20250303T000000, start_date=20250304T051119, end_date=20250304T051119
[2025-03-04T05:11:19.999+0000] {local_task_job_runner.py:266} INFO - Task exited with return code 0
[2025-03-04T05:11:20.019+0000] {taskinstance.py:3901} INFO - 0 downstream tasks scheduled from follow-on schedule check
[2025-03-04T05:11:20.023+0000] {local_task_job_runner.py:245} INFO - ::endgroup::
[2025-03-07T10:44:08.689+0000] {taskinstance.py:1159} INFO - Dependencies all met for dep_context=non-requeueable deps ti=<TaskInstance: our_first_dag_v1.thrid_task scheduled__2025-03-03T00:00:00+00:00 [queued]>
[2025-03-07T10:44:08.700+0000] {taskinstance.py:1159} INFO - Dependencies all met for dep_context=requeueable deps ti=<TaskInstance: our_first_dag_v1.thrid_task scheduled__2025-03-03T00:00:00+00:00 [queued]>
[2025-03-07T10:44:08.700+0000] {taskinstance.py:1361} INFO - Starting attempt 1 of 6
[2025-03-07T10:44:08.796+0000] {taskinstance.py:1382} INFO - Executing <Task(BashOperator): thrid_task> on 2025-03-03 00:00:00+00:00
[2025-03-07T10:44:08.800+0000] {standard_task_runner.py:57} INFO - Started process 384 to run task
[2025-03-07T10:44:08.803+0000] {standard_task_runner.py:84} INFO - Running: ['***', 'tasks', 'run', 'our_first_dag_v1', 'thrid_task', 'scheduled__2025-03-03T00:00:00+00:00', '--job-id', '31', '--raw', '--subdir', 'DAGS_FOLDER/first_dag.py', '--cfg-path', '/tmp/tmpxc7lcqbg']
[2025-03-07T10:44:08.805+0000] {standard_task_runner.py:85} INFO - Job 31: Subtask thrid_task
[2025-03-07T10:44:08.846+0000] {task_command.py:416} INFO - Running <TaskInstance: our_first_dag_v1.thrid_task scheduled__2025-03-03T00:00:00+00:00 [running]> on host 93934f8e361f
[2025-03-07T10:44:08.909+0000] {taskinstance.py:1662} INFO - Exporting env vars: AIRFLOW_CTX_DAG_OWNER='***' AIRFLOW_CTX_DAG_ID='our_first_dag_v1' AIRFLOW_CTX_TASK_ID='thrid_task' AIRFLOW_CTX_EXECUTION_DATE='2025-03-03T00:00:00+00:00' AIRFLOW_CTX_TRY_NUMBER='1' AIRFLOW_CTX_DAG_RUN_ID='scheduled__2025-03-03T00:00:00+00:00'
[2025-03-07T10:44:08.910+0000] {subprocess.py:63} INFO - Tmp dir root location: /tmp
[2025-03-07T10:44:08.910+0000] {subprocess.py:75} INFO - Running command: ['/bin/bash', '-c', 'echo hey, I am task3 and will be running after task1 at the same time as task2!']
[2025-03-07T10:44:08.920+0000] {subprocess.py:86} INFO - Output:
[2025-03-07T10:44:08.921+0000] {subprocess.py:93} INFO - hey, I am task3 and will be running after task1 at the same time as task2!
[2025-03-07T10:44:08.921+0000] {subprocess.py:97} INFO - Command exited with return code 0
[2025-03-07T10:44:08.941+0000] {taskinstance.py:1400} INFO - Marking task as SUCCESS. dag_id=our_first_dag_v1, task_id=thrid_task, execution_date=20250303T000000, start_date=20250307T104408, end_date=20250307T104408
[2025-03-07T10:44:08.974+0000] {local_task_job_runner.py:228} INFO - Task exited with return code 0
[2025-03-07T10:44:08.990+0000] {taskinstance.py:2778} INFO - 0 downstream tasks scheduled from follow-on schedule check
