[2025-02-26T14:20:15.779+0000] {local_task_job_runner.py:123} INFO - ::group::Pre task execution logs
[2025-02-26T14:20:15.818+0000] {taskinstance.py:2614} INFO - Dependencies all met for dep_context=non-requeueable deps ti=<TaskInstance: our_first_dag.second_task scheduled__2021-10-02T00:00:00+00:00 [queued]>
[2025-02-26T14:20:15.839+0000] {taskinstance.py:2614} INFO - Dependencies all met for dep_context=requeueable deps ti=<TaskInstance: our_first_dag.second_task scheduled__2021-10-02T00:00:00+00:00 [queued]>
[2025-02-26T14:20:15.840+0000] {taskinstance.py:2867} INFO - Starting attempt 1 of 6
[2025-02-26T14:20:15.859+0000] {taskinstance.py:2890} INFO - Executing <Task(BashOperator): second_task> on 2021-10-02 00:00:00+00:00
[2025-02-26T14:20:15.875+0000] {standard_task_runner.py:104} INFO - Running: ['***', 'tasks', 'run', 'our_first_dag', 'second_task', 'scheduled__2021-10-02T00:00:00+00:00', '--job-id', '208', '--raw', '--subdir', 'DAGS_FOLDER/first_dag.py', '--cfg-path', '/tmp/tmpe6wghpqu']
[2025-02-26T14:20:15.876+0000] {logging_mixin.py:190} WARNING - /home/***/.local/lib/python3.12/site-packages/***/task/task_runner/standard_task_runner.py:70 DeprecationWarning: This process (pid=4224) is multi-threaded, use of fork() may lead to deadlocks in the child.
[2025-02-26T14:20:15.877+0000] {standard_task_runner.py:105} INFO - Job 208: Subtask second_task
[2025-02-26T14:20:15.877+0000] {standard_task_runner.py:72} INFO - Started process 4270 to run task
[2025-02-26T14:20:15.942+0000] {task_command.py:467} INFO - Running <TaskInstance: our_first_dag.second_task scheduled__2021-10-02T00:00:00+00:00 [running]> on host 25887b48f6fb
[2025-02-26T14:20:16.069+0000] {taskinstance.py:3134} INFO - Exporting env vars: AIRFLOW_CTX_DAG_OWNER='***' AIRFLOW_CTX_DAG_ID='our_first_dag' AIRFLOW_CTX_TASK_ID='second_task' AIRFLOW_CTX_EXECUTION_DATE='2021-10-02T00:00:00+00:00' AIRFLOW_CTX_TRY_NUMBER='1' AIRFLOW_CTX_DAG_RUN_ID='scheduled__2021-10-02T00:00:00+00:00'
[2025-02-26T14:20:16.071+0000] {logging_mixin.py:190} INFO - Task instance is in running state
[2025-02-26T14:20:16.071+0000] {logging_mixin.py:190} INFO -  Previous state of the Task instance: queued
[2025-02-26T14:20:16.072+0000] {logging_mixin.py:190} INFO - Current task name:second_task state:running start_date:2025-02-26 14:20:15.818978+00:00
[2025-02-26T14:20:16.072+0000] {logging_mixin.py:190} INFO - Dag name:our_first_dag and current dag run status:running
[2025-02-26T14:20:16.073+0000] {taskinstance.py:732} INFO - ::endgroup::
[2025-02-26T14:20:16.074+0000] {subprocess.py:78} INFO - Tmp dir root location: /tmp
[2025-02-26T14:20:16.075+0000] {subprocess.py:88} INFO - Running command: ['/usr/bin/bash', '-c', 'echo hey, I am task2 and will be running after task1!']
[2025-02-26T14:20:16.095+0000] {subprocess.py:99} INFO - Output:
[2025-02-26T14:20:16.098+0000] {subprocess.py:106} INFO - hey, I am task2 and will be running after task1!
[2025-02-26T14:20:16.099+0000] {subprocess.py:110} INFO - Command exited with return code 0
[2025-02-26T14:20:16.132+0000] {taskinstance.py:341} INFO - ::group::Post task execution logs
[2025-02-26T14:20:16.133+0000] {taskinstance.py:353} INFO - Marking task as SUCCESS. dag_id=our_first_dag, task_id=second_task, run_id=scheduled__2021-10-02T00:00:00+00:00, execution_date=20211002T000000, start_date=20250226T142015, end_date=20250226T142016
[2025-02-26T14:20:16.169+0000] {logging_mixin.py:190} INFO - Task instance in success state
[2025-02-26T14:20:16.170+0000] {logging_mixin.py:190} INFO -  Previous state of the Task instance: running
[2025-02-26T14:20:16.170+0000] {logging_mixin.py:190} INFO - Dag name:our_first_dag queued_at:2025-02-26 14:20:12.321094+00:00
[2025-02-26T14:20:16.171+0000] {logging_mixin.py:190} INFO - Task hostname:25887b48f6fb operator:BashOperator
[2025-02-26T14:20:16.213+0000] {local_task_job_runner.py:266} INFO - Task exited with return code 0
[2025-02-26T14:20:16.242+0000] {taskinstance.py:3901} INFO - 0 downstream tasks scheduled from follow-on schedule check
[2025-02-26T14:20:16.246+0000] {local_task_job_runner.py:245} INFO - ::endgroup::
