[2025-02-26T14:20:02.815+0000] {local_task_job_runner.py:123} INFO - ::group::Pre task execution logs
[2025-02-26T14:20:02.843+0000] {taskinstance.py:2614} INFO - Dependencies all met for dep_context=non-requeueable deps ti=<TaskInstance: our_first_dag.first_task scheduled__2021-09-25T00:00:00+00:00 [queued]>
[2025-02-26T14:20:02.858+0000] {taskinstance.py:2614} INFO - Dependencies all met for dep_context=requeueable deps ti=<TaskInstance: our_first_dag.first_task scheduled__2021-09-25T00:00:00+00:00 [queued]>
[2025-02-26T14:20:02.858+0000] {taskinstance.py:2867} INFO - Starting attempt 1 of 6
[2025-02-26T14:20:02.888+0000] {taskinstance.py:2890} INFO - Executing <Task(BashOperator): first_task> on 2021-09-25 00:00:00+00:00
[2025-02-26T14:20:02.903+0000] {logging_mixin.py:190} WARNING - /home/***/.local/lib/python3.12/site-packages/***/task/task_runner/standard_task_runner.py:70 DeprecationWarning: This process (pid=3797) is multi-threaded, use of fork() may lead to deadlocks in the child.
[2025-02-26T14:20:02.905+0000] {standard_task_runner.py:72} INFO - Started process 3854 to run task
[2025-02-26T14:20:02.904+0000] {standard_task_runner.py:104} INFO - Running: ['***', 'tasks', 'run', 'our_first_dag', 'first_task', 'scheduled__2021-09-25T00:00:00+00:00', '--job-id', '158', '--raw', '--subdir', 'DAGS_FOLDER/first_dag.py', '--cfg-path', '/tmp/tmp9xe_g87b']
[2025-02-26T14:20:02.906+0000] {standard_task_runner.py:105} INFO - Job 158: Subtask first_task
[2025-02-26T14:20:02.975+0000] {task_command.py:467} INFO - Running <TaskInstance: our_first_dag.first_task scheduled__2021-09-25T00:00:00+00:00 [running]> on host 25887b48f6fb
[2025-02-26T14:20:03.108+0000] {taskinstance.py:3134} INFO - Exporting env vars: AIRFLOW_CTX_DAG_OWNER='***' AIRFLOW_CTX_DAG_ID='our_first_dag' AIRFLOW_CTX_TASK_ID='first_task' AIRFLOW_CTX_EXECUTION_DATE='2021-09-25T00:00:00+00:00' AIRFLOW_CTX_TRY_NUMBER='1' AIRFLOW_CTX_DAG_RUN_ID='scheduled__2021-09-25T00:00:00+00:00'
[2025-02-26T14:20:03.110+0000] {logging_mixin.py:190} INFO - Task instance is in running state
[2025-02-26T14:20:03.111+0000] {logging_mixin.py:190} INFO -  Previous state of the Task instance: queued
[2025-02-26T14:20:03.111+0000] {logging_mixin.py:190} INFO - Current task name:first_task state:running start_date:2025-02-26 14:20:02.843946+00:00
[2025-02-26T14:20:03.112+0000] {logging_mixin.py:190} INFO - Dag name:our_first_dag and current dag run status:running
[2025-02-26T14:20:03.112+0000] {taskinstance.py:732} INFO - ::endgroup::
[2025-02-26T14:20:03.114+0000] {subprocess.py:78} INFO - Tmp dir root location: /tmp
[2025-02-26T14:20:03.115+0000] {subprocess.py:88} INFO - Running command: ['/usr/bin/bash', '-c', 'echo hello world, this is the first task!']
[2025-02-26T14:20:03.134+0000] {subprocess.py:99} INFO - Output:
[2025-02-26T14:20:03.136+0000] {subprocess.py:106} INFO - hello world, this is the first task!
[2025-02-26T14:20:03.137+0000] {subprocess.py:110} INFO - Command exited with return code 0
[2025-02-26T14:20:03.170+0000] {taskinstance.py:341} INFO - ::group::Post task execution logs
[2025-02-26T14:20:03.171+0000] {taskinstance.py:353} INFO - Marking task as SUCCESS. dag_id=our_first_dag, task_id=first_task, run_id=scheduled__2021-09-25T00:00:00+00:00, execution_date=20210925T000000, start_date=20250226T142002, end_date=20250226T142003
[2025-02-26T14:20:03.214+0000] {logging_mixin.py:190} INFO - Task instance in success state
[2025-02-26T14:20:03.215+0000] {logging_mixin.py:190} INFO -  Previous state of the Task instance: running
[2025-02-26T14:20:03.215+0000] {logging_mixin.py:190} INFO - Dag name:our_first_dag queued_at:2025-02-26 14:20:00.780545+00:00
[2025-02-26T14:20:03.215+0000] {logging_mixin.py:190} INFO - Task hostname:25887b48f6fb operator:BashOperator
[2025-02-26T14:20:03.240+0000] {local_task_job_runner.py:266} INFO - Task exited with return code 0
[2025-02-26T14:20:03.275+0000] {taskinstance.py:3901} INFO - 2 downstream tasks scheduled from follow-on schedule check
[2025-02-26T14:20:03.282+0000] {local_task_job_runner.py:245} INFO - ::endgroup::
