[2025-03-05T05:18:30.371+0000] {local_task_job_runner.py:123} INFO - ::group::Pre task execution logs
[2025-03-05T05:18:30.424+0000] {taskinstance.py:2614} INFO - Dependencies all met for dep_context=non-requeueable deps ti=<TaskInstance: our_dag_with_python_operator_v01.greet scheduled__2025-03-04T00:00:00+00:00 [queued]>
[2025-03-05T05:18:30.437+0000] {taskinstance.py:2614} INFO - Dependencies all met for dep_context=requeueable deps ti=<TaskInstance: our_dag_with_python_operator_v01.greet scheduled__2025-03-04T00:00:00+00:00 [queued]>
[2025-03-05T05:18:30.438+0000] {taskinstance.py:2867} INFO - Starting attempt 1 of 6
[2025-03-05T05:18:30.460+0000] {taskinstance.py:2890} INFO - Executing <Task(PythonOperator): greet> on 2025-03-04 00:00:00+00:00
[2025-03-05T05:18:30.475+0000] {standard_task_runner.py:104} INFO - Running: ['***', 'tasks', 'run', 'our_dag_with_python_operator_v01', 'greet', 'scheduled__2025-03-04T00:00:00+00:00', '--job-id', '257', '--raw', '--subdir', 'DAGS_FOLDER/dag_python_operator.py', '--cfg-path', '/tmp/tmpebt0xc9j']
[2025-03-05T05:18:30.478+0000] {standard_task_runner.py:105} INFO - Job 257: Subtask greet
[2025-03-05T05:18:30.482+0000] {logging_mixin.py:190} WARNING - /home/***/.local/lib/python3.12/site-packages/***/task/task_runner/standard_task_runner.py:70 DeprecationWarning: This process (pid=5033) is multi-threaded, use of fork() may lead to deadlocks in the child.
[2025-03-05T05:18:30.483+0000] {standard_task_runner.py:72} INFO - Started process 5050 to run task
[2025-03-05T05:18:30.530+0000] {task_command.py:467} INFO - Running <TaskInstance: our_dag_with_python_operator_v01.greet scheduled__2025-03-04T00:00:00+00:00 [running]> on host d33615cae033
[2025-03-05T05:18:30.621+0000] {taskinstance.py:3134} INFO - Exporting env vars: AIRFLOW_CTX_DAG_OWNER='naveen' AIRFLOW_CTX_DAG_ID='our_dag_with_python_operator_v01' AIRFLOW_CTX_TASK_ID='greet' AIRFLOW_CTX_EXECUTION_DATE='2025-03-04T00:00:00+00:00' AIRFLOW_CTX_TRY_NUMBER='1' AIRFLOW_CTX_DAG_RUN_ID='scheduled__2025-03-04T00:00:00+00:00'
[2025-03-05T05:18:30.622+0000] {taskinstance.py:732} INFO - ::endgroup::
[2025-03-05T05:18:30.634+0000] {logging_mixin.py:190} INFO - Hello World! My name is naveen, and I am 25 years old!
[2025-03-05T05:18:30.635+0000] {python.py:240} INFO - Done. Returned value was: None
[2025-03-05T05:18:30.643+0000] {taskinstance.py:341} INFO - ::group::Post task execution logs
[2025-03-05T05:18:30.643+0000] {taskinstance.py:353} INFO - Marking task as SUCCESS. dag_id=our_dag_with_python_operator_v01, task_id=greet, run_id=scheduled__2025-03-04T00:00:00+00:00, execution_date=20250304T000000, start_date=20250305T051830, end_date=20250305T051830
[2025-03-05T05:18:30.698+0000] {local_task_job_runner.py:266} INFO - Task exited with return code 0
[2025-03-05T05:18:30.715+0000] {taskinstance.py:3901} INFO - 0 downstream tasks scheduled from follow-on schedule check
[2025-03-05T05:18:30.718+0000] {local_task_job_runner.py:245} INFO - ::endgroup::
[2025-03-12T10:10:32.387+0000] {taskinstance.py:1159} INFO - Dependencies all met for dep_context=non-requeueable deps ti=<TaskInstance: our_dag_with_python_operator_v01.greet scheduled__2025-03-04T00:00:00+00:00 [queued]>
[2025-03-12T10:10:32.411+0000] {taskinstance.py:1159} INFO - Dependencies all met for dep_context=requeueable deps ti=<TaskInstance: our_dag_with_python_operator_v01.greet scheduled__2025-03-04T00:00:00+00:00 [queued]>
[2025-03-12T10:10:32.412+0000] {taskinstance.py:1361} INFO - Starting attempt 1 of 6
[2025-03-12T10:10:32.432+0000] {taskinstance.py:1382} INFO - Executing <Task(PythonOperator): greet> on 2025-03-04 00:00:00+00:00
[2025-03-12T10:10:32.442+0000] {standard_task_runner.py:57} INFO - Started process 69308 to run task
[2025-03-12T10:10:32.446+0000] {standard_task_runner.py:84} INFO - Running: ['***', 'tasks', 'run', 'our_dag_with_python_operator_v01', 'greet', 'scheduled__2025-03-04T00:00:00+00:00', '--job-id', '617', '--raw', '--subdir', 'DAGS_FOLDER/dag_python_operator.py', '--cfg-path', '/tmp/tmpw0srwjav']
[2025-03-12T10:10:32.458+0000] {standard_task_runner.py:85} INFO - Job 617: Subtask greet
[2025-03-12T10:10:32.540+0000] {task_command.py:416} INFO - Running <TaskInstance: our_dag_with_python_operator_v01.greet scheduled__2025-03-04T00:00:00+00:00 [running]> on host 1cc1501afd2a
[2025-03-12T10:10:32.666+0000] {taskinstance.py:1662} INFO - Exporting env vars: AIRFLOW_CTX_DAG_OWNER='naveen' AIRFLOW_CTX_DAG_ID='our_dag_with_python_operator_v01' AIRFLOW_CTX_TASK_ID='greet' AIRFLOW_CTX_EXECUTION_DATE='2025-03-04T00:00:00+00:00' AIRFLOW_CTX_TRY_NUMBER='1' AIRFLOW_CTX_DAG_RUN_ID='scheduled__2025-03-04T00:00:00+00:00'
[2025-03-12T10:10:32.669+0000] {logging_mixin.py:154} INFO - Hello World! My name is naveen, and I am 25 years old!
[2025-03-12T10:10:32.669+0000] {python.py:194} INFO - Done. Returned value was: None
[2025-03-12T10:10:32.686+0000] {taskinstance.py:1400} INFO - Marking task as SUCCESS. dag_id=our_dag_with_python_operator_v01, task_id=greet, execution_date=20250304T000000, start_date=20250312T101032, end_date=20250312T101032
[2025-03-12T10:10:32.741+0000] {local_task_job_runner.py:228} INFO - Task exited with return code 0
[2025-03-12T10:10:32.766+0000] {taskinstance.py:2778} INFO - 0 downstream tasks scheduled from follow-on schedule check
