[2025-02-26T14:21:36.691+0000] {local_task_job_runner.py:123} INFO - ::group::Pre task execution logs
[2025-02-26T14:21:36.728+0000] {taskinstance.py:2614} INFO - Dependencies all met for dep_context=non-requeueable deps ti=<TaskInstance: our_first_dag.thrid_task scheduled__2022-01-16T00:00:00+00:00 [queued]>
[2025-02-26T14:21:36.750+0000] {taskinstance.py:2614} INFO - Dependencies all met for dep_context=requeueable deps ti=<TaskInstance: our_first_dag.thrid_task scheduled__2022-01-16T00:00:00+00:00 [queued]>
[2025-02-26T14:21:36.751+0000] {taskinstance.py:2867} INFO - Starting attempt 1 of 6
[2025-02-26T14:21:36.773+0000] {taskinstance.py:2890} INFO - Executing <Task(BashOperator): thrid_task> on 2022-01-16 00:00:00+00:00
[2025-02-26T14:21:36.791+0000] {standard_task_runner.py:104} INFO - Running: ['***', 'tasks', 'run', 'our_first_dag', 'thrid_task', 'scheduled__2022-01-16T00:00:00+00:00', '--job-id', '532', '--raw', '--subdir', 'DAGS_FOLDER/first_dag.py', '--cfg-path', '/tmp/tmp62c725_g']
[2025-02-26T14:21:36.793+0000] {standard_task_runner.py:105} INFO - Job 532: Subtask thrid_task
[2025-02-26T14:21:36.792+0000] {logging_mixin.py:190} WARNING - /home/***/.local/lib/python3.12/site-packages/***/task/task_runner/standard_task_runner.py:70 DeprecationWarning: This process (pid=6217) is multi-threaded, use of fork() may lead to deadlocks in the child.
[2025-02-26T14:21:36.794+0000] {standard_task_runner.py:72} INFO - Started process 6261 to run task
[2025-02-26T14:21:36.872+0000] {task_command.py:467} INFO - Running <TaskInstance: our_first_dag.thrid_task scheduled__2022-01-16T00:00:00+00:00 [running]> on host 25887b48f6fb
[2025-02-26T14:21:37.020+0000] {taskinstance.py:3134} INFO - Exporting env vars: AIRFLOW_CTX_DAG_OWNER='***' AIRFLOW_CTX_DAG_ID='our_first_dag' AIRFLOW_CTX_TASK_ID='thrid_task' AIRFLOW_CTX_EXECUTION_DATE='2022-01-16T00:00:00+00:00' AIRFLOW_CTX_TRY_NUMBER='1' AIRFLOW_CTX_DAG_RUN_ID='scheduled__2022-01-16T00:00:00+00:00'
[2025-02-26T14:21:37.022+0000] {logging_mixin.py:190} INFO - Task instance is in running state
[2025-02-26T14:21:37.022+0000] {logging_mixin.py:190} INFO -  Previous state of the Task instance: queued
[2025-02-26T14:21:37.023+0000] {logging_mixin.py:190} INFO - Current task name:thrid_task state:running start_date:2025-02-26 14:21:36.729180+00:00
[2025-02-26T14:21:37.023+0000] {logging_mixin.py:190} INFO - Dag name:our_first_dag and current dag run status:running
[2025-02-26T14:21:37.024+0000] {taskinstance.py:732} INFO - ::endgroup::
[2025-02-26T14:21:37.025+0000] {subprocess.py:78} INFO - Tmp dir root location: /tmp
[2025-02-26T14:21:37.026+0000] {subprocess.py:88} INFO - Running command: ['/usr/bin/bash', '-c', 'echo hey, I am task3 and will be running after task1 at the same time as task2!']
[2025-02-26T14:21:37.046+0000] {subprocess.py:99} INFO - Output:
[2025-02-26T14:21:37.048+0000] {subprocess.py:106} INFO - hey, I am task3 and will be running after task1 at the same time as task2!
[2025-02-26T14:21:37.049+0000] {subprocess.py:110} INFO - Command exited with return code 0
[2025-02-26T14:21:37.086+0000] {taskinstance.py:341} INFO - ::group::Post task execution logs
[2025-02-26T14:21:37.087+0000] {taskinstance.py:353} INFO - Marking task as SUCCESS. dag_id=our_first_dag, task_id=thrid_task, run_id=scheduled__2022-01-16T00:00:00+00:00, execution_date=20220116T000000, start_date=20250226T142136, end_date=20250226T142137
[2025-02-26T14:21:37.123+0000] {logging_mixin.py:190} INFO - Task instance in success state
[2025-02-26T14:21:37.124+0000] {logging_mixin.py:190} INFO -  Previous state of the Task instance: running
[2025-02-26T14:21:37.125+0000] {logging_mixin.py:190} INFO - Dag name:our_first_dag queued_at:2025-02-26 14:21:30.906279+00:00
[2025-02-26T14:21:37.125+0000] {logging_mixin.py:190} INFO - Task hostname:25887b48f6fb operator:BashOperator
[2025-02-26T14:21:37.170+0000] {local_task_job_runner.py:266} INFO - Task exited with return code 0
[2025-02-26T14:21:37.195+0000] {taskinstance.py:3901} INFO - 0 downstream tasks scheduled from follow-on schedule check
[2025-02-26T14:21:37.198+0000] {local_task_job_runner.py:245} INFO - ::endgroup::
