[2025-03-07T11:02:58.860+0000] {taskinstance.py:1159} INFO - Dependencies all met for dep_context=non-requeueable deps ti=<TaskInstance: dag_with_postgres_operator_v03.create_postgres_table scheduled__2025-03-05T00:00:00+00:00 [queued]>
[2025-03-07T11:02:58.869+0000] {taskinstance.py:1159} INFO - Dependencies all met for dep_context=requeueable deps ti=<TaskInstance: dag_with_postgres_operator_v03.create_postgres_table scheduled__2025-03-05T00:00:00+00:00 [queued]>
[2025-03-07T11:02:58.869+0000] {taskinstance.py:1361} INFO - Starting attempt 3 of 6
[2025-03-07T11:02:58.881+0000] {taskinstance.py:1382} INFO - Executing <Task(PostgresOperator): create_postgres_table> on 2025-03-05 00:00:00+00:00
[2025-03-07T11:02:58.886+0000] {standard_task_runner.py:57} INFO - Started process 1024 to run task
[2025-03-07T11:02:58.889+0000] {standard_task_runner.py:84} INFO - Running: ['***', 'tasks', 'run', 'dag_with_postgres_operator_v03', 'create_postgres_table', 'scheduled__2025-03-05T00:00:00+00:00', '--job-id', '29', '--raw', '--subdir', 'DAGS_FOLDER/postgres_operator.py', '--cfg-path', '/tmp/tmpgkij5_dc']
[2025-03-07T11:02:58.891+0000] {standard_task_runner.py:85} INFO - Job 29: Subtask create_postgres_table
[2025-03-07T11:02:58.957+0000] {task_command.py:416} INFO - Running <TaskInstance: dag_with_postgres_operator_v03.create_postgres_table scheduled__2025-03-05T00:00:00+00:00 [running]> on host 5588030d4cfa
[2025-03-07T11:02:59.033+0000] {taskinstance.py:1662} INFO - Exporting env vars: AIRFLOW_CTX_DAG_OWNER='***' AIRFLOW_CTX_DAG_ID='dag_with_postgres_operator_v03' AIRFLOW_CTX_TASK_ID='create_postgres_table' AIRFLOW_CTX_EXECUTION_DATE='2025-03-05T00:00:00+00:00' AIRFLOW_CTX_TRY_NUMBER='3' AIRFLOW_CTX_DAG_RUN_ID='scheduled__2025-03-05T00:00:00+00:00'
[2025-03-07T11:02:59.034+0000] {sql.py:274} INFO - Executing: 
            create table if not exists dag_runs (
                dt date,
                dag_id character varying,
                primary key (dt, dag_id)
            )
        
[2025-03-07T11:02:59.042+0000] {base.py:73} INFO - Using connection ID 'postgres_localhost' for task execution.
[2025-03-07T11:02:59.051+0000] {base.py:73} INFO - Using connection ID 'postgres_localhost' for task execution.
[2025-03-07T11:02:59.055+0000] {sql.py:418} INFO - Running statement: 
            create table if not exists dag_runs (
                dt date,
                dag_id character varying,
                primary key (dt, dag_id)
            )
        , parameters: None
[2025-03-07T11:02:59.068+0000] {taskinstance.py:1400} INFO - Marking task as SUCCESS. dag_id=dag_with_postgres_operator_v03, task_id=create_postgres_table, execution_date=20250305T000000, start_date=20250307T110258, end_date=20250307T110259
[2025-03-07T11:02:59.101+0000] {local_task_job_runner.py:228} INFO - Task exited with return code 0
[2025-03-07T11:02:59.123+0000] {taskinstance.py:2778} INFO - 1 downstream tasks scheduled from follow-on schedule check
