[2025-03-04T06:01:50.933+0000] {local_task_job_runner.py:123} INFO - ::group::Pre task execution logs
[2025-03-04T06:01:50.954+0000] {taskinstance.py:2614} INFO - Dependencies all met for dep_context=non-requeueable deps ti=<TaskInstance: xcom_dag_v01.get_age scheduled__2025-03-03T00:00:00+00:00 [queued]>
[2025-03-04T06:01:50.965+0000] {taskinstance.py:2614} INFO - Dependencies all met for dep_context=requeueable deps ti=<TaskInstance: xcom_dag_v01.get_age scheduled__2025-03-03T00:00:00+00:00 [queued]>
[2025-03-04T06:01:50.966+0000] {taskinstance.py:2867} INFO - Starting attempt 1 of 6
[2025-03-04T06:01:50.982+0000] {taskinstance.py:2890} INFO - Executing <Task(PythonOperator): get_age> on 2025-03-03 00:00:00+00:00
[2025-03-04T06:01:50.992+0000] {logging_mixin.py:190} WARNING - /home/***/.local/lib/python3.12/site-packages/***/task/task_runner/standard_task_runner.py:70 DeprecationWarning: This process (pid=1978) is multi-threaded, use of fork() may lead to deadlocks in the child.
[2025-03-04T06:01:50.993+0000] {standard_task_runner.py:72} INFO - Started process 1980 to run task
[2025-03-04T06:01:50.992+0000] {standard_task_runner.py:104} INFO - Running: ['***', 'tasks', 'run', 'xcom_dag_v01', 'get_age', 'scheduled__2025-03-03T00:00:00+00:00', '--job-id', '139', '--raw', '--subdir', 'DAGS_FOLDER/dag_xcom.py', '--cfg-path', '/tmp/tmpni0g4qvc']
[2025-03-04T06:01:50.993+0000] {standard_task_runner.py:105} INFO - Job 139: Subtask get_age
[2025-03-04T06:01:51.045+0000] {task_command.py:467} INFO - Running <TaskInstance: xcom_dag_v01.get_age scheduled__2025-03-03T00:00:00+00:00 [running]> on host e52f68431fc8
[2025-03-04T06:01:51.115+0000] {taskinstance.py:3134} INFO - Exporting env vars: AIRFLOW_CTX_DAG_OWNER='coder2j' AIRFLOW_CTX_DAG_ID='xcom_dag_v01' AIRFLOW_CTX_TASK_ID='get_age' AIRFLOW_CTX_EXECUTION_DATE='2025-03-03T00:00:00+00:00' AIRFLOW_CTX_TRY_NUMBER='1' AIRFLOW_CTX_DAG_RUN_ID='scheduled__2025-03-03T00:00:00+00:00'
[2025-03-04T06:01:51.115+0000] {taskinstance.py:732} INFO - ::endgroup::
[2025-03-04T06:01:51.138+0000] {python.py:240} INFO - Done. Returned value was: None
[2025-03-04T06:01:51.147+0000] {taskinstance.py:341} INFO - ::group::Post task execution logs
[2025-03-04T06:01:51.147+0000] {taskinstance.py:353} INFO - Marking task as SUCCESS. dag_id=xcom_dag_v01, task_id=get_age, run_id=scheduled__2025-03-03T00:00:00+00:00, execution_date=20250303T000000, start_date=20250304T060150, end_date=20250304T060151
[2025-03-04T06:01:51.208+0000] {local_task_job_runner.py:266} INFO - Task exited with return code 0
[2025-03-04T06:01:51.231+0000] {taskinstance.py:3901} INFO - 1 downstream tasks scheduled from follow-on schedule check
[2025-03-04T06:01:51.233+0000] {local_task_job_runner.py:245} INFO - ::endgroup::
[2025-03-12T10:23:12.612+0000] {taskinstance.py:1159} INFO - Dependencies all met for dep_context=non-requeueable deps ti=<TaskInstance: xcom_dag_v01.get_age scheduled__2025-03-03T00:00:00+00:00 [queued]>
[2025-03-12T10:23:12.630+0000] {taskinstance.py:1159} INFO - Dependencies all met for dep_context=requeueable deps ti=<TaskInstance: xcom_dag_v01.get_age scheduled__2025-03-03T00:00:00+00:00 [queued]>
[2025-03-12T10:23:12.630+0000] {taskinstance.py:1361} INFO - Starting attempt 1 of 6
[2025-03-12T10:23:12.889+0000] {taskinstance.py:1382} INFO - Executing <Task(PythonOperator): get_age> on 2025-03-03 00:00:00+00:00
[2025-03-12T10:23:12.904+0000] {standard_task_runner.py:57} INFO - Started process 935 to run task
[2025-03-12T10:23:12.910+0000] {standard_task_runner.py:84} INFO - Running: ['***', 'tasks', 'run', 'xcom_dag_v01', 'get_age', 'scheduled__2025-03-03T00:00:00+00:00', '--job-id', '628', '--raw', '--subdir', 'DAGS_FOLDER/dag_xcom.py', '--cfg-path', '/tmp/tmplhnxc7p_']
[2025-03-12T10:23:12.918+0000] {standard_task_runner.py:85} INFO - Job 628: Subtask get_age
[2025-03-12T10:23:13.007+0000] {task_command.py:416} INFO - Running <TaskInstance: xcom_dag_v01.get_age scheduled__2025-03-03T00:00:00+00:00 [running]> on host 2e40015af180
[2025-03-12T10:23:13.147+0000] {taskinstance.py:1662} INFO - Exporting env vars: AIRFLOW_CTX_DAG_OWNER='naveen' AIRFLOW_CTX_DAG_ID='xcom_dag_v01' AIRFLOW_CTX_TASK_ID='get_age' AIRFLOW_CTX_EXECUTION_DATE='2025-03-03T00:00:00+00:00' AIRFLOW_CTX_TRY_NUMBER='1' AIRFLOW_CTX_DAG_RUN_ID='scheduled__2025-03-03T00:00:00+00:00'
[2025-03-12T10:23:13.175+0000] {python.py:194} INFO - Done. Returned value was: None
[2025-03-12T10:23:13.192+0000] {taskinstance.py:1400} INFO - Marking task as SUCCESS. dag_id=xcom_dag_v01, task_id=get_age, execution_date=20250303T000000, start_date=20250312T102312, end_date=20250312T102313
[2025-03-12T10:23:13.245+0000] {local_task_job_runner.py:228} INFO - Task exited with return code 0
[2025-03-12T10:23:13.290+0000] {taskinstance.py:2778} INFO - 1 downstream tasks scheduled from follow-on schedule check
