[2025-02-26T14:21:33.855+0000] {local_task_job_runner.py:123} INFO - ::group::Pre task execution logs
[2025-02-26T14:21:33.888+0000] {taskinstance.py:2614} INFO - Dependencies all met for dep_context=non-requeueable deps ti=<TaskInstance: our_first_dag.first_task scheduled__2022-01-22T00:00:00+00:00 [queued]>
[2025-02-26T14:21:33.905+0000] {taskinstance.py:2614} INFO - Dependencies all met for dep_context=requeueable deps ti=<TaskInstance: our_first_dag.first_task scheduled__2022-01-22T00:00:00+00:00 [queued]>
[2025-02-26T14:21:33.906+0000] {taskinstance.py:2867} INFO - Starting attempt 1 of 6
[2025-02-26T14:21:34.086+0000] {taskinstance.py:2890} INFO - Executing <Task(BashOperator): first_task> on 2022-01-22 00:00:00+00:00
[2025-02-26T14:21:34.117+0000] {logging_mixin.py:190} WARNING - /home/***/.local/lib/python3.12/site-packages/***/task/task_runner/standard_task_runner.py:70 DeprecationWarning: This process (pid=6120) is multi-threaded, use of fork() may lead to deadlocks in the child.
[2025-02-26T14:21:34.117+0000] {standard_task_runner.py:104} INFO - Running: ['***', 'tasks', 'run', 'our_first_dag', 'first_task', 'scheduled__2022-01-22T00:00:00+00:00', '--job-id', '516', '--raw', '--subdir', 'DAGS_FOLDER/first_dag.py', '--cfg-path', '/tmp/tmp_omotrbt']
[2025-02-26T14:21:34.120+0000] {standard_task_runner.py:105} INFO - Job 516: Subtask first_task
[2025-02-26T14:21:34.121+0000] {standard_task_runner.py:72} INFO - Started process 6174 to run task
[2025-02-26T14:21:34.252+0000] {task_command.py:467} INFO - Running <TaskInstance: our_first_dag.first_task scheduled__2022-01-22T00:00:00+00:00 [running]> on host 25887b48f6fb
[2025-02-26T14:21:34.410+0000] {taskinstance.py:3134} INFO - Exporting env vars: AIRFLOW_CTX_DAG_OWNER='***' AIRFLOW_CTX_DAG_ID='our_first_dag' AIRFLOW_CTX_TASK_ID='first_task' AIRFLOW_CTX_EXECUTION_DATE='2022-01-22T00:00:00+00:00' AIRFLOW_CTX_TRY_NUMBER='1' AIRFLOW_CTX_DAG_RUN_ID='scheduled__2022-01-22T00:00:00+00:00'
[2025-02-26T14:21:34.412+0000] {logging_mixin.py:190} INFO - Task instance is in running state
[2025-02-26T14:21:34.413+0000] {logging_mixin.py:190} INFO -  Previous state of the Task instance: queued
[2025-02-26T14:21:34.413+0000] {logging_mixin.py:190} INFO - Current task name:first_task state:running start_date:2025-02-26 14:21:33.889715+00:00
[2025-02-26T14:21:34.414+0000] {logging_mixin.py:190} INFO - Dag name:our_first_dag and current dag run status:running
[2025-02-26T14:21:34.414+0000] {taskinstance.py:732} INFO - ::endgroup::
[2025-02-26T14:21:34.415+0000] {subprocess.py:78} INFO - Tmp dir root location: /tmp
[2025-02-26T14:21:34.416+0000] {subprocess.py:88} INFO - Running command: ['/usr/bin/bash', '-c', 'echo hello world, this is the first task!']
[2025-02-26T14:21:34.443+0000] {subprocess.py:99} INFO - Output:
[2025-02-26T14:21:34.447+0000] {subprocess.py:106} INFO - hello world, this is the first task!
[2025-02-26T14:21:34.448+0000] {subprocess.py:110} INFO - Command exited with return code 0
[2025-02-26T14:21:34.506+0000] {taskinstance.py:341} INFO - ::group::Post task execution logs
[2025-02-26T14:21:34.507+0000] {taskinstance.py:353} INFO - Marking task as SUCCESS. dag_id=our_first_dag, task_id=first_task, run_id=scheduled__2022-01-22T00:00:00+00:00, execution_date=20220122T000000, start_date=20250226T142133, end_date=20250226T142134
[2025-02-26T14:21:34.561+0000] {logging_mixin.py:190} INFO - Task instance in success state
[2025-02-26T14:21:34.562+0000] {logging_mixin.py:190} INFO -  Previous state of the Task instance: running
[2025-02-26T14:21:34.562+0000] {logging_mixin.py:190} INFO - Dag name:our_first_dag queued_at:2025-02-26 14:21:32.043316+00:00
[2025-02-26T14:21:34.562+0000] {logging_mixin.py:190} INFO - Task hostname:25887b48f6fb operator:BashOperator
[2025-02-26T14:21:34.582+0000] {local_task_job_runner.py:266} INFO - Task exited with return code 0
[2025-02-26T14:21:34.602+0000] {local_task_job_runner.py:245} INFO - ::endgroup::
