[2025-03-09T15:46:15.656+0000] {processor.py:186} INFO - Started process (PID=422) to work on /home/airflow/.local/lib/python3.12/site-packages/airflow/example_dags/example_sensors.py
[2025-03-09T15:46:15.656+0000] {processor.py:914} INFO - Processing file /home/airflow/.local/lib/python3.12/site-packages/airflow/example_dags/example_sensors.py for tasks to queue
[2025-03-09T15:46:15.658+0000] {logging_mixin.py:190} INFO - [2025-03-09T15:46:15.657+0000] {dagbag.py:588} INFO - Filling up the DagBag from /home/airflow/.local/lib/python3.12/site-packages/airflow/example_dags/example_sensors.py
[2025-03-09T15:46:15.664+0000] {processor.py:925} INFO - DAG(s) 'example_sensors' retrieved from /home/airflow/.local/lib/python3.12/site-packages/airflow/example_dags/example_sensors.py
[2025-03-09T15:46:15.681+0000] {logging_mixin.py:190} INFO - [2025-03-09T15:46:15.681+0000] {dag.py:3239} INFO - Sync 1 DAGs
[2025-03-09T15:46:15.689+0000] {logging_mixin.py:190} INFO - [2025-03-09T15:46:15.689+0000] {dag.py:4180} INFO - Setting next_dagrun for example_sensors to None, run_after=None
[2025-03-09T15:46:15.701+0000] {processor.py:208} INFO - Processing /home/airflow/.local/lib/python3.12/site-packages/airflow/example_dags/example_sensors.py took 0.050 seconds
[2025-03-09T15:46:46.702+0000] {processor.py:186} INFO - Started process (PID=748) to work on /home/airflow/.local/lib/python3.12/site-packages/airflow/example_dags/example_sensors.py
[2025-03-09T15:46:46.703+0000] {processor.py:914} INFO - Processing file /home/airflow/.local/lib/python3.12/site-packages/airflow/example_dags/example_sensors.py for tasks to queue
[2025-03-09T15:46:46.704+0000] {logging_mixin.py:190} INFO - [2025-03-09T15:46:46.704+0000] {dagbag.py:588} INFO - Filling up the DagBag from /home/airflow/.local/lib/python3.12/site-packages/airflow/example_dags/example_sensors.py
[2025-03-09T15:46:46.711+0000] {processor.py:925} INFO - DAG(s) 'example_sensors' retrieved from /home/airflow/.local/lib/python3.12/site-packages/airflow/example_dags/example_sensors.py
[2025-03-09T15:46:46.729+0000] {logging_mixin.py:190} INFO - [2025-03-09T15:46:46.729+0000] {dag.py:3239} INFO - Sync 1 DAGs
[2025-03-09T15:46:46.739+0000] {logging_mixin.py:190} INFO - [2025-03-09T15:46:46.739+0000] {dag.py:4180} INFO - Setting next_dagrun for example_sensors to None, run_after=None
[2025-03-09T15:46:46.752+0000] {processor.py:208} INFO - Processing /home/airflow/.local/lib/python3.12/site-packages/airflow/example_dags/example_sensors.py took 0.053 seconds
[2025-03-09T15:47:17.882+0000] {processor.py:186} INFO - Started process (PID=1076) to work on /home/airflow/.local/lib/python3.12/site-packages/airflow/example_dags/example_sensors.py
[2025-03-09T15:47:17.882+0000] {processor.py:914} INFO - Processing file /home/airflow/.local/lib/python3.12/site-packages/airflow/example_dags/example_sensors.py for tasks to queue
[2025-03-09T15:47:17.883+0000] {logging_mixin.py:190} INFO - [2025-03-09T15:47:17.883+0000] {dagbag.py:588} INFO - Filling up the DagBag from /home/airflow/.local/lib/python3.12/site-packages/airflow/example_dags/example_sensors.py
[2025-03-09T15:47:17.889+0000] {processor.py:925} INFO - DAG(s) 'example_sensors' retrieved from /home/airflow/.local/lib/python3.12/site-packages/airflow/example_dags/example_sensors.py
[2025-03-09T15:47:17.905+0000] {logging_mixin.py:190} INFO - [2025-03-09T15:47:17.905+0000] {dag.py:3239} INFO - Sync 1 DAGs
[2025-03-09T15:47:17.913+0000] {logging_mixin.py:190} INFO - [2025-03-09T15:47:17.913+0000] {dag.py:4180} INFO - Setting next_dagrun for example_sensors to None, run_after=None
[2025-03-09T15:47:17.928+0000] {processor.py:208} INFO - Processing /home/airflow/.local/lib/python3.12/site-packages/airflow/example_dags/example_sensors.py took 0.050 seconds
[2025-03-09T15:47:48.745+0000] {processor.py:186} INFO - Started process (PID=1400) to work on /home/airflow/.local/lib/python3.12/site-packages/airflow/example_dags/example_sensors.py
[2025-03-09T15:47:48.745+0000] {processor.py:914} INFO - Processing file /home/airflow/.local/lib/python3.12/site-packages/airflow/example_dags/example_sensors.py for tasks to queue
[2025-03-09T15:47:48.746+0000] {logging_mixin.py:190} INFO - [2025-03-09T15:47:48.746+0000] {dagbag.py:588} INFO - Filling up the DagBag from /home/airflow/.local/lib/python3.12/site-packages/airflow/example_dags/example_sensors.py
[2025-03-09T15:47:48.753+0000] {processor.py:925} INFO - DAG(s) 'example_sensors' retrieved from /home/airflow/.local/lib/python3.12/site-packages/airflow/example_dags/example_sensors.py
[2025-03-09T15:47:48.776+0000] {logging_mixin.py:190} INFO - [2025-03-09T15:47:48.775+0000] {dag.py:3239} INFO - Sync 1 DAGs
[2025-03-09T15:47:48.787+0000] {logging_mixin.py:190} INFO - [2025-03-09T15:47:48.787+0000] {dag.py:4180} INFO - Setting next_dagrun for example_sensors to None, run_after=None
[2025-03-09T15:47:48.801+0000] {processor.py:208} INFO - Processing /home/airflow/.local/lib/python3.12/site-packages/airflow/example_dags/example_sensors.py took 0.060 seconds
[2025-03-09T15:48:19.614+0000] {processor.py:186} INFO - Started process (PID=1726) to work on /home/airflow/.local/lib/python3.12/site-packages/airflow/example_dags/example_sensors.py
[2025-03-09T15:48:19.615+0000] {processor.py:914} INFO - Processing file /home/airflow/.local/lib/python3.12/site-packages/airflow/example_dags/example_sensors.py for tasks to queue
[2025-03-09T15:48:19.616+0000] {logging_mixin.py:190} INFO - [2025-03-09T15:48:19.616+0000] {dagbag.py:588} INFO - Filling up the DagBag from /home/airflow/.local/lib/python3.12/site-packages/airflow/example_dags/example_sensors.py
[2025-03-09T15:48:19.623+0000] {processor.py:925} INFO - DAG(s) 'example_sensors' retrieved from /home/airflow/.local/lib/python3.12/site-packages/airflow/example_dags/example_sensors.py
[2025-03-09T15:48:19.640+0000] {logging_mixin.py:190} INFO - [2025-03-09T15:48:19.640+0000] {dag.py:3239} INFO - Sync 1 DAGs
[2025-03-09T15:48:19.648+0000] {logging_mixin.py:190} INFO - [2025-03-09T15:48:19.648+0000] {dag.py:4180} INFO - Setting next_dagrun for example_sensors to None, run_after=None
[2025-03-09T15:48:19.662+0000] {processor.py:208} INFO - Processing /home/airflow/.local/lib/python3.12/site-packages/airflow/example_dags/example_sensors.py took 0.053 seconds
[2025-03-09T15:48:50.566+0000] {processor.py:186} INFO - Started process (PID=2052) to work on /home/airflow/.local/lib/python3.12/site-packages/airflow/example_dags/example_sensors.py
[2025-03-09T15:48:50.566+0000] {processor.py:914} INFO - Processing file /home/airflow/.local/lib/python3.12/site-packages/airflow/example_dags/example_sensors.py for tasks to queue
[2025-03-09T15:48:50.567+0000] {logging_mixin.py:190} INFO - [2025-03-09T15:48:50.567+0000] {dagbag.py:588} INFO - Filling up the DagBag from /home/airflow/.local/lib/python3.12/site-packages/airflow/example_dags/example_sensors.py
[2025-03-09T15:48:50.574+0000] {processor.py:925} INFO - DAG(s) 'example_sensors' retrieved from /home/airflow/.local/lib/python3.12/site-packages/airflow/example_dags/example_sensors.py
[2025-03-09T15:48:50.591+0000] {logging_mixin.py:190} INFO - [2025-03-09T15:48:50.591+0000] {dag.py:3239} INFO - Sync 1 DAGs
[2025-03-09T15:48:50.599+0000] {logging_mixin.py:190} INFO - [2025-03-09T15:48:50.598+0000] {dag.py:4180} INFO - Setting next_dagrun for example_sensors to None, run_after=None
[2025-03-09T15:48:50.611+0000] {processor.py:208} INFO - Processing /home/airflow/.local/lib/python3.12/site-packages/airflow/example_dags/example_sensors.py took 0.049 seconds
[2025-03-09T15:49:21.259+0000] {processor.py:186} INFO - Started process (PID=2378) to work on /home/airflow/.local/lib/python3.12/site-packages/airflow/example_dags/example_sensors.py
[2025-03-09T15:49:21.260+0000] {processor.py:914} INFO - Processing file /home/airflow/.local/lib/python3.12/site-packages/airflow/example_dags/example_sensors.py for tasks to queue
[2025-03-09T15:49:21.262+0000] {logging_mixin.py:190} INFO - [2025-03-09T15:49:21.261+0000] {dagbag.py:588} INFO - Filling up the DagBag from /home/airflow/.local/lib/python3.12/site-packages/airflow/example_dags/example_sensors.py
[2025-03-09T15:49:21.268+0000] {processor.py:925} INFO - DAG(s) 'example_sensors' retrieved from /home/airflow/.local/lib/python3.12/site-packages/airflow/example_dags/example_sensors.py
[2025-03-09T15:49:21.285+0000] {logging_mixin.py:190} INFO - [2025-03-09T15:49:21.284+0000] {dag.py:3239} INFO - Sync 1 DAGs
[2025-03-09T15:49:21.294+0000] {logging_mixin.py:190} INFO - [2025-03-09T15:49:21.294+0000] {dag.py:4180} INFO - Setting next_dagrun for example_sensors to None, run_after=None
[2025-03-09T15:49:21.311+0000] {processor.py:208} INFO - Processing /home/airflow/.local/lib/python3.12/site-packages/airflow/example_dags/example_sensors.py took 0.056 seconds
[2025-03-09T15:49:52.267+0000] {processor.py:186} INFO - Started process (PID=2704) to work on /home/airflow/.local/lib/python3.12/site-packages/airflow/example_dags/example_sensors.py
[2025-03-09T15:49:52.268+0000] {processor.py:914} INFO - Processing file /home/airflow/.local/lib/python3.12/site-packages/airflow/example_dags/example_sensors.py for tasks to queue
[2025-03-09T15:49:52.269+0000] {logging_mixin.py:190} INFO - [2025-03-09T15:49:52.269+0000] {dagbag.py:588} INFO - Filling up the DagBag from /home/airflow/.local/lib/python3.12/site-packages/airflow/example_dags/example_sensors.py
[2025-03-09T15:49:52.276+0000] {processor.py:925} INFO - DAG(s) 'example_sensors' retrieved from /home/airflow/.local/lib/python3.12/site-packages/airflow/example_dags/example_sensors.py
[2025-03-09T15:49:52.295+0000] {logging_mixin.py:190} INFO - [2025-03-09T15:49:52.294+0000] {dag.py:3239} INFO - Sync 1 DAGs
[2025-03-09T15:49:52.303+0000] {logging_mixin.py:190} INFO - [2025-03-09T15:49:52.303+0000] {dag.py:4180} INFO - Setting next_dagrun for example_sensors to None, run_after=None
[2025-03-09T15:49:52.318+0000] {processor.py:208} INFO - Processing /home/airflow/.local/lib/python3.12/site-packages/airflow/example_dags/example_sensors.py took 0.054 seconds
[2025-03-09T15:50:23.201+0000] {processor.py:186} INFO - Started process (PID=3030) to work on /home/airflow/.local/lib/python3.12/site-packages/airflow/example_dags/example_sensors.py
[2025-03-09T15:50:23.202+0000] {processor.py:914} INFO - Processing file /home/airflow/.local/lib/python3.12/site-packages/airflow/example_dags/example_sensors.py for tasks to queue
[2025-03-09T15:50:23.203+0000] {logging_mixin.py:190} INFO - [2025-03-09T15:50:23.203+0000] {dagbag.py:588} INFO - Filling up the DagBag from /home/airflow/.local/lib/python3.12/site-packages/airflow/example_dags/example_sensors.py
[2025-03-09T15:50:23.209+0000] {processor.py:925} INFO - DAG(s) 'example_sensors' retrieved from /home/airflow/.local/lib/python3.12/site-packages/airflow/example_dags/example_sensors.py
[2025-03-09T15:50:23.227+0000] {logging_mixin.py:190} INFO - [2025-03-09T15:50:23.227+0000] {dag.py:3239} INFO - Sync 1 DAGs
[2025-03-09T15:50:23.236+0000] {logging_mixin.py:190} INFO - [2025-03-09T15:50:23.236+0000] {dag.py:4180} INFO - Setting next_dagrun for example_sensors to None, run_after=None
[2025-03-09T15:50:23.250+0000] {processor.py:208} INFO - Processing /home/airflow/.local/lib/python3.12/site-packages/airflow/example_dags/example_sensors.py took 0.052 seconds
[2025-03-09T15:50:54.175+0000] {processor.py:186} INFO - Started process (PID=3356) to work on /home/airflow/.local/lib/python3.12/site-packages/airflow/example_dags/example_sensors.py
[2025-03-09T15:50:54.175+0000] {processor.py:914} INFO - Processing file /home/airflow/.local/lib/python3.12/site-packages/airflow/example_dags/example_sensors.py for tasks to queue
[2025-03-09T15:50:54.176+0000] {logging_mixin.py:190} INFO - [2025-03-09T15:50:54.176+0000] {dagbag.py:588} INFO - Filling up the DagBag from /home/airflow/.local/lib/python3.12/site-packages/airflow/example_dags/example_sensors.py
[2025-03-09T15:50:54.183+0000] {processor.py:925} INFO - DAG(s) 'example_sensors' retrieved from /home/airflow/.local/lib/python3.12/site-packages/airflow/example_dags/example_sensors.py
[2025-03-09T15:50:54.201+0000] {logging_mixin.py:190} INFO - [2025-03-09T15:50:54.200+0000] {dag.py:3239} INFO - Sync 1 DAGs
[2025-03-09T15:50:54.209+0000] {logging_mixin.py:190} INFO - [2025-03-09T15:50:54.209+0000] {dag.py:4180} INFO - Setting next_dagrun for example_sensors to None, run_after=None
[2025-03-09T15:50:54.222+0000] {processor.py:208} INFO - Processing /home/airflow/.local/lib/python3.12/site-packages/airflow/example_dags/example_sensors.py took 0.051 seconds
[2025-03-09T15:51:24.929+0000] {processor.py:186} INFO - Started process (PID=3682) to work on /home/airflow/.local/lib/python3.12/site-packages/airflow/example_dags/example_sensors.py
[2025-03-09T15:51:24.930+0000] {processor.py:914} INFO - Processing file /home/airflow/.local/lib/python3.12/site-packages/airflow/example_dags/example_sensors.py for tasks to queue
[2025-03-09T15:51:24.931+0000] {logging_mixin.py:190} INFO - [2025-03-09T15:51:24.931+0000] {dagbag.py:588} INFO - Filling up the DagBag from /home/airflow/.local/lib/python3.12/site-packages/airflow/example_dags/example_sensors.py
[2025-03-09T15:51:24.937+0000] {processor.py:925} INFO - DAG(s) 'example_sensors' retrieved from /home/airflow/.local/lib/python3.12/site-packages/airflow/example_dags/example_sensors.py
[2025-03-09T15:51:24.959+0000] {logging_mixin.py:190} INFO - [2025-03-09T15:51:24.958+0000] {dag.py:3239} INFO - Sync 1 DAGs
[2025-03-09T15:51:24.969+0000] {logging_mixin.py:190} INFO - [2025-03-09T15:51:24.969+0000] {dag.py:4180} INFO - Setting next_dagrun for example_sensors to None, run_after=None
[2025-03-09T15:51:24.985+0000] {processor.py:208} INFO - Processing /home/airflow/.local/lib/python3.12/site-packages/airflow/example_dags/example_sensors.py took 0.061 seconds
[2025-03-09T15:51:55.897+0000] {processor.py:186} INFO - Started process (PID=4008) to work on /home/airflow/.local/lib/python3.12/site-packages/airflow/example_dags/example_sensors.py
[2025-03-09T15:51:55.897+0000] {processor.py:914} INFO - Processing file /home/airflow/.local/lib/python3.12/site-packages/airflow/example_dags/example_sensors.py for tasks to queue
[2025-03-09T15:51:55.899+0000] {logging_mixin.py:190} INFO - [2025-03-09T15:51:55.899+0000] {dagbag.py:588} INFO - Filling up the DagBag from /home/airflow/.local/lib/python3.12/site-packages/airflow/example_dags/example_sensors.py
[2025-03-09T15:51:55.906+0000] {processor.py:925} INFO - DAG(s) 'example_sensors' retrieved from /home/airflow/.local/lib/python3.12/site-packages/airflow/example_dags/example_sensors.py
[2025-03-09T15:51:55.922+0000] {logging_mixin.py:190} INFO - [2025-03-09T15:51:55.922+0000] {dag.py:3239} INFO - Sync 1 DAGs
[2025-03-09T15:51:55.931+0000] {logging_mixin.py:190} INFO - [2025-03-09T15:51:55.931+0000] {dag.py:4180} INFO - Setting next_dagrun for example_sensors to None, run_after=None
[2025-03-09T15:51:55.943+0000] {processor.py:208} INFO - Processing /home/airflow/.local/lib/python3.12/site-packages/airflow/example_dags/example_sensors.py took 0.052 seconds
[2025-03-09T15:52:26.550+0000] {processor.py:186} INFO - Started process (PID=4331) to work on /home/airflow/.local/lib/python3.12/site-packages/airflow/example_dags/example_sensors.py
[2025-03-09T15:52:26.551+0000] {processor.py:914} INFO - Processing file /home/airflow/.local/lib/python3.12/site-packages/airflow/example_dags/example_sensors.py for tasks to queue
[2025-03-09T15:52:26.552+0000] {logging_mixin.py:190} INFO - [2025-03-09T15:52:26.552+0000] {dagbag.py:588} INFO - Filling up the DagBag from /home/airflow/.local/lib/python3.12/site-packages/airflow/example_dags/example_sensors.py
[2025-03-09T15:52:26.559+0000] {processor.py:925} INFO - DAG(s) 'example_sensors' retrieved from /home/airflow/.local/lib/python3.12/site-packages/airflow/example_dags/example_sensors.py
[2025-03-09T15:52:26.588+0000] {logging_mixin.py:190} INFO - [2025-03-09T15:52:26.588+0000] {dag.py:3239} INFO - Sync 1 DAGs
[2025-03-09T15:52:26.600+0000] {logging_mixin.py:190} INFO - [2025-03-09T15:52:26.600+0000] {dag.py:4180} INFO - Setting next_dagrun for example_sensors to None, run_after=None
[2025-03-09T15:52:26.613+0000] {processor.py:208} INFO - Processing /home/airflow/.local/lib/python3.12/site-packages/airflow/example_dags/example_sensors.py took 0.068 seconds
[2025-03-09T15:52:57.321+0000] {processor.py:186} INFO - Started process (PID=4655) to work on /home/airflow/.local/lib/python3.12/site-packages/airflow/example_dags/example_sensors.py
[2025-03-09T15:52:57.321+0000] {processor.py:914} INFO - Processing file /home/airflow/.local/lib/python3.12/site-packages/airflow/example_dags/example_sensors.py for tasks to queue
[2025-03-09T15:52:57.322+0000] {logging_mixin.py:190} INFO - [2025-03-09T15:52:57.322+0000] {dagbag.py:588} INFO - Filling up the DagBag from /home/airflow/.local/lib/python3.12/site-packages/airflow/example_dags/example_sensors.py
[2025-03-09T15:52:57.329+0000] {processor.py:925} INFO - DAG(s) 'example_sensors' retrieved from /home/airflow/.local/lib/python3.12/site-packages/airflow/example_dags/example_sensors.py
[2025-03-09T15:52:57.345+0000] {logging_mixin.py:190} INFO - [2025-03-09T15:52:57.345+0000] {dag.py:3239} INFO - Sync 1 DAGs
[2025-03-09T15:52:57.353+0000] {logging_mixin.py:190} INFO - [2025-03-09T15:52:57.353+0000] {dag.py:4180} INFO - Setting next_dagrun for example_sensors to None, run_after=None
[2025-03-09T15:52:57.365+0000] {processor.py:208} INFO - Processing /home/airflow/.local/lib/python3.12/site-packages/airflow/example_dags/example_sensors.py took 0.048 seconds
[2025-03-09T15:53:28.002+0000] {processor.py:186} INFO - Started process (PID=4983) to work on /home/airflow/.local/lib/python3.12/site-packages/airflow/example_dags/example_sensors.py
[2025-03-09T15:53:28.002+0000] {processor.py:914} INFO - Processing file /home/airflow/.local/lib/python3.12/site-packages/airflow/example_dags/example_sensors.py for tasks to queue
[2025-03-09T15:53:28.004+0000] {logging_mixin.py:190} INFO - [2025-03-09T15:53:28.003+0000] {dagbag.py:588} INFO - Filling up the DagBag from /home/airflow/.local/lib/python3.12/site-packages/airflow/example_dags/example_sensors.py
[2025-03-09T15:53:28.010+0000] {processor.py:925} INFO - DAG(s) 'example_sensors' retrieved from /home/airflow/.local/lib/python3.12/site-packages/airflow/example_dags/example_sensors.py
[2025-03-09T15:53:28.029+0000] {logging_mixin.py:190} INFO - [2025-03-09T15:53:28.029+0000] {dag.py:3239} INFO - Sync 1 DAGs
[2025-03-09T15:53:28.037+0000] {logging_mixin.py:190} INFO - [2025-03-09T15:53:28.037+0000] {dag.py:4180} INFO - Setting next_dagrun for example_sensors to None, run_after=None
[2025-03-09T15:53:28.050+0000] {processor.py:208} INFO - Processing /home/airflow/.local/lib/python3.12/site-packages/airflow/example_dags/example_sensors.py took 0.052 seconds
[2025-03-09T15:53:58.787+0000] {processor.py:186} INFO - Started process (PID=5311) to work on /home/airflow/.local/lib/python3.12/site-packages/airflow/example_dags/example_sensors.py
[2025-03-09T15:53:58.787+0000] {processor.py:914} INFO - Processing file /home/airflow/.local/lib/python3.12/site-packages/airflow/example_dags/example_sensors.py for tasks to queue
[2025-03-09T15:53:58.788+0000] {logging_mixin.py:190} INFO - [2025-03-09T15:53:58.788+0000] {dagbag.py:588} INFO - Filling up the DagBag from /home/airflow/.local/lib/python3.12/site-packages/airflow/example_dags/example_sensors.py
[2025-03-09T15:53:58.794+0000] {processor.py:925} INFO - DAG(s) 'example_sensors' retrieved from /home/airflow/.local/lib/python3.12/site-packages/airflow/example_dags/example_sensors.py
[2025-03-09T15:53:58.810+0000] {logging_mixin.py:190} INFO - [2025-03-09T15:53:58.810+0000] {dag.py:3239} INFO - Sync 1 DAGs
[2025-03-09T15:53:58.818+0000] {logging_mixin.py:190} INFO - [2025-03-09T15:53:58.818+0000] {dag.py:4180} INFO - Setting next_dagrun for example_sensors to None, run_after=None
[2025-03-09T15:53:58.831+0000] {processor.py:208} INFO - Processing /home/airflow/.local/lib/python3.12/site-packages/airflow/example_dags/example_sensors.py took 0.047 seconds
[2025-03-09T15:54:29.547+0000] {processor.py:186} INFO - Started process (PID=5634) to work on /home/airflow/.local/lib/python3.12/site-packages/airflow/example_dags/example_sensors.py
[2025-03-09T15:54:29.547+0000] {processor.py:914} INFO - Processing file /home/airflow/.local/lib/python3.12/site-packages/airflow/example_dags/example_sensors.py for tasks to queue
[2025-03-09T15:54:29.548+0000] {logging_mixin.py:190} INFO - [2025-03-09T15:54:29.548+0000] {dagbag.py:588} INFO - Filling up the DagBag from /home/airflow/.local/lib/python3.12/site-packages/airflow/example_dags/example_sensors.py
[2025-03-09T15:54:29.555+0000] {processor.py:925} INFO - DAG(s) 'example_sensors' retrieved from /home/airflow/.local/lib/python3.12/site-packages/airflow/example_dags/example_sensors.py
[2025-03-09T15:54:29.573+0000] {logging_mixin.py:190} INFO - [2025-03-09T15:54:29.573+0000] {dag.py:3239} INFO - Sync 1 DAGs
[2025-03-09T15:54:29.583+0000] {logging_mixin.py:190} INFO - [2025-03-09T15:54:29.583+0000] {dag.py:4180} INFO - Setting next_dagrun for example_sensors to None, run_after=None
[2025-03-09T15:54:29.602+0000] {processor.py:208} INFO - Processing /home/airflow/.local/lib/python3.12/site-packages/airflow/example_dags/example_sensors.py took 0.058 seconds
[2025-03-09T15:55:00.223+0000] {processor.py:186} INFO - Started process (PID=5960) to work on /home/airflow/.local/lib/python3.12/site-packages/airflow/example_dags/example_sensors.py
[2025-03-09T15:55:00.224+0000] {processor.py:914} INFO - Processing file /home/airflow/.local/lib/python3.12/site-packages/airflow/example_dags/example_sensors.py for tasks to queue
[2025-03-09T15:55:00.225+0000] {logging_mixin.py:190} INFO - [2025-03-09T15:55:00.225+0000] {dagbag.py:588} INFO - Filling up the DagBag from /home/airflow/.local/lib/python3.12/site-packages/airflow/example_dags/example_sensors.py
[2025-03-09T15:55:00.232+0000] {processor.py:925} INFO - DAG(s) 'example_sensors' retrieved from /home/airflow/.local/lib/python3.12/site-packages/airflow/example_dags/example_sensors.py
[2025-03-09T15:55:00.255+0000] {logging_mixin.py:190} INFO - [2025-03-09T15:55:00.255+0000] {dag.py:3239} INFO - Sync 1 DAGs
[2025-03-09T15:55:00.264+0000] {logging_mixin.py:190} INFO - [2025-03-09T15:55:00.264+0000] {dag.py:4180} INFO - Setting next_dagrun for example_sensors to None, run_after=None
[2025-03-09T15:55:00.276+0000] {processor.py:208} INFO - Processing /home/airflow/.local/lib/python3.12/site-packages/airflow/example_dags/example_sensors.py took 0.057 seconds
[2025-03-09T15:55:31.360+0000] {processor.py:186} INFO - Started process (PID=6286) to work on /home/airflow/.local/lib/python3.12/site-packages/airflow/example_dags/example_sensors.py
[2025-03-09T15:55:31.361+0000] {processor.py:914} INFO - Processing file /home/airflow/.local/lib/python3.12/site-packages/airflow/example_dags/example_sensors.py for tasks to queue
[2025-03-09T15:55:31.362+0000] {logging_mixin.py:190} INFO - [2025-03-09T15:55:31.362+0000] {dagbag.py:588} INFO - Filling up the DagBag from /home/airflow/.local/lib/python3.12/site-packages/airflow/example_dags/example_sensors.py
[2025-03-09T15:55:31.368+0000] {processor.py:925} INFO - DAG(s) 'example_sensors' retrieved from /home/airflow/.local/lib/python3.12/site-packages/airflow/example_dags/example_sensors.py
[2025-03-09T15:55:31.397+0000] {logging_mixin.py:190} INFO - [2025-03-09T15:55:31.397+0000] {dag.py:3239} INFO - Sync 1 DAGs
[2025-03-09T15:55:31.405+0000] {logging_mixin.py:190} INFO - [2025-03-09T15:55:31.405+0000] {dag.py:4180} INFO - Setting next_dagrun for example_sensors to None, run_after=None
[2025-03-09T15:55:31.420+0000] {processor.py:208} INFO - Processing /home/airflow/.local/lib/python3.12/site-packages/airflow/example_dags/example_sensors.py took 0.064 seconds
[2025-03-09T15:56:02.103+0000] {processor.py:186} INFO - Started process (PID=6610) to work on /home/airflow/.local/lib/python3.12/site-packages/airflow/example_dags/example_sensors.py
[2025-03-09T15:56:02.104+0000] {processor.py:914} INFO - Processing file /home/airflow/.local/lib/python3.12/site-packages/airflow/example_dags/example_sensors.py for tasks to queue
[2025-03-09T15:56:02.106+0000] {logging_mixin.py:190} INFO - [2025-03-09T15:56:02.105+0000] {dagbag.py:588} INFO - Filling up the DagBag from /home/airflow/.local/lib/python3.12/site-packages/airflow/example_dags/example_sensors.py
[2025-03-09T15:56:02.113+0000] {processor.py:925} INFO - DAG(s) 'example_sensors' retrieved from /home/airflow/.local/lib/python3.12/site-packages/airflow/example_dags/example_sensors.py
[2025-03-09T15:56:02.134+0000] {logging_mixin.py:190} INFO - [2025-03-09T15:56:02.134+0000] {dag.py:3239} INFO - Sync 1 DAGs
[2025-03-09T15:56:02.149+0000] {logging_mixin.py:190} INFO - [2025-03-09T15:56:02.148+0000] {dag.py:4180} INFO - Setting next_dagrun for example_sensors to None, run_after=None
[2025-03-09T15:56:02.173+0000] {processor.py:208} INFO - Processing /home/airflow/.local/lib/python3.12/site-packages/airflow/example_dags/example_sensors.py took 0.074 seconds
[2025-03-09T15:56:32.848+0000] {processor.py:186} INFO - Started process (PID=6936) to work on /home/airflow/.local/lib/python3.12/site-packages/airflow/example_dags/example_sensors.py
[2025-03-09T15:56:32.848+0000] {processor.py:914} INFO - Processing file /home/airflow/.local/lib/python3.12/site-packages/airflow/example_dags/example_sensors.py for tasks to queue
[2025-03-09T15:56:32.849+0000] {logging_mixin.py:190} INFO - [2025-03-09T15:56:32.849+0000] {dagbag.py:588} INFO - Filling up the DagBag from /home/airflow/.local/lib/python3.12/site-packages/airflow/example_dags/example_sensors.py
[2025-03-09T15:56:32.856+0000] {processor.py:925} INFO - DAG(s) 'example_sensors' retrieved from /home/airflow/.local/lib/python3.12/site-packages/airflow/example_dags/example_sensors.py
[2025-03-09T15:56:32.871+0000] {logging_mixin.py:190} INFO - [2025-03-09T15:56:32.871+0000] {dag.py:3239} INFO - Sync 1 DAGs
[2025-03-09T15:56:32.879+0000] {logging_mixin.py:190} INFO - [2025-03-09T15:56:32.879+0000] {dag.py:4180} INFO - Setting next_dagrun for example_sensors to None, run_after=None
[2025-03-09T15:56:32.890+0000] {processor.py:208} INFO - Processing /home/airflow/.local/lib/python3.12/site-packages/airflow/example_dags/example_sensors.py took 0.046 seconds
[2025-03-09T15:57:03.772+0000] {processor.py:186} INFO - Started process (PID=7262) to work on /home/airflow/.local/lib/python3.12/site-packages/airflow/example_dags/example_sensors.py
[2025-03-09T15:57:03.773+0000] {processor.py:914} INFO - Processing file /home/airflow/.local/lib/python3.12/site-packages/airflow/example_dags/example_sensors.py for tasks to queue
[2025-03-09T15:57:03.774+0000] {logging_mixin.py:190} INFO - [2025-03-09T15:57:03.773+0000] {dagbag.py:588} INFO - Filling up the DagBag from /home/airflow/.local/lib/python3.12/site-packages/airflow/example_dags/example_sensors.py
[2025-03-09T15:57:03.781+0000] {processor.py:925} INFO - DAG(s) 'example_sensors' retrieved from /home/airflow/.local/lib/python3.12/site-packages/airflow/example_dags/example_sensors.py
[2025-03-09T15:57:03.800+0000] {logging_mixin.py:190} INFO - [2025-03-09T15:57:03.800+0000] {dag.py:3239} INFO - Sync 1 DAGs
[2025-03-09T15:57:03.810+0000] {logging_mixin.py:190} INFO - [2025-03-09T15:57:03.810+0000] {dag.py:4180} INFO - Setting next_dagrun for example_sensors to None, run_after=None
[2025-03-09T15:57:03.828+0000] {processor.py:208} INFO - Processing /home/airflow/.local/lib/python3.12/site-packages/airflow/example_dags/example_sensors.py took 0.060 seconds
[2025-03-09T15:57:34.760+0000] {processor.py:186} INFO - Started process (PID=7590) to work on /home/airflow/.local/lib/python3.12/site-packages/airflow/example_dags/example_sensors.py
[2025-03-09T15:57:34.760+0000] {processor.py:914} INFO - Processing file /home/airflow/.local/lib/python3.12/site-packages/airflow/example_dags/example_sensors.py for tasks to queue
[2025-03-09T15:57:34.762+0000] {logging_mixin.py:190} INFO - [2025-03-09T15:57:34.762+0000] {dagbag.py:588} INFO - Filling up the DagBag from /home/airflow/.local/lib/python3.12/site-packages/airflow/example_dags/example_sensors.py
[2025-03-09T15:57:34.769+0000] {processor.py:925} INFO - DAG(s) 'example_sensors' retrieved from /home/airflow/.local/lib/python3.12/site-packages/airflow/example_dags/example_sensors.py
[2025-03-09T15:57:34.787+0000] {logging_mixin.py:190} INFO - [2025-03-09T15:57:34.786+0000] {dag.py:3239} INFO - Sync 1 DAGs
[2025-03-09T15:57:34.799+0000] {logging_mixin.py:190} INFO - [2025-03-09T15:57:34.799+0000] {dag.py:4180} INFO - Setting next_dagrun for example_sensors to None, run_after=None
[2025-03-09T15:57:34.812+0000] {processor.py:208} INFO - Processing /home/airflow/.local/lib/python3.12/site-packages/airflow/example_dags/example_sensors.py took 0.057 seconds
[2025-03-09T15:58:05.741+0000] {processor.py:186} INFO - Started process (PID=7916) to work on /home/airflow/.local/lib/python3.12/site-packages/airflow/example_dags/example_sensors.py
[2025-03-09T15:58:05.741+0000] {processor.py:914} INFO - Processing file /home/airflow/.local/lib/python3.12/site-packages/airflow/example_dags/example_sensors.py for tasks to queue
[2025-03-09T15:58:05.743+0000] {logging_mixin.py:190} INFO - [2025-03-09T15:58:05.742+0000] {dagbag.py:588} INFO - Filling up the DagBag from /home/airflow/.local/lib/python3.12/site-packages/airflow/example_dags/example_sensors.py
[2025-03-09T15:58:05.749+0000] {processor.py:925} INFO - DAG(s) 'example_sensors' retrieved from /home/airflow/.local/lib/python3.12/site-packages/airflow/example_dags/example_sensors.py
[2025-03-09T15:58:05.765+0000] {logging_mixin.py:190} INFO - [2025-03-09T15:58:05.764+0000] {dag.py:3239} INFO - Sync 1 DAGs
[2025-03-09T15:58:05.773+0000] {logging_mixin.py:190} INFO - [2025-03-09T15:58:05.773+0000] {dag.py:4180} INFO - Setting next_dagrun for example_sensors to None, run_after=None
[2025-03-09T15:58:05.785+0000] {processor.py:208} INFO - Processing /home/airflow/.local/lib/python3.12/site-packages/airflow/example_dags/example_sensors.py took 0.048 seconds
[2025-03-09T15:58:36.863+0000] {processor.py:186} INFO - Started process (PID=8240) to work on /home/airflow/.local/lib/python3.12/site-packages/airflow/example_dags/example_sensors.py
[2025-03-09T15:58:36.864+0000] {processor.py:914} INFO - Processing file /home/airflow/.local/lib/python3.12/site-packages/airflow/example_dags/example_sensors.py for tasks to queue
[2025-03-09T15:58:36.865+0000] {logging_mixin.py:190} INFO - [2025-03-09T15:58:36.864+0000] {dagbag.py:588} INFO - Filling up the DagBag from /home/airflow/.local/lib/python3.12/site-packages/airflow/example_dags/example_sensors.py
[2025-03-09T15:58:36.871+0000] {processor.py:925} INFO - DAG(s) 'example_sensors' retrieved from /home/airflow/.local/lib/python3.12/site-packages/airflow/example_dags/example_sensors.py
[2025-03-09T15:58:36.897+0000] {logging_mixin.py:190} INFO - [2025-03-09T15:58:36.897+0000] {dag.py:3239} INFO - Sync 1 DAGs
[2025-03-09T15:58:36.909+0000] {logging_mixin.py:190} INFO - [2025-03-09T15:58:36.909+0000] {dag.py:4180} INFO - Setting next_dagrun for example_sensors to None, run_after=None
[2025-03-09T15:58:36.931+0000] {processor.py:208} INFO - Processing /home/airflow/.local/lib/python3.12/site-packages/airflow/example_dags/example_sensors.py took 0.074 seconds
[2025-03-09T15:59:08.372+0000] {processor.py:186} INFO - Started process (PID=8571) to work on /home/airflow/.local/lib/python3.12/site-packages/airflow/example_dags/example_sensors.py
[2025-03-09T15:59:08.372+0000] {processor.py:914} INFO - Processing file /home/airflow/.local/lib/python3.12/site-packages/airflow/example_dags/example_sensors.py for tasks to queue
[2025-03-09T15:59:08.374+0000] {logging_mixin.py:190} INFO - [2025-03-09T15:59:08.374+0000] {dagbag.py:588} INFO - Filling up the DagBag from /home/airflow/.local/lib/python3.12/site-packages/airflow/example_dags/example_sensors.py
[2025-03-09T15:59:08.382+0000] {processor.py:925} INFO - DAG(s) 'example_sensors' retrieved from /home/airflow/.local/lib/python3.12/site-packages/airflow/example_dags/example_sensors.py
[2025-03-09T15:59:08.398+0000] {logging_mixin.py:190} INFO - [2025-03-09T15:59:08.398+0000] {dag.py:3239} INFO - Sync 1 DAGs
[2025-03-09T15:59:08.406+0000] {logging_mixin.py:190} INFO - [2025-03-09T15:59:08.406+0000] {dag.py:4180} INFO - Setting next_dagrun for example_sensors to None, run_after=None
[2025-03-09T15:59:08.419+0000] {processor.py:208} INFO - Processing /home/airflow/.local/lib/python3.12/site-packages/airflow/example_dags/example_sensors.py took 0.052 seconds
[2025-03-09T15:59:39.269+0000] {processor.py:186} INFO - Started process (PID=8897) to work on /home/airflow/.local/lib/python3.12/site-packages/airflow/example_dags/example_sensors.py
[2025-03-09T15:59:39.270+0000] {processor.py:914} INFO - Processing file /home/airflow/.local/lib/python3.12/site-packages/airflow/example_dags/example_sensors.py for tasks to queue
[2025-03-09T15:59:39.271+0000] {logging_mixin.py:190} INFO - [2025-03-09T15:59:39.271+0000] {dagbag.py:588} INFO - Filling up the DagBag from /home/airflow/.local/lib/python3.12/site-packages/airflow/example_dags/example_sensors.py
[2025-03-09T15:59:39.277+0000] {processor.py:925} INFO - DAG(s) 'example_sensors' retrieved from /home/airflow/.local/lib/python3.12/site-packages/airflow/example_dags/example_sensors.py
[2025-03-09T15:59:39.294+0000] {logging_mixin.py:190} INFO - [2025-03-09T15:59:39.294+0000] {dag.py:3239} INFO - Sync 1 DAGs
[2025-03-09T15:59:39.303+0000] {logging_mixin.py:190} INFO - [2025-03-09T15:59:39.303+0000] {dag.py:4180} INFO - Setting next_dagrun for example_sensors to None, run_after=None
[2025-03-09T15:59:39.319+0000] {processor.py:208} INFO - Processing /home/airflow/.local/lib/python3.12/site-packages/airflow/example_dags/example_sensors.py took 0.053 seconds
[2025-03-09T16:00:09.591+0000] {processor.py:186} INFO - Started process (PID=9223) to work on /home/airflow/.local/lib/python3.12/site-packages/airflow/example_dags/example_sensors.py
[2025-03-09T16:00:09.592+0000] {processor.py:914} INFO - Processing file /home/airflow/.local/lib/python3.12/site-packages/airflow/example_dags/example_sensors.py for tasks to queue
[2025-03-09T16:00:09.593+0000] {logging_mixin.py:190} INFO - [2025-03-09T16:00:09.593+0000] {dagbag.py:588} INFO - Filling up the DagBag from /home/airflow/.local/lib/python3.12/site-packages/airflow/example_dags/example_sensors.py
[2025-03-09T16:00:09.600+0000] {processor.py:925} INFO - DAG(s) 'example_sensors' retrieved from /home/airflow/.local/lib/python3.12/site-packages/airflow/example_dags/example_sensors.py
[2025-03-09T16:00:09.617+0000] {logging_mixin.py:190} INFO - [2025-03-09T16:00:09.617+0000] {dag.py:3239} INFO - Sync 1 DAGs
[2025-03-09T16:00:09.626+0000] {logging_mixin.py:190} INFO - [2025-03-09T16:00:09.626+0000] {dag.py:4180} INFO - Setting next_dagrun for example_sensors to None, run_after=None
[2025-03-09T16:00:09.645+0000] {processor.py:208} INFO - Processing /home/airflow/.local/lib/python3.12/site-packages/airflow/example_dags/example_sensors.py took 0.057 seconds
[2025-03-09T16:00:40.290+0000] {processor.py:186} INFO - Started process (PID=9549) to work on /home/airflow/.local/lib/python3.12/site-packages/airflow/example_dags/example_sensors.py
[2025-03-09T16:00:40.291+0000] {processor.py:914} INFO - Processing file /home/airflow/.local/lib/python3.12/site-packages/airflow/example_dags/example_sensors.py for tasks to queue
[2025-03-09T16:00:40.292+0000] {logging_mixin.py:190} INFO - [2025-03-09T16:00:40.292+0000] {dagbag.py:588} INFO - Filling up the DagBag from /home/airflow/.local/lib/python3.12/site-packages/airflow/example_dags/example_sensors.py
[2025-03-09T16:00:40.298+0000] {processor.py:925} INFO - DAG(s) 'example_sensors' retrieved from /home/airflow/.local/lib/python3.12/site-packages/airflow/example_dags/example_sensors.py
[2025-03-09T16:00:40.315+0000] {logging_mixin.py:190} INFO - [2025-03-09T16:00:40.315+0000] {dag.py:3239} INFO - Sync 1 DAGs
[2025-03-09T16:00:40.324+0000] {logging_mixin.py:190} INFO - [2025-03-09T16:00:40.323+0000] {dag.py:4180} INFO - Setting next_dagrun for example_sensors to None, run_after=None
[2025-03-09T16:00:40.336+0000] {processor.py:208} INFO - Processing /home/airflow/.local/lib/python3.12/site-packages/airflow/example_dags/example_sensors.py took 0.050 seconds
[2025-03-09T16:01:10.674+0000] {processor.py:186} INFO - Started process (PID=9870) to work on /home/airflow/.local/lib/python3.12/site-packages/airflow/example_dags/example_sensors.py
[2025-03-09T16:01:10.675+0000] {processor.py:914} INFO - Processing file /home/airflow/.local/lib/python3.12/site-packages/airflow/example_dags/example_sensors.py for tasks to queue
[2025-03-09T16:01:10.676+0000] {logging_mixin.py:190} INFO - [2025-03-09T16:01:10.676+0000] {dagbag.py:588} INFO - Filling up the DagBag from /home/airflow/.local/lib/python3.12/site-packages/airflow/example_dags/example_sensors.py
[2025-03-09T16:01:10.683+0000] {processor.py:925} INFO - DAG(s) 'example_sensors' retrieved from /home/airflow/.local/lib/python3.12/site-packages/airflow/example_dags/example_sensors.py
[2025-03-09T16:01:10.700+0000] {logging_mixin.py:190} INFO - [2025-03-09T16:01:10.700+0000] {dag.py:3239} INFO - Sync 1 DAGs
[2025-03-09T16:01:10.709+0000] {logging_mixin.py:190} INFO - [2025-03-09T16:01:10.709+0000] {dag.py:4180} INFO - Setting next_dagrun for example_sensors to None, run_after=None
[2025-03-09T16:01:10.721+0000] {processor.py:208} INFO - Processing /home/airflow/.local/lib/python3.12/site-packages/airflow/example_dags/example_sensors.py took 0.052 seconds
[2025-03-09T16:01:41.266+0000] {processor.py:186} INFO - Started process (PID=10196) to work on /home/airflow/.local/lib/python3.12/site-packages/airflow/example_dags/example_sensors.py
[2025-03-09T16:01:41.266+0000] {processor.py:914} INFO - Processing file /home/airflow/.local/lib/python3.12/site-packages/airflow/example_dags/example_sensors.py for tasks to queue
[2025-03-09T16:01:41.267+0000] {logging_mixin.py:190} INFO - [2025-03-09T16:01:41.267+0000] {dagbag.py:588} INFO - Filling up the DagBag from /home/airflow/.local/lib/python3.12/site-packages/airflow/example_dags/example_sensors.py
[2025-03-09T16:01:41.274+0000] {processor.py:925} INFO - DAG(s) 'example_sensors' retrieved from /home/airflow/.local/lib/python3.12/site-packages/airflow/example_dags/example_sensors.py
[2025-03-09T16:01:41.289+0000] {logging_mixin.py:190} INFO - [2025-03-09T16:01:41.289+0000] {dag.py:3239} INFO - Sync 1 DAGs
[2025-03-09T16:01:41.297+0000] {logging_mixin.py:190} INFO - [2025-03-09T16:01:41.297+0000] {dag.py:4180} INFO - Setting next_dagrun for example_sensors to None, run_after=None
[2025-03-09T16:01:41.310+0000] {processor.py:208} INFO - Processing /home/airflow/.local/lib/python3.12/site-packages/airflow/example_dags/example_sensors.py took 0.049 seconds
[2025-03-09T16:02:11.773+0000] {processor.py:186} INFO - Started process (PID=10522) to work on /home/airflow/.local/lib/python3.12/site-packages/airflow/example_dags/example_sensors.py
[2025-03-09T16:02:11.774+0000] {processor.py:914} INFO - Processing file /home/airflow/.local/lib/python3.12/site-packages/airflow/example_dags/example_sensors.py for tasks to queue
[2025-03-09T16:02:11.775+0000] {logging_mixin.py:190} INFO - [2025-03-09T16:02:11.775+0000] {dagbag.py:588} INFO - Filling up the DagBag from /home/airflow/.local/lib/python3.12/site-packages/airflow/example_dags/example_sensors.py
[2025-03-09T16:02:11.782+0000] {processor.py:925} INFO - DAG(s) 'example_sensors' retrieved from /home/airflow/.local/lib/python3.12/site-packages/airflow/example_dags/example_sensors.py
[2025-03-09T16:02:11.803+0000] {logging_mixin.py:190} INFO - [2025-03-09T16:02:11.803+0000] {dag.py:3239} INFO - Sync 1 DAGs
[2025-03-09T16:02:11.825+0000] {logging_mixin.py:190} INFO - [2025-03-09T16:02:11.825+0000] {dag.py:4180} INFO - Setting next_dagrun for example_sensors to None, run_after=None
[2025-03-09T16:02:11.850+0000] {processor.py:208} INFO - Processing /home/airflow/.local/lib/python3.12/site-packages/airflow/example_dags/example_sensors.py took 0.081 seconds
[2025-03-09T16:02:42.549+0000] {processor.py:186} INFO - Started process (PID=10848) to work on /home/airflow/.local/lib/python3.12/site-packages/airflow/example_dags/example_sensors.py
[2025-03-09T16:02:42.550+0000] {processor.py:914} INFO - Processing file /home/airflow/.local/lib/python3.12/site-packages/airflow/example_dags/example_sensors.py for tasks to queue
[2025-03-09T16:02:42.551+0000] {logging_mixin.py:190} INFO - [2025-03-09T16:02:42.551+0000] {dagbag.py:588} INFO - Filling up the DagBag from /home/airflow/.local/lib/python3.12/site-packages/airflow/example_dags/example_sensors.py
[2025-03-09T16:02:42.558+0000] {processor.py:925} INFO - DAG(s) 'example_sensors' retrieved from /home/airflow/.local/lib/python3.12/site-packages/airflow/example_dags/example_sensors.py
[2025-03-09T16:02:42.578+0000] {logging_mixin.py:190} INFO - [2025-03-09T16:02:42.578+0000] {dag.py:3239} INFO - Sync 1 DAGs
[2025-03-09T16:02:42.589+0000] {logging_mixin.py:190} INFO - [2025-03-09T16:02:42.589+0000] {dag.py:4180} INFO - Setting next_dagrun for example_sensors to None, run_after=None
[2025-03-09T16:02:42.610+0000] {processor.py:208} INFO - Processing /home/airflow/.local/lib/python3.12/site-packages/airflow/example_dags/example_sensors.py took 0.065 seconds
[2025-03-09T16:03:13.548+0000] {processor.py:186} INFO - Started process (PID=11179) to work on /home/airflow/.local/lib/python3.12/site-packages/airflow/example_dags/example_sensors.py
[2025-03-09T16:03:13.548+0000] {processor.py:914} INFO - Processing file /home/airflow/.local/lib/python3.12/site-packages/airflow/example_dags/example_sensors.py for tasks to queue
[2025-03-09T16:03:13.550+0000] {logging_mixin.py:190} INFO - [2025-03-09T16:03:13.550+0000] {dagbag.py:588} INFO - Filling up the DagBag from /home/airflow/.local/lib/python3.12/site-packages/airflow/example_dags/example_sensors.py
[2025-03-09T16:03:13.557+0000] {processor.py:925} INFO - DAG(s) 'example_sensors' retrieved from /home/airflow/.local/lib/python3.12/site-packages/airflow/example_dags/example_sensors.py
[2025-03-09T16:03:13.575+0000] {logging_mixin.py:190} INFO - [2025-03-09T16:03:13.574+0000] {dag.py:3239} INFO - Sync 1 DAGs
[2025-03-09T16:03:13.582+0000] {logging_mixin.py:190} INFO - [2025-03-09T16:03:13.582+0000] {dag.py:4180} INFO - Setting next_dagrun for example_sensors to None, run_after=None
[2025-03-09T16:03:13.596+0000] {processor.py:208} INFO - Processing /home/airflow/.local/lib/python3.12/site-packages/airflow/example_dags/example_sensors.py took 0.053 seconds
[2025-03-09T16:03:44.206+0000] {processor.py:186} INFO - Started process (PID=11505) to work on /home/airflow/.local/lib/python3.12/site-packages/airflow/example_dags/example_sensors.py
[2025-03-09T16:03:44.206+0000] {processor.py:914} INFO - Processing file /home/airflow/.local/lib/python3.12/site-packages/airflow/example_dags/example_sensors.py for tasks to queue
[2025-03-09T16:03:44.208+0000] {logging_mixin.py:190} INFO - [2025-03-09T16:03:44.207+0000] {dagbag.py:588} INFO - Filling up the DagBag from /home/airflow/.local/lib/python3.12/site-packages/airflow/example_dags/example_sensors.py
[2025-03-09T16:03:44.214+0000] {processor.py:925} INFO - DAG(s) 'example_sensors' retrieved from /home/airflow/.local/lib/python3.12/site-packages/airflow/example_dags/example_sensors.py
[2025-03-09T16:03:44.233+0000] {logging_mixin.py:190} INFO - [2025-03-09T16:03:44.233+0000] {dag.py:3239} INFO - Sync 1 DAGs
[2025-03-09T16:03:44.241+0000] {logging_mixin.py:190} INFO - [2025-03-09T16:03:44.241+0000] {dag.py:4180} INFO - Setting next_dagrun for example_sensors to None, run_after=None
[2025-03-09T16:03:44.255+0000] {processor.py:208} INFO - Processing /home/airflow/.local/lib/python3.12/site-packages/airflow/example_dags/example_sensors.py took 0.053 seconds
[2025-03-09T16:04:15.192+0000] {processor.py:186} INFO - Started process (PID=11831) to work on /home/airflow/.local/lib/python3.12/site-packages/airflow/example_dags/example_sensors.py
[2025-03-09T16:04:15.192+0000] {processor.py:914} INFO - Processing file /home/airflow/.local/lib/python3.12/site-packages/airflow/example_dags/example_sensors.py for tasks to queue
[2025-03-09T16:04:15.193+0000] {logging_mixin.py:190} INFO - [2025-03-09T16:04:15.193+0000] {dagbag.py:588} INFO - Filling up the DagBag from /home/airflow/.local/lib/python3.12/site-packages/airflow/example_dags/example_sensors.py
[2025-03-09T16:04:15.200+0000] {processor.py:925} INFO - DAG(s) 'example_sensors' retrieved from /home/airflow/.local/lib/python3.12/site-packages/airflow/example_dags/example_sensors.py
[2025-03-09T16:04:15.220+0000] {logging_mixin.py:190} INFO - [2025-03-09T16:04:15.220+0000] {dag.py:3239} INFO - Sync 1 DAGs
[2025-03-09T16:04:15.231+0000] {logging_mixin.py:190} INFO - [2025-03-09T16:04:15.230+0000] {dag.py:4180} INFO - Setting next_dagrun for example_sensors to None, run_after=None
[2025-03-09T16:04:15.244+0000] {processor.py:208} INFO - Processing /home/airflow/.local/lib/python3.12/site-packages/airflow/example_dags/example_sensors.py took 0.057 seconds
[2025-03-09T16:04:46.068+0000] {processor.py:186} INFO - Started process (PID=12157) to work on /home/airflow/.local/lib/python3.12/site-packages/airflow/example_dags/example_sensors.py
[2025-03-09T16:04:46.068+0000] {processor.py:914} INFO - Processing file /home/airflow/.local/lib/python3.12/site-packages/airflow/example_dags/example_sensors.py for tasks to queue
[2025-03-09T16:04:46.070+0000] {logging_mixin.py:190} INFO - [2025-03-09T16:04:46.069+0000] {dagbag.py:588} INFO - Filling up the DagBag from /home/airflow/.local/lib/python3.12/site-packages/airflow/example_dags/example_sensors.py
[2025-03-09T16:04:46.076+0000] {processor.py:925} INFO - DAG(s) 'example_sensors' retrieved from /home/airflow/.local/lib/python3.12/site-packages/airflow/example_dags/example_sensors.py
[2025-03-09T16:04:46.092+0000] {logging_mixin.py:190} INFO - [2025-03-09T16:04:46.091+0000] {dag.py:3239} INFO - Sync 1 DAGs
[2025-03-09T16:04:46.100+0000] {logging_mixin.py:190} INFO - [2025-03-09T16:04:46.100+0000] {dag.py:4180} INFO - Setting next_dagrun for example_sensors to None, run_after=None
[2025-03-09T16:04:46.114+0000] {processor.py:208} INFO - Processing /home/airflow/.local/lib/python3.12/site-packages/airflow/example_dags/example_sensors.py took 0.051 seconds
[2025-03-09T16:05:16.766+0000] {processor.py:186} INFO - Started process (PID=12483) to work on /home/airflow/.local/lib/python3.12/site-packages/airflow/example_dags/example_sensors.py
[2025-03-09T16:05:16.767+0000] {processor.py:914} INFO - Processing file /home/airflow/.local/lib/python3.12/site-packages/airflow/example_dags/example_sensors.py for tasks to queue
[2025-03-09T16:05:16.768+0000] {logging_mixin.py:190} INFO - [2025-03-09T16:05:16.768+0000] {dagbag.py:588} INFO - Filling up the DagBag from /home/airflow/.local/lib/python3.12/site-packages/airflow/example_dags/example_sensors.py
[2025-03-09T16:05:16.774+0000] {processor.py:925} INFO - DAG(s) 'example_sensors' retrieved from /home/airflow/.local/lib/python3.12/site-packages/airflow/example_dags/example_sensors.py
[2025-03-09T16:05:16.790+0000] {logging_mixin.py:190} INFO - [2025-03-09T16:05:16.790+0000] {dag.py:3239} INFO - Sync 1 DAGs
[2025-03-09T16:05:16.799+0000] {logging_mixin.py:190} INFO - [2025-03-09T16:05:16.799+0000] {dag.py:4180} INFO - Setting next_dagrun for example_sensors to None, run_after=None
[2025-03-09T16:05:16.815+0000] {processor.py:208} INFO - Processing /home/airflow/.local/lib/python3.12/site-packages/airflow/example_dags/example_sensors.py took 0.053 seconds
[2025-03-09T16:05:47.392+0000] {processor.py:186} INFO - Started process (PID=12809) to work on /home/airflow/.local/lib/python3.12/site-packages/airflow/example_dags/example_sensors.py
[2025-03-09T16:05:47.392+0000] {processor.py:914} INFO - Processing file /home/airflow/.local/lib/python3.12/site-packages/airflow/example_dags/example_sensors.py for tasks to queue
[2025-03-09T16:05:47.393+0000] {logging_mixin.py:190} INFO - [2025-03-09T16:05:47.393+0000] {dagbag.py:588} INFO - Filling up the DagBag from /home/airflow/.local/lib/python3.12/site-packages/airflow/example_dags/example_sensors.py
[2025-03-09T16:05:47.399+0000] {processor.py:925} INFO - DAG(s) 'example_sensors' retrieved from /home/airflow/.local/lib/python3.12/site-packages/airflow/example_dags/example_sensors.py
[2025-03-09T16:05:47.416+0000] {logging_mixin.py:190} INFO - [2025-03-09T16:05:47.416+0000] {dag.py:3239} INFO - Sync 1 DAGs
[2025-03-09T16:05:47.425+0000] {logging_mixin.py:190} INFO - [2025-03-09T16:05:47.425+0000] {dag.py:4180} INFO - Setting next_dagrun for example_sensors to None, run_after=None
[2025-03-09T16:05:47.439+0000] {processor.py:208} INFO - Processing /home/airflow/.local/lib/python3.12/site-packages/airflow/example_dags/example_sensors.py took 0.051 seconds
[2025-03-09T16:06:17.861+0000] {processor.py:186} INFO - Started process (PID=13130) to work on /home/airflow/.local/lib/python3.12/site-packages/airflow/example_dags/example_sensors.py
[2025-03-09T16:06:17.862+0000] {processor.py:914} INFO - Processing file /home/airflow/.local/lib/python3.12/site-packages/airflow/example_dags/example_sensors.py for tasks to queue
[2025-03-09T16:06:17.863+0000] {logging_mixin.py:190} INFO - [2025-03-09T16:06:17.863+0000] {dagbag.py:588} INFO - Filling up the DagBag from /home/airflow/.local/lib/python3.12/site-packages/airflow/example_dags/example_sensors.py
[2025-03-09T16:06:17.870+0000] {processor.py:925} INFO - DAG(s) 'example_sensors' retrieved from /home/airflow/.local/lib/python3.12/site-packages/airflow/example_dags/example_sensors.py
[2025-03-09T16:06:17.888+0000] {logging_mixin.py:190} INFO - [2025-03-09T16:06:17.888+0000] {dag.py:3239} INFO - Sync 1 DAGs
[2025-03-09T16:06:17.898+0000] {logging_mixin.py:190} INFO - [2025-03-09T16:06:17.898+0000] {dag.py:4180} INFO - Setting next_dagrun for example_sensors to None, run_after=None
[2025-03-09T16:06:17.917+0000] {processor.py:208} INFO - Processing /home/airflow/.local/lib/python3.12/site-packages/airflow/example_dags/example_sensors.py took 0.059 seconds
[2025-03-09T16:06:48.415+0000] {processor.py:186} INFO - Started process (PID=13462) to work on /home/airflow/.local/lib/python3.12/site-packages/airflow/example_dags/example_sensors.py
[2025-03-09T16:06:48.415+0000] {processor.py:914} INFO - Processing file /home/airflow/.local/lib/python3.12/site-packages/airflow/example_dags/example_sensors.py for tasks to queue
[2025-03-09T16:06:48.417+0000] {logging_mixin.py:190} INFO - [2025-03-09T16:06:48.417+0000] {dagbag.py:588} INFO - Filling up the DagBag from /home/airflow/.local/lib/python3.12/site-packages/airflow/example_dags/example_sensors.py
[2025-03-09T16:06:48.425+0000] {processor.py:925} INFO - DAG(s) 'example_sensors' retrieved from /home/airflow/.local/lib/python3.12/site-packages/airflow/example_dags/example_sensors.py
[2025-03-09T16:06:48.443+0000] {logging_mixin.py:190} INFO - [2025-03-09T16:06:48.442+0000] {dag.py:3239} INFO - Sync 1 DAGs
[2025-03-09T16:06:48.451+0000] {logging_mixin.py:190} INFO - [2025-03-09T16:06:48.451+0000] {dag.py:4180} INFO - Setting next_dagrun for example_sensors to None, run_after=None
[2025-03-09T16:06:48.466+0000] {processor.py:208} INFO - Processing /home/airflow/.local/lib/python3.12/site-packages/airflow/example_dags/example_sensors.py took 0.057 seconds
[2025-03-09T16:07:19.165+0000] {processor.py:186} INFO - Started process (PID=13790) to work on /home/airflow/.local/lib/python3.12/site-packages/airflow/example_dags/example_sensors.py
[2025-03-09T16:07:19.165+0000] {processor.py:914} INFO - Processing file /home/airflow/.local/lib/python3.12/site-packages/airflow/example_dags/example_sensors.py for tasks to queue
[2025-03-09T16:07:19.167+0000] {logging_mixin.py:190} INFO - [2025-03-09T16:07:19.167+0000] {dagbag.py:588} INFO - Filling up the DagBag from /home/airflow/.local/lib/python3.12/site-packages/airflow/example_dags/example_sensors.py
[2025-03-09T16:07:19.176+0000] {processor.py:925} INFO - DAG(s) 'example_sensors' retrieved from /home/airflow/.local/lib/python3.12/site-packages/airflow/example_dags/example_sensors.py
[2025-03-09T16:07:19.192+0000] {logging_mixin.py:190} INFO - [2025-03-09T16:07:19.192+0000] {dag.py:3239} INFO - Sync 1 DAGs
[2025-03-09T16:07:19.201+0000] {logging_mixin.py:190} INFO - [2025-03-09T16:07:19.201+0000] {dag.py:4180} INFO - Setting next_dagrun for example_sensors to None, run_after=None
[2025-03-09T16:07:19.217+0000] {processor.py:208} INFO - Processing /home/airflow/.local/lib/python3.12/site-packages/airflow/example_dags/example_sensors.py took 0.058 seconds
[2025-03-09T16:07:49.689+0000] {processor.py:186} INFO - Started process (PID=14115) to work on /home/airflow/.local/lib/python3.12/site-packages/airflow/example_dags/example_sensors.py
[2025-03-09T16:07:49.690+0000] {processor.py:914} INFO - Processing file /home/airflow/.local/lib/python3.12/site-packages/airflow/example_dags/example_sensors.py for tasks to queue
[2025-03-09T16:07:49.691+0000] {logging_mixin.py:190} INFO - [2025-03-09T16:07:49.691+0000] {dagbag.py:588} INFO - Filling up the DagBag from /home/airflow/.local/lib/python3.12/site-packages/airflow/example_dags/example_sensors.py
[2025-03-09T16:07:49.698+0000] {processor.py:925} INFO - DAG(s) 'example_sensors' retrieved from /home/airflow/.local/lib/python3.12/site-packages/airflow/example_dags/example_sensors.py
[2025-03-09T16:07:49.716+0000] {logging_mixin.py:190} INFO - [2025-03-09T16:07:49.716+0000] {dag.py:3239} INFO - Sync 1 DAGs
[2025-03-09T16:07:49.729+0000] {logging_mixin.py:190} INFO - [2025-03-09T16:07:49.729+0000] {dag.py:4180} INFO - Setting next_dagrun for example_sensors to None, run_after=None
[2025-03-09T16:07:49.749+0000] {processor.py:208} INFO - Processing /home/airflow/.local/lib/python3.12/site-packages/airflow/example_dags/example_sensors.py took 0.064 seconds
[2025-03-09T16:08:20.709+0000] {processor.py:186} INFO - Started process (PID=14441) to work on /home/airflow/.local/lib/python3.12/site-packages/airflow/example_dags/example_sensors.py
[2025-03-09T16:08:20.710+0000] {processor.py:914} INFO - Processing file /home/airflow/.local/lib/python3.12/site-packages/airflow/example_dags/example_sensors.py for tasks to queue
[2025-03-09T16:08:20.711+0000] {logging_mixin.py:190} INFO - [2025-03-09T16:08:20.711+0000] {dagbag.py:588} INFO - Filling up the DagBag from /home/airflow/.local/lib/python3.12/site-packages/airflow/example_dags/example_sensors.py
[2025-03-09T16:08:20.717+0000] {processor.py:925} INFO - DAG(s) 'example_sensors' retrieved from /home/airflow/.local/lib/python3.12/site-packages/airflow/example_dags/example_sensors.py
[2025-03-09T16:08:20.735+0000] {logging_mixin.py:190} INFO - [2025-03-09T16:08:20.735+0000] {dag.py:3239} INFO - Sync 1 DAGs
[2025-03-09T16:08:20.745+0000] {logging_mixin.py:190} INFO - [2025-03-09T16:08:20.744+0000] {dag.py:4180} INFO - Setting next_dagrun for example_sensors to None, run_after=None
[2025-03-09T16:08:20.760+0000] {processor.py:208} INFO - Processing /home/airflow/.local/lib/python3.12/site-packages/airflow/example_dags/example_sensors.py took 0.055 seconds
[2025-03-09T16:08:51.991+0000] {processor.py:186} INFO - Started process (PID=14772) to work on /home/airflow/.local/lib/python3.12/site-packages/airflow/example_dags/example_sensors.py
[2025-03-09T16:08:51.991+0000] {processor.py:914} INFO - Processing file /home/airflow/.local/lib/python3.12/site-packages/airflow/example_dags/example_sensors.py for tasks to queue
[2025-03-09T16:08:51.993+0000] {logging_mixin.py:190} INFO - [2025-03-09T16:08:51.992+0000] {dagbag.py:588} INFO - Filling up the DagBag from /home/airflow/.local/lib/python3.12/site-packages/airflow/example_dags/example_sensors.py
[2025-03-09T16:08:51.999+0000] {processor.py:925} INFO - DAG(s) 'example_sensors' retrieved from /home/airflow/.local/lib/python3.12/site-packages/airflow/example_dags/example_sensors.py
[2025-03-09T16:08:52.014+0000] {logging_mixin.py:190} INFO - [2025-03-09T16:08:52.014+0000] {dag.py:3239} INFO - Sync 1 DAGs
[2025-03-09T16:08:52.023+0000] {logging_mixin.py:190} INFO - [2025-03-09T16:08:52.023+0000] {dag.py:4180} INFO - Setting next_dagrun for example_sensors to None, run_after=None
[2025-03-09T16:08:52.037+0000] {processor.py:208} INFO - Processing /home/airflow/.local/lib/python3.12/site-packages/airflow/example_dags/example_sensors.py took 0.052 seconds
[2025-03-09T16:09:22.808+0000] {processor.py:186} INFO - Started process (PID=15098) to work on /home/airflow/.local/lib/python3.12/site-packages/airflow/example_dags/example_sensors.py
[2025-03-09T16:09:22.809+0000] {processor.py:914} INFO - Processing file /home/airflow/.local/lib/python3.12/site-packages/airflow/example_dags/example_sensors.py for tasks to queue
[2025-03-09T16:09:22.810+0000] {logging_mixin.py:190} INFO - [2025-03-09T16:09:22.810+0000] {dagbag.py:588} INFO - Filling up the DagBag from /home/airflow/.local/lib/python3.12/site-packages/airflow/example_dags/example_sensors.py
[2025-03-09T16:09:22.816+0000] {processor.py:925} INFO - DAG(s) 'example_sensors' retrieved from /home/airflow/.local/lib/python3.12/site-packages/airflow/example_dags/example_sensors.py
[2025-03-09T16:09:22.833+0000] {logging_mixin.py:190} INFO - [2025-03-09T16:09:22.832+0000] {dag.py:3239} INFO - Sync 1 DAGs
[2025-03-09T16:09:22.841+0000] {logging_mixin.py:190} INFO - [2025-03-09T16:09:22.841+0000] {dag.py:4180} INFO - Setting next_dagrun for example_sensors to None, run_after=None
[2025-03-09T16:09:22.858+0000] {processor.py:208} INFO - Processing /home/airflow/.local/lib/python3.12/site-packages/airflow/example_dags/example_sensors.py took 0.054 seconds
[2025-03-09T16:09:53.698+0000] {processor.py:186} INFO - Started process (PID=15424) to work on /home/airflow/.local/lib/python3.12/site-packages/airflow/example_dags/example_sensors.py
[2025-03-09T16:09:53.698+0000] {processor.py:914} INFO - Processing file /home/airflow/.local/lib/python3.12/site-packages/airflow/example_dags/example_sensors.py for tasks to queue
[2025-03-09T16:09:53.700+0000] {logging_mixin.py:190} INFO - [2025-03-09T16:09:53.699+0000] {dagbag.py:588} INFO - Filling up the DagBag from /home/airflow/.local/lib/python3.12/site-packages/airflow/example_dags/example_sensors.py
[2025-03-09T16:09:53.706+0000] {processor.py:925} INFO - DAG(s) 'example_sensors' retrieved from /home/airflow/.local/lib/python3.12/site-packages/airflow/example_dags/example_sensors.py
[2025-03-09T16:09:53.726+0000] {logging_mixin.py:190} INFO - [2025-03-09T16:09:53.725+0000] {dag.py:3239} INFO - Sync 1 DAGs
[2025-03-09T16:09:53.735+0000] {logging_mixin.py:190} INFO - [2025-03-09T16:09:53.735+0000] {dag.py:4180} INFO - Setting next_dagrun for example_sensors to None, run_after=None
[2025-03-09T16:09:53.751+0000] {processor.py:208} INFO - Processing /home/airflow/.local/lib/python3.12/site-packages/airflow/example_dags/example_sensors.py took 0.057 seconds
[2025-03-09T16:10:24.229+0000] {processor.py:186} INFO - Started process (PID=15750) to work on /home/airflow/.local/lib/python3.12/site-packages/airflow/example_dags/example_sensors.py
[2025-03-09T16:10:24.229+0000] {processor.py:914} INFO - Processing file /home/airflow/.local/lib/python3.12/site-packages/airflow/example_dags/example_sensors.py for tasks to queue
[2025-03-09T16:10:24.231+0000] {logging_mixin.py:190} INFO - [2025-03-09T16:10:24.230+0000] {dagbag.py:588} INFO - Filling up the DagBag from /home/airflow/.local/lib/python3.12/site-packages/airflow/example_dags/example_sensors.py
[2025-03-09T16:10:24.237+0000] {processor.py:925} INFO - DAG(s) 'example_sensors' retrieved from /home/airflow/.local/lib/python3.12/site-packages/airflow/example_dags/example_sensors.py
[2025-03-09T16:10:24.255+0000] {logging_mixin.py:190} INFO - [2025-03-09T16:10:24.255+0000] {dag.py:3239} INFO - Sync 1 DAGs
[2025-03-09T16:10:24.265+0000] {logging_mixin.py:190} INFO - [2025-03-09T16:10:24.265+0000] {dag.py:4180} INFO - Setting next_dagrun for example_sensors to None, run_after=None
[2025-03-09T16:10:24.277+0000] {processor.py:208} INFO - Processing /home/airflow/.local/lib/python3.12/site-packages/airflow/example_dags/example_sensors.py took 0.052 seconds
[2025-03-09T16:10:54.460+0000] {processor.py:186} INFO - Started process (PID=16071) to work on /home/airflow/.local/lib/python3.12/site-packages/airflow/example_dags/example_sensors.py
[2025-03-09T16:10:54.462+0000] {processor.py:914} INFO - Processing file /home/airflow/.local/lib/python3.12/site-packages/airflow/example_dags/example_sensors.py for tasks to queue
[2025-03-09T16:10:54.463+0000] {logging_mixin.py:190} INFO - [2025-03-09T16:10:54.463+0000] {dagbag.py:588} INFO - Filling up the DagBag from /home/airflow/.local/lib/python3.12/site-packages/airflow/example_dags/example_sensors.py
[2025-03-09T16:10:54.469+0000] {processor.py:925} INFO - DAG(s) 'example_sensors' retrieved from /home/airflow/.local/lib/python3.12/site-packages/airflow/example_dags/example_sensors.py
[2025-03-09T16:10:54.485+0000] {logging_mixin.py:190} INFO - [2025-03-09T16:10:54.485+0000] {dag.py:3239} INFO - Sync 1 DAGs
[2025-03-09T16:10:54.493+0000] {logging_mixin.py:190} INFO - [2025-03-09T16:10:54.493+0000] {dag.py:4180} INFO - Setting next_dagrun for example_sensors to None, run_after=None
[2025-03-09T16:10:54.509+0000] {processor.py:208} INFO - Processing /home/airflow/.local/lib/python3.12/site-packages/airflow/example_dags/example_sensors.py took 0.052 seconds
[2025-03-09T16:11:24.620+0000] {processor.py:186} INFO - Started process (PID=16397) to work on /home/airflow/.local/lib/python3.12/site-packages/airflow/example_dags/example_sensors.py
[2025-03-09T16:11:24.621+0000] {processor.py:914} INFO - Processing file /home/airflow/.local/lib/python3.12/site-packages/airflow/example_dags/example_sensors.py for tasks to queue
[2025-03-09T16:11:24.622+0000] {logging_mixin.py:190} INFO - [2025-03-09T16:11:24.622+0000] {dagbag.py:588} INFO - Filling up the DagBag from /home/airflow/.local/lib/python3.12/site-packages/airflow/example_dags/example_sensors.py
[2025-03-09T16:11:24.628+0000] {processor.py:925} INFO - DAG(s) 'example_sensors' retrieved from /home/airflow/.local/lib/python3.12/site-packages/airflow/example_dags/example_sensors.py
[2025-03-09T16:11:24.643+0000] {logging_mixin.py:190} INFO - [2025-03-09T16:11:24.643+0000] {dag.py:3239} INFO - Sync 1 DAGs
[2025-03-09T16:11:24.652+0000] {logging_mixin.py:190} INFO - [2025-03-09T16:11:24.651+0000] {dag.py:4180} INFO - Setting next_dagrun for example_sensors to None, run_after=None
[2025-03-09T16:11:24.662+0000] {processor.py:208} INFO - Processing /home/airflow/.local/lib/python3.12/site-packages/airflow/example_dags/example_sensors.py took 0.049 seconds
[2025-03-09T16:11:54.931+0000] {processor.py:186} INFO - Started process (PID=16723) to work on /home/airflow/.local/lib/python3.12/site-packages/airflow/example_dags/example_sensors.py
[2025-03-09T16:11:54.932+0000] {processor.py:914} INFO - Processing file /home/airflow/.local/lib/python3.12/site-packages/airflow/example_dags/example_sensors.py for tasks to queue
[2025-03-09T16:11:54.933+0000] {logging_mixin.py:190} INFO - [2025-03-09T16:11:54.933+0000] {dagbag.py:588} INFO - Filling up the DagBag from /home/airflow/.local/lib/python3.12/site-packages/airflow/example_dags/example_sensors.py
[2025-03-09T16:11:54.939+0000] {processor.py:925} INFO - DAG(s) 'example_sensors' retrieved from /home/airflow/.local/lib/python3.12/site-packages/airflow/example_dags/example_sensors.py
[2025-03-09T16:11:54.958+0000] {logging_mixin.py:190} INFO - [2025-03-09T16:11:54.958+0000] {dag.py:3239} INFO - Sync 1 DAGs
[2025-03-09T16:11:54.967+0000] {logging_mixin.py:190} INFO - [2025-03-09T16:11:54.967+0000] {dag.py:4180} INFO - Setting next_dagrun for example_sensors to None, run_after=None
[2025-03-09T16:11:54.979+0000] {processor.py:208} INFO - Processing /home/airflow/.local/lib/python3.12/site-packages/airflow/example_dags/example_sensors.py took 0.051 seconds
[2025-03-09T16:12:26.092+0000] {processor.py:186} INFO - Started process (PID=17049) to work on /home/airflow/.local/lib/python3.12/site-packages/airflow/example_dags/example_sensors.py
[2025-03-09T16:12:26.093+0000] {processor.py:914} INFO - Processing file /home/airflow/.local/lib/python3.12/site-packages/airflow/example_dags/example_sensors.py for tasks to queue
[2025-03-09T16:12:26.094+0000] {logging_mixin.py:190} INFO - [2025-03-09T16:12:26.094+0000] {dagbag.py:588} INFO - Filling up the DagBag from /home/airflow/.local/lib/python3.12/site-packages/airflow/example_dags/example_sensors.py
[2025-03-09T16:12:26.100+0000] {processor.py:925} INFO - DAG(s) 'example_sensors' retrieved from /home/airflow/.local/lib/python3.12/site-packages/airflow/example_dags/example_sensors.py
[2025-03-09T16:12:26.118+0000] {logging_mixin.py:190} INFO - [2025-03-09T16:12:26.118+0000] {dag.py:3239} INFO - Sync 1 DAGs
[2025-03-09T16:12:26.127+0000] {logging_mixin.py:190} INFO - [2025-03-09T16:12:26.127+0000] {dag.py:4180} INFO - Setting next_dagrun for example_sensors to None, run_after=None
[2025-03-09T16:12:26.142+0000] {processor.py:208} INFO - Processing /home/airflow/.local/lib/python3.12/site-packages/airflow/example_dags/example_sensors.py took 0.053 seconds
[2025-03-09T16:12:56.347+0000] {processor.py:186} INFO - Started process (PID=17375) to work on /home/airflow/.local/lib/python3.12/site-packages/airflow/example_dags/example_sensors.py
[2025-03-09T16:12:56.348+0000] {processor.py:914} INFO - Processing file /home/airflow/.local/lib/python3.12/site-packages/airflow/example_dags/example_sensors.py for tasks to queue
[2025-03-09T16:12:56.349+0000] {logging_mixin.py:190} INFO - [2025-03-09T16:12:56.349+0000] {dagbag.py:588} INFO - Filling up the DagBag from /home/airflow/.local/lib/python3.12/site-packages/airflow/example_dags/example_sensors.py
[2025-03-09T16:12:56.356+0000] {processor.py:925} INFO - DAG(s) 'example_sensors' retrieved from /home/airflow/.local/lib/python3.12/site-packages/airflow/example_dags/example_sensors.py
[2025-03-09T16:12:56.375+0000] {logging_mixin.py:190} INFO - [2025-03-09T16:12:56.375+0000] {dag.py:3239} INFO - Sync 1 DAGs
[2025-03-09T16:12:56.389+0000] {logging_mixin.py:190} INFO - [2025-03-09T16:12:56.388+0000] {dag.py:4180} INFO - Setting next_dagrun for example_sensors to None, run_after=None
[2025-03-09T16:12:56.401+0000] {processor.py:208} INFO - Processing /home/airflow/.local/lib/python3.12/site-packages/airflow/example_dags/example_sensors.py took 0.059 seconds
[2025-03-09T16:13:27.345+0000] {processor.py:186} INFO - Started process (PID=17703) to work on /home/airflow/.local/lib/python3.12/site-packages/airflow/example_dags/example_sensors.py
[2025-03-09T16:13:27.346+0000] {processor.py:914} INFO - Processing file /home/airflow/.local/lib/python3.12/site-packages/airflow/example_dags/example_sensors.py for tasks to queue
[2025-03-09T16:13:27.347+0000] {logging_mixin.py:190} INFO - [2025-03-09T16:13:27.347+0000] {dagbag.py:588} INFO - Filling up the DagBag from /home/airflow/.local/lib/python3.12/site-packages/airflow/example_dags/example_sensors.py
[2025-03-09T16:13:27.354+0000] {processor.py:925} INFO - DAG(s) 'example_sensors' retrieved from /home/airflow/.local/lib/python3.12/site-packages/airflow/example_dags/example_sensors.py
[2025-03-09T16:13:27.375+0000] {logging_mixin.py:190} INFO - [2025-03-09T16:13:27.375+0000] {dag.py:3239} INFO - Sync 1 DAGs
[2025-03-09T16:13:27.385+0000] {logging_mixin.py:190} INFO - [2025-03-09T16:13:27.385+0000] {dag.py:4180} INFO - Setting next_dagrun for example_sensors to None, run_after=None
[2025-03-09T16:13:27.398+0000] {processor.py:208} INFO - Processing /home/airflow/.local/lib/python3.12/site-packages/airflow/example_dags/example_sensors.py took 0.057 seconds
[2025-03-09T16:13:58.344+0000] {processor.py:186} INFO - Started process (PID=18027) to work on /home/airflow/.local/lib/python3.12/site-packages/airflow/example_dags/example_sensors.py
[2025-03-09T16:13:58.345+0000] {processor.py:914} INFO - Processing file /home/airflow/.local/lib/python3.12/site-packages/airflow/example_dags/example_sensors.py for tasks to queue
[2025-03-09T16:13:58.346+0000] {logging_mixin.py:190} INFO - [2025-03-09T16:13:58.346+0000] {dagbag.py:588} INFO - Filling up the DagBag from /home/airflow/.local/lib/python3.12/site-packages/airflow/example_dags/example_sensors.py
[2025-03-09T16:13:58.353+0000] {processor.py:925} INFO - DAG(s) 'example_sensors' retrieved from /home/airflow/.local/lib/python3.12/site-packages/airflow/example_dags/example_sensors.py
[2025-03-09T16:13:58.370+0000] {logging_mixin.py:190} INFO - [2025-03-09T16:13:58.369+0000] {dag.py:3239} INFO - Sync 1 DAGs
[2025-03-09T16:13:58.379+0000] {logging_mixin.py:190} INFO - [2025-03-09T16:13:58.379+0000] {dag.py:4180} INFO - Setting next_dagrun for example_sensors to None, run_after=None
[2025-03-09T16:13:58.391+0000] {processor.py:208} INFO - Processing /home/airflow/.local/lib/python3.12/site-packages/airflow/example_dags/example_sensors.py took 0.051 seconds
[2025-03-09T16:14:28.977+0000] {processor.py:186} INFO - Started process (PID=18353) to work on /home/airflow/.local/lib/python3.12/site-packages/airflow/example_dags/example_sensors.py
[2025-03-09T16:14:28.977+0000] {processor.py:914} INFO - Processing file /home/airflow/.local/lib/python3.12/site-packages/airflow/example_dags/example_sensors.py for tasks to queue
[2025-03-09T16:14:28.979+0000] {logging_mixin.py:190} INFO - [2025-03-09T16:14:28.978+0000] {dagbag.py:588} INFO - Filling up the DagBag from /home/airflow/.local/lib/python3.12/site-packages/airflow/example_dags/example_sensors.py
[2025-03-09T16:14:28.985+0000] {processor.py:925} INFO - DAG(s) 'example_sensors' retrieved from /home/airflow/.local/lib/python3.12/site-packages/airflow/example_dags/example_sensors.py
[2025-03-09T16:14:29.001+0000] {logging_mixin.py:190} INFO - [2025-03-09T16:14:29.000+0000] {dag.py:3239} INFO - Sync 1 DAGs
[2025-03-09T16:14:29.010+0000] {logging_mixin.py:190} INFO - [2025-03-09T16:14:29.010+0000] {dag.py:4180} INFO - Setting next_dagrun for example_sensors to None, run_after=None
[2025-03-09T16:14:29.025+0000] {processor.py:208} INFO - Processing /home/airflow/.local/lib/python3.12/site-packages/airflow/example_dags/example_sensors.py took 0.052 seconds
[2025-03-09T16:14:59.870+0000] {processor.py:186} INFO - Started process (PID=18679) to work on /home/airflow/.local/lib/python3.12/site-packages/airflow/example_dags/example_sensors.py
[2025-03-09T16:14:59.870+0000] {processor.py:914} INFO - Processing file /home/airflow/.local/lib/python3.12/site-packages/airflow/example_dags/example_sensors.py for tasks to queue
[2025-03-09T16:14:59.871+0000] {logging_mixin.py:190} INFO - [2025-03-09T16:14:59.871+0000] {dagbag.py:588} INFO - Filling up the DagBag from /home/airflow/.local/lib/python3.12/site-packages/airflow/example_dags/example_sensors.py
[2025-03-09T16:14:59.877+0000] {processor.py:925} INFO - DAG(s) 'example_sensors' retrieved from /home/airflow/.local/lib/python3.12/site-packages/airflow/example_dags/example_sensors.py
[2025-03-09T16:14:59.893+0000] {logging_mixin.py:190} INFO - [2025-03-09T16:14:59.892+0000] {dag.py:3239} INFO - Sync 1 DAGs
[2025-03-09T16:14:59.901+0000] {logging_mixin.py:190} INFO - [2025-03-09T16:14:59.900+0000] {dag.py:4180} INFO - Setting next_dagrun for example_sensors to None, run_after=None
[2025-03-09T16:14:59.915+0000] {processor.py:208} INFO - Processing /home/airflow/.local/lib/python3.12/site-packages/airflow/example_dags/example_sensors.py took 0.049 seconds
[2025-03-09T16:15:30.684+0000] {processor.py:186} INFO - Started process (PID=19005) to work on /home/airflow/.local/lib/python3.12/site-packages/airflow/example_dags/example_sensors.py
[2025-03-09T16:15:30.684+0000] {processor.py:914} INFO - Processing file /home/airflow/.local/lib/python3.12/site-packages/airflow/example_dags/example_sensors.py for tasks to queue
[2025-03-09T16:15:30.685+0000] {logging_mixin.py:190} INFO - [2025-03-09T16:15:30.685+0000] {dagbag.py:588} INFO - Filling up the DagBag from /home/airflow/.local/lib/python3.12/site-packages/airflow/example_dags/example_sensors.py
[2025-03-09T16:15:30.693+0000] {processor.py:925} INFO - DAG(s) 'example_sensors' retrieved from /home/airflow/.local/lib/python3.12/site-packages/airflow/example_dags/example_sensors.py
[2025-03-09T16:15:30.709+0000] {logging_mixin.py:190} INFO - [2025-03-09T16:15:30.709+0000] {dag.py:3239} INFO - Sync 1 DAGs
[2025-03-09T16:15:30.718+0000] {logging_mixin.py:190} INFO - [2025-03-09T16:15:30.718+0000] {dag.py:4180} INFO - Setting next_dagrun for example_sensors to None, run_after=None
[2025-03-09T16:15:30.732+0000] {processor.py:208} INFO - Processing /home/airflow/.local/lib/python3.12/site-packages/airflow/example_dags/example_sensors.py took 0.051 seconds
[2025-03-09T16:16:01.723+0000] {processor.py:186} INFO - Started process (PID=19333) to work on /home/airflow/.local/lib/python3.12/site-packages/airflow/example_dags/example_sensors.py
[2025-03-09T16:16:01.724+0000] {processor.py:914} INFO - Processing file /home/airflow/.local/lib/python3.12/site-packages/airflow/example_dags/example_sensors.py for tasks to queue
[2025-03-09T16:16:01.726+0000] {logging_mixin.py:190} INFO - [2025-03-09T16:16:01.726+0000] {dagbag.py:588} INFO - Filling up the DagBag from /home/airflow/.local/lib/python3.12/site-packages/airflow/example_dags/example_sensors.py
[2025-03-09T16:16:01.733+0000] {processor.py:925} INFO - DAG(s) 'example_sensors' retrieved from /home/airflow/.local/lib/python3.12/site-packages/airflow/example_dags/example_sensors.py
[2025-03-09T16:16:01.750+0000] {logging_mixin.py:190} INFO - [2025-03-09T16:16:01.750+0000] {dag.py:3239} INFO - Sync 1 DAGs
[2025-03-09T16:16:01.758+0000] {logging_mixin.py:190} INFO - [2025-03-09T16:16:01.758+0000] {dag.py:4180} INFO - Setting next_dagrun for example_sensors to None, run_after=None
[2025-03-09T16:16:01.777+0000] {processor.py:208} INFO - Processing /home/airflow/.local/lib/python3.12/site-packages/airflow/example_dags/example_sensors.py took 0.061 seconds
[2025-03-09T16:16:33.092+0000] {processor.py:186} INFO - Started process (PID=19657) to work on /home/airflow/.local/lib/python3.12/site-packages/airflow/example_dags/example_sensors.py
[2025-03-09T16:16:33.092+0000] {processor.py:914} INFO - Processing file /home/airflow/.local/lib/python3.12/site-packages/airflow/example_dags/example_sensors.py for tasks to queue
[2025-03-09T16:16:33.094+0000] {logging_mixin.py:190} INFO - [2025-03-09T16:16:33.093+0000] {dagbag.py:588} INFO - Filling up the DagBag from /home/airflow/.local/lib/python3.12/site-packages/airflow/example_dags/example_sensors.py
[2025-03-09T16:16:33.100+0000] {processor.py:925} INFO - DAG(s) 'example_sensors' retrieved from /home/airflow/.local/lib/python3.12/site-packages/airflow/example_dags/example_sensors.py
[2025-03-09T16:16:33.117+0000] {logging_mixin.py:190} INFO - [2025-03-09T16:16:33.117+0000] {dag.py:3239} INFO - Sync 1 DAGs
[2025-03-09T16:16:33.126+0000] {logging_mixin.py:190} INFO - [2025-03-09T16:16:33.126+0000] {dag.py:4180} INFO - Setting next_dagrun for example_sensors to None, run_after=None
[2025-03-09T16:16:33.139+0000] {processor.py:208} INFO - Processing /home/airflow/.local/lib/python3.12/site-packages/airflow/example_dags/example_sensors.py took 0.050 seconds
[2025-03-09T16:17:04.331+0000] {processor.py:186} INFO - Started process (PID=19985) to work on /home/airflow/.local/lib/python3.12/site-packages/airflow/example_dags/example_sensors.py
[2025-03-09T16:17:04.332+0000] {processor.py:914} INFO - Processing file /home/airflow/.local/lib/python3.12/site-packages/airflow/example_dags/example_sensors.py for tasks to queue
[2025-03-09T16:17:04.334+0000] {logging_mixin.py:190} INFO - [2025-03-09T16:17:04.334+0000] {dagbag.py:588} INFO - Filling up the DagBag from /home/airflow/.local/lib/python3.12/site-packages/airflow/example_dags/example_sensors.py
[2025-03-09T16:17:04.341+0000] {processor.py:925} INFO - DAG(s) 'example_sensors' retrieved from /home/airflow/.local/lib/python3.12/site-packages/airflow/example_dags/example_sensors.py
[2025-03-09T16:17:04.357+0000] {logging_mixin.py:190} INFO - [2025-03-09T16:17:04.357+0000] {dag.py:3239} INFO - Sync 1 DAGs
[2025-03-09T16:17:04.365+0000] {logging_mixin.py:190} INFO - [2025-03-09T16:17:04.365+0000] {dag.py:4180} INFO - Setting next_dagrun for example_sensors to None, run_after=None
[2025-03-09T16:17:04.377+0000] {processor.py:208} INFO - Processing /home/airflow/.local/lib/python3.12/site-packages/airflow/example_dags/example_sensors.py took 0.055 seconds
[2025-03-09T16:17:35.415+0000] {processor.py:186} INFO - Started process (PID=20311) to work on /home/airflow/.local/lib/python3.12/site-packages/airflow/example_dags/example_sensors.py
[2025-03-09T16:17:35.415+0000] {processor.py:914} INFO - Processing file /home/airflow/.local/lib/python3.12/site-packages/airflow/example_dags/example_sensors.py for tasks to queue
[2025-03-09T16:17:35.416+0000] {logging_mixin.py:190} INFO - [2025-03-09T16:17:35.416+0000] {dagbag.py:588} INFO - Filling up the DagBag from /home/airflow/.local/lib/python3.12/site-packages/airflow/example_dags/example_sensors.py
[2025-03-09T16:17:35.423+0000] {processor.py:925} INFO - DAG(s) 'example_sensors' retrieved from /home/airflow/.local/lib/python3.12/site-packages/airflow/example_dags/example_sensors.py
[2025-03-09T16:17:35.440+0000] {logging_mixin.py:190} INFO - [2025-03-09T16:17:35.439+0000] {dag.py:3239} INFO - Sync 1 DAGs
[2025-03-09T16:17:35.448+0000] {logging_mixin.py:190} INFO - [2025-03-09T16:17:35.448+0000] {dag.py:4180} INFO - Setting next_dagrun for example_sensors to None, run_after=None
[2025-03-09T16:17:35.462+0000] {processor.py:208} INFO - Processing /home/airflow/.local/lib/python3.12/site-packages/airflow/example_dags/example_sensors.py took 0.051 seconds
[2025-03-09T16:18:06.371+0000] {processor.py:186} INFO - Started process (PID=20635) to work on /home/airflow/.local/lib/python3.12/site-packages/airflow/example_dags/example_sensors.py
[2025-03-09T16:18:06.371+0000] {processor.py:914} INFO - Processing file /home/airflow/.local/lib/python3.12/site-packages/airflow/example_dags/example_sensors.py for tasks to queue
[2025-03-09T16:18:06.373+0000] {logging_mixin.py:190} INFO - [2025-03-09T16:18:06.373+0000] {dagbag.py:588} INFO - Filling up the DagBag from /home/airflow/.local/lib/python3.12/site-packages/airflow/example_dags/example_sensors.py
[2025-03-09T16:18:06.379+0000] {processor.py:925} INFO - DAG(s) 'example_sensors' retrieved from /home/airflow/.local/lib/python3.12/site-packages/airflow/example_dags/example_sensors.py
[2025-03-09T16:18:06.408+0000] {logging_mixin.py:190} INFO - [2025-03-09T16:18:06.408+0000] {dag.py:3239} INFO - Sync 1 DAGs
[2025-03-09T16:18:06.416+0000] {logging_mixin.py:190} INFO - [2025-03-09T16:18:06.416+0000] {dag.py:4180} INFO - Setting next_dagrun for example_sensors to None, run_after=None
[2025-03-09T16:18:06.429+0000] {processor.py:208} INFO - Processing /home/airflow/.local/lib/python3.12/site-packages/airflow/example_dags/example_sensors.py took 0.064 seconds
[2025-03-09T16:18:36.755+0000] {processor.py:186} INFO - Started process (PID=20961) to work on /home/airflow/.local/lib/python3.12/site-packages/airflow/example_dags/example_sensors.py
[2025-03-09T16:18:36.756+0000] {processor.py:914} INFO - Processing file /home/airflow/.local/lib/python3.12/site-packages/airflow/example_dags/example_sensors.py for tasks to queue
[2025-03-09T16:18:36.758+0000] {logging_mixin.py:190} INFO - [2025-03-09T16:18:36.757+0000] {dagbag.py:588} INFO - Filling up the DagBag from /home/airflow/.local/lib/python3.12/site-packages/airflow/example_dags/example_sensors.py
[2025-03-09T16:18:36.768+0000] {processor.py:925} INFO - DAG(s) 'example_sensors' retrieved from /home/airflow/.local/lib/python3.12/site-packages/airflow/example_dags/example_sensors.py
[2025-03-09T16:18:36.790+0000] {logging_mixin.py:190} INFO - [2025-03-09T16:18:36.790+0000] {dag.py:3239} INFO - Sync 1 DAGs
[2025-03-09T16:18:36.801+0000] {logging_mixin.py:190} INFO - [2025-03-09T16:18:36.801+0000] {dag.py:4180} INFO - Setting next_dagrun for example_sensors to None, run_after=None
[2025-03-09T16:18:36.830+0000] {processor.py:208} INFO - Processing /home/airflow/.local/lib/python3.12/site-packages/airflow/example_dags/example_sensors.py took 0.080 seconds
[2025-03-09T16:19:07.940+0000] {processor.py:186} INFO - Started process (PID=21289) to work on /home/airflow/.local/lib/python3.12/site-packages/airflow/example_dags/example_sensors.py
[2025-03-09T16:19:07.940+0000] {processor.py:914} INFO - Processing file /home/airflow/.local/lib/python3.12/site-packages/airflow/example_dags/example_sensors.py for tasks to queue
[2025-03-09T16:19:07.943+0000] {logging_mixin.py:190} INFO - [2025-03-09T16:19:07.942+0000] {dagbag.py:588} INFO - Filling up the DagBag from /home/airflow/.local/lib/python3.12/site-packages/airflow/example_dags/example_sensors.py
[2025-03-09T16:19:07.955+0000] {processor.py:925} INFO - DAG(s) 'example_sensors' retrieved from /home/airflow/.local/lib/python3.12/site-packages/airflow/example_dags/example_sensors.py
[2025-03-09T16:19:07.986+0000] {logging_mixin.py:190} INFO - [2025-03-09T16:19:07.986+0000] {dag.py:3239} INFO - Sync 1 DAGs
[2025-03-09T16:19:07.996+0000] {logging_mixin.py:190} INFO - [2025-03-09T16:19:07.996+0000] {dag.py:4180} INFO - Setting next_dagrun for example_sensors to None, run_after=None
[2025-03-09T16:19:08.011+0000] {processor.py:208} INFO - Processing /home/airflow/.local/lib/python3.12/site-packages/airflow/example_dags/example_sensors.py took 0.078 seconds
[2025-03-09T16:19:38.345+0000] {processor.py:186} INFO - Started process (PID=21613) to work on /home/airflow/.local/lib/python3.12/site-packages/airflow/example_dags/example_sensors.py
[2025-03-09T16:19:38.346+0000] {processor.py:914} INFO - Processing file /home/airflow/.local/lib/python3.12/site-packages/airflow/example_dags/example_sensors.py for tasks to queue
[2025-03-09T16:19:38.347+0000] {logging_mixin.py:190} INFO - [2025-03-09T16:19:38.347+0000] {dagbag.py:588} INFO - Filling up the DagBag from /home/airflow/.local/lib/python3.12/site-packages/airflow/example_dags/example_sensors.py
[2025-03-09T16:19:38.353+0000] {processor.py:925} INFO - DAG(s) 'example_sensors' retrieved from /home/airflow/.local/lib/python3.12/site-packages/airflow/example_dags/example_sensors.py
[2025-03-09T16:19:38.369+0000] {logging_mixin.py:190} INFO - [2025-03-09T16:19:38.369+0000] {dag.py:3239} INFO - Sync 1 DAGs
[2025-03-09T16:19:38.379+0000] {logging_mixin.py:190} INFO - [2025-03-09T16:19:38.379+0000] {dag.py:4180} INFO - Setting next_dagrun for example_sensors to None, run_after=None
[2025-03-09T16:19:38.394+0000] {processor.py:208} INFO - Processing /home/airflow/.local/lib/python3.12/site-packages/airflow/example_dags/example_sensors.py took 0.052 seconds
