[2025-03-09T15:46:15.378+0000] {processor.py:186} INFO - Started process (PID=402) to work on /home/airflow/.local/lib/python3.12/site-packages/airflow/example_dags/example_complex.py
[2025-03-09T15:46:15.379+0000] {processor.py:914} INFO - Processing file /home/airflow/.local/lib/python3.12/site-packages/airflow/example_dags/example_complex.py for tasks to queue
[2025-03-09T15:46:15.380+0000] {logging_mixin.py:190} INFO - [2025-03-09T15:46:15.380+0000] {dagbag.py:588} INFO - Filling up the DagBag from /home/airflow/.local/lib/python3.12/site-packages/airflow/example_dags/example_complex.py
[2025-03-09T15:46:15.387+0000] {processor.py:925} INFO - DAG(s) 'example_complex' retrieved from /home/airflow/.local/lib/python3.12/site-packages/airflow/example_dags/example_complex.py
[2025-03-09T15:46:15.406+0000] {logging_mixin.py:190} INFO - [2025-03-09T15:46:15.406+0000] {dag.py:3239} INFO - Sync 1 DAGs
[2025-03-09T15:46:15.415+0000] {logging_mixin.py:190} INFO - [2025-03-09T15:46:15.415+0000] {dag.py:4180} INFO - Setting next_dagrun for example_complex to None, run_after=None
[2025-03-09T15:46:15.430+0000] {processor.py:208} INFO - Processing /home/airflow/.local/lib/python3.12/site-packages/airflow/example_dags/example_complex.py took 0.057 seconds
[2025-03-09T15:46:46.445+0000] {processor.py:186} INFO - Started process (PID=728) to work on /home/airflow/.local/lib/python3.12/site-packages/airflow/example_dags/example_complex.py
[2025-03-09T15:46:46.446+0000] {processor.py:914} INFO - Processing file /home/airflow/.local/lib/python3.12/site-packages/airflow/example_dags/example_complex.py for tasks to queue
[2025-03-09T15:46:46.447+0000] {logging_mixin.py:190} INFO - [2025-03-09T15:46:46.447+0000] {dagbag.py:588} INFO - Filling up the DagBag from /home/airflow/.local/lib/python3.12/site-packages/airflow/example_dags/example_complex.py
[2025-03-09T15:46:46.454+0000] {processor.py:925} INFO - DAG(s) 'example_complex' retrieved from /home/airflow/.local/lib/python3.12/site-packages/airflow/example_dags/example_complex.py
[2025-03-09T15:46:46.473+0000] {logging_mixin.py:190} INFO - [2025-03-09T15:46:46.473+0000] {dag.py:3239} INFO - Sync 1 DAGs
[2025-03-09T15:46:46.481+0000] {logging_mixin.py:190} INFO - [2025-03-09T15:46:46.481+0000] {dag.py:4180} INFO - Setting next_dagrun for example_complex to None, run_after=None
[2025-03-09T15:46:46.492+0000] {processor.py:208} INFO - Processing /home/airflow/.local/lib/python3.12/site-packages/airflow/example_dags/example_complex.py took 0.050 seconds
[2025-03-09T15:47:17.574+0000] {processor.py:186} INFO - Started process (PID=1054) to work on /home/airflow/.local/lib/python3.12/site-packages/airflow/example_dags/example_complex.py
[2025-03-09T15:47:17.574+0000] {processor.py:914} INFO - Processing file /home/airflow/.local/lib/python3.12/site-packages/airflow/example_dags/example_complex.py for tasks to queue
[2025-03-09T15:47:17.575+0000] {logging_mixin.py:190} INFO - [2025-03-09T15:47:17.575+0000] {dagbag.py:588} INFO - Filling up the DagBag from /home/airflow/.local/lib/python3.12/site-packages/airflow/example_dags/example_complex.py
[2025-03-09T15:47:17.582+0000] {processor.py:925} INFO - DAG(s) 'example_complex' retrieved from /home/airflow/.local/lib/python3.12/site-packages/airflow/example_dags/example_complex.py
[2025-03-09T15:47:17.604+0000] {logging_mixin.py:190} INFO - [2025-03-09T15:47:17.604+0000] {dag.py:3239} INFO - Sync 1 DAGs
[2025-03-09T15:47:17.615+0000] {logging_mixin.py:190} INFO - [2025-03-09T15:47:17.615+0000] {dag.py:4180} INFO - Setting next_dagrun for example_complex to None, run_after=None
[2025-03-09T15:47:17.633+0000] {processor.py:208} INFO - Processing /home/airflow/.local/lib/python3.12/site-packages/airflow/example_dags/example_complex.py took 0.063 seconds
[2025-03-09T15:47:48.424+0000] {processor.py:186} INFO - Started process (PID=1380) to work on /home/airflow/.local/lib/python3.12/site-packages/airflow/example_dags/example_complex.py
[2025-03-09T15:47:48.425+0000] {processor.py:914} INFO - Processing file /home/airflow/.local/lib/python3.12/site-packages/airflow/example_dags/example_complex.py for tasks to queue
[2025-03-09T15:47:48.426+0000] {logging_mixin.py:190} INFO - [2025-03-09T15:47:48.426+0000] {dagbag.py:588} INFO - Filling up the DagBag from /home/airflow/.local/lib/python3.12/site-packages/airflow/example_dags/example_complex.py
[2025-03-09T15:47:48.433+0000] {processor.py:925} INFO - DAG(s) 'example_complex' retrieved from /home/airflow/.local/lib/python3.12/site-packages/airflow/example_dags/example_complex.py
[2025-03-09T15:47:48.455+0000] {logging_mixin.py:190} INFO - [2025-03-09T15:47:48.455+0000] {dag.py:3239} INFO - Sync 1 DAGs
[2025-03-09T15:47:48.464+0000] {logging_mixin.py:190} INFO - [2025-03-09T15:47:48.464+0000] {dag.py:4180} INFO - Setting next_dagrun for example_complex to None, run_after=None
[2025-03-09T15:47:48.478+0000] {processor.py:208} INFO - Processing /home/airflow/.local/lib/python3.12/site-packages/airflow/example_dags/example_complex.py took 0.057 seconds
[2025-03-09T15:48:19.299+0000] {processor.py:186} INFO - Started process (PID=1706) to work on /home/airflow/.local/lib/python3.12/site-packages/airflow/example_dags/example_complex.py
[2025-03-09T15:48:19.299+0000] {processor.py:914} INFO - Processing file /home/airflow/.local/lib/python3.12/site-packages/airflow/example_dags/example_complex.py for tasks to queue
[2025-03-09T15:48:19.300+0000] {logging_mixin.py:190} INFO - [2025-03-09T15:48:19.300+0000] {dagbag.py:588} INFO - Filling up the DagBag from /home/airflow/.local/lib/python3.12/site-packages/airflow/example_dags/example_complex.py
[2025-03-09T15:48:19.307+0000] {processor.py:925} INFO - DAG(s) 'example_complex' retrieved from /home/airflow/.local/lib/python3.12/site-packages/airflow/example_dags/example_complex.py
[2025-03-09T15:48:19.331+0000] {logging_mixin.py:190} INFO - [2025-03-09T15:48:19.331+0000] {dag.py:3239} INFO - Sync 1 DAGs
[2025-03-09T15:48:19.340+0000] {logging_mixin.py:190} INFO - [2025-03-09T15:48:19.340+0000] {dag.py:4180} INFO - Setting next_dagrun for example_complex to None, run_after=None
[2025-03-09T15:48:19.355+0000] {processor.py:208} INFO - Processing /home/airflow/.local/lib/python3.12/site-packages/airflow/example_dags/example_complex.py took 0.060 seconds
[2025-03-09T15:48:50.274+0000] {processor.py:186} INFO - Started process (PID=2032) to work on /home/airflow/.local/lib/python3.12/site-packages/airflow/example_dags/example_complex.py
[2025-03-09T15:48:50.274+0000] {processor.py:914} INFO - Processing file /home/airflow/.local/lib/python3.12/site-packages/airflow/example_dags/example_complex.py for tasks to queue
[2025-03-09T15:48:50.276+0000] {logging_mixin.py:190} INFO - [2025-03-09T15:48:50.275+0000] {dagbag.py:588} INFO - Filling up the DagBag from /home/airflow/.local/lib/python3.12/site-packages/airflow/example_dags/example_complex.py
[2025-03-09T15:48:50.282+0000] {processor.py:925} INFO - DAG(s) 'example_complex' retrieved from /home/airflow/.local/lib/python3.12/site-packages/airflow/example_dags/example_complex.py
[2025-03-09T15:48:50.301+0000] {logging_mixin.py:190} INFO - [2025-03-09T15:48:50.301+0000] {dag.py:3239} INFO - Sync 1 DAGs
[2025-03-09T15:48:50.310+0000] {logging_mixin.py:190} INFO - [2025-03-09T15:48:50.310+0000] {dag.py:4180} INFO - Setting next_dagrun for example_complex to None, run_after=None
[2025-03-09T15:48:50.322+0000] {processor.py:208} INFO - Processing /home/airflow/.local/lib/python3.12/site-packages/airflow/example_dags/example_complex.py took 0.052 seconds
[2025-03-09T15:49:20.951+0000] {processor.py:186} INFO - Started process (PID=2358) to work on /home/airflow/.local/lib/python3.12/site-packages/airflow/example_dags/example_complex.py
[2025-03-09T15:49:20.952+0000] {processor.py:914} INFO - Processing file /home/airflow/.local/lib/python3.12/site-packages/airflow/example_dags/example_complex.py for tasks to queue
[2025-03-09T15:49:20.953+0000] {logging_mixin.py:190} INFO - [2025-03-09T15:49:20.953+0000] {dagbag.py:588} INFO - Filling up the DagBag from /home/airflow/.local/lib/python3.12/site-packages/airflow/example_dags/example_complex.py
[2025-03-09T15:49:20.959+0000] {processor.py:925} INFO - DAG(s) 'example_complex' retrieved from /home/airflow/.local/lib/python3.12/site-packages/airflow/example_dags/example_complex.py
[2025-03-09T15:49:20.981+0000] {logging_mixin.py:190} INFO - [2025-03-09T15:49:20.981+0000] {dag.py:3239} INFO - Sync 1 DAGs
[2025-03-09T15:49:20.991+0000] {logging_mixin.py:190} INFO - [2025-03-09T15:49:20.991+0000] {dag.py:4180} INFO - Setting next_dagrun for example_complex to None, run_after=None
[2025-03-09T15:49:21.007+0000] {processor.py:208} INFO - Processing /home/airflow/.local/lib/python3.12/site-packages/airflow/example_dags/example_complex.py took 0.059 seconds
[2025-03-09T15:49:51.952+0000] {processor.py:186} INFO - Started process (PID=2684) to work on /home/airflow/.local/lib/python3.12/site-packages/airflow/example_dags/example_complex.py
[2025-03-09T15:49:51.952+0000] {processor.py:914} INFO - Processing file /home/airflow/.local/lib/python3.12/site-packages/airflow/example_dags/example_complex.py for tasks to queue
[2025-03-09T15:49:51.953+0000] {logging_mixin.py:190} INFO - [2025-03-09T15:49:51.953+0000] {dagbag.py:588} INFO - Filling up the DagBag from /home/airflow/.local/lib/python3.12/site-packages/airflow/example_dags/example_complex.py
[2025-03-09T15:49:51.961+0000] {processor.py:925} INFO - DAG(s) 'example_complex' retrieved from /home/airflow/.local/lib/python3.12/site-packages/airflow/example_dags/example_complex.py
[2025-03-09T15:49:51.980+0000] {logging_mixin.py:190} INFO - [2025-03-09T15:49:51.979+0000] {dag.py:3239} INFO - Sync 1 DAGs
[2025-03-09T15:49:51.990+0000] {logging_mixin.py:190} INFO - [2025-03-09T15:49:51.989+0000] {dag.py:4180} INFO - Setting next_dagrun for example_complex to None, run_after=None
[2025-03-09T15:49:52.003+0000] {processor.py:208} INFO - Processing /home/airflow/.local/lib/python3.12/site-packages/airflow/example_dags/example_complex.py took 0.055 seconds
[2025-03-09T15:50:22.896+0000] {processor.py:186} INFO - Started process (PID=3010) to work on /home/airflow/.local/lib/python3.12/site-packages/airflow/example_dags/example_complex.py
[2025-03-09T15:50:22.897+0000] {processor.py:914} INFO - Processing file /home/airflow/.local/lib/python3.12/site-packages/airflow/example_dags/example_complex.py for tasks to queue
[2025-03-09T15:50:22.898+0000] {logging_mixin.py:190} INFO - [2025-03-09T15:50:22.898+0000] {dagbag.py:588} INFO - Filling up the DagBag from /home/airflow/.local/lib/python3.12/site-packages/airflow/example_dags/example_complex.py
[2025-03-09T15:50:22.905+0000] {processor.py:925} INFO - DAG(s) 'example_complex' retrieved from /home/airflow/.local/lib/python3.12/site-packages/airflow/example_dags/example_complex.py
[2025-03-09T15:50:22.926+0000] {logging_mixin.py:190} INFO - [2025-03-09T15:50:22.926+0000] {dag.py:3239} INFO - Sync 1 DAGs
[2025-03-09T15:50:22.934+0000] {logging_mixin.py:190} INFO - [2025-03-09T15:50:22.934+0000] {dag.py:4180} INFO - Setting next_dagrun for example_complex to None, run_after=None
[2025-03-09T15:50:22.946+0000] {processor.py:208} INFO - Processing /home/airflow/.local/lib/python3.12/site-packages/airflow/example_dags/example_complex.py took 0.053 seconds
[2025-03-09T15:50:53.857+0000] {processor.py:186} INFO - Started process (PID=3336) to work on /home/airflow/.local/lib/python3.12/site-packages/airflow/example_dags/example_complex.py
[2025-03-09T15:50:53.858+0000] {processor.py:914} INFO - Processing file /home/airflow/.local/lib/python3.12/site-packages/airflow/example_dags/example_complex.py for tasks to queue
[2025-03-09T15:50:53.859+0000] {logging_mixin.py:190} INFO - [2025-03-09T15:50:53.859+0000] {dagbag.py:588} INFO - Filling up the DagBag from /home/airflow/.local/lib/python3.12/site-packages/airflow/example_dags/example_complex.py
[2025-03-09T15:50:53.865+0000] {processor.py:925} INFO - DAG(s) 'example_complex' retrieved from /home/airflow/.local/lib/python3.12/site-packages/airflow/example_dags/example_complex.py
[2025-03-09T15:50:53.888+0000] {logging_mixin.py:190} INFO - [2025-03-09T15:50:53.888+0000] {dag.py:3239} INFO - Sync 1 DAGs
[2025-03-09T15:50:53.899+0000] {logging_mixin.py:190} INFO - [2025-03-09T15:50:53.899+0000] {dag.py:4180} INFO - Setting next_dagrun for example_complex to None, run_after=None
[2025-03-09T15:50:53.914+0000] {processor.py:208} INFO - Processing /home/airflow/.local/lib/python3.12/site-packages/airflow/example_dags/example_complex.py took 0.060 seconds
[2025-03-09T15:51:24.598+0000] {processor.py:186} INFO - Started process (PID=3659) to work on /home/airflow/.local/lib/python3.12/site-packages/airflow/example_dags/example_complex.py
[2025-03-09T15:51:24.599+0000] {processor.py:914} INFO - Processing file /home/airflow/.local/lib/python3.12/site-packages/airflow/example_dags/example_complex.py for tasks to queue
[2025-03-09T15:51:24.600+0000] {logging_mixin.py:190} INFO - [2025-03-09T15:51:24.600+0000] {dagbag.py:588} INFO - Filling up the DagBag from /home/airflow/.local/lib/python3.12/site-packages/airflow/example_dags/example_complex.py
[2025-03-09T15:51:24.607+0000] {processor.py:925} INFO - DAG(s) 'example_complex' retrieved from /home/airflow/.local/lib/python3.12/site-packages/airflow/example_dags/example_complex.py
[2025-03-09T15:51:24.637+0000] {logging_mixin.py:190} INFO - [2025-03-09T15:51:24.637+0000] {dag.py:3239} INFO - Sync 1 DAGs
[2025-03-09T15:51:24.646+0000] {logging_mixin.py:190} INFO - [2025-03-09T15:51:24.646+0000] {dag.py:4180} INFO - Setting next_dagrun for example_complex to None, run_after=None
[2025-03-09T15:51:24.660+0000] {processor.py:208} INFO - Processing /home/airflow/.local/lib/python3.12/site-packages/airflow/example_dags/example_complex.py took 0.068 seconds
[2025-03-09T15:51:55.663+0000] {processor.py:186} INFO - Started process (PID=3985) to work on /home/airflow/.local/lib/python3.12/site-packages/airflow/example_dags/example_complex.py
[2025-03-09T15:51:55.663+0000] {processor.py:914} INFO - Processing file /home/airflow/.local/lib/python3.12/site-packages/airflow/example_dags/example_complex.py for tasks to queue
[2025-03-09T15:51:55.665+0000] {logging_mixin.py:190} INFO - [2025-03-09T15:51:55.665+0000] {dagbag.py:588} INFO - Filling up the DagBag from /home/airflow/.local/lib/python3.12/site-packages/airflow/example_dags/example_complex.py
[2025-03-09T15:51:55.674+0000] {processor.py:925} INFO - DAG(s) 'example_complex' retrieved from /home/airflow/.local/lib/python3.12/site-packages/airflow/example_dags/example_complex.py
[2025-03-09T15:51:55.694+0000] {logging_mixin.py:190} INFO - [2025-03-09T15:51:55.694+0000] {dag.py:3239} INFO - Sync 1 DAGs
[2025-03-09T15:51:55.702+0000] {logging_mixin.py:190} INFO - [2025-03-09T15:51:55.702+0000] {dag.py:4180} INFO - Setting next_dagrun for example_complex to None, run_after=None
[2025-03-09T15:51:55.715+0000] {processor.py:208} INFO - Processing /home/airflow/.local/lib/python3.12/site-packages/airflow/example_dags/example_complex.py took 0.057 seconds
[2025-03-09T15:52:26.313+0000] {processor.py:186} INFO - Started process (PID=4309) to work on /home/airflow/.local/lib/python3.12/site-packages/airflow/example_dags/example_complex.py
[2025-03-09T15:52:26.313+0000] {processor.py:914} INFO - Processing file /home/airflow/.local/lib/python3.12/site-packages/airflow/example_dags/example_complex.py for tasks to queue
[2025-03-09T15:52:26.314+0000] {logging_mixin.py:190} INFO - [2025-03-09T15:52:26.314+0000] {dagbag.py:588} INFO - Filling up the DagBag from /home/airflow/.local/lib/python3.12/site-packages/airflow/example_dags/example_complex.py
[2025-03-09T15:52:26.321+0000] {processor.py:925} INFO - DAG(s) 'example_complex' retrieved from /home/airflow/.local/lib/python3.12/site-packages/airflow/example_dags/example_complex.py
[2025-03-09T15:52:26.344+0000] {logging_mixin.py:190} INFO - [2025-03-09T15:52:26.343+0000] {dag.py:3239} INFO - Sync 1 DAGs
[2025-03-09T15:52:26.353+0000] {logging_mixin.py:190} INFO - [2025-03-09T15:52:26.353+0000] {dag.py:4180} INFO - Setting next_dagrun for example_complex to None, run_after=None
[2025-03-09T15:52:26.371+0000] {processor.py:208} INFO - Processing /home/airflow/.local/lib/python3.12/site-packages/airflow/example_dags/example_complex.py took 0.062 seconds
[2025-03-09T15:52:57.115+0000] {processor.py:186} INFO - Started process (PID=4635) to work on /home/airflow/.local/lib/python3.12/site-packages/airflow/example_dags/example_complex.py
[2025-03-09T15:52:57.116+0000] {processor.py:914} INFO - Processing file /home/airflow/.local/lib/python3.12/site-packages/airflow/example_dags/example_complex.py for tasks to queue
[2025-03-09T15:52:57.118+0000] {logging_mixin.py:190} INFO - [2025-03-09T15:52:57.118+0000] {dagbag.py:588} INFO - Filling up the DagBag from /home/airflow/.local/lib/python3.12/site-packages/airflow/example_dags/example_complex.py
[2025-03-09T15:52:57.125+0000] {processor.py:925} INFO - DAG(s) 'example_complex' retrieved from /home/airflow/.local/lib/python3.12/site-packages/airflow/example_dags/example_complex.py
[2025-03-09T15:52:57.145+0000] {logging_mixin.py:190} INFO - [2025-03-09T15:52:57.145+0000] {dag.py:3239} INFO - Sync 1 DAGs
[2025-03-09T15:52:57.153+0000] {logging_mixin.py:190} INFO - [2025-03-09T15:52:57.153+0000] {dag.py:4180} INFO - Setting next_dagrun for example_complex to None, run_after=None
[2025-03-09T15:52:57.165+0000] {processor.py:208} INFO - Processing /home/airflow/.local/lib/python3.12/site-packages/airflow/example_dags/example_complex.py took 0.053 seconds
[2025-03-09T15:53:27.778+0000] {processor.py:186} INFO - Started process (PID=4961) to work on /home/airflow/.local/lib/python3.12/site-packages/airflow/example_dags/example_complex.py
[2025-03-09T15:53:27.778+0000] {processor.py:914} INFO - Processing file /home/airflow/.local/lib/python3.12/site-packages/airflow/example_dags/example_complex.py for tasks to queue
[2025-03-09T15:53:27.779+0000] {logging_mixin.py:190} INFO - [2025-03-09T15:53:27.779+0000] {dagbag.py:588} INFO - Filling up the DagBag from /home/airflow/.local/lib/python3.12/site-packages/airflow/example_dags/example_complex.py
[2025-03-09T15:53:27.786+0000] {processor.py:925} INFO - DAG(s) 'example_complex' retrieved from /home/airflow/.local/lib/python3.12/site-packages/airflow/example_dags/example_complex.py
[2025-03-09T15:53:27.811+0000] {logging_mixin.py:190} INFO - [2025-03-09T15:53:27.810+0000] {dag.py:3239} INFO - Sync 1 DAGs
[2025-03-09T15:53:27.822+0000] {logging_mixin.py:190} INFO - [2025-03-09T15:53:27.821+0000] {dag.py:4180} INFO - Setting next_dagrun for example_complex to None, run_after=None
[2025-03-09T15:53:27.839+0000] {processor.py:208} INFO - Processing /home/airflow/.local/lib/python3.12/site-packages/airflow/example_dags/example_complex.py took 0.066 seconds
[2025-03-09T15:53:58.544+0000] {processor.py:186} INFO - Started process (PID=5288) to work on /home/airflow/.local/lib/python3.12/site-packages/airflow/example_dags/example_complex.py
[2025-03-09T15:53:58.545+0000] {processor.py:914} INFO - Processing file /home/airflow/.local/lib/python3.12/site-packages/airflow/example_dags/example_complex.py for tasks to queue
[2025-03-09T15:53:58.547+0000] {logging_mixin.py:190} INFO - [2025-03-09T15:53:58.546+0000] {dagbag.py:588} INFO - Filling up the DagBag from /home/airflow/.local/lib/python3.12/site-packages/airflow/example_dags/example_complex.py
[2025-03-09T15:53:58.554+0000] {processor.py:925} INFO - DAG(s) 'example_complex' retrieved from /home/airflow/.local/lib/python3.12/site-packages/airflow/example_dags/example_complex.py
[2025-03-09T15:53:58.572+0000] {logging_mixin.py:190} INFO - [2025-03-09T15:53:58.571+0000] {dag.py:3239} INFO - Sync 1 DAGs
[2025-03-09T15:53:58.581+0000] {logging_mixin.py:190} INFO - [2025-03-09T15:53:58.581+0000] {dag.py:4180} INFO - Setting next_dagrun for example_complex to None, run_after=None
[2025-03-09T15:53:58.595+0000] {processor.py:208} INFO - Processing /home/airflow/.local/lib/python3.12/site-packages/airflow/example_dags/example_complex.py took 0.055 seconds
[2025-03-09T15:54:29.332+0000] {processor.py:186} INFO - Started process (PID=5612) to work on /home/airflow/.local/lib/python3.12/site-packages/airflow/example_dags/example_complex.py
[2025-03-09T15:54:29.333+0000] {processor.py:914} INFO - Processing file /home/airflow/.local/lib/python3.12/site-packages/airflow/example_dags/example_complex.py for tasks to queue
[2025-03-09T15:54:29.334+0000] {logging_mixin.py:190} INFO - [2025-03-09T15:54:29.334+0000] {dagbag.py:588} INFO - Filling up the DagBag from /home/airflow/.local/lib/python3.12/site-packages/airflow/example_dags/example_complex.py
[2025-03-09T15:54:29.342+0000] {processor.py:925} INFO - DAG(s) 'example_complex' retrieved from /home/airflow/.local/lib/python3.12/site-packages/airflow/example_dags/example_complex.py
[2025-03-09T15:54:29.361+0000] {logging_mixin.py:190} INFO - [2025-03-09T15:54:29.360+0000] {dag.py:3239} INFO - Sync 1 DAGs
[2025-03-09T15:54:29.370+0000] {logging_mixin.py:190} INFO - [2025-03-09T15:54:29.370+0000] {dag.py:4180} INFO - Setting next_dagrun for example_complex to None, run_after=None
[2025-03-09T15:54:29.387+0000] {processor.py:208} INFO - Processing /home/airflow/.local/lib/python3.12/site-packages/airflow/example_dags/example_complex.py took 0.059 seconds
[2025-03-09T15:54:59.991+0000] {processor.py:186} INFO - Started process (PID=5938) to work on /home/airflow/.local/lib/python3.12/site-packages/airflow/example_dags/example_complex.py
[2025-03-09T15:54:59.992+0000] {processor.py:914} INFO - Processing file /home/airflow/.local/lib/python3.12/site-packages/airflow/example_dags/example_complex.py for tasks to queue
[2025-03-09T15:54:59.993+0000] {logging_mixin.py:190} INFO - [2025-03-09T15:54:59.993+0000] {dagbag.py:588} INFO - Filling up the DagBag from /home/airflow/.local/lib/python3.12/site-packages/airflow/example_dags/example_complex.py
[2025-03-09T15:55:00.000+0000] {processor.py:925} INFO - DAG(s) 'example_complex' retrieved from /home/airflow/.local/lib/python3.12/site-packages/airflow/example_dags/example_complex.py
[2025-03-09T15:55:00.023+0000] {logging_mixin.py:190} INFO - [2025-03-09T15:55:00.023+0000] {dag.py:3239} INFO - Sync 1 DAGs
[2025-03-09T15:55:00.033+0000] {logging_mixin.py:190} INFO - [2025-03-09T15:55:00.033+0000] {dag.py:4180} INFO - Setting next_dagrun for example_complex to None, run_after=None
[2025-03-09T15:55:00.053+0000] {processor.py:208} INFO - Processing /home/airflow/.local/lib/python3.12/site-packages/airflow/example_dags/example_complex.py took 0.065 seconds
[2025-03-09T15:55:31.087+0000] {processor.py:186} INFO - Started process (PID=6266) to work on /home/airflow/.local/lib/python3.12/site-packages/airflow/example_dags/example_complex.py
[2025-03-09T15:55:31.088+0000] {processor.py:914} INFO - Processing file /home/airflow/.local/lib/python3.12/site-packages/airflow/example_dags/example_complex.py for tasks to queue
[2025-03-09T15:55:31.091+0000] {logging_mixin.py:190} INFO - [2025-03-09T15:55:31.090+0000] {dagbag.py:588} INFO - Filling up the DagBag from /home/airflow/.local/lib/python3.12/site-packages/airflow/example_dags/example_complex.py
[2025-03-09T15:55:31.100+0000] {processor.py:925} INFO - DAG(s) 'example_complex' retrieved from /home/airflow/.local/lib/python3.12/site-packages/airflow/example_dags/example_complex.py
[2025-03-09T15:55:31.119+0000] {logging_mixin.py:190} INFO - [2025-03-09T15:55:31.119+0000] {dag.py:3239} INFO - Sync 1 DAGs
[2025-03-09T15:55:31.128+0000] {logging_mixin.py:190} INFO - [2025-03-09T15:55:31.128+0000] {dag.py:4180} INFO - Setting next_dagrun for example_complex to None, run_after=None
[2025-03-09T15:55:31.142+0000] {processor.py:208} INFO - Processing /home/airflow/.local/lib/python3.12/site-packages/airflow/example_dags/example_complex.py took 0.064 seconds
[2025-03-09T15:56:01.957+0000] {processor.py:186} INFO - Started process (PID=6590) to work on /home/airflow/.local/lib/python3.12/site-packages/airflow/example_dags/example_complex.py
[2025-03-09T15:56:01.957+0000] {processor.py:914} INFO - Processing file /home/airflow/.local/lib/python3.12/site-packages/airflow/example_dags/example_complex.py for tasks to queue
[2025-03-09T15:56:01.959+0000] {logging_mixin.py:190} INFO - [2025-03-09T15:56:01.958+0000] {dagbag.py:588} INFO - Filling up the DagBag from /home/airflow/.local/lib/python3.12/site-packages/airflow/example_dags/example_complex.py
[2025-03-09T15:56:01.966+0000] {processor.py:925} INFO - DAG(s) 'example_complex' retrieved from /home/airflow/.local/lib/python3.12/site-packages/airflow/example_dags/example_complex.py
[2025-03-09T15:56:01.986+0000] {logging_mixin.py:190} INFO - [2025-03-09T15:56:01.985+0000] {dag.py:3239} INFO - Sync 1 DAGs
[2025-03-09T15:56:01.995+0000] {logging_mixin.py:190} INFO - [2025-03-09T15:56:01.995+0000] {dag.py:4180} INFO - Setting next_dagrun for example_complex to None, run_after=None
[2025-03-09T15:56:02.009+0000] {processor.py:208} INFO - Processing /home/airflow/.local/lib/python3.12/site-packages/airflow/example_dags/example_complex.py took 0.055 seconds
[2025-03-09T15:56:32.702+0000] {processor.py:186} INFO - Started process (PID=6916) to work on /home/airflow/.local/lib/python3.12/site-packages/airflow/example_dags/example_complex.py
[2025-03-09T15:56:32.703+0000] {processor.py:914} INFO - Processing file /home/airflow/.local/lib/python3.12/site-packages/airflow/example_dags/example_complex.py for tasks to queue
[2025-03-09T15:56:32.704+0000] {logging_mixin.py:190} INFO - [2025-03-09T15:56:32.704+0000] {dagbag.py:588} INFO - Filling up the DagBag from /home/airflow/.local/lib/python3.12/site-packages/airflow/example_dags/example_complex.py
[2025-03-09T15:56:32.711+0000] {processor.py:925} INFO - DAG(s) 'example_complex' retrieved from /home/airflow/.local/lib/python3.12/site-packages/airflow/example_dags/example_complex.py
[2025-03-09T15:56:32.730+0000] {logging_mixin.py:190} INFO - [2025-03-09T15:56:32.730+0000] {dag.py:3239} INFO - Sync 1 DAGs
[2025-03-09T15:56:32.739+0000] {logging_mixin.py:190} INFO - [2025-03-09T15:56:32.739+0000] {dag.py:4180} INFO - Setting next_dagrun for example_complex to None, run_after=None
[2025-03-09T15:56:32.751+0000] {processor.py:208} INFO - Processing /home/airflow/.local/lib/python3.12/site-packages/airflow/example_dags/example_complex.py took 0.053 seconds
[2025-03-09T15:57:03.617+0000] {processor.py:186} INFO - Started process (PID=7242) to work on /home/airflow/.local/lib/python3.12/site-packages/airflow/example_dags/example_complex.py
[2025-03-09T15:57:03.618+0000] {processor.py:914} INFO - Processing file /home/airflow/.local/lib/python3.12/site-packages/airflow/example_dags/example_complex.py for tasks to queue
[2025-03-09T15:57:03.619+0000] {logging_mixin.py:190} INFO - [2025-03-09T15:57:03.619+0000] {dagbag.py:588} INFO - Filling up the DagBag from /home/airflow/.local/lib/python3.12/site-packages/airflow/example_dags/example_complex.py
[2025-03-09T15:57:03.626+0000] {processor.py:925} INFO - DAG(s) 'example_complex' retrieved from /home/airflow/.local/lib/python3.12/site-packages/airflow/example_dags/example_complex.py
[2025-03-09T15:57:03.643+0000] {logging_mixin.py:190} INFO - [2025-03-09T15:57:03.643+0000] {dag.py:3239} INFO - Sync 1 DAGs
[2025-03-09T15:57:03.651+0000] {logging_mixin.py:190} INFO - [2025-03-09T15:57:03.651+0000] {dag.py:4180} INFO - Setting next_dagrun for example_complex to None, run_after=None
[2025-03-09T15:57:03.664+0000] {processor.py:208} INFO - Processing /home/airflow/.local/lib/python3.12/site-packages/airflow/example_dags/example_complex.py took 0.052 seconds
[2025-03-09T15:57:34.545+0000] {processor.py:186} INFO - Started process (PID=7568) to work on /home/airflow/.local/lib/python3.12/site-packages/airflow/example_dags/example_complex.py
[2025-03-09T15:57:34.545+0000] {processor.py:914} INFO - Processing file /home/airflow/.local/lib/python3.12/site-packages/airflow/example_dags/example_complex.py for tasks to queue
[2025-03-09T15:57:34.547+0000] {logging_mixin.py:190} INFO - [2025-03-09T15:57:34.546+0000] {dagbag.py:588} INFO - Filling up the DagBag from /home/airflow/.local/lib/python3.12/site-packages/airflow/example_dags/example_complex.py
[2025-03-09T15:57:34.554+0000] {processor.py:925} INFO - DAG(s) 'example_complex' retrieved from /home/airflow/.local/lib/python3.12/site-packages/airflow/example_dags/example_complex.py
[2025-03-09T15:57:34.571+0000] {logging_mixin.py:190} INFO - [2025-03-09T15:57:34.571+0000] {dag.py:3239} INFO - Sync 1 DAGs
[2025-03-09T15:57:34.580+0000] {logging_mixin.py:190} INFO - [2025-03-09T15:57:34.580+0000] {dag.py:4180} INFO - Setting next_dagrun for example_complex to None, run_after=None
[2025-03-09T15:57:34.592+0000] {processor.py:208} INFO - Processing /home/airflow/.local/lib/python3.12/site-packages/airflow/example_dags/example_complex.py took 0.052 seconds
[2025-03-09T15:58:05.443+0000] {processor.py:186} INFO - Started process (PID=7894) to work on /home/airflow/.local/lib/python3.12/site-packages/airflow/example_dags/example_complex.py
[2025-03-09T15:58:05.444+0000] {processor.py:914} INFO - Processing file /home/airflow/.local/lib/python3.12/site-packages/airflow/example_dags/example_complex.py for tasks to queue
[2025-03-09T15:58:05.445+0000] {logging_mixin.py:190} INFO - [2025-03-09T15:58:05.445+0000] {dagbag.py:588} INFO - Filling up the DagBag from /home/airflow/.local/lib/python3.12/site-packages/airflow/example_dags/example_complex.py
[2025-03-09T15:58:05.452+0000] {processor.py:925} INFO - DAG(s) 'example_complex' retrieved from /home/airflow/.local/lib/python3.12/site-packages/airflow/example_dags/example_complex.py
[2025-03-09T15:58:05.470+0000] {logging_mixin.py:190} INFO - [2025-03-09T15:58:05.470+0000] {dag.py:3239} INFO - Sync 1 DAGs
[2025-03-09T15:58:05.478+0000] {logging_mixin.py:190} INFO - [2025-03-09T15:58:05.478+0000] {dag.py:4180} INFO - Setting next_dagrun for example_complex to None, run_after=None
[2025-03-09T15:58:05.491+0000] {processor.py:208} INFO - Processing /home/airflow/.local/lib/python3.12/site-packages/airflow/example_dags/example_complex.py took 0.052 seconds
[2025-03-09T15:58:36.688+0000] {processor.py:186} INFO - Started process (PID=8222) to work on /home/airflow/.local/lib/python3.12/site-packages/airflow/example_dags/example_complex.py
[2025-03-09T15:58:36.689+0000] {processor.py:914} INFO - Processing file /home/airflow/.local/lib/python3.12/site-packages/airflow/example_dags/example_complex.py for tasks to queue
[2025-03-09T15:58:36.690+0000] {logging_mixin.py:190} INFO - [2025-03-09T15:58:36.690+0000] {dagbag.py:588} INFO - Filling up the DagBag from /home/airflow/.local/lib/python3.12/site-packages/airflow/example_dags/example_complex.py
[2025-03-09T15:58:36.698+0000] {processor.py:925} INFO - DAG(s) 'example_complex' retrieved from /home/airflow/.local/lib/python3.12/site-packages/airflow/example_dags/example_complex.py
[2025-03-09T15:58:36.725+0000] {logging_mixin.py:190} INFO - [2025-03-09T15:58:36.724+0000] {dag.py:3239} INFO - Sync 1 DAGs
[2025-03-09T15:58:36.734+0000] {logging_mixin.py:190} INFO - [2025-03-09T15:58:36.734+0000] {dag.py:4180} INFO - Setting next_dagrun for example_complex to None, run_after=None
[2025-03-09T15:58:36.747+0000] {processor.py:208} INFO - Processing /home/airflow/.local/lib/python3.12/site-packages/airflow/example_dags/example_complex.py took 0.062 seconds
[2025-03-09T15:59:08.053+0000] {processor.py:186} INFO - Started process (PID=8551) to work on /home/airflow/.local/lib/python3.12/site-packages/airflow/example_dags/example_complex.py
[2025-03-09T15:59:08.053+0000] {processor.py:914} INFO - Processing file /home/airflow/.local/lib/python3.12/site-packages/airflow/example_dags/example_complex.py for tasks to queue
[2025-03-09T15:59:08.055+0000] {logging_mixin.py:190} INFO - [2025-03-09T15:59:08.054+0000] {dagbag.py:588} INFO - Filling up the DagBag from /home/airflow/.local/lib/python3.12/site-packages/airflow/example_dags/example_complex.py
[2025-03-09T15:59:08.062+0000] {processor.py:925} INFO - DAG(s) 'example_complex' retrieved from /home/airflow/.local/lib/python3.12/site-packages/airflow/example_dags/example_complex.py
[2025-03-09T15:59:08.084+0000] {logging_mixin.py:190} INFO - [2025-03-09T15:59:08.083+0000] {dag.py:3239} INFO - Sync 1 DAGs
[2025-03-09T15:59:08.094+0000] {logging_mixin.py:190} INFO - [2025-03-09T15:59:08.094+0000] {dag.py:4180} INFO - Setting next_dagrun for example_complex to None, run_after=None
[2025-03-09T15:59:08.113+0000] {processor.py:208} INFO - Processing /home/airflow/.local/lib/python3.12/site-packages/airflow/example_dags/example_complex.py took 0.064 seconds
[2025-03-09T15:59:38.954+0000] {processor.py:186} INFO - Started process (PID=8877) to work on /home/airflow/.local/lib/python3.12/site-packages/airflow/example_dags/example_complex.py
[2025-03-09T15:59:38.955+0000] {processor.py:914} INFO - Processing file /home/airflow/.local/lib/python3.12/site-packages/airflow/example_dags/example_complex.py for tasks to queue
[2025-03-09T15:59:38.956+0000] {logging_mixin.py:190} INFO - [2025-03-09T15:59:38.956+0000] {dagbag.py:588} INFO - Filling up the DagBag from /home/airflow/.local/lib/python3.12/site-packages/airflow/example_dags/example_complex.py
[2025-03-09T15:59:38.963+0000] {processor.py:925} INFO - DAG(s) 'example_complex' retrieved from /home/airflow/.local/lib/python3.12/site-packages/airflow/example_dags/example_complex.py
[2025-03-09T15:59:38.984+0000] {logging_mixin.py:190} INFO - [2025-03-09T15:59:38.984+0000] {dag.py:3239} INFO - Sync 1 DAGs
[2025-03-09T15:59:38.993+0000] {logging_mixin.py:190} INFO - [2025-03-09T15:59:38.993+0000] {dag.py:4180} INFO - Setting next_dagrun for example_complex to None, run_after=None
[2025-03-09T15:59:39.007+0000] {processor.py:208} INFO - Processing /home/airflow/.local/lib/python3.12/site-packages/airflow/example_dags/example_complex.py took 0.056 seconds
[2025-03-09T16:00:09.366+0000] {processor.py:186} INFO - Started process (PID=9198) to work on /home/airflow/.local/lib/python3.12/site-packages/airflow/example_dags/example_complex.py
[2025-03-09T16:00:09.367+0000] {processor.py:914} INFO - Processing file /home/airflow/.local/lib/python3.12/site-packages/airflow/example_dags/example_complex.py for tasks to queue
[2025-03-09T16:00:09.368+0000] {logging_mixin.py:190} INFO - [2025-03-09T16:00:09.368+0000] {dagbag.py:588} INFO - Filling up the DagBag from /home/airflow/.local/lib/python3.12/site-packages/airflow/example_dags/example_complex.py
[2025-03-09T16:00:09.375+0000] {processor.py:925} INFO - DAG(s) 'example_complex' retrieved from /home/airflow/.local/lib/python3.12/site-packages/airflow/example_dags/example_complex.py
[2025-03-09T16:00:09.397+0000] {logging_mixin.py:190} INFO - [2025-03-09T16:00:09.396+0000] {dag.py:3239} INFO - Sync 1 DAGs
[2025-03-09T16:00:09.405+0000] {logging_mixin.py:190} INFO - [2025-03-09T16:00:09.405+0000] {dag.py:4180} INFO - Setting next_dagrun for example_complex to None, run_after=None
[2025-03-09T16:00:09.421+0000] {processor.py:208} INFO - Processing /home/airflow/.local/lib/python3.12/site-packages/airflow/example_dags/example_complex.py took 0.059 seconds
[2025-03-09T16:00:39.980+0000] {processor.py:186} INFO - Started process (PID=9524) to work on /home/airflow/.local/lib/python3.12/site-packages/airflow/example_dags/example_complex.py
[2025-03-09T16:00:39.980+0000] {processor.py:914} INFO - Processing file /home/airflow/.local/lib/python3.12/site-packages/airflow/example_dags/example_complex.py for tasks to queue
[2025-03-09T16:00:39.981+0000] {logging_mixin.py:190} INFO - [2025-03-09T16:00:39.981+0000] {dagbag.py:588} INFO - Filling up the DagBag from /home/airflow/.local/lib/python3.12/site-packages/airflow/example_dags/example_complex.py
[2025-03-09T16:00:39.988+0000] {processor.py:925} INFO - DAG(s) 'example_complex' retrieved from /home/airflow/.local/lib/python3.12/site-packages/airflow/example_dags/example_complex.py
[2025-03-09T16:00:40.011+0000] {logging_mixin.py:190} INFO - [2025-03-09T16:00:40.010+0000] {dag.py:3239} INFO - Sync 1 DAGs
[2025-03-09T16:00:40.020+0000] {logging_mixin.py:190} INFO - [2025-03-09T16:00:40.019+0000] {dag.py:4180} INFO - Setting next_dagrun for example_complex to None, run_after=None
[2025-03-09T16:00:40.034+0000] {processor.py:208} INFO - Processing /home/airflow/.local/lib/python3.12/site-packages/airflow/example_dags/example_complex.py took 0.058 seconds
[2025-03-09T16:01:10.513+0000] {processor.py:186} INFO - Started process (PID=9850) to work on /home/airflow/.local/lib/python3.12/site-packages/airflow/example_dags/example_complex.py
[2025-03-09T16:01:10.515+0000] {processor.py:914} INFO - Processing file /home/airflow/.local/lib/python3.12/site-packages/airflow/example_dags/example_complex.py for tasks to queue
[2025-03-09T16:01:10.516+0000] {logging_mixin.py:190} INFO - [2025-03-09T16:01:10.516+0000] {dagbag.py:588} INFO - Filling up the DagBag from /home/airflow/.local/lib/python3.12/site-packages/airflow/example_dags/example_complex.py
[2025-03-09T16:01:10.524+0000] {processor.py:925} INFO - DAG(s) 'example_complex' retrieved from /home/airflow/.local/lib/python3.12/site-packages/airflow/example_dags/example_complex.py
[2025-03-09T16:01:10.544+0000] {logging_mixin.py:190} INFO - [2025-03-09T16:01:10.544+0000] {dag.py:3239} INFO - Sync 1 DAGs
[2025-03-09T16:01:10.553+0000] {logging_mixin.py:190} INFO - [2025-03-09T16:01:10.552+0000] {dag.py:4180} INFO - Setting next_dagrun for example_complex to None, run_after=None
[2025-03-09T16:01:10.567+0000] {processor.py:208} INFO - Processing /home/airflow/.local/lib/python3.12/site-packages/airflow/example_dags/example_complex.py took 0.059 seconds
[2025-03-09T16:01:41.108+0000] {processor.py:186} INFO - Started process (PID=10176) to work on /home/airflow/.local/lib/python3.12/site-packages/airflow/example_dags/example_complex.py
[2025-03-09T16:01:41.108+0000] {processor.py:914} INFO - Processing file /home/airflow/.local/lib/python3.12/site-packages/airflow/example_dags/example_complex.py for tasks to queue
[2025-03-09T16:01:41.109+0000] {logging_mixin.py:190} INFO - [2025-03-09T16:01:41.109+0000] {dagbag.py:588} INFO - Filling up the DagBag from /home/airflow/.local/lib/python3.12/site-packages/airflow/example_dags/example_complex.py
[2025-03-09T16:01:41.116+0000] {processor.py:925} INFO - DAG(s) 'example_complex' retrieved from /home/airflow/.local/lib/python3.12/site-packages/airflow/example_dags/example_complex.py
[2025-03-09T16:01:41.136+0000] {logging_mixin.py:190} INFO - [2025-03-09T16:01:41.136+0000] {dag.py:3239} INFO - Sync 1 DAGs
[2025-03-09T16:01:41.144+0000] {logging_mixin.py:190} INFO - [2025-03-09T16:01:41.144+0000] {dag.py:4180} INFO - Setting next_dagrun for example_complex to None, run_after=None
[2025-03-09T16:01:41.158+0000] {processor.py:208} INFO - Processing /home/airflow/.local/lib/python3.12/site-packages/airflow/example_dags/example_complex.py took 0.055 seconds
[2025-03-09T16:02:11.613+0000] {processor.py:186} INFO - Started process (PID=10502) to work on /home/airflow/.local/lib/python3.12/site-packages/airflow/example_dags/example_complex.py
[2025-03-09T16:02:11.613+0000] {processor.py:914} INFO - Processing file /home/airflow/.local/lib/python3.12/site-packages/airflow/example_dags/example_complex.py for tasks to queue
[2025-03-09T16:02:11.615+0000] {logging_mixin.py:190} INFO - [2025-03-09T16:02:11.614+0000] {dagbag.py:588} INFO - Filling up the DagBag from /home/airflow/.local/lib/python3.12/site-packages/airflow/example_dags/example_complex.py
[2025-03-09T16:02:11.623+0000] {processor.py:925} INFO - DAG(s) 'example_complex' retrieved from /home/airflow/.local/lib/python3.12/site-packages/airflow/example_dags/example_complex.py
[2025-03-09T16:02:11.645+0000] {logging_mixin.py:190} INFO - [2025-03-09T16:02:11.645+0000] {dag.py:3239} INFO - Sync 1 DAGs
[2025-03-09T16:02:11.654+0000] {logging_mixin.py:190} INFO - [2025-03-09T16:02:11.654+0000] {dag.py:4180} INFO - Setting next_dagrun for example_complex to None, run_after=None
[2025-03-09T16:02:11.671+0000] {processor.py:208} INFO - Processing /home/airflow/.local/lib/python3.12/site-packages/airflow/example_dags/example_complex.py took 0.062 seconds
[2025-03-09T16:02:42.396+0000] {processor.py:186} INFO - Started process (PID=10828) to work on /home/airflow/.local/lib/python3.12/site-packages/airflow/example_dags/example_complex.py
[2025-03-09T16:02:42.396+0000] {processor.py:914} INFO - Processing file /home/airflow/.local/lib/python3.12/site-packages/airflow/example_dags/example_complex.py for tasks to queue
[2025-03-09T16:02:42.398+0000] {logging_mixin.py:190} INFO - [2025-03-09T16:02:42.397+0000] {dagbag.py:588} INFO - Filling up the DagBag from /home/airflow/.local/lib/python3.12/site-packages/airflow/example_dags/example_complex.py
[2025-03-09T16:02:42.405+0000] {processor.py:925} INFO - DAG(s) 'example_complex' retrieved from /home/airflow/.local/lib/python3.12/site-packages/airflow/example_dags/example_complex.py
[2025-03-09T16:02:42.425+0000] {logging_mixin.py:190} INFO - [2025-03-09T16:02:42.425+0000] {dag.py:3239} INFO - Sync 1 DAGs
[2025-03-09T16:02:42.434+0000] {logging_mixin.py:190} INFO - [2025-03-09T16:02:42.434+0000] {dag.py:4180} INFO - Setting next_dagrun for example_complex to None, run_after=None
[2025-03-09T16:02:42.448+0000] {processor.py:208} INFO - Processing /home/airflow/.local/lib/python3.12/site-packages/airflow/example_dags/example_complex.py took 0.057 seconds
[2025-03-09T16:03:13.239+0000] {processor.py:186} INFO - Started process (PID=11154) to work on /home/airflow/.local/lib/python3.12/site-packages/airflow/example_dags/example_complex.py
[2025-03-09T16:03:13.240+0000] {processor.py:914} INFO - Processing file /home/airflow/.local/lib/python3.12/site-packages/airflow/example_dags/example_complex.py for tasks to queue
[2025-03-09T16:03:13.241+0000] {logging_mixin.py:190} INFO - [2025-03-09T16:03:13.241+0000] {dagbag.py:588} INFO - Filling up the DagBag from /home/airflow/.local/lib/python3.12/site-packages/airflow/example_dags/example_complex.py
[2025-03-09T16:03:13.248+0000] {processor.py:925} INFO - DAG(s) 'example_complex' retrieved from /home/airflow/.local/lib/python3.12/site-packages/airflow/example_dags/example_complex.py
[2025-03-09T16:03:13.266+0000] {logging_mixin.py:190} INFO - [2025-03-09T16:03:13.266+0000] {dag.py:3239} INFO - Sync 1 DAGs
[2025-03-09T16:03:13.278+0000] {logging_mixin.py:190} INFO - [2025-03-09T16:03:13.278+0000] {dag.py:4180} INFO - Setting next_dagrun for example_complex to None, run_after=None
[2025-03-09T16:03:13.296+0000] {processor.py:208} INFO - Processing /home/airflow/.local/lib/python3.12/site-packages/airflow/example_dags/example_complex.py took 0.061 seconds
[2025-03-09T16:03:43.962+0000] {processor.py:186} INFO - Started process (PID=11482) to work on /home/airflow/.local/lib/python3.12/site-packages/airflow/example_dags/example_complex.py
[2025-03-09T16:03:43.962+0000] {processor.py:914} INFO - Processing file /home/airflow/.local/lib/python3.12/site-packages/airflow/example_dags/example_complex.py for tasks to queue
[2025-03-09T16:03:43.964+0000] {logging_mixin.py:190} INFO - [2025-03-09T16:03:43.964+0000] {dagbag.py:588} INFO - Filling up the DagBag from /home/airflow/.local/lib/python3.12/site-packages/airflow/example_dags/example_complex.py
[2025-03-09T16:03:43.971+0000] {processor.py:925} INFO - DAG(s) 'example_complex' retrieved from /home/airflow/.local/lib/python3.12/site-packages/airflow/example_dags/example_complex.py
[2025-03-09T16:03:43.993+0000] {logging_mixin.py:190} INFO - [2025-03-09T16:03:43.992+0000] {dag.py:3239} INFO - Sync 1 DAGs
[2025-03-09T16:03:44.002+0000] {logging_mixin.py:190} INFO - [2025-03-09T16:03:44.002+0000] {dag.py:4180} INFO - Setting next_dagrun for example_complex to None, run_after=None
[2025-03-09T16:03:44.017+0000] {processor.py:208} INFO - Processing /home/airflow/.local/lib/python3.12/site-packages/airflow/example_dags/example_complex.py took 0.062 seconds
[2025-03-09T16:04:14.881+0000] {processor.py:186} INFO - Started process (PID=11806) to work on /home/airflow/.local/lib/python3.12/site-packages/airflow/example_dags/example_complex.py
[2025-03-09T16:04:14.881+0000] {processor.py:914} INFO - Processing file /home/airflow/.local/lib/python3.12/site-packages/airflow/example_dags/example_complex.py for tasks to queue
[2025-03-09T16:04:14.883+0000] {logging_mixin.py:190} INFO - [2025-03-09T16:04:14.882+0000] {dagbag.py:588} INFO - Filling up the DagBag from /home/airflow/.local/lib/python3.12/site-packages/airflow/example_dags/example_complex.py
[2025-03-09T16:04:14.889+0000] {processor.py:925} INFO - DAG(s) 'example_complex' retrieved from /home/airflow/.local/lib/python3.12/site-packages/airflow/example_dags/example_complex.py
[2025-03-09T16:04:14.913+0000] {logging_mixin.py:190} INFO - [2025-03-09T16:04:14.912+0000] {dag.py:3239} INFO - Sync 1 DAGs
[2025-03-09T16:04:14.921+0000] {logging_mixin.py:190} INFO - [2025-03-09T16:04:14.921+0000] {dag.py:4180} INFO - Setting next_dagrun for example_complex to None, run_after=None
[2025-03-09T16:04:14.935+0000] {processor.py:208} INFO - Processing /home/airflow/.local/lib/python3.12/site-packages/airflow/example_dags/example_complex.py took 0.058 seconds
[2025-03-09T16:04:45.768+0000] {processor.py:186} INFO - Started process (PID=12134) to work on /home/airflow/.local/lib/python3.12/site-packages/airflow/example_dags/example_complex.py
[2025-03-09T16:04:45.769+0000] {processor.py:914} INFO - Processing file /home/airflow/.local/lib/python3.12/site-packages/airflow/example_dags/example_complex.py for tasks to queue
[2025-03-09T16:04:45.771+0000] {logging_mixin.py:190} INFO - [2025-03-09T16:04:45.770+0000] {dagbag.py:588} INFO - Filling up the DagBag from /home/airflow/.local/lib/python3.12/site-packages/airflow/example_dags/example_complex.py
[2025-03-09T16:04:45.780+0000] {processor.py:925} INFO - DAG(s) 'example_complex' retrieved from /home/airflow/.local/lib/python3.12/site-packages/airflow/example_dags/example_complex.py
[2025-03-09T16:04:45.797+0000] {logging_mixin.py:190} INFO - [2025-03-09T16:04:45.797+0000] {dag.py:3239} INFO - Sync 1 DAGs
[2025-03-09T16:04:45.806+0000] {logging_mixin.py:190} INFO - [2025-03-09T16:04:45.805+0000] {dag.py:4180} INFO - Setting next_dagrun for example_complex to None, run_after=None
[2025-03-09T16:04:45.818+0000] {processor.py:208} INFO - Processing /home/airflow/.local/lib/python3.12/site-packages/airflow/example_dags/example_complex.py took 0.054 seconds
[2025-03-09T16:05:16.521+0000] {processor.py:186} INFO - Started process (PID=12460) to work on /home/airflow/.local/lib/python3.12/site-packages/airflow/example_dags/example_complex.py
[2025-03-09T16:05:16.522+0000] {processor.py:914} INFO - Processing file /home/airflow/.local/lib/python3.12/site-packages/airflow/example_dags/example_complex.py for tasks to queue
[2025-03-09T16:05:16.523+0000] {logging_mixin.py:190} INFO - [2025-03-09T16:05:16.523+0000] {dagbag.py:588} INFO - Filling up the DagBag from /home/airflow/.local/lib/python3.12/site-packages/airflow/example_dags/example_complex.py
[2025-03-09T16:05:16.530+0000] {processor.py:925} INFO - DAG(s) 'example_complex' retrieved from /home/airflow/.local/lib/python3.12/site-packages/airflow/example_dags/example_complex.py
[2025-03-09T16:05:16.551+0000] {logging_mixin.py:190} INFO - [2025-03-09T16:05:16.551+0000] {dag.py:3239} INFO - Sync 1 DAGs
[2025-03-09T16:05:16.559+0000] {logging_mixin.py:190} INFO - [2025-03-09T16:05:16.559+0000] {dag.py:4180} INFO - Setting next_dagrun for example_complex to None, run_after=None
[2025-03-09T16:05:16.572+0000] {processor.py:208} INFO - Processing /home/airflow/.local/lib/python3.12/site-packages/airflow/example_dags/example_complex.py took 0.055 seconds
[2025-03-09T16:05:47.167+0000] {processor.py:186} INFO - Started process (PID=12784) to work on /home/airflow/.local/lib/python3.12/site-packages/airflow/example_dags/example_complex.py
[2025-03-09T16:05:47.167+0000] {processor.py:914} INFO - Processing file /home/airflow/.local/lib/python3.12/site-packages/airflow/example_dags/example_complex.py for tasks to queue
[2025-03-09T16:05:47.168+0000] {logging_mixin.py:190} INFO - [2025-03-09T16:05:47.168+0000] {dagbag.py:588} INFO - Filling up the DagBag from /home/airflow/.local/lib/python3.12/site-packages/airflow/example_dags/example_complex.py
[2025-03-09T16:05:47.175+0000] {processor.py:925} INFO - DAG(s) 'example_complex' retrieved from /home/airflow/.local/lib/python3.12/site-packages/airflow/example_dags/example_complex.py
[2025-03-09T16:05:47.193+0000] {logging_mixin.py:190} INFO - [2025-03-09T16:05:47.193+0000] {dag.py:3239} INFO - Sync 1 DAGs
[2025-03-09T16:05:47.203+0000] {logging_mixin.py:190} INFO - [2025-03-09T16:05:47.203+0000] {dag.py:4180} INFO - Setting next_dagrun for example_complex to None, run_after=None
[2025-03-09T16:05:47.216+0000] {processor.py:208} INFO - Processing /home/airflow/.local/lib/python3.12/site-packages/airflow/example_dags/example_complex.py took 0.054 seconds
[2025-03-09T16:06:17.716+0000] {processor.py:186} INFO - Started process (PID=13110) to work on /home/airflow/.local/lib/python3.12/site-packages/airflow/example_dags/example_complex.py
[2025-03-09T16:06:17.716+0000] {processor.py:914} INFO - Processing file /home/airflow/.local/lib/python3.12/site-packages/airflow/example_dags/example_complex.py for tasks to queue
[2025-03-09T16:06:17.717+0000] {logging_mixin.py:190} INFO - [2025-03-09T16:06:17.717+0000] {dagbag.py:588} INFO - Filling up the DagBag from /home/airflow/.local/lib/python3.12/site-packages/airflow/example_dags/example_complex.py
[2025-03-09T16:06:17.724+0000] {processor.py:925} INFO - DAG(s) 'example_complex' retrieved from /home/airflow/.local/lib/python3.12/site-packages/airflow/example_dags/example_complex.py
[2025-03-09T16:06:17.746+0000] {logging_mixin.py:190} INFO - [2025-03-09T16:06:17.745+0000] {dag.py:3239} INFO - Sync 1 DAGs
[2025-03-09T16:06:17.754+0000] {logging_mixin.py:190} INFO - [2025-03-09T16:06:17.754+0000] {dag.py:4180} INFO - Setting next_dagrun for example_complex to None, run_after=None
[2025-03-09T16:06:17.769+0000] {processor.py:208} INFO - Processing /home/airflow/.local/lib/python3.12/site-packages/airflow/example_dags/example_complex.py took 0.057 seconds
[2025-03-09T16:06:48.266+0000] {processor.py:186} INFO - Started process (PID=13442) to work on /home/airflow/.local/lib/python3.12/site-packages/airflow/example_dags/example_complex.py
[2025-03-09T16:06:48.266+0000] {processor.py:914} INFO - Processing file /home/airflow/.local/lib/python3.12/site-packages/airflow/example_dags/example_complex.py for tasks to queue
[2025-03-09T16:06:48.268+0000] {logging_mixin.py:190} INFO - [2025-03-09T16:06:48.268+0000] {dagbag.py:588} INFO - Filling up the DagBag from /home/airflow/.local/lib/python3.12/site-packages/airflow/example_dags/example_complex.py
[2025-03-09T16:06:48.276+0000] {processor.py:925} INFO - DAG(s) 'example_complex' retrieved from /home/airflow/.local/lib/python3.12/site-packages/airflow/example_dags/example_complex.py
[2025-03-09T16:06:48.296+0000] {logging_mixin.py:190} INFO - [2025-03-09T16:06:48.296+0000] {dag.py:3239} INFO - Sync 1 DAGs
[2025-03-09T16:06:48.306+0000] {logging_mixin.py:190} INFO - [2025-03-09T16:06:48.306+0000] {dag.py:4180} INFO - Setting next_dagrun for example_complex to None, run_after=None
[2025-03-09T16:06:48.323+0000] {processor.py:208} INFO - Processing /home/airflow/.local/lib/python3.12/site-packages/airflow/example_dags/example_complex.py took 0.062 seconds
[2025-03-09T16:07:18.945+0000] {processor.py:186} INFO - Started process (PID=13768) to work on /home/airflow/.local/lib/python3.12/site-packages/airflow/example_dags/example_complex.py
[2025-03-09T16:07:18.946+0000] {processor.py:914} INFO - Processing file /home/airflow/.local/lib/python3.12/site-packages/airflow/example_dags/example_complex.py for tasks to queue
[2025-03-09T16:07:18.947+0000] {logging_mixin.py:190} INFO - [2025-03-09T16:07:18.947+0000] {dagbag.py:588} INFO - Filling up the DagBag from /home/airflow/.local/lib/python3.12/site-packages/airflow/example_dags/example_complex.py
[2025-03-09T16:07:18.954+0000] {processor.py:925} INFO - DAG(s) 'example_complex' retrieved from /home/airflow/.local/lib/python3.12/site-packages/airflow/example_dags/example_complex.py
[2025-03-09T16:07:18.972+0000] {logging_mixin.py:190} INFO - [2025-03-09T16:07:18.972+0000] {dag.py:3239} INFO - Sync 1 DAGs
[2025-03-09T16:07:18.981+0000] {logging_mixin.py:190} INFO - [2025-03-09T16:07:18.981+0000] {dag.py:4180} INFO - Setting next_dagrun for example_complex to None, run_after=None
[2025-03-09T16:07:18.994+0000] {processor.py:208} INFO - Processing /home/airflow/.local/lib/python3.12/site-packages/airflow/example_dags/example_complex.py took 0.054 seconds
[2025-03-09T16:07:49.532+0000] {processor.py:186} INFO - Started process (PID=14095) to work on /home/airflow/.local/lib/python3.12/site-packages/airflow/example_dags/example_complex.py
[2025-03-09T16:07:49.533+0000] {processor.py:914} INFO - Processing file /home/airflow/.local/lib/python3.12/site-packages/airflow/example_dags/example_complex.py for tasks to queue
[2025-03-09T16:07:49.534+0000] {logging_mixin.py:190} INFO - [2025-03-09T16:07:49.534+0000] {dagbag.py:588} INFO - Filling up the DagBag from /home/airflow/.local/lib/python3.12/site-packages/airflow/example_dags/example_complex.py
[2025-03-09T16:07:49.541+0000] {processor.py:925} INFO - DAG(s) 'example_complex' retrieved from /home/airflow/.local/lib/python3.12/site-packages/airflow/example_dags/example_complex.py
[2025-03-09T16:07:49.561+0000] {logging_mixin.py:190} INFO - [2025-03-09T16:07:49.561+0000] {dag.py:3239} INFO - Sync 1 DAGs
[2025-03-09T16:07:49.570+0000] {logging_mixin.py:190} INFO - [2025-03-09T16:07:49.569+0000] {dag.py:4180} INFO - Setting next_dagrun for example_complex to None, run_after=None
[2025-03-09T16:07:49.584+0000] {processor.py:208} INFO - Processing /home/airflow/.local/lib/python3.12/site-packages/airflow/example_dags/example_complex.py took 0.055 seconds
[2025-03-09T16:08:20.544+0000] {processor.py:186} INFO - Started process (PID=14421) to work on /home/airflow/.local/lib/python3.12/site-packages/airflow/example_dags/example_complex.py
[2025-03-09T16:08:20.545+0000] {processor.py:914} INFO - Processing file /home/airflow/.local/lib/python3.12/site-packages/airflow/example_dags/example_complex.py for tasks to queue
[2025-03-09T16:08:20.546+0000] {logging_mixin.py:190} INFO - [2025-03-09T16:08:20.546+0000] {dagbag.py:588} INFO - Filling up the DagBag from /home/airflow/.local/lib/python3.12/site-packages/airflow/example_dags/example_complex.py
[2025-03-09T16:08:20.553+0000] {processor.py:925} INFO - DAG(s) 'example_complex' retrieved from /home/airflow/.local/lib/python3.12/site-packages/airflow/example_dags/example_complex.py
[2025-03-09T16:08:20.580+0000] {logging_mixin.py:190} INFO - [2025-03-09T16:08:20.580+0000] {dag.py:3239} INFO - Sync 1 DAGs
[2025-03-09T16:08:20.588+0000] {logging_mixin.py:190} INFO - [2025-03-09T16:08:20.588+0000] {dag.py:4180} INFO - Setting next_dagrun for example_complex to None, run_after=None
[2025-03-09T16:08:20.603+0000] {processor.py:208} INFO - Processing /home/airflow/.local/lib/python3.12/site-packages/airflow/example_dags/example_complex.py took 0.063 seconds
[2025-03-09T16:08:51.375+0000] {processor.py:186} INFO - Started process (PID=14749) to work on /home/airflow/.local/lib/python3.12/site-packages/airflow/example_dags/example_complex.py
[2025-03-09T16:08:51.376+0000] {processor.py:914} INFO - Processing file /home/airflow/.local/lib/python3.12/site-packages/airflow/example_dags/example_complex.py for tasks to queue
[2025-03-09T16:08:51.377+0000] {logging_mixin.py:190} INFO - [2025-03-09T16:08:51.377+0000] {dagbag.py:588} INFO - Filling up the DagBag from /home/airflow/.local/lib/python3.12/site-packages/airflow/example_dags/example_complex.py
[2025-03-09T16:08:51.386+0000] {processor.py:925} INFO - DAG(s) 'example_complex' retrieved from /home/airflow/.local/lib/python3.12/site-packages/airflow/example_dags/example_complex.py
[2025-03-09T16:08:51.410+0000] {logging_mixin.py:190} INFO - [2025-03-09T16:08:51.410+0000] {dag.py:3239} INFO - Sync 1 DAGs
[2025-03-09T16:08:51.419+0000] {logging_mixin.py:190} INFO - [2025-03-09T16:08:51.419+0000] {dag.py:4180} INFO - Setting next_dagrun for example_complex to None, run_after=None
[2025-03-09T16:08:51.434+0000] {processor.py:208} INFO - Processing /home/airflow/.local/lib/python3.12/site-packages/airflow/example_dags/example_complex.py took 0.063 seconds
[2025-03-09T16:09:21.586+0000] {processor.py:186} INFO - Started process (PID=15073) to work on /home/airflow/.local/lib/python3.12/site-packages/airflow/example_dags/example_complex.py
[2025-03-09T16:09:21.586+0000] {processor.py:914} INFO - Processing file /home/airflow/.local/lib/python3.12/site-packages/airflow/example_dags/example_complex.py for tasks to queue
[2025-03-09T16:09:21.587+0000] {logging_mixin.py:190} INFO - [2025-03-09T16:09:21.587+0000] {dagbag.py:588} INFO - Filling up the DagBag from /home/airflow/.local/lib/python3.12/site-packages/airflow/example_dags/example_complex.py
[2025-03-09T16:09:21.594+0000] {processor.py:925} INFO - DAG(s) 'example_complex' retrieved from /home/airflow/.local/lib/python3.12/site-packages/airflow/example_dags/example_complex.py
[2025-03-09T16:09:21.614+0000] {logging_mixin.py:190} INFO - [2025-03-09T16:09:21.614+0000] {dag.py:3239} INFO - Sync 1 DAGs
[2025-03-09T16:09:21.623+0000] {logging_mixin.py:190} INFO - [2025-03-09T16:09:21.622+0000] {dag.py:4180} INFO - Setting next_dagrun for example_complex to None, run_after=None
[2025-03-09T16:09:21.635+0000] {processor.py:208} INFO - Processing /home/airflow/.local/lib/python3.12/site-packages/airflow/example_dags/example_complex.py took 0.053 seconds
[2025-03-09T16:09:52.413+0000] {processor.py:186} INFO - Started process (PID=15399) to work on /home/airflow/.local/lib/python3.12/site-packages/airflow/example_dags/example_complex.py
[2025-03-09T16:09:52.414+0000] {processor.py:914} INFO - Processing file /home/airflow/.local/lib/python3.12/site-packages/airflow/example_dags/example_complex.py for tasks to queue
[2025-03-09T16:09:52.415+0000] {logging_mixin.py:190} INFO - [2025-03-09T16:09:52.415+0000] {dagbag.py:588} INFO - Filling up the DagBag from /home/airflow/.local/lib/python3.12/site-packages/airflow/example_dags/example_complex.py
[2025-03-09T16:09:52.422+0000] {processor.py:925} INFO - DAG(s) 'example_complex' retrieved from /home/airflow/.local/lib/python3.12/site-packages/airflow/example_dags/example_complex.py
[2025-03-09T16:09:52.442+0000] {logging_mixin.py:190} INFO - [2025-03-09T16:09:52.441+0000] {dag.py:3239} INFO - Sync 1 DAGs
[2025-03-09T16:09:52.451+0000] {logging_mixin.py:190} INFO - [2025-03-09T16:09:52.451+0000] {dag.py:4180} INFO - Setting next_dagrun for example_complex to None, run_after=None
[2025-03-09T16:09:52.465+0000] {processor.py:208} INFO - Processing /home/airflow/.local/lib/python3.12/site-packages/airflow/example_dags/example_complex.py took 0.056 seconds
[2025-03-09T16:10:22.893+0000] {processor.py:186} INFO - Started process (PID=15725) to work on /home/airflow/.local/lib/python3.12/site-packages/airflow/example_dags/example_complex.py
[2025-03-09T16:10:22.893+0000] {processor.py:914} INFO - Processing file /home/airflow/.local/lib/python3.12/site-packages/airflow/example_dags/example_complex.py for tasks to queue
[2025-03-09T16:10:22.894+0000] {logging_mixin.py:190} INFO - [2025-03-09T16:10:22.894+0000] {dagbag.py:588} INFO - Filling up the DagBag from /home/airflow/.local/lib/python3.12/site-packages/airflow/example_dags/example_complex.py
[2025-03-09T16:10:22.901+0000] {processor.py:925} INFO - DAG(s) 'example_complex' retrieved from /home/airflow/.local/lib/python3.12/site-packages/airflow/example_dags/example_complex.py
[2025-03-09T16:10:22.925+0000] {logging_mixin.py:190} INFO - [2025-03-09T16:10:22.925+0000] {dag.py:3239} INFO - Sync 1 DAGs
[2025-03-09T16:10:22.936+0000] {logging_mixin.py:190} INFO - [2025-03-09T16:10:22.936+0000] {dag.py:4180} INFO - Setting next_dagrun for example_complex to None, run_after=None
[2025-03-09T16:10:22.953+0000] {processor.py:208} INFO - Processing /home/airflow/.local/lib/python3.12/site-packages/airflow/example_dags/example_complex.py took 0.064 seconds
[2025-03-09T16:10:53.268+0000] {processor.py:186} INFO - Started process (PID=16046) to work on /home/airflow/.local/lib/python3.12/site-packages/airflow/example_dags/example_complex.py
[2025-03-09T16:10:53.269+0000] {processor.py:914} INFO - Processing file /home/airflow/.local/lib/python3.12/site-packages/airflow/example_dags/example_complex.py for tasks to queue
[2025-03-09T16:10:53.270+0000] {logging_mixin.py:190} INFO - [2025-03-09T16:10:53.270+0000] {dagbag.py:588} INFO - Filling up the DagBag from /home/airflow/.local/lib/python3.12/site-packages/airflow/example_dags/example_complex.py
[2025-03-09T16:10:53.278+0000] {processor.py:925} INFO - DAG(s) 'example_complex' retrieved from /home/airflow/.local/lib/python3.12/site-packages/airflow/example_dags/example_complex.py
[2025-03-09T16:10:53.299+0000] {logging_mixin.py:190} INFO - [2025-03-09T16:10:53.298+0000] {dag.py:3239} INFO - Sync 1 DAGs
[2025-03-09T16:10:53.308+0000] {logging_mixin.py:190} INFO - [2025-03-09T16:10:53.308+0000] {dag.py:4180} INFO - Setting next_dagrun for example_complex to None, run_after=None
[2025-03-09T16:10:53.323+0000] {processor.py:208} INFO - Processing /home/airflow/.local/lib/python3.12/site-packages/airflow/example_dags/example_complex.py took 0.059 seconds
[2025-03-09T16:11:23.987+0000] {processor.py:186} INFO - Started process (PID=16374) to work on /home/airflow/.local/lib/python3.12/site-packages/airflow/example_dags/example_complex.py
[2025-03-09T16:11:23.987+0000] {processor.py:914} INFO - Processing file /home/airflow/.local/lib/python3.12/site-packages/airflow/example_dags/example_complex.py for tasks to queue
[2025-03-09T16:11:23.988+0000] {logging_mixin.py:190} INFO - [2025-03-09T16:11:23.988+0000] {dagbag.py:588} INFO - Filling up the DagBag from /home/airflow/.local/lib/python3.12/site-packages/airflow/example_dags/example_complex.py
[2025-03-09T16:11:23.996+0000] {processor.py:925} INFO - DAG(s) 'example_complex' retrieved from /home/airflow/.local/lib/python3.12/site-packages/airflow/example_dags/example_complex.py
[2025-03-09T16:11:24.017+0000] {logging_mixin.py:190} INFO - [2025-03-09T16:11:24.017+0000] {dag.py:3239} INFO - Sync 1 DAGs
[2025-03-09T16:11:24.025+0000] {logging_mixin.py:190} INFO - [2025-03-09T16:11:24.025+0000] {dag.py:4180} INFO - Setting next_dagrun for example_complex to None, run_after=None
[2025-03-09T16:11:24.040+0000] {processor.py:208} INFO - Processing /home/airflow/.local/lib/python3.12/site-packages/airflow/example_dags/example_complex.py took 0.058 seconds
[2025-03-09T16:11:54.627+0000] {processor.py:186} INFO - Started process (PID=16700) to work on /home/airflow/.local/lib/python3.12/site-packages/airflow/example_dags/example_complex.py
[2025-03-09T16:11:54.628+0000] {processor.py:914} INFO - Processing file /home/airflow/.local/lib/python3.12/site-packages/airflow/example_dags/example_complex.py for tasks to queue
[2025-03-09T16:11:54.630+0000] {logging_mixin.py:190} INFO - [2025-03-09T16:11:54.630+0000] {dagbag.py:588} INFO - Filling up the DagBag from /home/airflow/.local/lib/python3.12/site-packages/airflow/example_dags/example_complex.py
[2025-03-09T16:11:54.640+0000] {processor.py:925} INFO - DAG(s) 'example_complex' retrieved from /home/airflow/.local/lib/python3.12/site-packages/airflow/example_dags/example_complex.py
[2025-03-09T16:11:54.660+0000] {logging_mixin.py:190} INFO - [2025-03-09T16:11:54.660+0000] {dag.py:3239} INFO - Sync 1 DAGs
[2025-03-09T16:11:54.668+0000] {logging_mixin.py:190} INFO - [2025-03-09T16:11:54.668+0000] {dag.py:4180} INFO - Setting next_dagrun for example_complex to None, run_after=None
[2025-03-09T16:11:54.681+0000] {processor.py:208} INFO - Processing /home/airflow/.local/lib/python3.12/site-packages/airflow/example_dags/example_complex.py took 0.062 seconds
[2025-03-09T16:12:25.922+0000] {processor.py:186} INFO - Started process (PID=17031) to work on /home/airflow/.local/lib/python3.12/site-packages/airflow/example_dags/example_complex.py
[2025-03-09T16:12:25.923+0000] {processor.py:914} INFO - Processing file /home/airflow/.local/lib/python3.12/site-packages/airflow/example_dags/example_complex.py for tasks to queue
[2025-03-09T16:12:25.926+0000] {logging_mixin.py:190} INFO - [2025-03-09T16:12:25.926+0000] {dagbag.py:588} INFO - Filling up the DagBag from /home/airflow/.local/lib/python3.12/site-packages/airflow/example_dags/example_complex.py
[2025-03-09T16:12:25.933+0000] {processor.py:925} INFO - DAG(s) 'example_complex' retrieved from /home/airflow/.local/lib/python3.12/site-packages/airflow/example_dags/example_complex.py
[2025-03-09T16:12:25.957+0000] {logging_mixin.py:190} INFO - [2025-03-09T16:12:25.956+0000] {dag.py:3239} INFO - Sync 1 DAGs
[2025-03-09T16:12:25.965+0000] {logging_mixin.py:190} INFO - [2025-03-09T16:12:25.965+0000] {dag.py:4180} INFO - Setting next_dagrun for example_complex to None, run_after=None
[2025-03-09T16:12:25.977+0000] {processor.py:208} INFO - Processing /home/airflow/.local/lib/python3.12/site-packages/airflow/example_dags/example_complex.py took 0.060 seconds
[2025-03-09T16:12:56.124+0000] {processor.py:186} INFO - Started process (PID=17355) to work on /home/airflow/.local/lib/python3.12/site-packages/airflow/example_dags/example_complex.py
[2025-03-09T16:12:56.124+0000] {processor.py:914} INFO - Processing file /home/airflow/.local/lib/python3.12/site-packages/airflow/example_dags/example_complex.py for tasks to queue
[2025-03-09T16:12:56.125+0000] {logging_mixin.py:190} INFO - [2025-03-09T16:12:56.125+0000] {dagbag.py:588} INFO - Filling up the DagBag from /home/airflow/.local/lib/python3.12/site-packages/airflow/example_dags/example_complex.py
[2025-03-09T16:12:56.133+0000] {processor.py:925} INFO - DAG(s) 'example_complex' retrieved from /home/airflow/.local/lib/python3.12/site-packages/airflow/example_dags/example_complex.py
[2025-03-09T16:12:56.153+0000] {logging_mixin.py:190} INFO - [2025-03-09T16:12:56.152+0000] {dag.py:3239} INFO - Sync 1 DAGs
[2025-03-09T16:12:56.161+0000] {logging_mixin.py:190} INFO - [2025-03-09T16:12:56.161+0000] {dag.py:4180} INFO - Setting next_dagrun for example_complex to None, run_after=None
[2025-03-09T16:12:56.175+0000] {processor.py:208} INFO - Processing /home/airflow/.local/lib/python3.12/site-packages/airflow/example_dags/example_complex.py took 0.055 seconds
[2025-03-09T16:13:27.127+0000] {processor.py:186} INFO - Started process (PID=17681) to work on /home/airflow/.local/lib/python3.12/site-packages/airflow/example_dags/example_complex.py
[2025-03-09T16:13:27.127+0000] {processor.py:914} INFO - Processing file /home/airflow/.local/lib/python3.12/site-packages/airflow/example_dags/example_complex.py for tasks to queue
[2025-03-09T16:13:27.129+0000] {logging_mixin.py:190} INFO - [2025-03-09T16:13:27.128+0000] {dagbag.py:588} INFO - Filling up the DagBag from /home/airflow/.local/lib/python3.12/site-packages/airflow/example_dags/example_complex.py
[2025-03-09T16:13:27.135+0000] {processor.py:925} INFO - DAG(s) 'example_complex' retrieved from /home/airflow/.local/lib/python3.12/site-packages/airflow/example_dags/example_complex.py
[2025-03-09T16:13:27.156+0000] {logging_mixin.py:190} INFO - [2025-03-09T16:13:27.156+0000] {dag.py:3239} INFO - Sync 1 DAGs
[2025-03-09T16:13:27.165+0000] {logging_mixin.py:190} INFO - [2025-03-09T16:13:27.165+0000] {dag.py:4180} INFO - Setting next_dagrun for example_complex to None, run_after=None
[2025-03-09T16:13:27.178+0000] {processor.py:208} INFO - Processing /home/airflow/.local/lib/python3.12/site-packages/airflow/example_dags/example_complex.py took 0.056 seconds
[2025-03-09T16:13:58.199+0000] {processor.py:186} INFO - Started process (PID=18007) to work on /home/airflow/.local/lib/python3.12/site-packages/airflow/example_dags/example_complex.py
[2025-03-09T16:13:58.199+0000] {processor.py:914} INFO - Processing file /home/airflow/.local/lib/python3.12/site-packages/airflow/example_dags/example_complex.py for tasks to queue
[2025-03-09T16:13:58.200+0000] {logging_mixin.py:190} INFO - [2025-03-09T16:13:58.200+0000] {dagbag.py:588} INFO - Filling up the DagBag from /home/airflow/.local/lib/python3.12/site-packages/airflow/example_dags/example_complex.py
[2025-03-09T16:13:58.207+0000] {processor.py:925} INFO - DAG(s) 'example_complex' retrieved from /home/airflow/.local/lib/python3.12/site-packages/airflow/example_dags/example_complex.py
[2025-03-09T16:13:58.228+0000] {logging_mixin.py:190} INFO - [2025-03-09T16:13:58.228+0000] {dag.py:3239} INFO - Sync 1 DAGs
[2025-03-09T16:13:58.237+0000] {logging_mixin.py:190} INFO - [2025-03-09T16:13:58.237+0000] {dag.py:4180} INFO - Setting next_dagrun for example_complex to None, run_after=None
[2025-03-09T16:13:58.251+0000] {processor.py:208} INFO - Processing /home/airflow/.local/lib/python3.12/site-packages/airflow/example_dags/example_complex.py took 0.055 seconds
[2025-03-09T16:14:28.815+0000] {processor.py:186} INFO - Started process (PID=18333) to work on /home/airflow/.local/lib/python3.12/site-packages/airflow/example_dags/example_complex.py
[2025-03-09T16:14:28.816+0000] {processor.py:914} INFO - Processing file /home/airflow/.local/lib/python3.12/site-packages/airflow/example_dags/example_complex.py for tasks to queue
[2025-03-09T16:14:28.817+0000] {logging_mixin.py:190} INFO - [2025-03-09T16:14:28.817+0000] {dagbag.py:588} INFO - Filling up the DagBag from /home/airflow/.local/lib/python3.12/site-packages/airflow/example_dags/example_complex.py
[2025-03-09T16:14:28.824+0000] {processor.py:925} INFO - DAG(s) 'example_complex' retrieved from /home/airflow/.local/lib/python3.12/site-packages/airflow/example_dags/example_complex.py
[2025-03-09T16:14:28.846+0000] {logging_mixin.py:190} INFO - [2025-03-09T16:14:28.846+0000] {dag.py:3239} INFO - Sync 1 DAGs
[2025-03-09T16:14:28.857+0000] {logging_mixin.py:190} INFO - [2025-03-09T16:14:28.857+0000] {dag.py:4180} INFO - Setting next_dagrun for example_complex to None, run_after=None
[2025-03-09T16:14:28.870+0000] {processor.py:208} INFO - Processing /home/airflow/.local/lib/python3.12/site-packages/airflow/example_dags/example_complex.py took 0.059 seconds
[2025-03-09T16:14:59.717+0000] {processor.py:186} INFO - Started process (PID=18659) to work on /home/airflow/.local/lib/python3.12/site-packages/airflow/example_dags/example_complex.py
[2025-03-09T16:14:59.717+0000] {processor.py:914} INFO - Processing file /home/airflow/.local/lib/python3.12/site-packages/airflow/example_dags/example_complex.py for tasks to queue
[2025-03-09T16:14:59.719+0000] {logging_mixin.py:190} INFO - [2025-03-09T16:14:59.718+0000] {dagbag.py:588} INFO - Filling up the DagBag from /home/airflow/.local/lib/python3.12/site-packages/airflow/example_dags/example_complex.py
[2025-03-09T16:14:59.725+0000] {processor.py:925} INFO - DAG(s) 'example_complex' retrieved from /home/airflow/.local/lib/python3.12/site-packages/airflow/example_dags/example_complex.py
[2025-03-09T16:14:59.748+0000] {logging_mixin.py:190} INFO - [2025-03-09T16:14:59.748+0000] {dag.py:3239} INFO - Sync 1 DAGs
[2025-03-09T16:14:59.759+0000] {logging_mixin.py:190} INFO - [2025-03-09T16:14:59.759+0000] {dag.py:4180} INFO - Setting next_dagrun for example_complex to None, run_after=None
[2025-03-09T16:14:59.771+0000] {processor.py:208} INFO - Processing /home/airflow/.local/lib/python3.12/site-packages/airflow/example_dags/example_complex.py took 0.059 seconds
[2025-03-09T16:15:30.521+0000] {processor.py:186} INFO - Started process (PID=18985) to work on /home/airflow/.local/lib/python3.12/site-packages/airflow/example_dags/example_complex.py
[2025-03-09T16:15:30.522+0000] {processor.py:914} INFO - Processing file /home/airflow/.local/lib/python3.12/site-packages/airflow/example_dags/example_complex.py for tasks to queue
[2025-03-09T16:15:30.524+0000] {logging_mixin.py:190} INFO - [2025-03-09T16:15:30.523+0000] {dagbag.py:588} INFO - Filling up the DagBag from /home/airflow/.local/lib/python3.12/site-packages/airflow/example_dags/example_complex.py
[2025-03-09T16:15:30.532+0000] {processor.py:925} INFO - DAG(s) 'example_complex' retrieved from /home/airflow/.local/lib/python3.12/site-packages/airflow/example_dags/example_complex.py
[2025-03-09T16:15:30.555+0000] {logging_mixin.py:190} INFO - [2025-03-09T16:15:30.555+0000] {dag.py:3239} INFO - Sync 1 DAGs
[2025-03-09T16:15:30.569+0000] {logging_mixin.py:190} INFO - [2025-03-09T16:15:30.569+0000] {dag.py:4180} INFO - Setting next_dagrun for example_complex to None, run_after=None
[2025-03-09T16:15:30.583+0000] {processor.py:208} INFO - Processing /home/airflow/.local/lib/python3.12/site-packages/airflow/example_dags/example_complex.py took 0.065 seconds
[2025-03-09T16:16:01.451+0000] {processor.py:186} INFO - Started process (PID=19311) to work on /home/airflow/.local/lib/python3.12/site-packages/airflow/example_dags/example_complex.py
[2025-03-09T16:16:01.451+0000] {processor.py:914} INFO - Processing file /home/airflow/.local/lib/python3.12/site-packages/airflow/example_dags/example_complex.py for tasks to queue
[2025-03-09T16:16:01.452+0000] {logging_mixin.py:190} INFO - [2025-03-09T16:16:01.452+0000] {dagbag.py:588} INFO - Filling up the DagBag from /home/airflow/.local/lib/python3.12/site-packages/airflow/example_dags/example_complex.py
[2025-03-09T16:16:01.459+0000] {processor.py:925} INFO - DAG(s) 'example_complex' retrieved from /home/airflow/.local/lib/python3.12/site-packages/airflow/example_dags/example_complex.py
[2025-03-09T16:16:01.483+0000] {logging_mixin.py:190} INFO - [2025-03-09T16:16:01.483+0000] {dag.py:3239} INFO - Sync 1 DAGs
[2025-03-09T16:16:01.493+0000] {logging_mixin.py:190} INFO - [2025-03-09T16:16:01.493+0000] {dag.py:4180} INFO - Setting next_dagrun for example_complex to None, run_after=None
[2025-03-09T16:16:01.507+0000] {processor.py:208} INFO - Processing /home/airflow/.local/lib/python3.12/site-packages/airflow/example_dags/example_complex.py took 0.062 seconds
[2025-03-09T16:16:32.834+0000] {processor.py:186} INFO - Started process (PID=19637) to work on /home/airflow/.local/lib/python3.12/site-packages/airflow/example_dags/example_complex.py
[2025-03-09T16:16:32.835+0000] {processor.py:914} INFO - Processing file /home/airflow/.local/lib/python3.12/site-packages/airflow/example_dags/example_complex.py for tasks to queue
[2025-03-09T16:16:32.836+0000] {logging_mixin.py:190} INFO - [2025-03-09T16:16:32.836+0000] {dagbag.py:588} INFO - Filling up the DagBag from /home/airflow/.local/lib/python3.12/site-packages/airflow/example_dags/example_complex.py
[2025-03-09T16:16:32.843+0000] {processor.py:925} INFO - DAG(s) 'example_complex' retrieved from /home/airflow/.local/lib/python3.12/site-packages/airflow/example_dags/example_complex.py
[2025-03-09T16:16:32.861+0000] {logging_mixin.py:190} INFO - [2025-03-09T16:16:32.861+0000] {dag.py:3239} INFO - Sync 1 DAGs
[2025-03-09T16:16:32.871+0000] {logging_mixin.py:190} INFO - [2025-03-09T16:16:32.870+0000] {dag.py:4180} INFO - Setting next_dagrun for example_complex to None, run_after=None
[2025-03-09T16:16:32.883+0000] {processor.py:208} INFO - Processing /home/airflow/.local/lib/python3.12/site-packages/airflow/example_dags/example_complex.py took 0.053 seconds
[2025-03-09T16:17:04.041+0000] {processor.py:186} INFO - Started process (PID=19963) to work on /home/airflow/.local/lib/python3.12/site-packages/airflow/example_dags/example_complex.py
[2025-03-09T16:17:04.042+0000] {processor.py:914} INFO - Processing file /home/airflow/.local/lib/python3.12/site-packages/airflow/example_dags/example_complex.py for tasks to queue
[2025-03-09T16:17:04.043+0000] {logging_mixin.py:190} INFO - [2025-03-09T16:17:04.043+0000] {dagbag.py:588} INFO - Filling up the DagBag from /home/airflow/.local/lib/python3.12/site-packages/airflow/example_dags/example_complex.py
[2025-03-09T16:17:04.049+0000] {processor.py:925} INFO - DAG(s) 'example_complex' retrieved from /home/airflow/.local/lib/python3.12/site-packages/airflow/example_dags/example_complex.py
[2025-03-09T16:17:04.073+0000] {logging_mixin.py:190} INFO - [2025-03-09T16:17:04.072+0000] {dag.py:3239} INFO - Sync 1 DAGs
[2025-03-09T16:17:04.082+0000] {logging_mixin.py:190} INFO - [2025-03-09T16:17:04.081+0000] {dag.py:4180} INFO - Setting next_dagrun for example_complex to None, run_after=None
[2025-03-09T16:17:04.103+0000] {processor.py:208} INFO - Processing /home/airflow/.local/lib/python3.12/site-packages/airflow/example_dags/example_complex.py took 0.065 seconds
[2025-03-09T16:17:35.193+0000] {processor.py:186} INFO - Started process (PID=20289) to work on /home/airflow/.local/lib/python3.12/site-packages/airflow/example_dags/example_complex.py
[2025-03-09T16:17:35.193+0000] {processor.py:914} INFO - Processing file /home/airflow/.local/lib/python3.12/site-packages/airflow/example_dags/example_complex.py for tasks to queue
[2025-03-09T16:17:35.194+0000] {logging_mixin.py:190} INFO - [2025-03-09T16:17:35.194+0000] {dagbag.py:588} INFO - Filling up the DagBag from /home/airflow/.local/lib/python3.12/site-packages/airflow/example_dags/example_complex.py
[2025-03-09T16:17:35.201+0000] {processor.py:925} INFO - DAG(s) 'example_complex' retrieved from /home/airflow/.local/lib/python3.12/site-packages/airflow/example_dags/example_complex.py
[2025-03-09T16:17:35.221+0000] {logging_mixin.py:190} INFO - [2025-03-09T16:17:35.221+0000] {dag.py:3239} INFO - Sync 1 DAGs
[2025-03-09T16:17:35.230+0000] {logging_mixin.py:190} INFO - [2025-03-09T16:17:35.230+0000] {dag.py:4180} INFO - Setting next_dagrun for example_complex to None, run_after=None
[2025-03-09T16:17:35.243+0000] {processor.py:208} INFO - Processing /home/airflow/.local/lib/python3.12/site-packages/airflow/example_dags/example_complex.py took 0.054 seconds
[2025-03-09T16:18:06.182+0000] {processor.py:186} INFO - Started process (PID=20617) to work on /home/airflow/.local/lib/python3.12/site-packages/airflow/example_dags/example_complex.py
[2025-03-09T16:18:06.182+0000] {processor.py:914} INFO - Processing file /home/airflow/.local/lib/python3.12/site-packages/airflow/example_dags/example_complex.py for tasks to queue
[2025-03-09T16:18:06.183+0000] {logging_mixin.py:190} INFO - [2025-03-09T16:18:06.183+0000] {dagbag.py:588} INFO - Filling up the DagBag from /home/airflow/.local/lib/python3.12/site-packages/airflow/example_dags/example_complex.py
[2025-03-09T16:18:06.190+0000] {processor.py:925} INFO - DAG(s) 'example_complex' retrieved from /home/airflow/.local/lib/python3.12/site-packages/airflow/example_dags/example_complex.py
[2025-03-09T16:18:06.213+0000] {logging_mixin.py:190} INFO - [2025-03-09T16:18:06.213+0000] {dag.py:3239} INFO - Sync 1 DAGs
[2025-03-09T16:18:06.222+0000] {logging_mixin.py:190} INFO - [2025-03-09T16:18:06.221+0000] {dag.py:4180} INFO - Setting next_dagrun for example_complex to None, run_after=None
[2025-03-09T16:18:06.238+0000] {processor.py:208} INFO - Processing /home/airflow/.local/lib/python3.12/site-packages/airflow/example_dags/example_complex.py took 0.060 seconds
[2025-03-09T16:18:36.604+0000] {processor.py:186} INFO - Started process (PID=20941) to work on /home/airflow/.local/lib/python3.12/site-packages/airflow/example_dags/example_complex.py
[2025-03-09T16:18:36.605+0000] {processor.py:914} INFO - Processing file /home/airflow/.local/lib/python3.12/site-packages/airflow/example_dags/example_complex.py for tasks to queue
[2025-03-09T16:18:36.606+0000] {logging_mixin.py:190} INFO - [2025-03-09T16:18:36.606+0000] {dagbag.py:588} INFO - Filling up the DagBag from /home/airflow/.local/lib/python3.12/site-packages/airflow/example_dags/example_complex.py
[2025-03-09T16:18:36.613+0000] {processor.py:925} INFO - DAG(s) 'example_complex' retrieved from /home/airflow/.local/lib/python3.12/site-packages/airflow/example_dags/example_complex.py
[2025-03-09T16:18:36.632+0000] {logging_mixin.py:190} INFO - [2025-03-09T16:18:36.631+0000] {dag.py:3239} INFO - Sync 1 DAGs
[2025-03-09T16:18:36.640+0000] {logging_mixin.py:190} INFO - [2025-03-09T16:18:36.640+0000] {dag.py:4180} INFO - Setting next_dagrun for example_complex to None, run_after=None
[2025-03-09T16:18:36.651+0000] {processor.py:208} INFO - Processing /home/airflow/.local/lib/python3.12/site-packages/airflow/example_dags/example_complex.py took 0.051 seconds
[2025-03-09T16:19:07.630+0000] {processor.py:186} INFO - Started process (PID=21269) to work on /home/airflow/.local/lib/python3.12/site-packages/airflow/example_dags/example_complex.py
[2025-03-09T16:19:07.630+0000] {processor.py:914} INFO - Processing file /home/airflow/.local/lib/python3.12/site-packages/airflow/example_dags/example_complex.py for tasks to queue
[2025-03-09T16:19:07.632+0000] {logging_mixin.py:190} INFO - [2025-03-09T16:19:07.631+0000] {dagbag.py:588} INFO - Filling up the DagBag from /home/airflow/.local/lib/python3.12/site-packages/airflow/example_dags/example_complex.py
[2025-03-09T16:19:07.638+0000] {processor.py:925} INFO - DAG(s) 'example_complex' retrieved from /home/airflow/.local/lib/python3.12/site-packages/airflow/example_dags/example_complex.py
[2025-03-09T16:19:07.657+0000] {logging_mixin.py:190} INFO - [2025-03-09T16:19:07.657+0000] {dag.py:3239} INFO - Sync 1 DAGs
[2025-03-09T16:19:07.665+0000] {logging_mixin.py:190} INFO - [2025-03-09T16:19:07.665+0000] {dag.py:4180} INFO - Setting next_dagrun for example_complex to None, run_after=None
[2025-03-09T16:19:07.681+0000] {processor.py:208} INFO - Processing /home/airflow/.local/lib/python3.12/site-packages/airflow/example_dags/example_complex.py took 0.055 seconds
[2025-03-09T16:19:38.142+0000] {processor.py:186} INFO - Started process (PID=21593) to work on /home/airflow/.local/lib/python3.12/site-packages/airflow/example_dags/example_complex.py
[2025-03-09T16:19:38.143+0000] {processor.py:914} INFO - Processing file /home/airflow/.local/lib/python3.12/site-packages/airflow/example_dags/example_complex.py for tasks to queue
[2025-03-09T16:19:38.144+0000] {logging_mixin.py:190} INFO - [2025-03-09T16:19:38.144+0000] {dagbag.py:588} INFO - Filling up the DagBag from /home/airflow/.local/lib/python3.12/site-packages/airflow/example_dags/example_complex.py
[2025-03-09T16:19:38.150+0000] {processor.py:925} INFO - DAG(s) 'example_complex' retrieved from /home/airflow/.local/lib/python3.12/site-packages/airflow/example_dags/example_complex.py
[2025-03-09T16:19:38.172+0000] {logging_mixin.py:190} INFO - [2025-03-09T16:19:38.172+0000] {dag.py:3239} INFO - Sync 1 DAGs
[2025-03-09T16:19:38.182+0000] {logging_mixin.py:190} INFO - [2025-03-09T16:19:38.182+0000] {dag.py:4180} INFO - Setting next_dagrun for example_complex to None, run_after=None
[2025-03-09T16:19:38.200+0000] {processor.py:208} INFO - Processing /home/airflow/.local/lib/python3.12/site-packages/airflow/example_dags/example_complex.py took 0.062 seconds
