[2025-03-09T15:46:14.088+0000] {processor.py:186} INFO - Started process (PID=310) to work on /home/airflow/.local/lib/python3.12/site-packages/airflow/example_dags/example_task_group_decorator.py
[2025-03-09T15:46:14.088+0000] {processor.py:914} INFO - Processing file /home/airflow/.local/lib/python3.12/site-packages/airflow/example_dags/example_task_group_decorator.py for tasks to queue
[2025-03-09T15:46:14.089+0000] {logging_mixin.py:190} INFO - [2025-03-09T15:46:14.089+0000] {dagbag.py:588} INFO - Filling up the DagBag from /home/airflow/.local/lib/python3.12/site-packages/airflow/example_dags/example_task_group_decorator.py
[2025-03-09T15:46:14.101+0000] {processor.py:925} INFO - DAG(s) 'example_task_group_decorator' retrieved from /home/airflow/.local/lib/python3.12/site-packages/airflow/example_dags/example_task_group_decorator.py
[2025-03-09T15:46:14.126+0000] {logging_mixin.py:190} INFO - [2025-03-09T15:46:14.126+0000] {dag.py:3239} INFO - Sync 1 DAGs
[2025-03-09T15:46:14.138+0000] {logging_mixin.py:190} INFO - [2025-03-09T15:46:14.138+0000] {dag.py:4180} INFO - Setting next_dagrun for example_task_group_decorator to None, run_after=None
[2025-03-09T15:46:14.156+0000] {processor.py:208} INFO - Processing /home/airflow/.local/lib/python3.12/site-packages/airflow/example_dags/example_task_group_decorator.py took 0.071 seconds
[2025-03-09T15:46:44.818+0000] {processor.py:186} INFO - Started process (PID=644) to work on /home/airflow/.local/lib/python3.12/site-packages/airflow/example_dags/example_task_group_decorator.py
[2025-03-09T15:46:44.819+0000] {processor.py:914} INFO - Processing file /home/airflow/.local/lib/python3.12/site-packages/airflow/example_dags/example_task_group_decorator.py for tasks to queue
[2025-03-09T15:46:44.821+0000] {logging_mixin.py:190} INFO - [2025-03-09T15:46:44.821+0000] {dagbag.py:588} INFO - Filling up the DagBag from /home/airflow/.local/lib/python3.12/site-packages/airflow/example_dags/example_task_group_decorator.py
[2025-03-09T15:46:44.836+0000] {processor.py:925} INFO - DAG(s) 'example_task_group_decorator' retrieved from /home/airflow/.local/lib/python3.12/site-packages/airflow/example_dags/example_task_group_decorator.py
[2025-03-09T15:46:44.858+0000] {logging_mixin.py:190} INFO - [2025-03-09T15:46:44.858+0000] {dag.py:3239} INFO - Sync 1 DAGs
[2025-03-09T15:46:44.870+0000] {logging_mixin.py:190} INFO - [2025-03-09T15:46:44.870+0000] {dag.py:4180} INFO - Setting next_dagrun for example_task_group_decorator to None, run_after=None
[2025-03-09T15:46:44.883+0000] {processor.py:208} INFO - Processing /home/airflow/.local/lib/python3.12/site-packages/airflow/example_dags/example_task_group_decorator.py took 0.073 seconds
[2025-03-09T15:47:15.020+0000] {processor.py:186} INFO - Started process (PID=968) to work on /home/airflow/.local/lib/python3.12/site-packages/airflow/example_dags/example_task_group_decorator.py
[2025-03-09T15:47:15.021+0000] {processor.py:914} INFO - Processing file /home/airflow/.local/lib/python3.12/site-packages/airflow/example_dags/example_task_group_decorator.py for tasks to queue
[2025-03-09T15:47:15.022+0000] {logging_mixin.py:190} INFO - [2025-03-09T15:47:15.022+0000] {dagbag.py:588} INFO - Filling up the DagBag from /home/airflow/.local/lib/python3.12/site-packages/airflow/example_dags/example_task_group_decorator.py
[2025-03-09T15:47:15.036+0000] {processor.py:925} INFO - DAG(s) 'example_task_group_decorator' retrieved from /home/airflow/.local/lib/python3.12/site-packages/airflow/example_dags/example_task_group_decorator.py
[2025-03-09T15:47:15.056+0000] {logging_mixin.py:190} INFO - [2025-03-09T15:47:15.055+0000] {dag.py:3239} INFO - Sync 1 DAGs
[2025-03-09T15:47:15.067+0000] {logging_mixin.py:190} INFO - [2025-03-09T15:47:15.067+0000] {dag.py:4180} INFO - Setting next_dagrun for example_task_group_decorator to None, run_after=None
[2025-03-09T15:47:15.081+0000] {processor.py:208} INFO - Processing /home/airflow/.local/lib/python3.12/site-packages/airflow/example_dags/example_task_group_decorator.py took 0.066 seconds
[2025-03-09T15:47:45.969+0000] {processor.py:186} INFO - Started process (PID=1300) to work on /home/airflow/.local/lib/python3.12/site-packages/airflow/example_dags/example_task_group_decorator.py
[2025-03-09T15:47:45.970+0000] {processor.py:914} INFO - Processing file /home/airflow/.local/lib/python3.12/site-packages/airflow/example_dags/example_task_group_decorator.py for tasks to queue
[2025-03-09T15:47:45.971+0000] {logging_mixin.py:190} INFO - [2025-03-09T15:47:45.971+0000] {dagbag.py:588} INFO - Filling up the DagBag from /home/airflow/.local/lib/python3.12/site-packages/airflow/example_dags/example_task_group_decorator.py
[2025-03-09T15:47:45.980+0000] {processor.py:925} INFO - DAG(s) 'example_task_group_decorator' retrieved from /home/airflow/.local/lib/python3.12/site-packages/airflow/example_dags/example_task_group_decorator.py
[2025-03-09T15:47:45.997+0000] {logging_mixin.py:190} INFO - [2025-03-09T15:47:45.997+0000] {dag.py:3239} INFO - Sync 1 DAGs
[2025-03-09T15:47:46.006+0000] {logging_mixin.py:190} INFO - [2025-03-09T15:47:46.005+0000] {dag.py:4180} INFO - Setting next_dagrun for example_task_group_decorator to None, run_after=None
[2025-03-09T15:47:46.017+0000] {processor.py:208} INFO - Processing /home/airflow/.local/lib/python3.12/site-packages/airflow/example_dags/example_task_group_decorator.py took 0.052 seconds
[2025-03-09T15:48:16.829+0000] {processor.py:186} INFO - Started process (PID=1626) to work on /home/airflow/.local/lib/python3.12/site-packages/airflow/example_dags/example_task_group_decorator.py
[2025-03-09T15:48:16.830+0000] {processor.py:914} INFO - Processing file /home/airflow/.local/lib/python3.12/site-packages/airflow/example_dags/example_task_group_decorator.py for tasks to queue
[2025-03-09T15:48:16.832+0000] {logging_mixin.py:190} INFO - [2025-03-09T15:48:16.831+0000] {dagbag.py:588} INFO - Filling up the DagBag from /home/airflow/.local/lib/python3.12/site-packages/airflow/example_dags/example_task_group_decorator.py
[2025-03-09T15:48:16.840+0000] {processor.py:925} INFO - DAG(s) 'example_task_group_decorator' retrieved from /home/airflow/.local/lib/python3.12/site-packages/airflow/example_dags/example_task_group_decorator.py
[2025-03-09T15:48:16.857+0000] {logging_mixin.py:190} INFO - [2025-03-09T15:48:16.857+0000] {dag.py:3239} INFO - Sync 1 DAGs
[2025-03-09T15:48:16.867+0000] {logging_mixin.py:190} INFO - [2025-03-09T15:48:16.866+0000] {dag.py:4180} INFO - Setting next_dagrun for example_task_group_decorator to None, run_after=None
[2025-03-09T15:48:16.879+0000] {processor.py:208} INFO - Processing /home/airflow/.local/lib/python3.12/site-packages/airflow/example_dags/example_task_group_decorator.py took 0.054 seconds
[2025-03-09T15:48:47.689+0000] {processor.py:186} INFO - Started process (PID=1954) to work on /home/airflow/.local/lib/python3.12/site-packages/airflow/example_dags/example_task_group_decorator.py
[2025-03-09T15:48:47.690+0000] {processor.py:914} INFO - Processing file /home/airflow/.local/lib/python3.12/site-packages/airflow/example_dags/example_task_group_decorator.py for tasks to queue
[2025-03-09T15:48:47.691+0000] {logging_mixin.py:190} INFO - [2025-03-09T15:48:47.691+0000] {dagbag.py:588} INFO - Filling up the DagBag from /home/airflow/.local/lib/python3.12/site-packages/airflow/example_dags/example_task_group_decorator.py
[2025-03-09T15:48:47.700+0000] {processor.py:925} INFO - DAG(s) 'example_task_group_decorator' retrieved from /home/airflow/.local/lib/python3.12/site-packages/airflow/example_dags/example_task_group_decorator.py
[2025-03-09T15:48:47.717+0000] {logging_mixin.py:190} INFO - [2025-03-09T15:48:47.717+0000] {dag.py:3239} INFO - Sync 1 DAGs
[2025-03-09T15:48:47.726+0000] {logging_mixin.py:190} INFO - [2025-03-09T15:48:47.726+0000] {dag.py:4180} INFO - Setting next_dagrun for example_task_group_decorator to None, run_after=None
[2025-03-09T15:48:47.737+0000] {processor.py:208} INFO - Processing /home/airflow/.local/lib/python3.12/site-packages/airflow/example_dags/example_task_group_decorator.py took 0.053 seconds
[2025-03-09T15:49:18.579+0000] {processor.py:186} INFO - Started process (PID=2278) to work on /home/airflow/.local/lib/python3.12/site-packages/airflow/example_dags/example_task_group_decorator.py
[2025-03-09T15:49:18.580+0000] {processor.py:914} INFO - Processing file /home/airflow/.local/lib/python3.12/site-packages/airflow/example_dags/example_task_group_decorator.py for tasks to queue
[2025-03-09T15:49:18.581+0000] {logging_mixin.py:190} INFO - [2025-03-09T15:49:18.581+0000] {dagbag.py:588} INFO - Filling up the DagBag from /home/airflow/.local/lib/python3.12/site-packages/airflow/example_dags/example_task_group_decorator.py
[2025-03-09T15:49:18.591+0000] {processor.py:925} INFO - DAG(s) 'example_task_group_decorator' retrieved from /home/airflow/.local/lib/python3.12/site-packages/airflow/example_dags/example_task_group_decorator.py
[2025-03-09T15:49:18.607+0000] {logging_mixin.py:190} INFO - [2025-03-09T15:49:18.607+0000] {dag.py:3239} INFO - Sync 1 DAGs
[2025-03-09T15:49:18.616+0000] {logging_mixin.py:190} INFO - [2025-03-09T15:49:18.616+0000] {dag.py:4180} INFO - Setting next_dagrun for example_task_group_decorator to None, run_after=None
[2025-03-09T15:49:18.632+0000] {processor.py:208} INFO - Processing /home/airflow/.local/lib/python3.12/site-packages/airflow/example_dags/example_task_group_decorator.py took 0.057 seconds
[2025-03-09T15:49:49.396+0000] {processor.py:186} INFO - Started process (PID=2606) to work on /home/airflow/.local/lib/python3.12/site-packages/airflow/example_dags/example_task_group_decorator.py
[2025-03-09T15:49:49.397+0000] {processor.py:914} INFO - Processing file /home/airflow/.local/lib/python3.12/site-packages/airflow/example_dags/example_task_group_decorator.py for tasks to queue
[2025-03-09T15:49:49.398+0000] {logging_mixin.py:190} INFO - [2025-03-09T15:49:49.398+0000] {dagbag.py:588} INFO - Filling up the DagBag from /home/airflow/.local/lib/python3.12/site-packages/airflow/example_dags/example_task_group_decorator.py
[2025-03-09T15:49:49.407+0000] {processor.py:925} INFO - DAG(s) 'example_task_group_decorator' retrieved from /home/airflow/.local/lib/python3.12/site-packages/airflow/example_dags/example_task_group_decorator.py
[2025-03-09T15:49:49.423+0000] {logging_mixin.py:190} INFO - [2025-03-09T15:49:49.423+0000] {dag.py:3239} INFO - Sync 1 DAGs
[2025-03-09T15:49:49.433+0000] {logging_mixin.py:190} INFO - [2025-03-09T15:49:49.433+0000] {dag.py:4180} INFO - Setting next_dagrun for example_task_group_decorator to None, run_after=None
[2025-03-09T15:49:49.446+0000] {processor.py:208} INFO - Processing /home/airflow/.local/lib/python3.12/site-packages/airflow/example_dags/example_task_group_decorator.py took 0.053 seconds
[2025-03-09T15:50:20.359+0000] {processor.py:186} INFO - Started process (PID=2932) to work on /home/airflow/.local/lib/python3.12/site-packages/airflow/example_dags/example_task_group_decorator.py
[2025-03-09T15:50:20.360+0000] {processor.py:914} INFO - Processing file /home/airflow/.local/lib/python3.12/site-packages/airflow/example_dags/example_task_group_decorator.py for tasks to queue
[2025-03-09T15:50:20.361+0000] {logging_mixin.py:190} INFO - [2025-03-09T15:50:20.361+0000] {dagbag.py:588} INFO - Filling up the DagBag from /home/airflow/.local/lib/python3.12/site-packages/airflow/example_dags/example_task_group_decorator.py
[2025-03-09T15:50:20.372+0000] {processor.py:925} INFO - DAG(s) 'example_task_group_decorator' retrieved from /home/airflow/.local/lib/python3.12/site-packages/airflow/example_dags/example_task_group_decorator.py
[2025-03-09T15:50:20.388+0000] {logging_mixin.py:190} INFO - [2025-03-09T15:50:20.388+0000] {dag.py:3239} INFO - Sync 1 DAGs
[2025-03-09T15:50:20.397+0000] {logging_mixin.py:190} INFO - [2025-03-09T15:50:20.397+0000] {dag.py:4180} INFO - Setting next_dagrun for example_task_group_decorator to None, run_after=None
[2025-03-09T15:50:20.413+0000] {processor.py:208} INFO - Processing /home/airflow/.local/lib/python3.12/site-packages/airflow/example_dags/example_task_group_decorator.py took 0.059 seconds
[2025-03-09T15:50:51.318+0000] {processor.py:186} INFO - Started process (PID=3256) to work on /home/airflow/.local/lib/python3.12/site-packages/airflow/example_dags/example_task_group_decorator.py
[2025-03-09T15:50:51.319+0000] {processor.py:914} INFO - Processing file /home/airflow/.local/lib/python3.12/site-packages/airflow/example_dags/example_task_group_decorator.py for tasks to queue
[2025-03-09T15:50:51.320+0000] {logging_mixin.py:190} INFO - [2025-03-09T15:50:51.320+0000] {dagbag.py:588} INFO - Filling up the DagBag from /home/airflow/.local/lib/python3.12/site-packages/airflow/example_dags/example_task_group_decorator.py
[2025-03-09T15:50:51.329+0000] {processor.py:925} INFO - DAG(s) 'example_task_group_decorator' retrieved from /home/airflow/.local/lib/python3.12/site-packages/airflow/example_dags/example_task_group_decorator.py
[2025-03-09T15:50:51.353+0000] {logging_mixin.py:190} INFO - [2025-03-09T15:50:51.353+0000] {dag.py:3239} INFO - Sync 1 DAGs
[2025-03-09T15:50:51.362+0000] {logging_mixin.py:190} INFO - [2025-03-09T15:50:51.362+0000] {dag.py:4180} INFO - Setting next_dagrun for example_task_group_decorator to None, run_after=None
[2025-03-09T15:50:51.380+0000] {processor.py:208} INFO - Processing /home/airflow/.local/lib/python3.12/site-packages/airflow/example_dags/example_task_group_decorator.py took 0.065 seconds
[2025-03-09T15:51:22.305+0000] {processor.py:186} INFO - Started process (PID=3584) to work on /home/airflow/.local/lib/python3.12/site-packages/airflow/example_dags/example_task_group_decorator.py
[2025-03-09T15:51:22.306+0000] {processor.py:914} INFO - Processing file /home/airflow/.local/lib/python3.12/site-packages/airflow/example_dags/example_task_group_decorator.py for tasks to queue
[2025-03-09T15:51:22.307+0000] {logging_mixin.py:190} INFO - [2025-03-09T15:51:22.307+0000] {dagbag.py:588} INFO - Filling up the DagBag from /home/airflow/.local/lib/python3.12/site-packages/airflow/example_dags/example_task_group_decorator.py
[2025-03-09T15:51:22.315+0000] {processor.py:925} INFO - DAG(s) 'example_task_group_decorator' retrieved from /home/airflow/.local/lib/python3.12/site-packages/airflow/example_dags/example_task_group_decorator.py
[2025-03-09T15:51:22.331+0000] {logging_mixin.py:190} INFO - [2025-03-09T15:51:22.331+0000] {dag.py:3239} INFO - Sync 1 DAGs
[2025-03-09T15:51:22.340+0000] {logging_mixin.py:190} INFO - [2025-03-09T15:51:22.340+0000] {dag.py:4180} INFO - Setting next_dagrun for example_task_group_decorator to None, run_after=None
[2025-03-09T15:51:22.353+0000] {processor.py:208} INFO - Processing /home/airflow/.local/lib/python3.12/site-packages/airflow/example_dags/example_task_group_decorator.py took 0.051 seconds
[2025-03-09T15:51:53.181+0000] {processor.py:186} INFO - Started process (PID=3908) to work on /home/airflow/.local/lib/python3.12/site-packages/airflow/example_dags/example_task_group_decorator.py
[2025-03-09T15:51:53.181+0000] {processor.py:914} INFO - Processing file /home/airflow/.local/lib/python3.12/site-packages/airflow/example_dags/example_task_group_decorator.py for tasks to queue
[2025-03-09T15:51:53.183+0000] {logging_mixin.py:190} INFO - [2025-03-09T15:51:53.182+0000] {dagbag.py:588} INFO - Filling up the DagBag from /home/airflow/.local/lib/python3.12/site-packages/airflow/example_dags/example_task_group_decorator.py
[2025-03-09T15:51:53.191+0000] {processor.py:925} INFO - DAG(s) 'example_task_group_decorator' retrieved from /home/airflow/.local/lib/python3.12/site-packages/airflow/example_dags/example_task_group_decorator.py
[2025-03-09T15:51:53.211+0000] {logging_mixin.py:190} INFO - [2025-03-09T15:51:53.211+0000] {dag.py:3239} INFO - Sync 1 DAGs
[2025-03-09T15:51:53.222+0000] {logging_mixin.py:190} INFO - [2025-03-09T15:51:53.222+0000] {dag.py:4180} INFO - Setting next_dagrun for example_task_group_decorator to None, run_after=None
[2025-03-09T15:51:53.243+0000] {processor.py:208} INFO - Processing /home/airflow/.local/lib/python3.12/site-packages/airflow/example_dags/example_task_group_decorator.py took 0.066 seconds
[2025-03-09T15:52:24.225+0000] {processor.py:186} INFO - Started process (PID=4234) to work on /home/airflow/.local/lib/python3.12/site-packages/airflow/example_dags/example_task_group_decorator.py
[2025-03-09T15:52:24.226+0000] {processor.py:914} INFO - Processing file /home/airflow/.local/lib/python3.12/site-packages/airflow/example_dags/example_task_group_decorator.py for tasks to queue
[2025-03-09T15:52:24.228+0000] {logging_mixin.py:190} INFO - [2025-03-09T15:52:24.227+0000] {dagbag.py:588} INFO - Filling up the DagBag from /home/airflow/.local/lib/python3.12/site-packages/airflow/example_dags/example_task_group_decorator.py
[2025-03-09T15:52:24.240+0000] {processor.py:925} INFO - DAG(s) 'example_task_group_decorator' retrieved from /home/airflow/.local/lib/python3.12/site-packages/airflow/example_dags/example_task_group_decorator.py
[2025-03-09T15:52:24.256+0000] {logging_mixin.py:190} INFO - [2025-03-09T15:52:24.256+0000] {dag.py:3239} INFO - Sync 1 DAGs
[2025-03-09T15:52:24.264+0000] {logging_mixin.py:190} INFO - [2025-03-09T15:52:24.264+0000] {dag.py:4180} INFO - Setting next_dagrun for example_task_group_decorator to None, run_after=None
[2025-03-09T15:52:24.276+0000] {processor.py:208} INFO - Processing /home/airflow/.local/lib/python3.12/site-packages/airflow/example_dags/example_task_group_decorator.py took 0.056 seconds
[2025-03-09T15:52:54.973+0000] {processor.py:186} INFO - Started process (PID=4560) to work on /home/airflow/.local/lib/python3.12/site-packages/airflow/example_dags/example_task_group_decorator.py
[2025-03-09T15:52:54.974+0000] {processor.py:914} INFO - Processing file /home/airflow/.local/lib/python3.12/site-packages/airflow/example_dags/example_task_group_decorator.py for tasks to queue
[2025-03-09T15:52:54.975+0000] {logging_mixin.py:190} INFO - [2025-03-09T15:52:54.975+0000] {dagbag.py:588} INFO - Filling up the DagBag from /home/airflow/.local/lib/python3.12/site-packages/airflow/example_dags/example_task_group_decorator.py
[2025-03-09T15:52:54.985+0000] {processor.py:925} INFO - DAG(s) 'example_task_group_decorator' retrieved from /home/airflow/.local/lib/python3.12/site-packages/airflow/example_dags/example_task_group_decorator.py
[2025-03-09T15:52:55.003+0000] {logging_mixin.py:190} INFO - [2025-03-09T15:52:55.002+0000] {dag.py:3239} INFO - Sync 1 DAGs
[2025-03-09T15:52:55.015+0000] {logging_mixin.py:190} INFO - [2025-03-09T15:52:55.015+0000] {dag.py:4180} INFO - Setting next_dagrun for example_task_group_decorator to None, run_after=None
[2025-03-09T15:52:55.029+0000] {processor.py:208} INFO - Processing /home/airflow/.local/lib/python3.12/site-packages/airflow/example_dags/example_task_group_decorator.py took 0.060 seconds
[2025-03-09T15:53:25.630+0000] {processor.py:186} INFO - Started process (PID=4888) to work on /home/airflow/.local/lib/python3.12/site-packages/airflow/example_dags/example_task_group_decorator.py
[2025-03-09T15:53:25.631+0000] {processor.py:914} INFO - Processing file /home/airflow/.local/lib/python3.12/site-packages/airflow/example_dags/example_task_group_decorator.py for tasks to queue
[2025-03-09T15:53:25.632+0000] {logging_mixin.py:190} INFO - [2025-03-09T15:53:25.632+0000] {dagbag.py:588} INFO - Filling up the DagBag from /home/airflow/.local/lib/python3.12/site-packages/airflow/example_dags/example_task_group_decorator.py
[2025-03-09T15:53:25.642+0000] {processor.py:925} INFO - DAG(s) 'example_task_group_decorator' retrieved from /home/airflow/.local/lib/python3.12/site-packages/airflow/example_dags/example_task_group_decorator.py
[2025-03-09T15:53:25.658+0000] {logging_mixin.py:190} INFO - [2025-03-09T15:53:25.658+0000] {dag.py:3239} INFO - Sync 1 DAGs
[2025-03-09T15:53:25.666+0000] {logging_mixin.py:190} INFO - [2025-03-09T15:53:25.666+0000] {dag.py:4180} INFO - Setting next_dagrun for example_task_group_decorator to None, run_after=None
[2025-03-09T15:53:25.680+0000] {processor.py:208} INFO - Processing /home/airflow/.local/lib/python3.12/site-packages/airflow/example_dags/example_task_group_decorator.py took 0.055 seconds
[2025-03-09T15:53:56.285+0000] {processor.py:186} INFO - Started process (PID=5211) to work on /home/airflow/.local/lib/python3.12/site-packages/airflow/example_dags/example_task_group_decorator.py
[2025-03-09T15:53:56.286+0000] {processor.py:914} INFO - Processing file /home/airflow/.local/lib/python3.12/site-packages/airflow/example_dags/example_task_group_decorator.py for tasks to queue
[2025-03-09T15:53:56.288+0000] {logging_mixin.py:190} INFO - [2025-03-09T15:53:56.287+0000] {dagbag.py:588} INFO - Filling up the DagBag from /home/airflow/.local/lib/python3.12/site-packages/airflow/example_dags/example_task_group_decorator.py
[2025-03-09T15:53:56.298+0000] {processor.py:925} INFO - DAG(s) 'example_task_group_decorator' retrieved from /home/airflow/.local/lib/python3.12/site-packages/airflow/example_dags/example_task_group_decorator.py
[2025-03-09T15:53:56.314+0000] {logging_mixin.py:190} INFO - [2025-03-09T15:53:56.314+0000] {dag.py:3239} INFO - Sync 1 DAGs
[2025-03-09T15:53:56.323+0000] {logging_mixin.py:190} INFO - [2025-03-09T15:53:56.322+0000] {dag.py:4180} INFO - Setting next_dagrun for example_task_group_decorator to None, run_after=None
[2025-03-09T15:53:56.335+0000] {processor.py:208} INFO - Processing /home/airflow/.local/lib/python3.12/site-packages/airflow/example_dags/example_task_group_decorator.py took 0.055 seconds
[2025-03-09T15:54:27.203+0000] {processor.py:186} INFO - Started process (PID=5537) to work on /home/airflow/.local/lib/python3.12/site-packages/airflow/example_dags/example_task_group_decorator.py
[2025-03-09T15:54:27.203+0000] {processor.py:914} INFO - Processing file /home/airflow/.local/lib/python3.12/site-packages/airflow/example_dags/example_task_group_decorator.py for tasks to queue
[2025-03-09T15:54:27.205+0000] {logging_mixin.py:190} INFO - [2025-03-09T15:54:27.204+0000] {dagbag.py:588} INFO - Filling up the DagBag from /home/airflow/.local/lib/python3.12/site-packages/airflow/example_dags/example_task_group_decorator.py
[2025-03-09T15:54:27.214+0000] {processor.py:925} INFO - DAG(s) 'example_task_group_decorator' retrieved from /home/airflow/.local/lib/python3.12/site-packages/airflow/example_dags/example_task_group_decorator.py
[2025-03-09T15:54:27.230+0000] {logging_mixin.py:190} INFO - [2025-03-09T15:54:27.230+0000] {dag.py:3239} INFO - Sync 1 DAGs
[2025-03-09T15:54:27.238+0000] {logging_mixin.py:190} INFO - [2025-03-09T15:54:27.238+0000] {dag.py:4180} INFO - Setting next_dagrun for example_task_group_decorator to None, run_after=None
[2025-03-09T15:54:27.253+0000] {processor.py:208} INFO - Processing /home/airflow/.local/lib/python3.12/site-packages/airflow/example_dags/example_task_group_decorator.py took 0.054 seconds
[2025-03-09T15:54:57.883+0000] {processor.py:186} INFO - Started process (PID=5863) to work on /home/airflow/.local/lib/python3.12/site-packages/airflow/example_dags/example_task_group_decorator.py
[2025-03-09T15:54:57.883+0000] {processor.py:914} INFO - Processing file /home/airflow/.local/lib/python3.12/site-packages/airflow/example_dags/example_task_group_decorator.py for tasks to queue
[2025-03-09T15:54:57.885+0000] {logging_mixin.py:190} INFO - [2025-03-09T15:54:57.885+0000] {dagbag.py:588} INFO - Filling up the DagBag from /home/airflow/.local/lib/python3.12/site-packages/airflow/example_dags/example_task_group_decorator.py
[2025-03-09T15:54:57.900+0000] {processor.py:925} INFO - DAG(s) 'example_task_group_decorator' retrieved from /home/airflow/.local/lib/python3.12/site-packages/airflow/example_dags/example_task_group_decorator.py
[2025-03-09T15:54:57.916+0000] {logging_mixin.py:190} INFO - [2025-03-09T15:54:57.916+0000] {dag.py:3239} INFO - Sync 1 DAGs
[2025-03-09T15:54:57.924+0000] {logging_mixin.py:190} INFO - [2025-03-09T15:54:57.924+0000] {dag.py:4180} INFO - Setting next_dagrun for example_task_group_decorator to None, run_after=None
[2025-03-09T15:54:57.938+0000] {processor.py:208} INFO - Processing /home/airflow/.local/lib/python3.12/site-packages/airflow/example_dags/example_task_group_decorator.py took 0.064 seconds
[2025-03-09T15:55:28.639+0000] {processor.py:186} INFO - Started process (PID=6189) to work on /home/airflow/.local/lib/python3.12/site-packages/airflow/example_dags/example_task_group_decorator.py
[2025-03-09T15:55:28.639+0000] {processor.py:914} INFO - Processing file /home/airflow/.local/lib/python3.12/site-packages/airflow/example_dags/example_task_group_decorator.py for tasks to queue
[2025-03-09T15:55:28.641+0000] {logging_mixin.py:190} INFO - [2025-03-09T15:55:28.640+0000] {dagbag.py:588} INFO - Filling up the DagBag from /home/airflow/.local/lib/python3.12/site-packages/airflow/example_dags/example_task_group_decorator.py
[2025-03-09T15:55:28.650+0000] {processor.py:925} INFO - DAG(s) 'example_task_group_decorator' retrieved from /home/airflow/.local/lib/python3.12/site-packages/airflow/example_dags/example_task_group_decorator.py
[2025-03-09T15:55:28.666+0000] {logging_mixin.py:190} INFO - [2025-03-09T15:55:28.666+0000] {dag.py:3239} INFO - Sync 1 DAGs
[2025-03-09T15:55:28.674+0000] {logging_mixin.py:190} INFO - [2025-03-09T15:55:28.674+0000] {dag.py:4180} INFO - Setting next_dagrun for example_task_group_decorator to None, run_after=None
[2025-03-09T15:55:28.686+0000] {processor.py:208} INFO - Processing /home/airflow/.local/lib/python3.12/site-packages/airflow/example_dags/example_task_group_decorator.py took 0.051 seconds
[2025-03-09T15:55:59.868+0000] {processor.py:186} INFO - Started process (PID=6515) to work on /home/airflow/.local/lib/python3.12/site-packages/airflow/example_dags/example_task_group_decorator.py
[2025-03-09T15:55:59.869+0000] {processor.py:914} INFO - Processing file /home/airflow/.local/lib/python3.12/site-packages/airflow/example_dags/example_task_group_decorator.py for tasks to queue
[2025-03-09T15:55:59.871+0000] {logging_mixin.py:190} INFO - [2025-03-09T15:55:59.871+0000] {dagbag.py:588} INFO - Filling up the DagBag from /home/airflow/.local/lib/python3.12/site-packages/airflow/example_dags/example_task_group_decorator.py
[2025-03-09T15:55:59.890+0000] {processor.py:925} INFO - DAG(s) 'example_task_group_decorator' retrieved from /home/airflow/.local/lib/python3.12/site-packages/airflow/example_dags/example_task_group_decorator.py
[2025-03-09T15:55:59.913+0000] {logging_mixin.py:190} INFO - [2025-03-09T15:55:59.913+0000] {dag.py:3239} INFO - Sync 1 DAGs
[2025-03-09T15:55:59.922+0000] {logging_mixin.py:190} INFO - [2025-03-09T15:55:59.922+0000] {dag.py:4180} INFO - Setting next_dagrun for example_task_group_decorator to None, run_after=None
[2025-03-09T15:55:59.938+0000] {processor.py:208} INFO - Processing /home/airflow/.local/lib/python3.12/site-packages/airflow/example_dags/example_task_group_decorator.py took 0.076 seconds
[2025-03-09T15:56:30.600+0000] {processor.py:186} INFO - Started process (PID=6841) to work on /home/airflow/.local/lib/python3.12/site-packages/airflow/example_dags/example_task_group_decorator.py
[2025-03-09T15:56:30.601+0000] {processor.py:914} INFO - Processing file /home/airflow/.local/lib/python3.12/site-packages/airflow/example_dags/example_task_group_decorator.py for tasks to queue
[2025-03-09T15:56:30.603+0000] {logging_mixin.py:190} INFO - [2025-03-09T15:56:30.602+0000] {dagbag.py:588} INFO - Filling up the DagBag from /home/airflow/.local/lib/python3.12/site-packages/airflow/example_dags/example_task_group_decorator.py
[2025-03-09T15:56:30.613+0000] {processor.py:925} INFO - DAG(s) 'example_task_group_decorator' retrieved from /home/airflow/.local/lib/python3.12/site-packages/airflow/example_dags/example_task_group_decorator.py
[2025-03-09T15:56:30.628+0000] {logging_mixin.py:190} INFO - [2025-03-09T15:56:30.628+0000] {dag.py:3239} INFO - Sync 1 DAGs
[2025-03-09T15:56:30.636+0000] {logging_mixin.py:190} INFO - [2025-03-09T15:56:30.636+0000] {dag.py:4180} INFO - Setting next_dagrun for example_task_group_decorator to None, run_after=None
[2025-03-09T15:56:30.652+0000] {processor.py:208} INFO - Processing /home/airflow/.local/lib/python3.12/site-packages/airflow/example_dags/example_task_group_decorator.py took 0.056 seconds
[2025-03-09T15:57:01.326+0000] {processor.py:186} INFO - Started process (PID=7169) to work on /home/airflow/.local/lib/python3.12/site-packages/airflow/example_dags/example_task_group_decorator.py
[2025-03-09T15:57:01.327+0000] {processor.py:914} INFO - Processing file /home/airflow/.local/lib/python3.12/site-packages/airflow/example_dags/example_task_group_decorator.py for tasks to queue
[2025-03-09T15:57:01.328+0000] {logging_mixin.py:190} INFO - [2025-03-09T15:57:01.328+0000] {dagbag.py:588} INFO - Filling up the DagBag from /home/airflow/.local/lib/python3.12/site-packages/airflow/example_dags/example_task_group_decorator.py
[2025-03-09T15:57:01.337+0000] {processor.py:925} INFO - DAG(s) 'example_task_group_decorator' retrieved from /home/airflow/.local/lib/python3.12/site-packages/airflow/example_dags/example_task_group_decorator.py
[2025-03-09T15:57:01.353+0000] {logging_mixin.py:190} INFO - [2025-03-09T15:57:01.353+0000] {dag.py:3239} INFO - Sync 1 DAGs
[2025-03-09T15:57:01.363+0000] {logging_mixin.py:190} INFO - [2025-03-09T15:57:01.363+0000] {dag.py:4180} INFO - Setting next_dagrun for example_task_group_decorator to None, run_after=None
[2025-03-09T15:57:01.378+0000] {processor.py:208} INFO - Processing /home/airflow/.local/lib/python3.12/site-packages/airflow/example_dags/example_task_group_decorator.py took 0.056 seconds
[2025-03-09T15:57:32.192+0000] {processor.py:186} INFO - Started process (PID=7494) to work on /home/airflow/.local/lib/python3.12/site-packages/airflow/example_dags/example_task_group_decorator.py
[2025-03-09T15:57:32.193+0000] {processor.py:914} INFO - Processing file /home/airflow/.local/lib/python3.12/site-packages/airflow/example_dags/example_task_group_decorator.py for tasks to queue
[2025-03-09T15:57:32.195+0000] {logging_mixin.py:190} INFO - [2025-03-09T15:57:32.195+0000] {dagbag.py:588} INFO - Filling up the DagBag from /home/airflow/.local/lib/python3.12/site-packages/airflow/example_dags/example_task_group_decorator.py
[2025-03-09T15:57:32.204+0000] {processor.py:925} INFO - DAG(s) 'example_task_group_decorator' retrieved from /home/airflow/.local/lib/python3.12/site-packages/airflow/example_dags/example_task_group_decorator.py
[2025-03-09T15:57:32.220+0000] {logging_mixin.py:190} INFO - [2025-03-09T15:57:32.219+0000] {dag.py:3239} INFO - Sync 1 DAGs
[2025-03-09T15:57:32.228+0000] {logging_mixin.py:190} INFO - [2025-03-09T15:57:32.228+0000] {dag.py:4180} INFO - Setting next_dagrun for example_task_group_decorator to None, run_after=None
[2025-03-09T15:57:32.241+0000] {processor.py:208} INFO - Processing /home/airflow/.local/lib/python3.12/site-packages/airflow/example_dags/example_task_group_decorator.py took 0.054 seconds
[2025-03-09T15:58:03.202+0000] {processor.py:186} INFO - Started process (PID=7819) to work on /home/airflow/.local/lib/python3.12/site-packages/airflow/example_dags/example_task_group_decorator.py
[2025-03-09T15:58:03.203+0000] {processor.py:914} INFO - Processing file /home/airflow/.local/lib/python3.12/site-packages/airflow/example_dags/example_task_group_decorator.py for tasks to queue
[2025-03-09T15:58:03.204+0000] {logging_mixin.py:190} INFO - [2025-03-09T15:58:03.204+0000] {dagbag.py:588} INFO - Filling up the DagBag from /home/airflow/.local/lib/python3.12/site-packages/airflow/example_dags/example_task_group_decorator.py
[2025-03-09T15:58:03.213+0000] {processor.py:925} INFO - DAG(s) 'example_task_group_decorator' retrieved from /home/airflow/.local/lib/python3.12/site-packages/airflow/example_dags/example_task_group_decorator.py
[2025-03-09T15:58:03.235+0000] {logging_mixin.py:190} INFO - [2025-03-09T15:58:03.235+0000] {dag.py:3239} INFO - Sync 1 DAGs
[2025-03-09T15:58:03.247+0000] {logging_mixin.py:190} INFO - [2025-03-09T15:58:03.247+0000] {dag.py:4180} INFO - Setting next_dagrun for example_task_group_decorator to None, run_after=None
[2025-03-09T15:58:03.267+0000] {processor.py:208} INFO - Processing /home/airflow/.local/lib/python3.12/site-packages/airflow/example_dags/example_task_group_decorator.py took 0.072 seconds
[2025-03-09T15:58:34.179+0000] {processor.py:186} INFO - Started process (PID=8145) to work on /home/airflow/.local/lib/python3.12/site-packages/airflow/example_dags/example_task_group_decorator.py
[2025-03-09T15:58:34.180+0000] {processor.py:914} INFO - Processing file /home/airflow/.local/lib/python3.12/site-packages/airflow/example_dags/example_task_group_decorator.py for tasks to queue
[2025-03-09T15:58:34.181+0000] {logging_mixin.py:190} INFO - [2025-03-09T15:58:34.181+0000] {dagbag.py:588} INFO - Filling up the DagBag from /home/airflow/.local/lib/python3.12/site-packages/airflow/example_dags/example_task_group_decorator.py
[2025-03-09T15:58:34.193+0000] {processor.py:925} INFO - DAG(s) 'example_task_group_decorator' retrieved from /home/airflow/.local/lib/python3.12/site-packages/airflow/example_dags/example_task_group_decorator.py
[2025-03-09T15:58:34.213+0000] {logging_mixin.py:190} INFO - [2025-03-09T15:58:34.212+0000] {dag.py:3239} INFO - Sync 1 DAGs
[2025-03-09T15:58:34.221+0000] {logging_mixin.py:190} INFO - [2025-03-09T15:58:34.221+0000] {dag.py:4180} INFO - Setting next_dagrun for example_task_group_decorator to None, run_after=None
[2025-03-09T15:58:34.237+0000] {processor.py:208} INFO - Processing /home/airflow/.local/lib/python3.12/site-packages/airflow/example_dags/example_task_group_decorator.py took 0.063 seconds
[2025-03-09T15:59:04.559+0000] {processor.py:186} INFO - Started process (PID=8473) to work on /home/airflow/.local/lib/python3.12/site-packages/airflow/example_dags/example_task_group_decorator.py
[2025-03-09T15:59:04.559+0000] {processor.py:914} INFO - Processing file /home/airflow/.local/lib/python3.12/site-packages/airflow/example_dags/example_task_group_decorator.py for tasks to queue
[2025-03-09T15:59:04.561+0000] {logging_mixin.py:190} INFO - [2025-03-09T15:59:04.560+0000] {dagbag.py:588} INFO - Filling up the DagBag from /home/airflow/.local/lib/python3.12/site-packages/airflow/example_dags/example_task_group_decorator.py
[2025-03-09T15:59:04.569+0000] {processor.py:925} INFO - DAG(s) 'example_task_group_decorator' retrieved from /home/airflow/.local/lib/python3.12/site-packages/airflow/example_dags/example_task_group_decorator.py
[2025-03-09T15:59:04.587+0000] {logging_mixin.py:190} INFO - [2025-03-09T15:59:04.587+0000] {dag.py:3239} INFO - Sync 1 DAGs
[2025-03-09T15:59:04.600+0000] {logging_mixin.py:190} INFO - [2025-03-09T15:59:04.599+0000] {dag.py:4180} INFO - Setting next_dagrun for example_task_group_decorator to None, run_after=None
[2025-03-09T15:59:04.616+0000] {processor.py:208} INFO - Processing /home/airflow/.local/lib/python3.12/site-packages/airflow/example_dags/example_task_group_decorator.py took 0.060 seconds
[2025-03-09T15:59:35.405+0000] {processor.py:186} INFO - Started process (PID=8797) to work on /home/airflow/.local/lib/python3.12/site-packages/airflow/example_dags/example_task_group_decorator.py
[2025-03-09T15:59:35.405+0000] {processor.py:914} INFO - Processing file /home/airflow/.local/lib/python3.12/site-packages/airflow/example_dags/example_task_group_decorator.py for tasks to queue
[2025-03-09T15:59:35.407+0000] {logging_mixin.py:190} INFO - [2025-03-09T15:59:35.406+0000] {dagbag.py:588} INFO - Filling up the DagBag from /home/airflow/.local/lib/python3.12/site-packages/airflow/example_dags/example_task_group_decorator.py
[2025-03-09T15:59:35.416+0000] {processor.py:925} INFO - DAG(s) 'example_task_group_decorator' retrieved from /home/airflow/.local/lib/python3.12/site-packages/airflow/example_dags/example_task_group_decorator.py
[2025-03-09T15:59:35.433+0000] {logging_mixin.py:190} INFO - [2025-03-09T15:59:35.433+0000] {dag.py:3239} INFO - Sync 1 DAGs
[2025-03-09T15:59:35.442+0000] {logging_mixin.py:190} INFO - [2025-03-09T15:59:35.442+0000] {dag.py:4180} INFO - Setting next_dagrun for example_task_group_decorator to None, run_after=None
[2025-03-09T15:59:35.455+0000] {processor.py:208} INFO - Processing /home/airflow/.local/lib/python3.12/site-packages/airflow/example_dags/example_task_group_decorator.py took 0.054 seconds
[2025-03-09T16:00:06.164+0000] {processor.py:186} INFO - Started process (PID=9123) to work on /home/airflow/.local/lib/python3.12/site-packages/airflow/example_dags/example_task_group_decorator.py
[2025-03-09T16:00:06.164+0000] {processor.py:914} INFO - Processing file /home/airflow/.local/lib/python3.12/site-packages/airflow/example_dags/example_task_group_decorator.py for tasks to queue
[2025-03-09T16:00:06.165+0000] {logging_mixin.py:190} INFO - [2025-03-09T16:00:06.165+0000] {dagbag.py:588} INFO - Filling up the DagBag from /home/airflow/.local/lib/python3.12/site-packages/airflow/example_dags/example_task_group_decorator.py
[2025-03-09T16:00:06.175+0000] {processor.py:925} INFO - DAG(s) 'example_task_group_decorator' retrieved from /home/airflow/.local/lib/python3.12/site-packages/airflow/example_dags/example_task_group_decorator.py
[2025-03-09T16:00:06.193+0000] {logging_mixin.py:190} INFO - [2025-03-09T16:00:06.193+0000] {dag.py:3239} INFO - Sync 1 DAGs
[2025-03-09T16:00:06.203+0000] {logging_mixin.py:190} INFO - [2025-03-09T16:00:06.203+0000] {dag.py:4180} INFO - Setting next_dagrun for example_task_group_decorator to None, run_after=None
[2025-03-09T16:00:06.219+0000] {processor.py:208} INFO - Processing /home/airflow/.local/lib/python3.12/site-packages/airflow/example_dags/example_task_group_decorator.py took 0.059 seconds
[2025-03-09T16:00:36.663+0000] {processor.py:186} INFO - Started process (PID=9449) to work on /home/airflow/.local/lib/python3.12/site-packages/airflow/example_dags/example_task_group_decorator.py
[2025-03-09T16:00:36.663+0000] {processor.py:914} INFO - Processing file /home/airflow/.local/lib/python3.12/site-packages/airflow/example_dags/example_task_group_decorator.py for tasks to queue
[2025-03-09T16:00:36.664+0000] {logging_mixin.py:190} INFO - [2025-03-09T16:00:36.664+0000] {dagbag.py:588} INFO - Filling up the DagBag from /home/airflow/.local/lib/python3.12/site-packages/airflow/example_dags/example_task_group_decorator.py
[2025-03-09T16:00:36.673+0000] {processor.py:925} INFO - DAG(s) 'example_task_group_decorator' retrieved from /home/airflow/.local/lib/python3.12/site-packages/airflow/example_dags/example_task_group_decorator.py
[2025-03-09T16:00:36.694+0000] {logging_mixin.py:190} INFO - [2025-03-09T16:00:36.694+0000] {dag.py:3239} INFO - Sync 1 DAGs
[2025-03-09T16:00:36.704+0000] {logging_mixin.py:190} INFO - [2025-03-09T16:00:36.704+0000] {dag.py:4180} INFO - Setting next_dagrun for example_task_group_decorator to None, run_after=None
[2025-03-09T16:00:36.717+0000] {processor.py:208} INFO - Processing /home/airflow/.local/lib/python3.12/site-packages/airflow/example_dags/example_task_group_decorator.py took 0.058 seconds
[2025-03-09T16:01:07.257+0000] {processor.py:186} INFO - Started process (PID=9775) to work on /home/airflow/.local/lib/python3.12/site-packages/airflow/example_dags/example_task_group_decorator.py
[2025-03-09T16:01:07.257+0000] {processor.py:914} INFO - Processing file /home/airflow/.local/lib/python3.12/site-packages/airflow/example_dags/example_task_group_decorator.py for tasks to queue
[2025-03-09T16:01:07.259+0000] {logging_mixin.py:190} INFO - [2025-03-09T16:01:07.259+0000] {dagbag.py:588} INFO - Filling up the DagBag from /home/airflow/.local/lib/python3.12/site-packages/airflow/example_dags/example_task_group_decorator.py
[2025-03-09T16:01:07.269+0000] {processor.py:925} INFO - DAG(s) 'example_task_group_decorator' retrieved from /home/airflow/.local/lib/python3.12/site-packages/airflow/example_dags/example_task_group_decorator.py
[2025-03-09T16:01:07.288+0000] {logging_mixin.py:190} INFO - [2025-03-09T16:01:07.288+0000] {dag.py:3239} INFO - Sync 1 DAGs
[2025-03-09T16:01:07.299+0000] {logging_mixin.py:190} INFO - [2025-03-09T16:01:07.299+0000] {dag.py:4180} INFO - Setting next_dagrun for example_task_group_decorator to None, run_after=None
[2025-03-09T16:01:07.317+0000] {processor.py:208} INFO - Processing /home/airflow/.local/lib/python3.12/site-packages/airflow/example_dags/example_task_group_decorator.py took 0.064 seconds
[2025-03-09T16:01:37.869+0000] {processor.py:186} INFO - Started process (PID=10101) to work on /home/airflow/.local/lib/python3.12/site-packages/airflow/example_dags/example_task_group_decorator.py
[2025-03-09T16:01:37.870+0000] {processor.py:914} INFO - Processing file /home/airflow/.local/lib/python3.12/site-packages/airflow/example_dags/example_task_group_decorator.py for tasks to queue
[2025-03-09T16:01:37.871+0000] {logging_mixin.py:190} INFO - [2025-03-09T16:01:37.871+0000] {dagbag.py:588} INFO - Filling up the DagBag from /home/airflow/.local/lib/python3.12/site-packages/airflow/example_dags/example_task_group_decorator.py
[2025-03-09T16:01:37.880+0000] {processor.py:925} INFO - DAG(s) 'example_task_group_decorator' retrieved from /home/airflow/.local/lib/python3.12/site-packages/airflow/example_dags/example_task_group_decorator.py
[2025-03-09T16:01:37.894+0000] {logging_mixin.py:190} INFO - [2025-03-09T16:01:37.894+0000] {dag.py:3239} INFO - Sync 1 DAGs
[2025-03-09T16:01:37.903+0000] {logging_mixin.py:190} INFO - [2025-03-09T16:01:37.902+0000] {dag.py:4180} INFO - Setting next_dagrun for example_task_group_decorator to None, run_after=None
[2025-03-09T16:01:37.917+0000] {processor.py:208} INFO - Processing /home/airflow/.local/lib/python3.12/site-packages/airflow/example_dags/example_task_group_decorator.py took 0.051 seconds
[2025-03-09T16:02:08.418+0000] {processor.py:186} INFO - Started process (PID=10427) to work on /home/airflow/.local/lib/python3.12/site-packages/airflow/example_dags/example_task_group_decorator.py
[2025-03-09T16:02:08.418+0000] {processor.py:914} INFO - Processing file /home/airflow/.local/lib/python3.12/site-packages/airflow/example_dags/example_task_group_decorator.py for tasks to queue
[2025-03-09T16:02:08.419+0000] {logging_mixin.py:190} INFO - [2025-03-09T16:02:08.419+0000] {dagbag.py:588} INFO - Filling up the DagBag from /home/airflow/.local/lib/python3.12/site-packages/airflow/example_dags/example_task_group_decorator.py
[2025-03-09T16:02:08.429+0000] {processor.py:925} INFO - DAG(s) 'example_task_group_decorator' retrieved from /home/airflow/.local/lib/python3.12/site-packages/airflow/example_dags/example_task_group_decorator.py
[2025-03-09T16:02:08.447+0000] {logging_mixin.py:190} INFO - [2025-03-09T16:02:08.446+0000] {dag.py:3239} INFO - Sync 1 DAGs
[2025-03-09T16:02:08.457+0000] {logging_mixin.py:190} INFO - [2025-03-09T16:02:08.456+0000] {dag.py:4180} INFO - Setting next_dagrun for example_task_group_decorator to None, run_after=None
[2025-03-09T16:02:08.475+0000] {processor.py:208} INFO - Processing /home/airflow/.local/lib/python3.12/site-packages/airflow/example_dags/example_task_group_decorator.py took 0.062 seconds
[2025-03-09T16:02:39.243+0000] {processor.py:186} INFO - Started process (PID=10753) to work on /home/airflow/.local/lib/python3.12/site-packages/airflow/example_dags/example_task_group_decorator.py
[2025-03-09T16:02:39.244+0000] {processor.py:914} INFO - Processing file /home/airflow/.local/lib/python3.12/site-packages/airflow/example_dags/example_task_group_decorator.py for tasks to queue
[2025-03-09T16:02:39.245+0000] {logging_mixin.py:190} INFO - [2025-03-09T16:02:39.245+0000] {dagbag.py:588} INFO - Filling up the DagBag from /home/airflow/.local/lib/python3.12/site-packages/airflow/example_dags/example_task_group_decorator.py
[2025-03-09T16:02:39.254+0000] {processor.py:925} INFO - DAG(s) 'example_task_group_decorator' retrieved from /home/airflow/.local/lib/python3.12/site-packages/airflow/example_dags/example_task_group_decorator.py
[2025-03-09T16:02:39.270+0000] {logging_mixin.py:190} INFO - [2025-03-09T16:02:39.270+0000] {dag.py:3239} INFO - Sync 1 DAGs
[2025-03-09T16:02:39.278+0000] {logging_mixin.py:190} INFO - [2025-03-09T16:02:39.278+0000] {dag.py:4180} INFO - Setting next_dagrun for example_task_group_decorator to None, run_after=None
[2025-03-09T16:02:39.297+0000] {processor.py:208} INFO - Processing /home/airflow/.local/lib/python3.12/site-packages/airflow/example_dags/example_task_group_decorator.py took 0.058 seconds
[2025-03-09T16:03:09.718+0000] {processor.py:186} INFO - Started process (PID=11079) to work on /home/airflow/.local/lib/python3.12/site-packages/airflow/example_dags/example_task_group_decorator.py
[2025-03-09T16:03:09.719+0000] {processor.py:914} INFO - Processing file /home/airflow/.local/lib/python3.12/site-packages/airflow/example_dags/example_task_group_decorator.py for tasks to queue
[2025-03-09T16:03:09.720+0000] {logging_mixin.py:190} INFO - [2025-03-09T16:03:09.720+0000] {dagbag.py:588} INFO - Filling up the DagBag from /home/airflow/.local/lib/python3.12/site-packages/airflow/example_dags/example_task_group_decorator.py
[2025-03-09T16:03:09.730+0000] {processor.py:925} INFO - DAG(s) 'example_task_group_decorator' retrieved from /home/airflow/.local/lib/python3.12/site-packages/airflow/example_dags/example_task_group_decorator.py
[2025-03-09T16:03:09.747+0000] {logging_mixin.py:190} INFO - [2025-03-09T16:03:09.746+0000] {dag.py:3239} INFO - Sync 1 DAGs
[2025-03-09T16:03:09.756+0000] {logging_mixin.py:190} INFO - [2025-03-09T16:03:09.756+0000] {dag.py:4180} INFO - Setting next_dagrun for example_task_group_decorator to None, run_after=None
[2025-03-09T16:03:09.771+0000] {processor.py:208} INFO - Processing /home/airflow/.local/lib/python3.12/site-packages/airflow/example_dags/example_task_group_decorator.py took 0.056 seconds
[2025-03-09T16:03:40.657+0000] {processor.py:186} INFO - Started process (PID=11405) to work on /home/airflow/.local/lib/python3.12/site-packages/airflow/example_dags/example_task_group_decorator.py
[2025-03-09T16:03:40.657+0000] {processor.py:914} INFO - Processing file /home/airflow/.local/lib/python3.12/site-packages/airflow/example_dags/example_task_group_decorator.py for tasks to queue
[2025-03-09T16:03:40.659+0000] {logging_mixin.py:190} INFO - [2025-03-09T16:03:40.658+0000] {dagbag.py:588} INFO - Filling up the DagBag from /home/airflow/.local/lib/python3.12/site-packages/airflow/example_dags/example_task_group_decorator.py
[2025-03-09T16:03:40.668+0000] {processor.py:925} INFO - DAG(s) 'example_task_group_decorator' retrieved from /home/airflow/.local/lib/python3.12/site-packages/airflow/example_dags/example_task_group_decorator.py
[2025-03-09T16:03:40.686+0000] {logging_mixin.py:190} INFO - [2025-03-09T16:03:40.686+0000] {dag.py:3239} INFO - Sync 1 DAGs
[2025-03-09T16:03:40.695+0000] {logging_mixin.py:190} INFO - [2025-03-09T16:03:40.695+0000] {dag.py:4180} INFO - Setting next_dagrun for example_task_group_decorator to None, run_after=None
[2025-03-09T16:03:40.712+0000] {processor.py:208} INFO - Processing /home/airflow/.local/lib/python3.12/site-packages/airflow/example_dags/example_task_group_decorator.py took 0.059 seconds
[2025-03-09T16:04:11.330+0000] {processor.py:186} INFO - Started process (PID=11731) to work on /home/airflow/.local/lib/python3.12/site-packages/airflow/example_dags/example_task_group_decorator.py
[2025-03-09T16:04:11.331+0000] {processor.py:914} INFO - Processing file /home/airflow/.local/lib/python3.12/site-packages/airflow/example_dags/example_task_group_decorator.py for tasks to queue
[2025-03-09T16:04:11.332+0000] {logging_mixin.py:190} INFO - [2025-03-09T16:04:11.332+0000] {dagbag.py:588} INFO - Filling up the DagBag from /home/airflow/.local/lib/python3.12/site-packages/airflow/example_dags/example_task_group_decorator.py
[2025-03-09T16:04:11.341+0000] {processor.py:925} INFO - DAG(s) 'example_task_group_decorator' retrieved from /home/airflow/.local/lib/python3.12/site-packages/airflow/example_dags/example_task_group_decorator.py
[2025-03-09T16:04:11.358+0000] {logging_mixin.py:190} INFO - [2025-03-09T16:04:11.358+0000] {dag.py:3239} INFO - Sync 1 DAGs
[2025-03-09T16:04:11.367+0000] {logging_mixin.py:190} INFO - [2025-03-09T16:04:11.367+0000] {dag.py:4180} INFO - Setting next_dagrun for example_task_group_decorator to None, run_after=None
[2025-03-09T16:04:11.381+0000] {processor.py:208} INFO - Processing /home/airflow/.local/lib/python3.12/site-packages/airflow/example_dags/example_task_group_decorator.py took 0.055 seconds
[2025-03-09T16:04:42.229+0000] {processor.py:186} INFO - Started process (PID=12057) to work on /home/airflow/.local/lib/python3.12/site-packages/airflow/example_dags/example_task_group_decorator.py
[2025-03-09T16:04:42.229+0000] {processor.py:914} INFO - Processing file /home/airflow/.local/lib/python3.12/site-packages/airflow/example_dags/example_task_group_decorator.py for tasks to queue
[2025-03-09T16:04:42.231+0000] {logging_mixin.py:190} INFO - [2025-03-09T16:04:42.230+0000] {dagbag.py:588} INFO - Filling up the DagBag from /home/airflow/.local/lib/python3.12/site-packages/airflow/example_dags/example_task_group_decorator.py
[2025-03-09T16:04:42.240+0000] {processor.py:925} INFO - DAG(s) 'example_task_group_decorator' retrieved from /home/airflow/.local/lib/python3.12/site-packages/airflow/example_dags/example_task_group_decorator.py
[2025-03-09T16:04:42.257+0000] {logging_mixin.py:190} INFO - [2025-03-09T16:04:42.257+0000] {dag.py:3239} INFO - Sync 1 DAGs
[2025-03-09T16:04:42.266+0000] {logging_mixin.py:190} INFO - [2025-03-09T16:04:42.266+0000] {dag.py:4180} INFO - Setting next_dagrun for example_task_group_decorator to None, run_after=None
[2025-03-09T16:04:42.280+0000] {processor.py:208} INFO - Processing /home/airflow/.local/lib/python3.12/site-packages/airflow/example_dags/example_task_group_decorator.py took 0.055 seconds
[2025-03-09T16:05:13.211+0000] {processor.py:186} INFO - Started process (PID=12383) to work on /home/airflow/.local/lib/python3.12/site-packages/airflow/example_dags/example_task_group_decorator.py
[2025-03-09T16:05:13.212+0000] {processor.py:914} INFO - Processing file /home/airflow/.local/lib/python3.12/site-packages/airflow/example_dags/example_task_group_decorator.py for tasks to queue
[2025-03-09T16:05:13.213+0000] {logging_mixin.py:190} INFO - [2025-03-09T16:05:13.213+0000] {dagbag.py:588} INFO - Filling up the DagBag from /home/airflow/.local/lib/python3.12/site-packages/airflow/example_dags/example_task_group_decorator.py
[2025-03-09T16:05:13.222+0000] {processor.py:925} INFO - DAG(s) 'example_task_group_decorator' retrieved from /home/airflow/.local/lib/python3.12/site-packages/airflow/example_dags/example_task_group_decorator.py
[2025-03-09T16:05:13.243+0000] {logging_mixin.py:190} INFO - [2025-03-09T16:05:13.243+0000] {dag.py:3239} INFO - Sync 1 DAGs
[2025-03-09T16:05:13.253+0000] {logging_mixin.py:190} INFO - [2025-03-09T16:05:13.253+0000] {dag.py:4180} INFO - Setting next_dagrun for example_task_group_decorator to None, run_after=None
[2025-03-09T16:05:13.270+0000] {processor.py:208} INFO - Processing /home/airflow/.local/lib/python3.12/site-packages/airflow/example_dags/example_task_group_decorator.py took 0.063 seconds
[2025-03-09T16:05:43.892+0000] {processor.py:186} INFO - Started process (PID=12709) to work on /home/airflow/.local/lib/python3.12/site-packages/airflow/example_dags/example_task_group_decorator.py
[2025-03-09T16:05:43.893+0000] {processor.py:914} INFO - Processing file /home/airflow/.local/lib/python3.12/site-packages/airflow/example_dags/example_task_group_decorator.py for tasks to queue
[2025-03-09T16:05:43.894+0000] {logging_mixin.py:190} INFO - [2025-03-09T16:05:43.894+0000] {dagbag.py:588} INFO - Filling up the DagBag from /home/airflow/.local/lib/python3.12/site-packages/airflow/example_dags/example_task_group_decorator.py
[2025-03-09T16:05:43.903+0000] {processor.py:925} INFO - DAG(s) 'example_task_group_decorator' retrieved from /home/airflow/.local/lib/python3.12/site-packages/airflow/example_dags/example_task_group_decorator.py
[2025-03-09T16:05:43.925+0000] {logging_mixin.py:190} INFO - [2025-03-09T16:05:43.925+0000] {dag.py:3239} INFO - Sync 1 DAGs
[2025-03-09T16:05:43.934+0000] {logging_mixin.py:190} INFO - [2025-03-09T16:05:43.934+0000] {dag.py:4180} INFO - Setting next_dagrun for example_task_group_decorator to None, run_after=None
[2025-03-09T16:05:43.948+0000] {processor.py:208} INFO - Processing /home/airflow/.local/lib/python3.12/site-packages/airflow/example_dags/example_task_group_decorator.py took 0.062 seconds
[2025-03-09T16:06:14.495+0000] {processor.py:186} INFO - Started process (PID=13035) to work on /home/airflow/.local/lib/python3.12/site-packages/airflow/example_dags/example_task_group_decorator.py
[2025-03-09T16:06:14.496+0000] {processor.py:914} INFO - Processing file /home/airflow/.local/lib/python3.12/site-packages/airflow/example_dags/example_task_group_decorator.py for tasks to queue
[2025-03-09T16:06:14.497+0000] {logging_mixin.py:190} INFO - [2025-03-09T16:06:14.497+0000] {dagbag.py:588} INFO - Filling up the DagBag from /home/airflow/.local/lib/python3.12/site-packages/airflow/example_dags/example_task_group_decorator.py
[2025-03-09T16:06:14.506+0000] {processor.py:925} INFO - DAG(s) 'example_task_group_decorator' retrieved from /home/airflow/.local/lib/python3.12/site-packages/airflow/example_dags/example_task_group_decorator.py
[2025-03-09T16:06:14.530+0000] {logging_mixin.py:190} INFO - [2025-03-09T16:06:14.530+0000] {dag.py:3239} INFO - Sync 1 DAGs
[2025-03-09T16:06:14.542+0000] {logging_mixin.py:190} INFO - [2025-03-09T16:06:14.542+0000] {dag.py:4180} INFO - Setting next_dagrun for example_task_group_decorator to None, run_after=None
[2025-03-09T16:06:14.560+0000] {processor.py:208} INFO - Processing /home/airflow/.local/lib/python3.12/site-packages/airflow/example_dags/example_task_group_decorator.py took 0.068 seconds
[2025-03-09T16:06:44.997+0000] {processor.py:186} INFO - Started process (PID=13361) to work on /home/airflow/.local/lib/python3.12/site-packages/airflow/example_dags/example_task_group_decorator.py
[2025-03-09T16:06:44.997+0000] {processor.py:914} INFO - Processing file /home/airflow/.local/lib/python3.12/site-packages/airflow/example_dags/example_task_group_decorator.py for tasks to queue
[2025-03-09T16:06:44.999+0000] {logging_mixin.py:190} INFO - [2025-03-09T16:06:44.998+0000] {dagbag.py:588} INFO - Filling up the DagBag from /home/airflow/.local/lib/python3.12/site-packages/airflow/example_dags/example_task_group_decorator.py
[2025-03-09T16:06:45.008+0000] {processor.py:925} INFO - DAG(s) 'example_task_group_decorator' retrieved from /home/airflow/.local/lib/python3.12/site-packages/airflow/example_dags/example_task_group_decorator.py
[2025-03-09T16:06:45.026+0000] {logging_mixin.py:190} INFO - [2025-03-09T16:06:45.026+0000] {dag.py:3239} INFO - Sync 1 DAGs
[2025-03-09T16:06:45.036+0000] {logging_mixin.py:190} INFO - [2025-03-09T16:06:45.035+0000] {dag.py:4180} INFO - Setting next_dagrun for example_task_group_decorator to None, run_after=None
[2025-03-09T16:06:45.051+0000] {processor.py:208} INFO - Processing /home/airflow/.local/lib/python3.12/site-packages/airflow/example_dags/example_task_group_decorator.py took 0.058 seconds
[2025-03-09T16:07:15.680+0000] {processor.py:186} INFO - Started process (PID=13687) to work on /home/airflow/.local/lib/python3.12/site-packages/airflow/example_dags/example_task_group_decorator.py
[2025-03-09T16:07:15.681+0000] {processor.py:914} INFO - Processing file /home/airflow/.local/lib/python3.12/site-packages/airflow/example_dags/example_task_group_decorator.py for tasks to queue
[2025-03-09T16:07:15.683+0000] {logging_mixin.py:190} INFO - [2025-03-09T16:07:15.683+0000] {dagbag.py:588} INFO - Filling up the DagBag from /home/airflow/.local/lib/python3.12/site-packages/airflow/example_dags/example_task_group_decorator.py
[2025-03-09T16:07:15.692+0000] {processor.py:925} INFO - DAG(s) 'example_task_group_decorator' retrieved from /home/airflow/.local/lib/python3.12/site-packages/airflow/example_dags/example_task_group_decorator.py
[2025-03-09T16:07:15.713+0000] {logging_mixin.py:190} INFO - [2025-03-09T16:07:15.713+0000] {dag.py:3239} INFO - Sync 1 DAGs
[2025-03-09T16:07:15.722+0000] {logging_mixin.py:190} INFO - [2025-03-09T16:07:15.722+0000] {dag.py:4180} INFO - Setting next_dagrun for example_task_group_decorator to None, run_after=None
[2025-03-09T16:07:15.736+0000] {processor.py:208} INFO - Processing /home/airflow/.local/lib/python3.12/site-packages/airflow/example_dags/example_task_group_decorator.py took 0.060 seconds
[2025-03-09T16:07:45.910+0000] {processor.py:186} INFO - Started process (PID=14010) to work on /home/airflow/.local/lib/python3.12/site-packages/airflow/example_dags/example_task_group_decorator.py
[2025-03-09T16:07:45.911+0000] {processor.py:914} INFO - Processing file /home/airflow/.local/lib/python3.12/site-packages/airflow/example_dags/example_task_group_decorator.py for tasks to queue
[2025-03-09T16:07:45.912+0000] {logging_mixin.py:190} INFO - [2025-03-09T16:07:45.911+0000] {dagbag.py:588} INFO - Filling up the DagBag from /home/airflow/.local/lib/python3.12/site-packages/airflow/example_dags/example_task_group_decorator.py
[2025-03-09T16:07:45.920+0000] {processor.py:925} INFO - DAG(s) 'example_task_group_decorator' retrieved from /home/airflow/.local/lib/python3.12/site-packages/airflow/example_dags/example_task_group_decorator.py
[2025-03-09T16:07:45.937+0000] {logging_mixin.py:190} INFO - [2025-03-09T16:07:45.937+0000] {dag.py:3239} INFO - Sync 1 DAGs
[2025-03-09T16:07:45.947+0000] {logging_mixin.py:190} INFO - [2025-03-09T16:07:45.947+0000] {dag.py:4180} INFO - Setting next_dagrun for example_task_group_decorator to None, run_after=None
[2025-03-09T16:07:45.964+0000] {processor.py:208} INFO - Processing /home/airflow/.local/lib/python3.12/site-packages/airflow/example_dags/example_task_group_decorator.py took 0.058 seconds
[2025-03-09T16:08:16.086+0000] {processor.py:186} INFO - Started process (PID=14337) to work on /home/airflow/.local/lib/python3.12/site-packages/airflow/example_dags/example_task_group_decorator.py
[2025-03-09T16:08:16.087+0000] {processor.py:914} INFO - Processing file /home/airflow/.local/lib/python3.12/site-packages/airflow/example_dags/example_task_group_decorator.py for tasks to queue
[2025-03-09T16:08:16.090+0000] {logging_mixin.py:190} INFO - [2025-03-09T16:08:16.089+0000] {dagbag.py:588} INFO - Filling up the DagBag from /home/airflow/.local/lib/python3.12/site-packages/airflow/example_dags/example_task_group_decorator.py
[2025-03-09T16:08:16.100+0000] {processor.py:925} INFO - DAG(s) 'example_task_group_decorator' retrieved from /home/airflow/.local/lib/python3.12/site-packages/airflow/example_dags/example_task_group_decorator.py
[2025-03-09T16:08:16.118+0000] {logging_mixin.py:190} INFO - [2025-03-09T16:08:16.118+0000] {dag.py:3239} INFO - Sync 1 DAGs
[2025-03-09T16:08:16.126+0000] {logging_mixin.py:190} INFO - [2025-03-09T16:08:16.126+0000] {dag.py:4180} INFO - Setting next_dagrun for example_task_group_decorator to None, run_after=None
[2025-03-09T16:08:16.141+0000] {processor.py:208} INFO - Processing /home/airflow/.local/lib/python3.12/site-packages/airflow/example_dags/example_task_group_decorator.py took 0.062 seconds
[2025-03-09T16:08:46.811+0000] {processor.py:186} INFO - Started process (PID=14663) to work on /home/airflow/.local/lib/python3.12/site-packages/airflow/example_dags/example_task_group_decorator.py
[2025-03-09T16:08:46.812+0000] {processor.py:914} INFO - Processing file /home/airflow/.local/lib/python3.12/site-packages/airflow/example_dags/example_task_group_decorator.py for tasks to queue
[2025-03-09T16:08:46.813+0000] {logging_mixin.py:190} INFO - [2025-03-09T16:08:46.813+0000] {dagbag.py:588} INFO - Filling up the DagBag from /home/airflow/.local/lib/python3.12/site-packages/airflow/example_dags/example_task_group_decorator.py
[2025-03-09T16:08:46.823+0000] {processor.py:925} INFO - DAG(s) 'example_task_group_decorator' retrieved from /home/airflow/.local/lib/python3.12/site-packages/airflow/example_dags/example_task_group_decorator.py
[2025-03-09T16:08:46.838+0000] {logging_mixin.py:190} INFO - [2025-03-09T16:08:46.838+0000] {dag.py:3239} INFO - Sync 1 DAGs
[2025-03-09T16:08:46.847+0000] {logging_mixin.py:190} INFO - [2025-03-09T16:08:46.847+0000] {dag.py:4180} INFO - Setting next_dagrun for example_task_group_decorator to None, run_after=None
[2025-03-09T16:08:46.862+0000] {processor.py:208} INFO - Processing /home/airflow/.local/lib/python3.12/site-packages/airflow/example_dags/example_task_group_decorator.py took 0.058 seconds
[2025-03-09T16:09:16.944+0000] {processor.py:186} INFO - Started process (PID=14989) to work on /home/airflow/.local/lib/python3.12/site-packages/airflow/example_dags/example_task_group_decorator.py
[2025-03-09T16:09:16.945+0000] {processor.py:914} INFO - Processing file /home/airflow/.local/lib/python3.12/site-packages/airflow/example_dags/example_task_group_decorator.py for tasks to queue
[2025-03-09T16:09:16.946+0000] {logging_mixin.py:190} INFO - [2025-03-09T16:09:16.946+0000] {dagbag.py:588} INFO - Filling up the DagBag from /home/airflow/.local/lib/python3.12/site-packages/airflow/example_dags/example_task_group_decorator.py
[2025-03-09T16:09:16.955+0000] {processor.py:925} INFO - DAG(s) 'example_task_group_decorator' retrieved from /home/airflow/.local/lib/python3.12/site-packages/airflow/example_dags/example_task_group_decorator.py
[2025-03-09T16:09:16.972+0000] {logging_mixin.py:190} INFO - [2025-03-09T16:09:16.972+0000] {dag.py:3239} INFO - Sync 1 DAGs
[2025-03-09T16:09:16.983+0000] {logging_mixin.py:190} INFO - [2025-03-09T16:09:16.983+0000] {dag.py:4180} INFO - Setting next_dagrun for example_task_group_decorator to None, run_after=None
[2025-03-09T16:09:16.997+0000] {processor.py:208} INFO - Processing /home/airflow/.local/lib/python3.12/site-packages/airflow/example_dags/example_task_group_decorator.py took 0.059 seconds
[2025-03-09T16:09:47.059+0000] {processor.py:186} INFO - Started process (PID=15315) to work on /home/airflow/.local/lib/python3.12/site-packages/airflow/example_dags/example_task_group_decorator.py
[2025-03-09T16:09:47.059+0000] {processor.py:914} INFO - Processing file /home/airflow/.local/lib/python3.12/site-packages/airflow/example_dags/example_task_group_decorator.py for tasks to queue
[2025-03-09T16:09:47.061+0000] {logging_mixin.py:190} INFO - [2025-03-09T16:09:47.061+0000] {dagbag.py:588} INFO - Filling up the DagBag from /home/airflow/.local/lib/python3.12/site-packages/airflow/example_dags/example_task_group_decorator.py
[2025-03-09T16:09:47.070+0000] {processor.py:925} INFO - DAG(s) 'example_task_group_decorator' retrieved from /home/airflow/.local/lib/python3.12/site-packages/airflow/example_dags/example_task_group_decorator.py
[2025-03-09T16:09:47.087+0000] {logging_mixin.py:190} INFO - [2025-03-09T16:09:47.087+0000] {dag.py:3239} INFO - Sync 1 DAGs
[2025-03-09T16:09:47.100+0000] {logging_mixin.py:190} INFO - [2025-03-09T16:09:47.100+0000] {dag.py:4180} INFO - Setting next_dagrun for example_task_group_decorator to None, run_after=None
[2025-03-09T16:09:47.115+0000] {processor.py:208} INFO - Processing /home/airflow/.local/lib/python3.12/site-packages/airflow/example_dags/example_task_group_decorator.py took 0.064 seconds
[2025-03-09T16:10:17.788+0000] {processor.py:186} INFO - Started process (PID=15641) to work on /home/airflow/.local/lib/python3.12/site-packages/airflow/example_dags/example_task_group_decorator.py
[2025-03-09T16:10:17.789+0000] {processor.py:914} INFO - Processing file /home/airflow/.local/lib/python3.12/site-packages/airflow/example_dags/example_task_group_decorator.py for tasks to queue
[2025-03-09T16:10:17.790+0000] {logging_mixin.py:190} INFO - [2025-03-09T16:10:17.790+0000] {dagbag.py:588} INFO - Filling up the DagBag from /home/airflow/.local/lib/python3.12/site-packages/airflow/example_dags/example_task_group_decorator.py
[2025-03-09T16:10:17.801+0000] {processor.py:925} INFO - DAG(s) 'example_task_group_decorator' retrieved from /home/airflow/.local/lib/python3.12/site-packages/airflow/example_dags/example_task_group_decorator.py
[2025-03-09T16:10:17.821+0000] {logging_mixin.py:190} INFO - [2025-03-09T16:10:17.821+0000] {dag.py:3239} INFO - Sync 1 DAGs
[2025-03-09T16:10:17.830+0000] {logging_mixin.py:190} INFO - [2025-03-09T16:10:17.829+0000] {dag.py:4180} INFO - Setting next_dagrun for example_task_group_decorator to None, run_after=None
[2025-03-09T16:10:17.846+0000] {processor.py:208} INFO - Processing /home/airflow/.local/lib/python3.12/site-packages/airflow/example_dags/example_task_group_decorator.py took 0.063 seconds
[2025-03-09T16:10:48.228+0000] {processor.py:186} INFO - Started process (PID=15967) to work on /home/airflow/.local/lib/python3.12/site-packages/airflow/example_dags/example_task_group_decorator.py
[2025-03-09T16:10:48.229+0000] {processor.py:914} INFO - Processing file /home/airflow/.local/lib/python3.12/site-packages/airflow/example_dags/example_task_group_decorator.py for tasks to queue
[2025-03-09T16:10:48.230+0000] {logging_mixin.py:190} INFO - [2025-03-09T16:10:48.230+0000] {dagbag.py:588} INFO - Filling up the DagBag from /home/airflow/.local/lib/python3.12/site-packages/airflow/example_dags/example_task_group_decorator.py
[2025-03-09T16:10:48.239+0000] {processor.py:925} INFO - DAG(s) 'example_task_group_decorator' retrieved from /home/airflow/.local/lib/python3.12/site-packages/airflow/example_dags/example_task_group_decorator.py
[2025-03-09T16:10:48.255+0000] {logging_mixin.py:190} INFO - [2025-03-09T16:10:48.255+0000] {dag.py:3239} INFO - Sync 1 DAGs
[2025-03-09T16:10:48.264+0000] {logging_mixin.py:190} INFO - [2025-03-09T16:10:48.263+0000] {dag.py:4180} INFO - Setting next_dagrun for example_task_group_decorator to None, run_after=None
[2025-03-09T16:10:48.277+0000] {processor.py:208} INFO - Processing /home/airflow/.local/lib/python3.12/site-packages/airflow/example_dags/example_task_group_decorator.py took 0.053 seconds
[2025-03-09T16:11:18.889+0000] {processor.py:186} INFO - Started process (PID=16299) to work on /home/airflow/.local/lib/python3.12/site-packages/airflow/example_dags/example_task_group_decorator.py
[2025-03-09T16:11:18.890+0000] {processor.py:914} INFO - Processing file /home/airflow/.local/lib/python3.12/site-packages/airflow/example_dags/example_task_group_decorator.py for tasks to queue
[2025-03-09T16:11:18.891+0000] {logging_mixin.py:190} INFO - [2025-03-09T16:11:18.891+0000] {dagbag.py:588} INFO - Filling up the DagBag from /home/airflow/.local/lib/python3.12/site-packages/airflow/example_dags/example_task_group_decorator.py
[2025-03-09T16:11:18.900+0000] {processor.py:925} INFO - DAG(s) 'example_task_group_decorator' retrieved from /home/airflow/.local/lib/python3.12/site-packages/airflow/example_dags/example_task_group_decorator.py
[2025-03-09T16:11:18.918+0000] {logging_mixin.py:190} INFO - [2025-03-09T16:11:18.918+0000] {dag.py:3239} INFO - Sync 1 DAGs
[2025-03-09T16:11:18.927+0000] {logging_mixin.py:190} INFO - [2025-03-09T16:11:18.927+0000] {dag.py:4180} INFO - Setting next_dagrun for example_task_group_decorator to None, run_after=None
[2025-03-09T16:11:18.940+0000] {processor.py:208} INFO - Processing /home/airflow/.local/lib/python3.12/site-packages/airflow/example_dags/example_task_group_decorator.py took 0.056 seconds
[2025-03-09T16:11:49.393+0000] {processor.py:186} INFO - Started process (PID=16625) to work on /home/airflow/.local/lib/python3.12/site-packages/airflow/example_dags/example_task_group_decorator.py
[2025-03-09T16:11:49.394+0000] {processor.py:914} INFO - Processing file /home/airflow/.local/lib/python3.12/site-packages/airflow/example_dags/example_task_group_decorator.py for tasks to queue
[2025-03-09T16:11:49.396+0000] {logging_mixin.py:190} INFO - [2025-03-09T16:11:49.395+0000] {dagbag.py:588} INFO - Filling up the DagBag from /home/airflow/.local/lib/python3.12/site-packages/airflow/example_dags/example_task_group_decorator.py
[2025-03-09T16:11:49.407+0000] {processor.py:925} INFO - DAG(s) 'example_task_group_decorator' retrieved from /home/airflow/.local/lib/python3.12/site-packages/airflow/example_dags/example_task_group_decorator.py
[2025-03-09T16:11:49.431+0000] {logging_mixin.py:190} INFO - [2025-03-09T16:11:49.431+0000] {dag.py:3239} INFO - Sync 1 DAGs
[2025-03-09T16:11:49.442+0000] {logging_mixin.py:190} INFO - [2025-03-09T16:11:49.442+0000] {dag.py:4180} INFO - Setting next_dagrun for example_task_group_decorator to None, run_after=None
[2025-03-09T16:11:49.455+0000] {processor.py:208} INFO - Processing /home/airflow/.local/lib/python3.12/site-packages/airflow/example_dags/example_task_group_decorator.py took 0.065 seconds
[2025-03-09T16:12:20.247+0000] {processor.py:186} INFO - Started process (PID=16951) to work on /home/airflow/.local/lib/python3.12/site-packages/airflow/example_dags/example_task_group_decorator.py
[2025-03-09T16:12:20.248+0000] {processor.py:914} INFO - Processing file /home/airflow/.local/lib/python3.12/site-packages/airflow/example_dags/example_task_group_decorator.py for tasks to queue
[2025-03-09T16:12:20.249+0000] {logging_mixin.py:190} INFO - [2025-03-09T16:12:20.249+0000] {dagbag.py:588} INFO - Filling up the DagBag from /home/airflow/.local/lib/python3.12/site-packages/airflow/example_dags/example_task_group_decorator.py
[2025-03-09T16:12:20.258+0000] {processor.py:925} INFO - DAG(s) 'example_task_group_decorator' retrieved from /home/airflow/.local/lib/python3.12/site-packages/airflow/example_dags/example_task_group_decorator.py
[2025-03-09T16:12:20.282+0000] {logging_mixin.py:190} INFO - [2025-03-09T16:12:20.282+0000] {dag.py:3239} INFO - Sync 1 DAGs
[2025-03-09T16:12:20.303+0000] {logging_mixin.py:190} INFO - [2025-03-09T16:12:20.303+0000] {dag.py:4180} INFO - Setting next_dagrun for example_task_group_decorator to None, run_after=None
[2025-03-09T16:12:20.333+0000] {processor.py:208} INFO - Processing /home/airflow/.local/lib/python3.12/site-packages/airflow/example_dags/example_task_group_decorator.py took 0.091 seconds
[2025-03-09T16:12:50.424+0000] {processor.py:186} INFO - Started process (PID=17277) to work on /home/airflow/.local/lib/python3.12/site-packages/airflow/example_dags/example_task_group_decorator.py
[2025-03-09T16:12:50.424+0000] {processor.py:914} INFO - Processing file /home/airflow/.local/lib/python3.12/site-packages/airflow/example_dags/example_task_group_decorator.py for tasks to queue
[2025-03-09T16:12:50.426+0000] {logging_mixin.py:190} INFO - [2025-03-09T16:12:50.426+0000] {dagbag.py:588} INFO - Filling up the DagBag from /home/airflow/.local/lib/python3.12/site-packages/airflow/example_dags/example_task_group_decorator.py
[2025-03-09T16:12:50.435+0000] {processor.py:925} INFO - DAG(s) 'example_task_group_decorator' retrieved from /home/airflow/.local/lib/python3.12/site-packages/airflow/example_dags/example_task_group_decorator.py
[2025-03-09T16:12:50.450+0000] {logging_mixin.py:190} INFO - [2025-03-09T16:12:50.450+0000] {dag.py:3239} INFO - Sync 1 DAGs
[2025-03-09T16:12:50.459+0000] {logging_mixin.py:190} INFO - [2025-03-09T16:12:50.459+0000] {dag.py:4180} INFO - Setting next_dagrun for example_task_group_decorator to None, run_after=None
[2025-03-09T16:12:50.473+0000] {processor.py:208} INFO - Processing /home/airflow/.local/lib/python3.12/site-packages/airflow/example_dags/example_task_group_decorator.py took 0.053 seconds
[2025-03-09T16:13:20.632+0000] {processor.py:186} INFO - Started process (PID=17603) to work on /home/airflow/.local/lib/python3.12/site-packages/airflow/example_dags/example_task_group_decorator.py
[2025-03-09T16:13:20.633+0000] {processor.py:914} INFO - Processing file /home/airflow/.local/lib/python3.12/site-packages/airflow/example_dags/example_task_group_decorator.py for tasks to queue
[2025-03-09T16:13:20.635+0000] {logging_mixin.py:190} INFO - [2025-03-09T16:13:20.634+0000] {dagbag.py:588} INFO - Filling up the DagBag from /home/airflow/.local/lib/python3.12/site-packages/airflow/example_dags/example_task_group_decorator.py
[2025-03-09T16:13:20.644+0000] {processor.py:925} INFO - DAG(s) 'example_task_group_decorator' retrieved from /home/airflow/.local/lib/python3.12/site-packages/airflow/example_dags/example_task_group_decorator.py
[2025-03-09T16:13:20.666+0000] {logging_mixin.py:190} INFO - [2025-03-09T16:13:20.666+0000] {dag.py:3239} INFO - Sync 1 DAGs
[2025-03-09T16:13:20.676+0000] {logging_mixin.py:190} INFO - [2025-03-09T16:13:20.676+0000] {dag.py:4180} INFO - Setting next_dagrun for example_task_group_decorator to None, run_after=None
[2025-03-09T16:13:20.696+0000] {processor.py:208} INFO - Processing /home/airflow/.local/lib/python3.12/site-packages/airflow/example_dags/example_task_group_decorator.py took 0.074 seconds
[2025-03-09T16:13:51.600+0000] {processor.py:186} INFO - Started process (PID=17929) to work on /home/airflow/.local/lib/python3.12/site-packages/airflow/example_dags/example_task_group_decorator.py
[2025-03-09T16:13:51.601+0000] {processor.py:914} INFO - Processing file /home/airflow/.local/lib/python3.12/site-packages/airflow/example_dags/example_task_group_decorator.py for tasks to queue
[2025-03-09T16:13:51.602+0000] {logging_mixin.py:190} INFO - [2025-03-09T16:13:51.602+0000] {dagbag.py:588} INFO - Filling up the DagBag from /home/airflow/.local/lib/python3.12/site-packages/airflow/example_dags/example_task_group_decorator.py
[2025-03-09T16:13:51.613+0000] {processor.py:925} INFO - DAG(s) 'example_task_group_decorator' retrieved from /home/airflow/.local/lib/python3.12/site-packages/airflow/example_dags/example_task_group_decorator.py
[2025-03-09T16:13:51.628+0000] {logging_mixin.py:190} INFO - [2025-03-09T16:13:51.628+0000] {dag.py:3239} INFO - Sync 1 DAGs
[2025-03-09T16:13:51.637+0000] {logging_mixin.py:190} INFO - [2025-03-09T16:13:51.637+0000] {dag.py:4180} INFO - Setting next_dagrun for example_task_group_decorator to None, run_after=None
[2025-03-09T16:13:51.649+0000] {processor.py:208} INFO - Processing /home/airflow/.local/lib/python3.12/site-packages/airflow/example_dags/example_task_group_decorator.py took 0.052 seconds
[2025-03-09T16:14:22.446+0000] {processor.py:186} INFO - Started process (PID=18255) to work on /home/airflow/.local/lib/python3.12/site-packages/airflow/example_dags/example_task_group_decorator.py
[2025-03-09T16:14:22.446+0000] {processor.py:914} INFO - Processing file /home/airflow/.local/lib/python3.12/site-packages/airflow/example_dags/example_task_group_decorator.py for tasks to queue
[2025-03-09T16:14:22.448+0000] {logging_mixin.py:190} INFO - [2025-03-09T16:14:22.448+0000] {dagbag.py:588} INFO - Filling up the DagBag from /home/airflow/.local/lib/python3.12/site-packages/airflow/example_dags/example_task_group_decorator.py
[2025-03-09T16:14:22.459+0000] {processor.py:925} INFO - DAG(s) 'example_task_group_decorator' retrieved from /home/airflow/.local/lib/python3.12/site-packages/airflow/example_dags/example_task_group_decorator.py
[2025-03-09T16:14:22.475+0000] {logging_mixin.py:190} INFO - [2025-03-09T16:14:22.475+0000] {dag.py:3239} INFO - Sync 1 DAGs
[2025-03-09T16:14:22.484+0000] {logging_mixin.py:190} INFO - [2025-03-09T16:14:22.483+0000] {dag.py:4180} INFO - Setting next_dagrun for example_task_group_decorator to None, run_after=None
[2025-03-09T16:14:22.497+0000] {processor.py:208} INFO - Processing /home/airflow/.local/lib/python3.12/site-packages/airflow/example_dags/example_task_group_decorator.py took 0.060 seconds
[2025-03-09T16:14:53.120+0000] {processor.py:186} INFO - Started process (PID=18579) to work on /home/airflow/.local/lib/python3.12/site-packages/airflow/example_dags/example_task_group_decorator.py
[2025-03-09T16:14:53.121+0000] {processor.py:914} INFO - Processing file /home/airflow/.local/lib/python3.12/site-packages/airflow/example_dags/example_task_group_decorator.py for tasks to queue
[2025-03-09T16:14:53.122+0000] {logging_mixin.py:190} INFO - [2025-03-09T16:14:53.122+0000] {dagbag.py:588} INFO - Filling up the DagBag from /home/airflow/.local/lib/python3.12/site-packages/airflow/example_dags/example_task_group_decorator.py
[2025-03-09T16:14:53.131+0000] {processor.py:925} INFO - DAG(s) 'example_task_group_decorator' retrieved from /home/airflow/.local/lib/python3.12/site-packages/airflow/example_dags/example_task_group_decorator.py
[2025-03-09T16:14:53.148+0000] {logging_mixin.py:190} INFO - [2025-03-09T16:14:53.147+0000] {dag.py:3239} INFO - Sync 1 DAGs
[2025-03-09T16:14:53.157+0000] {logging_mixin.py:190} INFO - [2025-03-09T16:14:53.156+0000] {dag.py:4180} INFO - Setting next_dagrun for example_task_group_decorator to None, run_after=None
[2025-03-09T16:14:53.170+0000] {processor.py:208} INFO - Processing /home/airflow/.local/lib/python3.12/site-packages/airflow/example_dags/example_task_group_decorator.py took 0.054 seconds
[2025-03-09T16:15:24.096+0000] {processor.py:186} INFO - Started process (PID=18907) to work on /home/airflow/.local/lib/python3.12/site-packages/airflow/example_dags/example_task_group_decorator.py
[2025-03-09T16:15:24.096+0000] {processor.py:914} INFO - Processing file /home/airflow/.local/lib/python3.12/site-packages/airflow/example_dags/example_task_group_decorator.py for tasks to queue
[2025-03-09T16:15:24.097+0000] {logging_mixin.py:190} INFO - [2025-03-09T16:15:24.097+0000] {dagbag.py:588} INFO - Filling up the DagBag from /home/airflow/.local/lib/python3.12/site-packages/airflow/example_dags/example_task_group_decorator.py
[2025-03-09T16:15:24.107+0000] {processor.py:925} INFO - DAG(s) 'example_task_group_decorator' retrieved from /home/airflow/.local/lib/python3.12/site-packages/airflow/example_dags/example_task_group_decorator.py
[2025-03-09T16:15:24.124+0000] {logging_mixin.py:190} INFO - [2025-03-09T16:15:24.124+0000] {dag.py:3239} INFO - Sync 1 DAGs
[2025-03-09T16:15:24.134+0000] {logging_mixin.py:190} INFO - [2025-03-09T16:15:24.134+0000] {dag.py:4180} INFO - Setting next_dagrun for example_task_group_decorator to None, run_after=None
[2025-03-09T16:15:24.149+0000] {processor.py:208} INFO - Processing /home/airflow/.local/lib/python3.12/site-packages/airflow/example_dags/example_task_group_decorator.py took 0.057 seconds
[2025-03-09T16:15:54.893+0000] {processor.py:186} INFO - Started process (PID=19233) to work on /home/airflow/.local/lib/python3.12/site-packages/airflow/example_dags/example_task_group_decorator.py
[2025-03-09T16:15:54.894+0000] {processor.py:914} INFO - Processing file /home/airflow/.local/lib/python3.12/site-packages/airflow/example_dags/example_task_group_decorator.py for tasks to queue
[2025-03-09T16:15:54.895+0000] {logging_mixin.py:190} INFO - [2025-03-09T16:15:54.895+0000] {dagbag.py:588} INFO - Filling up the DagBag from /home/airflow/.local/lib/python3.12/site-packages/airflow/example_dags/example_task_group_decorator.py
[2025-03-09T16:15:54.905+0000] {processor.py:925} INFO - DAG(s) 'example_task_group_decorator' retrieved from /home/airflow/.local/lib/python3.12/site-packages/airflow/example_dags/example_task_group_decorator.py
[2025-03-09T16:15:54.924+0000] {logging_mixin.py:190} INFO - [2025-03-09T16:15:54.924+0000] {dag.py:3239} INFO - Sync 1 DAGs
[2025-03-09T16:15:54.936+0000] {logging_mixin.py:190} INFO - [2025-03-09T16:15:54.936+0000] {dag.py:4180} INFO - Setting next_dagrun for example_task_group_decorator to None, run_after=None
[2025-03-09T16:15:54.949+0000] {processor.py:208} INFO - Processing /home/airflow/.local/lib/python3.12/site-packages/airflow/example_dags/example_task_group_decorator.py took 0.060 seconds
[2025-03-09T16:16:25.246+0000] {processor.py:186} INFO - Started process (PID=19559) to work on /home/airflow/.local/lib/python3.12/site-packages/airflow/example_dags/example_task_group_decorator.py
[2025-03-09T16:16:25.247+0000] {processor.py:914} INFO - Processing file /home/airflow/.local/lib/python3.12/site-packages/airflow/example_dags/example_task_group_decorator.py for tasks to queue
[2025-03-09T16:16:25.248+0000] {logging_mixin.py:190} INFO - [2025-03-09T16:16:25.248+0000] {dagbag.py:588} INFO - Filling up the DagBag from /home/airflow/.local/lib/python3.12/site-packages/airflow/example_dags/example_task_group_decorator.py
[2025-03-09T16:16:25.257+0000] {processor.py:925} INFO - DAG(s) 'example_task_group_decorator' retrieved from /home/airflow/.local/lib/python3.12/site-packages/airflow/example_dags/example_task_group_decorator.py
[2025-03-09T16:16:25.273+0000] {logging_mixin.py:190} INFO - [2025-03-09T16:16:25.272+0000] {dag.py:3239} INFO - Sync 1 DAGs
[2025-03-09T16:16:25.281+0000] {logging_mixin.py:190} INFO - [2025-03-09T16:16:25.281+0000] {dag.py:4180} INFO - Setting next_dagrun for example_task_group_decorator to None, run_after=None
[2025-03-09T16:16:25.293+0000] {processor.py:208} INFO - Processing /home/airflow/.local/lib/python3.12/site-packages/airflow/example_dags/example_task_group_decorator.py took 0.051 seconds
[2025-03-09T16:16:55.375+0000] {processor.py:186} INFO - Started process (PID=19884) to work on /home/airflow/.local/lib/python3.12/site-packages/airflow/example_dags/example_task_group_decorator.py
[2025-03-09T16:16:55.376+0000] {processor.py:914} INFO - Processing file /home/airflow/.local/lib/python3.12/site-packages/airflow/example_dags/example_task_group_decorator.py for tasks to queue
[2025-03-09T16:16:55.377+0000] {logging_mixin.py:190} INFO - [2025-03-09T16:16:55.377+0000] {dagbag.py:588} INFO - Filling up the DagBag from /home/airflow/.local/lib/python3.12/site-packages/airflow/example_dags/example_task_group_decorator.py
[2025-03-09T16:16:55.386+0000] {processor.py:925} INFO - DAG(s) 'example_task_group_decorator' retrieved from /home/airflow/.local/lib/python3.12/site-packages/airflow/example_dags/example_task_group_decorator.py
[2025-03-09T16:16:55.402+0000] {logging_mixin.py:190} INFO - [2025-03-09T16:16:55.402+0000] {dag.py:3239} INFO - Sync 1 DAGs
[2025-03-09T16:16:55.411+0000] {logging_mixin.py:190} INFO - [2025-03-09T16:16:55.411+0000] {dag.py:4180} INFO - Setting next_dagrun for example_task_group_decorator to None, run_after=None
[2025-03-09T16:16:55.426+0000] {processor.py:208} INFO - Processing /home/airflow/.local/lib/python3.12/site-packages/airflow/example_dags/example_task_group_decorator.py took 0.055 seconds
[2025-03-09T16:17:25.532+0000] {processor.py:186} INFO - Started process (PID=20211) to work on /home/airflow/.local/lib/python3.12/site-packages/airflow/example_dags/example_task_group_decorator.py
[2025-03-09T16:17:25.533+0000] {processor.py:914} INFO - Processing file /home/airflow/.local/lib/python3.12/site-packages/airflow/example_dags/example_task_group_decorator.py for tasks to queue
[2025-03-09T16:17:25.534+0000] {logging_mixin.py:190} INFO - [2025-03-09T16:17:25.534+0000] {dagbag.py:588} INFO - Filling up the DagBag from /home/airflow/.local/lib/python3.12/site-packages/airflow/example_dags/example_task_group_decorator.py
[2025-03-09T16:17:25.543+0000] {processor.py:925} INFO - DAG(s) 'example_task_group_decorator' retrieved from /home/airflow/.local/lib/python3.12/site-packages/airflow/example_dags/example_task_group_decorator.py
[2025-03-09T16:17:25.558+0000] {logging_mixin.py:190} INFO - [2025-03-09T16:17:25.558+0000] {dag.py:3239} INFO - Sync 1 DAGs
[2025-03-09T16:17:25.566+0000] {logging_mixin.py:190} INFO - [2025-03-09T16:17:25.566+0000] {dag.py:4180} INFO - Setting next_dagrun for example_task_group_decorator to None, run_after=None
[2025-03-09T16:17:25.579+0000] {processor.py:208} INFO - Processing /home/airflow/.local/lib/python3.12/site-packages/airflow/example_dags/example_task_group_decorator.py took 0.050 seconds
[2025-03-09T16:17:56.512+0000] {processor.py:186} INFO - Started process (PID=20537) to work on /home/airflow/.local/lib/python3.12/site-packages/airflow/example_dags/example_task_group_decorator.py
[2025-03-09T16:17:56.512+0000] {processor.py:914} INFO - Processing file /home/airflow/.local/lib/python3.12/site-packages/airflow/example_dags/example_task_group_decorator.py for tasks to queue
[2025-03-09T16:17:56.514+0000] {logging_mixin.py:190} INFO - [2025-03-09T16:17:56.513+0000] {dagbag.py:588} INFO - Filling up the DagBag from /home/airflow/.local/lib/python3.12/site-packages/airflow/example_dags/example_task_group_decorator.py
[2025-03-09T16:17:56.523+0000] {processor.py:925} INFO - DAG(s) 'example_task_group_decorator' retrieved from /home/airflow/.local/lib/python3.12/site-packages/airflow/example_dags/example_task_group_decorator.py
[2025-03-09T16:17:56.538+0000] {logging_mixin.py:190} INFO - [2025-03-09T16:17:56.538+0000] {dag.py:3239} INFO - Sync 1 DAGs
[2025-03-09T16:17:56.547+0000] {logging_mixin.py:190} INFO - [2025-03-09T16:17:56.546+0000] {dag.py:4180} INFO - Setting next_dagrun for example_task_group_decorator to None, run_after=None
[2025-03-09T16:17:56.558+0000] {processor.py:208} INFO - Processing /home/airflow/.local/lib/python3.12/site-packages/airflow/example_dags/example_task_group_decorator.py took 0.050 seconds
[2025-03-09T16:18:26.952+0000] {processor.py:186} INFO - Started process (PID=20863) to work on /home/airflow/.local/lib/python3.12/site-packages/airflow/example_dags/example_task_group_decorator.py
[2025-03-09T16:18:26.953+0000] {processor.py:914} INFO - Processing file /home/airflow/.local/lib/python3.12/site-packages/airflow/example_dags/example_task_group_decorator.py for tasks to queue
[2025-03-09T16:18:26.954+0000] {logging_mixin.py:190} INFO - [2025-03-09T16:18:26.954+0000] {dagbag.py:588} INFO - Filling up the DagBag from /home/airflow/.local/lib/python3.12/site-packages/airflow/example_dags/example_task_group_decorator.py
[2025-03-09T16:18:26.963+0000] {processor.py:925} INFO - DAG(s) 'example_task_group_decorator' retrieved from /home/airflow/.local/lib/python3.12/site-packages/airflow/example_dags/example_task_group_decorator.py
[2025-03-09T16:18:26.982+0000] {logging_mixin.py:190} INFO - [2025-03-09T16:18:26.982+0000] {dag.py:3239} INFO - Sync 1 DAGs
[2025-03-09T16:18:26.996+0000] {logging_mixin.py:190} INFO - [2025-03-09T16:18:26.996+0000] {dag.py:4180} INFO - Setting next_dagrun for example_task_group_decorator to None, run_after=None
[2025-03-09T16:18:27.013+0000] {processor.py:208} INFO - Processing /home/airflow/.local/lib/python3.12/site-packages/airflow/example_dags/example_task_group_decorator.py took 0.065 seconds
[2025-03-09T16:18:57.249+0000] {processor.py:186} INFO - Started process (PID=21189) to work on /home/airflow/.local/lib/python3.12/site-packages/airflow/example_dags/example_task_group_decorator.py
[2025-03-09T16:18:57.249+0000] {processor.py:914} INFO - Processing file /home/airflow/.local/lib/python3.12/site-packages/airflow/example_dags/example_task_group_decorator.py for tasks to queue
[2025-03-09T16:18:57.251+0000] {logging_mixin.py:190} INFO - [2025-03-09T16:18:57.251+0000] {dagbag.py:588} INFO - Filling up the DagBag from /home/airflow/.local/lib/python3.12/site-packages/airflow/example_dags/example_task_group_decorator.py
[2025-03-09T16:18:57.270+0000] {processor.py:925} INFO - DAG(s) 'example_task_group_decorator' retrieved from /home/airflow/.local/lib/python3.12/site-packages/airflow/example_dags/example_task_group_decorator.py
[2025-03-09T16:18:57.288+0000] {logging_mixin.py:190} INFO - [2025-03-09T16:18:57.288+0000] {dag.py:3239} INFO - Sync 1 DAGs
[2025-03-09T16:18:57.297+0000] {logging_mixin.py:190} INFO - [2025-03-09T16:18:57.297+0000] {dag.py:4180} INFO - Setting next_dagrun for example_task_group_decorator to None, run_after=None
[2025-03-09T16:18:57.311+0000] {processor.py:208} INFO - Processing /home/airflow/.local/lib/python3.12/site-packages/airflow/example_dags/example_task_group_decorator.py took 0.071 seconds
[2025-03-09T16:19:27.669+0000] {processor.py:186} INFO - Started process (PID=21515) to work on /home/airflow/.local/lib/python3.12/site-packages/airflow/example_dags/example_task_group_decorator.py
[2025-03-09T16:19:27.670+0000] {processor.py:914} INFO - Processing file /home/airflow/.local/lib/python3.12/site-packages/airflow/example_dags/example_task_group_decorator.py for tasks to queue
[2025-03-09T16:19:27.672+0000] {logging_mixin.py:190} INFO - [2025-03-09T16:19:27.671+0000] {dagbag.py:588} INFO - Filling up the DagBag from /home/airflow/.local/lib/python3.12/site-packages/airflow/example_dags/example_task_group_decorator.py
[2025-03-09T16:19:27.681+0000] {processor.py:925} INFO - DAG(s) 'example_task_group_decorator' retrieved from /home/airflow/.local/lib/python3.12/site-packages/airflow/example_dags/example_task_group_decorator.py
[2025-03-09T16:19:27.699+0000] {logging_mixin.py:190} INFO - [2025-03-09T16:19:27.699+0000] {dag.py:3239} INFO - Sync 1 DAGs
[2025-03-09T16:19:27.818+0000] {logging_mixin.py:190} INFO - [2025-03-09T16:19:27.817+0000] {dag.py:4180} INFO - Setting next_dagrun for example_task_group_decorator to None, run_after=None
[2025-03-09T16:19:27.844+0000] {processor.py:208} INFO - Processing /home/airflow/.local/lib/python3.12/site-packages/airflow/example_dags/example_task_group_decorator.py took 0.183 seconds
