[2025-03-09T15:46:14.944+0000] {processor.py:186} INFO - Started process (PID=356) to work on /home/airflow/.local/lib/python3.12/site-packages/airflow/example_dags/example_setup_teardown_taskflow.py
[2025-03-09T15:46:14.945+0000] {processor.py:914} INFO - Processing file /home/airflow/.local/lib/python3.12/site-packages/airflow/example_dags/example_setup_teardown_taskflow.py for tasks to queue
[2025-03-09T15:46:14.946+0000] {logging_mixin.py:190} INFO - [2025-03-09T15:46:14.946+0000] {dagbag.py:588} INFO - Filling up the DagBag from /home/airflow/.local/lib/python3.12/site-packages/airflow/example_dags/example_setup_teardown_taskflow.py
[2025-03-09T15:46:14.957+0000] {processor.py:925} INFO - DAG(s) 'example_setup_teardown_taskflow' retrieved from /home/airflow/.local/lib/python3.12/site-packages/airflow/example_dags/example_setup_teardown_taskflow.py
[2025-03-09T15:46:14.976+0000] {logging_mixin.py:190} INFO - [2025-03-09T15:46:14.976+0000] {dag.py:3239} INFO - Sync 1 DAGs
[2025-03-09T15:46:14.987+0000] {logging_mixin.py:190} INFO - [2025-03-09T15:46:14.987+0000] {dag.py:4180} INFO - Setting next_dagrun for example_setup_teardown_taskflow to None, run_after=None
[2025-03-09T15:46:15.000+0000] {processor.py:208} INFO - Processing /home/airflow/.local/lib/python3.12/site-packages/airflow/example_dags/example_setup_teardown_taskflow.py took 0.061 seconds
[2025-03-09T15:46:46.058+0000] {processor.py:186} INFO - Started process (PID=690) to work on /home/airflow/.local/lib/python3.12/site-packages/airflow/example_dags/example_setup_teardown_taskflow.py
[2025-03-09T15:46:46.059+0000] {processor.py:914} INFO - Processing file /home/airflow/.local/lib/python3.12/site-packages/airflow/example_dags/example_setup_teardown_taskflow.py for tasks to queue
[2025-03-09T15:46:46.060+0000] {logging_mixin.py:190} INFO - [2025-03-09T15:46:46.060+0000] {dagbag.py:588} INFO - Filling up the DagBag from /home/airflow/.local/lib/python3.12/site-packages/airflow/example_dags/example_setup_teardown_taskflow.py
[2025-03-09T15:46:46.068+0000] {processor.py:925} INFO - DAG(s) 'example_setup_teardown_taskflow' retrieved from /home/airflow/.local/lib/python3.12/site-packages/airflow/example_dags/example_setup_teardown_taskflow.py
[2025-03-09T15:46:46.086+0000] {logging_mixin.py:190} INFO - [2025-03-09T15:46:46.086+0000] {dag.py:3239} INFO - Sync 1 DAGs
[2025-03-09T15:46:46.094+0000] {logging_mixin.py:190} INFO - [2025-03-09T15:46:46.094+0000] {dag.py:4180} INFO - Setting next_dagrun for example_setup_teardown_taskflow to None, run_after=None
[2025-03-09T15:46:46.109+0000] {processor.py:208} INFO - Processing /home/airflow/.local/lib/python3.12/site-packages/airflow/example_dags/example_setup_teardown_taskflow.py took 0.054 seconds
[2025-03-09T15:47:17.188+0000] {processor.py:186} INFO - Started process (PID=1016) to work on /home/airflow/.local/lib/python3.12/site-packages/airflow/example_dags/example_setup_teardown_taskflow.py
[2025-03-09T15:47:17.188+0000] {processor.py:914} INFO - Processing file /home/airflow/.local/lib/python3.12/site-packages/airflow/example_dags/example_setup_teardown_taskflow.py for tasks to queue
[2025-03-09T15:47:17.190+0000] {logging_mixin.py:190} INFO - [2025-03-09T15:47:17.189+0000] {dagbag.py:588} INFO - Filling up the DagBag from /home/airflow/.local/lib/python3.12/site-packages/airflow/example_dags/example_setup_teardown_taskflow.py
[2025-03-09T15:47:17.196+0000] {processor.py:925} INFO - DAG(s) 'example_setup_teardown_taskflow' retrieved from /home/airflow/.local/lib/python3.12/site-packages/airflow/example_dags/example_setup_teardown_taskflow.py
[2025-03-09T15:47:17.209+0000] {logging_mixin.py:190} INFO - [2025-03-09T15:47:17.209+0000] {dag.py:3239} INFO - Sync 1 DAGs
[2025-03-09T15:47:17.218+0000] {logging_mixin.py:190} INFO - [2025-03-09T15:47:17.217+0000] {dag.py:4180} INFO - Setting next_dagrun for example_setup_teardown_taskflow to None, run_after=None
[2025-03-09T15:47:17.230+0000] {processor.py:208} INFO - Processing /home/airflow/.local/lib/python3.12/site-packages/airflow/example_dags/example_setup_teardown_taskflow.py took 0.045 seconds
[2025-03-09T15:47:48.087+0000] {processor.py:186} INFO - Started process (PID=1342) to work on /home/airflow/.local/lib/python3.12/site-packages/airflow/example_dags/example_setup_teardown_taskflow.py
[2025-03-09T15:47:48.088+0000] {processor.py:914} INFO - Processing file /home/airflow/.local/lib/python3.12/site-packages/airflow/example_dags/example_setup_teardown_taskflow.py for tasks to queue
[2025-03-09T15:47:48.090+0000] {logging_mixin.py:190} INFO - [2025-03-09T15:47:48.090+0000] {dagbag.py:588} INFO - Filling up the DagBag from /home/airflow/.local/lib/python3.12/site-packages/airflow/example_dags/example_setup_teardown_taskflow.py
[2025-03-09T15:47:48.096+0000] {processor.py:925} INFO - DAG(s) 'example_setup_teardown_taskflow' retrieved from /home/airflow/.local/lib/python3.12/site-packages/airflow/example_dags/example_setup_teardown_taskflow.py
[2025-03-09T15:47:48.110+0000] {logging_mixin.py:190} INFO - [2025-03-09T15:47:48.109+0000] {dag.py:3239} INFO - Sync 1 DAGs
[2025-03-09T15:47:48.119+0000] {logging_mixin.py:190} INFO - [2025-03-09T15:47:48.119+0000] {dag.py:4180} INFO - Setting next_dagrun for example_setup_teardown_taskflow to None, run_after=None
[2025-03-09T15:47:48.133+0000] {processor.py:208} INFO - Processing /home/airflow/.local/lib/python3.12/site-packages/airflow/example_dags/example_setup_teardown_taskflow.py took 0.051 seconds
[2025-03-09T15:48:18.959+0000] {processor.py:186} INFO - Started process (PID=1668) to work on /home/airflow/.local/lib/python3.12/site-packages/airflow/example_dags/example_setup_teardown_taskflow.py
[2025-03-09T15:48:18.960+0000] {processor.py:914} INFO - Processing file /home/airflow/.local/lib/python3.12/site-packages/airflow/example_dags/example_setup_teardown_taskflow.py for tasks to queue
[2025-03-09T15:48:18.961+0000] {logging_mixin.py:190} INFO - [2025-03-09T15:48:18.961+0000] {dagbag.py:588} INFO - Filling up the DagBag from /home/airflow/.local/lib/python3.12/site-packages/airflow/example_dags/example_setup_teardown_taskflow.py
[2025-03-09T15:48:18.967+0000] {processor.py:925} INFO - DAG(s) 'example_setup_teardown_taskflow' retrieved from /home/airflow/.local/lib/python3.12/site-packages/airflow/example_dags/example_setup_teardown_taskflow.py
[2025-03-09T15:48:18.984+0000] {logging_mixin.py:190} INFO - [2025-03-09T15:48:18.984+0000] {dag.py:3239} INFO - Sync 1 DAGs
[2025-03-09T15:48:18.992+0000] {logging_mixin.py:190} INFO - [2025-03-09T15:48:18.992+0000] {dag.py:4180} INFO - Setting next_dagrun for example_setup_teardown_taskflow to None, run_after=None
[2025-03-09T15:48:19.004+0000] {processor.py:208} INFO - Processing /home/airflow/.local/lib/python3.12/site-packages/airflow/example_dags/example_setup_teardown_taskflow.py took 0.048 seconds
[2025-03-09T15:48:49.879+0000] {processor.py:186} INFO - Started process (PID=1994) to work on /home/airflow/.local/lib/python3.12/site-packages/airflow/example_dags/example_setup_teardown_taskflow.py
[2025-03-09T15:48:49.879+0000] {processor.py:914} INFO - Processing file /home/airflow/.local/lib/python3.12/site-packages/airflow/example_dags/example_setup_teardown_taskflow.py for tasks to queue
[2025-03-09T15:48:49.880+0000] {logging_mixin.py:190} INFO - [2025-03-09T15:48:49.880+0000] {dagbag.py:588} INFO - Filling up the DagBag from /home/airflow/.local/lib/python3.12/site-packages/airflow/example_dags/example_setup_teardown_taskflow.py
[2025-03-09T15:48:49.886+0000] {processor.py:925} INFO - DAG(s) 'example_setup_teardown_taskflow' retrieved from /home/airflow/.local/lib/python3.12/site-packages/airflow/example_dags/example_setup_teardown_taskflow.py
[2025-03-09T15:48:49.902+0000] {logging_mixin.py:190} INFO - [2025-03-09T15:48:49.902+0000] {dag.py:3239} INFO - Sync 1 DAGs
[2025-03-09T15:48:49.912+0000] {logging_mixin.py:190} INFO - [2025-03-09T15:48:49.912+0000] {dag.py:4180} INFO - Setting next_dagrun for example_setup_teardown_taskflow to None, run_after=None
[2025-03-09T15:48:49.924+0000] {processor.py:208} INFO - Processing /home/airflow/.local/lib/python3.12/site-packages/airflow/example_dags/example_setup_teardown_taskflow.py took 0.051 seconds
[2025-03-09T15:49:20.607+0000] {processor.py:186} INFO - Started process (PID=2318) to work on /home/airflow/.local/lib/python3.12/site-packages/airflow/example_dags/example_setup_teardown_taskflow.py
[2025-03-09T15:49:20.608+0000] {processor.py:914} INFO - Processing file /home/airflow/.local/lib/python3.12/site-packages/airflow/example_dags/example_setup_teardown_taskflow.py for tasks to queue
[2025-03-09T15:49:20.609+0000] {logging_mixin.py:190} INFO - [2025-03-09T15:49:20.609+0000] {dagbag.py:588} INFO - Filling up the DagBag from /home/airflow/.local/lib/python3.12/site-packages/airflow/example_dags/example_setup_teardown_taskflow.py
[2025-03-09T15:49:20.616+0000] {processor.py:925} INFO - DAG(s) 'example_setup_teardown_taskflow' retrieved from /home/airflow/.local/lib/python3.12/site-packages/airflow/example_dags/example_setup_teardown_taskflow.py
[2025-03-09T15:49:20.628+0000] {logging_mixin.py:190} INFO - [2025-03-09T15:49:20.628+0000] {dag.py:3239} INFO - Sync 1 DAGs
[2025-03-09T15:49:20.638+0000] {logging_mixin.py:190} INFO - [2025-03-09T15:49:20.637+0000] {dag.py:4180} INFO - Setting next_dagrun for example_setup_teardown_taskflow to None, run_after=None
[2025-03-09T15:49:20.652+0000] {processor.py:208} INFO - Processing /home/airflow/.local/lib/python3.12/site-packages/airflow/example_dags/example_setup_teardown_taskflow.py took 0.049 seconds
[2025-03-09T15:49:51.540+0000] {processor.py:186} INFO - Started process (PID=2646) to work on /home/airflow/.local/lib/python3.12/site-packages/airflow/example_dags/example_setup_teardown_taskflow.py
[2025-03-09T15:49:51.541+0000] {processor.py:914} INFO - Processing file /home/airflow/.local/lib/python3.12/site-packages/airflow/example_dags/example_setup_teardown_taskflow.py for tasks to queue
[2025-03-09T15:49:51.543+0000] {logging_mixin.py:190} INFO - [2025-03-09T15:49:51.543+0000] {dagbag.py:588} INFO - Filling up the DagBag from /home/airflow/.local/lib/python3.12/site-packages/airflow/example_dags/example_setup_teardown_taskflow.py
[2025-03-09T15:49:51.550+0000] {processor.py:925} INFO - DAG(s) 'example_setup_teardown_taskflow' retrieved from /home/airflow/.local/lib/python3.12/site-packages/airflow/example_dags/example_setup_teardown_taskflow.py
[2025-03-09T15:49:51.574+0000] {logging_mixin.py:190} INFO - [2025-03-09T15:49:51.573+0000] {dag.py:3239} INFO - Sync 1 DAGs
[2025-03-09T15:49:51.584+0000] {logging_mixin.py:190} INFO - [2025-03-09T15:49:51.584+0000] {dag.py:4180} INFO - Setting next_dagrun for example_setup_teardown_taskflow to None, run_after=None
[2025-03-09T15:49:51.597+0000] {processor.py:208} INFO - Processing /home/airflow/.local/lib/python3.12/site-packages/airflow/example_dags/example_setup_teardown_taskflow.py took 0.063 seconds
[2025-03-09T15:50:22.435+0000] {processor.py:186} INFO - Started process (PID=2970) to work on /home/airflow/.local/lib/python3.12/site-packages/airflow/example_dags/example_setup_teardown_taskflow.py
[2025-03-09T15:50:22.436+0000] {processor.py:914} INFO - Processing file /home/airflow/.local/lib/python3.12/site-packages/airflow/example_dags/example_setup_teardown_taskflow.py for tasks to queue
[2025-03-09T15:50:22.437+0000] {logging_mixin.py:190} INFO - [2025-03-09T15:50:22.437+0000] {dagbag.py:588} INFO - Filling up the DagBag from /home/airflow/.local/lib/python3.12/site-packages/airflow/example_dags/example_setup_teardown_taskflow.py
[2025-03-09T15:50:22.443+0000] {processor.py:925} INFO - DAG(s) 'example_setup_teardown_taskflow' retrieved from /home/airflow/.local/lib/python3.12/site-packages/airflow/example_dags/example_setup_teardown_taskflow.py
[2025-03-09T15:50:22.461+0000] {logging_mixin.py:190} INFO - [2025-03-09T15:50:22.461+0000] {dag.py:3239} INFO - Sync 1 DAGs
[2025-03-09T15:50:22.477+0000] {logging_mixin.py:190} INFO - [2025-03-09T15:50:22.476+0000] {dag.py:4180} INFO - Setting next_dagrun for example_setup_teardown_taskflow to None, run_after=None
[2025-03-09T15:50:22.501+0000] {processor.py:208} INFO - Processing /home/airflow/.local/lib/python3.12/site-packages/airflow/example_dags/example_setup_teardown_taskflow.py took 0.069 seconds
[2025-03-09T15:50:53.456+0000] {processor.py:186} INFO - Started process (PID=3298) to work on /home/airflow/.local/lib/python3.12/site-packages/airflow/example_dags/example_setup_teardown_taskflow.py
[2025-03-09T15:50:53.457+0000] {processor.py:914} INFO - Processing file /home/airflow/.local/lib/python3.12/site-packages/airflow/example_dags/example_setup_teardown_taskflow.py for tasks to queue
[2025-03-09T15:50:53.458+0000] {logging_mixin.py:190} INFO - [2025-03-09T15:50:53.458+0000] {dagbag.py:588} INFO - Filling up the DagBag from /home/airflow/.local/lib/python3.12/site-packages/airflow/example_dags/example_setup_teardown_taskflow.py
[2025-03-09T15:50:53.465+0000] {processor.py:925} INFO - DAG(s) 'example_setup_teardown_taskflow' retrieved from /home/airflow/.local/lib/python3.12/site-packages/airflow/example_dags/example_setup_teardown_taskflow.py
[2025-03-09T15:50:53.493+0000] {logging_mixin.py:190} INFO - [2025-03-09T15:50:53.492+0000] {dag.py:3239} INFO - Sync 1 DAGs
[2025-03-09T15:50:53.504+0000] {logging_mixin.py:190} INFO - [2025-03-09T15:50:53.504+0000] {dag.py:4180} INFO - Setting next_dagrun for example_setup_teardown_taskflow to None, run_after=None
[2025-03-09T15:50:53.517+0000] {processor.py:208} INFO - Processing /home/airflow/.local/lib/python3.12/site-packages/airflow/example_dags/example_setup_teardown_taskflow.py took 0.067 seconds
[2025-03-09T15:51:24.078+0000] {processor.py:186} INFO - Started process (PID=3622) to work on /home/airflow/.local/lib/python3.12/site-packages/airflow/example_dags/example_setup_teardown_taskflow.py
[2025-03-09T15:51:24.079+0000] {processor.py:914} INFO - Processing file /home/airflow/.local/lib/python3.12/site-packages/airflow/example_dags/example_setup_teardown_taskflow.py for tasks to queue
[2025-03-09T15:51:24.080+0000] {logging_mixin.py:190} INFO - [2025-03-09T15:51:24.079+0000] {dagbag.py:588} INFO - Filling up the DagBag from /home/airflow/.local/lib/python3.12/site-packages/airflow/example_dags/example_setup_teardown_taskflow.py
[2025-03-09T15:51:24.086+0000] {processor.py:925} INFO - DAG(s) 'example_setup_teardown_taskflow' retrieved from /home/airflow/.local/lib/python3.12/site-packages/airflow/example_dags/example_setup_teardown_taskflow.py
[2025-03-09T15:51:24.104+0000] {logging_mixin.py:190} INFO - [2025-03-09T15:51:24.103+0000] {dag.py:3239} INFO - Sync 1 DAGs
[2025-03-09T15:51:24.114+0000] {logging_mixin.py:190} INFO - [2025-03-09T15:51:24.114+0000] {dag.py:4180} INFO - Setting next_dagrun for example_setup_teardown_taskflow to None, run_after=None
[2025-03-09T15:51:24.129+0000] {processor.py:208} INFO - Processing /home/airflow/.local/lib/python3.12/site-packages/airflow/example_dags/example_setup_teardown_taskflow.py took 0.054 seconds
[2025-03-09T15:51:54.925+0000] {processor.py:186} INFO - Started process (PID=3943) to work on /home/airflow/.local/lib/python3.12/site-packages/airflow/example_dags/example_setup_teardown_taskflow.py
[2025-03-09T15:51:54.926+0000] {processor.py:914} INFO - Processing file /home/airflow/.local/lib/python3.12/site-packages/airflow/example_dags/example_setup_teardown_taskflow.py for tasks to queue
[2025-03-09T15:51:54.928+0000] {logging_mixin.py:190} INFO - [2025-03-09T15:51:54.928+0000] {dagbag.py:588} INFO - Filling up the DagBag from /home/airflow/.local/lib/python3.12/site-packages/airflow/example_dags/example_setup_teardown_taskflow.py
[2025-03-09T15:51:54.934+0000] {processor.py:925} INFO - DAG(s) 'example_setup_teardown_taskflow' retrieved from /home/airflow/.local/lib/python3.12/site-packages/airflow/example_dags/example_setup_teardown_taskflow.py
[2025-03-09T15:51:54.947+0000] {logging_mixin.py:190} INFO - [2025-03-09T15:51:54.947+0000] {dag.py:3239} INFO - Sync 1 DAGs
[2025-03-09T15:51:54.956+0000] {logging_mixin.py:190} INFO - [2025-03-09T15:51:54.956+0000] {dag.py:4180} INFO - Setting next_dagrun for example_setup_teardown_taskflow to None, run_after=None
[2025-03-09T15:51:54.971+0000] {processor.py:208} INFO - Processing /home/airflow/.local/lib/python3.12/site-packages/airflow/example_dags/example_setup_teardown_taskflow.py took 0.054 seconds
[2025-03-09T15:52:25.902+0000] {processor.py:186} INFO - Started process (PID=4271) to work on /home/airflow/.local/lib/python3.12/site-packages/airflow/example_dags/example_setup_teardown_taskflow.py
[2025-03-09T15:52:25.902+0000] {processor.py:914} INFO - Processing file /home/airflow/.local/lib/python3.12/site-packages/airflow/example_dags/example_setup_teardown_taskflow.py for tasks to queue
[2025-03-09T15:52:25.904+0000] {logging_mixin.py:190} INFO - [2025-03-09T15:52:25.903+0000] {dagbag.py:588} INFO - Filling up the DagBag from /home/airflow/.local/lib/python3.12/site-packages/airflow/example_dags/example_setup_teardown_taskflow.py
[2025-03-09T15:52:25.910+0000] {processor.py:925} INFO - DAG(s) 'example_setup_teardown_taskflow' retrieved from /home/airflow/.local/lib/python3.12/site-packages/airflow/example_dags/example_setup_teardown_taskflow.py
[2025-03-09T15:52:25.923+0000] {logging_mixin.py:190} INFO - [2025-03-09T15:52:25.923+0000] {dag.py:3239} INFO - Sync 1 DAGs
[2025-03-09T15:52:25.932+0000] {logging_mixin.py:190} INFO - [2025-03-09T15:52:25.932+0000] {dag.py:4180} INFO - Setting next_dagrun for example_setup_teardown_taskflow to None, run_after=None
[2025-03-09T15:52:25.943+0000] {processor.py:208} INFO - Processing /home/airflow/.local/lib/python3.12/site-packages/airflow/example_dags/example_setup_teardown_taskflow.py took 0.044 seconds
[2025-03-09T15:52:56.646+0000] {processor.py:186} INFO - Started process (PID=4597) to work on /home/airflow/.local/lib/python3.12/site-packages/airflow/example_dags/example_setup_teardown_taskflow.py
[2025-03-09T15:52:56.647+0000] {processor.py:914} INFO - Processing file /home/airflow/.local/lib/python3.12/site-packages/airflow/example_dags/example_setup_teardown_taskflow.py for tasks to queue
[2025-03-09T15:52:56.648+0000] {logging_mixin.py:190} INFO - [2025-03-09T15:52:56.648+0000] {dagbag.py:588} INFO - Filling up the DagBag from /home/airflow/.local/lib/python3.12/site-packages/airflow/example_dags/example_setup_teardown_taskflow.py
[2025-03-09T15:52:56.655+0000] {processor.py:925} INFO - DAG(s) 'example_setup_teardown_taskflow' retrieved from /home/airflow/.local/lib/python3.12/site-packages/airflow/example_dags/example_setup_teardown_taskflow.py
[2025-03-09T15:52:56.668+0000] {logging_mixin.py:190} INFO - [2025-03-09T15:52:56.668+0000] {dag.py:3239} INFO - Sync 1 DAGs
[2025-03-09T15:52:56.676+0000] {logging_mixin.py:190} INFO - [2025-03-09T15:52:56.676+0000] {dag.py:4180} INFO - Setting next_dagrun for example_setup_teardown_taskflow to None, run_after=None
[2025-03-09T15:52:56.688+0000] {processor.py:208} INFO - Processing /home/airflow/.local/lib/python3.12/site-packages/airflow/example_dags/example_setup_teardown_taskflow.py took 0.047 seconds
[2025-03-09T15:53:27.349+0000] {processor.py:186} INFO - Started process (PID=4921) to work on /home/airflow/.local/lib/python3.12/site-packages/airflow/example_dags/example_setup_teardown_taskflow.py
[2025-03-09T15:53:27.349+0000] {processor.py:914} INFO - Processing file /home/airflow/.local/lib/python3.12/site-packages/airflow/example_dags/example_setup_teardown_taskflow.py for tasks to queue
[2025-03-09T15:53:27.350+0000] {logging_mixin.py:190} INFO - [2025-03-09T15:53:27.350+0000] {dagbag.py:588} INFO - Filling up the DagBag from /home/airflow/.local/lib/python3.12/site-packages/airflow/example_dags/example_setup_teardown_taskflow.py
[2025-03-09T15:53:27.356+0000] {processor.py:925} INFO - DAG(s) 'example_setup_teardown_taskflow' retrieved from /home/airflow/.local/lib/python3.12/site-packages/airflow/example_dags/example_setup_teardown_taskflow.py
[2025-03-09T15:53:27.373+0000] {logging_mixin.py:190} INFO - [2025-03-09T15:53:27.373+0000] {dag.py:3239} INFO - Sync 1 DAGs
[2025-03-09T15:53:27.383+0000] {logging_mixin.py:190} INFO - [2025-03-09T15:53:27.383+0000] {dag.py:4180} INFO - Setting next_dagrun for example_setup_teardown_taskflow to None, run_after=None
[2025-03-09T15:53:27.403+0000] {processor.py:208} INFO - Processing /home/airflow/.local/lib/python3.12/site-packages/airflow/example_dags/example_setup_teardown_taskflow.py took 0.060 seconds
[2025-03-09T15:53:58.037+0000] {processor.py:186} INFO - Started process (PID=5251) to work on /home/airflow/.local/lib/python3.12/site-packages/airflow/example_dags/example_setup_teardown_taskflow.py
[2025-03-09T15:53:58.038+0000] {processor.py:914} INFO - Processing file /home/airflow/.local/lib/python3.12/site-packages/airflow/example_dags/example_setup_teardown_taskflow.py for tasks to queue
[2025-03-09T15:53:58.039+0000] {logging_mixin.py:190} INFO - [2025-03-09T15:53:58.039+0000] {dagbag.py:588} INFO - Filling up the DagBag from /home/airflow/.local/lib/python3.12/site-packages/airflow/example_dags/example_setup_teardown_taskflow.py
[2025-03-09T15:53:58.045+0000] {processor.py:925} INFO - DAG(s) 'example_setup_teardown_taskflow' retrieved from /home/airflow/.local/lib/python3.12/site-packages/airflow/example_dags/example_setup_teardown_taskflow.py
[2025-03-09T15:53:58.060+0000] {logging_mixin.py:190} INFO - [2025-03-09T15:53:58.060+0000] {dag.py:3239} INFO - Sync 1 DAGs
[2025-03-09T15:53:58.068+0000] {logging_mixin.py:190} INFO - [2025-03-09T15:53:58.068+0000] {dag.py:4180} INFO - Setting next_dagrun for example_setup_teardown_taskflow to None, run_after=None
[2025-03-09T15:53:58.082+0000] {processor.py:208} INFO - Processing /home/airflow/.local/lib/python3.12/site-packages/airflow/example_dags/example_setup_teardown_taskflow.py took 0.049 seconds
[2025-03-09T15:54:28.892+0000] {processor.py:186} INFO - Started process (PID=5573) to work on /home/airflow/.local/lib/python3.12/site-packages/airflow/example_dags/example_setup_teardown_taskflow.py
[2025-03-09T15:54:28.893+0000] {processor.py:914} INFO - Processing file /home/airflow/.local/lib/python3.12/site-packages/airflow/example_dags/example_setup_teardown_taskflow.py for tasks to queue
[2025-03-09T15:54:28.895+0000] {logging_mixin.py:190} INFO - [2025-03-09T15:54:28.894+0000] {dagbag.py:588} INFO - Filling up the DagBag from /home/airflow/.local/lib/python3.12/site-packages/airflow/example_dags/example_setup_teardown_taskflow.py
[2025-03-09T15:54:28.902+0000] {processor.py:925} INFO - DAG(s) 'example_setup_teardown_taskflow' retrieved from /home/airflow/.local/lib/python3.12/site-packages/airflow/example_dags/example_setup_teardown_taskflow.py
[2025-03-09T15:54:28.922+0000] {logging_mixin.py:190} INFO - [2025-03-09T15:54:28.922+0000] {dag.py:3239} INFO - Sync 1 DAGs
[2025-03-09T15:54:28.932+0000] {logging_mixin.py:190} INFO - [2025-03-09T15:54:28.932+0000] {dag.py:4180} INFO - Setting next_dagrun for example_setup_teardown_taskflow to None, run_after=None
[2025-03-09T15:54:28.949+0000] {processor.py:208} INFO - Processing /home/airflow/.local/lib/python3.12/site-packages/airflow/example_dags/example_setup_teardown_taskflow.py took 0.062 seconds
[2025-03-09T15:54:59.560+0000] {processor.py:186} INFO - Started process (PID=5903) to work on /home/airflow/.local/lib/python3.12/site-packages/airflow/example_dags/example_setup_teardown_taskflow.py
[2025-03-09T15:54:59.560+0000] {processor.py:914} INFO - Processing file /home/airflow/.local/lib/python3.12/site-packages/airflow/example_dags/example_setup_teardown_taskflow.py for tasks to queue
[2025-03-09T15:54:59.562+0000] {logging_mixin.py:190} INFO - [2025-03-09T15:54:59.562+0000] {dagbag.py:588} INFO - Filling up the DagBag from /home/airflow/.local/lib/python3.12/site-packages/airflow/example_dags/example_setup_teardown_taskflow.py
[2025-03-09T15:54:59.568+0000] {processor.py:925} INFO - DAG(s) 'example_setup_teardown_taskflow' retrieved from /home/airflow/.local/lib/python3.12/site-packages/airflow/example_dags/example_setup_teardown_taskflow.py
[2025-03-09T15:54:59.584+0000] {logging_mixin.py:190} INFO - [2025-03-09T15:54:59.584+0000] {dag.py:3239} INFO - Sync 1 DAGs
[2025-03-09T15:54:59.592+0000] {logging_mixin.py:190} INFO - [2025-03-09T15:54:59.592+0000] {dag.py:4180} INFO - Setting next_dagrun for example_setup_teardown_taskflow to None, run_after=None
[2025-03-09T15:54:59.606+0000] {processor.py:208} INFO - Processing /home/airflow/.local/lib/python3.12/site-packages/airflow/example_dags/example_setup_teardown_taskflow.py took 0.051 seconds
[2025-03-09T15:55:30.319+0000] {processor.py:186} INFO - Started process (PID=6226) to work on /home/airflow/.local/lib/python3.12/site-packages/airflow/example_dags/example_setup_teardown_taskflow.py
[2025-03-09T15:55:30.320+0000] {processor.py:914} INFO - Processing file /home/airflow/.local/lib/python3.12/site-packages/airflow/example_dags/example_setup_teardown_taskflow.py for tasks to queue
[2025-03-09T15:55:30.321+0000] {logging_mixin.py:190} INFO - [2025-03-09T15:55:30.321+0000] {dagbag.py:588} INFO - Filling up the DagBag from /home/airflow/.local/lib/python3.12/site-packages/airflow/example_dags/example_setup_teardown_taskflow.py
[2025-03-09T15:55:30.327+0000] {processor.py:925} INFO - DAG(s) 'example_setup_teardown_taskflow' retrieved from /home/airflow/.local/lib/python3.12/site-packages/airflow/example_dags/example_setup_teardown_taskflow.py
[2025-03-09T15:55:30.343+0000] {logging_mixin.py:190} INFO - [2025-03-09T15:55:30.343+0000] {dag.py:3239} INFO - Sync 1 DAGs
[2025-03-09T15:55:30.353+0000] {logging_mixin.py:190} INFO - [2025-03-09T15:55:30.353+0000] {dag.py:4180} INFO - Setting next_dagrun for example_setup_teardown_taskflow to None, run_after=None
[2025-03-09T15:55:30.366+0000] {processor.py:208} INFO - Processing /home/airflow/.local/lib/python3.12/site-packages/airflow/example_dags/example_setup_teardown_taskflow.py took 0.050 seconds
[2025-03-09T15:56:01.633+0000] {processor.py:186} INFO - Started process (PID=6555) to work on /home/airflow/.local/lib/python3.12/site-packages/airflow/example_dags/example_setup_teardown_taskflow.py
[2025-03-09T15:56:01.633+0000] {processor.py:914} INFO - Processing file /home/airflow/.local/lib/python3.12/site-packages/airflow/example_dags/example_setup_teardown_taskflow.py for tasks to queue
[2025-03-09T15:56:01.634+0000] {logging_mixin.py:190} INFO - [2025-03-09T15:56:01.634+0000] {dagbag.py:588} INFO - Filling up the DagBag from /home/airflow/.local/lib/python3.12/site-packages/airflow/example_dags/example_setup_teardown_taskflow.py
[2025-03-09T15:56:01.641+0000] {processor.py:925} INFO - DAG(s) 'example_setup_teardown_taskflow' retrieved from /home/airflow/.local/lib/python3.12/site-packages/airflow/example_dags/example_setup_teardown_taskflow.py
[2025-03-09T15:56:01.657+0000] {logging_mixin.py:190} INFO - [2025-03-09T15:56:01.657+0000] {dag.py:3239} INFO - Sync 1 DAGs
[2025-03-09T15:56:01.666+0000] {logging_mixin.py:190} INFO - [2025-03-09T15:56:01.666+0000] {dag.py:4180} INFO - Setting next_dagrun for example_setup_teardown_taskflow to None, run_after=None
[2025-03-09T15:56:01.683+0000] {processor.py:208} INFO - Processing /home/airflow/.local/lib/python3.12/site-packages/airflow/example_dags/example_setup_teardown_taskflow.py took 0.054 seconds
[2025-03-09T15:56:32.273+0000] {processor.py:186} INFO - Started process (PID=6881) to work on /home/airflow/.local/lib/python3.12/site-packages/airflow/example_dags/example_setup_teardown_taskflow.py
[2025-03-09T15:56:32.273+0000] {processor.py:914} INFO - Processing file /home/airflow/.local/lib/python3.12/site-packages/airflow/example_dags/example_setup_teardown_taskflow.py for tasks to queue
[2025-03-09T15:56:32.274+0000] {logging_mixin.py:190} INFO - [2025-03-09T15:56:32.274+0000] {dagbag.py:588} INFO - Filling up the DagBag from /home/airflow/.local/lib/python3.12/site-packages/airflow/example_dags/example_setup_teardown_taskflow.py
[2025-03-09T15:56:32.281+0000] {processor.py:925} INFO - DAG(s) 'example_setup_teardown_taskflow' retrieved from /home/airflow/.local/lib/python3.12/site-packages/airflow/example_dags/example_setup_teardown_taskflow.py
[2025-03-09T15:56:32.299+0000] {logging_mixin.py:190} INFO - [2025-03-09T15:56:32.299+0000] {dag.py:3239} INFO - Sync 1 DAGs
[2025-03-09T15:56:32.307+0000] {logging_mixin.py:190} INFO - [2025-03-09T15:56:32.307+0000] {dag.py:4180} INFO - Setting next_dagrun for example_setup_teardown_taskflow to None, run_after=None
[2025-03-09T15:56:32.327+0000] {processor.py:208} INFO - Processing /home/airflow/.local/lib/python3.12/site-packages/airflow/example_dags/example_setup_teardown_taskflow.py took 0.057 seconds
[2025-03-09T15:57:03.061+0000] {processor.py:186} INFO - Started process (PID=7204) to work on /home/airflow/.local/lib/python3.12/site-packages/airflow/example_dags/example_setup_teardown_taskflow.py
[2025-03-09T15:57:03.062+0000] {processor.py:914} INFO - Processing file /home/airflow/.local/lib/python3.12/site-packages/airflow/example_dags/example_setup_teardown_taskflow.py for tasks to queue
[2025-03-09T15:57:03.064+0000] {logging_mixin.py:190} INFO - [2025-03-09T15:57:03.064+0000] {dagbag.py:588} INFO - Filling up the DagBag from /home/airflow/.local/lib/python3.12/site-packages/airflow/example_dags/example_setup_teardown_taskflow.py
[2025-03-09T15:57:03.070+0000] {processor.py:925} INFO - DAG(s) 'example_setup_teardown_taskflow' retrieved from /home/airflow/.local/lib/python3.12/site-packages/airflow/example_dags/example_setup_teardown_taskflow.py
[2025-03-09T15:57:03.090+0000] {logging_mixin.py:190} INFO - [2025-03-09T15:57:03.090+0000] {dag.py:3239} INFO - Sync 1 DAGs
[2025-03-09T15:57:03.101+0000] {logging_mixin.py:190} INFO - [2025-03-09T15:57:03.101+0000] {dag.py:4180} INFO - Setting next_dagrun for example_setup_teardown_taskflow to None, run_after=None
[2025-03-09T15:57:03.119+0000] {processor.py:208} INFO - Processing /home/airflow/.local/lib/python3.12/site-packages/airflow/example_dags/example_setup_teardown_taskflow.py took 0.065 seconds
[2025-03-09T15:57:33.873+0000] {processor.py:186} INFO - Started process (PID=7530) to work on /home/airflow/.local/lib/python3.12/site-packages/airflow/example_dags/example_setup_teardown_taskflow.py
[2025-03-09T15:57:33.873+0000] {processor.py:914} INFO - Processing file /home/airflow/.local/lib/python3.12/site-packages/airflow/example_dags/example_setup_teardown_taskflow.py for tasks to queue
[2025-03-09T15:57:33.874+0000] {logging_mixin.py:190} INFO - [2025-03-09T15:57:33.874+0000] {dagbag.py:588} INFO - Filling up the DagBag from /home/airflow/.local/lib/python3.12/site-packages/airflow/example_dags/example_setup_teardown_taskflow.py
[2025-03-09T15:57:33.881+0000] {processor.py:925} INFO - DAG(s) 'example_setup_teardown_taskflow' retrieved from /home/airflow/.local/lib/python3.12/site-packages/airflow/example_dags/example_setup_teardown_taskflow.py
[2025-03-09T15:57:33.896+0000] {logging_mixin.py:190} INFO - [2025-03-09T15:57:33.895+0000] {dag.py:3239} INFO - Sync 1 DAGs
[2025-03-09T15:57:33.906+0000] {logging_mixin.py:190} INFO - [2025-03-09T15:57:33.905+0000] {dag.py:4180} INFO - Setting next_dagrun for example_setup_teardown_taskflow to None, run_after=None
[2025-03-09T15:57:33.920+0000] {processor.py:208} INFO - Processing /home/airflow/.local/lib/python3.12/site-packages/airflow/example_dags/example_setup_teardown_taskflow.py took 0.050 seconds
[2025-03-09T15:58:04.904+0000] {processor.py:186} INFO - Started process (PID=7856) to work on /home/airflow/.local/lib/python3.12/site-packages/airflow/example_dags/example_setup_teardown_taskflow.py
[2025-03-09T15:58:04.904+0000] {processor.py:914} INFO - Processing file /home/airflow/.local/lib/python3.12/site-packages/airflow/example_dags/example_setup_teardown_taskflow.py for tasks to queue
[2025-03-09T15:58:04.906+0000] {logging_mixin.py:190} INFO - [2025-03-09T15:58:04.905+0000] {dagbag.py:588} INFO - Filling up the DagBag from /home/airflow/.local/lib/python3.12/site-packages/airflow/example_dags/example_setup_teardown_taskflow.py
[2025-03-09T15:58:04.914+0000] {processor.py:925} INFO - DAG(s) 'example_setup_teardown_taskflow' retrieved from /home/airflow/.local/lib/python3.12/site-packages/airflow/example_dags/example_setup_teardown_taskflow.py
[2025-03-09T15:58:04.937+0000] {logging_mixin.py:190} INFO - [2025-03-09T15:58:04.937+0000] {dag.py:3239} INFO - Sync 1 DAGs
[2025-03-09T15:58:04.946+0000] {logging_mixin.py:190} INFO - [2025-03-09T15:58:04.946+0000] {dag.py:4180} INFO - Setting next_dagrun for example_setup_teardown_taskflow to None, run_after=None
[2025-03-09T15:58:04.960+0000] {processor.py:208} INFO - Processing /home/airflow/.local/lib/python3.12/site-packages/airflow/example_dags/example_setup_teardown_taskflow.py took 0.059 seconds
[2025-03-09T15:58:35.852+0000] {processor.py:186} INFO - Started process (PID=8180) to work on /home/airflow/.local/lib/python3.12/site-packages/airflow/example_dags/example_setup_teardown_taskflow.py
[2025-03-09T15:58:35.852+0000] {processor.py:914} INFO - Processing file /home/airflow/.local/lib/python3.12/site-packages/airflow/example_dags/example_setup_teardown_taskflow.py for tasks to queue
[2025-03-09T15:58:35.853+0000] {logging_mixin.py:190} INFO - [2025-03-09T15:58:35.853+0000] {dagbag.py:588} INFO - Filling up the DagBag from /home/airflow/.local/lib/python3.12/site-packages/airflow/example_dags/example_setup_teardown_taskflow.py
[2025-03-09T15:58:35.859+0000] {processor.py:925} INFO - DAG(s) 'example_setup_teardown_taskflow' retrieved from /home/airflow/.local/lib/python3.12/site-packages/airflow/example_dags/example_setup_teardown_taskflow.py
[2025-03-09T15:58:35.872+0000] {logging_mixin.py:190} INFO - [2025-03-09T15:58:35.872+0000] {dag.py:3239} INFO - Sync 1 DAGs
[2025-03-09T15:58:35.880+0000] {logging_mixin.py:190} INFO - [2025-03-09T15:58:35.880+0000] {dag.py:4180} INFO - Setting next_dagrun for example_setup_teardown_taskflow to None, run_after=None
[2025-03-09T15:58:35.895+0000] {processor.py:208} INFO - Processing /home/airflow/.local/lib/python3.12/site-packages/airflow/example_dags/example_setup_teardown_taskflow.py took 0.048 seconds
[2025-03-09T15:59:07.691+0000] {processor.py:186} INFO - Started process (PID=8513) to work on /home/airflow/.local/lib/python3.12/site-packages/airflow/example_dags/example_setup_teardown_taskflow.py
[2025-03-09T15:59:07.692+0000] {processor.py:914} INFO - Processing file /home/airflow/.local/lib/python3.12/site-packages/airflow/example_dags/example_setup_teardown_taskflow.py for tasks to queue
[2025-03-09T15:59:07.694+0000] {logging_mixin.py:190} INFO - [2025-03-09T15:59:07.694+0000] {dagbag.py:588} INFO - Filling up the DagBag from /home/airflow/.local/lib/python3.12/site-packages/airflow/example_dags/example_setup_teardown_taskflow.py
[2025-03-09T15:59:07.701+0000] {processor.py:925} INFO - DAG(s) 'example_setup_teardown_taskflow' retrieved from /home/airflow/.local/lib/python3.12/site-packages/airflow/example_dags/example_setup_teardown_taskflow.py
[2025-03-09T15:59:07.718+0000] {logging_mixin.py:190} INFO - [2025-03-09T15:59:07.717+0000] {dag.py:3239} INFO - Sync 1 DAGs
[2025-03-09T15:59:07.726+0000] {logging_mixin.py:190} INFO - [2025-03-09T15:59:07.725+0000] {dag.py:4180} INFO - Setting next_dagrun for example_setup_teardown_taskflow to None, run_after=None
[2025-03-09T15:59:07.736+0000] {processor.py:208} INFO - Processing /home/airflow/.local/lib/python3.12/site-packages/airflow/example_dags/example_setup_teardown_taskflow.py took 0.050 seconds
[2025-03-09T15:59:38.600+0000] {processor.py:186} INFO - Started process (PID=8839) to work on /home/airflow/.local/lib/python3.12/site-packages/airflow/example_dags/example_setup_teardown_taskflow.py
[2025-03-09T15:59:38.601+0000] {processor.py:914} INFO - Processing file /home/airflow/.local/lib/python3.12/site-packages/airflow/example_dags/example_setup_teardown_taskflow.py for tasks to queue
[2025-03-09T15:59:38.602+0000] {logging_mixin.py:190} INFO - [2025-03-09T15:59:38.602+0000] {dagbag.py:588} INFO - Filling up the DagBag from /home/airflow/.local/lib/python3.12/site-packages/airflow/example_dags/example_setup_teardown_taskflow.py
[2025-03-09T15:59:38.609+0000] {processor.py:925} INFO - DAG(s) 'example_setup_teardown_taskflow' retrieved from /home/airflow/.local/lib/python3.12/site-packages/airflow/example_dags/example_setup_teardown_taskflow.py
[2025-03-09T15:59:38.627+0000] {logging_mixin.py:190} INFO - [2025-03-09T15:59:38.626+0000] {dag.py:3239} INFO - Sync 1 DAGs
[2025-03-09T15:59:38.636+0000] {logging_mixin.py:190} INFO - [2025-03-09T15:59:38.636+0000] {dag.py:4180} INFO - Setting next_dagrun for example_setup_teardown_taskflow to None, run_after=None
[2025-03-09T15:59:38.650+0000] {processor.py:208} INFO - Processing /home/airflow/.local/lib/python3.12/site-packages/airflow/example_dags/example_setup_teardown_taskflow.py took 0.055 seconds
[2025-03-09T16:00:09.024+0000] {processor.py:186} INFO - Started process (PID=9163) to work on /home/airflow/.local/lib/python3.12/site-packages/airflow/example_dags/example_setup_teardown_taskflow.py
[2025-03-09T16:00:09.025+0000] {processor.py:914} INFO - Processing file /home/airflow/.local/lib/python3.12/site-packages/airflow/example_dags/example_setup_teardown_taskflow.py for tasks to queue
[2025-03-09T16:00:09.026+0000] {logging_mixin.py:190} INFO - [2025-03-09T16:00:09.026+0000] {dagbag.py:588} INFO - Filling up the DagBag from /home/airflow/.local/lib/python3.12/site-packages/airflow/example_dags/example_setup_teardown_taskflow.py
[2025-03-09T16:00:09.033+0000] {processor.py:925} INFO - DAG(s) 'example_setup_teardown_taskflow' retrieved from /home/airflow/.local/lib/python3.12/site-packages/airflow/example_dags/example_setup_teardown_taskflow.py
[2025-03-09T16:00:09.051+0000] {logging_mixin.py:190} INFO - [2025-03-09T16:00:09.051+0000] {dag.py:3239} INFO - Sync 1 DAGs
[2025-03-09T16:00:09.060+0000] {logging_mixin.py:190} INFO - [2025-03-09T16:00:09.060+0000] {dag.py:4180} INFO - Setting next_dagrun for example_setup_teardown_taskflow to None, run_after=None
[2025-03-09T16:00:09.077+0000] {processor.py:208} INFO - Processing /home/airflow/.local/lib/python3.12/site-packages/airflow/example_dags/example_setup_teardown_taskflow.py took 0.057 seconds
[2025-03-09T16:00:39.536+0000] {processor.py:186} INFO - Started process (PID=9489) to work on /home/airflow/.local/lib/python3.12/site-packages/airflow/example_dags/example_setup_teardown_taskflow.py
[2025-03-09T16:00:39.537+0000] {processor.py:914} INFO - Processing file /home/airflow/.local/lib/python3.12/site-packages/airflow/example_dags/example_setup_teardown_taskflow.py for tasks to queue
[2025-03-09T16:00:39.538+0000] {logging_mixin.py:190} INFO - [2025-03-09T16:00:39.538+0000] {dagbag.py:588} INFO - Filling up the DagBag from /home/airflow/.local/lib/python3.12/site-packages/airflow/example_dags/example_setup_teardown_taskflow.py
[2025-03-09T16:00:39.546+0000] {processor.py:925} INFO - DAG(s) 'example_setup_teardown_taskflow' retrieved from /home/airflow/.local/lib/python3.12/site-packages/airflow/example_dags/example_setup_teardown_taskflow.py
[2025-03-09T16:00:39.563+0000] {logging_mixin.py:190} INFO - [2025-03-09T16:00:39.563+0000] {dag.py:3239} INFO - Sync 1 DAGs
[2025-03-09T16:00:39.574+0000] {logging_mixin.py:190} INFO - [2025-03-09T16:00:39.573+0000] {dag.py:4180} INFO - Setting next_dagrun for example_setup_teardown_taskflow to None, run_after=None
[2025-03-09T16:00:39.586+0000] {processor.py:208} INFO - Processing /home/airflow/.local/lib/python3.12/site-packages/airflow/example_dags/example_setup_teardown_taskflow.py took 0.055 seconds
[2025-03-09T16:01:10.126+0000] {processor.py:186} INFO - Started process (PID=9815) to work on /home/airflow/.local/lib/python3.12/site-packages/airflow/example_dags/example_setup_teardown_taskflow.py
[2025-03-09T16:01:10.127+0000] {processor.py:914} INFO - Processing file /home/airflow/.local/lib/python3.12/site-packages/airflow/example_dags/example_setup_teardown_taskflow.py for tasks to queue
[2025-03-09T16:01:10.129+0000] {logging_mixin.py:190} INFO - [2025-03-09T16:01:10.128+0000] {dagbag.py:588} INFO - Filling up the DagBag from /home/airflow/.local/lib/python3.12/site-packages/airflow/example_dags/example_setup_teardown_taskflow.py
[2025-03-09T16:01:10.135+0000] {processor.py:925} INFO - DAG(s) 'example_setup_teardown_taskflow' retrieved from /home/airflow/.local/lib/python3.12/site-packages/airflow/example_dags/example_setup_teardown_taskflow.py
[2025-03-09T16:01:10.151+0000] {logging_mixin.py:190} INFO - [2025-03-09T16:01:10.150+0000] {dag.py:3239} INFO - Sync 1 DAGs
[2025-03-09T16:01:10.159+0000] {logging_mixin.py:190} INFO - [2025-03-09T16:01:10.159+0000] {dag.py:4180} INFO - Setting next_dagrun for example_setup_teardown_taskflow to None, run_after=None
[2025-03-09T16:01:10.174+0000] {processor.py:208} INFO - Processing /home/airflow/.local/lib/python3.12/site-packages/airflow/example_dags/example_setup_teardown_taskflow.py took 0.053 seconds
[2025-03-09T16:01:40.749+0000] {processor.py:186} INFO - Started process (PID=10141) to work on /home/airflow/.local/lib/python3.12/site-packages/airflow/example_dags/example_setup_teardown_taskflow.py
[2025-03-09T16:01:40.750+0000] {processor.py:914} INFO - Processing file /home/airflow/.local/lib/python3.12/site-packages/airflow/example_dags/example_setup_teardown_taskflow.py for tasks to queue
[2025-03-09T16:01:40.751+0000] {logging_mixin.py:190} INFO - [2025-03-09T16:01:40.751+0000] {dagbag.py:588} INFO - Filling up the DagBag from /home/airflow/.local/lib/python3.12/site-packages/airflow/example_dags/example_setup_teardown_taskflow.py
[2025-03-09T16:01:40.759+0000] {processor.py:925} INFO - DAG(s) 'example_setup_teardown_taskflow' retrieved from /home/airflow/.local/lib/python3.12/site-packages/airflow/example_dags/example_setup_teardown_taskflow.py
[2025-03-09T16:01:40.778+0000] {logging_mixin.py:190} INFO - [2025-03-09T16:01:40.777+0000] {dag.py:3239} INFO - Sync 1 DAGs
[2025-03-09T16:01:40.788+0000] {logging_mixin.py:190} INFO - [2025-03-09T16:01:40.788+0000] {dag.py:4180} INFO - Setting next_dagrun for example_setup_teardown_taskflow to None, run_after=None
[2025-03-09T16:01:40.802+0000] {processor.py:208} INFO - Processing /home/airflow/.local/lib/python3.12/site-packages/airflow/example_dags/example_setup_teardown_taskflow.py took 0.057 seconds
[2025-03-09T16:02:11.205+0000] {processor.py:186} INFO - Started process (PID=10467) to work on /home/airflow/.local/lib/python3.12/site-packages/airflow/example_dags/example_setup_teardown_taskflow.py
[2025-03-09T16:02:11.205+0000] {processor.py:914} INFO - Processing file /home/airflow/.local/lib/python3.12/site-packages/airflow/example_dags/example_setup_teardown_taskflow.py for tasks to queue
[2025-03-09T16:02:11.206+0000] {logging_mixin.py:190} INFO - [2025-03-09T16:02:11.206+0000] {dagbag.py:588} INFO - Filling up the DagBag from /home/airflow/.local/lib/python3.12/site-packages/airflow/example_dags/example_setup_teardown_taskflow.py
[2025-03-09T16:02:11.212+0000] {processor.py:925} INFO - DAG(s) 'example_setup_teardown_taskflow' retrieved from /home/airflow/.local/lib/python3.12/site-packages/airflow/example_dags/example_setup_teardown_taskflow.py
[2025-03-09T16:02:11.230+0000] {logging_mixin.py:190} INFO - [2025-03-09T16:02:11.230+0000] {dag.py:3239} INFO - Sync 1 DAGs
[2025-03-09T16:02:11.239+0000] {logging_mixin.py:190} INFO - [2025-03-09T16:02:11.239+0000] {dag.py:4180} INFO - Setting next_dagrun for example_setup_teardown_taskflow to None, run_after=None
[2025-03-09T16:02:11.257+0000] {processor.py:208} INFO - Processing /home/airflow/.local/lib/python3.12/site-packages/airflow/example_dags/example_setup_teardown_taskflow.py took 0.055 seconds
[2025-03-09T16:02:41.967+0000] {processor.py:186} INFO - Started process (PID=10790) to work on /home/airflow/.local/lib/python3.12/site-packages/airflow/example_dags/example_setup_teardown_taskflow.py
[2025-03-09T16:02:41.967+0000] {processor.py:914} INFO - Processing file /home/airflow/.local/lib/python3.12/site-packages/airflow/example_dags/example_setup_teardown_taskflow.py for tasks to queue
[2025-03-09T16:02:41.969+0000] {logging_mixin.py:190} INFO - [2025-03-09T16:02:41.968+0000] {dagbag.py:588} INFO - Filling up the DagBag from /home/airflow/.local/lib/python3.12/site-packages/airflow/example_dags/example_setup_teardown_taskflow.py
[2025-03-09T16:02:41.975+0000] {processor.py:925} INFO - DAG(s) 'example_setup_teardown_taskflow' retrieved from /home/airflow/.local/lib/python3.12/site-packages/airflow/example_dags/example_setup_teardown_taskflow.py
[2025-03-09T16:02:41.992+0000] {logging_mixin.py:190} INFO - [2025-03-09T16:02:41.992+0000] {dag.py:3239} INFO - Sync 1 DAGs
[2025-03-09T16:02:42.004+0000] {logging_mixin.py:190} INFO - [2025-03-09T16:02:42.003+0000] {dag.py:4180} INFO - Setting next_dagrun for example_setup_teardown_taskflow to None, run_after=None
[2025-03-09T16:02:42.017+0000] {processor.py:208} INFO - Processing /home/airflow/.local/lib/python3.12/site-packages/airflow/example_dags/example_setup_teardown_taskflow.py took 0.055 seconds
[2025-03-09T16:03:12.919+0000] {processor.py:186} INFO - Started process (PID=11121) to work on /home/airflow/.local/lib/python3.12/site-packages/airflow/example_dags/example_setup_teardown_taskflow.py
[2025-03-09T16:03:12.919+0000] {processor.py:914} INFO - Processing file /home/airflow/.local/lib/python3.12/site-packages/airflow/example_dags/example_setup_teardown_taskflow.py for tasks to queue
[2025-03-09T16:03:12.921+0000] {logging_mixin.py:190} INFO - [2025-03-09T16:03:12.921+0000] {dagbag.py:588} INFO - Filling up the DagBag from /home/airflow/.local/lib/python3.12/site-packages/airflow/example_dags/example_setup_teardown_taskflow.py
[2025-03-09T16:03:12.930+0000] {processor.py:925} INFO - DAG(s) 'example_setup_teardown_taskflow' retrieved from /home/airflow/.local/lib/python3.12/site-packages/airflow/example_dags/example_setup_teardown_taskflow.py
[2025-03-09T16:03:12.944+0000] {logging_mixin.py:190} INFO - [2025-03-09T16:03:12.944+0000] {dag.py:3239} INFO - Sync 1 DAGs
[2025-03-09T16:03:12.952+0000] {logging_mixin.py:190} INFO - [2025-03-09T16:03:12.952+0000] {dag.py:4180} INFO - Setting next_dagrun for example_setup_teardown_taskflow to None, run_after=None
[2025-03-09T16:03:12.964+0000] {processor.py:208} INFO - Processing /home/airflow/.local/lib/python3.12/site-packages/airflow/example_dags/example_setup_teardown_taskflow.py took 0.048 seconds
[2025-03-09T16:03:43.455+0000] {processor.py:186} INFO - Started process (PID=11445) to work on /home/airflow/.local/lib/python3.12/site-packages/airflow/example_dags/example_setup_teardown_taskflow.py
[2025-03-09T16:03:43.455+0000] {processor.py:914} INFO - Processing file /home/airflow/.local/lib/python3.12/site-packages/airflow/example_dags/example_setup_teardown_taskflow.py for tasks to queue
[2025-03-09T16:03:43.457+0000] {logging_mixin.py:190} INFO - [2025-03-09T16:03:43.456+0000] {dagbag.py:588} INFO - Filling up the DagBag from /home/airflow/.local/lib/python3.12/site-packages/airflow/example_dags/example_setup_teardown_taskflow.py
[2025-03-09T16:03:43.463+0000] {processor.py:925} INFO - DAG(s) 'example_setup_teardown_taskflow' retrieved from /home/airflow/.local/lib/python3.12/site-packages/airflow/example_dags/example_setup_teardown_taskflow.py
[2025-03-09T16:03:43.482+0000] {logging_mixin.py:190} INFO - [2025-03-09T16:03:43.481+0000] {dag.py:3239} INFO - Sync 1 DAGs
[2025-03-09T16:03:43.490+0000] {logging_mixin.py:190} INFO - [2025-03-09T16:03:43.490+0000] {dag.py:4180} INFO - Setting next_dagrun for example_setup_teardown_taskflow to None, run_after=None
[2025-03-09T16:03:43.505+0000] {processor.py:208} INFO - Processing /home/airflow/.local/lib/python3.12/site-packages/airflow/example_dags/example_setup_teardown_taskflow.py took 0.055 seconds
[2025-03-09T16:04:14.576+0000] {processor.py:186} INFO - Started process (PID=11773) to work on /home/airflow/.local/lib/python3.12/site-packages/airflow/example_dags/example_setup_teardown_taskflow.py
[2025-03-09T16:04:14.577+0000] {processor.py:914} INFO - Processing file /home/airflow/.local/lib/python3.12/site-packages/airflow/example_dags/example_setup_teardown_taskflow.py for tasks to queue
[2025-03-09T16:04:14.579+0000] {logging_mixin.py:190} INFO - [2025-03-09T16:04:14.578+0000] {dagbag.py:588} INFO - Filling up the DagBag from /home/airflow/.local/lib/python3.12/site-packages/airflow/example_dags/example_setup_teardown_taskflow.py
[2025-03-09T16:04:14.585+0000] {processor.py:925} INFO - DAG(s) 'example_setup_teardown_taskflow' retrieved from /home/airflow/.local/lib/python3.12/site-packages/airflow/example_dags/example_setup_teardown_taskflow.py
[2025-03-09T16:04:14.602+0000] {logging_mixin.py:190} INFO - [2025-03-09T16:04:14.602+0000] {dag.py:3239} INFO - Sync 1 DAGs
[2025-03-09T16:04:14.611+0000] {logging_mixin.py:190} INFO - [2025-03-09T16:04:14.611+0000] {dag.py:4180} INFO - Setting next_dagrun for example_setup_teardown_taskflow to None, run_after=None
[2025-03-09T16:04:14.626+0000] {processor.py:208} INFO - Processing /home/airflow/.local/lib/python3.12/site-packages/airflow/example_dags/example_setup_teardown_taskflow.py took 0.053 seconds
[2025-03-09T16:04:45.484+0000] {processor.py:186} INFO - Started process (PID=12099) to work on /home/airflow/.local/lib/python3.12/site-packages/airflow/example_dags/example_setup_teardown_taskflow.py
[2025-03-09T16:04:45.484+0000] {processor.py:914} INFO - Processing file /home/airflow/.local/lib/python3.12/site-packages/airflow/example_dags/example_setup_teardown_taskflow.py for tasks to queue
[2025-03-09T16:04:45.487+0000] {logging_mixin.py:190} INFO - [2025-03-09T16:04:45.486+0000] {dagbag.py:588} INFO - Filling up the DagBag from /home/airflow/.local/lib/python3.12/site-packages/airflow/example_dags/example_setup_teardown_taskflow.py
[2025-03-09T16:04:45.495+0000] {processor.py:925} INFO - DAG(s) 'example_setup_teardown_taskflow' retrieved from /home/airflow/.local/lib/python3.12/site-packages/airflow/example_dags/example_setup_teardown_taskflow.py
[2025-03-09T16:04:45.510+0000] {logging_mixin.py:190} INFO - [2025-03-09T16:04:45.510+0000] {dag.py:3239} INFO - Sync 1 DAGs
[2025-03-09T16:04:45.519+0000] {logging_mixin.py:190} INFO - [2025-03-09T16:04:45.519+0000] {dag.py:4180} INFO - Setting next_dagrun for example_setup_teardown_taskflow to None, run_after=None
[2025-03-09T16:04:45.532+0000] {processor.py:208} INFO - Processing /home/airflow/.local/lib/python3.12/site-packages/airflow/example_dags/example_setup_teardown_taskflow.py took 0.053 seconds
[2025-03-09T16:05:16.026+0000] {processor.py:186} INFO - Started process (PID=12423) to work on /home/airflow/.local/lib/python3.12/site-packages/airflow/example_dags/example_setup_teardown_taskflow.py
[2025-03-09T16:05:16.026+0000] {processor.py:914} INFO - Processing file /home/airflow/.local/lib/python3.12/site-packages/airflow/example_dags/example_setup_teardown_taskflow.py for tasks to queue
[2025-03-09T16:05:16.028+0000] {logging_mixin.py:190} INFO - [2025-03-09T16:05:16.027+0000] {dagbag.py:588} INFO - Filling up the DagBag from /home/airflow/.local/lib/python3.12/site-packages/airflow/example_dags/example_setup_teardown_taskflow.py
[2025-03-09T16:05:16.034+0000] {processor.py:925} INFO - DAG(s) 'example_setup_teardown_taskflow' retrieved from /home/airflow/.local/lib/python3.12/site-packages/airflow/example_dags/example_setup_teardown_taskflow.py
[2025-03-09T16:05:16.048+0000] {logging_mixin.py:190} INFO - [2025-03-09T16:05:16.048+0000] {dag.py:3239} INFO - Sync 1 DAGs
[2025-03-09T16:05:16.056+0000] {logging_mixin.py:190} INFO - [2025-03-09T16:05:16.056+0000] {dag.py:4180} INFO - Setting next_dagrun for example_setup_teardown_taskflow to None, run_after=None
[2025-03-09T16:05:16.070+0000] {processor.py:208} INFO - Processing /home/airflow/.local/lib/python3.12/site-packages/airflow/example_dags/example_setup_teardown_taskflow.py took 0.049 seconds
[2025-03-09T16:05:46.727+0000] {processor.py:186} INFO - Started process (PID=12749) to work on /home/airflow/.local/lib/python3.12/site-packages/airflow/example_dags/example_setup_teardown_taskflow.py
[2025-03-09T16:05:46.728+0000] {processor.py:914} INFO - Processing file /home/airflow/.local/lib/python3.12/site-packages/airflow/example_dags/example_setup_teardown_taskflow.py for tasks to queue
[2025-03-09T16:05:46.729+0000] {logging_mixin.py:190} INFO - [2025-03-09T16:05:46.729+0000] {dagbag.py:588} INFO - Filling up the DagBag from /home/airflow/.local/lib/python3.12/site-packages/airflow/example_dags/example_setup_teardown_taskflow.py
[2025-03-09T16:05:46.735+0000] {processor.py:925} INFO - DAG(s) 'example_setup_teardown_taskflow' retrieved from /home/airflow/.local/lib/python3.12/site-packages/airflow/example_dags/example_setup_teardown_taskflow.py
[2025-03-09T16:05:46.751+0000] {logging_mixin.py:190} INFO - [2025-03-09T16:05:46.751+0000] {dag.py:3239} INFO - Sync 1 DAGs
[2025-03-09T16:05:46.762+0000] {logging_mixin.py:190} INFO - [2025-03-09T16:05:46.762+0000] {dag.py:4180} INFO - Setting next_dagrun for example_setup_teardown_taskflow to None, run_after=None
[2025-03-09T16:05:46.776+0000] {processor.py:208} INFO - Processing /home/airflow/.local/lib/python3.12/site-packages/airflow/example_dags/example_setup_teardown_taskflow.py took 0.052 seconds
[2025-03-09T16:06:17.352+0000] {processor.py:186} INFO - Started process (PID=13075) to work on /home/airflow/.local/lib/python3.12/site-packages/airflow/example_dags/example_setup_teardown_taskflow.py
[2025-03-09T16:06:17.352+0000] {processor.py:914} INFO - Processing file /home/airflow/.local/lib/python3.12/site-packages/airflow/example_dags/example_setup_teardown_taskflow.py for tasks to queue
[2025-03-09T16:06:17.353+0000] {logging_mixin.py:190} INFO - [2025-03-09T16:06:17.353+0000] {dagbag.py:588} INFO - Filling up the DagBag from /home/airflow/.local/lib/python3.12/site-packages/airflow/example_dags/example_setup_teardown_taskflow.py
[2025-03-09T16:06:17.360+0000] {processor.py:925} INFO - DAG(s) 'example_setup_teardown_taskflow' retrieved from /home/airflow/.local/lib/python3.12/site-packages/airflow/example_dags/example_setup_teardown_taskflow.py
[2025-03-09T16:06:17.375+0000] {logging_mixin.py:190} INFO - [2025-03-09T16:06:17.375+0000] {dag.py:3239} INFO - Sync 1 DAGs
[2025-03-09T16:06:17.386+0000] {logging_mixin.py:190} INFO - [2025-03-09T16:06:17.385+0000] {dag.py:4180} INFO - Setting next_dagrun for example_setup_teardown_taskflow to None, run_after=None
[2025-03-09T16:06:17.399+0000] {processor.py:208} INFO - Processing /home/airflow/.local/lib/python3.12/site-packages/airflow/example_dags/example_setup_teardown_taskflow.py took 0.051 seconds
[2025-03-09T16:06:47.859+0000] {processor.py:186} INFO - Started process (PID=13401) to work on /home/airflow/.local/lib/python3.12/site-packages/airflow/example_dags/example_setup_teardown_taskflow.py
[2025-03-09T16:06:47.860+0000] {processor.py:914} INFO - Processing file /home/airflow/.local/lib/python3.12/site-packages/airflow/example_dags/example_setup_teardown_taskflow.py for tasks to queue
[2025-03-09T16:06:47.861+0000] {logging_mixin.py:190} INFO - [2025-03-09T16:06:47.861+0000] {dagbag.py:588} INFO - Filling up the DagBag from /home/airflow/.local/lib/python3.12/site-packages/airflow/example_dags/example_setup_teardown_taskflow.py
[2025-03-09T16:06:47.867+0000] {processor.py:925} INFO - DAG(s) 'example_setup_teardown_taskflow' retrieved from /home/airflow/.local/lib/python3.12/site-packages/airflow/example_dags/example_setup_teardown_taskflow.py
[2025-03-09T16:06:47.885+0000] {logging_mixin.py:190} INFO - [2025-03-09T16:06:47.884+0000] {dag.py:3239} INFO - Sync 1 DAGs
[2025-03-09T16:06:47.894+0000] {logging_mixin.py:190} INFO - [2025-03-09T16:06:47.894+0000] {dag.py:4180} INFO - Setting next_dagrun for example_setup_teardown_taskflow to None, run_after=None
[2025-03-09T16:06:47.910+0000] {processor.py:208} INFO - Processing /home/airflow/.local/lib/python3.12/site-packages/airflow/example_dags/example_setup_teardown_taskflow.py took 0.054 seconds
[2025-03-09T16:07:18.531+0000] {processor.py:186} INFO - Started process (PID=13733) to work on /home/airflow/.local/lib/python3.12/site-packages/airflow/example_dags/example_setup_teardown_taskflow.py
[2025-03-09T16:07:18.531+0000] {processor.py:914} INFO - Processing file /home/airflow/.local/lib/python3.12/site-packages/airflow/example_dags/example_setup_teardown_taskflow.py for tasks to queue
[2025-03-09T16:07:18.533+0000] {logging_mixin.py:190} INFO - [2025-03-09T16:07:18.532+0000] {dagbag.py:588} INFO - Filling up the DagBag from /home/airflow/.local/lib/python3.12/site-packages/airflow/example_dags/example_setup_teardown_taskflow.py
[2025-03-09T16:07:18.540+0000] {processor.py:925} INFO - DAG(s) 'example_setup_teardown_taskflow' retrieved from /home/airflow/.local/lib/python3.12/site-packages/airflow/example_dags/example_setup_teardown_taskflow.py
[2025-03-09T16:07:18.558+0000] {logging_mixin.py:190} INFO - [2025-03-09T16:07:18.558+0000] {dag.py:3239} INFO - Sync 1 DAGs
[2025-03-09T16:07:18.568+0000] {logging_mixin.py:190} INFO - [2025-03-09T16:07:18.568+0000] {dag.py:4180} INFO - Setting next_dagrun for example_setup_teardown_taskflow to None, run_after=None
[2025-03-09T16:07:18.584+0000] {processor.py:208} INFO - Processing /home/airflow/.local/lib/python3.12/site-packages/airflow/example_dags/example_setup_teardown_taskflow.py took 0.057 seconds
[2025-03-09T16:07:49.115+0000] {processor.py:186} INFO - Started process (PID=14060) to work on /home/airflow/.local/lib/python3.12/site-packages/airflow/example_dags/example_setup_teardown_taskflow.py
[2025-03-09T16:07:49.115+0000] {processor.py:914} INFO - Processing file /home/airflow/.local/lib/python3.12/site-packages/airflow/example_dags/example_setup_teardown_taskflow.py for tasks to queue
[2025-03-09T16:07:49.116+0000] {logging_mixin.py:190} INFO - [2025-03-09T16:07:49.116+0000] {dagbag.py:588} INFO - Filling up the DagBag from /home/airflow/.local/lib/python3.12/site-packages/airflow/example_dags/example_setup_teardown_taskflow.py
[2025-03-09T16:07:49.123+0000] {processor.py:925} INFO - DAG(s) 'example_setup_teardown_taskflow' retrieved from /home/airflow/.local/lib/python3.12/site-packages/airflow/example_dags/example_setup_teardown_taskflow.py
[2025-03-09T16:07:49.138+0000] {logging_mixin.py:190} INFO - [2025-03-09T16:07:49.138+0000] {dag.py:3239} INFO - Sync 1 DAGs
[2025-03-09T16:07:49.147+0000] {logging_mixin.py:190} INFO - [2025-03-09T16:07:49.147+0000] {dag.py:4180} INFO - Setting next_dagrun for example_setup_teardown_taskflow to None, run_after=None
[2025-03-09T16:07:49.166+0000] {processor.py:208} INFO - Processing /home/airflow/.local/lib/python3.12/site-packages/airflow/example_dags/example_setup_teardown_taskflow.py took 0.055 seconds
[2025-03-09T16:08:19.893+0000] {processor.py:186} INFO - Started process (PID=14383) to work on /home/airflow/.local/lib/python3.12/site-packages/airflow/example_dags/example_setup_teardown_taskflow.py
[2025-03-09T16:08:19.894+0000] {processor.py:914} INFO - Processing file /home/airflow/.local/lib/python3.12/site-packages/airflow/example_dags/example_setup_teardown_taskflow.py for tasks to queue
[2025-03-09T16:08:19.895+0000] {logging_mixin.py:190} INFO - [2025-03-09T16:08:19.895+0000] {dagbag.py:588} INFO - Filling up the DagBag from /home/airflow/.local/lib/python3.12/site-packages/airflow/example_dags/example_setup_teardown_taskflow.py
[2025-03-09T16:08:19.901+0000] {processor.py:925} INFO - DAG(s) 'example_setup_teardown_taskflow' retrieved from /home/airflow/.local/lib/python3.12/site-packages/airflow/example_dags/example_setup_teardown_taskflow.py
[2025-03-09T16:08:19.914+0000] {logging_mixin.py:190} INFO - [2025-03-09T16:08:19.914+0000] {dag.py:3239} INFO - Sync 1 DAGs
[2025-03-09T16:08:19.923+0000] {logging_mixin.py:190} INFO - [2025-03-09T16:08:19.923+0000] {dag.py:4180} INFO - Setting next_dagrun for example_setup_teardown_taskflow to None, run_after=None
[2025-03-09T16:08:19.939+0000] {processor.py:208} INFO - Processing /home/airflow/.local/lib/python3.12/site-packages/airflow/example_dags/example_setup_teardown_taskflow.py took 0.049 seconds
[2025-03-09T16:08:50.649+0000] {processor.py:186} INFO - Started process (PID=14709) to work on /home/airflow/.local/lib/python3.12/site-packages/airflow/example_dags/example_setup_teardown_taskflow.py
[2025-03-09T16:08:50.649+0000] {processor.py:914} INFO - Processing file /home/airflow/.local/lib/python3.12/site-packages/airflow/example_dags/example_setup_teardown_taskflow.py for tasks to queue
[2025-03-09T16:08:50.651+0000] {logging_mixin.py:190} INFO - [2025-03-09T16:08:50.651+0000] {dagbag.py:588} INFO - Filling up the DagBag from /home/airflow/.local/lib/python3.12/site-packages/airflow/example_dags/example_setup_teardown_taskflow.py
[2025-03-09T16:08:50.662+0000] {processor.py:925} INFO - DAG(s) 'example_setup_teardown_taskflow' retrieved from /home/airflow/.local/lib/python3.12/site-packages/airflow/example_dags/example_setup_teardown_taskflow.py
[2025-03-09T16:08:50.680+0000] {logging_mixin.py:190} INFO - [2025-03-09T16:08:50.680+0000] {dag.py:3239} INFO - Sync 1 DAGs
[2025-03-09T16:08:50.688+0000] {logging_mixin.py:190} INFO - [2025-03-09T16:08:50.688+0000] {dag.py:4180} INFO - Setting next_dagrun for example_setup_teardown_taskflow to None, run_after=None
[2025-03-09T16:08:50.699+0000] {processor.py:208} INFO - Processing /home/airflow/.local/lib/python3.12/site-packages/airflow/example_dags/example_setup_teardown_taskflow.py took 0.056 seconds
[2025-03-09T16:09:21.145+0000] {processor.py:186} INFO - Started process (PID=15035) to work on /home/airflow/.local/lib/python3.12/site-packages/airflow/example_dags/example_setup_teardown_taskflow.py
[2025-03-09T16:09:21.145+0000] {processor.py:914} INFO - Processing file /home/airflow/.local/lib/python3.12/site-packages/airflow/example_dags/example_setup_teardown_taskflow.py for tasks to queue
[2025-03-09T16:09:21.146+0000] {logging_mixin.py:190} INFO - [2025-03-09T16:09:21.146+0000] {dagbag.py:588} INFO - Filling up the DagBag from /home/airflow/.local/lib/python3.12/site-packages/airflow/example_dags/example_setup_teardown_taskflow.py
[2025-03-09T16:09:21.153+0000] {processor.py:925} INFO - DAG(s) 'example_setup_teardown_taskflow' retrieved from /home/airflow/.local/lib/python3.12/site-packages/airflow/example_dags/example_setup_teardown_taskflow.py
[2025-03-09T16:09:21.168+0000] {logging_mixin.py:190} INFO - [2025-03-09T16:09:21.167+0000] {dag.py:3239} INFO - Sync 1 DAGs
[2025-03-09T16:09:21.179+0000] {logging_mixin.py:190} INFO - [2025-03-09T16:09:21.178+0000] {dag.py:4180} INFO - Setting next_dagrun for example_setup_teardown_taskflow to None, run_after=None
[2025-03-09T16:09:21.191+0000] {processor.py:208} INFO - Processing /home/airflow/.local/lib/python3.12/site-packages/airflow/example_dags/example_setup_teardown_taskflow.py took 0.050 seconds
[2025-03-09T16:09:51.899+0000] {processor.py:186} INFO - Started process (PID=15361) to work on /home/airflow/.local/lib/python3.12/site-packages/airflow/example_dags/example_setup_teardown_taskflow.py
[2025-03-09T16:09:51.899+0000] {processor.py:914} INFO - Processing file /home/airflow/.local/lib/python3.12/site-packages/airflow/example_dags/example_setup_teardown_taskflow.py for tasks to queue
[2025-03-09T16:09:51.900+0000] {logging_mixin.py:190} INFO - [2025-03-09T16:09:51.900+0000] {dagbag.py:588} INFO - Filling up the DagBag from /home/airflow/.local/lib/python3.12/site-packages/airflow/example_dags/example_setup_teardown_taskflow.py
[2025-03-09T16:09:51.906+0000] {processor.py:925} INFO - DAG(s) 'example_setup_teardown_taskflow' retrieved from /home/airflow/.local/lib/python3.12/site-packages/airflow/example_dags/example_setup_teardown_taskflow.py
[2025-03-09T16:09:51.932+0000] {logging_mixin.py:190} INFO - [2025-03-09T16:09:51.931+0000] {dag.py:3239} INFO - Sync 1 DAGs
[2025-03-09T16:09:51.945+0000] {logging_mixin.py:190} INFO - [2025-03-09T16:09:51.944+0000] {dag.py:4180} INFO - Setting next_dagrun for example_setup_teardown_taskflow to None, run_after=None
[2025-03-09T16:09:51.959+0000] {processor.py:208} INFO - Processing /home/airflow/.local/lib/python3.12/site-packages/airflow/example_dags/example_setup_teardown_taskflow.py took 0.064 seconds
[2025-03-09T16:10:22.505+0000] {processor.py:186} INFO - Started process (PID=15687) to work on /home/airflow/.local/lib/python3.12/site-packages/airflow/example_dags/example_setup_teardown_taskflow.py
[2025-03-09T16:10:22.506+0000] {processor.py:914} INFO - Processing file /home/airflow/.local/lib/python3.12/site-packages/airflow/example_dags/example_setup_teardown_taskflow.py for tasks to queue
[2025-03-09T16:10:22.508+0000] {logging_mixin.py:190} INFO - [2025-03-09T16:10:22.508+0000] {dagbag.py:588} INFO - Filling up the DagBag from /home/airflow/.local/lib/python3.12/site-packages/airflow/example_dags/example_setup_teardown_taskflow.py
[2025-03-09T16:10:22.517+0000] {processor.py:925} INFO - DAG(s) 'example_setup_teardown_taskflow' retrieved from /home/airflow/.local/lib/python3.12/site-packages/airflow/example_dags/example_setup_teardown_taskflow.py
[2025-03-09T16:10:22.534+0000] {logging_mixin.py:190} INFO - [2025-03-09T16:10:22.534+0000] {dag.py:3239} INFO - Sync 1 DAGs
[2025-03-09T16:10:22.546+0000] {logging_mixin.py:190} INFO - [2025-03-09T16:10:22.546+0000] {dag.py:4180} INFO - Setting next_dagrun for example_setup_teardown_taskflow to None, run_after=None
[2025-03-09T16:10:22.560+0000] {processor.py:208} INFO - Processing /home/airflow/.local/lib/python3.12/site-packages/airflow/example_dags/example_setup_teardown_taskflow.py took 0.061 seconds
[2025-03-09T16:10:53.028+0000] {processor.py:186} INFO - Started process (PID=16013) to work on /home/airflow/.local/lib/python3.12/site-packages/airflow/example_dags/example_setup_teardown_taskflow.py
[2025-03-09T16:10:53.028+0000] {processor.py:914} INFO - Processing file /home/airflow/.local/lib/python3.12/site-packages/airflow/example_dags/example_setup_teardown_taskflow.py for tasks to queue
[2025-03-09T16:10:53.030+0000] {logging_mixin.py:190} INFO - [2025-03-09T16:10:53.030+0000] {dagbag.py:588} INFO - Filling up the DagBag from /home/airflow/.local/lib/python3.12/site-packages/airflow/example_dags/example_setup_teardown_taskflow.py
[2025-03-09T16:10:53.037+0000] {processor.py:925} INFO - DAG(s) 'example_setup_teardown_taskflow' retrieved from /home/airflow/.local/lib/python3.12/site-packages/airflow/example_dags/example_setup_teardown_taskflow.py
[2025-03-09T16:10:53.055+0000] {logging_mixin.py:190} INFO - [2025-03-09T16:10:53.055+0000] {dag.py:3239} INFO - Sync 1 DAGs
[2025-03-09T16:10:53.069+0000] {logging_mixin.py:190} INFO - [2025-03-09T16:10:53.069+0000] {dag.py:4180} INFO - Setting next_dagrun for example_setup_teardown_taskflow to None, run_after=None
[2025-03-09T16:10:53.084+0000] {processor.py:208} INFO - Processing /home/airflow/.local/lib/python3.12/site-packages/airflow/example_dags/example_setup_teardown_taskflow.py took 0.062 seconds
[2025-03-09T16:11:23.687+0000] {processor.py:186} INFO - Started process (PID=16339) to work on /home/airflow/.local/lib/python3.12/site-packages/airflow/example_dags/example_setup_teardown_taskflow.py
[2025-03-09T16:11:23.688+0000] {processor.py:914} INFO - Processing file /home/airflow/.local/lib/python3.12/site-packages/airflow/example_dags/example_setup_teardown_taskflow.py for tasks to queue
[2025-03-09T16:11:23.689+0000] {logging_mixin.py:190} INFO - [2025-03-09T16:11:23.688+0000] {dagbag.py:588} INFO - Filling up the DagBag from /home/airflow/.local/lib/python3.12/site-packages/airflow/example_dags/example_setup_teardown_taskflow.py
[2025-03-09T16:11:23.695+0000] {processor.py:925} INFO - DAG(s) 'example_setup_teardown_taskflow' retrieved from /home/airflow/.local/lib/python3.12/site-packages/airflow/example_dags/example_setup_teardown_taskflow.py
[2025-03-09T16:11:23.712+0000] {logging_mixin.py:190} INFO - [2025-03-09T16:11:23.711+0000] {dag.py:3239} INFO - Sync 1 DAGs
[2025-03-09T16:11:23.722+0000] {logging_mixin.py:190} INFO - [2025-03-09T16:11:23.722+0000] {dag.py:4180} INFO - Setting next_dagrun for example_setup_teardown_taskflow to None, run_after=None
[2025-03-09T16:11:23.734+0000] {processor.py:208} INFO - Processing /home/airflow/.local/lib/python3.12/site-packages/airflow/example_dags/example_setup_teardown_taskflow.py took 0.050 seconds
[2025-03-09T16:11:54.203+0000] {processor.py:186} INFO - Started process (PID=16665) to work on /home/airflow/.local/lib/python3.12/site-packages/airflow/example_dags/example_setup_teardown_taskflow.py
[2025-03-09T16:11:54.204+0000] {processor.py:914} INFO - Processing file /home/airflow/.local/lib/python3.12/site-packages/airflow/example_dags/example_setup_teardown_taskflow.py for tasks to queue
[2025-03-09T16:11:54.206+0000] {logging_mixin.py:190} INFO - [2025-03-09T16:11:54.205+0000] {dagbag.py:588} INFO - Filling up the DagBag from /home/airflow/.local/lib/python3.12/site-packages/airflow/example_dags/example_setup_teardown_taskflow.py
[2025-03-09T16:11:54.213+0000] {processor.py:925} INFO - DAG(s) 'example_setup_teardown_taskflow' retrieved from /home/airflow/.local/lib/python3.12/site-packages/airflow/example_dags/example_setup_teardown_taskflow.py
[2025-03-09T16:11:54.227+0000] {logging_mixin.py:190} INFO - [2025-03-09T16:11:54.227+0000] {dag.py:3239} INFO - Sync 1 DAGs
[2025-03-09T16:11:54.237+0000] {logging_mixin.py:190} INFO - [2025-03-09T16:11:54.237+0000] {dag.py:4180} INFO - Setting next_dagrun for example_setup_teardown_taskflow to None, run_after=None
[2025-03-09T16:11:54.251+0000] {processor.py:208} INFO - Processing /home/airflow/.local/lib/python3.12/site-packages/airflow/example_dags/example_setup_teardown_taskflow.py took 0.053 seconds
[2025-03-09T16:12:25.164+0000] {processor.py:186} INFO - Started process (PID=16991) to work on /home/airflow/.local/lib/python3.12/site-packages/airflow/example_dags/example_setup_teardown_taskflow.py
[2025-03-09T16:12:25.165+0000] {processor.py:914} INFO - Processing file /home/airflow/.local/lib/python3.12/site-packages/airflow/example_dags/example_setup_teardown_taskflow.py for tasks to queue
[2025-03-09T16:12:25.167+0000] {logging_mixin.py:190} INFO - [2025-03-09T16:12:25.167+0000] {dagbag.py:588} INFO - Filling up the DagBag from /home/airflow/.local/lib/python3.12/site-packages/airflow/example_dags/example_setup_teardown_taskflow.py
[2025-03-09T16:12:25.174+0000] {processor.py:925} INFO - DAG(s) 'example_setup_teardown_taskflow' retrieved from /home/airflow/.local/lib/python3.12/site-packages/airflow/example_dags/example_setup_teardown_taskflow.py
[2025-03-09T16:12:25.189+0000] {logging_mixin.py:190} INFO - [2025-03-09T16:12:25.188+0000] {dag.py:3239} INFO - Sync 1 DAGs
[2025-03-09T16:12:25.197+0000] {logging_mixin.py:190} INFO - [2025-03-09T16:12:25.197+0000] {dag.py:4180} INFO - Setting next_dagrun for example_setup_teardown_taskflow to None, run_after=None
[2025-03-09T16:12:25.211+0000] {processor.py:208} INFO - Processing /home/airflow/.local/lib/python3.12/site-packages/airflow/example_dags/example_setup_teardown_taskflow.py took 0.051 seconds
[2025-03-09T16:12:55.617+0000] {processor.py:186} INFO - Started process (PID=17315) to work on /home/airflow/.local/lib/python3.12/site-packages/airflow/example_dags/example_setup_teardown_taskflow.py
[2025-03-09T16:12:55.618+0000] {processor.py:914} INFO - Processing file /home/airflow/.local/lib/python3.12/site-packages/airflow/example_dags/example_setup_teardown_taskflow.py for tasks to queue
[2025-03-09T16:12:55.619+0000] {logging_mixin.py:190} INFO - [2025-03-09T16:12:55.619+0000] {dagbag.py:588} INFO - Filling up the DagBag from /home/airflow/.local/lib/python3.12/site-packages/airflow/example_dags/example_setup_teardown_taskflow.py
[2025-03-09T16:12:55.625+0000] {processor.py:925} INFO - DAG(s) 'example_setup_teardown_taskflow' retrieved from /home/airflow/.local/lib/python3.12/site-packages/airflow/example_dags/example_setup_teardown_taskflow.py
[2025-03-09T16:12:55.639+0000] {logging_mixin.py:190} INFO - [2025-03-09T16:12:55.639+0000] {dag.py:3239} INFO - Sync 1 DAGs
[2025-03-09T16:12:55.648+0000] {logging_mixin.py:190} INFO - [2025-03-09T16:12:55.648+0000] {dag.py:4180} INFO - Setting next_dagrun for example_setup_teardown_taskflow to None, run_after=None
[2025-03-09T16:12:55.661+0000] {processor.py:208} INFO - Processing /home/airflow/.local/lib/python3.12/site-packages/airflow/example_dags/example_setup_teardown_taskflow.py took 0.048 seconds
[2025-03-09T16:13:26.374+0000] {processor.py:186} INFO - Started process (PID=17638) to work on /home/airflow/.local/lib/python3.12/site-packages/airflow/example_dags/example_setup_teardown_taskflow.py
[2025-03-09T16:13:26.374+0000] {processor.py:914} INFO - Processing file /home/airflow/.local/lib/python3.12/site-packages/airflow/example_dags/example_setup_teardown_taskflow.py for tasks to queue
[2025-03-09T16:13:26.375+0000] {logging_mixin.py:190} INFO - [2025-03-09T16:13:26.375+0000] {dagbag.py:588} INFO - Filling up the DagBag from /home/airflow/.local/lib/python3.12/site-packages/airflow/example_dags/example_setup_teardown_taskflow.py
[2025-03-09T16:13:26.382+0000] {processor.py:925} INFO - DAG(s) 'example_setup_teardown_taskflow' retrieved from /home/airflow/.local/lib/python3.12/site-packages/airflow/example_dags/example_setup_teardown_taskflow.py
[2025-03-09T16:13:26.400+0000] {logging_mixin.py:190} INFO - [2025-03-09T16:13:26.400+0000] {dag.py:3239} INFO - Sync 1 DAGs
[2025-03-09T16:13:26.409+0000] {logging_mixin.py:190} INFO - [2025-03-09T16:13:26.409+0000] {dag.py:4180} INFO - Setting next_dagrun for example_setup_teardown_taskflow to None, run_after=None
[2025-03-09T16:13:26.423+0000] {processor.py:208} INFO - Processing /home/airflow/.local/lib/python3.12/site-packages/airflow/example_dags/example_setup_teardown_taskflow.py took 0.054 seconds
[2025-03-09T16:13:57.337+0000] {processor.py:186} INFO - Started process (PID=17964) to work on /home/airflow/.local/lib/python3.12/site-packages/airflow/example_dags/example_setup_teardown_taskflow.py
[2025-03-09T16:13:57.338+0000] {processor.py:914} INFO - Processing file /home/airflow/.local/lib/python3.12/site-packages/airflow/example_dags/example_setup_teardown_taskflow.py for tasks to queue
[2025-03-09T16:13:57.340+0000] {logging_mixin.py:190} INFO - [2025-03-09T16:13:57.340+0000] {dagbag.py:588} INFO - Filling up the DagBag from /home/airflow/.local/lib/python3.12/site-packages/airflow/example_dags/example_setup_teardown_taskflow.py
[2025-03-09T16:13:57.347+0000] {processor.py:925} INFO - DAG(s) 'example_setup_teardown_taskflow' retrieved from /home/airflow/.local/lib/python3.12/site-packages/airflow/example_dags/example_setup_teardown_taskflow.py
[2025-03-09T16:13:57.366+0000] {logging_mixin.py:190} INFO - [2025-03-09T16:13:57.366+0000] {dag.py:3239} INFO - Sync 1 DAGs
[2025-03-09T16:13:57.377+0000] {logging_mixin.py:190} INFO - [2025-03-09T16:13:57.377+0000] {dag.py:4180} INFO - Setting next_dagrun for example_setup_teardown_taskflow to None, run_after=None
[2025-03-09T16:13:57.389+0000] {processor.py:208} INFO - Processing /home/airflow/.local/lib/python3.12/site-packages/airflow/example_dags/example_setup_teardown_taskflow.py took 0.059 seconds
[2025-03-09T16:14:28.101+0000] {processor.py:186} INFO - Started process (PID=18288) to work on /home/airflow/.local/lib/python3.12/site-packages/airflow/example_dags/example_setup_teardown_taskflow.py
[2025-03-09T16:14:28.101+0000] {processor.py:914} INFO - Processing file /home/airflow/.local/lib/python3.12/site-packages/airflow/example_dags/example_setup_teardown_taskflow.py for tasks to queue
[2025-03-09T16:14:28.102+0000] {logging_mixin.py:190} INFO - [2025-03-09T16:14:28.102+0000] {dagbag.py:588} INFO - Filling up the DagBag from /home/airflow/.local/lib/python3.12/site-packages/airflow/example_dags/example_setup_teardown_taskflow.py
[2025-03-09T16:14:28.108+0000] {processor.py:925} INFO - DAG(s) 'example_setup_teardown_taskflow' retrieved from /home/airflow/.local/lib/python3.12/site-packages/airflow/example_dags/example_setup_teardown_taskflow.py
[2025-03-09T16:14:28.124+0000] {logging_mixin.py:190} INFO - [2025-03-09T16:14:28.124+0000] {dag.py:3239} INFO - Sync 1 DAGs
[2025-03-09T16:14:28.132+0000] {logging_mixin.py:190} INFO - [2025-03-09T16:14:28.132+0000] {dag.py:4180} INFO - Setting next_dagrun for example_setup_teardown_taskflow to None, run_after=None
[2025-03-09T16:14:28.148+0000] {processor.py:208} INFO - Processing /home/airflow/.local/lib/python3.12/site-packages/airflow/example_dags/example_setup_teardown_taskflow.py took 0.051 seconds
[2025-03-09T16:14:58.806+0000] {processor.py:186} INFO - Started process (PID=18616) to work on /home/airflow/.local/lib/python3.12/site-packages/airflow/example_dags/example_setup_teardown_taskflow.py
[2025-03-09T16:14:58.807+0000] {processor.py:914} INFO - Processing file /home/airflow/.local/lib/python3.12/site-packages/airflow/example_dags/example_setup_teardown_taskflow.py for tasks to queue
[2025-03-09T16:14:58.808+0000] {logging_mixin.py:190} INFO - [2025-03-09T16:14:58.808+0000] {dagbag.py:588} INFO - Filling up the DagBag from /home/airflow/.local/lib/python3.12/site-packages/airflow/example_dags/example_setup_teardown_taskflow.py
[2025-03-09T16:14:58.816+0000] {processor.py:925} INFO - DAG(s) 'example_setup_teardown_taskflow' retrieved from /home/airflow/.local/lib/python3.12/site-packages/airflow/example_dags/example_setup_teardown_taskflow.py
[2025-03-09T16:14:58.839+0000] {logging_mixin.py:190} INFO - [2025-03-09T16:14:58.839+0000] {dag.py:3239} INFO - Sync 1 DAGs
[2025-03-09T16:14:58.848+0000] {logging_mixin.py:190} INFO - [2025-03-09T16:14:58.848+0000] {dag.py:4180} INFO - Setting next_dagrun for example_setup_teardown_taskflow to None, run_after=None
[2025-03-09T16:14:58.862+0000] {processor.py:208} INFO - Processing /home/airflow/.local/lib/python3.12/site-packages/airflow/example_dags/example_setup_teardown_taskflow.py took 0.062 seconds
[2025-03-09T16:15:29.778+0000] {processor.py:186} INFO - Started process (PID=18940) to work on /home/airflow/.local/lib/python3.12/site-packages/airflow/example_dags/example_setup_teardown_taskflow.py
[2025-03-09T16:15:29.779+0000] {processor.py:914} INFO - Processing file /home/airflow/.local/lib/python3.12/site-packages/airflow/example_dags/example_setup_teardown_taskflow.py for tasks to queue
[2025-03-09T16:15:29.780+0000] {logging_mixin.py:190} INFO - [2025-03-09T16:15:29.780+0000] {dagbag.py:588} INFO - Filling up the DagBag from /home/airflow/.local/lib/python3.12/site-packages/airflow/example_dags/example_setup_teardown_taskflow.py
[2025-03-09T16:15:29.786+0000] {processor.py:925} INFO - DAG(s) 'example_setup_teardown_taskflow' retrieved from /home/airflow/.local/lib/python3.12/site-packages/airflow/example_dags/example_setup_teardown_taskflow.py
[2025-03-09T16:15:29.801+0000] {logging_mixin.py:190} INFO - [2025-03-09T16:15:29.801+0000] {dag.py:3239} INFO - Sync 1 DAGs
[2025-03-09T16:15:29.810+0000] {logging_mixin.py:190} INFO - [2025-03-09T16:15:29.809+0000] {dag.py:4180} INFO - Setting next_dagrun for example_setup_teardown_taskflow to None, run_after=None
[2025-03-09T16:15:29.824+0000] {processor.py:208} INFO - Processing /home/airflow/.local/lib/python3.12/site-packages/airflow/example_dags/example_setup_teardown_taskflow.py took 0.050 seconds
[2025-03-09T16:16:00.578+0000] {processor.py:186} INFO - Started process (PID=19268) to work on /home/airflow/.local/lib/python3.12/site-packages/airflow/example_dags/example_setup_teardown_taskflow.py
[2025-03-09T16:16:00.579+0000] {processor.py:914} INFO - Processing file /home/airflow/.local/lib/python3.12/site-packages/airflow/example_dags/example_setup_teardown_taskflow.py for tasks to queue
[2025-03-09T16:16:00.580+0000] {logging_mixin.py:190} INFO - [2025-03-09T16:16:00.580+0000] {dagbag.py:588} INFO - Filling up the DagBag from /home/airflow/.local/lib/python3.12/site-packages/airflow/example_dags/example_setup_teardown_taskflow.py
[2025-03-09T16:16:00.589+0000] {processor.py:925} INFO - DAG(s) 'example_setup_teardown_taskflow' retrieved from /home/airflow/.local/lib/python3.12/site-packages/airflow/example_dags/example_setup_teardown_taskflow.py
[2025-03-09T16:16:00.605+0000] {logging_mixin.py:190} INFO - [2025-03-09T16:16:00.605+0000] {dag.py:3239} INFO - Sync 1 DAGs
[2025-03-09T16:16:00.615+0000] {logging_mixin.py:190} INFO - [2025-03-09T16:16:00.615+0000] {dag.py:4180} INFO - Setting next_dagrun for example_setup_teardown_taskflow to None, run_after=None
[2025-03-09T16:16:00.635+0000] {processor.py:208} INFO - Processing /home/airflow/.local/lib/python3.12/site-packages/airflow/example_dags/example_setup_teardown_taskflow.py took 0.062 seconds
[2025-03-09T16:16:32.347+0000] {processor.py:186} INFO - Started process (PID=19597) to work on /home/airflow/.local/lib/python3.12/site-packages/airflow/example_dags/example_setup_teardown_taskflow.py
[2025-03-09T16:16:32.347+0000] {processor.py:914} INFO - Processing file /home/airflow/.local/lib/python3.12/site-packages/airflow/example_dags/example_setup_teardown_taskflow.py for tasks to queue
[2025-03-09T16:16:32.348+0000] {logging_mixin.py:190} INFO - [2025-03-09T16:16:32.348+0000] {dagbag.py:588} INFO - Filling up the DagBag from /home/airflow/.local/lib/python3.12/site-packages/airflow/example_dags/example_setup_teardown_taskflow.py
[2025-03-09T16:16:32.355+0000] {processor.py:925} INFO - DAG(s) 'example_setup_teardown_taskflow' retrieved from /home/airflow/.local/lib/python3.12/site-packages/airflow/example_dags/example_setup_teardown_taskflow.py
[2025-03-09T16:16:32.367+0000] {logging_mixin.py:190} INFO - [2025-03-09T16:16:32.367+0000] {dag.py:3239} INFO - Sync 1 DAGs
[2025-03-09T16:16:32.376+0000] {logging_mixin.py:190} INFO - [2025-03-09T16:16:32.376+0000] {dag.py:4180} INFO - Setting next_dagrun for example_setup_teardown_taskflow to None, run_after=None
[2025-03-09T16:16:32.388+0000] {processor.py:208} INFO - Processing /home/airflow/.local/lib/python3.12/site-packages/airflow/example_dags/example_setup_teardown_taskflow.py took 0.044 seconds
[2025-03-09T16:17:03.617+0000] {processor.py:186} INFO - Started process (PID=19925) to work on /home/airflow/.local/lib/python3.12/site-packages/airflow/example_dags/example_setup_teardown_taskflow.py
[2025-03-09T16:17:03.618+0000] {processor.py:914} INFO - Processing file /home/airflow/.local/lib/python3.12/site-packages/airflow/example_dags/example_setup_teardown_taskflow.py for tasks to queue
[2025-03-09T16:17:03.619+0000] {logging_mixin.py:190} INFO - [2025-03-09T16:17:03.619+0000] {dagbag.py:588} INFO - Filling up the DagBag from /home/airflow/.local/lib/python3.12/site-packages/airflow/example_dags/example_setup_teardown_taskflow.py
[2025-03-09T16:17:03.629+0000] {processor.py:925} INFO - DAG(s) 'example_setup_teardown_taskflow' retrieved from /home/airflow/.local/lib/python3.12/site-packages/airflow/example_dags/example_setup_teardown_taskflow.py
[2025-03-09T16:17:03.645+0000] {logging_mixin.py:190} INFO - [2025-03-09T16:17:03.645+0000] {dag.py:3239} INFO - Sync 1 DAGs
[2025-03-09T16:17:03.655+0000] {logging_mixin.py:190} INFO - [2025-03-09T16:17:03.655+0000] {dag.py:4180} INFO - Setting next_dagrun for example_setup_teardown_taskflow to None, run_after=None
[2025-03-09T16:17:03.673+0000] {processor.py:208} INFO - Processing /home/airflow/.local/lib/python3.12/site-packages/airflow/example_dags/example_setup_teardown_taskflow.py took 0.062 seconds
[2025-03-09T16:17:34.761+0000] {processor.py:186} INFO - Started process (PID=20254) to work on /home/airflow/.local/lib/python3.12/site-packages/airflow/example_dags/example_setup_teardown_taskflow.py
[2025-03-09T16:17:34.762+0000] {processor.py:914} INFO - Processing file /home/airflow/.local/lib/python3.12/site-packages/airflow/example_dags/example_setup_teardown_taskflow.py for tasks to queue
[2025-03-09T16:17:34.763+0000] {logging_mixin.py:190} INFO - [2025-03-09T16:17:34.763+0000] {dagbag.py:588} INFO - Filling up the DagBag from /home/airflow/.local/lib/python3.12/site-packages/airflow/example_dags/example_setup_teardown_taskflow.py
[2025-03-09T16:17:34.769+0000] {processor.py:925} INFO - DAG(s) 'example_setup_teardown_taskflow' retrieved from /home/airflow/.local/lib/python3.12/site-packages/airflow/example_dags/example_setup_teardown_taskflow.py
[2025-03-09T16:17:34.790+0000] {logging_mixin.py:190} INFO - [2025-03-09T16:17:34.789+0000] {dag.py:3239} INFO - Sync 1 DAGs
[2025-03-09T16:17:34.799+0000] {logging_mixin.py:190} INFO - [2025-03-09T16:17:34.799+0000] {dag.py:4180} INFO - Setting next_dagrun for example_setup_teardown_taskflow to None, run_after=None
[2025-03-09T16:17:34.815+0000] {processor.py:208} INFO - Processing /home/airflow/.local/lib/python3.12/site-packages/airflow/example_dags/example_setup_teardown_taskflow.py took 0.059 seconds
[2025-03-09T16:18:05.738+0000] {processor.py:186} INFO - Started process (PID=20580) to work on /home/airflow/.local/lib/python3.12/site-packages/airflow/example_dags/example_setup_teardown_taskflow.py
[2025-03-09T16:18:05.738+0000] {processor.py:914} INFO - Processing file /home/airflow/.local/lib/python3.12/site-packages/airflow/example_dags/example_setup_teardown_taskflow.py for tasks to queue
[2025-03-09T16:18:05.739+0000] {logging_mixin.py:190} INFO - [2025-03-09T16:18:05.739+0000] {dagbag.py:588} INFO - Filling up the DagBag from /home/airflow/.local/lib/python3.12/site-packages/airflow/example_dags/example_setup_teardown_taskflow.py
[2025-03-09T16:18:05.746+0000] {processor.py:925} INFO - DAG(s) 'example_setup_teardown_taskflow' retrieved from /home/airflow/.local/lib/python3.12/site-packages/airflow/example_dags/example_setup_teardown_taskflow.py
[2025-03-09T16:18:05.759+0000] {logging_mixin.py:190} INFO - [2025-03-09T16:18:05.759+0000] {dag.py:3239} INFO - Sync 1 DAGs
[2025-03-09T16:18:05.768+0000] {logging_mixin.py:190} INFO - [2025-03-09T16:18:05.767+0000] {dag.py:4180} INFO - Setting next_dagrun for example_setup_teardown_taskflow to None, run_after=None
[2025-03-09T16:18:05.781+0000] {processor.py:208} INFO - Processing /home/airflow/.local/lib/python3.12/site-packages/airflow/example_dags/example_setup_teardown_taskflow.py took 0.048 seconds
[2025-03-09T16:18:36.263+0000] {processor.py:186} INFO - Started process (PID=20906) to work on /home/airflow/.local/lib/python3.12/site-packages/airflow/example_dags/example_setup_teardown_taskflow.py
[2025-03-09T16:18:36.263+0000] {processor.py:914} INFO - Processing file /home/airflow/.local/lib/python3.12/site-packages/airflow/example_dags/example_setup_teardown_taskflow.py for tasks to queue
[2025-03-09T16:18:36.264+0000] {logging_mixin.py:190} INFO - [2025-03-09T16:18:36.264+0000] {dagbag.py:588} INFO - Filling up the DagBag from /home/airflow/.local/lib/python3.12/site-packages/airflow/example_dags/example_setup_teardown_taskflow.py
[2025-03-09T16:18:36.271+0000] {processor.py:925} INFO - DAG(s) 'example_setup_teardown_taskflow' retrieved from /home/airflow/.local/lib/python3.12/site-packages/airflow/example_dags/example_setup_teardown_taskflow.py
[2025-03-09T16:18:36.287+0000] {logging_mixin.py:190} INFO - [2025-03-09T16:18:36.287+0000] {dag.py:3239} INFO - Sync 1 DAGs
[2025-03-09T16:18:36.295+0000] {logging_mixin.py:190} INFO - [2025-03-09T16:18:36.295+0000] {dag.py:4180} INFO - Setting next_dagrun for example_setup_teardown_taskflow to None, run_after=None
[2025-03-09T16:18:36.309+0000] {processor.py:208} INFO - Processing /home/airflow/.local/lib/python3.12/site-packages/airflow/example_dags/example_setup_teardown_taskflow.py took 0.050 seconds
[2025-03-09T16:19:07.085+0000] {processor.py:186} INFO - Started process (PID=21227) to work on /home/airflow/.local/lib/python3.12/site-packages/airflow/example_dags/example_setup_teardown_taskflow.py
[2025-03-09T16:19:07.086+0000] {processor.py:914} INFO - Processing file /home/airflow/.local/lib/python3.12/site-packages/airflow/example_dags/example_setup_teardown_taskflow.py for tasks to queue
[2025-03-09T16:19:07.087+0000] {logging_mixin.py:190} INFO - [2025-03-09T16:19:07.087+0000] {dagbag.py:588} INFO - Filling up the DagBag from /home/airflow/.local/lib/python3.12/site-packages/airflow/example_dags/example_setup_teardown_taskflow.py
[2025-03-09T16:19:07.093+0000] {processor.py:925} INFO - DAG(s) 'example_setup_teardown_taskflow' retrieved from /home/airflow/.local/lib/python3.12/site-packages/airflow/example_dags/example_setup_teardown_taskflow.py
[2025-03-09T16:19:07.108+0000] {logging_mixin.py:190} INFO - [2025-03-09T16:19:07.107+0000] {dag.py:3239} INFO - Sync 1 DAGs
[2025-03-09T16:19:07.116+0000] {logging_mixin.py:190} INFO - [2025-03-09T16:19:07.116+0000] {dag.py:4180} INFO - Setting next_dagrun for example_setup_teardown_taskflow to None, run_after=None
[2025-03-09T16:19:07.127+0000] {processor.py:208} INFO - Processing /home/airflow/.local/lib/python3.12/site-packages/airflow/example_dags/example_setup_teardown_taskflow.py took 0.046 seconds
[2025-03-09T16:19:37.618+0000] {processor.py:186} INFO - Started process (PID=21553) to work on /home/airflow/.local/lib/python3.12/site-packages/airflow/example_dags/example_setup_teardown_taskflow.py
[2025-03-09T16:19:37.619+0000] {processor.py:914} INFO - Processing file /home/airflow/.local/lib/python3.12/site-packages/airflow/example_dags/example_setup_teardown_taskflow.py for tasks to queue
[2025-03-09T16:19:37.620+0000] {logging_mixin.py:190} INFO - [2025-03-09T16:19:37.620+0000] {dagbag.py:588} INFO - Filling up the DagBag from /home/airflow/.local/lib/python3.12/site-packages/airflow/example_dags/example_setup_teardown_taskflow.py
[2025-03-09T16:19:37.626+0000] {processor.py:925} INFO - DAG(s) 'example_setup_teardown_taskflow' retrieved from /home/airflow/.local/lib/python3.12/site-packages/airflow/example_dags/example_setup_teardown_taskflow.py
[2025-03-09T16:19:37.640+0000] {logging_mixin.py:190} INFO - [2025-03-09T16:19:37.640+0000] {dag.py:3239} INFO - Sync 1 DAGs
[2025-03-09T16:19:37.648+0000] {logging_mixin.py:190} INFO - [2025-03-09T16:19:37.648+0000] {dag.py:4180} INFO - Setting next_dagrun for example_setup_teardown_taskflow to None, run_after=None
[2025-03-09T16:19:37.660+0000] {processor.py:208} INFO - Processing /home/airflow/.local/lib/python3.12/site-packages/airflow/example_dags/example_setup_teardown_taskflow.py took 0.047 seconds
