[2025-03-09T15:46:15.163+0000] {processor.py:186} INFO - Started process (PID=381) to work on /home/airflow/.local/lib/python3.12/site-packages/airflow/example_dags/example_python_operator.py
[2025-03-09T15:46:15.164+0000] {processor.py:914} INFO - Processing file /home/airflow/.local/lib/python3.12/site-packages/airflow/example_dags/example_python_operator.py for tasks to queue
[2025-03-09T15:46:15.165+0000] {logging_mixin.py:190} INFO - [2025-03-09T15:46:15.165+0000] {dagbag.py:588} INFO - Filling up the DagBag from /home/airflow/.local/lib/python3.12/site-packages/airflow/example_dags/example_python_operator.py
[2025-03-09T15:46:15.174+0000] {processor.py:925} INFO - DAG(s) 'example_python_operator' retrieved from /home/airflow/.local/lib/python3.12/site-packages/airflow/example_dags/example_python_operator.py
[2025-03-09T15:46:15.255+0000] {logging_mixin.py:190} INFO - [2025-03-09T15:46:15.255+0000] {dag.py:3239} INFO - Sync 1 DAGs
[2025-03-09T15:46:15.265+0000] {logging_mixin.py:190} INFO - [2025-03-09T15:46:15.265+0000] {dag.py:4180} INFO - Setting next_dagrun for example_python_operator to None, run_after=None
[2025-03-09T15:46:15.279+0000] {processor.py:208} INFO - Processing /home/airflow/.local/lib/python3.12/site-packages/airflow/example_dags/example_python_operator.py took 0.121 seconds
[2025-03-09T15:46:46.260+0000] {processor.py:186} INFO - Started process (PID=715) to work on /home/airflow/.local/lib/python3.12/site-packages/airflow/example_dags/example_python_operator.py
[2025-03-09T15:46:46.260+0000] {processor.py:914} INFO - Processing file /home/airflow/.local/lib/python3.12/site-packages/airflow/example_dags/example_python_operator.py for tasks to queue
[2025-03-09T15:46:46.262+0000] {logging_mixin.py:190} INFO - [2025-03-09T15:46:46.261+0000] {dagbag.py:588} INFO - Filling up the DagBag from /home/airflow/.local/lib/python3.12/site-packages/airflow/example_dags/example_python_operator.py
[2025-03-09T15:46:46.269+0000] {processor.py:925} INFO - DAG(s) 'example_python_operator' retrieved from /home/airflow/.local/lib/python3.12/site-packages/airflow/example_dags/example_python_operator.py
[2025-03-09T15:46:46.293+0000] {logging_mixin.py:190} INFO - [2025-03-09T15:46:46.292+0000] {dag.py:3239} INFO - Sync 1 DAGs
[2025-03-09T15:46:46.306+0000] {logging_mixin.py:190} INFO - [2025-03-09T15:46:46.306+0000] {dag.py:4180} INFO - Setting next_dagrun for example_python_operator to None, run_after=None
[2025-03-09T15:46:46.332+0000] {processor.py:208} INFO - Processing /home/airflow/.local/lib/python3.12/site-packages/airflow/example_dags/example_python_operator.py took 0.076 seconds
[2025-03-09T15:47:17.424+0000] {processor.py:186} INFO - Started process (PID=1041) to work on /home/airflow/.local/lib/python3.12/site-packages/airflow/example_dags/example_python_operator.py
[2025-03-09T15:47:17.425+0000] {processor.py:914} INFO - Processing file /home/airflow/.local/lib/python3.12/site-packages/airflow/example_dags/example_python_operator.py for tasks to queue
[2025-03-09T15:47:17.426+0000] {logging_mixin.py:190} INFO - [2025-03-09T15:47:17.426+0000] {dagbag.py:588} INFO - Filling up the DagBag from /home/airflow/.local/lib/python3.12/site-packages/airflow/example_dags/example_python_operator.py
[2025-03-09T15:47:17.434+0000] {processor.py:925} INFO - DAG(s) 'example_python_operator' retrieved from /home/airflow/.local/lib/python3.12/site-packages/airflow/example_dags/example_python_operator.py
[2025-03-09T15:47:17.452+0000] {logging_mixin.py:190} INFO - [2025-03-09T15:47:17.451+0000] {dag.py:3239} INFO - Sync 1 DAGs
[2025-03-09T15:47:17.460+0000] {logging_mixin.py:190} INFO - [2025-03-09T15:47:17.460+0000] {dag.py:4180} INFO - Setting next_dagrun for example_python_operator to None, run_after=None
[2025-03-09T15:47:17.473+0000] {processor.py:208} INFO - Processing /home/airflow/.local/lib/python3.12/site-packages/airflow/example_dags/example_python_operator.py took 0.053 seconds
[2025-03-09T15:47:48.289+0000] {processor.py:186} INFO - Started process (PID=1366) to work on /home/airflow/.local/lib/python3.12/site-packages/airflow/example_dags/example_python_operator.py
[2025-03-09T15:47:48.289+0000] {processor.py:914} INFO - Processing file /home/airflow/.local/lib/python3.12/site-packages/airflow/example_dags/example_python_operator.py for tasks to queue
[2025-03-09T15:47:48.291+0000] {logging_mixin.py:190} INFO - [2025-03-09T15:47:48.290+0000] {dagbag.py:588} INFO - Filling up the DagBag from /home/airflow/.local/lib/python3.12/site-packages/airflow/example_dags/example_python_operator.py
[2025-03-09T15:47:48.298+0000] {processor.py:925} INFO - DAG(s) 'example_python_operator' retrieved from /home/airflow/.local/lib/python3.12/site-packages/airflow/example_dags/example_python_operator.py
[2025-03-09T15:47:48.312+0000] {logging_mixin.py:190} INFO - [2025-03-09T15:47:48.312+0000] {dag.py:3239} INFO - Sync 1 DAGs
[2025-03-09T15:47:48.321+0000] {logging_mixin.py:190} INFO - [2025-03-09T15:47:48.321+0000] {dag.py:4180} INFO - Setting next_dagrun for example_python_operator to None, run_after=None
[2025-03-09T15:47:48.333+0000] {processor.py:208} INFO - Processing /home/airflow/.local/lib/python3.12/site-packages/airflow/example_dags/example_python_operator.py took 0.049 seconds
[2025-03-09T15:48:19.157+0000] {processor.py:186} INFO - Started process (PID=1693) to work on /home/airflow/.local/lib/python3.12/site-packages/airflow/example_dags/example_python_operator.py
[2025-03-09T15:48:19.157+0000] {processor.py:914} INFO - Processing file /home/airflow/.local/lib/python3.12/site-packages/airflow/example_dags/example_python_operator.py for tasks to queue
[2025-03-09T15:48:19.159+0000] {logging_mixin.py:190} INFO - [2025-03-09T15:48:19.158+0000] {dagbag.py:588} INFO - Filling up the DagBag from /home/airflow/.local/lib/python3.12/site-packages/airflow/example_dags/example_python_operator.py
[2025-03-09T15:48:19.166+0000] {processor.py:925} INFO - DAG(s) 'example_python_operator' retrieved from /home/airflow/.local/lib/python3.12/site-packages/airflow/example_dags/example_python_operator.py
[2025-03-09T15:48:19.180+0000] {logging_mixin.py:190} INFO - [2025-03-09T15:48:19.180+0000] {dag.py:3239} INFO - Sync 1 DAGs
[2025-03-09T15:48:19.188+0000] {logging_mixin.py:190} INFO - [2025-03-09T15:48:19.188+0000] {dag.py:4180} INFO - Setting next_dagrun for example_python_operator to None, run_after=None
[2025-03-09T15:48:19.200+0000] {processor.py:208} INFO - Processing /home/airflow/.local/lib/python3.12/site-packages/airflow/example_dags/example_python_operator.py took 0.048 seconds
[2025-03-09T15:48:50.111+0000] {processor.py:186} INFO - Started process (PID=2019) to work on /home/airflow/.local/lib/python3.12/site-packages/airflow/example_dags/example_python_operator.py
[2025-03-09T15:48:50.111+0000] {processor.py:914} INFO - Processing file /home/airflow/.local/lib/python3.12/site-packages/airflow/example_dags/example_python_operator.py for tasks to queue
[2025-03-09T15:48:50.113+0000] {logging_mixin.py:190} INFO - [2025-03-09T15:48:50.112+0000] {dagbag.py:588} INFO - Filling up the DagBag from /home/airflow/.local/lib/python3.12/site-packages/airflow/example_dags/example_python_operator.py
[2025-03-09T15:48:50.120+0000] {processor.py:925} INFO - DAG(s) 'example_python_operator' retrieved from /home/airflow/.local/lib/python3.12/site-packages/airflow/example_dags/example_python_operator.py
[2025-03-09T15:48:50.138+0000] {logging_mixin.py:190} INFO - [2025-03-09T15:48:50.138+0000] {dag.py:3239} INFO - Sync 1 DAGs
[2025-03-09T15:48:50.147+0000] {logging_mixin.py:190} INFO - [2025-03-09T15:48:50.147+0000] {dag.py:4180} INFO - Setting next_dagrun for example_python_operator to None, run_after=None
[2025-03-09T15:48:50.163+0000] {processor.py:208} INFO - Processing /home/airflow/.local/lib/python3.12/site-packages/airflow/example_dags/example_python_operator.py took 0.057 seconds
[2025-03-09T15:49:20.820+0000] {processor.py:186} INFO - Started process (PID=2343) to work on /home/airflow/.local/lib/python3.12/site-packages/airflow/example_dags/example_python_operator.py
[2025-03-09T15:49:20.820+0000] {processor.py:914} INFO - Processing file /home/airflow/.local/lib/python3.12/site-packages/airflow/example_dags/example_python_operator.py for tasks to queue
[2025-03-09T15:49:20.821+0000] {logging_mixin.py:190} INFO - [2025-03-09T15:49:20.821+0000] {dagbag.py:588} INFO - Filling up the DagBag from /home/airflow/.local/lib/python3.12/site-packages/airflow/example_dags/example_python_operator.py
[2025-03-09T15:49:20.828+0000] {processor.py:925} INFO - DAG(s) 'example_python_operator' retrieved from /home/airflow/.local/lib/python3.12/site-packages/airflow/example_dags/example_python_operator.py
[2025-03-09T15:49:20.842+0000] {logging_mixin.py:190} INFO - [2025-03-09T15:49:20.842+0000] {dag.py:3239} INFO - Sync 1 DAGs
[2025-03-09T15:49:20.850+0000] {logging_mixin.py:190} INFO - [2025-03-09T15:49:20.850+0000] {dag.py:4180} INFO - Setting next_dagrun for example_python_operator to None, run_after=None
[2025-03-09T15:49:20.864+0000] {processor.py:208} INFO - Processing /home/airflow/.local/lib/python3.12/site-packages/airflow/example_dags/example_python_operator.py took 0.048 seconds
[2025-03-09T15:49:51.785+0000] {processor.py:186} INFO - Started process (PID=2671) to work on /home/airflow/.local/lib/python3.12/site-packages/airflow/example_dags/example_python_operator.py
[2025-03-09T15:49:51.787+0000] {processor.py:914} INFO - Processing file /home/airflow/.local/lib/python3.12/site-packages/airflow/example_dags/example_python_operator.py for tasks to queue
[2025-03-09T15:49:51.789+0000] {logging_mixin.py:190} INFO - [2025-03-09T15:49:51.789+0000] {dagbag.py:588} INFO - Filling up the DagBag from /home/airflow/.local/lib/python3.12/site-packages/airflow/example_dags/example_python_operator.py
[2025-03-09T15:49:51.799+0000] {processor.py:925} INFO - DAG(s) 'example_python_operator' retrieved from /home/airflow/.local/lib/python3.12/site-packages/airflow/example_dags/example_python_operator.py
[2025-03-09T15:49:51.817+0000] {logging_mixin.py:190} INFO - [2025-03-09T15:49:51.817+0000] {dag.py:3239} INFO - Sync 1 DAGs
[2025-03-09T15:49:51.826+0000] {logging_mixin.py:190} INFO - [2025-03-09T15:49:51.826+0000] {dag.py:4180} INFO - Setting next_dagrun for example_python_operator to None, run_after=None
[2025-03-09T15:49:51.840+0000] {processor.py:208} INFO - Processing /home/airflow/.local/lib/python3.12/site-packages/airflow/example_dags/example_python_operator.py took 0.059 seconds
[2025-03-09T15:50:22.756+0000] {processor.py:186} INFO - Started process (PID=2997) to work on /home/airflow/.local/lib/python3.12/site-packages/airflow/example_dags/example_python_operator.py
[2025-03-09T15:50:22.757+0000] {processor.py:914} INFO - Processing file /home/airflow/.local/lib/python3.12/site-packages/airflow/example_dags/example_python_operator.py for tasks to queue
[2025-03-09T15:50:22.758+0000] {logging_mixin.py:190} INFO - [2025-03-09T15:50:22.758+0000] {dagbag.py:588} INFO - Filling up the DagBag from /home/airflow/.local/lib/python3.12/site-packages/airflow/example_dags/example_python_operator.py
[2025-03-09T15:50:22.766+0000] {processor.py:925} INFO - DAG(s) 'example_python_operator' retrieved from /home/airflow/.local/lib/python3.12/site-packages/airflow/example_dags/example_python_operator.py
[2025-03-09T15:50:22.780+0000] {logging_mixin.py:190} INFO - [2025-03-09T15:50:22.780+0000] {dag.py:3239} INFO - Sync 1 DAGs
[2025-03-09T15:50:22.790+0000] {logging_mixin.py:190} INFO - [2025-03-09T15:50:22.789+0000] {dag.py:4180} INFO - Setting next_dagrun for example_python_operator to None, run_after=None
[2025-03-09T15:50:22.802+0000] {processor.py:208} INFO - Processing /home/airflow/.local/lib/python3.12/site-packages/airflow/example_dags/example_python_operator.py took 0.052 seconds
[2025-03-09T15:50:53.684+0000] {processor.py:186} INFO - Started process (PID=3323) to work on /home/airflow/.local/lib/python3.12/site-packages/airflow/example_dags/example_python_operator.py
[2025-03-09T15:50:53.685+0000] {processor.py:914} INFO - Processing file /home/airflow/.local/lib/python3.12/site-packages/airflow/example_dags/example_python_operator.py for tasks to queue
[2025-03-09T15:50:53.687+0000] {logging_mixin.py:190} INFO - [2025-03-09T15:50:53.686+0000] {dagbag.py:588} INFO - Filling up the DagBag from /home/airflow/.local/lib/python3.12/site-packages/airflow/example_dags/example_python_operator.py
[2025-03-09T15:50:53.695+0000] {processor.py:925} INFO - DAG(s) 'example_python_operator' retrieved from /home/airflow/.local/lib/python3.12/site-packages/airflow/example_dags/example_python_operator.py
[2025-03-09T15:50:53.710+0000] {logging_mixin.py:190} INFO - [2025-03-09T15:50:53.709+0000] {dag.py:3239} INFO - Sync 1 DAGs
[2025-03-09T15:50:53.720+0000] {logging_mixin.py:190} INFO - [2025-03-09T15:50:53.720+0000] {dag.py:4180} INFO - Setting next_dagrun for example_python_operator to None, run_after=None
[2025-03-09T15:50:53.738+0000] {processor.py:208} INFO - Processing /home/airflow/.local/lib/python3.12/site-packages/airflow/example_dags/example_python_operator.py took 0.060 seconds
[2025-03-09T15:51:24.416+0000] {processor.py:186} INFO - Started process (PID=3647) to work on /home/airflow/.local/lib/python3.12/site-packages/airflow/example_dags/example_python_operator.py
[2025-03-09T15:51:24.417+0000] {processor.py:914} INFO - Processing file /home/airflow/.local/lib/python3.12/site-packages/airflow/example_dags/example_python_operator.py for tasks to queue
[2025-03-09T15:51:24.418+0000] {logging_mixin.py:190} INFO - [2025-03-09T15:51:24.418+0000] {dagbag.py:588} INFO - Filling up the DagBag from /home/airflow/.local/lib/python3.12/site-packages/airflow/example_dags/example_python_operator.py
[2025-03-09T15:51:24.425+0000] {processor.py:925} INFO - DAG(s) 'example_python_operator' retrieved from /home/airflow/.local/lib/python3.12/site-packages/airflow/example_dags/example_python_operator.py
[2025-03-09T15:51:24.443+0000] {logging_mixin.py:190} INFO - [2025-03-09T15:51:24.443+0000] {dag.py:3239} INFO - Sync 1 DAGs
[2025-03-09T15:51:24.453+0000] {logging_mixin.py:190} INFO - [2025-03-09T15:51:24.453+0000] {dag.py:4180} INFO - Setting next_dagrun for example_python_operator to None, run_after=None
[2025-03-09T15:51:24.471+0000] {processor.py:208} INFO - Processing /home/airflow/.local/lib/python3.12/site-packages/airflow/example_dags/example_python_operator.py took 0.058 seconds
[2025-03-09T15:51:55.516+0000] {processor.py:186} INFO - Started process (PID=3973) to work on /home/airflow/.local/lib/python3.12/site-packages/airflow/example_dags/example_python_operator.py
[2025-03-09T15:51:55.517+0000] {processor.py:914} INFO - Processing file /home/airflow/.local/lib/python3.12/site-packages/airflow/example_dags/example_python_operator.py for tasks to queue
[2025-03-09T15:51:55.518+0000] {logging_mixin.py:190} INFO - [2025-03-09T15:51:55.518+0000] {dagbag.py:588} INFO - Filling up the DagBag from /home/airflow/.local/lib/python3.12/site-packages/airflow/example_dags/example_python_operator.py
[2025-03-09T15:51:55.525+0000] {processor.py:925} INFO - DAG(s) 'example_python_operator' retrieved from /home/airflow/.local/lib/python3.12/site-packages/airflow/example_dags/example_python_operator.py
[2025-03-09T15:51:55.542+0000] {logging_mixin.py:190} INFO - [2025-03-09T15:51:55.541+0000] {dag.py:3239} INFO - Sync 1 DAGs
[2025-03-09T15:51:55.550+0000] {logging_mixin.py:190} INFO - [2025-03-09T15:51:55.550+0000] {dag.py:4180} INFO - Setting next_dagrun for example_python_operator to None, run_after=None
[2025-03-09T15:51:55.561+0000] {processor.py:208} INFO - Processing /home/airflow/.local/lib/python3.12/site-packages/airflow/example_dags/example_python_operator.py took 0.049 seconds
[2025-03-09T15:52:26.167+0000] {processor.py:186} INFO - Started process (PID=4299) to work on /home/airflow/.local/lib/python3.12/site-packages/airflow/example_dags/example_python_operator.py
[2025-03-09T15:52:26.168+0000] {processor.py:914} INFO - Processing file /home/airflow/.local/lib/python3.12/site-packages/airflow/example_dags/example_python_operator.py for tasks to queue
[2025-03-09T15:52:26.169+0000] {logging_mixin.py:190} INFO - [2025-03-09T15:52:26.169+0000] {dagbag.py:588} INFO - Filling up the DagBag from /home/airflow/.local/lib/python3.12/site-packages/airflow/example_dags/example_python_operator.py
[2025-03-09T15:52:26.176+0000] {processor.py:925} INFO - DAG(s) 'example_python_operator' retrieved from /home/airflow/.local/lib/python3.12/site-packages/airflow/example_dags/example_python_operator.py
[2025-03-09T15:52:26.190+0000] {logging_mixin.py:190} INFO - [2025-03-09T15:52:26.190+0000] {dag.py:3239} INFO - Sync 1 DAGs
[2025-03-09T15:52:26.199+0000] {logging_mixin.py:190} INFO - [2025-03-09T15:52:26.199+0000] {dag.py:4180} INFO - Setting next_dagrun for example_python_operator to None, run_after=None
[2025-03-09T15:52:26.213+0000] {processor.py:208} INFO - Processing /home/airflow/.local/lib/python3.12/site-packages/airflow/example_dags/example_python_operator.py took 0.051 seconds
[2025-03-09T15:52:56.954+0000] {processor.py:186} INFO - Started process (PID=4625) to work on /home/airflow/.local/lib/python3.12/site-packages/airflow/example_dags/example_python_operator.py
[2025-03-09T15:52:56.955+0000] {processor.py:914} INFO - Processing file /home/airflow/.local/lib/python3.12/site-packages/airflow/example_dags/example_python_operator.py for tasks to queue
[2025-03-09T15:52:56.956+0000] {logging_mixin.py:190} INFO - [2025-03-09T15:52:56.956+0000] {dagbag.py:588} INFO - Filling up the DagBag from /home/airflow/.local/lib/python3.12/site-packages/airflow/example_dags/example_python_operator.py
[2025-03-09T15:52:56.963+0000] {processor.py:925} INFO - DAG(s) 'example_python_operator' retrieved from /home/airflow/.local/lib/python3.12/site-packages/airflow/example_dags/example_python_operator.py
[2025-03-09T15:52:56.978+0000] {logging_mixin.py:190} INFO - [2025-03-09T15:52:56.977+0000] {dag.py:3239} INFO - Sync 1 DAGs
[2025-03-09T15:52:56.987+0000] {logging_mixin.py:190} INFO - [2025-03-09T15:52:56.987+0000] {dag.py:4180} INFO - Setting next_dagrun for example_python_operator to None, run_after=None
[2025-03-09T15:52:57.003+0000] {processor.py:208} INFO - Processing /home/airflow/.local/lib/python3.12/site-packages/airflow/example_dags/example_python_operator.py took 0.052 seconds
[2025-03-09T15:53:27.629+0000] {processor.py:186} INFO - Started process (PID=4951) to work on /home/airflow/.local/lib/python3.12/site-packages/airflow/example_dags/example_python_operator.py
[2025-03-09T15:53:27.630+0000] {processor.py:914} INFO - Processing file /home/airflow/.local/lib/python3.12/site-packages/airflow/example_dags/example_python_operator.py for tasks to queue
[2025-03-09T15:53:27.631+0000] {logging_mixin.py:190} INFO - [2025-03-09T15:53:27.631+0000] {dagbag.py:588} INFO - Filling up the DagBag from /home/airflow/.local/lib/python3.12/site-packages/airflow/example_dags/example_python_operator.py
[2025-03-09T15:53:27.639+0000] {processor.py:925} INFO - DAG(s) 'example_python_operator' retrieved from /home/airflow/.local/lib/python3.12/site-packages/airflow/example_dags/example_python_operator.py
[2025-03-09T15:53:27.654+0000] {logging_mixin.py:190} INFO - [2025-03-09T15:53:27.654+0000] {dag.py:3239} INFO - Sync 1 DAGs
[2025-03-09T15:53:27.664+0000] {logging_mixin.py:190} INFO - [2025-03-09T15:53:27.664+0000] {dag.py:4180} INFO - Setting next_dagrun for example_python_operator to None, run_after=None
[2025-03-09T15:53:27.676+0000] {processor.py:208} INFO - Processing /home/airflow/.local/lib/python3.12/site-packages/airflow/example_dags/example_python_operator.py took 0.051 seconds
[2025-03-09T15:53:58.388+0000] {processor.py:186} INFO - Started process (PID=5276) to work on /home/airflow/.local/lib/python3.12/site-packages/airflow/example_dags/example_python_operator.py
[2025-03-09T15:53:58.388+0000] {processor.py:914} INFO - Processing file /home/airflow/.local/lib/python3.12/site-packages/airflow/example_dags/example_python_operator.py for tasks to queue
[2025-03-09T15:53:58.390+0000] {logging_mixin.py:190} INFO - [2025-03-09T15:53:58.390+0000] {dagbag.py:588} INFO - Filling up the DagBag from /home/airflow/.local/lib/python3.12/site-packages/airflow/example_dags/example_python_operator.py
[2025-03-09T15:53:58.397+0000] {processor.py:925} INFO - DAG(s) 'example_python_operator' retrieved from /home/airflow/.local/lib/python3.12/site-packages/airflow/example_dags/example_python_operator.py
[2025-03-09T15:53:58.414+0000] {logging_mixin.py:190} INFO - [2025-03-09T15:53:58.413+0000] {dag.py:3239} INFO - Sync 1 DAGs
[2025-03-09T15:53:58.425+0000] {logging_mixin.py:190} INFO - [2025-03-09T15:53:58.425+0000] {dag.py:4180} INFO - Setting next_dagrun for example_python_operator to None, run_after=None
[2025-03-09T15:53:58.444+0000] {processor.py:208} INFO - Processing /home/airflow/.local/lib/python3.12/site-packages/airflow/example_dags/example_python_operator.py took 0.061 seconds
[2025-03-09T15:54:29.184+0000] {processor.py:186} INFO - Started process (PID=5602) to work on /home/airflow/.local/lib/python3.12/site-packages/airflow/example_dags/example_python_operator.py
[2025-03-09T15:54:29.185+0000] {processor.py:914} INFO - Processing file /home/airflow/.local/lib/python3.12/site-packages/airflow/example_dags/example_python_operator.py for tasks to queue
[2025-03-09T15:54:29.186+0000] {logging_mixin.py:190} INFO - [2025-03-09T15:54:29.186+0000] {dagbag.py:588} INFO - Filling up the DagBag from /home/airflow/.local/lib/python3.12/site-packages/airflow/example_dags/example_python_operator.py
[2025-03-09T15:54:29.193+0000] {processor.py:925} INFO - DAG(s) 'example_python_operator' retrieved from /home/airflow/.local/lib/python3.12/site-packages/airflow/example_dags/example_python_operator.py
[2025-03-09T15:54:29.210+0000] {logging_mixin.py:190} INFO - [2025-03-09T15:54:29.210+0000] {dag.py:3239} INFO - Sync 1 DAGs
[2025-03-09T15:54:29.219+0000] {logging_mixin.py:190} INFO - [2025-03-09T15:54:29.219+0000] {dag.py:4180} INFO - Setting next_dagrun for example_python_operator to None, run_after=None
[2025-03-09T15:54:29.232+0000] {processor.py:208} INFO - Processing /home/airflow/.local/lib/python3.12/site-packages/airflow/example_dags/example_python_operator.py took 0.051 seconds
[2025-03-09T15:54:59.914+0000] {processor.py:186} INFO - Started process (PID=5928) to work on /home/airflow/.local/lib/python3.12/site-packages/airflow/example_dags/example_python_operator.py
[2025-03-09T15:54:59.914+0000] {processor.py:914} INFO - Processing file /home/airflow/.local/lib/python3.12/site-packages/airflow/example_dags/example_python_operator.py for tasks to queue
[2025-03-09T15:54:59.915+0000] {logging_mixin.py:190} INFO - [2025-03-09T15:54:59.915+0000] {dagbag.py:588} INFO - Filling up the DagBag from /home/airflow/.local/lib/python3.12/site-packages/airflow/example_dags/example_python_operator.py
[2025-03-09T15:54:59.922+0000] {processor.py:925} INFO - DAG(s) 'example_python_operator' retrieved from /home/airflow/.local/lib/python3.12/site-packages/airflow/example_dags/example_python_operator.py
[2025-03-09T15:54:59.938+0000] {logging_mixin.py:190} INFO - [2025-03-09T15:54:59.938+0000] {dag.py:3239} INFO - Sync 1 DAGs
[2025-03-09T15:54:59.949+0000] {logging_mixin.py:190} INFO - [2025-03-09T15:54:59.949+0000] {dag.py:4180} INFO - Setting next_dagrun for example_python_operator to None, run_after=None
[2025-03-09T15:54:59.962+0000] {processor.py:208} INFO - Processing /home/airflow/.local/lib/python3.12/site-packages/airflow/example_dags/example_python_operator.py took 0.052 seconds
[2025-03-09T15:55:30.989+0000] {processor.py:186} INFO - Started process (PID=6256) to work on /home/airflow/.local/lib/python3.12/site-packages/airflow/example_dags/example_python_operator.py
[2025-03-09T15:55:30.990+0000] {processor.py:914} INFO - Processing file /home/airflow/.local/lib/python3.12/site-packages/airflow/example_dags/example_python_operator.py for tasks to queue
[2025-03-09T15:55:30.991+0000] {logging_mixin.py:190} INFO - [2025-03-09T15:55:30.991+0000] {dagbag.py:588} INFO - Filling up the DagBag from /home/airflow/.local/lib/python3.12/site-packages/airflow/example_dags/example_python_operator.py
[2025-03-09T15:55:30.999+0000] {processor.py:925} INFO - DAG(s) 'example_python_operator' retrieved from /home/airflow/.local/lib/python3.12/site-packages/airflow/example_dags/example_python_operator.py
[2025-03-09T15:55:31.018+0000] {logging_mixin.py:190} INFO - [2025-03-09T15:55:31.018+0000] {dag.py:3239} INFO - Sync 1 DAGs
[2025-03-09T15:55:31.029+0000] {logging_mixin.py:190} INFO - [2025-03-09T15:55:31.028+0000] {dag.py:4180} INFO - Setting next_dagrun for example_python_operator to None, run_after=None
[2025-03-09T15:55:31.045+0000] {processor.py:208} INFO - Processing /home/airflow/.local/lib/python3.12/site-packages/airflow/example_dags/example_python_operator.py took 0.060 seconds
[2025-03-09T15:56:01.893+0000] {processor.py:186} INFO - Started process (PID=6580) to work on /home/airflow/.local/lib/python3.12/site-packages/airflow/example_dags/example_python_operator.py
[2025-03-09T15:56:01.893+0000] {processor.py:914} INFO - Processing file /home/airflow/.local/lib/python3.12/site-packages/airflow/example_dags/example_python_operator.py for tasks to queue
[2025-03-09T15:56:01.894+0000] {logging_mixin.py:190} INFO - [2025-03-09T15:56:01.894+0000] {dagbag.py:588} INFO - Filling up the DagBag from /home/airflow/.local/lib/python3.12/site-packages/airflow/example_dags/example_python_operator.py
[2025-03-09T15:56:01.901+0000] {processor.py:925} INFO - DAG(s) 'example_python_operator' retrieved from /home/airflow/.local/lib/python3.12/site-packages/airflow/example_dags/example_python_operator.py
[2025-03-09T15:56:01.916+0000] {logging_mixin.py:190} INFO - [2025-03-09T15:56:01.916+0000] {dag.py:3239} INFO - Sync 1 DAGs
[2025-03-09T15:56:01.925+0000] {logging_mixin.py:190} INFO - [2025-03-09T15:56:01.925+0000] {dag.py:4180} INFO - Setting next_dagrun for example_python_operator to None, run_after=None
[2025-03-09T15:56:01.936+0000] {processor.py:208} INFO - Processing /home/airflow/.local/lib/python3.12/site-packages/airflow/example_dags/example_python_operator.py took 0.048 seconds
[2025-03-09T15:56:32.615+0000] {processor.py:186} INFO - Started process (PID=6906) to work on /home/airflow/.local/lib/python3.12/site-packages/airflow/example_dags/example_python_operator.py
[2025-03-09T15:56:32.616+0000] {processor.py:914} INFO - Processing file /home/airflow/.local/lib/python3.12/site-packages/airflow/example_dags/example_python_operator.py for tasks to queue
[2025-03-09T15:56:32.617+0000] {logging_mixin.py:190} INFO - [2025-03-09T15:56:32.617+0000] {dagbag.py:588} INFO - Filling up the DagBag from /home/airflow/.local/lib/python3.12/site-packages/airflow/example_dags/example_python_operator.py
[2025-03-09T15:56:32.624+0000] {processor.py:925} INFO - DAG(s) 'example_python_operator' retrieved from /home/airflow/.local/lib/python3.12/site-packages/airflow/example_dags/example_python_operator.py
[2025-03-09T15:56:32.640+0000] {logging_mixin.py:190} INFO - [2025-03-09T15:56:32.639+0000] {dag.py:3239} INFO - Sync 1 DAGs
[2025-03-09T15:56:32.649+0000] {logging_mixin.py:190} INFO - [2025-03-09T15:56:32.648+0000] {dag.py:4180} INFO - Setting next_dagrun for example_python_operator to None, run_after=None
[2025-03-09T15:56:32.660+0000] {processor.py:208} INFO - Processing /home/airflow/.local/lib/python3.12/site-packages/airflow/example_dags/example_python_operator.py took 0.048 seconds
[2025-03-09T15:57:03.456+0000] {processor.py:186} INFO - Started process (PID=7232) to work on /home/airflow/.local/lib/python3.12/site-packages/airflow/example_dags/example_python_operator.py
[2025-03-09T15:57:03.456+0000] {processor.py:914} INFO - Processing file /home/airflow/.local/lib/python3.12/site-packages/airflow/example_dags/example_python_operator.py for tasks to queue
[2025-03-09T15:57:03.457+0000] {logging_mixin.py:190} INFO - [2025-03-09T15:57:03.457+0000] {dagbag.py:588} INFO - Filling up the DagBag from /home/airflow/.local/lib/python3.12/site-packages/airflow/example_dags/example_python_operator.py
[2025-03-09T15:57:03.464+0000] {processor.py:925} INFO - DAG(s) 'example_python_operator' retrieved from /home/airflow/.local/lib/python3.12/site-packages/airflow/example_dags/example_python_operator.py
[2025-03-09T15:57:03.482+0000] {logging_mixin.py:190} INFO - [2025-03-09T15:57:03.482+0000] {dag.py:3239} INFO - Sync 1 DAGs
[2025-03-09T15:57:03.495+0000] {logging_mixin.py:190} INFO - [2025-03-09T15:57:03.494+0000] {dag.py:4180} INFO - Setting next_dagrun for example_python_operator to None, run_after=None
[2025-03-09T15:57:03.512+0000] {processor.py:208} INFO - Processing /home/airflow/.local/lib/python3.12/site-packages/airflow/example_dags/example_python_operator.py took 0.061 seconds
[2025-03-09T15:57:34.473+0000] {processor.py:186} INFO - Started process (PID=7558) to work on /home/airflow/.local/lib/python3.12/site-packages/airflow/example_dags/example_python_operator.py
[2025-03-09T15:57:34.474+0000] {processor.py:914} INFO - Processing file /home/airflow/.local/lib/python3.12/site-packages/airflow/example_dags/example_python_operator.py for tasks to queue
[2025-03-09T15:57:34.475+0000] {logging_mixin.py:190} INFO - [2025-03-09T15:57:34.475+0000] {dagbag.py:588} INFO - Filling up the DagBag from /home/airflow/.local/lib/python3.12/site-packages/airflow/example_dags/example_python_operator.py
[2025-03-09T15:57:34.482+0000] {processor.py:925} INFO - DAG(s) 'example_python_operator' retrieved from /home/airflow/.local/lib/python3.12/site-packages/airflow/example_dags/example_python_operator.py
[2025-03-09T15:57:34.497+0000] {logging_mixin.py:190} INFO - [2025-03-09T15:57:34.496+0000] {dag.py:3239} INFO - Sync 1 DAGs
[2025-03-09T15:57:34.505+0000] {logging_mixin.py:190} INFO - [2025-03-09T15:57:34.505+0000] {dag.py:4180} INFO - Setting next_dagrun for example_python_operator to None, run_after=None
[2025-03-09T15:57:34.519+0000] {processor.py:208} INFO - Processing /home/airflow/.local/lib/python3.12/site-packages/airflow/example_dags/example_python_operator.py took 0.049 seconds
[2025-03-09T15:58:05.294+0000] {processor.py:186} INFO - Started process (PID=7884) to work on /home/airflow/.local/lib/python3.12/site-packages/airflow/example_dags/example_python_operator.py
[2025-03-09T15:58:05.295+0000] {processor.py:914} INFO - Processing file /home/airflow/.local/lib/python3.12/site-packages/airflow/example_dags/example_python_operator.py for tasks to queue
[2025-03-09T15:58:05.296+0000] {logging_mixin.py:190} INFO - [2025-03-09T15:58:05.296+0000] {dagbag.py:588} INFO - Filling up the DagBag from /home/airflow/.local/lib/python3.12/site-packages/airflow/example_dags/example_python_operator.py
[2025-03-09T15:58:05.304+0000] {processor.py:925} INFO - DAG(s) 'example_python_operator' retrieved from /home/airflow/.local/lib/python3.12/site-packages/airflow/example_dags/example_python_operator.py
[2025-03-09T15:58:05.321+0000] {logging_mixin.py:190} INFO - [2025-03-09T15:58:05.321+0000] {dag.py:3239} INFO - Sync 1 DAGs
[2025-03-09T15:58:05.331+0000] {logging_mixin.py:190} INFO - [2025-03-09T15:58:05.330+0000] {dag.py:4180} INFO - Setting next_dagrun for example_python_operator to None, run_after=None
[2025-03-09T15:58:05.346+0000] {processor.py:208} INFO - Processing /home/airflow/.local/lib/python3.12/site-packages/airflow/example_dags/example_python_operator.py took 0.057 seconds
[2025-03-09T15:58:36.539+0000] {processor.py:186} INFO - Started process (PID=8210) to work on /home/airflow/.local/lib/python3.12/site-packages/airflow/example_dags/example_python_operator.py
[2025-03-09T15:58:36.540+0000] {processor.py:914} INFO - Processing file /home/airflow/.local/lib/python3.12/site-packages/airflow/example_dags/example_python_operator.py for tasks to queue
[2025-03-09T15:58:36.542+0000] {logging_mixin.py:190} INFO - [2025-03-09T15:58:36.542+0000] {dagbag.py:588} INFO - Filling up the DagBag from /home/airflow/.local/lib/python3.12/site-packages/airflow/example_dags/example_python_operator.py
[2025-03-09T15:58:36.550+0000] {processor.py:925} INFO - DAG(s) 'example_python_operator' retrieved from /home/airflow/.local/lib/python3.12/site-packages/airflow/example_dags/example_python_operator.py
[2025-03-09T15:58:36.563+0000] {logging_mixin.py:190} INFO - [2025-03-09T15:58:36.563+0000] {dag.py:3239} INFO - Sync 1 DAGs
[2025-03-09T15:58:36.571+0000] {logging_mixin.py:190} INFO - [2025-03-09T15:58:36.571+0000] {dag.py:4180} INFO - Setting next_dagrun for example_python_operator to None, run_after=None
[2025-03-09T15:58:36.585+0000] {processor.py:208} INFO - Processing /home/airflow/.local/lib/python3.12/site-packages/airflow/example_dags/example_python_operator.py took 0.053 seconds
[2025-03-09T15:59:07.895+0000] {processor.py:186} INFO - Started process (PID=8538) to work on /home/airflow/.local/lib/python3.12/site-packages/airflow/example_dags/example_python_operator.py
[2025-03-09T15:59:07.895+0000] {processor.py:914} INFO - Processing file /home/airflow/.local/lib/python3.12/site-packages/airflow/example_dags/example_python_operator.py for tasks to queue
[2025-03-09T15:59:07.897+0000] {logging_mixin.py:190} INFO - [2025-03-09T15:59:07.896+0000] {dagbag.py:588} INFO - Filling up the DagBag from /home/airflow/.local/lib/python3.12/site-packages/airflow/example_dags/example_python_operator.py
[2025-03-09T15:59:07.903+0000] {processor.py:925} INFO - DAG(s) 'example_python_operator' retrieved from /home/airflow/.local/lib/python3.12/site-packages/airflow/example_dags/example_python_operator.py
[2025-03-09T15:59:07.920+0000] {logging_mixin.py:190} INFO - [2025-03-09T15:59:07.920+0000] {dag.py:3239} INFO - Sync 1 DAGs
[2025-03-09T15:59:07.928+0000] {logging_mixin.py:190} INFO - [2025-03-09T15:59:07.928+0000] {dag.py:4180} INFO - Setting next_dagrun for example_python_operator to None, run_after=None
[2025-03-09T15:59:07.941+0000] {processor.py:208} INFO - Processing /home/airflow/.local/lib/python3.12/site-packages/airflow/example_dags/example_python_operator.py took 0.052 seconds
[2025-03-09T15:59:38.809+0000] {processor.py:186} INFO - Started process (PID=8864) to work on /home/airflow/.local/lib/python3.12/site-packages/airflow/example_dags/example_python_operator.py
[2025-03-09T15:59:38.810+0000] {processor.py:914} INFO - Processing file /home/airflow/.local/lib/python3.12/site-packages/airflow/example_dags/example_python_operator.py for tasks to queue
[2025-03-09T15:59:38.811+0000] {logging_mixin.py:190} INFO - [2025-03-09T15:59:38.811+0000] {dagbag.py:588} INFO - Filling up the DagBag from /home/airflow/.local/lib/python3.12/site-packages/airflow/example_dags/example_python_operator.py
[2025-03-09T15:59:38.819+0000] {processor.py:925} INFO - DAG(s) 'example_python_operator' retrieved from /home/airflow/.local/lib/python3.12/site-packages/airflow/example_dags/example_python_operator.py
[2025-03-09T15:59:38.833+0000] {logging_mixin.py:190} INFO - [2025-03-09T15:59:38.833+0000] {dag.py:3239} INFO - Sync 1 DAGs
[2025-03-09T15:59:38.842+0000] {logging_mixin.py:190} INFO - [2025-03-09T15:59:38.842+0000] {dag.py:4180} INFO - Setting next_dagrun for example_python_operator to None, run_after=None
[2025-03-09T15:59:38.857+0000] {processor.py:208} INFO - Processing /home/airflow/.local/lib/python3.12/site-packages/airflow/example_dags/example_python_operator.py took 0.053 seconds
[2025-03-09T16:00:09.292+0000] {processor.py:186} INFO - Started process (PID=9188) to work on /home/airflow/.local/lib/python3.12/site-packages/airflow/example_dags/example_python_operator.py
[2025-03-09T16:00:09.292+0000] {processor.py:914} INFO - Processing file /home/airflow/.local/lib/python3.12/site-packages/airflow/example_dags/example_python_operator.py for tasks to queue
[2025-03-09T16:00:09.293+0000] {logging_mixin.py:190} INFO - [2025-03-09T16:00:09.293+0000] {dagbag.py:588} INFO - Filling up the DagBag from /home/airflow/.local/lib/python3.12/site-packages/airflow/example_dags/example_python_operator.py
[2025-03-09T16:00:09.301+0000] {processor.py:925} INFO - DAG(s) 'example_python_operator' retrieved from /home/airflow/.local/lib/python3.12/site-packages/airflow/example_dags/example_python_operator.py
[2025-03-09T16:00:09.314+0000] {logging_mixin.py:190} INFO - [2025-03-09T16:00:09.314+0000] {dag.py:3239} INFO - Sync 1 DAGs
[2025-03-09T16:00:09.323+0000] {logging_mixin.py:190} INFO - [2025-03-09T16:00:09.323+0000] {dag.py:4180} INFO - Setting next_dagrun for example_python_operator to None, run_after=None
[2025-03-09T16:00:09.341+0000] {processor.py:208} INFO - Processing /home/airflow/.local/lib/python3.12/site-packages/airflow/example_dags/example_python_operator.py took 0.054 seconds
[2025-03-09T16:00:39.910+0000] {processor.py:186} INFO - Started process (PID=9514) to work on /home/airflow/.local/lib/python3.12/site-packages/airflow/example_dags/example_python_operator.py
[2025-03-09T16:00:39.910+0000] {processor.py:914} INFO - Processing file /home/airflow/.local/lib/python3.12/site-packages/airflow/example_dags/example_python_operator.py for tasks to queue
[2025-03-09T16:00:39.911+0000] {logging_mixin.py:190} INFO - [2025-03-09T16:00:39.911+0000] {dagbag.py:588} INFO - Filling up the DagBag from /home/airflow/.local/lib/python3.12/site-packages/airflow/example_dags/example_python_operator.py
[2025-03-09T16:00:39.919+0000] {processor.py:925} INFO - DAG(s) 'example_python_operator' retrieved from /home/airflow/.local/lib/python3.12/site-packages/airflow/example_dags/example_python_operator.py
[2025-03-09T16:00:39.935+0000] {logging_mixin.py:190} INFO - [2025-03-09T16:00:39.935+0000] {dag.py:3239} INFO - Sync 1 DAGs
[2025-03-09T16:00:39.944+0000] {logging_mixin.py:190} INFO - [2025-03-09T16:00:39.944+0000] {dag.py:4180} INFO - Setting next_dagrun for example_python_operator to None, run_after=None
[2025-03-09T16:00:39.956+0000] {processor.py:208} INFO - Processing /home/airflow/.local/lib/python3.12/site-packages/airflow/example_dags/example_python_operator.py took 0.050 seconds
[2025-03-09T16:01:10.435+0000] {processor.py:186} INFO - Started process (PID=9840) to work on /home/airflow/.local/lib/python3.12/site-packages/airflow/example_dags/example_python_operator.py
[2025-03-09T16:01:10.435+0000] {processor.py:914} INFO - Processing file /home/airflow/.local/lib/python3.12/site-packages/airflow/example_dags/example_python_operator.py for tasks to queue
[2025-03-09T16:01:10.436+0000] {logging_mixin.py:190} INFO - [2025-03-09T16:01:10.436+0000] {dagbag.py:588} INFO - Filling up the DagBag from /home/airflow/.local/lib/python3.12/site-packages/airflow/example_dags/example_python_operator.py
[2025-03-09T16:01:10.444+0000] {processor.py:925} INFO - DAG(s) 'example_python_operator' retrieved from /home/airflow/.local/lib/python3.12/site-packages/airflow/example_dags/example_python_operator.py
[2025-03-09T16:01:10.460+0000] {logging_mixin.py:190} INFO - [2025-03-09T16:01:10.459+0000] {dag.py:3239} INFO - Sync 1 DAGs
[2025-03-09T16:01:10.469+0000] {logging_mixin.py:190} INFO - [2025-03-09T16:01:10.469+0000] {dag.py:4180} INFO - Setting next_dagrun for example_python_operator to None, run_after=None
[2025-03-09T16:01:10.490+0000] {processor.py:208} INFO - Processing /home/airflow/.local/lib/python3.12/site-packages/airflow/example_dags/example_python_operator.py took 0.060 seconds
[2025-03-09T16:01:41.030+0000] {processor.py:186} INFO - Started process (PID=10166) to work on /home/airflow/.local/lib/python3.12/site-packages/airflow/example_dags/example_python_operator.py
[2025-03-09T16:01:41.032+0000] {processor.py:914} INFO - Processing file /home/airflow/.local/lib/python3.12/site-packages/airflow/example_dags/example_python_operator.py for tasks to queue
[2025-03-09T16:01:41.033+0000] {logging_mixin.py:190} INFO - [2025-03-09T16:01:41.033+0000] {dagbag.py:588} INFO - Filling up the DagBag from /home/airflow/.local/lib/python3.12/site-packages/airflow/example_dags/example_python_operator.py
[2025-03-09T16:01:41.040+0000] {processor.py:925} INFO - DAG(s) 'example_python_operator' retrieved from /home/airflow/.local/lib/python3.12/site-packages/airflow/example_dags/example_python_operator.py
[2025-03-09T16:01:41.055+0000] {logging_mixin.py:190} INFO - [2025-03-09T16:01:41.055+0000] {dag.py:3239} INFO - Sync 1 DAGs
[2025-03-09T16:01:41.069+0000] {logging_mixin.py:190} INFO - [2025-03-09T16:01:41.069+0000] {dag.py:4180} INFO - Setting next_dagrun for example_python_operator to None, run_after=None
[2025-03-09T16:01:41.085+0000] {processor.py:208} INFO - Processing /home/airflow/.local/lib/python3.12/site-packages/airflow/example_dags/example_python_operator.py took 0.059 seconds
[2025-03-09T16:02:11.539+0000] {processor.py:186} INFO - Started process (PID=10492) to work on /home/airflow/.local/lib/python3.12/site-packages/airflow/example_dags/example_python_operator.py
[2025-03-09T16:02:11.540+0000] {processor.py:914} INFO - Processing file /home/airflow/.local/lib/python3.12/site-packages/airflow/example_dags/example_python_operator.py for tasks to queue
[2025-03-09T16:02:11.541+0000] {logging_mixin.py:190} INFO - [2025-03-09T16:02:11.541+0000] {dagbag.py:588} INFO - Filling up the DagBag from /home/airflow/.local/lib/python3.12/site-packages/airflow/example_dags/example_python_operator.py
[2025-03-09T16:02:11.549+0000] {processor.py:925} INFO - DAG(s) 'example_python_operator' retrieved from /home/airflow/.local/lib/python3.12/site-packages/airflow/example_dags/example_python_operator.py
[2025-03-09T16:02:11.562+0000] {logging_mixin.py:190} INFO - [2025-03-09T16:02:11.562+0000] {dag.py:3239} INFO - Sync 1 DAGs
[2025-03-09T16:02:11.573+0000] {logging_mixin.py:190} INFO - [2025-03-09T16:02:11.573+0000] {dag.py:4180} INFO - Setting next_dagrun for example_python_operator to None, run_after=None
[2025-03-09T16:02:11.590+0000] {processor.py:208} INFO - Processing /home/airflow/.local/lib/python3.12/site-packages/airflow/example_dags/example_python_operator.py took 0.054 seconds
[2025-03-09T16:02:42.305+0000] {processor.py:186} INFO - Started process (PID=10818) to work on /home/airflow/.local/lib/python3.12/site-packages/airflow/example_dags/example_python_operator.py
[2025-03-09T16:02:42.305+0000] {processor.py:914} INFO - Processing file /home/airflow/.local/lib/python3.12/site-packages/airflow/example_dags/example_python_operator.py for tasks to queue
[2025-03-09T16:02:42.307+0000] {logging_mixin.py:190} INFO - [2025-03-09T16:02:42.306+0000] {dagbag.py:588} INFO - Filling up the DagBag from /home/airflow/.local/lib/python3.12/site-packages/airflow/example_dags/example_python_operator.py
[2025-03-09T16:02:42.314+0000] {processor.py:925} INFO - DAG(s) 'example_python_operator' retrieved from /home/airflow/.local/lib/python3.12/site-packages/airflow/example_dags/example_python_operator.py
[2025-03-09T16:02:42.327+0000] {logging_mixin.py:190} INFO - [2025-03-09T16:02:42.327+0000] {dag.py:3239} INFO - Sync 1 DAGs
[2025-03-09T16:02:42.337+0000] {logging_mixin.py:190} INFO - [2025-03-09T16:02:42.336+0000] {dag.py:4180} INFO - Setting next_dagrun for example_python_operator to None, run_after=None
[2025-03-09T16:02:42.349+0000] {processor.py:208} INFO - Processing /home/airflow/.local/lib/python3.12/site-packages/airflow/example_dags/example_python_operator.py took 0.047 seconds
[2025-03-09T16:03:13.158+0000] {processor.py:186} INFO - Started process (PID=11144) to work on /home/airflow/.local/lib/python3.12/site-packages/airflow/example_dags/example_python_operator.py
[2025-03-09T16:03:13.159+0000] {processor.py:914} INFO - Processing file /home/airflow/.local/lib/python3.12/site-packages/airflow/example_dags/example_python_operator.py for tasks to queue
[2025-03-09T16:03:13.161+0000] {logging_mixin.py:190} INFO - [2025-03-09T16:03:13.160+0000] {dagbag.py:588} INFO - Filling up the DagBag from /home/airflow/.local/lib/python3.12/site-packages/airflow/example_dags/example_python_operator.py
[2025-03-09T16:03:13.170+0000] {processor.py:925} INFO - DAG(s) 'example_python_operator' retrieved from /home/airflow/.local/lib/python3.12/site-packages/airflow/example_dags/example_python_operator.py
[2025-03-09T16:03:13.188+0000] {logging_mixin.py:190} INFO - [2025-03-09T16:03:13.187+0000] {dag.py:3239} INFO - Sync 1 DAGs
[2025-03-09T16:03:13.198+0000] {logging_mixin.py:190} INFO - [2025-03-09T16:03:13.198+0000] {dag.py:4180} INFO - Setting next_dagrun for example_python_operator to None, run_after=None
[2025-03-09T16:03:13.215+0000] {processor.py:208} INFO - Processing /home/airflow/.local/lib/python3.12/site-packages/airflow/example_dags/example_python_operator.py took 0.063 seconds
[2025-03-09T16:03:43.803+0000] {processor.py:186} INFO - Started process (PID=11470) to work on /home/airflow/.local/lib/python3.12/site-packages/airflow/example_dags/example_python_operator.py
[2025-03-09T16:03:43.805+0000] {processor.py:914} INFO - Processing file /home/airflow/.local/lib/python3.12/site-packages/airflow/example_dags/example_python_operator.py for tasks to queue
[2025-03-09T16:03:43.806+0000] {logging_mixin.py:190} INFO - [2025-03-09T16:03:43.806+0000] {dagbag.py:588} INFO - Filling up the DagBag from /home/airflow/.local/lib/python3.12/site-packages/airflow/example_dags/example_python_operator.py
[2025-03-09T16:03:43.813+0000] {processor.py:925} INFO - DAG(s) 'example_python_operator' retrieved from /home/airflow/.local/lib/python3.12/site-packages/airflow/example_dags/example_python_operator.py
[2025-03-09T16:03:43.828+0000] {logging_mixin.py:190} INFO - [2025-03-09T16:03:43.828+0000] {dag.py:3239} INFO - Sync 1 DAGs
[2025-03-09T16:03:43.837+0000] {logging_mixin.py:190} INFO - [2025-03-09T16:03:43.837+0000] {dag.py:4180} INFO - Setting next_dagrun for example_python_operator to None, run_after=None
[2025-03-09T16:03:43.851+0000] {processor.py:208} INFO - Processing /home/airflow/.local/lib/python3.12/site-packages/airflow/example_dags/example_python_operator.py took 0.054 seconds
[2025-03-09T16:04:14.791+0000] {processor.py:186} INFO - Started process (PID=11798) to work on /home/airflow/.local/lib/python3.12/site-packages/airflow/example_dags/example_python_operator.py
[2025-03-09T16:04:14.793+0000] {processor.py:914} INFO - Processing file /home/airflow/.local/lib/python3.12/site-packages/airflow/example_dags/example_python_operator.py for tasks to queue
[2025-03-09T16:04:14.795+0000] {logging_mixin.py:190} INFO - [2025-03-09T16:04:14.795+0000] {dagbag.py:588} INFO - Filling up the DagBag from /home/airflow/.local/lib/python3.12/site-packages/airflow/example_dags/example_python_operator.py
[2025-03-09T16:04:14.810+0000] {processor.py:925} INFO - DAG(s) 'example_python_operator' retrieved from /home/airflow/.local/lib/python3.12/site-packages/airflow/example_dags/example_python_operator.py
[2025-03-09T16:04:14.832+0000] {logging_mixin.py:190} INFO - [2025-03-09T16:04:14.831+0000] {dag.py:3239} INFO - Sync 1 DAGs
[2025-03-09T16:04:14.839+0000] {logging_mixin.py:190} INFO - [2025-03-09T16:04:14.839+0000] {dag.py:4180} INFO - Setting next_dagrun for example_python_operator to None, run_after=None
[2025-03-09T16:04:14.852+0000] {processor.py:208} INFO - Processing /home/airflow/.local/lib/python3.12/site-packages/airflow/example_dags/example_python_operator.py took 0.070 seconds
[2025-03-09T16:04:45.704+0000] {processor.py:186} INFO - Started process (PID=12124) to work on /home/airflow/.local/lib/python3.12/site-packages/airflow/example_dags/example_python_operator.py
[2025-03-09T16:04:45.704+0000] {processor.py:914} INFO - Processing file /home/airflow/.local/lib/python3.12/site-packages/airflow/example_dags/example_python_operator.py for tasks to queue
[2025-03-09T16:04:45.706+0000] {logging_mixin.py:190} INFO - [2025-03-09T16:04:45.705+0000] {dagbag.py:588} INFO - Filling up the DagBag from /home/airflow/.local/lib/python3.12/site-packages/airflow/example_dags/example_python_operator.py
[2025-03-09T16:04:45.713+0000] {processor.py:925} INFO - DAG(s) 'example_python_operator' retrieved from /home/airflow/.local/lib/python3.12/site-packages/airflow/example_dags/example_python_operator.py
[2025-03-09T16:04:45.726+0000] {logging_mixin.py:190} INFO - [2025-03-09T16:04:45.726+0000] {dag.py:3239} INFO - Sync 1 DAGs
[2025-03-09T16:04:45.735+0000] {logging_mixin.py:190} INFO - [2025-03-09T16:04:45.734+0000] {dag.py:4180} INFO - Setting next_dagrun for example_python_operator to None, run_after=None
[2025-03-09T16:04:45.746+0000] {processor.py:208} INFO - Processing /home/airflow/.local/lib/python3.12/site-packages/airflow/example_dags/example_python_operator.py took 0.046 seconds
[2025-03-09T16:05:16.363+0000] {processor.py:186} INFO - Started process (PID=12448) to work on /home/airflow/.local/lib/python3.12/site-packages/airflow/example_dags/example_python_operator.py
[2025-03-09T16:05:16.364+0000] {processor.py:914} INFO - Processing file /home/airflow/.local/lib/python3.12/site-packages/airflow/example_dags/example_python_operator.py for tasks to queue
[2025-03-09T16:05:16.365+0000] {logging_mixin.py:190} INFO - [2025-03-09T16:05:16.365+0000] {dagbag.py:588} INFO - Filling up the DagBag from /home/airflow/.local/lib/python3.12/site-packages/airflow/example_dags/example_python_operator.py
[2025-03-09T16:05:16.374+0000] {processor.py:925} INFO - DAG(s) 'example_python_operator' retrieved from /home/airflow/.local/lib/python3.12/site-packages/airflow/example_dags/example_python_operator.py
[2025-03-09T16:05:16.392+0000] {logging_mixin.py:190} INFO - [2025-03-09T16:05:16.391+0000] {dag.py:3239} INFO - Sync 1 DAGs
[2025-03-09T16:05:16.401+0000] {logging_mixin.py:190} INFO - [2025-03-09T16:05:16.401+0000] {dag.py:4180} INFO - Setting next_dagrun for example_python_operator to None, run_after=None
[2025-03-09T16:05:16.420+0000] {processor.py:208} INFO - Processing /home/airflow/.local/lib/python3.12/site-packages/airflow/example_dags/example_python_operator.py took 0.060 seconds
[2025-03-09T16:05:47.077+0000] {processor.py:186} INFO - Started process (PID=12774) to work on /home/airflow/.local/lib/python3.12/site-packages/airflow/example_dags/example_python_operator.py
[2025-03-09T16:05:47.078+0000] {processor.py:914} INFO - Processing file /home/airflow/.local/lib/python3.12/site-packages/airflow/example_dags/example_python_operator.py for tasks to queue
[2025-03-09T16:05:47.079+0000] {logging_mixin.py:190} INFO - [2025-03-09T16:05:47.079+0000] {dagbag.py:588} INFO - Filling up the DagBag from /home/airflow/.local/lib/python3.12/site-packages/airflow/example_dags/example_python_operator.py
[2025-03-09T16:05:47.087+0000] {processor.py:925} INFO - DAG(s) 'example_python_operator' retrieved from /home/airflow/.local/lib/python3.12/site-packages/airflow/example_dags/example_python_operator.py
[2025-03-09T16:05:47.101+0000] {logging_mixin.py:190} INFO - [2025-03-09T16:05:47.101+0000] {dag.py:3239} INFO - Sync 1 DAGs
[2025-03-09T16:05:47.110+0000] {logging_mixin.py:190} INFO - [2025-03-09T16:05:47.110+0000] {dag.py:4180} INFO - Setting next_dagrun for example_python_operator to None, run_after=None
[2025-03-09T16:05:47.122+0000] {processor.py:208} INFO - Processing /home/airflow/.local/lib/python3.12/site-packages/airflow/example_dags/example_python_operator.py took 0.050 seconds
[2025-03-09T16:06:17.642+0000] {processor.py:186} INFO - Started process (PID=13100) to work on /home/airflow/.local/lib/python3.12/site-packages/airflow/example_dags/example_python_operator.py
[2025-03-09T16:06:17.643+0000] {processor.py:914} INFO - Processing file /home/airflow/.local/lib/python3.12/site-packages/airflow/example_dags/example_python_operator.py for tasks to queue
[2025-03-09T16:06:17.644+0000] {logging_mixin.py:190} INFO - [2025-03-09T16:06:17.644+0000] {dagbag.py:588} INFO - Filling up the DagBag from /home/airflow/.local/lib/python3.12/site-packages/airflow/example_dags/example_python_operator.py
[2025-03-09T16:06:17.651+0000] {processor.py:925} INFO - DAG(s) 'example_python_operator' retrieved from /home/airflow/.local/lib/python3.12/site-packages/airflow/example_dags/example_python_operator.py
[2025-03-09T16:06:17.666+0000] {logging_mixin.py:190} INFO - [2025-03-09T16:06:17.666+0000] {dag.py:3239} INFO - Sync 1 DAGs
[2025-03-09T16:06:17.676+0000] {logging_mixin.py:190} INFO - [2025-03-09T16:06:17.676+0000] {dag.py:4180} INFO - Setting next_dagrun for example_python_operator to None, run_after=None
[2025-03-09T16:06:17.692+0000] {processor.py:208} INFO - Processing /home/airflow/.local/lib/python3.12/site-packages/airflow/example_dags/example_python_operator.py took 0.054 seconds
[2025-03-09T16:06:48.198+0000] {processor.py:186} INFO - Started process (PID=13434) to work on /home/airflow/.local/lib/python3.12/site-packages/airflow/example_dags/example_python_operator.py
[2025-03-09T16:06:48.198+0000] {processor.py:914} INFO - Processing file /home/airflow/.local/lib/python3.12/site-packages/airflow/example_dags/example_python_operator.py for tasks to queue
[2025-03-09T16:06:48.199+0000] {logging_mixin.py:190} INFO - [2025-03-09T16:06:48.199+0000] {dagbag.py:588} INFO - Filling up the DagBag from /home/airflow/.local/lib/python3.12/site-packages/airflow/example_dags/example_python_operator.py
[2025-03-09T16:06:48.206+0000] {processor.py:925} INFO - DAG(s) 'example_python_operator' retrieved from /home/airflow/.local/lib/python3.12/site-packages/airflow/example_dags/example_python_operator.py
[2025-03-09T16:06:48.221+0000] {logging_mixin.py:190} INFO - [2025-03-09T16:06:48.221+0000] {dag.py:3239} INFO - Sync 1 DAGs
[2025-03-09T16:06:48.230+0000] {logging_mixin.py:190} INFO - [2025-03-09T16:06:48.230+0000] {dag.py:4180} INFO - Setting next_dagrun for example_python_operator to None, run_after=None
[2025-03-09T16:06:48.242+0000] {processor.py:208} INFO - Processing /home/airflow/.local/lib/python3.12/site-packages/airflow/example_dags/example_python_operator.py took 0.048 seconds
[2025-03-09T16:07:18.872+0000] {processor.py:186} INFO - Started process (PID=13760) to work on /home/airflow/.local/lib/python3.12/site-packages/airflow/example_dags/example_python_operator.py
[2025-03-09T16:07:18.872+0000] {processor.py:914} INFO - Processing file /home/airflow/.local/lib/python3.12/site-packages/airflow/example_dags/example_python_operator.py for tasks to queue
[2025-03-09T16:07:18.874+0000] {logging_mixin.py:190} INFO - [2025-03-09T16:07:18.874+0000] {dagbag.py:588} INFO - Filling up the DagBag from /home/airflow/.local/lib/python3.12/site-packages/airflow/example_dags/example_python_operator.py
[2025-03-09T16:07:18.882+0000] {processor.py:925} INFO - DAG(s) 'example_python_operator' retrieved from /home/airflow/.local/lib/python3.12/site-packages/airflow/example_dags/example_python_operator.py
[2025-03-09T16:07:18.897+0000] {logging_mixin.py:190} INFO - [2025-03-09T16:07:18.896+0000] {dag.py:3239} INFO - Sync 1 DAGs
[2025-03-09T16:07:18.905+0000] {logging_mixin.py:190} INFO - [2025-03-09T16:07:18.905+0000] {dag.py:4180} INFO - Setting next_dagrun for example_python_operator to None, run_after=None
[2025-03-09T16:07:18.918+0000] {processor.py:208} INFO - Processing /home/airflow/.local/lib/python3.12/site-packages/airflow/example_dags/example_python_operator.py took 0.051 seconds
[2025-03-09T16:07:49.465+0000] {processor.py:186} INFO - Started process (PID=14086) to work on /home/airflow/.local/lib/python3.12/site-packages/airflow/example_dags/example_python_operator.py
[2025-03-09T16:07:49.465+0000] {processor.py:914} INFO - Processing file /home/airflow/.local/lib/python3.12/site-packages/airflow/example_dags/example_python_operator.py for tasks to queue
[2025-03-09T16:07:49.466+0000] {logging_mixin.py:190} INFO - [2025-03-09T16:07:49.466+0000] {dagbag.py:588} INFO - Filling up the DagBag from /home/airflow/.local/lib/python3.12/site-packages/airflow/example_dags/example_python_operator.py
[2025-03-09T16:07:49.473+0000] {processor.py:925} INFO - DAG(s) 'example_python_operator' retrieved from /home/airflow/.local/lib/python3.12/site-packages/airflow/example_dags/example_python_operator.py
[2025-03-09T16:07:49.486+0000] {logging_mixin.py:190} INFO - [2025-03-09T16:07:49.486+0000] {dag.py:3239} INFO - Sync 1 DAGs
[2025-03-09T16:07:49.495+0000] {logging_mixin.py:190} INFO - [2025-03-09T16:07:49.495+0000] {dag.py:4180} INFO - Setting next_dagrun for example_python_operator to None, run_after=None
[2025-03-09T16:07:49.508+0000] {processor.py:208} INFO - Processing /home/airflow/.local/lib/python3.12/site-packages/airflow/example_dags/example_python_operator.py took 0.047 seconds
[2025-03-09T16:08:20.459+0000] {processor.py:186} INFO - Started process (PID=14411) to work on /home/airflow/.local/lib/python3.12/site-packages/airflow/example_dags/example_python_operator.py
[2025-03-09T16:08:20.459+0000] {processor.py:914} INFO - Processing file /home/airflow/.local/lib/python3.12/site-packages/airflow/example_dags/example_python_operator.py for tasks to queue
[2025-03-09T16:08:20.460+0000] {logging_mixin.py:190} INFO - [2025-03-09T16:08:20.460+0000] {dagbag.py:588} INFO - Filling up the DagBag from /home/airflow/.local/lib/python3.12/site-packages/airflow/example_dags/example_python_operator.py
[2025-03-09T16:08:20.468+0000] {processor.py:925} INFO - DAG(s) 'example_python_operator' retrieved from /home/airflow/.local/lib/python3.12/site-packages/airflow/example_dags/example_python_operator.py
[2025-03-09T16:08:20.495+0000] {logging_mixin.py:190} INFO - [2025-03-09T16:08:20.495+0000] {dag.py:3239} INFO - Sync 1 DAGs
[2025-03-09T16:08:20.504+0000] {logging_mixin.py:190} INFO - [2025-03-09T16:08:20.504+0000] {dag.py:4180} INFO - Setting next_dagrun for example_python_operator to None, run_after=None
[2025-03-09T16:08:20.519+0000] {processor.py:208} INFO - Processing /home/airflow/.local/lib/python3.12/site-packages/airflow/example_dags/example_python_operator.py took 0.064 seconds
[2025-03-09T16:08:51.287+0000] {processor.py:186} INFO - Started process (PID=14739) to work on /home/airflow/.local/lib/python3.12/site-packages/airflow/example_dags/example_python_operator.py
[2025-03-09T16:08:51.288+0000] {processor.py:914} INFO - Processing file /home/airflow/.local/lib/python3.12/site-packages/airflow/example_dags/example_python_operator.py for tasks to queue
[2025-03-09T16:08:51.289+0000] {logging_mixin.py:190} INFO - [2025-03-09T16:08:51.289+0000] {dagbag.py:588} INFO - Filling up the DagBag from /home/airflow/.local/lib/python3.12/site-packages/airflow/example_dags/example_python_operator.py
[2025-03-09T16:08:51.299+0000] {processor.py:925} INFO - DAG(s) 'example_python_operator' retrieved from /home/airflow/.local/lib/python3.12/site-packages/airflow/example_dags/example_python_operator.py
[2025-03-09T16:08:51.330+0000] {logging_mixin.py:190} INFO - [2025-03-09T16:08:51.330+0000] {dag.py:3239} INFO - Sync 1 DAGs
[2025-03-09T16:08:51.341+0000] {logging_mixin.py:190} INFO - [2025-03-09T16:08:51.341+0000] {dag.py:4180} INFO - Setting next_dagrun for example_python_operator to None, run_after=None
[2025-03-09T16:08:51.354+0000] {processor.py:208} INFO - Processing /home/airflow/.local/lib/python3.12/site-packages/airflow/example_dags/example_python_operator.py took 0.072 seconds
[2025-03-09T16:09:21.435+0000] {processor.py:186} INFO - Started process (PID=15063) to work on /home/airflow/.local/lib/python3.12/site-packages/airflow/example_dags/example_python_operator.py
[2025-03-09T16:09:21.435+0000] {processor.py:914} INFO - Processing file /home/airflow/.local/lib/python3.12/site-packages/airflow/example_dags/example_python_operator.py for tasks to queue
[2025-03-09T16:09:21.437+0000] {logging_mixin.py:190} INFO - [2025-03-09T16:09:21.437+0000] {dagbag.py:588} INFO - Filling up the DagBag from /home/airflow/.local/lib/python3.12/site-packages/airflow/example_dags/example_python_operator.py
[2025-03-09T16:09:21.445+0000] {processor.py:925} INFO - DAG(s) 'example_python_operator' retrieved from /home/airflow/.local/lib/python3.12/site-packages/airflow/example_dags/example_python_operator.py
[2025-03-09T16:09:21.462+0000] {logging_mixin.py:190} INFO - [2025-03-09T16:09:21.462+0000] {dag.py:3239} INFO - Sync 1 DAGs
[2025-03-09T16:09:21.472+0000] {logging_mixin.py:190} INFO - [2025-03-09T16:09:21.472+0000] {dag.py:4180} INFO - Setting next_dagrun for example_python_operator to None, run_after=None
[2025-03-09T16:09:21.487+0000] {processor.py:208} INFO - Processing /home/airflow/.local/lib/python3.12/site-packages/airflow/example_dags/example_python_operator.py took 0.057 seconds
[2025-03-09T16:09:52.266+0000] {processor.py:186} INFO - Started process (PID=15389) to work on /home/airflow/.local/lib/python3.12/site-packages/airflow/example_dags/example_python_operator.py
[2025-03-09T16:09:52.266+0000] {processor.py:914} INFO - Processing file /home/airflow/.local/lib/python3.12/site-packages/airflow/example_dags/example_python_operator.py for tasks to queue
[2025-03-09T16:09:52.268+0000] {logging_mixin.py:190} INFO - [2025-03-09T16:09:52.268+0000] {dagbag.py:588} INFO - Filling up the DagBag from /home/airflow/.local/lib/python3.12/site-packages/airflow/example_dags/example_python_operator.py
[2025-03-09T16:09:52.275+0000] {processor.py:925} INFO - DAG(s) 'example_python_operator' retrieved from /home/airflow/.local/lib/python3.12/site-packages/airflow/example_dags/example_python_operator.py
[2025-03-09T16:09:52.291+0000] {logging_mixin.py:190} INFO - [2025-03-09T16:09:52.291+0000] {dag.py:3239} INFO - Sync 1 DAGs
[2025-03-09T16:09:52.301+0000] {logging_mixin.py:190} INFO - [2025-03-09T16:09:52.300+0000] {dag.py:4180} INFO - Setting next_dagrun for example_python_operator to None, run_after=None
[2025-03-09T16:09:52.316+0000] {processor.py:208} INFO - Processing /home/airflow/.local/lib/python3.12/site-packages/airflow/example_dags/example_python_operator.py took 0.055 seconds
[2025-03-09T16:10:22.741+0000] {processor.py:186} INFO - Started process (PID=15710) to work on /home/airflow/.local/lib/python3.12/site-packages/airflow/example_dags/example_python_operator.py
[2025-03-09T16:10:22.742+0000] {processor.py:914} INFO - Processing file /home/airflow/.local/lib/python3.12/site-packages/airflow/example_dags/example_python_operator.py for tasks to queue
[2025-03-09T16:10:22.744+0000] {logging_mixin.py:190} INFO - [2025-03-09T16:10:22.744+0000] {dagbag.py:588} INFO - Filling up the DagBag from /home/airflow/.local/lib/python3.12/site-packages/airflow/example_dags/example_python_operator.py
[2025-03-09T16:10:22.753+0000] {processor.py:925} INFO - DAG(s) 'example_python_operator' retrieved from /home/airflow/.local/lib/python3.12/site-packages/airflow/example_dags/example_python_operator.py
[2025-03-09T16:10:22.769+0000] {logging_mixin.py:190} INFO - [2025-03-09T16:10:22.769+0000] {dag.py:3239} INFO - Sync 1 DAGs
[2025-03-09T16:10:22.778+0000] {logging_mixin.py:190} INFO - [2025-03-09T16:10:22.777+0000] {dag.py:4180} INFO - Setting next_dagrun for example_python_operator to None, run_after=None
[2025-03-09T16:10:22.790+0000] {processor.py:208} INFO - Processing /home/airflow/.local/lib/python3.12/site-packages/airflow/example_dags/example_python_operator.py took 0.054 seconds
[2025-03-09T16:10:53.193+0000] {processor.py:186} INFO - Started process (PID=16036) to work on /home/airflow/.local/lib/python3.12/site-packages/airflow/example_dags/example_python_operator.py
[2025-03-09T16:10:53.193+0000] {processor.py:914} INFO - Processing file /home/airflow/.local/lib/python3.12/site-packages/airflow/example_dags/example_python_operator.py for tasks to queue
[2025-03-09T16:10:53.194+0000] {logging_mixin.py:190} INFO - [2025-03-09T16:10:53.194+0000] {dagbag.py:588} INFO - Filling up the DagBag from /home/airflow/.local/lib/python3.12/site-packages/airflow/example_dags/example_python_operator.py
[2025-03-09T16:10:53.203+0000] {processor.py:925} INFO - DAG(s) 'example_python_operator' retrieved from /home/airflow/.local/lib/python3.12/site-packages/airflow/example_dags/example_python_operator.py
[2025-03-09T16:10:53.220+0000] {logging_mixin.py:190} INFO - [2025-03-09T16:10:53.220+0000] {dag.py:3239} INFO - Sync 1 DAGs
[2025-03-09T16:10:53.229+0000] {logging_mixin.py:190} INFO - [2025-03-09T16:10:53.229+0000] {dag.py:4180} INFO - Setting next_dagrun for example_python_operator to None, run_after=None
[2025-03-09T16:10:53.246+0000] {processor.py:208} INFO - Processing /home/airflow/.local/lib/python3.12/site-packages/airflow/example_dags/example_python_operator.py took 0.058 seconds
[2025-03-09T16:11:23.919+0000] {processor.py:186} INFO - Started process (PID=16364) to work on /home/airflow/.local/lib/python3.12/site-packages/airflow/example_dags/example_python_operator.py
[2025-03-09T16:11:23.920+0000] {processor.py:914} INFO - Processing file /home/airflow/.local/lib/python3.12/site-packages/airflow/example_dags/example_python_operator.py for tasks to queue
[2025-03-09T16:11:23.921+0000] {logging_mixin.py:190} INFO - [2025-03-09T16:11:23.920+0000] {dagbag.py:588} INFO - Filling up the DagBag from /home/airflow/.local/lib/python3.12/site-packages/airflow/example_dags/example_python_operator.py
[2025-03-09T16:11:23.928+0000] {processor.py:925} INFO - DAG(s) 'example_python_operator' retrieved from /home/airflow/.local/lib/python3.12/site-packages/airflow/example_dags/example_python_operator.py
[2025-03-09T16:11:23.942+0000] {logging_mixin.py:190} INFO - [2025-03-09T16:11:23.942+0000] {dag.py:3239} INFO - Sync 1 DAGs
[2025-03-09T16:11:23.951+0000] {logging_mixin.py:190} INFO - [2025-03-09T16:11:23.951+0000] {dag.py:4180} INFO - Setting next_dagrun for example_python_operator to None, run_after=None
[2025-03-09T16:11:23.964+0000] {processor.py:208} INFO - Processing /home/airflow/.local/lib/python3.12/site-packages/airflow/example_dags/example_python_operator.py took 0.049 seconds
[2025-03-09T16:11:54.431+0000] {processor.py:186} INFO - Started process (PID=16688) to work on /home/airflow/.local/lib/python3.12/site-packages/airflow/example_dags/example_python_operator.py
[2025-03-09T16:11:54.431+0000] {processor.py:914} INFO - Processing file /home/airflow/.local/lib/python3.12/site-packages/airflow/example_dags/example_python_operator.py for tasks to queue
[2025-03-09T16:11:54.432+0000] {logging_mixin.py:190} INFO - [2025-03-09T16:11:54.432+0000] {dagbag.py:588} INFO - Filling up the DagBag from /home/airflow/.local/lib/python3.12/site-packages/airflow/example_dags/example_python_operator.py
[2025-03-09T16:11:54.439+0000] {processor.py:925} INFO - DAG(s) 'example_python_operator' retrieved from /home/airflow/.local/lib/python3.12/site-packages/airflow/example_dags/example_python_operator.py
[2025-03-09T16:11:54.462+0000] {logging_mixin.py:190} INFO - [2025-03-09T16:11:54.461+0000] {dag.py:3239} INFO - Sync 1 DAGs
[2025-03-09T16:11:54.472+0000] {logging_mixin.py:190} INFO - [2025-03-09T16:11:54.472+0000] {dag.py:4180} INFO - Setting next_dagrun for example_python_operator to None, run_after=None
[2025-03-09T16:11:54.483+0000] {processor.py:208} INFO - Processing /home/airflow/.local/lib/python3.12/site-packages/airflow/example_dags/example_python_operator.py took 0.056 seconds
[2025-03-09T16:12:25.327+0000] {processor.py:186} INFO - Started process (PID=17009) to work on /home/airflow/.local/lib/python3.12/site-packages/airflow/example_dags/example_python_operator.py
[2025-03-09T16:12:25.328+0000] {processor.py:914} INFO - Processing file /home/airflow/.local/lib/python3.12/site-packages/airflow/example_dags/example_python_operator.py for tasks to queue
[2025-03-09T16:12:25.329+0000] {logging_mixin.py:190} INFO - [2025-03-09T16:12:25.328+0000] {dagbag.py:588} INFO - Filling up the DagBag from /home/airflow/.local/lib/python3.12/site-packages/airflow/example_dags/example_python_operator.py
[2025-03-09T16:12:25.336+0000] {processor.py:925} INFO - DAG(s) 'example_python_operator' retrieved from /home/airflow/.local/lib/python3.12/site-packages/airflow/example_dags/example_python_operator.py
[2025-03-09T16:12:25.349+0000] {logging_mixin.py:190} INFO - [2025-03-09T16:12:25.349+0000] {dag.py:3239} INFO - Sync 1 DAGs
[2025-03-09T16:12:25.361+0000] {logging_mixin.py:190} INFO - [2025-03-09T16:12:25.361+0000] {dag.py:4180} INFO - Setting next_dagrun for example_python_operator to None, run_after=None
[2025-03-09T16:12:25.382+0000] {processor.py:208} INFO - Processing /home/airflow/.local/lib/python3.12/site-packages/airflow/example_dags/example_python_operator.py took 0.058 seconds
[2025-03-09T16:12:55.878+0000] {processor.py:186} INFO - Started process (PID=17340) to work on /home/airflow/.local/lib/python3.12/site-packages/airflow/example_dags/example_python_operator.py
[2025-03-09T16:12:55.878+0000] {processor.py:914} INFO - Processing file /home/airflow/.local/lib/python3.12/site-packages/airflow/example_dags/example_python_operator.py for tasks to queue
[2025-03-09T16:12:55.880+0000] {logging_mixin.py:190} INFO - [2025-03-09T16:12:55.880+0000] {dagbag.py:588} INFO - Filling up the DagBag from /home/airflow/.local/lib/python3.12/site-packages/airflow/example_dags/example_python_operator.py
[2025-03-09T16:12:55.889+0000] {processor.py:925} INFO - DAG(s) 'example_python_operator' retrieved from /home/airflow/.local/lib/python3.12/site-packages/airflow/example_dags/example_python_operator.py
[2025-03-09T16:12:55.909+0000] {logging_mixin.py:190} INFO - [2025-03-09T16:12:55.908+0000] {dag.py:3239} INFO - Sync 1 DAGs
[2025-03-09T16:12:55.921+0000] {logging_mixin.py:190} INFO - [2025-03-09T16:12:55.921+0000] {dag.py:4180} INFO - Setting next_dagrun for example_python_operator to None, run_after=None
[2025-03-09T16:12:55.937+0000] {processor.py:208} INFO - Processing /home/airflow/.local/lib/python3.12/site-packages/airflow/example_dags/example_python_operator.py took 0.064 seconds
[2025-03-09T16:13:27.056+0000] {processor.py:186} INFO - Started process (PID=17673) to work on /home/airflow/.local/lib/python3.12/site-packages/airflow/example_dags/example_python_operator.py
[2025-03-09T16:13:27.057+0000] {processor.py:914} INFO - Processing file /home/airflow/.local/lib/python3.12/site-packages/airflow/example_dags/example_python_operator.py for tasks to queue
[2025-03-09T16:13:27.058+0000] {logging_mixin.py:190} INFO - [2025-03-09T16:13:27.058+0000] {dagbag.py:588} INFO - Filling up the DagBag from /home/airflow/.local/lib/python3.12/site-packages/airflow/example_dags/example_python_operator.py
[2025-03-09T16:13:27.066+0000] {processor.py:925} INFO - DAG(s) 'example_python_operator' retrieved from /home/airflow/.local/lib/python3.12/site-packages/airflow/example_dags/example_python_operator.py
[2025-03-09T16:13:27.080+0000] {logging_mixin.py:190} INFO - [2025-03-09T16:13:27.080+0000] {dag.py:3239} INFO - Sync 1 DAGs
[2025-03-09T16:13:27.088+0000] {logging_mixin.py:190} INFO - [2025-03-09T16:13:27.088+0000] {dag.py:4180} INFO - Setting next_dagrun for example_python_operator to None, run_after=None
[2025-03-09T16:13:27.100+0000] {processor.py:208} INFO - Processing /home/airflow/.local/lib/python3.12/site-packages/airflow/example_dags/example_python_operator.py took 0.048 seconds
[2025-03-09T16:13:58.132+0000] {processor.py:186} INFO - Started process (PID=17999) to work on /home/airflow/.local/lib/python3.12/site-packages/airflow/example_dags/example_python_operator.py
[2025-03-09T16:13:58.132+0000] {processor.py:914} INFO - Processing file /home/airflow/.local/lib/python3.12/site-packages/airflow/example_dags/example_python_operator.py for tasks to queue
[2025-03-09T16:13:58.133+0000] {logging_mixin.py:190} INFO - [2025-03-09T16:13:58.133+0000] {dagbag.py:588} INFO - Filling up the DagBag from /home/airflow/.local/lib/python3.12/site-packages/airflow/example_dags/example_python_operator.py
[2025-03-09T16:13:58.140+0000] {processor.py:925} INFO - DAG(s) 'example_python_operator' retrieved from /home/airflow/.local/lib/python3.12/site-packages/airflow/example_dags/example_python_operator.py
[2025-03-09T16:13:58.155+0000] {logging_mixin.py:190} INFO - [2025-03-09T16:13:58.155+0000] {dag.py:3239} INFO - Sync 1 DAGs
[2025-03-09T16:13:58.165+0000] {logging_mixin.py:190} INFO - [2025-03-09T16:13:58.164+0000] {dag.py:4180} INFO - Setting next_dagrun for example_python_operator to None, run_after=None
[2025-03-09T16:13:58.176+0000] {processor.py:208} INFO - Processing /home/airflow/.local/lib/python3.12/site-packages/airflow/example_dags/example_python_operator.py took 0.048 seconds
[2025-03-09T16:14:28.736+0000] {processor.py:186} INFO - Started process (PID=18323) to work on /home/airflow/.local/lib/python3.12/site-packages/airflow/example_dags/example_python_operator.py
[2025-03-09T16:14:28.737+0000] {processor.py:914} INFO - Processing file /home/airflow/.local/lib/python3.12/site-packages/airflow/example_dags/example_python_operator.py for tasks to queue
[2025-03-09T16:14:28.739+0000] {logging_mixin.py:190} INFO - [2025-03-09T16:14:28.739+0000] {dagbag.py:588} INFO - Filling up the DagBag from /home/airflow/.local/lib/python3.12/site-packages/airflow/example_dags/example_python_operator.py
[2025-03-09T16:14:28.750+0000] {processor.py:925} INFO - DAG(s) 'example_python_operator' retrieved from /home/airflow/.local/lib/python3.12/site-packages/airflow/example_dags/example_python_operator.py
[2025-03-09T16:14:28.765+0000] {logging_mixin.py:190} INFO - [2025-03-09T16:14:28.765+0000] {dag.py:3239} INFO - Sync 1 DAGs
[2025-03-09T16:14:28.776+0000] {logging_mixin.py:190} INFO - [2025-03-09T16:14:28.776+0000] {dag.py:4180} INFO - Setting next_dagrun for example_python_operator to None, run_after=None
[2025-03-09T16:14:28.790+0000] {processor.py:208} INFO - Processing /home/airflow/.local/lib/python3.12/site-packages/airflow/example_dags/example_python_operator.py took 0.060 seconds
[2025-03-09T16:14:59.574+0000] {processor.py:186} INFO - Started process (PID=18649) to work on /home/airflow/.local/lib/python3.12/site-packages/airflow/example_dags/example_python_operator.py
[2025-03-09T16:14:59.575+0000] {processor.py:914} INFO - Processing file /home/airflow/.local/lib/python3.12/site-packages/airflow/example_dags/example_python_operator.py for tasks to queue
[2025-03-09T16:14:59.577+0000] {logging_mixin.py:190} INFO - [2025-03-09T16:14:59.576+0000] {dagbag.py:588} INFO - Filling up the DagBag from /home/airflow/.local/lib/python3.12/site-packages/airflow/example_dags/example_python_operator.py
[2025-03-09T16:14:59.586+0000] {processor.py:925} INFO - DAG(s) 'example_python_operator' retrieved from /home/airflow/.local/lib/python3.12/site-packages/airflow/example_dags/example_python_operator.py
[2025-03-09T16:14:59.599+0000] {logging_mixin.py:190} INFO - [2025-03-09T16:14:59.599+0000] {dag.py:3239} INFO - Sync 1 DAGs
[2025-03-09T16:14:59.607+0000] {logging_mixin.py:190} INFO - [2025-03-09T16:14:59.607+0000] {dag.py:4180} INFO - Setting next_dagrun for example_python_operator to None, run_after=None
[2025-03-09T16:14:59.619+0000] {processor.py:208} INFO - Processing /home/airflow/.local/lib/python3.12/site-packages/airflow/example_dags/example_python_operator.py took 0.049 seconds
[2025-03-09T16:15:30.440+0000] {processor.py:186} INFO - Started process (PID=18975) to work on /home/airflow/.local/lib/python3.12/site-packages/airflow/example_dags/example_python_operator.py
[2025-03-09T16:15:30.440+0000] {processor.py:914} INFO - Processing file /home/airflow/.local/lib/python3.12/site-packages/airflow/example_dags/example_python_operator.py for tasks to queue
[2025-03-09T16:15:30.442+0000] {logging_mixin.py:190} INFO - [2025-03-09T16:15:30.442+0000] {dagbag.py:588} INFO - Filling up the DagBag from /home/airflow/.local/lib/python3.12/site-packages/airflow/example_dags/example_python_operator.py
[2025-03-09T16:15:30.450+0000] {processor.py:925} INFO - DAG(s) 'example_python_operator' retrieved from /home/airflow/.local/lib/python3.12/site-packages/airflow/example_dags/example_python_operator.py
[2025-03-09T16:15:30.466+0000] {logging_mixin.py:190} INFO - [2025-03-09T16:15:30.466+0000] {dag.py:3239} INFO - Sync 1 DAGs
[2025-03-09T16:15:30.477+0000] {logging_mixin.py:190} INFO - [2025-03-09T16:15:30.477+0000] {dag.py:4180} INFO - Setting next_dagrun for example_python_operator to None, run_after=None
[2025-03-09T16:15:30.497+0000] {processor.py:208} INFO - Processing /home/airflow/.local/lib/python3.12/site-packages/airflow/example_dags/example_python_operator.py took 0.062 seconds
[2025-03-09T16:16:01.309+0000] {processor.py:186} INFO - Started process (PID=19301) to work on /home/airflow/.local/lib/python3.12/site-packages/airflow/example_dags/example_python_operator.py
[2025-03-09T16:16:01.309+0000] {processor.py:914} INFO - Processing file /home/airflow/.local/lib/python3.12/site-packages/airflow/example_dags/example_python_operator.py for tasks to queue
[2025-03-09T16:16:01.311+0000] {logging_mixin.py:190} INFO - [2025-03-09T16:16:01.310+0000] {dagbag.py:588} INFO - Filling up the DagBag from /home/airflow/.local/lib/python3.12/site-packages/airflow/example_dags/example_python_operator.py
[2025-03-09T16:16:01.318+0000] {processor.py:925} INFO - DAG(s) 'example_python_operator' retrieved from /home/airflow/.local/lib/python3.12/site-packages/airflow/example_dags/example_python_operator.py
[2025-03-09T16:16:01.331+0000] {logging_mixin.py:190} INFO - [2025-03-09T16:16:01.331+0000] {dag.py:3239} INFO - Sync 1 DAGs
[2025-03-09T16:16:01.340+0000] {logging_mixin.py:190} INFO - [2025-03-09T16:16:01.340+0000] {dag.py:4180} INFO - Setting next_dagrun for example_python_operator to None, run_after=None
[2025-03-09T16:16:01.353+0000] {processor.py:208} INFO - Processing /home/airflow/.local/lib/python3.12/site-packages/airflow/example_dags/example_python_operator.py took 0.047 seconds
[2025-03-09T16:16:32.679+0000] {processor.py:186} INFO - Started process (PID=19627) to work on /home/airflow/.local/lib/python3.12/site-packages/airflow/example_dags/example_python_operator.py
[2025-03-09T16:16:32.680+0000] {processor.py:914} INFO - Processing file /home/airflow/.local/lib/python3.12/site-packages/airflow/example_dags/example_python_operator.py for tasks to queue
[2025-03-09T16:16:32.681+0000] {logging_mixin.py:190} INFO - [2025-03-09T16:16:32.680+0000] {dagbag.py:588} INFO - Filling up the DagBag from /home/airflow/.local/lib/python3.12/site-packages/airflow/example_dags/example_python_operator.py
[2025-03-09T16:16:32.688+0000] {processor.py:925} INFO - DAG(s) 'example_python_operator' retrieved from /home/airflow/.local/lib/python3.12/site-packages/airflow/example_dags/example_python_operator.py
[2025-03-09T16:16:32.705+0000] {logging_mixin.py:190} INFO - [2025-03-09T16:16:32.705+0000] {dag.py:3239} INFO - Sync 1 DAGs
[2025-03-09T16:16:32.715+0000] {logging_mixin.py:190} INFO - [2025-03-09T16:16:32.715+0000] {dag.py:4180} INFO - Setting next_dagrun for example_python_operator to None, run_after=None
[2025-03-09T16:16:32.730+0000] {processor.py:208} INFO - Processing /home/airflow/.local/lib/python3.12/site-packages/airflow/example_dags/example_python_operator.py took 0.055 seconds
[2025-03-09T16:17:03.905+0000] {processor.py:186} INFO - Started process (PID=19953) to work on /home/airflow/.local/lib/python3.12/site-packages/airflow/example_dags/example_python_operator.py
[2025-03-09T16:17:03.905+0000] {processor.py:914} INFO - Processing file /home/airflow/.local/lib/python3.12/site-packages/airflow/example_dags/example_python_operator.py for tasks to queue
[2025-03-09T16:17:03.907+0000] {logging_mixin.py:190} INFO - [2025-03-09T16:17:03.907+0000] {dagbag.py:588} INFO - Filling up the DagBag from /home/airflow/.local/lib/python3.12/site-packages/airflow/example_dags/example_python_operator.py
[2025-03-09T16:17:03.914+0000] {processor.py:925} INFO - DAG(s) 'example_python_operator' retrieved from /home/airflow/.local/lib/python3.12/site-packages/airflow/example_dags/example_python_operator.py
[2025-03-09T16:17:03.928+0000] {logging_mixin.py:190} INFO - [2025-03-09T16:17:03.928+0000] {dag.py:3239} INFO - Sync 1 DAGs
[2025-03-09T16:17:03.937+0000] {logging_mixin.py:190} INFO - [2025-03-09T16:17:03.937+0000] {dag.py:4180} INFO - Setting next_dagrun for example_python_operator to None, run_after=None
[2025-03-09T16:17:03.950+0000] {processor.py:208} INFO - Processing /home/airflow/.local/lib/python3.12/site-packages/airflow/example_dags/example_python_operator.py took 0.049 seconds
[2025-03-09T16:17:35.109+0000] {processor.py:186} INFO - Started process (PID=20279) to work on /home/airflow/.local/lib/python3.12/site-packages/airflow/example_dags/example_python_operator.py
[2025-03-09T16:17:35.109+0000] {processor.py:914} INFO - Processing file /home/airflow/.local/lib/python3.12/site-packages/airflow/example_dags/example_python_operator.py for tasks to queue
[2025-03-09T16:17:35.110+0000] {logging_mixin.py:190} INFO - [2025-03-09T16:17:35.110+0000] {dagbag.py:588} INFO - Filling up the DagBag from /home/airflow/.local/lib/python3.12/site-packages/airflow/example_dags/example_python_operator.py
[2025-03-09T16:17:35.117+0000] {processor.py:925} INFO - DAG(s) 'example_python_operator' retrieved from /home/airflow/.local/lib/python3.12/site-packages/airflow/example_dags/example_python_operator.py
[2025-03-09T16:17:35.135+0000] {logging_mixin.py:190} INFO - [2025-03-09T16:17:35.134+0000] {dag.py:3239} INFO - Sync 1 DAGs
[2025-03-09T16:17:35.145+0000] {logging_mixin.py:190} INFO - [2025-03-09T16:17:35.145+0000] {dag.py:4180} INFO - Setting next_dagrun for example_python_operator to None, run_after=None
[2025-03-09T16:17:35.159+0000] {processor.py:208} INFO - Processing /home/airflow/.local/lib/python3.12/site-packages/airflow/example_dags/example_python_operator.py took 0.053 seconds
[2025-03-09T16:18:06.033+0000] {processor.py:186} INFO - Started process (PID=20605) to work on /home/airflow/.local/lib/python3.12/site-packages/airflow/example_dags/example_python_operator.py
[2025-03-09T16:18:06.034+0000] {processor.py:914} INFO - Processing file /home/airflow/.local/lib/python3.12/site-packages/airflow/example_dags/example_python_operator.py for tasks to queue
[2025-03-09T16:18:06.035+0000] {logging_mixin.py:190} INFO - [2025-03-09T16:18:06.035+0000] {dagbag.py:588} INFO - Filling up the DagBag from /home/airflow/.local/lib/python3.12/site-packages/airflow/example_dags/example_python_operator.py
[2025-03-09T16:18:06.042+0000] {processor.py:925} INFO - DAG(s) 'example_python_operator' retrieved from /home/airflow/.local/lib/python3.12/site-packages/airflow/example_dags/example_python_operator.py
[2025-03-09T16:18:06.055+0000] {logging_mixin.py:190} INFO - [2025-03-09T16:18:06.054+0000] {dag.py:3239} INFO - Sync 1 DAGs
[2025-03-09T16:18:06.064+0000] {logging_mixin.py:190} INFO - [2025-03-09T16:18:06.064+0000] {dag.py:4180} INFO - Setting next_dagrun for example_python_operator to None, run_after=None
[2025-03-09T16:18:06.086+0000] {processor.py:208} INFO - Processing /home/airflow/.local/lib/python3.12/site-packages/airflow/example_dags/example_python_operator.py took 0.056 seconds
[2025-03-09T16:18:36.528+0000] {processor.py:186} INFO - Started process (PID=20931) to work on /home/airflow/.local/lib/python3.12/site-packages/airflow/example_dags/example_python_operator.py
[2025-03-09T16:18:36.529+0000] {processor.py:914} INFO - Processing file /home/airflow/.local/lib/python3.12/site-packages/airflow/example_dags/example_python_operator.py for tasks to queue
[2025-03-09T16:18:36.531+0000] {logging_mixin.py:190} INFO - [2025-03-09T16:18:36.530+0000] {dagbag.py:588} INFO - Filling up the DagBag from /home/airflow/.local/lib/python3.12/site-packages/airflow/example_dags/example_python_operator.py
[2025-03-09T16:18:36.538+0000] {processor.py:925} INFO - DAG(s) 'example_python_operator' retrieved from /home/airflow/.local/lib/python3.12/site-packages/airflow/example_dags/example_python_operator.py
[2025-03-09T16:18:36.553+0000] {logging_mixin.py:190} INFO - [2025-03-09T16:18:36.553+0000] {dag.py:3239} INFO - Sync 1 DAGs
[2025-03-09T16:18:36.562+0000] {logging_mixin.py:190} INFO - [2025-03-09T16:18:36.562+0000] {dag.py:4180} INFO - Setting next_dagrun for example_python_operator to None, run_after=None
[2025-03-09T16:18:36.579+0000] {processor.py:208} INFO - Processing /home/airflow/.local/lib/python3.12/site-packages/airflow/example_dags/example_python_operator.py took 0.054 seconds
[2025-03-09T16:19:07.497+0000] {processor.py:186} INFO - Started process (PID=21257) to work on /home/airflow/.local/lib/python3.12/site-packages/airflow/example_dags/example_python_operator.py
[2025-03-09T16:19:07.498+0000] {processor.py:914} INFO - Processing file /home/airflow/.local/lib/python3.12/site-packages/airflow/example_dags/example_python_operator.py for tasks to queue
[2025-03-09T16:19:07.499+0000] {logging_mixin.py:190} INFO - [2025-03-09T16:19:07.499+0000] {dagbag.py:588} INFO - Filling up the DagBag from /home/airflow/.local/lib/python3.12/site-packages/airflow/example_dags/example_python_operator.py
[2025-03-09T16:19:07.506+0000] {processor.py:925} INFO - DAG(s) 'example_python_operator' retrieved from /home/airflow/.local/lib/python3.12/site-packages/airflow/example_dags/example_python_operator.py
[2025-03-09T16:19:07.520+0000] {logging_mixin.py:190} INFO - [2025-03-09T16:19:07.519+0000] {dag.py:3239} INFO - Sync 1 DAGs
[2025-03-09T16:19:07.529+0000] {logging_mixin.py:190} INFO - [2025-03-09T16:19:07.529+0000] {dag.py:4180} INFO - Setting next_dagrun for example_python_operator to None, run_after=None
[2025-03-09T16:19:07.542+0000] {processor.py:208} INFO - Processing /home/airflow/.local/lib/python3.12/site-packages/airflow/example_dags/example_python_operator.py took 0.048 seconds
[2025-03-09T16:19:38.006+0000] {processor.py:186} INFO - Started process (PID=21583) to work on /home/airflow/.local/lib/python3.12/site-packages/airflow/example_dags/example_python_operator.py
[2025-03-09T16:19:38.007+0000] {processor.py:914} INFO - Processing file /home/airflow/.local/lib/python3.12/site-packages/airflow/example_dags/example_python_operator.py for tasks to queue
[2025-03-09T16:19:38.008+0000] {logging_mixin.py:190} INFO - [2025-03-09T16:19:38.008+0000] {dagbag.py:588} INFO - Filling up the DagBag from /home/airflow/.local/lib/python3.12/site-packages/airflow/example_dags/example_python_operator.py
[2025-03-09T16:19:38.015+0000] {processor.py:925} INFO - DAG(s) 'example_python_operator' retrieved from /home/airflow/.local/lib/python3.12/site-packages/airflow/example_dags/example_python_operator.py
[2025-03-09T16:19:38.032+0000] {logging_mixin.py:190} INFO - [2025-03-09T16:19:38.031+0000] {dag.py:3239} INFO - Sync 1 DAGs
[2025-03-09T16:19:38.040+0000] {logging_mixin.py:190} INFO - [2025-03-09T16:19:38.040+0000] {dag.py:4180} INFO - Setting next_dagrun for example_python_operator to None, run_after=None
[2025-03-09T16:19:38.053+0000] {processor.py:208} INFO - Processing /home/airflow/.local/lib/python3.12/site-packages/airflow/example_dags/example_python_operator.py took 0.050 seconds
