[2025-03-09T15:46:13.636+0000] {processor.py:186} INFO - Started process (PID=270) to work on /home/airflow/.local/lib/python3.12/site-packages/airflow/example_dags/example_workday_timetable.py
[2025-03-09T15:46:13.636+0000] {processor.py:914} INFO - Processing file /home/airflow/.local/lib/python3.12/site-packages/airflow/example_dags/example_workday_timetable.py for tasks to queue
[2025-03-09T15:46:13.637+0000] {logging_mixin.py:190} INFO - [2025-03-09T15:46:13.637+0000] {dagbag.py:588} INFO - Filling up the DagBag from /home/airflow/.local/lib/python3.12/site-packages/airflow/example_dags/example_workday_timetable.py
[2025-03-09T15:46:13.641+0000] {processor.py:925} INFO - DAG(s) 'example_workday_timetable' retrieved from /home/airflow/.local/lib/python3.12/site-packages/airflow/example_dags/example_workday_timetable.py
[2025-03-09T15:46:13.662+0000] {logging_mixin.py:190} INFO - [2025-03-09T15:46:13.662+0000] {dag.py:3239} INFO - Sync 1 DAGs
[2025-03-09T15:46:13.708+0000] {logging_mixin.py:190} INFO - [2025-03-09T15:46:13.708+0000] {dag.py:4180} INFO - Setting next_dagrun for example_workday_timetable to 2021-01-04 00:00:00+00:00, run_after=2021-01-05 00:00:00+00:00
[2025-03-09T15:46:13.725+0000] {processor.py:208} INFO - Processing /home/airflow/.local/lib/python3.12/site-packages/airflow/example_dags/example_workday_timetable.py took 0.094 seconds
[2025-03-09T15:46:44.427+0000] {processor.py:186} INFO - Started process (PID=607) to work on /home/airflow/.local/lib/python3.12/site-packages/airflow/example_dags/example_workday_timetable.py
[2025-03-09T15:46:44.427+0000] {processor.py:914} INFO - Processing file /home/airflow/.local/lib/python3.12/site-packages/airflow/example_dags/example_workday_timetable.py for tasks to queue
[2025-03-09T15:46:44.428+0000] {logging_mixin.py:190} INFO - [2025-03-09T15:46:44.428+0000] {dagbag.py:588} INFO - Filling up the DagBag from /home/airflow/.local/lib/python3.12/site-packages/airflow/example_dags/example_workday_timetable.py
[2025-03-09T15:46:44.432+0000] {processor.py:925} INFO - DAG(s) 'example_workday_timetable' retrieved from /home/airflow/.local/lib/python3.12/site-packages/airflow/example_dags/example_workday_timetable.py
[2025-03-09T15:46:44.448+0000] {logging_mixin.py:190} INFO - [2025-03-09T15:46:44.447+0000] {dag.py:3239} INFO - Sync 1 DAGs
[2025-03-09T15:46:44.495+0000] {logging_mixin.py:190} INFO - [2025-03-09T15:46:44.495+0000] {dag.py:4180} INFO - Setting next_dagrun for example_workday_timetable to 2021-01-04 00:00:00+00:00, run_after=2021-01-05 00:00:00+00:00
[2025-03-09T15:46:44.512+0000] {processor.py:208} INFO - Processing /home/airflow/.local/lib/python3.12/site-packages/airflow/example_dags/example_workday_timetable.py took 0.089 seconds
[2025-03-09T15:47:14.608+0000] {processor.py:186} INFO - Started process (PID=933) to work on /home/airflow/.local/lib/python3.12/site-packages/airflow/example_dags/example_workday_timetable.py
[2025-03-09T15:47:14.609+0000] {processor.py:914} INFO - Processing file /home/airflow/.local/lib/python3.12/site-packages/airflow/example_dags/example_workday_timetable.py for tasks to queue
[2025-03-09T15:47:14.610+0000] {logging_mixin.py:190} INFO - [2025-03-09T15:47:14.610+0000] {dagbag.py:588} INFO - Filling up the DagBag from /home/airflow/.local/lib/python3.12/site-packages/airflow/example_dags/example_workday_timetable.py
[2025-03-09T15:47:14.614+0000] {processor.py:925} INFO - DAG(s) 'example_workday_timetable' retrieved from /home/airflow/.local/lib/python3.12/site-packages/airflow/example_dags/example_workday_timetable.py
[2025-03-09T15:47:14.629+0000] {logging_mixin.py:190} INFO - [2025-03-09T15:47:14.628+0000] {dag.py:3239} INFO - Sync 1 DAGs
[2025-03-09T15:47:14.666+0000] {logging_mixin.py:190} INFO - [2025-03-09T15:47:14.666+0000] {dag.py:4180} INFO - Setting next_dagrun for example_workday_timetable to 2021-01-04 00:00:00+00:00, run_after=2021-01-05 00:00:00+00:00
[2025-03-09T15:47:14.681+0000] {processor.py:208} INFO - Processing /home/airflow/.local/lib/python3.12/site-packages/airflow/example_dags/example_workday_timetable.py took 0.077 seconds
[2025-03-09T15:47:45.630+0000] {processor.py:186} INFO - Started process (PID=1265) to work on /home/airflow/.local/lib/python3.12/site-packages/airflow/example_dags/example_workday_timetable.py
[2025-03-09T15:47:45.631+0000] {processor.py:914} INFO - Processing file /home/airflow/.local/lib/python3.12/site-packages/airflow/example_dags/example_workday_timetable.py for tasks to queue
[2025-03-09T15:47:45.632+0000] {logging_mixin.py:190} INFO - [2025-03-09T15:47:45.632+0000] {dagbag.py:588} INFO - Filling up the DagBag from /home/airflow/.local/lib/python3.12/site-packages/airflow/example_dags/example_workday_timetable.py
[2025-03-09T15:47:45.636+0000] {processor.py:925} INFO - DAG(s) 'example_workday_timetable' retrieved from /home/airflow/.local/lib/python3.12/site-packages/airflow/example_dags/example_workday_timetable.py
[2025-03-09T15:47:45.652+0000] {logging_mixin.py:190} INFO - [2025-03-09T15:47:45.652+0000] {dag.py:3239} INFO - Sync 1 DAGs
[2025-03-09T15:47:45.695+0000] {logging_mixin.py:190} INFO - [2025-03-09T15:47:45.695+0000] {dag.py:4180} INFO - Setting next_dagrun for example_workday_timetable to 2021-01-04 00:00:00+00:00, run_after=2021-01-05 00:00:00+00:00
[2025-03-09T15:47:45.711+0000] {processor.py:208} INFO - Processing /home/airflow/.local/lib/python3.12/site-packages/airflow/example_dags/example_workday_timetable.py took 0.085 seconds
[2025-03-09T15:48:16.486+0000] {processor.py:186} INFO - Started process (PID=1591) to work on /home/airflow/.local/lib/python3.12/site-packages/airflow/example_dags/example_workday_timetable.py
[2025-03-09T15:48:16.486+0000] {processor.py:914} INFO - Processing file /home/airflow/.local/lib/python3.12/site-packages/airflow/example_dags/example_workday_timetable.py for tasks to queue
[2025-03-09T15:48:16.488+0000] {logging_mixin.py:190} INFO - [2025-03-09T15:48:16.487+0000] {dagbag.py:588} INFO - Filling up the DagBag from /home/airflow/.local/lib/python3.12/site-packages/airflow/example_dags/example_workday_timetable.py
[2025-03-09T15:48:16.491+0000] {processor.py:925} INFO - DAG(s) 'example_workday_timetable' retrieved from /home/airflow/.local/lib/python3.12/site-packages/airflow/example_dags/example_workday_timetable.py
[2025-03-09T15:48:16.509+0000] {logging_mixin.py:190} INFO - [2025-03-09T15:48:16.509+0000] {dag.py:3239} INFO - Sync 1 DAGs
[2025-03-09T15:48:16.548+0000] {logging_mixin.py:190} INFO - [2025-03-09T15:48:16.548+0000] {dag.py:4180} INFO - Setting next_dagrun for example_workday_timetable to 2021-01-04 00:00:00+00:00, run_after=2021-01-05 00:00:00+00:00
[2025-03-09T15:48:16.563+0000] {processor.py:208} INFO - Processing /home/airflow/.local/lib/python3.12/site-packages/airflow/example_dags/example_workday_timetable.py took 0.082 seconds
[2025-03-09T15:48:47.353+0000] {processor.py:186} INFO - Started process (PID=1918) to work on /home/airflow/.local/lib/python3.12/site-packages/airflow/example_dags/example_workday_timetable.py
[2025-03-09T15:48:47.353+0000] {processor.py:914} INFO - Processing file /home/airflow/.local/lib/python3.12/site-packages/airflow/example_dags/example_workday_timetable.py for tasks to queue
[2025-03-09T15:48:47.355+0000] {logging_mixin.py:190} INFO - [2025-03-09T15:48:47.355+0000] {dagbag.py:588} INFO - Filling up the DagBag from /home/airflow/.local/lib/python3.12/site-packages/airflow/example_dags/example_workday_timetable.py
[2025-03-09T15:48:47.359+0000] {processor.py:925} INFO - DAG(s) 'example_workday_timetable' retrieved from /home/airflow/.local/lib/python3.12/site-packages/airflow/example_dags/example_workday_timetable.py
[2025-03-09T15:48:47.380+0000] {logging_mixin.py:190} INFO - [2025-03-09T15:48:47.380+0000] {dag.py:3239} INFO - Sync 1 DAGs
[2025-03-09T15:48:47.422+0000] {logging_mixin.py:190} INFO - [2025-03-09T15:48:47.422+0000] {dag.py:4180} INFO - Setting next_dagrun for example_workday_timetable to 2021-01-04 00:00:00+00:00, run_after=2021-01-05 00:00:00+00:00
[2025-03-09T15:48:47.438+0000] {processor.py:208} INFO - Processing /home/airflow/.local/lib/python3.12/site-packages/airflow/example_dags/example_workday_timetable.py took 0.089 seconds
[2025-03-09T15:49:18.266+0000] {processor.py:186} INFO - Started process (PID=2243) to work on /home/airflow/.local/lib/python3.12/site-packages/airflow/example_dags/example_workday_timetable.py
[2025-03-09T15:49:18.267+0000] {processor.py:914} INFO - Processing file /home/airflow/.local/lib/python3.12/site-packages/airflow/example_dags/example_workday_timetable.py for tasks to queue
[2025-03-09T15:49:18.268+0000] {logging_mixin.py:190} INFO - [2025-03-09T15:49:18.268+0000] {dagbag.py:588} INFO - Filling up the DagBag from /home/airflow/.local/lib/python3.12/site-packages/airflow/example_dags/example_workday_timetable.py
[2025-03-09T15:49:18.272+0000] {processor.py:925} INFO - DAG(s) 'example_workday_timetable' retrieved from /home/airflow/.local/lib/python3.12/site-packages/airflow/example_dags/example_workday_timetable.py
[2025-03-09T15:49:18.283+0000] {logging_mixin.py:190} INFO - [2025-03-09T15:49:18.283+0000] {dag.py:3239} INFO - Sync 1 DAGs
[2025-03-09T15:49:18.322+0000] {logging_mixin.py:190} INFO - [2025-03-09T15:49:18.322+0000] {dag.py:4180} INFO - Setting next_dagrun for example_workday_timetable to 2021-01-04 00:00:00+00:00, run_after=2021-01-05 00:00:00+00:00
[2025-03-09T15:49:18.334+0000] {processor.py:208} INFO - Processing /home/airflow/.local/lib/python3.12/site-packages/airflow/example_dags/example_workday_timetable.py took 0.073 seconds
[2025-03-09T15:49:49.055+0000] {processor.py:186} INFO - Started process (PID=2569) to work on /home/airflow/.local/lib/python3.12/site-packages/airflow/example_dags/example_workday_timetable.py
[2025-03-09T15:49:49.056+0000] {processor.py:914} INFO - Processing file /home/airflow/.local/lib/python3.12/site-packages/airflow/example_dags/example_workday_timetable.py for tasks to queue
[2025-03-09T15:49:49.057+0000] {logging_mixin.py:190} INFO - [2025-03-09T15:49:49.057+0000] {dagbag.py:588} INFO - Filling up the DagBag from /home/airflow/.local/lib/python3.12/site-packages/airflow/example_dags/example_workday_timetable.py
[2025-03-09T15:49:49.062+0000] {processor.py:925} INFO - DAG(s) 'example_workday_timetable' retrieved from /home/airflow/.local/lib/python3.12/site-packages/airflow/example_dags/example_workday_timetable.py
[2025-03-09T15:49:49.076+0000] {logging_mixin.py:190} INFO - [2025-03-09T15:49:49.076+0000] {dag.py:3239} INFO - Sync 1 DAGs
[2025-03-09T15:49:49.112+0000] {logging_mixin.py:190} INFO - [2025-03-09T15:49:49.112+0000] {dag.py:4180} INFO - Setting next_dagrun for example_workday_timetable to 2021-01-04 00:00:00+00:00, run_after=2021-01-05 00:00:00+00:00
[2025-03-09T15:49:49.129+0000] {processor.py:208} INFO - Processing /home/airflow/.local/lib/python3.12/site-packages/airflow/example_dags/example_workday_timetable.py took 0.078 seconds
[2025-03-09T15:50:20.032+0000] {processor.py:186} INFO - Started process (PID=2895) to work on /home/airflow/.local/lib/python3.12/site-packages/airflow/example_dags/example_workday_timetable.py
[2025-03-09T15:50:20.033+0000] {processor.py:914} INFO - Processing file /home/airflow/.local/lib/python3.12/site-packages/airflow/example_dags/example_workday_timetable.py for tasks to queue
[2025-03-09T15:50:20.035+0000] {logging_mixin.py:190} INFO - [2025-03-09T15:50:20.035+0000] {dagbag.py:588} INFO - Filling up the DagBag from /home/airflow/.local/lib/python3.12/site-packages/airflow/example_dags/example_workday_timetable.py
[2025-03-09T15:50:20.039+0000] {processor.py:925} INFO - DAG(s) 'example_workday_timetable' retrieved from /home/airflow/.local/lib/python3.12/site-packages/airflow/example_dags/example_workday_timetable.py
[2025-03-09T15:50:20.050+0000] {logging_mixin.py:190} INFO - [2025-03-09T15:50:20.050+0000] {dag.py:3239} INFO - Sync 1 DAGs
[2025-03-09T15:50:20.086+0000] {logging_mixin.py:190} INFO - [2025-03-09T15:50:20.085+0000] {dag.py:4180} INFO - Setting next_dagrun for example_workday_timetable to 2021-01-04 00:00:00+00:00, run_after=2021-01-05 00:00:00+00:00
[2025-03-09T15:50:20.099+0000] {processor.py:208} INFO - Processing /home/airflow/.local/lib/python3.12/site-packages/airflow/example_dags/example_workday_timetable.py took 0.071 seconds
[2025-03-09T15:50:50.997+0000] {processor.py:186} INFO - Started process (PID=3221) to work on /home/airflow/.local/lib/python3.12/site-packages/airflow/example_dags/example_workday_timetable.py
[2025-03-09T15:50:50.998+0000] {processor.py:914} INFO - Processing file /home/airflow/.local/lib/python3.12/site-packages/airflow/example_dags/example_workday_timetable.py for tasks to queue
[2025-03-09T15:50:50.999+0000] {logging_mixin.py:190} INFO - [2025-03-09T15:50:50.998+0000] {dagbag.py:588} INFO - Filling up the DagBag from /home/airflow/.local/lib/python3.12/site-packages/airflow/example_dags/example_workday_timetable.py
[2025-03-09T15:50:51.002+0000] {processor.py:925} INFO - DAG(s) 'example_workday_timetable' retrieved from /home/airflow/.local/lib/python3.12/site-packages/airflow/example_dags/example_workday_timetable.py
[2025-03-09T15:50:51.015+0000] {logging_mixin.py:190} INFO - [2025-03-09T15:50:51.015+0000] {dag.py:3239} INFO - Sync 1 DAGs
[2025-03-09T15:50:51.051+0000] {logging_mixin.py:190} INFO - [2025-03-09T15:50:51.051+0000] {dag.py:4180} INFO - Setting next_dagrun for example_workday_timetable to 2021-01-04 00:00:00+00:00, run_after=2021-01-05 00:00:00+00:00
[2025-03-09T15:50:51.065+0000] {processor.py:208} INFO - Processing /home/airflow/.local/lib/python3.12/site-packages/airflow/example_dags/example_workday_timetable.py took 0.072 seconds
[2025-03-09T15:51:21.963+0000] {processor.py:186} INFO - Started process (PID=3547) to work on /home/airflow/.local/lib/python3.12/site-packages/airflow/example_dags/example_workday_timetable.py
[2025-03-09T15:51:21.964+0000] {processor.py:914} INFO - Processing file /home/airflow/.local/lib/python3.12/site-packages/airflow/example_dags/example_workday_timetable.py for tasks to queue
[2025-03-09T15:51:21.966+0000] {logging_mixin.py:190} INFO - [2025-03-09T15:51:21.965+0000] {dagbag.py:588} INFO - Filling up the DagBag from /home/airflow/.local/lib/python3.12/site-packages/airflow/example_dags/example_workday_timetable.py
[2025-03-09T15:51:21.970+0000] {processor.py:925} INFO - DAG(s) 'example_workday_timetable' retrieved from /home/airflow/.local/lib/python3.12/site-packages/airflow/example_dags/example_workday_timetable.py
[2025-03-09T15:51:21.987+0000] {logging_mixin.py:190} INFO - [2025-03-09T15:51:21.986+0000] {dag.py:3239} INFO - Sync 1 DAGs
[2025-03-09T15:51:22.023+0000] {logging_mixin.py:190} INFO - [2025-03-09T15:51:22.023+0000] {dag.py:4180} INFO - Setting next_dagrun for example_workday_timetable to 2021-01-04 00:00:00+00:00, run_after=2021-01-05 00:00:00+00:00
[2025-03-09T15:51:22.039+0000] {processor.py:208} INFO - Processing /home/airflow/.local/lib/python3.12/site-packages/airflow/example_dags/example_workday_timetable.py took 0.081 seconds
[2025-03-09T15:51:52.835+0000] {processor.py:186} INFO - Started process (PID=3873) to work on /home/airflow/.local/lib/python3.12/site-packages/airflow/example_dags/example_workday_timetable.py
[2025-03-09T15:51:52.836+0000] {processor.py:914} INFO - Processing file /home/airflow/.local/lib/python3.12/site-packages/airflow/example_dags/example_workday_timetable.py for tasks to queue
[2025-03-09T15:51:52.838+0000] {logging_mixin.py:190} INFO - [2025-03-09T15:51:52.837+0000] {dagbag.py:588} INFO - Filling up the DagBag from /home/airflow/.local/lib/python3.12/site-packages/airflow/example_dags/example_workday_timetable.py
[2025-03-09T15:51:52.843+0000] {processor.py:925} INFO - DAG(s) 'example_workday_timetable' retrieved from /home/airflow/.local/lib/python3.12/site-packages/airflow/example_dags/example_workday_timetable.py
[2025-03-09T15:51:52.860+0000] {logging_mixin.py:190} INFO - [2025-03-09T15:51:52.859+0000] {dag.py:3239} INFO - Sync 1 DAGs
[2025-03-09T15:51:52.902+0000] {logging_mixin.py:190} INFO - [2025-03-09T15:51:52.902+0000] {dag.py:4180} INFO - Setting next_dagrun for example_workday_timetable to 2021-01-04 00:00:00+00:00, run_after=2021-01-05 00:00:00+00:00
[2025-03-09T15:51:52.919+0000] {processor.py:208} INFO - Processing /home/airflow/.local/lib/python3.12/site-packages/airflow/example_dags/example_workday_timetable.py took 0.089 seconds
[2025-03-09T15:52:23.877+0000] {processor.py:186} INFO - Started process (PID=4199) to work on /home/airflow/.local/lib/python3.12/site-packages/airflow/example_dags/example_workday_timetable.py
[2025-03-09T15:52:23.878+0000] {processor.py:914} INFO - Processing file /home/airflow/.local/lib/python3.12/site-packages/airflow/example_dags/example_workday_timetable.py for tasks to queue
[2025-03-09T15:52:23.880+0000] {logging_mixin.py:190} INFO - [2025-03-09T15:52:23.880+0000] {dagbag.py:588} INFO - Filling up the DagBag from /home/airflow/.local/lib/python3.12/site-packages/airflow/example_dags/example_workday_timetable.py
[2025-03-09T15:52:23.884+0000] {processor.py:925} INFO - DAG(s) 'example_workday_timetable' retrieved from /home/airflow/.local/lib/python3.12/site-packages/airflow/example_dags/example_workday_timetable.py
[2025-03-09T15:52:23.901+0000] {logging_mixin.py:190} INFO - [2025-03-09T15:52:23.900+0000] {dag.py:3239} INFO - Sync 1 DAGs
[2025-03-09T15:52:23.936+0000] {logging_mixin.py:190} INFO - [2025-03-09T15:52:23.936+0000] {dag.py:4180} INFO - Setting next_dagrun for example_workday_timetable to 2021-01-04 00:00:00+00:00, run_after=2021-01-05 00:00:00+00:00
[2025-03-09T15:52:23.952+0000] {processor.py:208} INFO - Processing /home/airflow/.local/lib/python3.12/site-packages/airflow/example_dags/example_workday_timetable.py took 0.080 seconds
[2025-03-09T15:52:54.655+0000] {processor.py:186} INFO - Started process (PID=4525) to work on /home/airflow/.local/lib/python3.12/site-packages/airflow/example_dags/example_workday_timetable.py
[2025-03-09T15:52:54.656+0000] {processor.py:914} INFO - Processing file /home/airflow/.local/lib/python3.12/site-packages/airflow/example_dags/example_workday_timetable.py for tasks to queue
[2025-03-09T15:52:54.657+0000] {logging_mixin.py:190} INFO - [2025-03-09T15:52:54.657+0000] {dagbag.py:588} INFO - Filling up the DagBag from /home/airflow/.local/lib/python3.12/site-packages/airflow/example_dags/example_workday_timetable.py
[2025-03-09T15:52:54.661+0000] {processor.py:925} INFO - DAG(s) 'example_workday_timetable' retrieved from /home/airflow/.local/lib/python3.12/site-packages/airflow/example_dags/example_workday_timetable.py
[2025-03-09T15:52:54.674+0000] {logging_mixin.py:190} INFO - [2025-03-09T15:52:54.674+0000] {dag.py:3239} INFO - Sync 1 DAGs
[2025-03-09T15:52:54.711+0000] {logging_mixin.py:190} INFO - [2025-03-09T15:52:54.711+0000] {dag.py:4180} INFO - Setting next_dagrun for example_workday_timetable to 2021-01-04 00:00:00+00:00, run_after=2021-01-05 00:00:00+00:00
[2025-03-09T15:52:54.724+0000] {processor.py:208} INFO - Processing /home/airflow/.local/lib/python3.12/site-packages/airflow/example_dags/example_workday_timetable.py took 0.073 seconds
[2025-03-09T15:53:25.277+0000] {processor.py:186} INFO - Started process (PID=4851) to work on /home/airflow/.local/lib/python3.12/site-packages/airflow/example_dags/example_workday_timetable.py
[2025-03-09T15:53:25.277+0000] {processor.py:914} INFO - Processing file /home/airflow/.local/lib/python3.12/site-packages/airflow/example_dags/example_workday_timetable.py for tasks to queue
[2025-03-09T15:53:25.278+0000] {logging_mixin.py:190} INFO - [2025-03-09T15:53:25.278+0000] {dagbag.py:588} INFO - Filling up the DagBag from /home/airflow/.local/lib/python3.12/site-packages/airflow/example_dags/example_workday_timetable.py
[2025-03-09T15:53:25.282+0000] {processor.py:925} INFO - DAG(s) 'example_workday_timetable' retrieved from /home/airflow/.local/lib/python3.12/site-packages/airflow/example_dags/example_workday_timetable.py
[2025-03-09T15:53:25.298+0000] {logging_mixin.py:190} INFO - [2025-03-09T15:53:25.298+0000] {dag.py:3239} INFO - Sync 1 DAGs
[2025-03-09T15:53:25.336+0000] {logging_mixin.py:190} INFO - [2025-03-09T15:53:25.335+0000] {dag.py:4180} INFO - Setting next_dagrun for example_workday_timetable to 2021-01-04 00:00:00+00:00, run_after=2021-01-05 00:00:00+00:00
[2025-03-09T15:53:25.350+0000] {processor.py:208} INFO - Processing /home/airflow/.local/lib/python3.12/site-packages/airflow/example_dags/example_workday_timetable.py took 0.077 seconds
[2025-03-09T15:53:55.955+0000] {processor.py:186} INFO - Started process (PID=5176) to work on /home/airflow/.local/lib/python3.12/site-packages/airflow/example_dags/example_workday_timetable.py
[2025-03-09T15:53:55.955+0000] {processor.py:914} INFO - Processing file /home/airflow/.local/lib/python3.12/site-packages/airflow/example_dags/example_workday_timetable.py for tasks to queue
[2025-03-09T15:53:55.956+0000] {logging_mixin.py:190} INFO - [2025-03-09T15:53:55.956+0000] {dagbag.py:588} INFO - Filling up the DagBag from /home/airflow/.local/lib/python3.12/site-packages/airflow/example_dags/example_workday_timetable.py
[2025-03-09T15:53:55.960+0000] {processor.py:925} INFO - DAG(s) 'example_workday_timetable' retrieved from /home/airflow/.local/lib/python3.12/site-packages/airflow/example_dags/example_workday_timetable.py
[2025-03-09T15:53:55.977+0000] {logging_mixin.py:190} INFO - [2025-03-09T15:53:55.977+0000] {dag.py:3239} INFO - Sync 1 DAGs
[2025-03-09T15:53:56.012+0000] {logging_mixin.py:190} INFO - [2025-03-09T15:53:56.012+0000] {dag.py:4180} INFO - Setting next_dagrun for example_workday_timetable to 2021-01-04 00:00:00+00:00, run_after=2021-01-05 00:00:00+00:00
[2025-03-09T15:53:56.026+0000] {processor.py:208} INFO - Processing /home/airflow/.local/lib/python3.12/site-packages/airflow/example_dags/example_workday_timetable.py took 0.075 seconds
[2025-03-09T15:54:26.857+0000] {processor.py:186} INFO - Started process (PID=5502) to work on /home/airflow/.local/lib/python3.12/site-packages/airflow/example_dags/example_workday_timetable.py
[2025-03-09T15:54:26.857+0000] {processor.py:914} INFO - Processing file /home/airflow/.local/lib/python3.12/site-packages/airflow/example_dags/example_workday_timetable.py for tasks to queue
[2025-03-09T15:54:26.858+0000] {logging_mixin.py:190} INFO - [2025-03-09T15:54:26.858+0000] {dagbag.py:588} INFO - Filling up the DagBag from /home/airflow/.local/lib/python3.12/site-packages/airflow/example_dags/example_workday_timetable.py
[2025-03-09T15:54:26.862+0000] {processor.py:925} INFO - DAG(s) 'example_workday_timetable' retrieved from /home/airflow/.local/lib/python3.12/site-packages/airflow/example_dags/example_workday_timetable.py
[2025-03-09T15:54:26.877+0000] {logging_mixin.py:190} INFO - [2025-03-09T15:54:26.877+0000] {dag.py:3239} INFO - Sync 1 DAGs
[2025-03-09T15:54:26.916+0000] {logging_mixin.py:190} INFO - [2025-03-09T15:54:26.916+0000] {dag.py:4180} INFO - Setting next_dagrun for example_workday_timetable to 2021-01-04 00:00:00+00:00, run_after=2021-01-05 00:00:00+00:00
[2025-03-09T15:54:26.933+0000] {processor.py:208} INFO - Processing /home/airflow/.local/lib/python3.12/site-packages/airflow/example_dags/example_workday_timetable.py took 0.080 seconds
[2025-03-09T15:54:57.560+0000] {processor.py:186} INFO - Started process (PID=5828) to work on /home/airflow/.local/lib/python3.12/site-packages/airflow/example_dags/example_workday_timetable.py
[2025-03-09T15:54:57.561+0000] {processor.py:914} INFO - Processing file /home/airflow/.local/lib/python3.12/site-packages/airflow/example_dags/example_workday_timetable.py for tasks to queue
[2025-03-09T15:54:57.562+0000] {logging_mixin.py:190} INFO - [2025-03-09T15:54:57.562+0000] {dagbag.py:588} INFO - Filling up the DagBag from /home/airflow/.local/lib/python3.12/site-packages/airflow/example_dags/example_workday_timetable.py
[2025-03-09T15:54:57.566+0000] {processor.py:925} INFO - DAG(s) 'example_workday_timetable' retrieved from /home/airflow/.local/lib/python3.12/site-packages/airflow/example_dags/example_workday_timetable.py
[2025-03-09T15:54:57.579+0000] {logging_mixin.py:190} INFO - [2025-03-09T15:54:57.579+0000] {dag.py:3239} INFO - Sync 1 DAGs
[2025-03-09T15:54:57.619+0000] {logging_mixin.py:190} INFO - [2025-03-09T15:54:57.619+0000] {dag.py:4180} INFO - Setting next_dagrun for example_workday_timetable to 2021-01-04 00:00:00+00:00, run_after=2021-01-05 00:00:00+00:00
[2025-03-09T15:54:57.633+0000] {processor.py:208} INFO - Processing /home/airflow/.local/lib/python3.12/site-packages/airflow/example_dags/example_workday_timetable.py took 0.077 seconds
[2025-03-09T15:55:28.307+0000] {processor.py:186} INFO - Started process (PID=6154) to work on /home/airflow/.local/lib/python3.12/site-packages/airflow/example_dags/example_workday_timetable.py
[2025-03-09T15:55:28.308+0000] {processor.py:914} INFO - Processing file /home/airflow/.local/lib/python3.12/site-packages/airflow/example_dags/example_workday_timetable.py for tasks to queue
[2025-03-09T15:55:28.309+0000] {logging_mixin.py:190} INFO - [2025-03-09T15:55:28.309+0000] {dagbag.py:588} INFO - Filling up the DagBag from /home/airflow/.local/lib/python3.12/site-packages/airflow/example_dags/example_workday_timetable.py
[2025-03-09T15:55:28.313+0000] {processor.py:925} INFO - DAG(s) 'example_workday_timetable' retrieved from /home/airflow/.local/lib/python3.12/site-packages/airflow/example_dags/example_workday_timetable.py
[2025-03-09T15:55:28.326+0000] {logging_mixin.py:190} INFO - [2025-03-09T15:55:28.326+0000] {dag.py:3239} INFO - Sync 1 DAGs
[2025-03-09T15:55:28.361+0000] {logging_mixin.py:190} INFO - [2025-03-09T15:55:28.361+0000] {dag.py:4180} INFO - Setting next_dagrun for example_workday_timetable to 2021-01-04 00:00:00+00:00, run_after=2021-01-05 00:00:00+00:00
[2025-03-09T15:55:28.375+0000] {processor.py:208} INFO - Processing /home/airflow/.local/lib/python3.12/site-packages/airflow/example_dags/example_workday_timetable.py took 0.071 seconds
[2025-03-09T15:55:59.373+0000] {processor.py:186} INFO - Started process (PID=6480) to work on /home/airflow/.local/lib/python3.12/site-packages/airflow/example_dags/example_workday_timetable.py
[2025-03-09T15:55:59.374+0000] {processor.py:914} INFO - Processing file /home/airflow/.local/lib/python3.12/site-packages/airflow/example_dags/example_workday_timetable.py for tasks to queue
[2025-03-09T15:55:59.376+0000] {logging_mixin.py:190} INFO - [2025-03-09T15:55:59.375+0000] {dagbag.py:588} INFO - Filling up the DagBag from /home/airflow/.local/lib/python3.12/site-packages/airflow/example_dags/example_workday_timetable.py
[2025-03-09T15:55:59.381+0000] {processor.py:925} INFO - DAG(s) 'example_workday_timetable' retrieved from /home/airflow/.local/lib/python3.12/site-packages/airflow/example_dags/example_workday_timetable.py
[2025-03-09T15:55:59.398+0000] {logging_mixin.py:190} INFO - [2025-03-09T15:55:59.398+0000] {dag.py:3239} INFO - Sync 1 DAGs
[2025-03-09T15:55:59.433+0000] {logging_mixin.py:190} INFO - [2025-03-09T15:55:59.432+0000] {dag.py:4180} INFO - Setting next_dagrun for example_workday_timetable to 2021-01-04 00:00:00+00:00, run_after=2021-01-05 00:00:00+00:00
[2025-03-09T15:55:59.448+0000] {processor.py:208} INFO - Processing /home/airflow/.local/lib/python3.12/site-packages/airflow/example_dags/example_workday_timetable.py took 0.081 seconds
[2025-03-09T15:56:30.053+0000] {processor.py:186} INFO - Started process (PID=6806) to work on /home/airflow/.local/lib/python3.12/site-packages/airflow/example_dags/example_workday_timetable.py
[2025-03-09T15:56:30.058+0000] {processor.py:914} INFO - Processing file /home/airflow/.local/lib/python3.12/site-packages/airflow/example_dags/example_workday_timetable.py for tasks to queue
[2025-03-09T15:56:30.060+0000] {logging_mixin.py:190} INFO - [2025-03-09T15:56:30.059+0000] {dagbag.py:588} INFO - Filling up the DagBag from /home/airflow/.local/lib/python3.12/site-packages/airflow/example_dags/example_workday_timetable.py
[2025-03-09T15:56:30.066+0000] {processor.py:925} INFO - DAG(s) 'example_workday_timetable' retrieved from /home/airflow/.local/lib/python3.12/site-packages/airflow/example_dags/example_workday_timetable.py
[2025-03-09T15:56:30.085+0000] {logging_mixin.py:190} INFO - [2025-03-09T15:56:30.085+0000] {dag.py:3239} INFO - Sync 1 DAGs
[2025-03-09T15:56:30.125+0000] {logging_mixin.py:190} INFO - [2025-03-09T15:56:30.124+0000] {dag.py:4180} INFO - Setting next_dagrun for example_workday_timetable to 2021-01-04 00:00:00+00:00, run_after=2021-01-05 00:00:00+00:00
[2025-03-09T15:56:30.139+0000] {processor.py:208} INFO - Processing /home/airflow/.local/lib/python3.12/site-packages/airflow/example_dags/example_workday_timetable.py took 0.091 seconds
[2025-03-09T15:57:00.846+0000] {processor.py:186} INFO - Started process (PID=7132) to work on /home/airflow/.local/lib/python3.12/site-packages/airflow/example_dags/example_workday_timetable.py
[2025-03-09T15:57:00.852+0000] {processor.py:914} INFO - Processing file /home/airflow/.local/lib/python3.12/site-packages/airflow/example_dags/example_workday_timetable.py for tasks to queue
[2025-03-09T15:57:00.854+0000] {logging_mixin.py:190} INFO - [2025-03-09T15:57:00.853+0000] {dagbag.py:588} INFO - Filling up the DagBag from /home/airflow/.local/lib/python3.12/site-packages/airflow/example_dags/example_workday_timetable.py
[2025-03-09T15:57:00.858+0000] {processor.py:925} INFO - DAG(s) 'example_workday_timetable' retrieved from /home/airflow/.local/lib/python3.12/site-packages/airflow/example_dags/example_workday_timetable.py
[2025-03-09T15:57:00.870+0000] {logging_mixin.py:190} INFO - [2025-03-09T15:57:00.870+0000] {dag.py:3239} INFO - Sync 1 DAGs
[2025-03-09T15:57:00.904+0000] {logging_mixin.py:190} INFO - [2025-03-09T15:57:00.904+0000] {dag.py:4180} INFO - Setting next_dagrun for example_workday_timetable to 2021-01-04 00:00:00+00:00, run_after=2021-01-05 00:00:00+00:00
[2025-03-09T15:57:00.919+0000] {processor.py:208} INFO - Processing /home/airflow/.local/lib/python3.12/site-packages/airflow/example_dags/example_workday_timetable.py took 0.078 seconds
[2025-03-09T15:57:31.695+0000] {processor.py:186} INFO - Started process (PID=7458) to work on /home/airflow/.local/lib/python3.12/site-packages/airflow/example_dags/example_workday_timetable.py
[2025-03-09T15:57:31.701+0000] {processor.py:914} INFO - Processing file /home/airflow/.local/lib/python3.12/site-packages/airflow/example_dags/example_workday_timetable.py for tasks to queue
[2025-03-09T15:57:31.702+0000] {logging_mixin.py:190} INFO - [2025-03-09T15:57:31.702+0000] {dagbag.py:588} INFO - Filling up the DagBag from /home/airflow/.local/lib/python3.12/site-packages/airflow/example_dags/example_workday_timetable.py
[2025-03-09T15:57:31.705+0000] {processor.py:925} INFO - DAG(s) 'example_workday_timetable' retrieved from /home/airflow/.local/lib/python3.12/site-packages/airflow/example_dags/example_workday_timetable.py
[2025-03-09T15:57:31.722+0000] {logging_mixin.py:190} INFO - [2025-03-09T15:57:31.722+0000] {dag.py:3239} INFO - Sync 1 DAGs
[2025-03-09T15:57:31.757+0000] {logging_mixin.py:190} INFO - [2025-03-09T15:57:31.757+0000] {dag.py:4180} INFO - Setting next_dagrun for example_workday_timetable to 2021-01-04 00:00:00+00:00, run_after=2021-01-05 00:00:00+00:00
[2025-03-09T15:57:31.769+0000] {processor.py:208} INFO - Processing /home/airflow/.local/lib/python3.12/site-packages/airflow/example_dags/example_workday_timetable.py took 0.077 seconds
[2025-03-09T15:58:02.699+0000] {processor.py:186} INFO - Started process (PID=7784) to work on /home/airflow/.local/lib/python3.12/site-packages/airflow/example_dags/example_workday_timetable.py
[2025-03-09T15:58:02.702+0000] {processor.py:914} INFO - Processing file /home/airflow/.local/lib/python3.12/site-packages/airflow/example_dags/example_workday_timetable.py for tasks to queue
[2025-03-09T15:58:02.705+0000] {logging_mixin.py:190} INFO - [2025-03-09T15:58:02.705+0000] {dagbag.py:588} INFO - Filling up the DagBag from /home/airflow/.local/lib/python3.12/site-packages/airflow/example_dags/example_workday_timetable.py
[2025-03-09T15:58:02.712+0000] {processor.py:925} INFO - DAG(s) 'example_workday_timetable' retrieved from /home/airflow/.local/lib/python3.12/site-packages/airflow/example_dags/example_workday_timetable.py
[2025-03-09T15:58:02.725+0000] {logging_mixin.py:190} INFO - [2025-03-09T15:58:02.724+0000] {dag.py:3239} INFO - Sync 1 DAGs
[2025-03-09T15:58:02.759+0000] {logging_mixin.py:190} INFO - [2025-03-09T15:58:02.759+0000] {dag.py:4180} INFO - Setting next_dagrun for example_workday_timetable to 2021-01-04 00:00:00+00:00, run_after=2021-01-05 00:00:00+00:00
[2025-03-09T15:58:02.771+0000] {processor.py:208} INFO - Processing /home/airflow/.local/lib/python3.12/site-packages/airflow/example_dags/example_workday_timetable.py took 0.079 seconds
[2025-03-09T15:58:33.604+0000] {processor.py:186} INFO - Started process (PID=8110) to work on /home/airflow/.local/lib/python3.12/site-packages/airflow/example_dags/example_workday_timetable.py
[2025-03-09T15:58:33.610+0000] {processor.py:914} INFO - Processing file /home/airflow/.local/lib/python3.12/site-packages/airflow/example_dags/example_workday_timetable.py for tasks to queue
[2025-03-09T15:58:33.612+0000] {logging_mixin.py:190} INFO - [2025-03-09T15:58:33.612+0000] {dagbag.py:588} INFO - Filling up the DagBag from /home/airflow/.local/lib/python3.12/site-packages/airflow/example_dags/example_workday_timetable.py
[2025-03-09T15:58:33.617+0000] {processor.py:925} INFO - DAG(s) 'example_workday_timetable' retrieved from /home/airflow/.local/lib/python3.12/site-packages/airflow/example_dags/example_workday_timetable.py
[2025-03-09T15:58:33.630+0000] {logging_mixin.py:190} INFO - [2025-03-09T15:58:33.630+0000] {dag.py:3239} INFO - Sync 1 DAGs
[2025-03-09T15:58:33.666+0000] {logging_mixin.py:190} INFO - [2025-03-09T15:58:33.666+0000] {dag.py:4180} INFO - Setting next_dagrun for example_workday_timetable to 2021-01-04 00:00:00+00:00, run_after=2021-01-05 00:00:00+00:00
[2025-03-09T15:58:33.681+0000] {processor.py:208} INFO - Processing /home/airflow/.local/lib/python3.12/site-packages/airflow/example_dags/example_workday_timetable.py took 0.082 seconds
[2025-03-09T15:59:03.806+0000] {processor.py:186} INFO - Started process (PID=8433) to work on /home/airflow/.local/lib/python3.12/site-packages/airflow/example_dags/example_workday_timetable.py
[2025-03-09T15:59:03.806+0000] {processor.py:914} INFO - Processing file /home/airflow/.local/lib/python3.12/site-packages/airflow/example_dags/example_workday_timetable.py for tasks to queue
[2025-03-09T15:59:03.807+0000] {logging_mixin.py:190} INFO - [2025-03-09T15:59:03.807+0000] {dagbag.py:588} INFO - Filling up the DagBag from /home/airflow/.local/lib/python3.12/site-packages/airflow/example_dags/example_workday_timetable.py
[2025-03-09T15:59:03.811+0000] {processor.py:925} INFO - DAG(s) 'example_workday_timetable' retrieved from /home/airflow/.local/lib/python3.12/site-packages/airflow/example_dags/example_workday_timetable.py
[2025-03-09T15:59:03.824+0000] {logging_mixin.py:190} INFO - [2025-03-09T15:59:03.824+0000] {dag.py:3239} INFO - Sync 1 DAGs
[2025-03-09T15:59:03.860+0000] {logging_mixin.py:190} INFO - [2025-03-09T15:59:03.859+0000] {dag.py:4180} INFO - Setting next_dagrun for example_workday_timetable to 2021-01-04 00:00:00+00:00, run_after=2021-01-05 00:00:00+00:00
[2025-03-09T15:59:03.873+0000] {processor.py:208} INFO - Processing /home/airflow/.local/lib/python3.12/site-packages/airflow/example_dags/example_workday_timetable.py took 0.072 seconds
[2025-03-09T15:59:34.009+0000] {processor.py:186} INFO - Started process (PID=8759) to work on /home/airflow/.local/lib/python3.12/site-packages/airflow/example_dags/example_workday_timetable.py
[2025-03-09T15:59:34.009+0000] {processor.py:914} INFO - Processing file /home/airflow/.local/lib/python3.12/site-packages/airflow/example_dags/example_workday_timetable.py for tasks to queue
[2025-03-09T15:59:34.011+0000] {logging_mixin.py:190} INFO - [2025-03-09T15:59:34.010+0000] {dagbag.py:588} INFO - Filling up the DagBag from /home/airflow/.local/lib/python3.12/site-packages/airflow/example_dags/example_workday_timetable.py
[2025-03-09T15:59:34.014+0000] {processor.py:925} INFO - DAG(s) 'example_workday_timetable' retrieved from /home/airflow/.local/lib/python3.12/site-packages/airflow/example_dags/example_workday_timetable.py
[2025-03-09T15:59:34.027+0000] {logging_mixin.py:190} INFO - [2025-03-09T15:59:34.026+0000] {dag.py:3239} INFO - Sync 1 DAGs
[2025-03-09T15:59:34.064+0000] {logging_mixin.py:190} INFO - [2025-03-09T15:59:34.063+0000] {dag.py:4180} INFO - Setting next_dagrun for example_workday_timetable to 2021-01-04 00:00:00+00:00, run_after=2021-01-05 00:00:00+00:00
[2025-03-09T15:59:34.075+0000] {processor.py:208} INFO - Processing /home/airflow/.local/lib/python3.12/site-packages/airflow/example_dags/example_workday_timetable.py took 0.072 seconds
[2025-03-09T16:00:04.833+0000] {processor.py:186} INFO - Started process (PID=9085) to work on /home/airflow/.local/lib/python3.12/site-packages/airflow/example_dags/example_workday_timetable.py
[2025-03-09T16:00:04.843+0000] {processor.py:914} INFO - Processing file /home/airflow/.local/lib/python3.12/site-packages/airflow/example_dags/example_workday_timetable.py for tasks to queue
[2025-03-09T16:00:04.844+0000] {logging_mixin.py:190} INFO - [2025-03-09T16:00:04.844+0000] {dagbag.py:588} INFO - Filling up the DagBag from /home/airflow/.local/lib/python3.12/site-packages/airflow/example_dags/example_workday_timetable.py
[2025-03-09T16:00:04.848+0000] {processor.py:925} INFO - DAG(s) 'example_workday_timetable' retrieved from /home/airflow/.local/lib/python3.12/site-packages/airflow/example_dags/example_workday_timetable.py
[2025-03-09T16:00:04.860+0000] {logging_mixin.py:190} INFO - [2025-03-09T16:00:04.860+0000] {dag.py:3239} INFO - Sync 1 DAGs
[2025-03-09T16:00:04.896+0000] {logging_mixin.py:190} INFO - [2025-03-09T16:00:04.895+0000] {dag.py:4180} INFO - Setting next_dagrun for example_workday_timetable to 2021-01-04 00:00:00+00:00, run_after=2021-01-05 00:00:00+00:00
[2025-03-09T16:00:04.912+0000] {processor.py:208} INFO - Processing /home/airflow/.local/lib/python3.12/site-packages/airflow/example_dags/example_workday_timetable.py took 0.082 seconds
[2025-03-09T16:00:35.258+0000] {processor.py:186} INFO - Started process (PID=9411) to work on /home/airflow/.local/lib/python3.12/site-packages/airflow/example_dags/example_workday_timetable.py
[2025-03-09T16:00:35.258+0000] {processor.py:914} INFO - Processing file /home/airflow/.local/lib/python3.12/site-packages/airflow/example_dags/example_workday_timetable.py for tasks to queue
[2025-03-09T16:00:35.260+0000] {logging_mixin.py:190} INFO - [2025-03-09T16:00:35.259+0000] {dagbag.py:588} INFO - Filling up the DagBag from /home/airflow/.local/lib/python3.12/site-packages/airflow/example_dags/example_workday_timetable.py
[2025-03-09T16:00:35.263+0000] {processor.py:925} INFO - DAG(s) 'example_workday_timetable' retrieved from /home/airflow/.local/lib/python3.12/site-packages/airflow/example_dags/example_workday_timetable.py
[2025-03-09T16:00:35.277+0000] {logging_mixin.py:190} INFO - [2025-03-09T16:00:35.277+0000] {dag.py:3239} INFO - Sync 1 DAGs
[2025-03-09T16:00:35.313+0000] {logging_mixin.py:190} INFO - [2025-03-09T16:00:35.313+0000] {dag.py:4180} INFO - Setting next_dagrun for example_workday_timetable to 2021-01-04 00:00:00+00:00, run_after=2021-01-05 00:00:00+00:00
[2025-03-09T16:00:35.329+0000] {processor.py:208} INFO - Processing /home/airflow/.local/lib/python3.12/site-packages/airflow/example_dags/example_workday_timetable.py took 0.076 seconds
[2025-03-09T16:01:05.836+0000] {processor.py:186} INFO - Started process (PID=9737) to work on /home/airflow/.local/lib/python3.12/site-packages/airflow/example_dags/example_workday_timetable.py
[2025-03-09T16:01:05.837+0000] {processor.py:914} INFO - Processing file /home/airflow/.local/lib/python3.12/site-packages/airflow/example_dags/example_workday_timetable.py for tasks to queue
[2025-03-09T16:01:05.838+0000] {logging_mixin.py:190} INFO - [2025-03-09T16:01:05.838+0000] {dagbag.py:588} INFO - Filling up the DagBag from /home/airflow/.local/lib/python3.12/site-packages/airflow/example_dags/example_workday_timetable.py
[2025-03-09T16:01:05.843+0000] {processor.py:925} INFO - DAG(s) 'example_workday_timetable' retrieved from /home/airflow/.local/lib/python3.12/site-packages/airflow/example_dags/example_workday_timetable.py
[2025-03-09T16:01:05.856+0000] {logging_mixin.py:190} INFO - [2025-03-09T16:01:05.856+0000] {dag.py:3239} INFO - Sync 1 DAGs
[2025-03-09T16:01:05.892+0000] {logging_mixin.py:190} INFO - [2025-03-09T16:01:05.891+0000] {dag.py:4180} INFO - Setting next_dagrun for example_workday_timetable to 2021-01-04 00:00:00+00:00, run_after=2021-01-05 00:00:00+00:00
[2025-03-09T16:01:05.904+0000] {processor.py:208} INFO - Processing /home/airflow/.local/lib/python3.12/site-packages/airflow/example_dags/example_workday_timetable.py took 0.073 seconds
[2025-03-09T16:01:36.519+0000] {processor.py:186} INFO - Started process (PID=10063) to work on /home/airflow/.local/lib/python3.12/site-packages/airflow/example_dags/example_workday_timetable.py
[2025-03-09T16:01:36.529+0000] {processor.py:914} INFO - Processing file /home/airflow/.local/lib/python3.12/site-packages/airflow/example_dags/example_workday_timetable.py for tasks to queue
[2025-03-09T16:01:36.532+0000] {logging_mixin.py:190} INFO - [2025-03-09T16:01:36.531+0000] {dagbag.py:588} INFO - Filling up the DagBag from /home/airflow/.local/lib/python3.12/site-packages/airflow/example_dags/example_workday_timetable.py
[2025-03-09T16:01:36.537+0000] {processor.py:925} INFO - DAG(s) 'example_workday_timetable' retrieved from /home/airflow/.local/lib/python3.12/site-packages/airflow/example_dags/example_workday_timetable.py
[2025-03-09T16:01:36.554+0000] {logging_mixin.py:190} INFO - [2025-03-09T16:01:36.554+0000] {dag.py:3239} INFO - Sync 1 DAGs
[2025-03-09T16:01:36.590+0000] {logging_mixin.py:190} INFO - [2025-03-09T16:01:36.589+0000] {dag.py:4180} INFO - Setting next_dagrun for example_workday_timetable to 2021-01-04 00:00:00+00:00, run_after=2021-01-05 00:00:00+00:00
[2025-03-09T16:01:36.604+0000] {processor.py:208} INFO - Processing /home/airflow/.local/lib/python3.12/site-packages/airflow/example_dags/example_workday_timetable.py took 0.089 seconds
[2025-03-09T16:02:07.049+0000] {processor.py:186} INFO - Started process (PID=10389) to work on /home/airflow/.local/lib/python3.12/site-packages/airflow/example_dags/example_workday_timetable.py
[2025-03-09T16:02:07.051+0000] {processor.py:914} INFO - Processing file /home/airflow/.local/lib/python3.12/site-packages/airflow/example_dags/example_workday_timetable.py for tasks to queue
[2025-03-09T16:02:07.053+0000] {logging_mixin.py:190} INFO - [2025-03-09T16:02:07.052+0000] {dagbag.py:588} INFO - Filling up the DagBag from /home/airflow/.local/lib/python3.12/site-packages/airflow/example_dags/example_workday_timetable.py
[2025-03-09T16:02:07.058+0000] {processor.py:925} INFO - DAG(s) 'example_workday_timetable' retrieved from /home/airflow/.local/lib/python3.12/site-packages/airflow/example_dags/example_workday_timetable.py
[2025-03-09T16:02:07.077+0000] {logging_mixin.py:190} INFO - [2025-03-09T16:02:07.077+0000] {dag.py:3239} INFO - Sync 1 DAGs
[2025-03-09T16:02:07.121+0000] {logging_mixin.py:190} INFO - [2025-03-09T16:02:07.121+0000] {dag.py:4180} INFO - Setting next_dagrun for example_workday_timetable to 2021-01-04 00:00:00+00:00, run_after=2021-01-05 00:00:00+00:00
[2025-03-09T16:02:07.136+0000] {processor.py:208} INFO - Processing /home/airflow/.local/lib/python3.12/site-packages/airflow/example_dags/example_workday_timetable.py took 0.091 seconds
[2025-03-09T16:02:37.627+0000] {processor.py:186} INFO - Started process (PID=10715) to work on /home/airflow/.local/lib/python3.12/site-packages/airflow/example_dags/example_workday_timetable.py
[2025-03-09T16:02:37.637+0000] {processor.py:914} INFO - Processing file /home/airflow/.local/lib/python3.12/site-packages/airflow/example_dags/example_workday_timetable.py for tasks to queue
[2025-03-09T16:02:37.638+0000] {logging_mixin.py:190} INFO - [2025-03-09T16:02:37.638+0000] {dagbag.py:588} INFO - Filling up the DagBag from /home/airflow/.local/lib/python3.12/site-packages/airflow/example_dags/example_workday_timetable.py
[2025-03-09T16:02:37.642+0000] {processor.py:925} INFO - DAG(s) 'example_workday_timetable' retrieved from /home/airflow/.local/lib/python3.12/site-packages/airflow/example_dags/example_workday_timetable.py
[2025-03-09T16:02:37.655+0000] {logging_mixin.py:190} INFO - [2025-03-09T16:02:37.654+0000] {dag.py:3239} INFO - Sync 1 DAGs
[2025-03-09T16:02:37.692+0000] {logging_mixin.py:190} INFO - [2025-03-09T16:02:37.692+0000] {dag.py:4180} INFO - Setting next_dagrun for example_workday_timetable to 2021-01-04 00:00:00+00:00, run_after=2021-01-05 00:00:00+00:00
[2025-03-09T16:02:37.705+0000] {processor.py:208} INFO - Processing /home/airflow/.local/lib/python3.12/site-packages/airflow/example_dags/example_workday_timetable.py took 0.084 seconds
[2025-03-09T16:03:08.361+0000] {processor.py:186} INFO - Started process (PID=11041) to work on /home/airflow/.local/lib/python3.12/site-packages/airflow/example_dags/example_workday_timetable.py
[2025-03-09T16:03:08.371+0000] {processor.py:914} INFO - Processing file /home/airflow/.local/lib/python3.12/site-packages/airflow/example_dags/example_workday_timetable.py for tasks to queue
[2025-03-09T16:03:08.373+0000] {logging_mixin.py:190} INFO - [2025-03-09T16:03:08.372+0000] {dagbag.py:588} INFO - Filling up the DagBag from /home/airflow/.local/lib/python3.12/site-packages/airflow/example_dags/example_workday_timetable.py
[2025-03-09T16:03:08.377+0000] {processor.py:925} INFO - DAG(s) 'example_workday_timetable' retrieved from /home/airflow/.local/lib/python3.12/site-packages/airflow/example_dags/example_workday_timetable.py
[2025-03-09T16:03:08.391+0000] {logging_mixin.py:190} INFO - [2025-03-09T16:03:08.391+0000] {dag.py:3239} INFO - Sync 1 DAGs
[2025-03-09T16:03:08.427+0000] {logging_mixin.py:190} INFO - [2025-03-09T16:03:08.427+0000] {dag.py:4180} INFO - Setting next_dagrun for example_workday_timetable to 2021-01-04 00:00:00+00:00, run_after=2021-01-05 00:00:00+00:00
[2025-03-09T16:03:08.441+0000] {processor.py:208} INFO - Processing /home/airflow/.local/lib/python3.12/site-packages/airflow/example_dags/example_workday_timetable.py took 0.086 seconds
[2025-03-09T16:03:39.303+0000] {processor.py:186} INFO - Started process (PID=11367) to work on /home/airflow/.local/lib/python3.12/site-packages/airflow/example_dags/example_workday_timetable.py
[2025-03-09T16:03:39.313+0000] {processor.py:914} INFO - Processing file /home/airflow/.local/lib/python3.12/site-packages/airflow/example_dags/example_workday_timetable.py for tasks to queue
[2025-03-09T16:03:39.317+0000] {logging_mixin.py:190} INFO - [2025-03-09T16:03:39.316+0000] {dagbag.py:588} INFO - Filling up the DagBag from /home/airflow/.local/lib/python3.12/site-packages/airflow/example_dags/example_workday_timetable.py
[2025-03-09T16:03:39.323+0000] {processor.py:925} INFO - DAG(s) 'example_workday_timetable' retrieved from /home/airflow/.local/lib/python3.12/site-packages/airflow/example_dags/example_workday_timetable.py
[2025-03-09T16:03:39.338+0000] {logging_mixin.py:190} INFO - [2025-03-09T16:03:39.338+0000] {dag.py:3239} INFO - Sync 1 DAGs
[2025-03-09T16:03:39.373+0000] {logging_mixin.py:190} INFO - [2025-03-09T16:03:39.373+0000] {dag.py:4180} INFO - Setting next_dagrun for example_workday_timetable to 2021-01-04 00:00:00+00:00, run_after=2021-01-05 00:00:00+00:00
[2025-03-09T16:03:39.389+0000] {processor.py:208} INFO - Processing /home/airflow/.local/lib/python3.12/site-packages/airflow/example_dags/example_workday_timetable.py took 0.092 seconds
[2025-03-09T16:04:09.985+0000] {processor.py:186} INFO - Started process (PID=11693) to work on /home/airflow/.local/lib/python3.12/site-packages/airflow/example_dags/example_workday_timetable.py
[2025-03-09T16:04:09.995+0000] {processor.py:914} INFO - Processing file /home/airflow/.local/lib/python3.12/site-packages/airflow/example_dags/example_workday_timetable.py for tasks to queue
[2025-03-09T16:04:09.996+0000] {logging_mixin.py:190} INFO - [2025-03-09T16:04:09.996+0000] {dagbag.py:588} INFO - Filling up the DagBag from /home/airflow/.local/lib/python3.12/site-packages/airflow/example_dags/example_workday_timetable.py
[2025-03-09T16:04:10.000+0000] {processor.py:925} INFO - DAG(s) 'example_workday_timetable' retrieved from /home/airflow/.local/lib/python3.12/site-packages/airflow/example_dags/example_workday_timetable.py
[2025-03-09T16:04:10.013+0000] {logging_mixin.py:190} INFO - [2025-03-09T16:04:10.013+0000] {dag.py:3239} INFO - Sync 1 DAGs
[2025-03-09T16:04:10.051+0000] {logging_mixin.py:190} INFO - [2025-03-09T16:04:10.051+0000] {dag.py:4180} INFO - Setting next_dagrun for example_workday_timetable to 2021-01-04 00:00:00+00:00, run_after=2021-01-05 00:00:00+00:00
[2025-03-09T16:04:10.063+0000] {processor.py:208} INFO - Processing /home/airflow/.local/lib/python3.12/site-packages/airflow/example_dags/example_workday_timetable.py took 0.082 seconds
[2025-03-09T16:04:40.876+0000] {processor.py:186} INFO - Started process (PID=12019) to work on /home/airflow/.local/lib/python3.12/site-packages/airflow/example_dags/example_workday_timetable.py
[2025-03-09T16:04:40.885+0000] {processor.py:914} INFO - Processing file /home/airflow/.local/lib/python3.12/site-packages/airflow/example_dags/example_workday_timetable.py for tasks to queue
[2025-03-09T16:04:40.887+0000] {logging_mixin.py:190} INFO - [2025-03-09T16:04:40.887+0000] {dagbag.py:588} INFO - Filling up the DagBag from /home/airflow/.local/lib/python3.12/site-packages/airflow/example_dags/example_workday_timetable.py
[2025-03-09T16:04:40.891+0000] {processor.py:925} INFO - DAG(s) 'example_workday_timetable' retrieved from /home/airflow/.local/lib/python3.12/site-packages/airflow/example_dags/example_workday_timetable.py
[2025-03-09T16:04:40.905+0000] {logging_mixin.py:190} INFO - [2025-03-09T16:04:40.905+0000] {dag.py:3239} INFO - Sync 1 DAGs
[2025-03-09T16:04:40.940+0000] {logging_mixin.py:190} INFO - [2025-03-09T16:04:40.940+0000] {dag.py:4180} INFO - Setting next_dagrun for example_workday_timetable to 2021-01-04 00:00:00+00:00, run_after=2021-01-05 00:00:00+00:00
[2025-03-09T16:04:40.956+0000] {processor.py:208} INFO - Processing /home/airflow/.local/lib/python3.12/site-packages/airflow/example_dags/example_workday_timetable.py took 0.084 seconds
[2025-03-09T16:05:11.859+0000] {processor.py:186} INFO - Started process (PID=12345) to work on /home/airflow/.local/lib/python3.12/site-packages/airflow/example_dags/example_workday_timetable.py
[2025-03-09T16:05:11.869+0000] {processor.py:914} INFO - Processing file /home/airflow/.local/lib/python3.12/site-packages/airflow/example_dags/example_workday_timetable.py for tasks to queue
[2025-03-09T16:05:11.871+0000] {logging_mixin.py:190} INFO - [2025-03-09T16:05:11.871+0000] {dagbag.py:588} INFO - Filling up the DagBag from /home/airflow/.local/lib/python3.12/site-packages/airflow/example_dags/example_workday_timetable.py
[2025-03-09T16:05:11.876+0000] {processor.py:925} INFO - DAG(s) 'example_workday_timetable' retrieved from /home/airflow/.local/lib/python3.12/site-packages/airflow/example_dags/example_workday_timetable.py
[2025-03-09T16:05:11.893+0000] {logging_mixin.py:190} INFO - [2025-03-09T16:05:11.892+0000] {dag.py:3239} INFO - Sync 1 DAGs
[2025-03-09T16:05:11.933+0000] {logging_mixin.py:190} INFO - [2025-03-09T16:05:11.932+0000] {dag.py:4180} INFO - Setting next_dagrun for example_workday_timetable to 2021-01-04 00:00:00+00:00, run_after=2021-01-05 00:00:00+00:00
[2025-03-09T16:05:11.946+0000] {processor.py:208} INFO - Processing /home/airflow/.local/lib/python3.12/site-packages/airflow/example_dags/example_workday_timetable.py took 0.092 seconds
[2025-03-09T16:05:42.543+0000] {processor.py:186} INFO - Started process (PID=12671) to work on /home/airflow/.local/lib/python3.12/site-packages/airflow/example_dags/example_workday_timetable.py
[2025-03-09T16:05:42.554+0000] {processor.py:914} INFO - Processing file /home/airflow/.local/lib/python3.12/site-packages/airflow/example_dags/example_workday_timetable.py for tasks to queue
[2025-03-09T16:05:42.556+0000] {logging_mixin.py:190} INFO - [2025-03-09T16:05:42.556+0000] {dagbag.py:588} INFO - Filling up the DagBag from /home/airflow/.local/lib/python3.12/site-packages/airflow/example_dags/example_workday_timetable.py
[2025-03-09T16:05:42.565+0000] {processor.py:925} INFO - DAG(s) 'example_workday_timetable' retrieved from /home/airflow/.local/lib/python3.12/site-packages/airflow/example_dags/example_workday_timetable.py
[2025-03-09T16:05:42.580+0000] {logging_mixin.py:190} INFO - [2025-03-09T16:05:42.580+0000] {dag.py:3239} INFO - Sync 1 DAGs
[2025-03-09T16:05:42.615+0000] {logging_mixin.py:190} INFO - [2025-03-09T16:05:42.615+0000] {dag.py:4180} INFO - Setting next_dagrun for example_workday_timetable to 2021-01-04 00:00:00+00:00, run_after=2021-01-05 00:00:00+00:00
[2025-03-09T16:05:42.631+0000] {processor.py:208} INFO - Processing /home/airflow/.local/lib/python3.12/site-packages/airflow/example_dags/example_workday_timetable.py took 0.092 seconds
[2025-03-09T16:06:13.117+0000] {processor.py:186} INFO - Started process (PID=12997) to work on /home/airflow/.local/lib/python3.12/site-packages/airflow/example_dags/example_workday_timetable.py
[2025-03-09T16:06:13.127+0000] {processor.py:914} INFO - Processing file /home/airflow/.local/lib/python3.12/site-packages/airflow/example_dags/example_workday_timetable.py for tasks to queue
[2025-03-09T16:06:13.129+0000] {logging_mixin.py:190} INFO - [2025-03-09T16:06:13.128+0000] {dagbag.py:588} INFO - Filling up the DagBag from /home/airflow/.local/lib/python3.12/site-packages/airflow/example_dags/example_workday_timetable.py
[2025-03-09T16:06:13.132+0000] {processor.py:925} INFO - DAG(s) 'example_workday_timetable' retrieved from /home/airflow/.local/lib/python3.12/site-packages/airflow/example_dags/example_workday_timetable.py
[2025-03-09T16:06:13.147+0000] {logging_mixin.py:190} INFO - [2025-03-09T16:06:13.147+0000] {dag.py:3239} INFO - Sync 1 DAGs
[2025-03-09T16:06:13.183+0000] {logging_mixin.py:190} INFO - [2025-03-09T16:06:13.182+0000] {dag.py:4180} INFO - Setting next_dagrun for example_workday_timetable to 2021-01-04 00:00:00+00:00, run_after=2021-01-05 00:00:00+00:00
[2025-03-09T16:06:13.197+0000] {processor.py:208} INFO - Processing /home/airflow/.local/lib/python3.12/site-packages/airflow/example_dags/example_workday_timetable.py took 0.084 seconds
[2025-03-09T16:06:43.642+0000] {processor.py:186} INFO - Started process (PID=13323) to work on /home/airflow/.local/lib/python3.12/site-packages/airflow/example_dags/example_workday_timetable.py
[2025-03-09T16:06:43.652+0000] {processor.py:914} INFO - Processing file /home/airflow/.local/lib/python3.12/site-packages/airflow/example_dags/example_workday_timetable.py for tasks to queue
[2025-03-09T16:06:43.654+0000] {logging_mixin.py:190} INFO - [2025-03-09T16:06:43.653+0000] {dagbag.py:588} INFO - Filling up the DagBag from /home/airflow/.local/lib/python3.12/site-packages/airflow/example_dags/example_workday_timetable.py
[2025-03-09T16:06:43.658+0000] {processor.py:925} INFO - DAG(s) 'example_workday_timetable' retrieved from /home/airflow/.local/lib/python3.12/site-packages/airflow/example_dags/example_workday_timetable.py
[2025-03-09T16:06:43.671+0000] {logging_mixin.py:190} INFO - [2025-03-09T16:06:43.671+0000] {dag.py:3239} INFO - Sync 1 DAGs
[2025-03-09T16:06:43.706+0000] {logging_mixin.py:190} INFO - [2025-03-09T16:06:43.706+0000] {dag.py:4180} INFO - Setting next_dagrun for example_workday_timetable to 2021-01-04 00:00:00+00:00, run_after=2021-01-05 00:00:00+00:00
[2025-03-09T16:06:43.718+0000] {processor.py:208} INFO - Processing /home/airflow/.local/lib/python3.12/site-packages/airflow/example_dags/example_workday_timetable.py took 0.080 seconds
[2025-03-09T16:07:14.309+0000] {processor.py:186} INFO - Started process (PID=13649) to work on /home/airflow/.local/lib/python3.12/site-packages/airflow/example_dags/example_workday_timetable.py
[2025-03-09T16:07:14.319+0000] {processor.py:914} INFO - Processing file /home/airflow/.local/lib/python3.12/site-packages/airflow/example_dags/example_workday_timetable.py for tasks to queue
[2025-03-09T16:07:14.322+0000] {logging_mixin.py:190} INFO - [2025-03-09T16:07:14.321+0000] {dagbag.py:588} INFO - Filling up the DagBag from /home/airflow/.local/lib/python3.12/site-packages/airflow/example_dags/example_workday_timetable.py
[2025-03-09T16:07:14.329+0000] {processor.py:925} INFO - DAG(s) 'example_workday_timetable' retrieved from /home/airflow/.local/lib/python3.12/site-packages/airflow/example_dags/example_workday_timetable.py
[2025-03-09T16:07:14.344+0000] {logging_mixin.py:190} INFO - [2025-03-09T16:07:14.344+0000] {dag.py:3239} INFO - Sync 1 DAGs
[2025-03-09T16:07:14.380+0000] {logging_mixin.py:190} INFO - [2025-03-09T16:07:14.380+0000] {dag.py:4180} INFO - Setting next_dagrun for example_workday_timetable to 2021-01-04 00:00:00+00:00, run_after=2021-01-05 00:00:00+00:00
[2025-03-09T16:07:14.398+0000] {processor.py:208} INFO - Processing /home/airflow/.local/lib/python3.12/site-packages/airflow/example_dags/example_workday_timetable.py took 0.093 seconds
[2025-03-09T16:07:44.638+0000] {processor.py:186} INFO - Started process (PID=13975) to work on /home/airflow/.local/lib/python3.12/site-packages/airflow/example_dags/example_workday_timetable.py
[2025-03-09T16:07:44.649+0000] {processor.py:914} INFO - Processing file /home/airflow/.local/lib/python3.12/site-packages/airflow/example_dags/example_workday_timetable.py for tasks to queue
[2025-03-09T16:07:44.651+0000] {logging_mixin.py:190} INFO - [2025-03-09T16:07:44.651+0000] {dagbag.py:588} INFO - Filling up the DagBag from /home/airflow/.local/lib/python3.12/site-packages/airflow/example_dags/example_workday_timetable.py
[2025-03-09T16:07:44.656+0000] {processor.py:925} INFO - DAG(s) 'example_workday_timetable' retrieved from /home/airflow/.local/lib/python3.12/site-packages/airflow/example_dags/example_workday_timetable.py
[2025-03-09T16:07:44.671+0000] {logging_mixin.py:190} INFO - [2025-03-09T16:07:44.671+0000] {dag.py:3239} INFO - Sync 1 DAGs
[2025-03-09T16:07:44.708+0000] {logging_mixin.py:190} INFO - [2025-03-09T16:07:44.708+0000] {dag.py:4180} INFO - Setting next_dagrun for example_workday_timetable to 2021-01-04 00:00:00+00:00, run_after=2021-01-05 00:00:00+00:00
[2025-03-09T16:07:44.722+0000] {processor.py:208} INFO - Processing /home/airflow/.local/lib/python3.12/site-packages/airflow/example_dags/example_workday_timetable.py took 0.088 seconds
[2025-03-09T16:08:14.801+0000] {processor.py:186} INFO - Started process (PID=14302) to work on /home/airflow/.local/lib/python3.12/site-packages/airflow/example_dags/example_workday_timetable.py
[2025-03-09T16:08:14.802+0000] {processor.py:914} INFO - Processing file /home/airflow/.local/lib/python3.12/site-packages/airflow/example_dags/example_workday_timetable.py for tasks to queue
[2025-03-09T16:08:14.805+0000] {logging_mixin.py:190} INFO - [2025-03-09T16:08:14.804+0000] {dagbag.py:588} INFO - Filling up the DagBag from /home/airflow/.local/lib/python3.12/site-packages/airflow/example_dags/example_workday_timetable.py
[2025-03-09T16:08:14.810+0000] {processor.py:925} INFO - DAG(s) 'example_workday_timetable' retrieved from /home/airflow/.local/lib/python3.12/site-packages/airflow/example_dags/example_workday_timetable.py
[2025-03-09T16:08:14.824+0000] {logging_mixin.py:190} INFO - [2025-03-09T16:08:14.824+0000] {dag.py:3239} INFO - Sync 1 DAGs
[2025-03-09T16:08:14.861+0000] {logging_mixin.py:190} INFO - [2025-03-09T16:08:14.861+0000] {dag.py:4180} INFO - Setting next_dagrun for example_workday_timetable to 2021-01-04 00:00:00+00:00, run_after=2021-01-05 00:00:00+00:00
[2025-03-09T16:08:14.876+0000] {processor.py:208} INFO - Processing /home/airflow/.local/lib/python3.12/site-packages/airflow/example_dags/example_workday_timetable.py took 0.081 seconds
[2025-03-09T16:08:45.483+0000] {processor.py:186} INFO - Started process (PID=14628) to work on /home/airflow/.local/lib/python3.12/site-packages/airflow/example_dags/example_workday_timetable.py
[2025-03-09T16:08:45.484+0000] {processor.py:914} INFO - Processing file /home/airflow/.local/lib/python3.12/site-packages/airflow/example_dags/example_workday_timetable.py for tasks to queue
[2025-03-09T16:08:45.486+0000] {logging_mixin.py:190} INFO - [2025-03-09T16:08:45.486+0000] {dagbag.py:588} INFO - Filling up the DagBag from /home/airflow/.local/lib/python3.12/site-packages/airflow/example_dags/example_workday_timetable.py
[2025-03-09T16:08:45.489+0000] {processor.py:925} INFO - DAG(s) 'example_workday_timetable' retrieved from /home/airflow/.local/lib/python3.12/site-packages/airflow/example_dags/example_workday_timetable.py
[2025-03-09T16:08:45.504+0000] {logging_mixin.py:190} INFO - [2025-03-09T16:08:45.504+0000] {dag.py:3239} INFO - Sync 1 DAGs
[2025-03-09T16:08:45.543+0000] {logging_mixin.py:190} INFO - [2025-03-09T16:08:45.542+0000] {dag.py:4180} INFO - Setting next_dagrun for example_workday_timetable to 2021-01-04 00:00:00+00:00, run_after=2021-01-05 00:00:00+00:00
[2025-03-09T16:08:45.556+0000] {processor.py:208} INFO - Processing /home/airflow/.local/lib/python3.12/site-packages/airflow/example_dags/example_workday_timetable.py took 0.078 seconds
[2025-03-09T16:09:15.614+0000] {processor.py:186} INFO - Started process (PID=14954) to work on /home/airflow/.local/lib/python3.12/site-packages/airflow/example_dags/example_workday_timetable.py
[2025-03-09T16:09:15.615+0000] {processor.py:914} INFO - Processing file /home/airflow/.local/lib/python3.12/site-packages/airflow/example_dags/example_workday_timetable.py for tasks to queue
[2025-03-09T16:09:15.616+0000] {logging_mixin.py:190} INFO - [2025-03-09T16:09:15.616+0000] {dagbag.py:588} INFO - Filling up the DagBag from /home/airflow/.local/lib/python3.12/site-packages/airflow/example_dags/example_workday_timetable.py
[2025-03-09T16:09:15.619+0000] {processor.py:925} INFO - DAG(s) 'example_workday_timetable' retrieved from /home/airflow/.local/lib/python3.12/site-packages/airflow/example_dags/example_workday_timetable.py
[2025-03-09T16:09:15.636+0000] {logging_mixin.py:190} INFO - [2025-03-09T16:09:15.636+0000] {dag.py:3239} INFO - Sync 1 DAGs
[2025-03-09T16:09:15.673+0000] {logging_mixin.py:190} INFO - [2025-03-09T16:09:15.673+0000] {dag.py:4180} INFO - Setting next_dagrun for example_workday_timetable to 2021-01-04 00:00:00+00:00, run_after=2021-01-05 00:00:00+00:00
[2025-03-09T16:09:15.687+0000] {processor.py:208} INFO - Processing /home/airflow/.local/lib/python3.12/site-packages/airflow/example_dags/example_workday_timetable.py took 0.077 seconds
[2025-03-09T16:09:45.745+0000] {processor.py:186} INFO - Started process (PID=15280) to work on /home/airflow/.local/lib/python3.12/site-packages/airflow/example_dags/example_workday_timetable.py
[2025-03-09T16:09:45.746+0000] {processor.py:914} INFO - Processing file /home/airflow/.local/lib/python3.12/site-packages/airflow/example_dags/example_workday_timetable.py for tasks to queue
[2025-03-09T16:09:45.748+0000] {logging_mixin.py:190} INFO - [2025-03-09T16:09:45.747+0000] {dagbag.py:588} INFO - Filling up the DagBag from /home/airflow/.local/lib/python3.12/site-packages/airflow/example_dags/example_workday_timetable.py
[2025-03-09T16:09:45.752+0000] {processor.py:925} INFO - DAG(s) 'example_workday_timetable' retrieved from /home/airflow/.local/lib/python3.12/site-packages/airflow/example_dags/example_workday_timetable.py
[2025-03-09T16:09:45.769+0000] {logging_mixin.py:190} INFO - [2025-03-09T16:09:45.769+0000] {dag.py:3239} INFO - Sync 1 DAGs
[2025-03-09T16:09:45.806+0000] {logging_mixin.py:190} INFO - [2025-03-09T16:09:45.806+0000] {dag.py:4180} INFO - Setting next_dagrun for example_workday_timetable to 2021-01-04 00:00:00+00:00, run_after=2021-01-05 00:00:00+00:00
[2025-03-09T16:09:45.821+0000] {processor.py:208} INFO - Processing /home/airflow/.local/lib/python3.12/site-packages/airflow/example_dags/example_workday_timetable.py took 0.085 seconds
[2025-03-09T16:10:16.414+0000] {processor.py:186} INFO - Started process (PID=15606) to work on /home/airflow/.local/lib/python3.12/site-packages/airflow/example_dags/example_workday_timetable.py
[2025-03-09T16:10:16.414+0000] {processor.py:914} INFO - Processing file /home/airflow/.local/lib/python3.12/site-packages/airflow/example_dags/example_workday_timetable.py for tasks to queue
[2025-03-09T16:10:16.415+0000] {logging_mixin.py:190} INFO - [2025-03-09T16:10:16.415+0000] {dagbag.py:588} INFO - Filling up the DagBag from /home/airflow/.local/lib/python3.12/site-packages/airflow/example_dags/example_workday_timetable.py
[2025-03-09T16:10:16.419+0000] {processor.py:925} INFO - DAG(s) 'example_workday_timetable' retrieved from /home/airflow/.local/lib/python3.12/site-packages/airflow/example_dags/example_workday_timetable.py
[2025-03-09T16:10:16.437+0000] {logging_mixin.py:190} INFO - [2025-03-09T16:10:16.437+0000] {dag.py:3239} INFO - Sync 1 DAGs
[2025-03-09T16:10:16.477+0000] {logging_mixin.py:190} INFO - [2025-03-09T16:10:16.476+0000] {dag.py:4180} INFO - Setting next_dagrun for example_workday_timetable to 2021-01-04 00:00:00+00:00, run_after=2021-01-05 00:00:00+00:00
[2025-03-09T16:10:16.489+0000] {processor.py:208} INFO - Processing /home/airflow/.local/lib/python3.12/site-packages/airflow/example_dags/example_workday_timetable.py took 0.079 seconds
[2025-03-09T16:10:46.877+0000] {processor.py:186} INFO - Started process (PID=15932) to work on /home/airflow/.local/lib/python3.12/site-packages/airflow/example_dags/example_workday_timetable.py
[2025-03-09T16:10:46.877+0000] {processor.py:914} INFO - Processing file /home/airflow/.local/lib/python3.12/site-packages/airflow/example_dags/example_workday_timetable.py for tasks to queue
[2025-03-09T16:10:46.879+0000] {logging_mixin.py:190} INFO - [2025-03-09T16:10:46.878+0000] {dagbag.py:588} INFO - Filling up the DagBag from /home/airflow/.local/lib/python3.12/site-packages/airflow/example_dags/example_workday_timetable.py
[2025-03-09T16:10:46.882+0000] {processor.py:925} INFO - DAG(s) 'example_workday_timetable' retrieved from /home/airflow/.local/lib/python3.12/site-packages/airflow/example_dags/example_workday_timetable.py
[2025-03-09T16:10:46.894+0000] {logging_mixin.py:190} INFO - [2025-03-09T16:10:46.893+0000] {dag.py:3239} INFO - Sync 1 DAGs
[2025-03-09T16:10:46.929+0000] {logging_mixin.py:190} INFO - [2025-03-09T16:10:46.929+0000] {dag.py:4180} INFO - Setting next_dagrun for example_workday_timetable to 2021-01-04 00:00:00+00:00, run_after=2021-01-05 00:00:00+00:00
[2025-03-09T16:10:46.944+0000] {processor.py:208} INFO - Processing /home/airflow/.local/lib/python3.12/site-packages/airflow/example_dags/example_workday_timetable.py took 0.071 seconds
[2025-03-09T16:11:17.543+0000] {processor.py:186} INFO - Started process (PID=16258) to work on /home/airflow/.local/lib/python3.12/site-packages/airflow/example_dags/example_workday_timetable.py
[2025-03-09T16:11:17.543+0000] {processor.py:914} INFO - Processing file /home/airflow/.local/lib/python3.12/site-packages/airflow/example_dags/example_workday_timetable.py for tasks to queue
[2025-03-09T16:11:17.545+0000] {logging_mixin.py:190} INFO - [2025-03-09T16:11:17.545+0000] {dagbag.py:588} INFO - Filling up the DagBag from /home/airflow/.local/lib/python3.12/site-packages/airflow/example_dags/example_workday_timetable.py
[2025-03-09T16:11:17.550+0000] {processor.py:925} INFO - DAG(s) 'example_workday_timetable' retrieved from /home/airflow/.local/lib/python3.12/site-packages/airflow/example_dags/example_workday_timetable.py
[2025-03-09T16:11:17.563+0000] {logging_mixin.py:190} INFO - [2025-03-09T16:11:17.563+0000] {dag.py:3239} INFO - Sync 1 DAGs
[2025-03-09T16:11:17.600+0000] {logging_mixin.py:190} INFO - [2025-03-09T16:11:17.600+0000] {dag.py:4180} INFO - Setting next_dagrun for example_workday_timetable to 2021-01-04 00:00:00+00:00, run_after=2021-01-05 00:00:00+00:00
[2025-03-09T16:11:17.613+0000] {processor.py:208} INFO - Processing /home/airflow/.local/lib/python3.12/site-packages/airflow/example_dags/example_workday_timetable.py took 0.081 seconds
[2025-03-09T16:11:48.068+0000] {processor.py:186} INFO - Started process (PID=16582) to work on /home/airflow/.local/lib/python3.12/site-packages/airflow/example_dags/example_workday_timetable.py
[2025-03-09T16:11:48.069+0000] {processor.py:914} INFO - Processing file /home/airflow/.local/lib/python3.12/site-packages/airflow/example_dags/example_workday_timetable.py for tasks to queue
[2025-03-09T16:11:48.070+0000] {logging_mixin.py:190} INFO - [2025-03-09T16:11:48.069+0000] {dagbag.py:588} INFO - Filling up the DagBag from /home/airflow/.local/lib/python3.12/site-packages/airflow/example_dags/example_workday_timetable.py
[2025-03-09T16:11:48.073+0000] {processor.py:925} INFO - DAG(s) 'example_workday_timetable' retrieved from /home/airflow/.local/lib/python3.12/site-packages/airflow/example_dags/example_workday_timetable.py
[2025-03-09T16:11:48.086+0000] {logging_mixin.py:190} INFO - [2025-03-09T16:11:48.086+0000] {dag.py:3239} INFO - Sync 1 DAGs
[2025-03-09T16:11:48.123+0000] {logging_mixin.py:190} INFO - [2025-03-09T16:11:48.123+0000] {dag.py:4180} INFO - Setting next_dagrun for example_workday_timetable to 2021-01-04 00:00:00+00:00, run_after=2021-01-05 00:00:00+00:00
[2025-03-09T16:11:48.138+0000] {processor.py:208} INFO - Processing /home/airflow/.local/lib/python3.12/site-packages/airflow/example_dags/example_workday_timetable.py took 0.074 seconds
[2025-03-09T16:12:18.917+0000] {processor.py:186} INFO - Started process (PID=16914) to work on /home/airflow/.local/lib/python3.12/site-packages/airflow/example_dags/example_workday_timetable.py
[2025-03-09T16:12:18.918+0000] {processor.py:914} INFO - Processing file /home/airflow/.local/lib/python3.12/site-packages/airflow/example_dags/example_workday_timetable.py for tasks to queue
[2025-03-09T16:12:18.919+0000] {logging_mixin.py:190} INFO - [2025-03-09T16:12:18.919+0000] {dagbag.py:588} INFO - Filling up the DagBag from /home/airflow/.local/lib/python3.12/site-packages/airflow/example_dags/example_workday_timetable.py
[2025-03-09T16:12:18.923+0000] {processor.py:925} INFO - DAG(s) 'example_workday_timetable' retrieved from /home/airflow/.local/lib/python3.12/site-packages/airflow/example_dags/example_workday_timetable.py
[2025-03-09T16:12:18.940+0000] {logging_mixin.py:190} INFO - [2025-03-09T16:12:18.939+0000] {dag.py:3239} INFO - Sync 1 DAGs
[2025-03-09T16:12:18.979+0000] {logging_mixin.py:190} INFO - [2025-03-09T16:12:18.978+0000] {dag.py:4180} INFO - Setting next_dagrun for example_workday_timetable to 2021-01-04 00:00:00+00:00, run_after=2021-01-05 00:00:00+00:00
[2025-03-09T16:12:18.993+0000] {processor.py:208} INFO - Processing /home/airflow/.local/lib/python3.12/site-packages/airflow/example_dags/example_workday_timetable.py took 0.081 seconds
[2025-03-09T16:12:49.079+0000] {processor.py:186} INFO - Started process (PID=17240) to work on /home/airflow/.local/lib/python3.12/site-packages/airflow/example_dags/example_workday_timetable.py
[2025-03-09T16:12:49.079+0000] {processor.py:914} INFO - Processing file /home/airflow/.local/lib/python3.12/site-packages/airflow/example_dags/example_workday_timetable.py for tasks to queue
[2025-03-09T16:12:49.081+0000] {logging_mixin.py:190} INFO - [2025-03-09T16:12:49.081+0000] {dagbag.py:588} INFO - Filling up the DagBag from /home/airflow/.local/lib/python3.12/site-packages/airflow/example_dags/example_workday_timetable.py
[2025-03-09T16:12:49.087+0000] {processor.py:925} INFO - DAG(s) 'example_workday_timetable' retrieved from /home/airflow/.local/lib/python3.12/site-packages/airflow/example_dags/example_workday_timetable.py
[2025-03-09T16:12:49.109+0000] {logging_mixin.py:190} INFO - [2025-03-09T16:12:49.109+0000] {dag.py:3239} INFO - Sync 1 DAGs
[2025-03-09T16:12:49.145+0000] {logging_mixin.py:190} INFO - [2025-03-09T16:12:49.145+0000] {dag.py:4180} INFO - Setting next_dagrun for example_workday_timetable to 2021-01-04 00:00:00+00:00, run_after=2021-01-05 00:00:00+00:00
[2025-03-09T16:12:49.158+0000] {processor.py:208} INFO - Processing /home/airflow/.local/lib/python3.12/site-packages/airflow/example_dags/example_workday_timetable.py took 0.084 seconds
[2025-03-09T16:13:19.269+0000] {processor.py:186} INFO - Started process (PID=17568) to work on /home/airflow/.local/lib/python3.12/site-packages/airflow/example_dags/example_workday_timetable.py
[2025-03-09T16:13:19.270+0000] {processor.py:914} INFO - Processing file /home/airflow/.local/lib/python3.12/site-packages/airflow/example_dags/example_workday_timetable.py for tasks to queue
[2025-03-09T16:13:19.271+0000] {logging_mixin.py:190} INFO - [2025-03-09T16:13:19.271+0000] {dagbag.py:588} INFO - Filling up the DagBag from /home/airflow/.local/lib/python3.12/site-packages/airflow/example_dags/example_workday_timetable.py
[2025-03-09T16:13:19.275+0000] {processor.py:925} INFO - DAG(s) 'example_workday_timetable' retrieved from /home/airflow/.local/lib/python3.12/site-packages/airflow/example_dags/example_workday_timetable.py
[2025-03-09T16:13:19.291+0000] {logging_mixin.py:190} INFO - [2025-03-09T16:13:19.291+0000] {dag.py:3239} INFO - Sync 1 DAGs
[2025-03-09T16:13:19.333+0000] {logging_mixin.py:190} INFO - [2025-03-09T16:13:19.333+0000] {dag.py:4180} INFO - Setting next_dagrun for example_workday_timetable to 2021-01-04 00:00:00+00:00, run_after=2021-01-05 00:00:00+00:00
[2025-03-09T16:13:19.345+0000] {processor.py:208} INFO - Processing /home/airflow/.local/lib/python3.12/site-packages/airflow/example_dags/example_workday_timetable.py took 0.081 seconds
[2025-03-09T16:13:50.269+0000] {processor.py:186} INFO - Started process (PID=17892) to work on /home/airflow/.local/lib/python3.12/site-packages/airflow/example_dags/example_workday_timetable.py
[2025-03-09T16:13:50.270+0000] {processor.py:914} INFO - Processing file /home/airflow/.local/lib/python3.12/site-packages/airflow/example_dags/example_workday_timetable.py for tasks to queue
[2025-03-09T16:13:50.271+0000] {logging_mixin.py:190} INFO - [2025-03-09T16:13:50.271+0000] {dagbag.py:588} INFO - Filling up the DagBag from /home/airflow/.local/lib/python3.12/site-packages/airflow/example_dags/example_workday_timetable.py
[2025-03-09T16:13:50.275+0000] {processor.py:925} INFO - DAG(s) 'example_workday_timetable' retrieved from /home/airflow/.local/lib/python3.12/site-packages/airflow/example_dags/example_workday_timetable.py
[2025-03-09T16:13:50.286+0000] {logging_mixin.py:190} INFO - [2025-03-09T16:13:50.286+0000] {dag.py:3239} INFO - Sync 1 DAGs
[2025-03-09T16:13:50.321+0000] {logging_mixin.py:190} INFO - [2025-03-09T16:13:50.321+0000] {dag.py:4180} INFO - Setting next_dagrun for example_workday_timetable to 2021-01-04 00:00:00+00:00, run_after=2021-01-05 00:00:00+00:00
[2025-03-09T16:13:50.335+0000] {processor.py:208} INFO - Processing /home/airflow/.local/lib/python3.12/site-packages/airflow/example_dags/example_workday_timetable.py took 0.070 seconds
[2025-03-09T16:14:21.136+0000] {processor.py:186} INFO - Started process (PID=18220) to work on /home/airflow/.local/lib/python3.12/site-packages/airflow/example_dags/example_workday_timetable.py
[2025-03-09T16:14:21.136+0000] {processor.py:914} INFO - Processing file /home/airflow/.local/lib/python3.12/site-packages/airflow/example_dags/example_workday_timetable.py for tasks to queue
[2025-03-09T16:14:21.138+0000] {logging_mixin.py:190} INFO - [2025-03-09T16:14:21.138+0000] {dagbag.py:588} INFO - Filling up the DagBag from /home/airflow/.local/lib/python3.12/site-packages/airflow/example_dags/example_workday_timetable.py
[2025-03-09T16:14:21.144+0000] {processor.py:925} INFO - DAG(s) 'example_workday_timetable' retrieved from /home/airflow/.local/lib/python3.12/site-packages/airflow/example_dags/example_workday_timetable.py
[2025-03-09T16:14:21.160+0000] {logging_mixin.py:190} INFO - [2025-03-09T16:14:21.159+0000] {dag.py:3239} INFO - Sync 1 DAGs
[2025-03-09T16:14:21.207+0000] {logging_mixin.py:190} INFO - [2025-03-09T16:14:21.207+0000] {dag.py:4180} INFO - Setting next_dagrun for example_workday_timetable to 2021-01-04 00:00:00+00:00, run_after=2021-01-05 00:00:00+00:00
[2025-03-09T16:14:21.220+0000] {processor.py:208} INFO - Processing /home/airflow/.local/lib/python3.12/site-packages/airflow/example_dags/example_workday_timetable.py took 0.089 seconds
[2025-03-09T16:14:51.848+0000] {processor.py:186} INFO - Started process (PID=18544) to work on /home/airflow/.local/lib/python3.12/site-packages/airflow/example_dags/example_workday_timetable.py
[2025-03-09T16:14:51.848+0000] {processor.py:914} INFO - Processing file /home/airflow/.local/lib/python3.12/site-packages/airflow/example_dags/example_workday_timetable.py for tasks to queue
[2025-03-09T16:14:51.850+0000] {logging_mixin.py:190} INFO - [2025-03-09T16:14:51.850+0000] {dagbag.py:588} INFO - Filling up the DagBag from /home/airflow/.local/lib/python3.12/site-packages/airflow/example_dags/example_workday_timetable.py
[2025-03-09T16:14:51.854+0000] {processor.py:925} INFO - DAG(s) 'example_workday_timetable' retrieved from /home/airflow/.local/lib/python3.12/site-packages/airflow/example_dags/example_workday_timetable.py
[2025-03-09T16:14:51.866+0000] {logging_mixin.py:190} INFO - [2025-03-09T16:14:51.866+0000] {dag.py:3239} INFO - Sync 1 DAGs
[2025-03-09T16:14:51.901+0000] {logging_mixin.py:190} INFO - [2025-03-09T16:14:51.901+0000] {dag.py:4180} INFO - Setting next_dagrun for example_workday_timetable to 2021-01-04 00:00:00+00:00, run_after=2021-01-05 00:00:00+00:00
[2025-03-09T16:14:51.914+0000] {processor.py:208} INFO - Processing /home/airflow/.local/lib/python3.12/site-packages/airflow/example_dags/example_workday_timetable.py took 0.075 seconds
[2025-03-09T16:15:22.766+0000] {processor.py:186} INFO - Started process (PID=18870) to work on /home/airflow/.local/lib/python3.12/site-packages/airflow/example_dags/example_workday_timetable.py
[2025-03-09T16:15:22.767+0000] {processor.py:914} INFO - Processing file /home/airflow/.local/lib/python3.12/site-packages/airflow/example_dags/example_workday_timetable.py for tasks to queue
[2025-03-09T16:15:22.768+0000] {logging_mixin.py:190} INFO - [2025-03-09T16:15:22.767+0000] {dagbag.py:588} INFO - Filling up the DagBag from /home/airflow/.local/lib/python3.12/site-packages/airflow/example_dags/example_workday_timetable.py
[2025-03-09T16:15:22.771+0000] {processor.py:925} INFO - DAG(s) 'example_workday_timetable' retrieved from /home/airflow/.local/lib/python3.12/site-packages/airflow/example_dags/example_workday_timetable.py
[2025-03-09T16:15:22.785+0000] {logging_mixin.py:190} INFO - [2025-03-09T16:15:22.785+0000] {dag.py:3239} INFO - Sync 1 DAGs
[2025-03-09T16:15:22.824+0000] {logging_mixin.py:190} INFO - [2025-03-09T16:15:22.824+0000] {dag.py:4180} INFO - Setting next_dagrun for example_workday_timetable to 2021-01-04 00:00:00+00:00, run_after=2021-01-05 00:00:00+00:00
[2025-03-09T16:15:22.842+0000] {processor.py:208} INFO - Processing /home/airflow/.local/lib/python3.12/site-packages/airflow/example_dags/example_workday_timetable.py took 0.079 seconds
[2025-03-09T16:15:53.559+0000] {processor.py:186} INFO - Started process (PID=19196) to work on /home/airflow/.local/lib/python3.12/site-packages/airflow/example_dags/example_workday_timetable.py
[2025-03-09T16:15:53.559+0000] {processor.py:914} INFO - Processing file /home/airflow/.local/lib/python3.12/site-packages/airflow/example_dags/example_workday_timetable.py for tasks to queue
[2025-03-09T16:15:53.561+0000] {logging_mixin.py:190} INFO - [2025-03-09T16:15:53.560+0000] {dagbag.py:588} INFO - Filling up the DagBag from /home/airflow/.local/lib/python3.12/site-packages/airflow/example_dags/example_workday_timetable.py
[2025-03-09T16:15:53.565+0000] {processor.py:925} INFO - DAG(s) 'example_workday_timetable' retrieved from /home/airflow/.local/lib/python3.12/site-packages/airflow/example_dags/example_workday_timetable.py
[2025-03-09T16:15:53.581+0000] {logging_mixin.py:190} INFO - [2025-03-09T16:15:53.580+0000] {dag.py:3239} INFO - Sync 1 DAGs
[2025-03-09T16:15:53.619+0000] {logging_mixin.py:190} INFO - [2025-03-09T16:15:53.619+0000] {dag.py:4180} INFO - Setting next_dagrun for example_workday_timetable to 2021-01-04 00:00:00+00:00, run_after=2021-01-05 00:00:00+00:00
[2025-03-09T16:15:53.632+0000] {processor.py:208} INFO - Processing /home/airflow/.local/lib/python3.12/site-packages/airflow/example_dags/example_workday_timetable.py took 0.078 seconds
[2025-03-09T16:16:23.877+0000] {processor.py:186} INFO - Started process (PID=19524) to work on /home/airflow/.local/lib/python3.12/site-packages/airflow/example_dags/example_workday_timetable.py
[2025-03-09T16:16:23.878+0000] {processor.py:914} INFO - Processing file /home/airflow/.local/lib/python3.12/site-packages/airflow/example_dags/example_workday_timetable.py for tasks to queue
[2025-03-09T16:16:23.879+0000] {logging_mixin.py:190} INFO - [2025-03-09T16:16:23.879+0000] {dagbag.py:588} INFO - Filling up the DagBag from /home/airflow/.local/lib/python3.12/site-packages/airflow/example_dags/example_workday_timetable.py
[2025-03-09T16:16:23.883+0000] {processor.py:925} INFO - DAG(s) 'example_workday_timetable' retrieved from /home/airflow/.local/lib/python3.12/site-packages/airflow/example_dags/example_workday_timetable.py
[2025-03-09T16:16:23.896+0000] {logging_mixin.py:190} INFO - [2025-03-09T16:16:23.896+0000] {dag.py:3239} INFO - Sync 1 DAGs
[2025-03-09T16:16:23.932+0000] {logging_mixin.py:190} INFO - [2025-03-09T16:16:23.932+0000] {dag.py:4180} INFO - Setting next_dagrun for example_workday_timetable to 2021-01-04 00:00:00+00:00, run_after=2021-01-05 00:00:00+00:00
[2025-03-09T16:16:23.946+0000] {processor.py:208} INFO - Processing /home/airflow/.local/lib/python3.12/site-packages/airflow/example_dags/example_workday_timetable.py took 0.075 seconds
[2025-03-09T16:16:54.042+0000] {processor.py:186} INFO - Started process (PID=19848) to work on /home/airflow/.local/lib/python3.12/site-packages/airflow/example_dags/example_workday_timetable.py
[2025-03-09T16:16:54.043+0000] {processor.py:914} INFO - Processing file /home/airflow/.local/lib/python3.12/site-packages/airflow/example_dags/example_workday_timetable.py for tasks to queue
[2025-03-09T16:16:54.044+0000] {logging_mixin.py:190} INFO - [2025-03-09T16:16:54.044+0000] {dagbag.py:588} INFO - Filling up the DagBag from /home/airflow/.local/lib/python3.12/site-packages/airflow/example_dags/example_workday_timetable.py
[2025-03-09T16:16:54.047+0000] {processor.py:925} INFO - DAG(s) 'example_workday_timetable' retrieved from /home/airflow/.local/lib/python3.12/site-packages/airflow/example_dags/example_workday_timetable.py
[2025-03-09T16:16:54.059+0000] {logging_mixin.py:190} INFO - [2025-03-09T16:16:54.059+0000] {dag.py:3239} INFO - Sync 1 DAGs
[2025-03-09T16:16:54.098+0000] {logging_mixin.py:190} INFO - [2025-03-09T16:16:54.098+0000] {dag.py:4180} INFO - Setting next_dagrun for example_workday_timetable to 2021-01-04 00:00:00+00:00, run_after=2021-01-05 00:00:00+00:00
[2025-03-09T16:16:54.113+0000] {processor.py:208} INFO - Processing /home/airflow/.local/lib/python3.12/site-packages/airflow/example_dags/example_workday_timetable.py took 0.075 seconds
[2025-03-09T16:17:24.209+0000] {processor.py:186} INFO - Started process (PID=20174) to work on /home/airflow/.local/lib/python3.12/site-packages/airflow/example_dags/example_workday_timetable.py
[2025-03-09T16:17:24.210+0000] {processor.py:914} INFO - Processing file /home/airflow/.local/lib/python3.12/site-packages/airflow/example_dags/example_workday_timetable.py for tasks to queue
[2025-03-09T16:17:24.211+0000] {logging_mixin.py:190} INFO - [2025-03-09T16:17:24.211+0000] {dagbag.py:588} INFO - Filling up the DagBag from /home/airflow/.local/lib/python3.12/site-packages/airflow/example_dags/example_workday_timetable.py
[2025-03-09T16:17:24.215+0000] {processor.py:925} INFO - DAG(s) 'example_workday_timetable' retrieved from /home/airflow/.local/lib/python3.12/site-packages/airflow/example_dags/example_workday_timetable.py
[2025-03-09T16:17:24.227+0000] {logging_mixin.py:190} INFO - [2025-03-09T16:17:24.227+0000] {dag.py:3239} INFO - Sync 1 DAGs
[2025-03-09T16:17:24.263+0000] {logging_mixin.py:190} INFO - [2025-03-09T16:17:24.262+0000] {dag.py:4180} INFO - Setting next_dagrun for example_workday_timetable to 2021-01-04 00:00:00+00:00, run_after=2021-01-05 00:00:00+00:00
[2025-03-09T16:17:24.276+0000] {processor.py:208} INFO - Processing /home/airflow/.local/lib/python3.12/site-packages/airflow/example_dags/example_workday_timetable.py took 0.070 seconds
[2025-03-09T16:17:55.196+0000] {processor.py:186} INFO - Started process (PID=20499) to work on /home/airflow/.local/lib/python3.12/site-packages/airflow/example_dags/example_workday_timetable.py
[2025-03-09T16:17:55.196+0000] {processor.py:914} INFO - Processing file /home/airflow/.local/lib/python3.12/site-packages/airflow/example_dags/example_workday_timetable.py for tasks to queue
[2025-03-09T16:17:55.197+0000] {logging_mixin.py:190} INFO - [2025-03-09T16:17:55.197+0000] {dagbag.py:588} INFO - Filling up the DagBag from /home/airflow/.local/lib/python3.12/site-packages/airflow/example_dags/example_workday_timetable.py
[2025-03-09T16:17:55.200+0000] {processor.py:925} INFO - DAG(s) 'example_workday_timetable' retrieved from /home/airflow/.local/lib/python3.12/site-packages/airflow/example_dags/example_workday_timetable.py
[2025-03-09T16:17:55.214+0000] {logging_mixin.py:190} INFO - [2025-03-09T16:17:55.214+0000] {dag.py:3239} INFO - Sync 1 DAGs
[2025-03-09T16:17:55.250+0000] {logging_mixin.py:190} INFO - [2025-03-09T16:17:55.250+0000] {dag.py:4180} INFO - Setting next_dagrun for example_workday_timetable to 2021-01-04 00:00:00+00:00, run_after=2021-01-05 00:00:00+00:00
[2025-03-09T16:17:55.266+0000] {processor.py:208} INFO - Processing /home/airflow/.local/lib/python3.12/site-packages/airflow/example_dags/example_workday_timetable.py took 0.074 seconds
[2025-03-09T16:18:25.562+0000] {processor.py:186} INFO - Started process (PID=20828) to work on /home/airflow/.local/lib/python3.12/site-packages/airflow/example_dags/example_workday_timetable.py
[2025-03-09T16:18:25.563+0000] {processor.py:914} INFO - Processing file /home/airflow/.local/lib/python3.12/site-packages/airflow/example_dags/example_workday_timetable.py for tasks to queue
[2025-03-09T16:18:25.565+0000] {logging_mixin.py:190} INFO - [2025-03-09T16:18:25.565+0000] {dagbag.py:588} INFO - Filling up the DagBag from /home/airflow/.local/lib/python3.12/site-packages/airflow/example_dags/example_workday_timetable.py
[2025-03-09T16:18:25.569+0000] {processor.py:925} INFO - DAG(s) 'example_workday_timetable' retrieved from /home/airflow/.local/lib/python3.12/site-packages/airflow/example_dags/example_workday_timetable.py
[2025-03-09T16:18:25.591+0000] {logging_mixin.py:190} INFO - [2025-03-09T16:18:25.591+0000] {dag.py:3239} INFO - Sync 1 DAGs
[2025-03-09T16:18:25.631+0000] {logging_mixin.py:190} INFO - [2025-03-09T16:18:25.631+0000] {dag.py:4180} INFO - Setting next_dagrun for example_workday_timetable to 2021-01-04 00:00:00+00:00, run_after=2021-01-05 00:00:00+00:00
[2025-03-09T16:18:25.644+0000] {processor.py:208} INFO - Processing /home/airflow/.local/lib/python3.12/site-packages/airflow/example_dags/example_workday_timetable.py took 0.087 seconds
[2025-03-09T16:18:55.943+0000] {processor.py:186} INFO - Started process (PID=21152) to work on /home/airflow/.local/lib/python3.12/site-packages/airflow/example_dags/example_workday_timetable.py
[2025-03-09T16:18:55.943+0000] {processor.py:914} INFO - Processing file /home/airflow/.local/lib/python3.12/site-packages/airflow/example_dags/example_workday_timetable.py for tasks to queue
[2025-03-09T16:18:55.944+0000] {logging_mixin.py:190} INFO - [2025-03-09T16:18:55.944+0000] {dagbag.py:588} INFO - Filling up the DagBag from /home/airflow/.local/lib/python3.12/site-packages/airflow/example_dags/example_workday_timetable.py
[2025-03-09T16:18:55.948+0000] {processor.py:925} INFO - DAG(s) 'example_workday_timetable' retrieved from /home/airflow/.local/lib/python3.12/site-packages/airflow/example_dags/example_workday_timetable.py
[2025-03-09T16:18:55.960+0000] {logging_mixin.py:190} INFO - [2025-03-09T16:18:55.960+0000] {dag.py:3239} INFO - Sync 1 DAGs
[2025-03-09T16:18:55.996+0000] {logging_mixin.py:190} INFO - [2025-03-09T16:18:55.996+0000] {dag.py:4180} INFO - Setting next_dagrun for example_workday_timetable to 2021-01-04 00:00:00+00:00, run_after=2021-01-05 00:00:00+00:00
[2025-03-09T16:18:56.009+0000] {processor.py:208} INFO - Processing /home/airflow/.local/lib/python3.12/site-packages/airflow/example_dags/example_workday_timetable.py took 0.070 seconds
[2025-03-09T16:19:26.847+0000] {processor.py:186} INFO - Started process (PID=21478) to work on /home/airflow/.local/lib/python3.12/site-packages/airflow/example_dags/example_workday_timetable.py
[2025-03-09T16:19:26.848+0000] {processor.py:914} INFO - Processing file /home/airflow/.local/lib/python3.12/site-packages/airflow/example_dags/example_workday_timetable.py for tasks to queue
[2025-03-09T16:19:26.849+0000] {logging_mixin.py:190} INFO - [2025-03-09T16:19:26.849+0000] {dagbag.py:588} INFO - Filling up the DagBag from /home/airflow/.local/lib/python3.12/site-packages/airflow/example_dags/example_workday_timetable.py
[2025-03-09T16:19:26.852+0000] {processor.py:925} INFO - DAG(s) 'example_workday_timetable' retrieved from /home/airflow/.local/lib/python3.12/site-packages/airflow/example_dags/example_workday_timetable.py
[2025-03-09T16:19:26.865+0000] {logging_mixin.py:190} INFO - [2025-03-09T16:19:26.865+0000] {dag.py:3239} INFO - Sync 1 DAGs
[2025-03-09T16:19:27.021+0000] {logging_mixin.py:190} INFO - [2025-03-09T16:19:27.020+0000] {dag.py:4180} INFO - Setting next_dagrun for example_workday_timetable to 2021-01-04 00:00:00+00:00, run_after=2021-01-05 00:00:00+00:00
[2025-03-09T16:19:27.034+0000] {processor.py:208} INFO - Processing /home/airflow/.local/lib/python3.12/site-packages/airflow/example_dags/example_workday_timetable.py took 0.190 seconds
