[2025-03-09T15:46:15.942+0000] {processor.py:186} INFO - Started process (PID=459) to work on /home/airflow/.local/lib/python3.12/site-packages/airflow/example_dags/example_dag_decorator.py
[2025-03-09T15:46:15.942+0000] {processor.py:914} INFO - Processing file /home/airflow/.local/lib/python3.12/site-packages/airflow/example_dags/example_dag_decorator.py for tasks to queue
[2025-03-09T15:46:15.944+0000] {logging_mixin.py:190} INFO - [2025-03-09T15:46:15.944+0000] {dagbag.py:588} INFO - Filling up the DagBag from /home/airflow/.local/lib/python3.12/site-packages/airflow/example_dags/example_dag_decorator.py
[2025-03-09T15:46:16.012+0000] {processor.py:925} INFO - DAG(s) 'example_dag_decorator' retrieved from /home/airflow/.local/lib/python3.12/site-packages/airflow/example_dags/example_dag_decorator.py
[2025-03-09T15:46:16.100+0000] {logging_mixin.py:190} INFO - [2025-03-09T15:46:16.100+0000] {dag.py:3239} INFO - Sync 1 DAGs
[2025-03-09T15:46:16.108+0000] {logging_mixin.py:190} INFO - [2025-03-09T15:46:16.108+0000] {dag.py:4180} INFO - Setting next_dagrun for example_dag_decorator to None, run_after=None
[2025-03-09T15:46:16.126+0000] {processor.py:208} INFO - Processing /home/airflow/.local/lib/python3.12/site-packages/airflow/example_dags/example_dag_decorator.py took 0.188 seconds
[2025-03-09T15:46:47.020+0000] {processor.py:186} INFO - Started process (PID=788) to work on /home/airflow/.local/lib/python3.12/site-packages/airflow/example_dags/example_dag_decorator.py
[2025-03-09T15:46:47.020+0000] {processor.py:914} INFO - Processing file /home/airflow/.local/lib/python3.12/site-packages/airflow/example_dags/example_dag_decorator.py for tasks to queue
[2025-03-09T15:46:47.021+0000] {logging_mixin.py:190} INFO - [2025-03-09T15:46:47.021+0000] {dagbag.py:588} INFO - Filling up the DagBag from /home/airflow/.local/lib/python3.12/site-packages/airflow/example_dags/example_dag_decorator.py
[2025-03-09T15:46:47.080+0000] {processor.py:925} INFO - DAG(s) 'example_dag_decorator' retrieved from /home/airflow/.local/lib/python3.12/site-packages/airflow/example_dags/example_dag_decorator.py
[2025-03-09T15:46:47.157+0000] {logging_mixin.py:190} INFO - [2025-03-09T15:46:47.157+0000] {dag.py:3239} INFO - Sync 1 DAGs
[2025-03-09T15:46:47.164+0000] {logging_mixin.py:190} INFO - [2025-03-09T15:46:47.164+0000] {dag.py:4180} INFO - Setting next_dagrun for example_dag_decorator to None, run_after=None
[2025-03-09T15:46:47.178+0000] {processor.py:208} INFO - Processing /home/airflow/.local/lib/python3.12/site-packages/airflow/example_dags/example_dag_decorator.py took 0.163 seconds
[2025-03-09T15:47:18.364+0000] {processor.py:186} INFO - Started process (PID=1124) to work on /home/airflow/.local/lib/python3.12/site-packages/airflow/example_dags/example_dag_decorator.py
[2025-03-09T15:47:18.365+0000] {processor.py:914} INFO - Processing file /home/airflow/.local/lib/python3.12/site-packages/airflow/example_dags/example_dag_decorator.py for tasks to queue
[2025-03-09T15:47:18.367+0000] {logging_mixin.py:190} INFO - [2025-03-09T15:47:18.367+0000] {dagbag.py:588} INFO - Filling up the DagBag from /home/airflow/.local/lib/python3.12/site-packages/airflow/example_dags/example_dag_decorator.py
[2025-03-09T15:47:18.426+0000] {processor.py:925} INFO - DAG(s) 'example_dag_decorator' retrieved from /home/airflow/.local/lib/python3.12/site-packages/airflow/example_dags/example_dag_decorator.py
[2025-03-09T15:47:18.495+0000] {logging_mixin.py:190} INFO - [2025-03-09T15:47:18.495+0000] {dag.py:3239} INFO - Sync 1 DAGs
[2025-03-09T15:47:18.503+0000] {logging_mixin.py:190} INFO - [2025-03-09T15:47:18.502+0000] {dag.py:4180} INFO - Setting next_dagrun for example_dag_decorator to None, run_after=None
[2025-03-09T15:47:18.517+0000] {processor.py:208} INFO - Processing /home/airflow/.local/lib/python3.12/site-packages/airflow/example_dags/example_dag_decorator.py took 0.161 seconds
[2025-03-09T15:47:49.002+0000] {processor.py:186} INFO - Started process (PID=1435) to work on /home/airflow/.local/lib/python3.12/site-packages/airflow/example_dags/example_dag_decorator.py
[2025-03-09T15:47:49.003+0000] {processor.py:914} INFO - Processing file /home/airflow/.local/lib/python3.12/site-packages/airflow/example_dags/example_dag_decorator.py for tasks to queue
[2025-03-09T15:47:49.004+0000] {logging_mixin.py:190} INFO - [2025-03-09T15:47:49.004+0000] {dagbag.py:588} INFO - Filling up the DagBag from /home/airflow/.local/lib/python3.12/site-packages/airflow/example_dags/example_dag_decorator.py
[2025-03-09T15:47:49.063+0000] {processor.py:925} INFO - DAG(s) 'example_dag_decorator' retrieved from /home/airflow/.local/lib/python3.12/site-packages/airflow/example_dags/example_dag_decorator.py
[2025-03-09T15:47:49.138+0000] {logging_mixin.py:190} INFO - [2025-03-09T15:47:49.138+0000] {dag.py:3239} INFO - Sync 1 DAGs
[2025-03-09T15:47:49.146+0000] {logging_mixin.py:190} INFO - [2025-03-09T15:47:49.146+0000] {dag.py:4180} INFO - Setting next_dagrun for example_dag_decorator to None, run_after=None
[2025-03-09T15:47:49.158+0000] {processor.py:208} INFO - Processing /home/airflow/.local/lib/python3.12/site-packages/airflow/example_dags/example_dag_decorator.py took 0.161 seconds
[2025-03-09T15:48:19.915+0000] {processor.py:186} INFO - Started process (PID=1761) to work on /home/airflow/.local/lib/python3.12/site-packages/airflow/example_dags/example_dag_decorator.py
[2025-03-09T15:48:19.915+0000] {processor.py:914} INFO - Processing file /home/airflow/.local/lib/python3.12/site-packages/airflow/example_dags/example_dag_decorator.py for tasks to queue
[2025-03-09T15:48:19.916+0000] {logging_mixin.py:190} INFO - [2025-03-09T15:48:19.916+0000] {dagbag.py:588} INFO - Filling up the DagBag from /home/airflow/.local/lib/python3.12/site-packages/airflow/example_dags/example_dag_decorator.py
[2025-03-09T15:48:19.976+0000] {processor.py:925} INFO - DAG(s) 'example_dag_decorator' retrieved from /home/airflow/.local/lib/python3.12/site-packages/airflow/example_dags/example_dag_decorator.py
[2025-03-09T15:48:20.044+0000] {logging_mixin.py:190} INFO - [2025-03-09T15:48:20.044+0000] {dag.py:3239} INFO - Sync 1 DAGs
[2025-03-09T15:48:20.051+0000] {logging_mixin.py:190} INFO - [2025-03-09T15:48:20.051+0000] {dag.py:4180} INFO - Setting next_dagrun for example_dag_decorator to None, run_after=None
[2025-03-09T15:48:20.064+0000] {processor.py:208} INFO - Processing /home/airflow/.local/lib/python3.12/site-packages/airflow/example_dags/example_dag_decorator.py took 0.153 seconds
[2025-03-09T15:48:50.857+0000] {processor.py:186} INFO - Started process (PID=2087) to work on /home/airflow/.local/lib/python3.12/site-packages/airflow/example_dags/example_dag_decorator.py
[2025-03-09T15:48:50.858+0000] {processor.py:914} INFO - Processing file /home/airflow/.local/lib/python3.12/site-packages/airflow/example_dags/example_dag_decorator.py for tasks to queue
[2025-03-09T15:48:50.859+0000] {logging_mixin.py:190} INFO - [2025-03-09T15:48:50.859+0000] {dagbag.py:588} INFO - Filling up the DagBag from /home/airflow/.local/lib/python3.12/site-packages/airflow/example_dags/example_dag_decorator.py
[2025-03-09T15:48:50.918+0000] {processor.py:925} INFO - DAG(s) 'example_dag_decorator' retrieved from /home/airflow/.local/lib/python3.12/site-packages/airflow/example_dags/example_dag_decorator.py
[2025-03-09T15:48:50.993+0000] {logging_mixin.py:190} INFO - [2025-03-09T15:48:50.993+0000] {dag.py:3239} INFO - Sync 1 DAGs
[2025-03-09T15:48:51.001+0000] {logging_mixin.py:190} INFO - [2025-03-09T15:48:51.001+0000] {dag.py:4180} INFO - Setting next_dagrun for example_dag_decorator to None, run_after=None
[2025-03-09T15:48:51.017+0000] {processor.py:208} INFO - Processing /home/airflow/.local/lib/python3.12/site-packages/airflow/example_dags/example_dag_decorator.py took 0.164 seconds
[2025-03-09T15:49:21.551+0000] {processor.py:186} INFO - Started process (PID=2413) to work on /home/airflow/.local/lib/python3.12/site-packages/airflow/example_dags/example_dag_decorator.py
[2025-03-09T15:49:21.551+0000] {processor.py:914} INFO - Processing file /home/airflow/.local/lib/python3.12/site-packages/airflow/example_dags/example_dag_decorator.py for tasks to queue
[2025-03-09T15:49:21.552+0000] {logging_mixin.py:190} INFO - [2025-03-09T15:49:21.552+0000] {dagbag.py:588} INFO - Filling up the DagBag from /home/airflow/.local/lib/python3.12/site-packages/airflow/example_dags/example_dag_decorator.py
[2025-03-09T15:49:21.613+0000] {processor.py:925} INFO - DAG(s) 'example_dag_decorator' retrieved from /home/airflow/.local/lib/python3.12/site-packages/airflow/example_dags/example_dag_decorator.py
[2025-03-09T15:49:21.683+0000] {logging_mixin.py:190} INFO - [2025-03-09T15:49:21.683+0000] {dag.py:3239} INFO - Sync 1 DAGs
[2025-03-09T15:49:21.689+0000] {logging_mixin.py:190} INFO - [2025-03-09T15:49:21.689+0000] {dag.py:4180} INFO - Setting next_dagrun for example_dag_decorator to None, run_after=None
[2025-03-09T15:49:21.702+0000] {processor.py:208} INFO - Processing /home/airflow/.local/lib/python3.12/site-packages/airflow/example_dags/example_dag_decorator.py took 0.154 seconds
[2025-03-09T15:49:52.572+0000] {processor.py:186} INFO - Started process (PID=2739) to work on /home/airflow/.local/lib/python3.12/site-packages/airflow/example_dags/example_dag_decorator.py
[2025-03-09T15:49:52.573+0000] {processor.py:914} INFO - Processing file /home/airflow/.local/lib/python3.12/site-packages/airflow/example_dags/example_dag_decorator.py for tasks to queue
[2025-03-09T15:49:52.574+0000] {logging_mixin.py:190} INFO - [2025-03-09T15:49:52.574+0000] {dagbag.py:588} INFO - Filling up the DagBag from /home/airflow/.local/lib/python3.12/site-packages/airflow/example_dags/example_dag_decorator.py
[2025-03-09T15:49:52.637+0000] {processor.py:925} INFO - DAG(s) 'example_dag_decorator' retrieved from /home/airflow/.local/lib/python3.12/site-packages/airflow/example_dags/example_dag_decorator.py
[2025-03-09T15:49:52.713+0000] {logging_mixin.py:190} INFO - [2025-03-09T15:49:52.713+0000] {dag.py:3239} INFO - Sync 1 DAGs
[2025-03-09T15:49:52.720+0000] {logging_mixin.py:190} INFO - [2025-03-09T15:49:52.720+0000] {dag.py:4180} INFO - Setting next_dagrun for example_dag_decorator to None, run_after=None
[2025-03-09T15:49:52.735+0000] {processor.py:208} INFO - Processing /home/airflow/.local/lib/python3.12/site-packages/airflow/example_dags/example_dag_decorator.py took 0.167 seconds
[2025-03-09T15:50:23.449+0000] {processor.py:186} INFO - Started process (PID=3065) to work on /home/airflow/.local/lib/python3.12/site-packages/airflow/example_dags/example_dag_decorator.py
[2025-03-09T15:50:23.449+0000] {processor.py:914} INFO - Processing file /home/airflow/.local/lib/python3.12/site-packages/airflow/example_dags/example_dag_decorator.py for tasks to queue
[2025-03-09T15:50:23.450+0000] {logging_mixin.py:190} INFO - [2025-03-09T15:50:23.450+0000] {dagbag.py:588} INFO - Filling up the DagBag from /home/airflow/.local/lib/python3.12/site-packages/airflow/example_dags/example_dag_decorator.py
[2025-03-09T15:50:23.509+0000] {processor.py:925} INFO - DAG(s) 'example_dag_decorator' retrieved from /home/airflow/.local/lib/python3.12/site-packages/airflow/example_dags/example_dag_decorator.py
[2025-03-09T15:50:23.592+0000] {logging_mixin.py:190} INFO - [2025-03-09T15:50:23.592+0000] {dag.py:3239} INFO - Sync 1 DAGs
[2025-03-09T15:50:23.600+0000] {logging_mixin.py:190} INFO - [2025-03-09T15:50:23.599+0000] {dag.py:4180} INFO - Setting next_dagrun for example_dag_decorator to None, run_after=None
[2025-03-09T15:50:23.618+0000] {processor.py:208} INFO - Processing /home/airflow/.local/lib/python3.12/site-packages/airflow/example_dags/example_dag_decorator.py took 0.173 seconds
[2025-03-09T15:50:54.459+0000] {processor.py:186} INFO - Started process (PID=3391) to work on /home/airflow/.local/lib/python3.12/site-packages/airflow/example_dags/example_dag_decorator.py
[2025-03-09T15:50:54.459+0000] {processor.py:914} INFO - Processing file /home/airflow/.local/lib/python3.12/site-packages/airflow/example_dags/example_dag_decorator.py for tasks to queue
[2025-03-09T15:50:54.460+0000] {logging_mixin.py:190} INFO - [2025-03-09T15:50:54.460+0000] {dagbag.py:588} INFO - Filling up the DagBag from /home/airflow/.local/lib/python3.12/site-packages/airflow/example_dags/example_dag_decorator.py
[2025-03-09T15:50:54.518+0000] {processor.py:925} INFO - DAG(s) 'example_dag_decorator' retrieved from /home/airflow/.local/lib/python3.12/site-packages/airflow/example_dags/example_dag_decorator.py
[2025-03-09T15:50:54.592+0000] {logging_mixin.py:190} INFO - [2025-03-09T15:50:54.591+0000] {dag.py:3239} INFO - Sync 1 DAGs
[2025-03-09T15:50:54.603+0000] {logging_mixin.py:190} INFO - [2025-03-09T15:50:54.603+0000] {dag.py:4180} INFO - Setting next_dagrun for example_dag_decorator to None, run_after=None
[2025-03-09T15:50:54.620+0000] {processor.py:208} INFO - Processing /home/airflow/.local/lib/python3.12/site-packages/airflow/example_dags/example_dag_decorator.py took 0.164 seconds
[2025-03-09T15:51:25.305+0000] {processor.py:186} INFO - Started process (PID=3717) to work on /home/airflow/.local/lib/python3.12/site-packages/airflow/example_dags/example_dag_decorator.py
[2025-03-09T15:51:25.305+0000] {processor.py:914} INFO - Processing file /home/airflow/.local/lib/python3.12/site-packages/airflow/example_dags/example_dag_decorator.py for tasks to queue
[2025-03-09T15:51:25.307+0000] {logging_mixin.py:190} INFO - [2025-03-09T15:51:25.306+0000] {dagbag.py:588} INFO - Filling up the DagBag from /home/airflow/.local/lib/python3.12/site-packages/airflow/example_dags/example_dag_decorator.py
[2025-03-09T15:51:25.368+0000] {processor.py:925} INFO - DAG(s) 'example_dag_decorator' retrieved from /home/airflow/.local/lib/python3.12/site-packages/airflow/example_dags/example_dag_decorator.py
[2025-03-09T15:51:25.438+0000] {logging_mixin.py:190} INFO - [2025-03-09T15:51:25.437+0000] {dag.py:3239} INFO - Sync 1 DAGs
[2025-03-09T15:51:25.445+0000] {logging_mixin.py:190} INFO - [2025-03-09T15:51:25.445+0000] {dag.py:4180} INFO - Setting next_dagrun for example_dag_decorator to None, run_after=None
[2025-03-09T15:51:25.458+0000] {processor.py:208} INFO - Processing /home/airflow/.local/lib/python3.12/site-packages/airflow/example_dags/example_dag_decorator.py took 0.156 seconds
[2025-03-09T15:51:56.381+0000] {processor.py:186} INFO - Started process (PID=4043) to work on /home/airflow/.local/lib/python3.12/site-packages/airflow/example_dags/example_dag_decorator.py
[2025-03-09T15:51:56.381+0000] {processor.py:914} INFO - Processing file /home/airflow/.local/lib/python3.12/site-packages/airflow/example_dags/example_dag_decorator.py for tasks to queue
[2025-03-09T15:51:56.383+0000] {logging_mixin.py:190} INFO - [2025-03-09T15:51:56.382+0000] {dagbag.py:588} INFO - Filling up the DagBag from /home/airflow/.local/lib/python3.12/site-packages/airflow/example_dags/example_dag_decorator.py
[2025-03-09T15:51:56.442+0000] {processor.py:925} INFO - DAG(s) 'example_dag_decorator' retrieved from /home/airflow/.local/lib/python3.12/site-packages/airflow/example_dags/example_dag_decorator.py
[2025-03-09T15:51:56.515+0000] {logging_mixin.py:190} INFO - [2025-03-09T15:51:56.515+0000] {dag.py:3239} INFO - Sync 1 DAGs
[2025-03-09T15:51:56.524+0000] {logging_mixin.py:190} INFO - [2025-03-09T15:51:56.524+0000] {dag.py:4180} INFO - Setting next_dagrun for example_dag_decorator to None, run_after=None
[2025-03-09T15:51:56.538+0000] {processor.py:208} INFO - Processing /home/airflow/.local/lib/python3.12/site-packages/airflow/example_dags/example_dag_decorator.py took 0.161 seconds
[2025-03-09T15:52:27.108+0000] {processor.py:186} INFO - Started process (PID=4371) to work on /home/airflow/.local/lib/python3.12/site-packages/airflow/example_dags/example_dag_decorator.py
[2025-03-09T15:52:27.108+0000] {processor.py:914} INFO - Processing file /home/airflow/.local/lib/python3.12/site-packages/airflow/example_dags/example_dag_decorator.py for tasks to queue
[2025-03-09T15:52:27.110+0000] {logging_mixin.py:190} INFO - [2025-03-09T15:52:27.109+0000] {dagbag.py:588} INFO - Filling up the DagBag from /home/airflow/.local/lib/python3.12/site-packages/airflow/example_dags/example_dag_decorator.py
[2025-03-09T15:52:27.166+0000] {processor.py:925} INFO - DAG(s) 'example_dag_decorator' retrieved from /home/airflow/.local/lib/python3.12/site-packages/airflow/example_dags/example_dag_decorator.py
[2025-03-09T15:52:27.249+0000] {logging_mixin.py:190} INFO - [2025-03-09T15:52:27.249+0000] {dag.py:3239} INFO - Sync 1 DAGs
[2025-03-09T15:52:27.256+0000] {logging_mixin.py:190} INFO - [2025-03-09T15:52:27.256+0000] {dag.py:4180} INFO - Setting next_dagrun for example_dag_decorator to None, run_after=None
[2025-03-09T15:52:27.282+0000] {processor.py:208} INFO - Processing /home/airflow/.local/lib/python3.12/site-packages/airflow/example_dags/example_dag_decorator.py took 0.179 seconds
[2025-03-09T15:52:57.754+0000] {processor.py:186} INFO - Started process (PID=4695) to work on /home/airflow/.local/lib/python3.12/site-packages/airflow/example_dags/example_dag_decorator.py
[2025-03-09T15:52:57.755+0000] {processor.py:914} INFO - Processing file /home/airflow/.local/lib/python3.12/site-packages/airflow/example_dags/example_dag_decorator.py for tasks to queue
[2025-03-09T15:52:57.756+0000] {logging_mixin.py:190} INFO - [2025-03-09T15:52:57.755+0000] {dagbag.py:588} INFO - Filling up the DagBag from /home/airflow/.local/lib/python3.12/site-packages/airflow/example_dags/example_dag_decorator.py
[2025-03-09T15:52:57.814+0000] {processor.py:925} INFO - DAG(s) 'example_dag_decorator' retrieved from /home/airflow/.local/lib/python3.12/site-packages/airflow/example_dags/example_dag_decorator.py
[2025-03-09T15:52:57.885+0000] {logging_mixin.py:190} INFO - [2025-03-09T15:52:57.885+0000] {dag.py:3239} INFO - Sync 1 DAGs
[2025-03-09T15:52:57.893+0000] {logging_mixin.py:190} INFO - [2025-03-09T15:52:57.893+0000] {dag.py:4180} INFO - Setting next_dagrun for example_dag_decorator to None, run_after=None
[2025-03-09T15:52:57.911+0000] {processor.py:208} INFO - Processing /home/airflow/.local/lib/python3.12/site-packages/airflow/example_dags/example_dag_decorator.py took 0.161 seconds
[2025-03-09T15:53:28.475+0000] {processor.py:186} INFO - Started process (PID=5021) to work on /home/airflow/.local/lib/python3.12/site-packages/airflow/example_dags/example_dag_decorator.py
[2025-03-09T15:53:28.476+0000] {processor.py:914} INFO - Processing file /home/airflow/.local/lib/python3.12/site-packages/airflow/example_dags/example_dag_decorator.py for tasks to queue
[2025-03-09T15:53:28.477+0000] {logging_mixin.py:190} INFO - [2025-03-09T15:53:28.477+0000] {dagbag.py:588} INFO - Filling up the DagBag from /home/airflow/.local/lib/python3.12/site-packages/airflow/example_dags/example_dag_decorator.py
[2025-03-09T15:53:28.536+0000] {processor.py:925} INFO - DAG(s) 'example_dag_decorator' retrieved from /home/airflow/.local/lib/python3.12/site-packages/airflow/example_dags/example_dag_decorator.py
[2025-03-09T15:53:28.620+0000] {logging_mixin.py:190} INFO - [2025-03-09T15:53:28.620+0000] {dag.py:3239} INFO - Sync 1 DAGs
[2025-03-09T15:53:28.629+0000] {logging_mixin.py:190} INFO - [2025-03-09T15:53:28.629+0000] {dag.py:4180} INFO - Setting next_dagrun for example_dag_decorator to None, run_after=None
[2025-03-09T15:53:28.644+0000] {processor.py:208} INFO - Processing /home/airflow/.local/lib/python3.12/site-packages/airflow/example_dags/example_dag_decorator.py took 0.172 seconds
[2025-03-09T15:53:59.242+0000] {processor.py:186} INFO - Started process (PID=5346) to work on /home/airflow/.local/lib/python3.12/site-packages/airflow/example_dags/example_dag_decorator.py
[2025-03-09T15:53:59.243+0000] {processor.py:914} INFO - Processing file /home/airflow/.local/lib/python3.12/site-packages/airflow/example_dags/example_dag_decorator.py for tasks to queue
[2025-03-09T15:53:59.244+0000] {logging_mixin.py:190} INFO - [2025-03-09T15:53:59.244+0000] {dagbag.py:588} INFO - Filling up the DagBag from /home/airflow/.local/lib/python3.12/site-packages/airflow/example_dags/example_dag_decorator.py
[2025-03-09T15:53:59.304+0000] {processor.py:925} INFO - DAG(s) 'example_dag_decorator' retrieved from /home/airflow/.local/lib/python3.12/site-packages/airflow/example_dags/example_dag_decorator.py
[2025-03-09T15:53:59.377+0000] {logging_mixin.py:190} INFO - [2025-03-09T15:53:59.377+0000] {dag.py:3239} INFO - Sync 1 DAGs
[2025-03-09T15:53:59.387+0000] {logging_mixin.py:190} INFO - [2025-03-09T15:53:59.386+0000] {dag.py:4180} INFO - Setting next_dagrun for example_dag_decorator to None, run_after=None
[2025-03-09T15:53:59.399+0000] {processor.py:208} INFO - Processing /home/airflow/.local/lib/python3.12/site-packages/airflow/example_dags/example_dag_decorator.py took 0.160 seconds
[2025-03-09T15:54:30.036+0000] {processor.py:186} INFO - Started process (PID=5672) to work on /home/airflow/.local/lib/python3.12/site-packages/airflow/example_dags/example_dag_decorator.py
[2025-03-09T15:54:30.036+0000] {processor.py:914} INFO - Processing file /home/airflow/.local/lib/python3.12/site-packages/airflow/example_dags/example_dag_decorator.py for tasks to queue
[2025-03-09T15:54:30.038+0000] {logging_mixin.py:190} INFO - [2025-03-09T15:54:30.037+0000] {dagbag.py:588} INFO - Filling up the DagBag from /home/airflow/.local/lib/python3.12/site-packages/airflow/example_dags/example_dag_decorator.py
[2025-03-09T15:54:30.103+0000] {processor.py:925} INFO - DAG(s) 'example_dag_decorator' retrieved from /home/airflow/.local/lib/python3.12/site-packages/airflow/example_dags/example_dag_decorator.py
[2025-03-09T15:54:30.199+0000] {logging_mixin.py:190} INFO - [2025-03-09T15:54:30.199+0000] {dag.py:3239} INFO - Sync 1 DAGs
[2025-03-09T15:54:30.208+0000] {logging_mixin.py:190} INFO - [2025-03-09T15:54:30.208+0000] {dag.py:4180} INFO - Setting next_dagrun for example_dag_decorator to None, run_after=None
[2025-03-09T15:54:30.223+0000] {processor.py:208} INFO - Processing /home/airflow/.local/lib/python3.12/site-packages/airflow/example_dags/example_dag_decorator.py took 0.192 seconds
[2025-03-09T15:55:00.650+0000] {processor.py:186} INFO - Started process (PID=5998) to work on /home/airflow/.local/lib/python3.12/site-packages/airflow/example_dags/example_dag_decorator.py
[2025-03-09T15:55:00.650+0000] {processor.py:914} INFO - Processing file /home/airflow/.local/lib/python3.12/site-packages/airflow/example_dags/example_dag_decorator.py for tasks to queue
[2025-03-09T15:55:00.651+0000] {logging_mixin.py:190} INFO - [2025-03-09T15:55:00.651+0000] {dagbag.py:588} INFO - Filling up the DagBag from /home/airflow/.local/lib/python3.12/site-packages/airflow/example_dags/example_dag_decorator.py
[2025-03-09T15:55:00.708+0000] {processor.py:925} INFO - DAG(s) 'example_dag_decorator' retrieved from /home/airflow/.local/lib/python3.12/site-packages/airflow/example_dags/example_dag_decorator.py
[2025-03-09T15:55:00.779+0000] {logging_mixin.py:190} INFO - [2025-03-09T15:55:00.779+0000] {dag.py:3239} INFO - Sync 1 DAGs
[2025-03-09T15:55:00.787+0000] {logging_mixin.py:190} INFO - [2025-03-09T15:55:00.786+0000] {dag.py:4180} INFO - Setting next_dagrun for example_dag_decorator to None, run_after=None
[2025-03-09T15:55:00.812+0000] {processor.py:208} INFO - Processing /home/airflow/.local/lib/python3.12/site-packages/airflow/example_dags/example_dag_decorator.py took 0.166 seconds
[2025-03-09T15:55:31.840+0000] {processor.py:186} INFO - Started process (PID=6324) to work on /home/airflow/.local/lib/python3.12/site-packages/airflow/example_dags/example_dag_decorator.py
[2025-03-09T15:55:31.840+0000] {processor.py:914} INFO - Processing file /home/airflow/.local/lib/python3.12/site-packages/airflow/example_dags/example_dag_decorator.py for tasks to queue
[2025-03-09T15:55:31.842+0000] {logging_mixin.py:190} INFO - [2025-03-09T15:55:31.842+0000] {dagbag.py:588} INFO - Filling up the DagBag from /home/airflow/.local/lib/python3.12/site-packages/airflow/example_dags/example_dag_decorator.py
[2025-03-09T15:55:31.899+0000] {processor.py:925} INFO - DAG(s) 'example_dag_decorator' retrieved from /home/airflow/.local/lib/python3.12/site-packages/airflow/example_dags/example_dag_decorator.py
[2025-03-09T15:55:31.970+0000] {logging_mixin.py:190} INFO - [2025-03-09T15:55:31.970+0000] {dag.py:3239} INFO - Sync 1 DAGs
[2025-03-09T15:55:31.979+0000] {logging_mixin.py:190} INFO - [2025-03-09T15:55:31.978+0000] {dag.py:4180} INFO - Setting next_dagrun for example_dag_decorator to None, run_after=None
[2025-03-09T15:55:31.993+0000] {processor.py:208} INFO - Processing /home/airflow/.local/lib/python3.12/site-packages/airflow/example_dags/example_dag_decorator.py took 0.157 seconds
[2025-03-09T15:56:02.439+0000] {processor.py:186} INFO - Started process (PID=6650) to work on /home/airflow/.local/lib/python3.12/site-packages/airflow/example_dags/example_dag_decorator.py
[2025-03-09T15:56:02.440+0000] {processor.py:914} INFO - Processing file /home/airflow/.local/lib/python3.12/site-packages/airflow/example_dags/example_dag_decorator.py for tasks to queue
[2025-03-09T15:56:02.441+0000] {logging_mixin.py:190} INFO - [2025-03-09T15:56:02.441+0000] {dagbag.py:588} INFO - Filling up the DagBag from /home/airflow/.local/lib/python3.12/site-packages/airflow/example_dags/example_dag_decorator.py
[2025-03-09T15:56:02.499+0000] {processor.py:925} INFO - DAG(s) 'example_dag_decorator' retrieved from /home/airflow/.local/lib/python3.12/site-packages/airflow/example_dags/example_dag_decorator.py
[2025-03-09T15:56:02.566+0000] {logging_mixin.py:190} INFO - [2025-03-09T15:56:02.566+0000] {dag.py:3239} INFO - Sync 1 DAGs
[2025-03-09T15:56:02.574+0000] {logging_mixin.py:190} INFO - [2025-03-09T15:56:02.574+0000] {dag.py:4180} INFO - Setting next_dagrun for example_dag_decorator to None, run_after=None
[2025-03-09T15:56:02.587+0000] {processor.py:208} INFO - Processing /home/airflow/.local/lib/python3.12/site-packages/airflow/example_dags/example_dag_decorator.py took 0.154 seconds
[2025-03-09T15:56:33.403+0000] {processor.py:186} INFO - Started process (PID=6976) to work on /home/airflow/.local/lib/python3.12/site-packages/airflow/example_dags/example_dag_decorator.py
[2025-03-09T15:56:33.404+0000] {processor.py:914} INFO - Processing file /home/airflow/.local/lib/python3.12/site-packages/airflow/example_dags/example_dag_decorator.py for tasks to queue
[2025-03-09T15:56:33.405+0000] {logging_mixin.py:190} INFO - [2025-03-09T15:56:33.405+0000] {dagbag.py:588} INFO - Filling up the DagBag from /home/airflow/.local/lib/python3.12/site-packages/airflow/example_dags/example_dag_decorator.py
[2025-03-09T15:56:33.463+0000] {processor.py:925} INFO - DAG(s) 'example_dag_decorator' retrieved from /home/airflow/.local/lib/python3.12/site-packages/airflow/example_dags/example_dag_decorator.py
[2025-03-09T15:56:33.536+0000] {logging_mixin.py:190} INFO - [2025-03-09T15:56:33.535+0000] {dag.py:3239} INFO - Sync 1 DAGs
[2025-03-09T15:56:33.544+0000] {logging_mixin.py:190} INFO - [2025-03-09T15:56:33.543+0000] {dag.py:4180} INFO - Setting next_dagrun for example_dag_decorator to None, run_after=None
[2025-03-09T15:56:33.556+0000] {processor.py:208} INFO - Processing /home/airflow/.local/lib/python3.12/site-packages/airflow/example_dags/example_dag_decorator.py took 0.158 seconds
[2025-03-09T15:57:04.259+0000] {processor.py:186} INFO - Started process (PID=7302) to work on /home/airflow/.local/lib/python3.12/site-packages/airflow/example_dags/example_dag_decorator.py
[2025-03-09T15:57:04.260+0000] {processor.py:914} INFO - Processing file /home/airflow/.local/lib/python3.12/site-packages/airflow/example_dags/example_dag_decorator.py for tasks to queue
[2025-03-09T15:57:04.261+0000] {logging_mixin.py:190} INFO - [2025-03-09T15:57:04.260+0000] {dagbag.py:588} INFO - Filling up the DagBag from /home/airflow/.local/lib/python3.12/site-packages/airflow/example_dags/example_dag_decorator.py
[2025-03-09T15:57:04.322+0000] {processor.py:925} INFO - DAG(s) 'example_dag_decorator' retrieved from /home/airflow/.local/lib/python3.12/site-packages/airflow/example_dags/example_dag_decorator.py
[2025-03-09T15:57:04.397+0000] {logging_mixin.py:190} INFO - [2025-03-09T15:57:04.397+0000] {dag.py:3239} INFO - Sync 1 DAGs
[2025-03-09T15:57:04.406+0000] {logging_mixin.py:190} INFO - [2025-03-09T15:57:04.405+0000] {dag.py:4180} INFO - Setting next_dagrun for example_dag_decorator to None, run_after=None
[2025-03-09T15:57:04.435+0000] {processor.py:208} INFO - Processing /home/airflow/.local/lib/python3.12/site-packages/airflow/example_dags/example_dag_decorator.py took 0.181 seconds
[2025-03-09T15:57:35.330+0000] {processor.py:186} INFO - Started process (PID=7628) to work on /home/airflow/.local/lib/python3.12/site-packages/airflow/example_dags/example_dag_decorator.py
[2025-03-09T15:57:35.332+0000] {processor.py:914} INFO - Processing file /home/airflow/.local/lib/python3.12/site-packages/airflow/example_dags/example_dag_decorator.py for tasks to queue
[2025-03-09T15:57:35.333+0000] {logging_mixin.py:190} INFO - [2025-03-09T15:57:35.333+0000] {dagbag.py:588} INFO - Filling up the DagBag from /home/airflow/.local/lib/python3.12/site-packages/airflow/example_dags/example_dag_decorator.py
[2025-03-09T15:57:35.390+0000] {processor.py:925} INFO - DAG(s) 'example_dag_decorator' retrieved from /home/airflow/.local/lib/python3.12/site-packages/airflow/example_dags/example_dag_decorator.py
[2025-03-09T15:57:35.458+0000] {logging_mixin.py:190} INFO - [2025-03-09T15:57:35.458+0000] {dag.py:3239} INFO - Sync 1 DAGs
[2025-03-09T15:57:35.467+0000] {logging_mixin.py:190} INFO - [2025-03-09T15:57:35.467+0000] {dag.py:4180} INFO - Setting next_dagrun for example_dag_decorator to None, run_after=None
[2025-03-09T15:57:35.481+0000] {processor.py:208} INFO - Processing /home/airflow/.local/lib/python3.12/site-packages/airflow/example_dags/example_dag_decorator.py took 0.154 seconds
[2025-03-09T15:58:06.196+0000] {processor.py:186} INFO - Started process (PID=7954) to work on /home/airflow/.local/lib/python3.12/site-packages/airflow/example_dags/example_dag_decorator.py
[2025-03-09T15:58:06.197+0000] {processor.py:914} INFO - Processing file /home/airflow/.local/lib/python3.12/site-packages/airflow/example_dags/example_dag_decorator.py for tasks to queue
[2025-03-09T15:58:06.199+0000] {logging_mixin.py:190} INFO - [2025-03-09T15:58:06.198+0000] {dagbag.py:588} INFO - Filling up the DagBag from /home/airflow/.local/lib/python3.12/site-packages/airflow/example_dags/example_dag_decorator.py
[2025-03-09T15:58:06.257+0000] {processor.py:925} INFO - DAG(s) 'example_dag_decorator' retrieved from /home/airflow/.local/lib/python3.12/site-packages/airflow/example_dags/example_dag_decorator.py
[2025-03-09T15:58:06.343+0000] {logging_mixin.py:190} INFO - [2025-03-09T15:58:06.343+0000] {dag.py:3239} INFO - Sync 1 DAGs
[2025-03-09T15:58:06.353+0000] {logging_mixin.py:190} INFO - [2025-03-09T15:58:06.353+0000] {dag.py:4180} INFO - Setting next_dagrun for example_dag_decorator to None, run_after=None
[2025-03-09T15:58:06.366+0000] {processor.py:208} INFO - Processing /home/airflow/.local/lib/python3.12/site-packages/airflow/example_dags/example_dag_decorator.py took 0.176 seconds
[2025-03-09T15:58:37.290+0000] {processor.py:186} INFO - Started process (PID=8280) to work on /home/airflow/.local/lib/python3.12/site-packages/airflow/example_dags/example_dag_decorator.py
[2025-03-09T15:58:37.290+0000] {processor.py:914} INFO - Processing file /home/airflow/.local/lib/python3.12/site-packages/airflow/example_dags/example_dag_decorator.py for tasks to queue
[2025-03-09T15:58:37.292+0000] {logging_mixin.py:190} INFO - [2025-03-09T15:58:37.291+0000] {dagbag.py:588} INFO - Filling up the DagBag from /home/airflow/.local/lib/python3.12/site-packages/airflow/example_dags/example_dag_decorator.py
[2025-03-09T15:58:37.351+0000] {processor.py:925} INFO - DAG(s) 'example_dag_decorator' retrieved from /home/airflow/.local/lib/python3.12/site-packages/airflow/example_dags/example_dag_decorator.py
[2025-03-09T15:58:37.422+0000] {logging_mixin.py:190} INFO - [2025-03-09T15:58:37.422+0000] {dag.py:3239} INFO - Sync 1 DAGs
[2025-03-09T15:58:37.429+0000] {logging_mixin.py:190} INFO - [2025-03-09T15:58:37.429+0000] {dag.py:4180} INFO - Setting next_dagrun for example_dag_decorator to None, run_after=None
[2025-03-09T15:58:37.455+0000] {processor.py:208} INFO - Processing /home/airflow/.local/lib/python3.12/site-packages/airflow/example_dags/example_dag_decorator.py took 0.168 seconds
[2025-03-09T15:59:08.663+0000] {processor.py:186} INFO - Started process (PID=8608) to work on /home/airflow/.local/lib/python3.12/site-packages/airflow/example_dags/example_dag_decorator.py
[2025-03-09T15:59:08.663+0000] {processor.py:914} INFO - Processing file /home/airflow/.local/lib/python3.12/site-packages/airflow/example_dags/example_dag_decorator.py for tasks to queue
[2025-03-09T15:59:08.664+0000] {logging_mixin.py:190} INFO - [2025-03-09T15:59:08.664+0000] {dagbag.py:588} INFO - Filling up the DagBag from /home/airflow/.local/lib/python3.12/site-packages/airflow/example_dags/example_dag_decorator.py
[2025-03-09T15:59:08.722+0000] {processor.py:925} INFO - DAG(s) 'example_dag_decorator' retrieved from /home/airflow/.local/lib/python3.12/site-packages/airflow/example_dags/example_dag_decorator.py
[2025-03-09T15:59:08.790+0000] {logging_mixin.py:190} INFO - [2025-03-09T15:59:08.790+0000] {dag.py:3239} INFO - Sync 1 DAGs
[2025-03-09T15:59:08.798+0000] {logging_mixin.py:190} INFO - [2025-03-09T15:59:08.798+0000] {dag.py:4180} INFO - Setting next_dagrun for example_dag_decorator to None, run_after=None
[2025-03-09T15:59:08.819+0000] {processor.py:208} INFO - Processing /home/airflow/.local/lib/python3.12/site-packages/airflow/example_dags/example_dag_decorator.py took 0.160 seconds
[2025-03-09T15:59:39.530+0000] {processor.py:186} INFO - Started process (PID=8932) to work on /home/airflow/.local/lib/python3.12/site-packages/airflow/example_dags/example_dag_decorator.py
[2025-03-09T15:59:39.531+0000] {processor.py:914} INFO - Processing file /home/airflow/.local/lib/python3.12/site-packages/airflow/example_dags/example_dag_decorator.py for tasks to queue
[2025-03-09T15:59:39.532+0000] {logging_mixin.py:190} INFO - [2025-03-09T15:59:39.532+0000] {dagbag.py:588} INFO - Filling up the DagBag from /home/airflow/.local/lib/python3.12/site-packages/airflow/example_dags/example_dag_decorator.py
[2025-03-09T15:59:39.596+0000] {processor.py:925} INFO - DAG(s) 'example_dag_decorator' retrieved from /home/airflow/.local/lib/python3.12/site-packages/airflow/example_dags/example_dag_decorator.py
[2025-03-09T15:59:39.670+0000] {logging_mixin.py:190} INFO - [2025-03-09T15:59:39.670+0000] {dag.py:3239} INFO - Sync 1 DAGs
[2025-03-09T15:59:39.677+0000] {logging_mixin.py:190} INFO - [2025-03-09T15:59:39.677+0000] {dag.py:4180} INFO - Setting next_dagrun for example_dag_decorator to None, run_after=None
[2025-03-09T15:59:39.693+0000] {processor.py:208} INFO - Processing /home/airflow/.local/lib/python3.12/site-packages/airflow/example_dags/example_dag_decorator.py took 0.167 seconds
[2025-03-09T16:00:10.019+0000] {processor.py:186} INFO - Started process (PID=9258) to work on /home/airflow/.local/lib/python3.12/site-packages/airflow/example_dags/example_dag_decorator.py
[2025-03-09T16:00:10.019+0000] {processor.py:914} INFO - Processing file /home/airflow/.local/lib/python3.12/site-packages/airflow/example_dags/example_dag_decorator.py for tasks to queue
[2025-03-09T16:00:10.021+0000] {logging_mixin.py:190} INFO - [2025-03-09T16:00:10.020+0000] {dagbag.py:588} INFO - Filling up the DagBag from /home/airflow/.local/lib/python3.12/site-packages/airflow/example_dags/example_dag_decorator.py
[2025-03-09T16:00:10.081+0000] {processor.py:925} INFO - DAG(s) 'example_dag_decorator' retrieved from /home/airflow/.local/lib/python3.12/site-packages/airflow/example_dags/example_dag_decorator.py
[2025-03-09T16:00:10.152+0000] {logging_mixin.py:190} INFO - [2025-03-09T16:00:10.152+0000] {dag.py:3239} INFO - Sync 1 DAGs
[2025-03-09T16:00:10.160+0000] {logging_mixin.py:190} INFO - [2025-03-09T16:00:10.159+0000] {dag.py:4180} INFO - Setting next_dagrun for example_dag_decorator to None, run_after=None
[2025-03-09T16:00:10.173+0000] {processor.py:208} INFO - Processing /home/airflow/.local/lib/python3.12/site-packages/airflow/example_dags/example_dag_decorator.py took 0.158 seconds
[2025-03-09T16:00:40.725+0000] {processor.py:186} INFO - Started process (PID=9586) to work on /home/airflow/.local/lib/python3.12/site-packages/airflow/example_dags/example_dag_decorator.py
[2025-03-09T16:00:40.726+0000] {processor.py:914} INFO - Processing file /home/airflow/.local/lib/python3.12/site-packages/airflow/example_dags/example_dag_decorator.py for tasks to queue
[2025-03-09T16:00:40.727+0000] {logging_mixin.py:190} INFO - [2025-03-09T16:00:40.727+0000] {dagbag.py:588} INFO - Filling up the DagBag from /home/airflow/.local/lib/python3.12/site-packages/airflow/example_dags/example_dag_decorator.py
[2025-03-09T16:00:40.786+0000] {processor.py:925} INFO - DAG(s) 'example_dag_decorator' retrieved from /home/airflow/.local/lib/python3.12/site-packages/airflow/example_dags/example_dag_decorator.py
[2025-03-09T16:00:40.858+0000] {logging_mixin.py:190} INFO - [2025-03-09T16:00:40.857+0000] {dag.py:3239} INFO - Sync 1 DAGs
[2025-03-09T16:00:40.866+0000] {logging_mixin.py:190} INFO - [2025-03-09T16:00:40.865+0000] {dag.py:4180} INFO - Setting next_dagrun for example_dag_decorator to None, run_after=None
[2025-03-09T16:00:40.879+0000] {processor.py:208} INFO - Processing /home/airflow/.local/lib/python3.12/site-packages/airflow/example_dags/example_dag_decorator.py took 0.157 seconds
[2025-03-09T16:01:11.265+0000] {processor.py:186} INFO - Started process (PID=9912) to work on /home/airflow/.local/lib/python3.12/site-packages/airflow/example_dags/example_dag_decorator.py
[2025-03-09T16:01:11.266+0000] {processor.py:914} INFO - Processing file /home/airflow/.local/lib/python3.12/site-packages/airflow/example_dags/example_dag_decorator.py for tasks to queue
[2025-03-09T16:01:11.267+0000] {logging_mixin.py:190} INFO - [2025-03-09T16:01:11.267+0000] {dagbag.py:588} INFO - Filling up the DagBag from /home/airflow/.local/lib/python3.12/site-packages/airflow/example_dags/example_dag_decorator.py
[2025-03-09T16:01:11.326+0000] {processor.py:925} INFO - DAG(s) 'example_dag_decorator' retrieved from /home/airflow/.local/lib/python3.12/site-packages/airflow/example_dags/example_dag_decorator.py
[2025-03-09T16:01:11.401+0000] {logging_mixin.py:190} INFO - [2025-03-09T16:01:11.401+0000] {dag.py:3239} INFO - Sync 1 DAGs
[2025-03-09T16:01:11.410+0000] {logging_mixin.py:190} INFO - [2025-03-09T16:01:11.410+0000] {dag.py:4180} INFO - Setting next_dagrun for example_dag_decorator to None, run_after=None
[2025-03-09T16:01:11.422+0000] {processor.py:208} INFO - Processing /home/airflow/.local/lib/python3.12/site-packages/airflow/example_dags/example_dag_decorator.py took 0.160 seconds
[2025-03-09T16:01:41.750+0000] {processor.py:186} INFO - Started process (PID=10241) to work on /home/airflow/.local/lib/python3.12/site-packages/airflow/example_dags/example_dag_decorator.py
[2025-03-09T16:01:41.751+0000] {processor.py:914} INFO - Processing file /home/airflow/.local/lib/python3.12/site-packages/airflow/example_dags/example_dag_decorator.py for tasks to queue
[2025-03-09T16:01:41.752+0000] {logging_mixin.py:190} INFO - [2025-03-09T16:01:41.752+0000] {dagbag.py:588} INFO - Filling up the DagBag from /home/airflow/.local/lib/python3.12/site-packages/airflow/example_dags/example_dag_decorator.py
[2025-03-09T16:01:41.810+0000] {processor.py:925} INFO - DAG(s) 'example_dag_decorator' retrieved from /home/airflow/.local/lib/python3.12/site-packages/airflow/example_dags/example_dag_decorator.py
[2025-03-09T16:01:41.880+0000] {logging_mixin.py:190} INFO - [2025-03-09T16:01:41.879+0000] {dag.py:3239} INFO - Sync 1 DAGs
[2025-03-09T16:01:41.887+0000] {logging_mixin.py:190} INFO - [2025-03-09T16:01:41.886+0000] {dag.py:4180} INFO - Setting next_dagrun for example_dag_decorator to None, run_after=None
[2025-03-09T16:01:41.900+0000] {processor.py:208} INFO - Processing /home/airflow/.local/lib/python3.12/site-packages/airflow/example_dags/example_dag_decorator.py took 0.153 seconds
[2025-03-09T16:02:12.196+0000] {processor.py:186} INFO - Started process (PID=10562) to work on /home/airflow/.local/lib/python3.12/site-packages/airflow/example_dags/example_dag_decorator.py
[2025-03-09T16:02:12.196+0000] {processor.py:914} INFO - Processing file /home/airflow/.local/lib/python3.12/site-packages/airflow/example_dags/example_dag_decorator.py for tasks to queue
[2025-03-09T16:02:12.198+0000] {logging_mixin.py:190} INFO - [2025-03-09T16:02:12.197+0000] {dagbag.py:588} INFO - Filling up the DagBag from /home/airflow/.local/lib/python3.12/site-packages/airflow/example_dags/example_dag_decorator.py
[2025-03-09T16:02:12.258+0000] {processor.py:925} INFO - DAG(s) 'example_dag_decorator' retrieved from /home/airflow/.local/lib/python3.12/site-packages/airflow/example_dags/example_dag_decorator.py
[2025-03-09T16:02:12.334+0000] {logging_mixin.py:190} INFO - [2025-03-09T16:02:12.334+0000] {dag.py:3239} INFO - Sync 1 DAGs
[2025-03-09T16:02:12.342+0000] {logging_mixin.py:190} INFO - [2025-03-09T16:02:12.342+0000] {dag.py:4180} INFO - Setting next_dagrun for example_dag_decorator to None, run_after=None
[2025-03-09T16:02:12.368+0000] {processor.py:208} INFO - Processing /home/airflow/.local/lib/python3.12/site-packages/airflow/example_dags/example_dag_decorator.py took 0.176 seconds
[2025-03-09T16:02:42.977+0000] {processor.py:186} INFO - Started process (PID=10888) to work on /home/airflow/.local/lib/python3.12/site-packages/airflow/example_dags/example_dag_decorator.py
[2025-03-09T16:02:42.978+0000] {processor.py:914} INFO - Processing file /home/airflow/.local/lib/python3.12/site-packages/airflow/example_dags/example_dag_decorator.py for tasks to queue
[2025-03-09T16:02:42.979+0000] {logging_mixin.py:190} INFO - [2025-03-09T16:02:42.978+0000] {dagbag.py:588} INFO - Filling up the DagBag from /home/airflow/.local/lib/python3.12/site-packages/airflow/example_dags/example_dag_decorator.py
[2025-03-09T16:02:43.038+0000] {processor.py:925} INFO - DAG(s) 'example_dag_decorator' retrieved from /home/airflow/.local/lib/python3.12/site-packages/airflow/example_dags/example_dag_decorator.py
[2025-03-09T16:02:43.109+0000] {logging_mixin.py:190} INFO - [2025-03-09T16:02:43.109+0000] {dag.py:3239} INFO - Sync 1 DAGs
[2025-03-09T16:02:43.116+0000] {logging_mixin.py:190} INFO - [2025-03-09T16:02:43.116+0000] {dag.py:4180} INFO - Setting next_dagrun for example_dag_decorator to None, run_after=None
[2025-03-09T16:02:43.136+0000] {processor.py:208} INFO - Processing /home/airflow/.local/lib/python3.12/site-packages/airflow/example_dags/example_dag_decorator.py took 0.163 seconds
[2025-03-09T16:03:13.875+0000] {processor.py:186} INFO - Started process (PID=11214) to work on /home/airflow/.local/lib/python3.12/site-packages/airflow/example_dags/example_dag_decorator.py
[2025-03-09T16:03:13.875+0000] {processor.py:914} INFO - Processing file /home/airflow/.local/lib/python3.12/site-packages/airflow/example_dags/example_dag_decorator.py for tasks to queue
[2025-03-09T16:03:13.876+0000] {logging_mixin.py:190} INFO - [2025-03-09T16:03:13.876+0000] {dagbag.py:588} INFO - Filling up the DagBag from /home/airflow/.local/lib/python3.12/site-packages/airflow/example_dags/example_dag_decorator.py
[2025-03-09T16:03:13.935+0000] {processor.py:925} INFO - DAG(s) 'example_dag_decorator' retrieved from /home/airflow/.local/lib/python3.12/site-packages/airflow/example_dags/example_dag_decorator.py
[2025-03-09T16:03:14.014+0000] {logging_mixin.py:190} INFO - [2025-03-09T16:03:14.014+0000] {dag.py:3239} INFO - Sync 1 DAGs
[2025-03-09T16:03:14.021+0000] {logging_mixin.py:190} INFO - [2025-03-09T16:03:14.021+0000] {dag.py:4180} INFO - Setting next_dagrun for example_dag_decorator to None, run_after=None
[2025-03-09T16:03:14.038+0000] {processor.py:208} INFO - Processing /home/airflow/.local/lib/python3.12/site-packages/airflow/example_dags/example_dag_decorator.py took 0.168 seconds
[2025-03-09T16:03:44.637+0000] {processor.py:186} INFO - Started process (PID=11545) to work on /home/airflow/.local/lib/python3.12/site-packages/airflow/example_dags/example_dag_decorator.py
[2025-03-09T16:03:44.638+0000] {processor.py:914} INFO - Processing file /home/airflow/.local/lib/python3.12/site-packages/airflow/example_dags/example_dag_decorator.py for tasks to queue
[2025-03-09T16:03:44.640+0000] {logging_mixin.py:190} INFO - [2025-03-09T16:03:44.639+0000] {dagbag.py:588} INFO - Filling up the DagBag from /home/airflow/.local/lib/python3.12/site-packages/airflow/example_dags/example_dag_decorator.py
[2025-03-09T16:03:44.699+0000] {processor.py:925} INFO - DAG(s) 'example_dag_decorator' retrieved from /home/airflow/.local/lib/python3.12/site-packages/airflow/example_dags/example_dag_decorator.py
[2025-03-09T16:03:44.769+0000] {logging_mixin.py:190} INFO - [2025-03-09T16:03:44.769+0000] {dag.py:3239} INFO - Sync 1 DAGs
[2025-03-09T16:03:44.776+0000] {logging_mixin.py:190} INFO - [2025-03-09T16:03:44.776+0000] {dag.py:4180} INFO - Setting next_dagrun for example_dag_decorator to None, run_after=None
[2025-03-09T16:03:44.789+0000] {processor.py:208} INFO - Processing /home/airflow/.local/lib/python3.12/site-packages/airflow/example_dags/example_dag_decorator.py took 0.156 seconds
[2025-03-09T16:04:15.568+0000] {processor.py:186} INFO - Started process (PID=11866) to work on /home/airflow/.local/lib/python3.12/site-packages/airflow/example_dags/example_dag_decorator.py
[2025-03-09T16:04:15.568+0000] {processor.py:914} INFO - Processing file /home/airflow/.local/lib/python3.12/site-packages/airflow/example_dags/example_dag_decorator.py for tasks to queue
[2025-03-09T16:04:15.570+0000] {logging_mixin.py:190} INFO - [2025-03-09T16:04:15.569+0000] {dagbag.py:588} INFO - Filling up the DagBag from /home/airflow/.local/lib/python3.12/site-packages/airflow/example_dags/example_dag_decorator.py
[2025-03-09T16:04:15.630+0000] {processor.py:925} INFO - DAG(s) 'example_dag_decorator' retrieved from /home/airflow/.local/lib/python3.12/site-packages/airflow/example_dags/example_dag_decorator.py
[2025-03-09T16:04:15.695+0000] {logging_mixin.py:190} INFO - [2025-03-09T16:04:15.695+0000] {dag.py:3239} INFO - Sync 1 DAGs
[2025-03-09T16:04:15.703+0000] {logging_mixin.py:190} INFO - [2025-03-09T16:04:15.703+0000] {dag.py:4180} INFO - Setting next_dagrun for example_dag_decorator to None, run_after=None
[2025-03-09T16:04:15.715+0000] {processor.py:208} INFO - Processing /home/airflow/.local/lib/python3.12/site-packages/airflow/example_dags/example_dag_decorator.py took 0.152 seconds
[2025-03-09T16:04:46.437+0000] {processor.py:186} INFO - Started process (PID=12192) to work on /home/airflow/.local/lib/python3.12/site-packages/airflow/example_dags/example_dag_decorator.py
[2025-03-09T16:04:46.437+0000] {processor.py:914} INFO - Processing file /home/airflow/.local/lib/python3.12/site-packages/airflow/example_dags/example_dag_decorator.py for tasks to queue
[2025-03-09T16:04:46.439+0000] {logging_mixin.py:190} INFO - [2025-03-09T16:04:46.438+0000] {dagbag.py:588} INFO - Filling up the DagBag from /home/airflow/.local/lib/python3.12/site-packages/airflow/example_dags/example_dag_decorator.py
[2025-03-09T16:04:46.498+0000] {processor.py:925} INFO - DAG(s) 'example_dag_decorator' retrieved from /home/airflow/.local/lib/python3.12/site-packages/airflow/example_dags/example_dag_decorator.py
[2025-03-09T16:04:46.570+0000] {logging_mixin.py:190} INFO - [2025-03-09T16:04:46.570+0000] {dag.py:3239} INFO - Sync 1 DAGs
[2025-03-09T16:04:46.577+0000] {logging_mixin.py:190} INFO - [2025-03-09T16:04:46.577+0000] {dag.py:4180} INFO - Setting next_dagrun for example_dag_decorator to None, run_after=None
[2025-03-09T16:04:46.592+0000] {processor.py:208} INFO - Processing /home/airflow/.local/lib/python3.12/site-packages/airflow/example_dags/example_dag_decorator.py took 0.161 seconds
[2025-03-09T16:05:17.254+0000] {processor.py:186} INFO - Started process (PID=12518) to work on /home/airflow/.local/lib/python3.12/site-packages/airflow/example_dags/example_dag_decorator.py
[2025-03-09T16:05:17.255+0000] {processor.py:914} INFO - Processing file /home/airflow/.local/lib/python3.12/site-packages/airflow/example_dags/example_dag_decorator.py for tasks to queue
[2025-03-09T16:05:17.257+0000] {logging_mixin.py:190} INFO - [2025-03-09T16:05:17.256+0000] {dagbag.py:588} INFO - Filling up the DagBag from /home/airflow/.local/lib/python3.12/site-packages/airflow/example_dags/example_dag_decorator.py
[2025-03-09T16:05:17.315+0000] {processor.py:925} INFO - DAG(s) 'example_dag_decorator' retrieved from /home/airflow/.local/lib/python3.12/site-packages/airflow/example_dags/example_dag_decorator.py
[2025-03-09T16:05:17.388+0000] {logging_mixin.py:190} INFO - [2025-03-09T16:05:17.387+0000] {dag.py:3239} INFO - Sync 1 DAGs
[2025-03-09T16:05:17.396+0000] {logging_mixin.py:190} INFO - [2025-03-09T16:05:17.396+0000] {dag.py:4180} INFO - Setting next_dagrun for example_dag_decorator to None, run_after=None
[2025-03-09T16:05:17.410+0000] {processor.py:208} INFO - Processing /home/airflow/.local/lib/python3.12/site-packages/airflow/example_dags/example_dag_decorator.py took 0.163 seconds
[2025-03-09T16:05:47.855+0000] {processor.py:186} INFO - Started process (PID=12846) to work on /home/airflow/.local/lib/python3.12/site-packages/airflow/example_dags/example_dag_decorator.py
[2025-03-09T16:05:47.856+0000] {processor.py:914} INFO - Processing file /home/airflow/.local/lib/python3.12/site-packages/airflow/example_dags/example_dag_decorator.py for tasks to queue
[2025-03-09T16:05:47.857+0000] {logging_mixin.py:190} INFO - [2025-03-09T16:05:47.857+0000] {dagbag.py:588} INFO - Filling up the DagBag from /home/airflow/.local/lib/python3.12/site-packages/airflow/example_dags/example_dag_decorator.py
[2025-03-09T16:05:47.917+0000] {processor.py:925} INFO - DAG(s) 'example_dag_decorator' retrieved from /home/airflow/.local/lib/python3.12/site-packages/airflow/example_dags/example_dag_decorator.py
[2025-03-09T16:05:47.984+0000] {logging_mixin.py:190} INFO - [2025-03-09T16:05:47.984+0000] {dag.py:3239} INFO - Sync 1 DAGs
[2025-03-09T16:05:47.991+0000] {logging_mixin.py:190} INFO - [2025-03-09T16:05:47.991+0000] {dag.py:4180} INFO - Setting next_dagrun for example_dag_decorator to None, run_after=None
[2025-03-09T16:05:48.003+0000] {processor.py:208} INFO - Processing /home/airflow/.local/lib/python3.12/site-packages/airflow/example_dags/example_dag_decorator.py took 0.153 seconds
[2025-03-09T16:06:18.390+0000] {processor.py:186} INFO - Started process (PID=13181) to work on /home/airflow/.local/lib/python3.12/site-packages/airflow/example_dags/example_dag_decorator.py
[2025-03-09T16:06:18.392+0000] {processor.py:914} INFO - Processing file /home/airflow/.local/lib/python3.12/site-packages/airflow/example_dags/example_dag_decorator.py for tasks to queue
[2025-03-09T16:06:18.393+0000] {logging_mixin.py:190} INFO - [2025-03-09T16:06:18.393+0000] {dagbag.py:588} INFO - Filling up the DagBag from /home/airflow/.local/lib/python3.12/site-packages/airflow/example_dags/example_dag_decorator.py
[2025-03-09T16:06:18.452+0000] {processor.py:925} INFO - DAG(s) 'example_dag_decorator' retrieved from /home/airflow/.local/lib/python3.12/site-packages/airflow/example_dags/example_dag_decorator.py
[2025-03-09T16:06:18.522+0000] {logging_mixin.py:190} INFO - [2025-03-09T16:06:18.522+0000] {dag.py:3239} INFO - Sync 1 DAGs
[2025-03-09T16:06:18.529+0000] {logging_mixin.py:190} INFO - [2025-03-09T16:06:18.529+0000] {dag.py:4180} INFO - Setting next_dagrun for example_dag_decorator to None, run_after=None
[2025-03-09T16:06:18.541+0000] {processor.py:208} INFO - Processing /home/airflow/.local/lib/python3.12/site-packages/airflow/example_dags/example_dag_decorator.py took 0.155 seconds
[2025-03-09T16:06:48.855+0000] {processor.py:186} INFO - Started process (PID=13502) to work on /home/airflow/.local/lib/python3.12/site-packages/airflow/example_dags/example_dag_decorator.py
[2025-03-09T16:06:48.856+0000] {processor.py:914} INFO - Processing file /home/airflow/.local/lib/python3.12/site-packages/airflow/example_dags/example_dag_decorator.py for tasks to queue
[2025-03-09T16:06:48.857+0000] {logging_mixin.py:190} INFO - [2025-03-09T16:06:48.857+0000] {dagbag.py:588} INFO - Filling up the DagBag from /home/airflow/.local/lib/python3.12/site-packages/airflow/example_dags/example_dag_decorator.py
[2025-03-09T16:06:48.919+0000] {processor.py:925} INFO - DAG(s) 'example_dag_decorator' retrieved from /home/airflow/.local/lib/python3.12/site-packages/airflow/example_dags/example_dag_decorator.py
[2025-03-09T16:06:48.992+0000] {logging_mixin.py:190} INFO - [2025-03-09T16:06:48.992+0000] {dag.py:3239} INFO - Sync 1 DAGs
[2025-03-09T16:06:48.999+0000] {logging_mixin.py:190} INFO - [2025-03-09T16:06:48.999+0000] {dag.py:4180} INFO - Setting next_dagrun for example_dag_decorator to None, run_after=None
[2025-03-09T16:06:49.023+0000] {processor.py:208} INFO - Processing /home/airflow/.local/lib/python3.12/site-packages/airflow/example_dags/example_dag_decorator.py took 0.172 seconds
[2025-03-09T16:07:19.530+0000] {processor.py:186} INFO - Started process (PID=13823) to work on /home/airflow/.local/lib/python3.12/site-packages/airflow/example_dags/example_dag_decorator.py
[2025-03-09T16:07:19.531+0000] {processor.py:914} INFO - Processing file /home/airflow/.local/lib/python3.12/site-packages/airflow/example_dags/example_dag_decorator.py for tasks to queue
[2025-03-09T16:07:19.532+0000] {logging_mixin.py:190} INFO - [2025-03-09T16:07:19.532+0000] {dagbag.py:588} INFO - Filling up the DagBag from /home/airflow/.local/lib/python3.12/site-packages/airflow/example_dags/example_dag_decorator.py
[2025-03-09T16:07:19.593+0000] {processor.py:925} INFO - DAG(s) 'example_dag_decorator' retrieved from /home/airflow/.local/lib/python3.12/site-packages/airflow/example_dags/example_dag_decorator.py
[2025-03-09T16:07:19.610+0000] {logging_mixin.py:190} INFO - [2025-03-09T16:07:19.610+0000] {dag.py:3239} INFO - Sync 1 DAGs
[2025-03-09T16:07:19.621+0000] {logging_mixin.py:190} INFO - [2025-03-09T16:07:19.621+0000] {dag.py:4180} INFO - Setting next_dagrun for example_dag_decorator to None, run_after=None
[2025-03-09T16:07:19.634+0000] {processor.py:208} INFO - Processing /home/airflow/.local/lib/python3.12/site-packages/airflow/example_dags/example_dag_decorator.py took 0.110 seconds
[2025-03-09T16:07:49.978+0000] {processor.py:186} INFO - Started process (PID=14150) to work on /home/airflow/.local/lib/python3.12/site-packages/airflow/example_dags/example_dag_decorator.py
[2025-03-09T16:07:49.979+0000] {processor.py:914} INFO - Processing file /home/airflow/.local/lib/python3.12/site-packages/airflow/example_dags/example_dag_decorator.py for tasks to queue
[2025-03-09T16:07:49.980+0000] {logging_mixin.py:190} INFO - [2025-03-09T16:07:49.980+0000] {dagbag.py:588} INFO - Filling up the DagBag from /home/airflow/.local/lib/python3.12/site-packages/airflow/example_dags/example_dag_decorator.py
[2025-03-09T16:07:50.040+0000] {processor.py:925} INFO - DAG(s) 'example_dag_decorator' retrieved from /home/airflow/.local/lib/python3.12/site-packages/airflow/example_dags/example_dag_decorator.py
[2025-03-09T16:07:50.108+0000] {logging_mixin.py:190} INFO - [2025-03-09T16:07:50.108+0000] {dag.py:3239} INFO - Sync 1 DAGs
[2025-03-09T16:07:50.115+0000] {logging_mixin.py:190} INFO - [2025-03-09T16:07:50.115+0000] {dag.py:4180} INFO - Setting next_dagrun for example_dag_decorator to None, run_after=None
[2025-03-09T16:07:50.128+0000] {processor.py:208} INFO - Processing /home/airflow/.local/lib/python3.12/site-packages/airflow/example_dags/example_dag_decorator.py took 0.155 seconds
[2025-03-09T16:08:21.097+0000] {processor.py:186} INFO - Started process (PID=14481) to work on /home/airflow/.local/lib/python3.12/site-packages/airflow/example_dags/example_dag_decorator.py
[2025-03-09T16:08:21.097+0000] {processor.py:914} INFO - Processing file /home/airflow/.local/lib/python3.12/site-packages/airflow/example_dags/example_dag_decorator.py for tasks to queue
[2025-03-09T16:08:21.099+0000] {logging_mixin.py:190} INFO - [2025-03-09T16:08:21.099+0000] {dagbag.py:588} INFO - Filling up the DagBag from /home/airflow/.local/lib/python3.12/site-packages/airflow/example_dags/example_dag_decorator.py
[2025-03-09T16:08:21.158+0000] {processor.py:925} INFO - DAG(s) 'example_dag_decorator' retrieved from /home/airflow/.local/lib/python3.12/site-packages/airflow/example_dags/example_dag_decorator.py
[2025-03-09T16:08:21.229+0000] {logging_mixin.py:190} INFO - [2025-03-09T16:08:21.228+0000] {dag.py:3239} INFO - Sync 1 DAGs
[2025-03-09T16:08:21.239+0000] {logging_mixin.py:190} INFO - [2025-03-09T16:08:21.239+0000] {dag.py:4180} INFO - Setting next_dagrun for example_dag_decorator to None, run_after=None
[2025-03-09T16:08:21.263+0000] {processor.py:208} INFO - Processing /home/airflow/.local/lib/python3.12/site-packages/airflow/example_dags/example_dag_decorator.py took 0.171 seconds
[2025-03-09T16:08:52.346+0000] {processor.py:186} INFO - Started process (PID=14807) to work on /home/airflow/.local/lib/python3.12/site-packages/airflow/example_dags/example_dag_decorator.py
[2025-03-09T16:08:52.346+0000] {processor.py:914} INFO - Processing file /home/airflow/.local/lib/python3.12/site-packages/airflow/example_dags/example_dag_decorator.py for tasks to queue
[2025-03-09T16:08:52.348+0000] {logging_mixin.py:190} INFO - [2025-03-09T16:08:52.348+0000] {dagbag.py:588} INFO - Filling up the DagBag from /home/airflow/.local/lib/python3.12/site-packages/airflow/example_dags/example_dag_decorator.py
[2025-03-09T16:08:52.408+0000] {processor.py:925} INFO - DAG(s) 'example_dag_decorator' retrieved from /home/airflow/.local/lib/python3.12/site-packages/airflow/example_dags/example_dag_decorator.py
[2025-03-09T16:08:52.478+0000] {logging_mixin.py:190} INFO - [2025-03-09T16:08:52.477+0000] {dag.py:3239} INFO - Sync 1 DAGs
[2025-03-09T16:08:52.485+0000] {logging_mixin.py:190} INFO - [2025-03-09T16:08:52.485+0000] {dag.py:4180} INFO - Setting next_dagrun for example_dag_decorator to None, run_after=None
[2025-03-09T16:08:52.498+0000] {processor.py:208} INFO - Processing /home/airflow/.local/lib/python3.12/site-packages/airflow/example_dags/example_dag_decorator.py took 0.156 seconds
[2025-03-09T16:09:23.317+0000] {processor.py:186} INFO - Started process (PID=15133) to work on /home/airflow/.local/lib/python3.12/site-packages/airflow/example_dags/example_dag_decorator.py
[2025-03-09T16:09:23.318+0000] {processor.py:914} INFO - Processing file /home/airflow/.local/lib/python3.12/site-packages/airflow/example_dags/example_dag_decorator.py for tasks to queue
[2025-03-09T16:09:23.320+0000] {logging_mixin.py:190} INFO - [2025-03-09T16:09:23.320+0000] {dagbag.py:588} INFO - Filling up the DagBag from /home/airflow/.local/lib/python3.12/site-packages/airflow/example_dags/example_dag_decorator.py
[2025-03-09T16:09:23.381+0000] {processor.py:925} INFO - DAG(s) 'example_dag_decorator' retrieved from /home/airflow/.local/lib/python3.12/site-packages/airflow/example_dags/example_dag_decorator.py
[2025-03-09T16:09:23.459+0000] {logging_mixin.py:190} INFO - [2025-03-09T16:09:23.459+0000] {dag.py:3239} INFO - Sync 1 DAGs
[2025-03-09T16:09:23.469+0000] {logging_mixin.py:190} INFO - [2025-03-09T16:09:23.469+0000] {dag.py:4180} INFO - Setting next_dagrun for example_dag_decorator to None, run_after=None
[2025-03-09T16:09:23.485+0000] {processor.py:208} INFO - Processing /home/airflow/.local/lib/python3.12/site-packages/airflow/example_dags/example_dag_decorator.py took 0.176 seconds
[2025-03-09T16:09:54.177+0000] {processor.py:186} INFO - Started process (PID=15459) to work on /home/airflow/.local/lib/python3.12/site-packages/airflow/example_dags/example_dag_decorator.py
[2025-03-09T16:09:54.178+0000] {processor.py:914} INFO - Processing file /home/airflow/.local/lib/python3.12/site-packages/airflow/example_dags/example_dag_decorator.py for tasks to queue
[2025-03-09T16:09:54.179+0000] {logging_mixin.py:190} INFO - [2025-03-09T16:09:54.179+0000] {dagbag.py:588} INFO - Filling up the DagBag from /home/airflow/.local/lib/python3.12/site-packages/airflow/example_dags/example_dag_decorator.py
[2025-03-09T16:09:54.242+0000] {processor.py:925} INFO - DAG(s) 'example_dag_decorator' retrieved from /home/airflow/.local/lib/python3.12/site-packages/airflow/example_dags/example_dag_decorator.py
[2025-03-09T16:09:54.312+0000] {logging_mixin.py:190} INFO - [2025-03-09T16:09:54.312+0000] {dag.py:3239} INFO - Sync 1 DAGs
[2025-03-09T16:09:54.321+0000] {logging_mixin.py:190} INFO - [2025-03-09T16:09:54.321+0000] {dag.py:4180} INFO - Setting next_dagrun for example_dag_decorator to None, run_after=None
[2025-03-09T16:09:54.336+0000] {processor.py:208} INFO - Processing /home/airflow/.local/lib/python3.12/site-packages/airflow/example_dags/example_dag_decorator.py took 0.163 seconds
[2025-03-09T16:10:24.679+0000] {processor.py:186} INFO - Started process (PID=15787) to work on /home/airflow/.local/lib/python3.12/site-packages/airflow/example_dags/example_dag_decorator.py
[2025-03-09T16:10:24.680+0000] {processor.py:914} INFO - Processing file /home/airflow/.local/lib/python3.12/site-packages/airflow/example_dags/example_dag_decorator.py for tasks to queue
[2025-03-09T16:10:24.681+0000] {logging_mixin.py:190} INFO - [2025-03-09T16:10:24.681+0000] {dagbag.py:588} INFO - Filling up the DagBag from /home/airflow/.local/lib/python3.12/site-packages/airflow/example_dags/example_dag_decorator.py
[2025-03-09T16:10:24.740+0000] {processor.py:925} INFO - DAG(s) 'example_dag_decorator' retrieved from /home/airflow/.local/lib/python3.12/site-packages/airflow/example_dags/example_dag_decorator.py
[2025-03-09T16:10:24.813+0000] {logging_mixin.py:190} INFO - [2025-03-09T16:10:24.812+0000] {dag.py:3239} INFO - Sync 1 DAGs
[2025-03-09T16:10:24.820+0000] {logging_mixin.py:190} INFO - [2025-03-09T16:10:24.820+0000] {dag.py:4180} INFO - Setting next_dagrun for example_dag_decorator to None, run_after=None
[2025-03-09T16:10:24.834+0000] {processor.py:208} INFO - Processing /home/airflow/.local/lib/python3.12/site-packages/airflow/example_dags/example_dag_decorator.py took 0.158 seconds
[2025-03-09T16:10:55.037+0000] {processor.py:186} INFO - Started process (PID=16111) to work on /home/airflow/.local/lib/python3.12/site-packages/airflow/example_dags/example_dag_decorator.py
[2025-03-09T16:10:55.038+0000] {processor.py:914} INFO - Processing file /home/airflow/.local/lib/python3.12/site-packages/airflow/example_dags/example_dag_decorator.py for tasks to queue
[2025-03-09T16:10:55.040+0000] {logging_mixin.py:190} INFO - [2025-03-09T16:10:55.039+0000] {dagbag.py:588} INFO - Filling up the DagBag from /home/airflow/.local/lib/python3.12/site-packages/airflow/example_dags/example_dag_decorator.py
[2025-03-09T16:10:55.100+0000] {processor.py:925} INFO - DAG(s) 'example_dag_decorator' retrieved from /home/airflow/.local/lib/python3.12/site-packages/airflow/example_dags/example_dag_decorator.py
[2025-03-09T16:10:55.117+0000] {logging_mixin.py:190} INFO - [2025-03-09T16:10:55.117+0000] {dag.py:3239} INFO - Sync 1 DAGs
[2025-03-09T16:10:55.126+0000] {logging_mixin.py:190} INFO - [2025-03-09T16:10:55.126+0000] {dag.py:4180} INFO - Setting next_dagrun for example_dag_decorator to None, run_after=None
[2025-03-09T16:10:55.139+0000] {processor.py:208} INFO - Processing /home/airflow/.local/lib/python3.12/site-packages/airflow/example_dags/example_dag_decorator.py took 0.108 seconds
[2025-03-09T16:11:25.601+0000] {processor.py:186} INFO - Started process (PID=16439) to work on /home/airflow/.local/lib/python3.12/site-packages/airflow/example_dags/example_dag_decorator.py
[2025-03-09T16:11:25.601+0000] {processor.py:914} INFO - Processing file /home/airflow/.local/lib/python3.12/site-packages/airflow/example_dags/example_dag_decorator.py for tasks to queue
[2025-03-09T16:11:25.603+0000] {logging_mixin.py:190} INFO - [2025-03-09T16:11:25.603+0000] {dagbag.py:588} INFO - Filling up the DagBag from /home/airflow/.local/lib/python3.12/site-packages/airflow/example_dags/example_dag_decorator.py
[2025-03-09T16:11:25.665+0000] {processor.py:925} INFO - DAG(s) 'example_dag_decorator' retrieved from /home/airflow/.local/lib/python3.12/site-packages/airflow/example_dags/example_dag_decorator.py
[2025-03-09T16:11:25.855+0000] {logging_mixin.py:190} INFO - [2025-03-09T16:11:25.855+0000] {dag.py:3239} INFO - Sync 1 DAGs
[2025-03-09T16:11:25.863+0000] {logging_mixin.py:190} INFO - [2025-03-09T16:11:25.863+0000] {dag.py:4180} INFO - Setting next_dagrun for example_dag_decorator to None, run_after=None
[2025-03-09T16:11:25.876+0000] {processor.py:208} INFO - Processing /home/airflow/.local/lib/python3.12/site-packages/airflow/example_dags/example_dag_decorator.py took 0.279 seconds
[2025-03-09T16:11:56.317+0000] {processor.py:186} INFO - Started process (PID=16763) to work on /home/airflow/.local/lib/python3.12/site-packages/airflow/example_dags/example_dag_decorator.py
[2025-03-09T16:11:56.324+0000] {processor.py:914} INFO - Processing file /home/airflow/.local/lib/python3.12/site-packages/airflow/example_dags/example_dag_decorator.py for tasks to queue
[2025-03-09T16:11:56.326+0000] {logging_mixin.py:190} INFO - [2025-03-09T16:11:56.325+0000] {dagbag.py:588} INFO - Filling up the DagBag from /home/airflow/.local/lib/python3.12/site-packages/airflow/example_dags/example_dag_decorator.py
[2025-03-09T16:11:56.384+0000] {processor.py:925} INFO - DAG(s) 'example_dag_decorator' retrieved from /home/airflow/.local/lib/python3.12/site-packages/airflow/example_dags/example_dag_decorator.py
[2025-03-09T16:11:56.576+0000] {logging_mixin.py:190} INFO - [2025-03-09T16:11:56.576+0000] {dag.py:3239} INFO - Sync 1 DAGs
[2025-03-09T16:11:56.583+0000] {logging_mixin.py:190} INFO - [2025-03-09T16:11:56.583+0000] {dag.py:4180} INFO - Setting next_dagrun for example_dag_decorator to None, run_after=None
[2025-03-09T16:11:56.605+0000] {processor.py:208} INFO - Processing /home/airflow/.local/lib/python3.12/site-packages/airflow/example_dags/example_dag_decorator.py took 0.291 seconds
[2025-03-09T16:12:27.439+0000] {processor.py:186} INFO - Started process (PID=17089) to work on /home/airflow/.local/lib/python3.12/site-packages/airflow/example_dags/example_dag_decorator.py
[2025-03-09T16:12:27.443+0000] {processor.py:914} INFO - Processing file /home/airflow/.local/lib/python3.12/site-packages/airflow/example_dags/example_dag_decorator.py for tasks to queue
[2025-03-09T16:12:27.446+0000] {logging_mixin.py:190} INFO - [2025-03-09T16:12:27.445+0000] {dagbag.py:588} INFO - Filling up the DagBag from /home/airflow/.local/lib/python3.12/site-packages/airflow/example_dags/example_dag_decorator.py
[2025-03-09T16:12:27.508+0000] {processor.py:925} INFO - DAG(s) 'example_dag_decorator' retrieved from /home/airflow/.local/lib/python3.12/site-packages/airflow/example_dags/example_dag_decorator.py
[2025-03-09T16:12:27.702+0000] {logging_mixin.py:190} INFO - [2025-03-09T16:12:27.702+0000] {dag.py:3239} INFO - Sync 1 DAGs
[2025-03-09T16:12:27.709+0000] {logging_mixin.py:190} INFO - [2025-03-09T16:12:27.709+0000] {dag.py:4180} INFO - Setting next_dagrun for example_dag_decorator to None, run_after=None
[2025-03-09T16:12:27.731+0000] {processor.py:208} INFO - Processing /home/airflow/.local/lib/python3.12/site-packages/airflow/example_dags/example_dag_decorator.py took 0.298 seconds
[2025-03-09T16:12:58.651+0000] {processor.py:186} INFO - Started process (PID=17415) to work on /home/airflow/.local/lib/python3.12/site-packages/airflow/example_dags/example_dag_decorator.py
[2025-03-09T16:12:58.652+0000] {processor.py:914} INFO - Processing file /home/airflow/.local/lib/python3.12/site-packages/airflow/example_dags/example_dag_decorator.py for tasks to queue
[2025-03-09T16:12:58.655+0000] {logging_mixin.py:190} INFO - [2025-03-09T16:12:58.655+0000] {dagbag.py:588} INFO - Filling up the DagBag from /home/airflow/.local/lib/python3.12/site-packages/airflow/example_dags/example_dag_decorator.py
[2025-03-09T16:12:58.716+0000] {processor.py:925} INFO - DAG(s) 'example_dag_decorator' retrieved from /home/airflow/.local/lib/python3.12/site-packages/airflow/example_dags/example_dag_decorator.py
[2025-03-09T16:12:58.904+0000] {logging_mixin.py:190} INFO - [2025-03-09T16:12:58.903+0000] {dag.py:3239} INFO - Sync 1 DAGs
[2025-03-09T16:12:58.911+0000] {logging_mixin.py:190} INFO - [2025-03-09T16:12:58.910+0000] {dag.py:4180} INFO - Setting next_dagrun for example_dag_decorator to None, run_after=None
[2025-03-09T16:12:58.932+0000] {processor.py:208} INFO - Processing /home/airflow/.local/lib/python3.12/site-packages/airflow/example_dags/example_dag_decorator.py took 0.289 seconds
[2025-03-09T16:13:29.696+0000] {processor.py:186} INFO - Started process (PID=17741) to work on /home/airflow/.local/lib/python3.12/site-packages/airflow/example_dags/example_dag_decorator.py
[2025-03-09T16:13:29.699+0000] {processor.py:914} INFO - Processing file /home/airflow/.local/lib/python3.12/site-packages/airflow/example_dags/example_dag_decorator.py for tasks to queue
[2025-03-09T16:13:29.701+0000] {logging_mixin.py:190} INFO - [2025-03-09T16:13:29.700+0000] {dagbag.py:588} INFO - Filling up the DagBag from /home/airflow/.local/lib/python3.12/site-packages/airflow/example_dags/example_dag_decorator.py
[2025-03-09T16:13:29.766+0000] {processor.py:925} INFO - DAG(s) 'example_dag_decorator' retrieved from /home/airflow/.local/lib/python3.12/site-packages/airflow/example_dags/example_dag_decorator.py
[2025-03-09T16:13:29.957+0000] {logging_mixin.py:190} INFO - [2025-03-09T16:13:29.957+0000] {dag.py:3239} INFO - Sync 1 DAGs
[2025-03-09T16:13:29.964+0000] {logging_mixin.py:190} INFO - [2025-03-09T16:13:29.963+0000] {dag.py:4180} INFO - Setting next_dagrun for example_dag_decorator to None, run_after=None
[2025-03-09T16:13:29.984+0000] {processor.py:208} INFO - Processing /home/airflow/.local/lib/python3.12/site-packages/airflow/example_dags/example_dag_decorator.py took 0.295 seconds
[2025-03-09T16:14:00.607+0000] {processor.py:186} INFO - Started process (PID=18067) to work on /home/airflow/.local/lib/python3.12/site-packages/airflow/example_dags/example_dag_decorator.py
[2025-03-09T16:14:00.607+0000] {processor.py:914} INFO - Processing file /home/airflow/.local/lib/python3.12/site-packages/airflow/example_dags/example_dag_decorator.py for tasks to queue
[2025-03-09T16:14:00.609+0000] {logging_mixin.py:190} INFO - [2025-03-09T16:14:00.609+0000] {dagbag.py:588} INFO - Filling up the DagBag from /home/airflow/.local/lib/python3.12/site-packages/airflow/example_dags/example_dag_decorator.py
[2025-03-09T16:14:00.668+0000] {processor.py:925} INFO - DAG(s) 'example_dag_decorator' retrieved from /home/airflow/.local/lib/python3.12/site-packages/airflow/example_dags/example_dag_decorator.py
[2025-03-09T16:14:00.854+0000] {logging_mixin.py:190} INFO - [2025-03-09T16:14:00.854+0000] {dag.py:3239} INFO - Sync 1 DAGs
[2025-03-09T16:14:00.862+0000] {logging_mixin.py:190} INFO - [2025-03-09T16:14:00.862+0000] {dag.py:4180} INFO - Setting next_dagrun for example_dag_decorator to None, run_after=None
[2025-03-09T16:14:00.872+0000] {processor.py:208} INFO - Processing /home/airflow/.local/lib/python3.12/site-packages/airflow/example_dags/example_dag_decorator.py took 0.269 seconds
[2025-03-09T16:14:31.301+0000] {processor.py:186} INFO - Started process (PID=18393) to work on /home/airflow/.local/lib/python3.12/site-packages/airflow/example_dags/example_dag_decorator.py
[2025-03-09T16:14:31.307+0000] {processor.py:914} INFO - Processing file /home/airflow/.local/lib/python3.12/site-packages/airflow/example_dags/example_dag_decorator.py for tasks to queue
[2025-03-09T16:14:31.309+0000] {logging_mixin.py:190} INFO - [2025-03-09T16:14:31.309+0000] {dagbag.py:588} INFO - Filling up the DagBag from /home/airflow/.local/lib/python3.12/site-packages/airflow/example_dags/example_dag_decorator.py
[2025-03-09T16:14:31.367+0000] {processor.py:925} INFO - DAG(s) 'example_dag_decorator' retrieved from /home/airflow/.local/lib/python3.12/site-packages/airflow/example_dags/example_dag_decorator.py
[2025-03-09T16:14:31.565+0000] {logging_mixin.py:190} INFO - [2025-03-09T16:14:31.565+0000] {dag.py:3239} INFO - Sync 1 DAGs
[2025-03-09T16:14:31.572+0000] {logging_mixin.py:190} INFO - [2025-03-09T16:14:31.572+0000] {dag.py:4180} INFO - Setting next_dagrun for example_dag_decorator to None, run_after=None
[2025-03-09T16:14:31.596+0000] {processor.py:208} INFO - Processing /home/airflow/.local/lib/python3.12/site-packages/airflow/example_dags/example_dag_decorator.py took 0.298 seconds
[2025-03-09T16:15:02.181+0000] {processor.py:186} INFO - Started process (PID=18719) to work on /home/airflow/.local/lib/python3.12/site-packages/airflow/example_dags/example_dag_decorator.py
[2025-03-09T16:15:02.186+0000] {processor.py:914} INFO - Processing file /home/airflow/.local/lib/python3.12/site-packages/airflow/example_dags/example_dag_decorator.py for tasks to queue
[2025-03-09T16:15:02.187+0000] {logging_mixin.py:190} INFO - [2025-03-09T16:15:02.187+0000] {dagbag.py:588} INFO - Filling up the DagBag from /home/airflow/.local/lib/python3.12/site-packages/airflow/example_dags/example_dag_decorator.py
[2025-03-09T16:15:02.246+0000] {processor.py:925} INFO - DAG(s) 'example_dag_decorator' retrieved from /home/airflow/.local/lib/python3.12/site-packages/airflow/example_dags/example_dag_decorator.py
[2025-03-09T16:15:02.430+0000] {logging_mixin.py:190} INFO - [2025-03-09T16:15:02.430+0000] {dag.py:3239} INFO - Sync 1 DAGs
[2025-03-09T16:15:02.438+0000] {logging_mixin.py:190} INFO - [2025-03-09T16:15:02.438+0000] {dag.py:4180} INFO - Setting next_dagrun for example_dag_decorator to None, run_after=None
[2025-03-09T16:15:02.461+0000] {processor.py:208} INFO - Processing /home/airflow/.local/lib/python3.12/site-packages/airflow/example_dags/example_dag_decorator.py took 0.284 seconds
[2025-03-09T16:15:32.982+0000] {processor.py:186} INFO - Started process (PID=19045) to work on /home/airflow/.local/lib/python3.12/site-packages/airflow/example_dags/example_dag_decorator.py
[2025-03-09T16:15:32.982+0000] {processor.py:914} INFO - Processing file /home/airflow/.local/lib/python3.12/site-packages/airflow/example_dags/example_dag_decorator.py for tasks to queue
[2025-03-09T16:15:32.983+0000] {logging_mixin.py:190} INFO - [2025-03-09T16:15:32.983+0000] {dagbag.py:588} INFO - Filling up the DagBag from /home/airflow/.local/lib/python3.12/site-packages/airflow/example_dags/example_dag_decorator.py
[2025-03-09T16:15:33.043+0000] {processor.py:925} INFO - DAG(s) 'example_dag_decorator' retrieved from /home/airflow/.local/lib/python3.12/site-packages/airflow/example_dags/example_dag_decorator.py
[2025-03-09T16:15:33.222+0000] {logging_mixin.py:190} INFO - [2025-03-09T16:15:33.222+0000] {dag.py:3239} INFO - Sync 1 DAGs
[2025-03-09T16:15:33.228+0000] {logging_mixin.py:190} INFO - [2025-03-09T16:15:33.228+0000] {dag.py:4180} INFO - Setting next_dagrun for example_dag_decorator to None, run_after=None
[2025-03-09T16:15:33.252+0000] {processor.py:208} INFO - Processing /home/airflow/.local/lib/python3.12/site-packages/airflow/example_dags/example_dag_decorator.py took 0.273 seconds
[2025-03-09T16:16:04.101+0000] {processor.py:186} INFO - Started process (PID=19371) to work on /home/airflow/.local/lib/python3.12/site-packages/airflow/example_dags/example_dag_decorator.py
[2025-03-09T16:16:04.108+0000] {processor.py:914} INFO - Processing file /home/airflow/.local/lib/python3.12/site-packages/airflow/example_dags/example_dag_decorator.py for tasks to queue
[2025-03-09T16:16:04.111+0000] {logging_mixin.py:190} INFO - [2025-03-09T16:16:04.110+0000] {dagbag.py:588} INFO - Filling up the DagBag from /home/airflow/.local/lib/python3.12/site-packages/airflow/example_dags/example_dag_decorator.py
[2025-03-09T16:16:04.301+0000] {processor.py:925} INFO - DAG(s) 'example_dag_decorator' retrieved from /home/airflow/.local/lib/python3.12/site-packages/airflow/example_dags/example_dag_decorator.py
[2025-03-09T16:16:04.367+0000] {logging_mixin.py:190} INFO - [2025-03-09T16:16:04.367+0000] {dag.py:3239} INFO - Sync 1 DAGs
[2025-03-09T16:16:04.374+0000] {logging_mixin.py:190} INFO - [2025-03-09T16:16:04.373+0000] {dag.py:4180} INFO - Setting next_dagrun for example_dag_decorator to None, run_after=None
[2025-03-09T16:16:04.401+0000] {processor.py:208} INFO - Processing /home/airflow/.local/lib/python3.12/site-packages/airflow/example_dags/example_dag_decorator.py took 0.304 seconds
[2025-03-09T16:16:35.387+0000] {processor.py:186} INFO - Started process (PID=19697) to work on /home/airflow/.local/lib/python3.12/site-packages/airflow/example_dags/example_dag_decorator.py
[2025-03-09T16:16:35.392+0000] {processor.py:914} INFO - Processing file /home/airflow/.local/lib/python3.12/site-packages/airflow/example_dags/example_dag_decorator.py for tasks to queue
[2025-03-09T16:16:35.394+0000] {logging_mixin.py:190} INFO - [2025-03-09T16:16:35.394+0000] {dagbag.py:588} INFO - Filling up the DagBag from /home/airflow/.local/lib/python3.12/site-packages/airflow/example_dags/example_dag_decorator.py
[2025-03-09T16:16:35.584+0000] {processor.py:925} INFO - DAG(s) 'example_dag_decorator' retrieved from /home/airflow/.local/lib/python3.12/site-packages/airflow/example_dags/example_dag_decorator.py
[2025-03-09T16:16:35.648+0000] {logging_mixin.py:190} INFO - [2025-03-09T16:16:35.648+0000] {dag.py:3239} INFO - Sync 1 DAGs
[2025-03-09T16:16:35.656+0000] {logging_mixin.py:190} INFO - [2025-03-09T16:16:35.656+0000] {dag.py:4180} INFO - Setting next_dagrun for example_dag_decorator to None, run_after=None
[2025-03-09T16:16:35.680+0000] {processor.py:208} INFO - Processing /home/airflow/.local/lib/python3.12/site-packages/airflow/example_dags/example_dag_decorator.py took 0.299 seconds
[2025-03-09T16:17:06.682+0000] {processor.py:186} INFO - Started process (PID=20023) to work on /home/airflow/.local/lib/python3.12/site-packages/airflow/example_dags/example_dag_decorator.py
[2025-03-09T16:17:06.683+0000] {processor.py:914} INFO - Processing file /home/airflow/.local/lib/python3.12/site-packages/airflow/example_dags/example_dag_decorator.py for tasks to queue
[2025-03-09T16:17:06.684+0000] {logging_mixin.py:190} INFO - [2025-03-09T16:17:06.684+0000] {dagbag.py:588} INFO - Filling up the DagBag from /home/airflow/.local/lib/python3.12/site-packages/airflow/example_dags/example_dag_decorator.py
[2025-03-09T16:17:06.863+0000] {processor.py:925} INFO - DAG(s) 'example_dag_decorator' retrieved from /home/airflow/.local/lib/python3.12/site-packages/airflow/example_dags/example_dag_decorator.py
[2025-03-09T16:17:06.879+0000] {logging_mixin.py:190} INFO - [2025-03-09T16:17:06.879+0000] {dag.py:3239} INFO - Sync 1 DAGs
[2025-03-09T16:17:06.886+0000] {logging_mixin.py:190} INFO - [2025-03-09T16:17:06.886+0000] {dag.py:4180} INFO - Setting next_dagrun for example_dag_decorator to None, run_after=None
[2025-03-09T16:17:06.896+0000] {processor.py:208} INFO - Processing /home/airflow/.local/lib/python3.12/site-packages/airflow/example_dags/example_dag_decorator.py took 0.218 seconds
[2025-03-09T16:17:37.672+0000] {processor.py:186} INFO - Started process (PID=20349) to work on /home/airflow/.local/lib/python3.12/site-packages/airflow/example_dags/example_dag_decorator.py
[2025-03-09T16:17:37.675+0000] {processor.py:914} INFO - Processing file /home/airflow/.local/lib/python3.12/site-packages/airflow/example_dags/example_dag_decorator.py for tasks to queue
[2025-03-09T16:17:37.677+0000] {logging_mixin.py:190} INFO - [2025-03-09T16:17:37.676+0000] {dagbag.py:588} INFO - Filling up the DagBag from /home/airflow/.local/lib/python3.12/site-packages/airflow/example_dags/example_dag_decorator.py
[2025-03-09T16:17:37.858+0000] {processor.py:925} INFO - DAG(s) 'example_dag_decorator' retrieved from /home/airflow/.local/lib/python3.12/site-packages/airflow/example_dags/example_dag_decorator.py
[2025-03-09T16:17:37.921+0000] {logging_mixin.py:190} INFO - [2025-03-09T16:17:37.921+0000] {dag.py:3239} INFO - Sync 1 DAGs
[2025-03-09T16:17:37.928+0000] {logging_mixin.py:190} INFO - [2025-03-09T16:17:37.928+0000] {dag.py:4180} INFO - Setting next_dagrun for example_dag_decorator to None, run_after=None
[2025-03-09T16:17:37.939+0000] {processor.py:208} INFO - Processing /home/airflow/.local/lib/python3.12/site-packages/airflow/example_dags/example_dag_decorator.py took 0.274 seconds
[2025-03-09T16:18:08.814+0000] {processor.py:186} INFO - Started process (PID=20675) to work on /home/airflow/.local/lib/python3.12/site-packages/airflow/example_dags/example_dag_decorator.py
[2025-03-09T16:18:08.821+0000] {processor.py:914} INFO - Processing file /home/airflow/.local/lib/python3.12/site-packages/airflow/example_dags/example_dag_decorator.py for tasks to queue
[2025-03-09T16:18:08.824+0000] {logging_mixin.py:190} INFO - [2025-03-09T16:18:08.823+0000] {dagbag.py:588} INFO - Filling up the DagBag from /home/airflow/.local/lib/python3.12/site-packages/airflow/example_dags/example_dag_decorator.py
[2025-03-09T16:18:09.003+0000] {processor.py:925} INFO - DAG(s) 'example_dag_decorator' retrieved from /home/airflow/.local/lib/python3.12/site-packages/airflow/example_dags/example_dag_decorator.py
[2025-03-09T16:18:09.072+0000] {logging_mixin.py:190} INFO - [2025-03-09T16:18:09.072+0000] {dag.py:3239} INFO - Sync 1 DAGs
[2025-03-09T16:18:09.079+0000] {logging_mixin.py:190} INFO - [2025-03-09T16:18:09.079+0000] {dag.py:4180} INFO - Setting next_dagrun for example_dag_decorator to None, run_after=None
[2025-03-09T16:18:09.101+0000] {processor.py:208} INFO - Processing /home/airflow/.local/lib/python3.12/site-packages/airflow/example_dags/example_dag_decorator.py took 0.291 seconds
[2025-03-09T16:18:39.152+0000] {processor.py:186} INFO - Started process (PID=20998) to work on /home/airflow/.local/lib/python3.12/site-packages/airflow/example_dags/example_dag_decorator.py
[2025-03-09T16:18:39.162+0000] {processor.py:914} INFO - Processing file /home/airflow/.local/lib/python3.12/site-packages/airflow/example_dags/example_dag_decorator.py for tasks to queue
[2025-03-09T16:18:39.165+0000] {logging_mixin.py:190} INFO - [2025-03-09T16:18:39.165+0000] {dagbag.py:588} INFO - Filling up the DagBag from /home/airflow/.local/lib/python3.12/site-packages/airflow/example_dags/example_dag_decorator.py
[2025-03-09T16:18:39.336+0000] {processor.py:925} INFO - DAG(s) 'example_dag_decorator' retrieved from /home/airflow/.local/lib/python3.12/site-packages/airflow/example_dags/example_dag_decorator.py
[2025-03-09T16:18:39.407+0000] {logging_mixin.py:190} INFO - [2025-03-09T16:18:39.407+0000] {dag.py:3239} INFO - Sync 1 DAGs
[2025-03-09T16:18:39.421+0000] {logging_mixin.py:190} INFO - [2025-03-09T16:18:39.421+0000] {dag.py:4180} INFO - Setting next_dagrun for example_dag_decorator to None, run_after=None
[2025-03-09T16:18:39.460+0000] {processor.py:208} INFO - Processing /home/airflow/.local/lib/python3.12/site-packages/airflow/example_dags/example_dag_decorator.py took 0.315 seconds
[2025-03-09T16:19:10.368+0000] {processor.py:186} INFO - Started process (PID=21327) to work on /home/airflow/.local/lib/python3.12/site-packages/airflow/example_dags/example_dag_decorator.py
[2025-03-09T16:19:10.374+0000] {processor.py:914} INFO - Processing file /home/airflow/.local/lib/python3.12/site-packages/airflow/example_dags/example_dag_decorator.py for tasks to queue
[2025-03-09T16:19:10.375+0000] {logging_mixin.py:190} INFO - [2025-03-09T16:19:10.375+0000] {dagbag.py:588} INFO - Filling up the DagBag from /home/airflow/.local/lib/python3.12/site-packages/airflow/example_dags/example_dag_decorator.py
[2025-03-09T16:19:10.556+0000] {processor.py:925} INFO - DAG(s) 'example_dag_decorator' retrieved from /home/airflow/.local/lib/python3.12/site-packages/airflow/example_dags/example_dag_decorator.py
[2025-03-09T16:19:10.621+0000] {logging_mixin.py:190} INFO - [2025-03-09T16:19:10.620+0000] {dag.py:3239} INFO - Sync 1 DAGs
[2025-03-09T16:19:10.627+0000] {logging_mixin.py:190} INFO - [2025-03-09T16:19:10.627+0000] {dag.py:4180} INFO - Setting next_dagrun for example_dag_decorator to None, run_after=None
[2025-03-09T16:19:10.649+0000] {processor.py:208} INFO - Processing /home/airflow/.local/lib/python3.12/site-packages/airflow/example_dags/example_dag_decorator.py took 0.285 seconds
[2025-03-09T16:19:40.694+0000] {processor.py:186} INFO - Started process (PID=21650) to work on /home/airflow/.local/lib/python3.12/site-packages/airflow/example_dags/example_dag_decorator.py
[2025-03-09T16:19:40.705+0000] {processor.py:914} INFO - Processing file /home/airflow/.local/lib/python3.12/site-packages/airflow/example_dags/example_dag_decorator.py for tasks to queue
[2025-03-09T16:19:40.708+0000] {logging_mixin.py:190} INFO - [2025-03-09T16:19:40.707+0000] {dagbag.py:588} INFO - Filling up the DagBag from /home/airflow/.local/lib/python3.12/site-packages/airflow/example_dags/example_dag_decorator.py
[2025-03-09T16:19:40.954+0000] {processor.py:925} INFO - DAG(s) 'example_dag_decorator' retrieved from /home/airflow/.local/lib/python3.12/site-packages/airflow/example_dags/example_dag_decorator.py
[2025-03-09T16:19:41.061+0000] {logging_mixin.py:190} INFO - [2025-03-09T16:19:41.061+0000] {dag.py:3239} INFO - Sync 1 DAGs
[2025-03-09T16:19:41.075+0000] {logging_mixin.py:190} INFO - [2025-03-09T16:19:41.074+0000] {dag.py:4180} INFO - Setting next_dagrun for example_dag_decorator to None, run_after=None
[2025-03-09T16:19:41.106+0000] {processor.py:208} INFO - Processing /home/airflow/.local/lib/python3.12/site-packages/airflow/example_dags/example_dag_decorator.py took 0.421 seconds
