[2025-03-09T15:46:16.307+0000] {processor.py:186} INFO - Started process (PID=497) to work on /home/airflow/.local/lib/python3.12/site-packages/airflow/example_dags/example_time_delta_sensor_async.py
[2025-03-09T15:46:16.308+0000] {processor.py:914} INFO - Processing file /home/airflow/.local/lib/python3.12/site-packages/airflow/example_dags/example_time_delta_sensor_async.py for tasks to queue
[2025-03-09T15:46:16.309+0000] {logging_mixin.py:190} INFO - [2025-03-09T15:46:16.309+0000] {dagbag.py:588} INFO - Filling up the DagBag from /home/airflow/.local/lib/python3.12/site-packages/airflow/example_dags/example_time_delta_sensor_async.py
[2025-03-09T15:46:16.314+0000] {processor.py:925} INFO - DAG(s) 'example_time_delta_sensor_async' retrieved from /home/airflow/.local/lib/python3.12/site-packages/airflow/example_dags/example_time_delta_sensor_async.py
[2025-03-09T15:46:16.325+0000] {logging_mixin.py:190} INFO - [2025-03-09T15:46:16.325+0000] {dag.py:3239} INFO - Sync 1 DAGs
[2025-03-09T15:46:16.335+0000] {logging_mixin.py:190} INFO - [2025-03-09T15:46:16.335+0000] {dag.py:4180} INFO - Setting next_dagrun for example_time_delta_sensor_async to None, run_after=None
[2025-03-09T15:46:16.349+0000] {processor.py:208} INFO - Processing /home/airflow/.local/lib/python3.12/site-packages/airflow/example_dags/example_time_delta_sensor_async.py took 0.045 seconds
[2025-03-09T15:46:47.364+0000] {processor.py:186} INFO - Started process (PID=825) to work on /home/airflow/.local/lib/python3.12/site-packages/airflow/example_dags/example_time_delta_sensor_async.py
[2025-03-09T15:46:47.364+0000] {processor.py:914} INFO - Processing file /home/airflow/.local/lib/python3.12/site-packages/airflow/example_dags/example_time_delta_sensor_async.py for tasks to queue
[2025-03-09T15:46:47.365+0000] {logging_mixin.py:190} INFO - [2025-03-09T15:46:47.365+0000] {dagbag.py:588} INFO - Filling up the DagBag from /home/airflow/.local/lib/python3.12/site-packages/airflow/example_dags/example_time_delta_sensor_async.py
[2025-03-09T15:46:47.369+0000] {processor.py:925} INFO - DAG(s) 'example_time_delta_sensor_async' retrieved from /home/airflow/.local/lib/python3.12/site-packages/airflow/example_dags/example_time_delta_sensor_async.py
[2025-03-09T15:46:47.382+0000] {logging_mixin.py:190} INFO - [2025-03-09T15:46:47.382+0000] {dag.py:3239} INFO - Sync 1 DAGs
[2025-03-09T15:46:47.391+0000] {logging_mixin.py:190} INFO - [2025-03-09T15:46:47.391+0000] {dag.py:4180} INFO - Setting next_dagrun for example_time_delta_sensor_async to None, run_after=None
[2025-03-09T15:46:47.404+0000] {processor.py:208} INFO - Processing /home/airflow/.local/lib/python3.12/site-packages/airflow/example_dags/example_time_delta_sensor_async.py took 0.047 seconds
[2025-03-09T15:47:18.596+0000] {processor.py:186} INFO - Started process (PID=1151) to work on /home/airflow/.local/lib/python3.12/site-packages/airflow/example_dags/example_time_delta_sensor_async.py
[2025-03-09T15:47:18.597+0000] {processor.py:914} INFO - Processing file /home/airflow/.local/lib/python3.12/site-packages/airflow/example_dags/example_time_delta_sensor_async.py for tasks to queue
[2025-03-09T15:47:18.598+0000] {logging_mixin.py:190} INFO - [2025-03-09T15:47:18.598+0000] {dagbag.py:588} INFO - Filling up the DagBag from /home/airflow/.local/lib/python3.12/site-packages/airflow/example_dags/example_time_delta_sensor_async.py
[2025-03-09T15:47:18.602+0000] {processor.py:925} INFO - DAG(s) 'example_time_delta_sensor_async' retrieved from /home/airflow/.local/lib/python3.12/site-packages/airflow/example_dags/example_time_delta_sensor_async.py
[2025-03-09T15:47:18.617+0000] {logging_mixin.py:190} INFO - [2025-03-09T15:47:18.617+0000] {dag.py:3239} INFO - Sync 1 DAGs
[2025-03-09T15:47:18.628+0000] {logging_mixin.py:190} INFO - [2025-03-09T15:47:18.628+0000] {dag.py:4180} INFO - Setting next_dagrun for example_time_delta_sensor_async to None, run_after=None
[2025-03-09T15:47:18.641+0000] {processor.py:208} INFO - Processing /home/airflow/.local/lib/python3.12/site-packages/airflow/example_dags/example_time_delta_sensor_async.py took 0.049 seconds
[2025-03-09T15:47:49.399+0000] {processor.py:186} INFO - Started process (PID=1477) to work on /home/airflow/.local/lib/python3.12/site-packages/airflow/example_dags/example_time_delta_sensor_async.py
[2025-03-09T15:47:49.400+0000] {processor.py:914} INFO - Processing file /home/airflow/.local/lib/python3.12/site-packages/airflow/example_dags/example_time_delta_sensor_async.py for tasks to queue
[2025-03-09T15:47:49.401+0000] {logging_mixin.py:190} INFO - [2025-03-09T15:47:49.401+0000] {dagbag.py:588} INFO - Filling up the DagBag from /home/airflow/.local/lib/python3.12/site-packages/airflow/example_dags/example_time_delta_sensor_async.py
[2025-03-09T15:47:49.405+0000] {processor.py:925} INFO - DAG(s) 'example_time_delta_sensor_async' retrieved from /home/airflow/.local/lib/python3.12/site-packages/airflow/example_dags/example_time_delta_sensor_async.py
[2025-03-09T15:47:49.419+0000] {logging_mixin.py:190} INFO - [2025-03-09T15:47:49.419+0000] {dag.py:3239} INFO - Sync 1 DAGs
[2025-03-09T15:47:49.435+0000] {logging_mixin.py:190} INFO - [2025-03-09T15:47:49.434+0000] {dag.py:4180} INFO - Setting next_dagrun for example_time_delta_sensor_async to None, run_after=None
[2025-03-09T15:47:49.463+0000] {processor.py:208} INFO - Processing /home/airflow/.local/lib/python3.12/site-packages/airflow/example_dags/example_time_delta_sensor_async.py took 0.067 seconds
[2025-03-09T15:48:20.271+0000] {processor.py:186} INFO - Started process (PID=1801) to work on /home/airflow/.local/lib/python3.12/site-packages/airflow/example_dags/example_time_delta_sensor_async.py
[2025-03-09T15:48:20.271+0000] {processor.py:914} INFO - Processing file /home/airflow/.local/lib/python3.12/site-packages/airflow/example_dags/example_time_delta_sensor_async.py for tasks to queue
[2025-03-09T15:48:20.272+0000] {logging_mixin.py:190} INFO - [2025-03-09T15:48:20.272+0000] {dagbag.py:588} INFO - Filling up the DagBag from /home/airflow/.local/lib/python3.12/site-packages/airflow/example_dags/example_time_delta_sensor_async.py
[2025-03-09T15:48:20.276+0000] {processor.py:925} INFO - DAG(s) 'example_time_delta_sensor_async' retrieved from /home/airflow/.local/lib/python3.12/site-packages/airflow/example_dags/example_time_delta_sensor_async.py
[2025-03-09T15:48:20.288+0000] {logging_mixin.py:190} INFO - [2025-03-09T15:48:20.287+0000] {dag.py:3239} INFO - Sync 1 DAGs
[2025-03-09T15:48:20.296+0000] {logging_mixin.py:190} INFO - [2025-03-09T15:48:20.296+0000] {dag.py:4180} INFO - Setting next_dagrun for example_time_delta_sensor_async to None, run_after=None
[2025-03-09T15:48:20.308+0000] {processor.py:208} INFO - Processing /home/airflow/.local/lib/python3.12/site-packages/airflow/example_dags/example_time_delta_sensor_async.py took 0.041 seconds
[2025-03-09T15:48:51.242+0000] {processor.py:186} INFO - Started process (PID=2129) to work on /home/airflow/.local/lib/python3.12/site-packages/airflow/example_dags/example_time_delta_sensor_async.py
[2025-03-09T15:48:51.243+0000] {processor.py:914} INFO - Processing file /home/airflow/.local/lib/python3.12/site-packages/airflow/example_dags/example_time_delta_sensor_async.py for tasks to queue
[2025-03-09T15:48:51.244+0000] {logging_mixin.py:190} INFO - [2025-03-09T15:48:51.244+0000] {dagbag.py:588} INFO - Filling up the DagBag from /home/airflow/.local/lib/python3.12/site-packages/airflow/example_dags/example_time_delta_sensor_async.py
[2025-03-09T15:48:51.248+0000] {processor.py:925} INFO - DAG(s) 'example_time_delta_sensor_async' retrieved from /home/airflow/.local/lib/python3.12/site-packages/airflow/example_dags/example_time_delta_sensor_async.py
[2025-03-09T15:48:51.259+0000] {logging_mixin.py:190} INFO - [2025-03-09T15:48:51.259+0000] {dag.py:3239} INFO - Sync 1 DAGs
[2025-03-09T15:48:51.268+0000] {logging_mixin.py:190} INFO - [2025-03-09T15:48:51.267+0000] {dag.py:4180} INFO - Setting next_dagrun for example_time_delta_sensor_async to None, run_after=None
[2025-03-09T15:48:51.283+0000] {processor.py:208} INFO - Processing /home/airflow/.local/lib/python3.12/site-packages/airflow/example_dags/example_time_delta_sensor_async.py took 0.045 seconds
[2025-03-09T15:49:21.960+0000] {processor.py:186} INFO - Started process (PID=2453) to work on /home/airflow/.local/lib/python3.12/site-packages/airflow/example_dags/example_time_delta_sensor_async.py
[2025-03-09T15:49:21.960+0000] {processor.py:914} INFO - Processing file /home/airflow/.local/lib/python3.12/site-packages/airflow/example_dags/example_time_delta_sensor_async.py for tasks to queue
[2025-03-09T15:49:21.962+0000] {logging_mixin.py:190} INFO - [2025-03-09T15:49:21.961+0000] {dagbag.py:588} INFO - Filling up the DagBag from /home/airflow/.local/lib/python3.12/site-packages/airflow/example_dags/example_time_delta_sensor_async.py
[2025-03-09T15:49:21.965+0000] {processor.py:925} INFO - DAG(s) 'example_time_delta_sensor_async' retrieved from /home/airflow/.local/lib/python3.12/site-packages/airflow/example_dags/example_time_delta_sensor_async.py
[2025-03-09T15:49:21.979+0000] {logging_mixin.py:190} INFO - [2025-03-09T15:49:21.979+0000] {dag.py:3239} INFO - Sync 1 DAGs
[2025-03-09T15:49:21.987+0000] {logging_mixin.py:190} INFO - [2025-03-09T15:49:21.987+0000] {dag.py:4180} INFO - Setting next_dagrun for example_time_delta_sensor_async to None, run_after=None
[2025-03-09T15:49:21.999+0000] {processor.py:208} INFO - Processing /home/airflow/.local/lib/python3.12/site-packages/airflow/example_dags/example_time_delta_sensor_async.py took 0.042 seconds
[2025-03-09T15:49:52.914+0000] {processor.py:186} INFO - Started process (PID=2779) to work on /home/airflow/.local/lib/python3.12/site-packages/airflow/example_dags/example_time_delta_sensor_async.py
[2025-03-09T15:49:52.914+0000] {processor.py:914} INFO - Processing file /home/airflow/.local/lib/python3.12/site-packages/airflow/example_dags/example_time_delta_sensor_async.py for tasks to queue
[2025-03-09T15:49:52.915+0000] {logging_mixin.py:190} INFO - [2025-03-09T15:49:52.915+0000] {dagbag.py:588} INFO - Filling up the DagBag from /home/airflow/.local/lib/python3.12/site-packages/airflow/example_dags/example_time_delta_sensor_async.py
[2025-03-09T15:49:52.919+0000] {processor.py:925} INFO - DAG(s) 'example_time_delta_sensor_async' retrieved from /home/airflow/.local/lib/python3.12/site-packages/airflow/example_dags/example_time_delta_sensor_async.py
[2025-03-09T15:49:52.933+0000] {logging_mixin.py:190} INFO - [2025-03-09T15:49:52.933+0000] {dag.py:3239} INFO - Sync 1 DAGs
[2025-03-09T15:49:52.943+0000] {logging_mixin.py:190} INFO - [2025-03-09T15:49:52.943+0000] {dag.py:4180} INFO - Setting next_dagrun for example_time_delta_sensor_async to None, run_after=None
[2025-03-09T15:49:52.956+0000] {processor.py:208} INFO - Processing /home/airflow/.local/lib/python3.12/site-packages/airflow/example_dags/example_time_delta_sensor_async.py took 0.046 seconds
[2025-03-09T15:50:23.873+0000] {processor.py:186} INFO - Started process (PID=3105) to work on /home/airflow/.local/lib/python3.12/site-packages/airflow/example_dags/example_time_delta_sensor_async.py
[2025-03-09T15:50:23.874+0000] {processor.py:914} INFO - Processing file /home/airflow/.local/lib/python3.12/site-packages/airflow/example_dags/example_time_delta_sensor_async.py for tasks to queue
[2025-03-09T15:50:23.875+0000] {logging_mixin.py:190} INFO - [2025-03-09T15:50:23.875+0000] {dagbag.py:588} INFO - Filling up the DagBag from /home/airflow/.local/lib/python3.12/site-packages/airflow/example_dags/example_time_delta_sensor_async.py
[2025-03-09T15:50:23.880+0000] {processor.py:925} INFO - DAG(s) 'example_time_delta_sensor_async' retrieved from /home/airflow/.local/lib/python3.12/site-packages/airflow/example_dags/example_time_delta_sensor_async.py
[2025-03-09T15:50:23.895+0000] {logging_mixin.py:190} INFO - [2025-03-09T15:50:23.895+0000] {dag.py:3239} INFO - Sync 1 DAGs
[2025-03-09T15:50:23.907+0000] {logging_mixin.py:190} INFO - [2025-03-09T15:50:23.907+0000] {dag.py:4180} INFO - Setting next_dagrun for example_time_delta_sensor_async to None, run_after=None
[2025-03-09T15:50:23.921+0000] {processor.py:208} INFO - Processing /home/airflow/.local/lib/python3.12/site-packages/airflow/example_dags/example_time_delta_sensor_async.py took 0.052 seconds
[2025-03-09T15:50:54.801+0000] {processor.py:186} INFO - Started process (PID=3431) to work on /home/airflow/.local/lib/python3.12/site-packages/airflow/example_dags/example_time_delta_sensor_async.py
[2025-03-09T15:50:54.801+0000] {processor.py:914} INFO - Processing file /home/airflow/.local/lib/python3.12/site-packages/airflow/example_dags/example_time_delta_sensor_async.py for tasks to queue
[2025-03-09T15:50:54.802+0000] {logging_mixin.py:190} INFO - [2025-03-09T15:50:54.802+0000] {dagbag.py:588} INFO - Filling up the DagBag from /home/airflow/.local/lib/python3.12/site-packages/airflow/example_dags/example_time_delta_sensor_async.py
[2025-03-09T15:50:54.807+0000] {processor.py:925} INFO - DAG(s) 'example_time_delta_sensor_async' retrieved from /home/airflow/.local/lib/python3.12/site-packages/airflow/example_dags/example_time_delta_sensor_async.py
[2025-03-09T15:50:54.819+0000] {logging_mixin.py:190} INFO - [2025-03-09T15:50:54.819+0000] {dag.py:3239} INFO - Sync 1 DAGs
[2025-03-09T15:50:54.828+0000] {logging_mixin.py:190} INFO - [2025-03-09T15:50:54.828+0000] {dag.py:4180} INFO - Setting next_dagrun for example_time_delta_sensor_async to None, run_after=None
[2025-03-09T15:50:54.841+0000] {processor.py:208} INFO - Processing /home/airflow/.local/lib/python3.12/site-packages/airflow/example_dags/example_time_delta_sensor_async.py took 0.043 seconds
[2025-03-09T15:51:25.663+0000] {processor.py:186} INFO - Started process (PID=3757) to work on /home/airflow/.local/lib/python3.12/site-packages/airflow/example_dags/example_time_delta_sensor_async.py
[2025-03-09T15:51:25.663+0000] {processor.py:914} INFO - Processing file /home/airflow/.local/lib/python3.12/site-packages/airflow/example_dags/example_time_delta_sensor_async.py for tasks to queue
[2025-03-09T15:51:25.664+0000] {logging_mixin.py:190} INFO - [2025-03-09T15:51:25.664+0000] {dagbag.py:588} INFO - Filling up the DagBag from /home/airflow/.local/lib/python3.12/site-packages/airflow/example_dags/example_time_delta_sensor_async.py
[2025-03-09T15:51:25.668+0000] {processor.py:925} INFO - DAG(s) 'example_time_delta_sensor_async' retrieved from /home/airflow/.local/lib/python3.12/site-packages/airflow/example_dags/example_time_delta_sensor_async.py
[2025-03-09T15:51:25.684+0000] {logging_mixin.py:190} INFO - [2025-03-09T15:51:25.684+0000] {dag.py:3239} INFO - Sync 1 DAGs
[2025-03-09T15:51:25.697+0000] {logging_mixin.py:190} INFO - [2025-03-09T15:51:25.696+0000] {dag.py:4180} INFO - Setting next_dagrun for example_time_delta_sensor_async to None, run_after=None
[2025-03-09T15:51:25.713+0000] {processor.py:208} INFO - Processing /home/airflow/.local/lib/python3.12/site-packages/airflow/example_dags/example_time_delta_sensor_async.py took 0.054 seconds
[2025-03-09T15:51:56.769+0000] {processor.py:186} INFO - Started process (PID=4085) to work on /home/airflow/.local/lib/python3.12/site-packages/airflow/example_dags/example_time_delta_sensor_async.py
[2025-03-09T15:51:56.770+0000] {processor.py:914} INFO - Processing file /home/airflow/.local/lib/python3.12/site-packages/airflow/example_dags/example_time_delta_sensor_async.py for tasks to queue
[2025-03-09T15:51:56.771+0000] {logging_mixin.py:190} INFO - [2025-03-09T15:51:56.771+0000] {dagbag.py:588} INFO - Filling up the DagBag from /home/airflow/.local/lib/python3.12/site-packages/airflow/example_dags/example_time_delta_sensor_async.py
[2025-03-09T15:51:56.775+0000] {processor.py:925} INFO - DAG(s) 'example_time_delta_sensor_async' retrieved from /home/airflow/.local/lib/python3.12/site-packages/airflow/example_dags/example_time_delta_sensor_async.py
[2025-03-09T15:51:56.789+0000] {logging_mixin.py:190} INFO - [2025-03-09T15:51:56.789+0000] {dag.py:3239} INFO - Sync 1 DAGs
[2025-03-09T15:51:56.798+0000] {logging_mixin.py:190} INFO - [2025-03-09T15:51:56.797+0000] {dag.py:4180} INFO - Setting next_dagrun for example_time_delta_sensor_async to None, run_after=None
[2025-03-09T15:51:56.809+0000] {processor.py:208} INFO - Processing /home/airflow/.local/lib/python3.12/site-packages/airflow/example_dags/example_time_delta_sensor_async.py took 0.044 seconds
[2025-03-09T15:52:27.551+0000] {processor.py:186} INFO - Started process (PID=4409) to work on /home/airflow/.local/lib/python3.12/site-packages/airflow/example_dags/example_time_delta_sensor_async.py
[2025-03-09T15:52:27.551+0000] {processor.py:914} INFO - Processing file /home/airflow/.local/lib/python3.12/site-packages/airflow/example_dags/example_time_delta_sensor_async.py for tasks to queue
[2025-03-09T15:52:27.553+0000] {logging_mixin.py:190} INFO - [2025-03-09T15:52:27.553+0000] {dagbag.py:588} INFO - Filling up the DagBag from /home/airflow/.local/lib/python3.12/site-packages/airflow/example_dags/example_time_delta_sensor_async.py
[2025-03-09T15:52:27.558+0000] {processor.py:925} INFO - DAG(s) 'example_time_delta_sensor_async' retrieved from /home/airflow/.local/lib/python3.12/site-packages/airflow/example_dags/example_time_delta_sensor_async.py
[2025-03-09T15:52:27.570+0000] {logging_mixin.py:190} INFO - [2025-03-09T15:52:27.570+0000] {dag.py:3239} INFO - Sync 1 DAGs
[2025-03-09T15:52:27.579+0000] {logging_mixin.py:190} INFO - [2025-03-09T15:52:27.578+0000] {dag.py:4180} INFO - Setting next_dagrun for example_time_delta_sensor_async to None, run_after=None
[2025-03-09T15:52:27.598+0000] {processor.py:208} INFO - Processing /home/airflow/.local/lib/python3.12/site-packages/airflow/example_dags/example_time_delta_sensor_async.py took 0.050 seconds
[2025-03-09T15:52:58.149+0000] {processor.py:186} INFO - Started process (PID=4737) to work on /home/airflow/.local/lib/python3.12/site-packages/airflow/example_dags/example_time_delta_sensor_async.py
[2025-03-09T15:52:58.149+0000] {processor.py:914} INFO - Processing file /home/airflow/.local/lib/python3.12/site-packages/airflow/example_dags/example_time_delta_sensor_async.py for tasks to queue
[2025-03-09T15:52:58.150+0000] {logging_mixin.py:190} INFO - [2025-03-09T15:52:58.150+0000] {dagbag.py:588} INFO - Filling up the DagBag from /home/airflow/.local/lib/python3.12/site-packages/airflow/example_dags/example_time_delta_sensor_async.py
[2025-03-09T15:52:58.154+0000] {processor.py:925} INFO - DAG(s) 'example_time_delta_sensor_async' retrieved from /home/airflow/.local/lib/python3.12/site-packages/airflow/example_dags/example_time_delta_sensor_async.py
[2025-03-09T15:52:58.169+0000] {logging_mixin.py:190} INFO - [2025-03-09T15:52:58.168+0000] {dag.py:3239} INFO - Sync 1 DAGs
[2025-03-09T15:52:58.177+0000] {logging_mixin.py:190} INFO - [2025-03-09T15:52:58.177+0000] {dag.py:4180} INFO - Setting next_dagrun for example_time_delta_sensor_async to None, run_after=None
[2025-03-09T15:52:58.192+0000] {processor.py:208} INFO - Processing /home/airflow/.local/lib/python3.12/site-packages/airflow/example_dags/example_time_delta_sensor_async.py took 0.047 seconds
[2025-03-09T15:53:28.840+0000] {processor.py:186} INFO - Started process (PID=5061) to work on /home/airflow/.local/lib/python3.12/site-packages/airflow/example_dags/example_time_delta_sensor_async.py
[2025-03-09T15:53:28.841+0000] {processor.py:914} INFO - Processing file /home/airflow/.local/lib/python3.12/site-packages/airflow/example_dags/example_time_delta_sensor_async.py for tasks to queue
[2025-03-09T15:53:28.842+0000] {logging_mixin.py:190} INFO - [2025-03-09T15:53:28.842+0000] {dagbag.py:588} INFO - Filling up the DagBag from /home/airflow/.local/lib/python3.12/site-packages/airflow/example_dags/example_time_delta_sensor_async.py
[2025-03-09T15:53:28.847+0000] {processor.py:925} INFO - DAG(s) 'example_time_delta_sensor_async' retrieved from /home/airflow/.local/lib/python3.12/site-packages/airflow/example_dags/example_time_delta_sensor_async.py
[2025-03-09T15:53:28.863+0000] {logging_mixin.py:190} INFO - [2025-03-09T15:53:28.862+0000] {dag.py:3239} INFO - Sync 1 DAGs
[2025-03-09T15:53:28.882+0000] {logging_mixin.py:190} INFO - [2025-03-09T15:53:28.882+0000] {dag.py:4180} INFO - Setting next_dagrun for example_time_delta_sensor_async to None, run_after=None
[2025-03-09T15:53:28.898+0000] {processor.py:208} INFO - Processing /home/airflow/.local/lib/python3.12/site-packages/airflow/example_dags/example_time_delta_sensor_async.py took 0.061 seconds
[2025-03-09T15:53:59.685+0000] {processor.py:186} INFO - Started process (PID=5386) to work on /home/airflow/.local/lib/python3.12/site-packages/airflow/example_dags/example_time_delta_sensor_async.py
[2025-03-09T15:53:59.686+0000] {processor.py:914} INFO - Processing file /home/airflow/.local/lib/python3.12/site-packages/airflow/example_dags/example_time_delta_sensor_async.py for tasks to queue
[2025-03-09T15:53:59.688+0000] {logging_mixin.py:190} INFO - [2025-03-09T15:53:59.687+0000] {dagbag.py:588} INFO - Filling up the DagBag from /home/airflow/.local/lib/python3.12/site-packages/airflow/example_dags/example_time_delta_sensor_async.py
[2025-03-09T15:53:59.696+0000] {processor.py:925} INFO - DAG(s) 'example_time_delta_sensor_async' retrieved from /home/airflow/.local/lib/python3.12/site-packages/airflow/example_dags/example_time_delta_sensor_async.py
[2025-03-09T15:53:59.710+0000] {logging_mixin.py:190} INFO - [2025-03-09T15:53:59.710+0000] {dag.py:3239} INFO - Sync 1 DAGs
[2025-03-09T15:53:59.719+0000] {logging_mixin.py:190} INFO - [2025-03-09T15:53:59.718+0000] {dag.py:4180} INFO - Setting next_dagrun for example_time_delta_sensor_async to None, run_after=None
[2025-03-09T15:53:59.732+0000] {processor.py:208} INFO - Processing /home/airflow/.local/lib/python3.12/site-packages/airflow/example_dags/example_time_delta_sensor_async.py took 0.051 seconds
[2025-03-09T15:54:30.488+0000] {processor.py:186} INFO - Started process (PID=5712) to work on /home/airflow/.local/lib/python3.12/site-packages/airflow/example_dags/example_time_delta_sensor_async.py
[2025-03-09T15:54:30.489+0000] {processor.py:914} INFO - Processing file /home/airflow/.local/lib/python3.12/site-packages/airflow/example_dags/example_time_delta_sensor_async.py for tasks to queue
[2025-03-09T15:54:30.491+0000] {logging_mixin.py:190} INFO - [2025-03-09T15:54:30.490+0000] {dagbag.py:588} INFO - Filling up the DagBag from /home/airflow/.local/lib/python3.12/site-packages/airflow/example_dags/example_time_delta_sensor_async.py
[2025-03-09T15:54:30.496+0000] {processor.py:925} INFO - DAG(s) 'example_time_delta_sensor_async' retrieved from /home/airflow/.local/lib/python3.12/site-packages/airflow/example_dags/example_time_delta_sensor_async.py
[2025-03-09T15:54:30.508+0000] {logging_mixin.py:190} INFO - [2025-03-09T15:54:30.508+0000] {dag.py:3239} INFO - Sync 1 DAGs
[2025-03-09T15:54:30.519+0000] {logging_mixin.py:190} INFO - [2025-03-09T15:54:30.519+0000] {dag.py:4180} INFO - Setting next_dagrun for example_time_delta_sensor_async to None, run_after=None
[2025-03-09T15:54:30.535+0000] {processor.py:208} INFO - Processing /home/airflow/.local/lib/python3.12/site-packages/airflow/example_dags/example_time_delta_sensor_async.py took 0.051 seconds
[2025-03-09T15:55:01.216+0000] {processor.py:186} INFO - Started process (PID=6038) to work on /home/airflow/.local/lib/python3.12/site-packages/airflow/example_dags/example_time_delta_sensor_async.py
[2025-03-09T15:55:01.216+0000] {processor.py:914} INFO - Processing file /home/airflow/.local/lib/python3.12/site-packages/airflow/example_dags/example_time_delta_sensor_async.py for tasks to queue
[2025-03-09T15:55:01.218+0000] {logging_mixin.py:190} INFO - [2025-03-09T15:55:01.217+0000] {dagbag.py:588} INFO - Filling up the DagBag from /home/airflow/.local/lib/python3.12/site-packages/airflow/example_dags/example_time_delta_sensor_async.py
[2025-03-09T15:55:01.222+0000] {processor.py:925} INFO - DAG(s) 'example_time_delta_sensor_async' retrieved from /home/airflow/.local/lib/python3.12/site-packages/airflow/example_dags/example_time_delta_sensor_async.py
[2025-03-09T15:55:01.237+0000] {logging_mixin.py:190} INFO - [2025-03-09T15:55:01.237+0000] {dag.py:3239} INFO - Sync 1 DAGs
[2025-03-09T15:55:01.246+0000] {logging_mixin.py:190} INFO - [2025-03-09T15:55:01.246+0000] {dag.py:4180} INFO - Setting next_dagrun for example_time_delta_sensor_async to None, run_after=None
[2025-03-09T15:55:01.261+0000] {processor.py:208} INFO - Processing /home/airflow/.local/lib/python3.12/site-packages/airflow/example_dags/example_time_delta_sensor_async.py took 0.050 seconds
[2025-03-09T15:55:32.367+0000] {processor.py:186} INFO - Started process (PID=6364) to work on /home/airflow/.local/lib/python3.12/site-packages/airflow/example_dags/example_time_delta_sensor_async.py
[2025-03-09T15:55:32.368+0000] {processor.py:914} INFO - Processing file /home/airflow/.local/lib/python3.12/site-packages/airflow/example_dags/example_time_delta_sensor_async.py for tasks to queue
[2025-03-09T15:55:32.369+0000] {logging_mixin.py:190} INFO - [2025-03-09T15:55:32.369+0000] {dagbag.py:588} INFO - Filling up the DagBag from /home/airflow/.local/lib/python3.12/site-packages/airflow/example_dags/example_time_delta_sensor_async.py
[2025-03-09T15:55:32.373+0000] {processor.py:925} INFO - DAG(s) 'example_time_delta_sensor_async' retrieved from /home/airflow/.local/lib/python3.12/site-packages/airflow/example_dags/example_time_delta_sensor_async.py
[2025-03-09T15:55:32.389+0000] {logging_mixin.py:190} INFO - [2025-03-09T15:55:32.389+0000] {dag.py:3239} INFO - Sync 1 DAGs
[2025-03-09T15:55:32.398+0000] {logging_mixin.py:190} INFO - [2025-03-09T15:55:32.398+0000] {dag.py:4180} INFO - Setting next_dagrun for example_time_delta_sensor_async to None, run_after=None
[2025-03-09T15:55:32.411+0000] {processor.py:208} INFO - Processing /home/airflow/.local/lib/python3.12/site-packages/airflow/example_dags/example_time_delta_sensor_async.py took 0.049 seconds
[2025-03-09T15:56:03.034+0000] {processor.py:186} INFO - Started process (PID=6692) to work on /home/airflow/.local/lib/python3.12/site-packages/airflow/example_dags/example_time_delta_sensor_async.py
[2025-03-09T15:56:03.035+0000] {processor.py:914} INFO - Processing file /home/airflow/.local/lib/python3.12/site-packages/airflow/example_dags/example_time_delta_sensor_async.py for tasks to queue
[2025-03-09T15:56:03.037+0000] {logging_mixin.py:190} INFO - [2025-03-09T15:56:03.037+0000] {dagbag.py:588} INFO - Filling up the DagBag from /home/airflow/.local/lib/python3.12/site-packages/airflow/example_dags/example_time_delta_sensor_async.py
[2025-03-09T15:56:03.043+0000] {processor.py:925} INFO - DAG(s) 'example_time_delta_sensor_async' retrieved from /home/airflow/.local/lib/python3.12/site-packages/airflow/example_dags/example_time_delta_sensor_async.py
[2025-03-09T15:56:03.056+0000] {logging_mixin.py:190} INFO - [2025-03-09T15:56:03.056+0000] {dag.py:3239} INFO - Sync 1 DAGs
[2025-03-09T15:56:03.064+0000] {logging_mixin.py:190} INFO - [2025-03-09T15:56:03.064+0000] {dag.py:4180} INFO - Setting next_dagrun for example_time_delta_sensor_async to None, run_after=None
[2025-03-09T15:56:03.080+0000] {processor.py:208} INFO - Processing /home/airflow/.local/lib/python3.12/site-packages/airflow/example_dags/example_time_delta_sensor_async.py took 0.053 seconds
[2025-03-09T15:56:33.777+0000] {processor.py:186} INFO - Started process (PID=7018) to work on /home/airflow/.local/lib/python3.12/site-packages/airflow/example_dags/example_time_delta_sensor_async.py
[2025-03-09T15:56:33.778+0000] {processor.py:914} INFO - Processing file /home/airflow/.local/lib/python3.12/site-packages/airflow/example_dags/example_time_delta_sensor_async.py for tasks to queue
[2025-03-09T15:56:33.779+0000] {logging_mixin.py:190} INFO - [2025-03-09T15:56:33.779+0000] {dagbag.py:588} INFO - Filling up the DagBag from /home/airflow/.local/lib/python3.12/site-packages/airflow/example_dags/example_time_delta_sensor_async.py
[2025-03-09T15:56:33.783+0000] {processor.py:925} INFO - DAG(s) 'example_time_delta_sensor_async' retrieved from /home/airflow/.local/lib/python3.12/site-packages/airflow/example_dags/example_time_delta_sensor_async.py
[2025-03-09T15:56:33.799+0000] {logging_mixin.py:190} INFO - [2025-03-09T15:56:33.798+0000] {dag.py:3239} INFO - Sync 1 DAGs
[2025-03-09T15:56:33.810+0000] {logging_mixin.py:190} INFO - [2025-03-09T15:56:33.810+0000] {dag.py:4180} INFO - Setting next_dagrun for example_time_delta_sensor_async to None, run_after=None
[2025-03-09T15:56:33.825+0000] {processor.py:208} INFO - Processing /home/airflow/.local/lib/python3.12/site-packages/airflow/example_dags/example_time_delta_sensor_async.py took 0.052 seconds
[2025-03-09T15:57:04.779+0000] {processor.py:186} INFO - Started process (PID=7342) to work on /home/airflow/.local/lib/python3.12/site-packages/airflow/example_dags/example_time_delta_sensor_async.py
[2025-03-09T15:57:04.780+0000] {processor.py:914} INFO - Processing file /home/airflow/.local/lib/python3.12/site-packages/airflow/example_dags/example_time_delta_sensor_async.py for tasks to queue
[2025-03-09T15:57:04.781+0000] {logging_mixin.py:190} INFO - [2025-03-09T15:57:04.781+0000] {dagbag.py:588} INFO - Filling up the DagBag from /home/airflow/.local/lib/python3.12/site-packages/airflow/example_dags/example_time_delta_sensor_async.py
[2025-03-09T15:57:04.785+0000] {processor.py:925} INFO - DAG(s) 'example_time_delta_sensor_async' retrieved from /home/airflow/.local/lib/python3.12/site-packages/airflow/example_dags/example_time_delta_sensor_async.py
[2025-03-09T15:57:04.801+0000] {logging_mixin.py:190} INFO - [2025-03-09T15:57:04.801+0000] {dag.py:3239} INFO - Sync 1 DAGs
[2025-03-09T15:57:04.809+0000] {logging_mixin.py:190} INFO - [2025-03-09T15:57:04.809+0000] {dag.py:4180} INFO - Setting next_dagrun for example_time_delta_sensor_async to None, run_after=None
[2025-03-09T15:57:04.821+0000] {processor.py:208} INFO - Processing /home/airflow/.local/lib/python3.12/site-packages/airflow/example_dags/example_time_delta_sensor_async.py took 0.047 seconds
[2025-03-09T15:57:35.749+0000] {processor.py:186} INFO - Started process (PID=7668) to work on /home/airflow/.local/lib/python3.12/site-packages/airflow/example_dags/example_time_delta_sensor_async.py
[2025-03-09T15:57:35.749+0000] {processor.py:914} INFO - Processing file /home/airflow/.local/lib/python3.12/site-packages/airflow/example_dags/example_time_delta_sensor_async.py for tasks to queue
[2025-03-09T15:57:35.750+0000] {logging_mixin.py:190} INFO - [2025-03-09T15:57:35.750+0000] {dagbag.py:588} INFO - Filling up the DagBag from /home/airflow/.local/lib/python3.12/site-packages/airflow/example_dags/example_time_delta_sensor_async.py
[2025-03-09T15:57:35.754+0000] {processor.py:925} INFO - DAG(s) 'example_time_delta_sensor_async' retrieved from /home/airflow/.local/lib/python3.12/site-packages/airflow/example_dags/example_time_delta_sensor_async.py
[2025-03-09T15:57:35.766+0000] {logging_mixin.py:190} INFO - [2025-03-09T15:57:35.765+0000] {dag.py:3239} INFO - Sync 1 DAGs
[2025-03-09T15:57:35.775+0000] {logging_mixin.py:190} INFO - [2025-03-09T15:57:35.775+0000] {dag.py:4180} INFO - Setting next_dagrun for example_time_delta_sensor_async to None, run_after=None
[2025-03-09T15:57:35.791+0000] {processor.py:208} INFO - Processing /home/airflow/.local/lib/python3.12/site-packages/airflow/example_dags/example_time_delta_sensor_async.py took 0.046 seconds
[2025-03-09T15:58:06.635+0000] {processor.py:186} INFO - Started process (PID=7996) to work on /home/airflow/.local/lib/python3.12/site-packages/airflow/example_dags/example_time_delta_sensor_async.py
[2025-03-09T15:58:06.636+0000] {processor.py:914} INFO - Processing file /home/airflow/.local/lib/python3.12/site-packages/airflow/example_dags/example_time_delta_sensor_async.py for tasks to queue
[2025-03-09T15:58:06.637+0000] {logging_mixin.py:190} INFO - [2025-03-09T15:58:06.637+0000] {dagbag.py:588} INFO - Filling up the DagBag from /home/airflow/.local/lib/python3.12/site-packages/airflow/example_dags/example_time_delta_sensor_async.py
[2025-03-09T15:58:06.641+0000] {processor.py:925} INFO - DAG(s) 'example_time_delta_sensor_async' retrieved from /home/airflow/.local/lib/python3.12/site-packages/airflow/example_dags/example_time_delta_sensor_async.py
[2025-03-09T15:58:06.663+0000] {logging_mixin.py:190} INFO - [2025-03-09T15:58:06.663+0000] {dag.py:3239} INFO - Sync 1 DAGs
[2025-03-09T15:58:06.674+0000] {logging_mixin.py:190} INFO - [2025-03-09T15:58:06.673+0000] {dag.py:4180} INFO - Setting next_dagrun for example_time_delta_sensor_async to None, run_after=None
[2025-03-09T15:58:06.698+0000] {processor.py:208} INFO - Processing /home/airflow/.local/lib/python3.12/site-packages/airflow/example_dags/example_time_delta_sensor_async.py took 0.066 seconds
[2025-03-09T15:58:37.873+0000] {processor.py:186} INFO - Started process (PID=8322) to work on /home/airflow/.local/lib/python3.12/site-packages/airflow/example_dags/example_time_delta_sensor_async.py
[2025-03-09T15:58:37.874+0000] {processor.py:914} INFO - Processing file /home/airflow/.local/lib/python3.12/site-packages/airflow/example_dags/example_time_delta_sensor_async.py for tasks to queue
[2025-03-09T15:58:37.875+0000] {logging_mixin.py:190} INFO - [2025-03-09T15:58:37.875+0000] {dagbag.py:588} INFO - Filling up the DagBag from /home/airflow/.local/lib/python3.12/site-packages/airflow/example_dags/example_time_delta_sensor_async.py
[2025-03-09T15:58:37.879+0000] {processor.py:925} INFO - DAG(s) 'example_time_delta_sensor_async' retrieved from /home/airflow/.local/lib/python3.12/site-packages/airflow/example_dags/example_time_delta_sensor_async.py
[2025-03-09T15:58:37.891+0000] {logging_mixin.py:190} INFO - [2025-03-09T15:58:37.891+0000] {dag.py:3239} INFO - Sync 1 DAGs
[2025-03-09T15:58:37.901+0000] {logging_mixin.py:190} INFO - [2025-03-09T15:58:37.900+0000] {dag.py:4180} INFO - Setting next_dagrun for example_time_delta_sensor_async to None, run_after=None
[2025-03-09T15:58:37.913+0000] {processor.py:208} INFO - Processing /home/airflow/.local/lib/python3.12/site-packages/airflow/example_dags/example_time_delta_sensor_async.py took 0.044 seconds
[2025-03-09T15:59:09.169+0000] {processor.py:186} INFO - Started process (PID=8646) to work on /home/airflow/.local/lib/python3.12/site-packages/airflow/example_dags/example_time_delta_sensor_async.py
[2025-03-09T15:59:09.170+0000] {processor.py:914} INFO - Processing file /home/airflow/.local/lib/python3.12/site-packages/airflow/example_dags/example_time_delta_sensor_async.py for tasks to queue
[2025-03-09T15:59:09.171+0000] {logging_mixin.py:190} INFO - [2025-03-09T15:59:09.171+0000] {dagbag.py:588} INFO - Filling up the DagBag from /home/airflow/.local/lib/python3.12/site-packages/airflow/example_dags/example_time_delta_sensor_async.py
[2025-03-09T15:59:09.176+0000] {processor.py:925} INFO - DAG(s) 'example_time_delta_sensor_async' retrieved from /home/airflow/.local/lib/python3.12/site-packages/airflow/example_dags/example_time_delta_sensor_async.py
[2025-03-09T15:59:09.193+0000] {logging_mixin.py:190} INFO - [2025-03-09T15:59:09.192+0000] {dag.py:3239} INFO - Sync 1 DAGs
[2025-03-09T15:59:09.206+0000] {logging_mixin.py:190} INFO - [2025-03-09T15:59:09.206+0000] {dag.py:4180} INFO - Setting next_dagrun for example_time_delta_sensor_async to None, run_after=None
[2025-03-09T15:59:09.225+0000] {processor.py:208} INFO - Processing /home/airflow/.local/lib/python3.12/site-packages/airflow/example_dags/example_time_delta_sensor_async.py took 0.060 seconds
[2025-03-09T15:59:40.003+0000] {processor.py:186} INFO - Started process (PID=8972) to work on /home/airflow/.local/lib/python3.12/site-packages/airflow/example_dags/example_time_delta_sensor_async.py
[2025-03-09T15:59:40.003+0000] {processor.py:914} INFO - Processing file /home/airflow/.local/lib/python3.12/site-packages/airflow/example_dags/example_time_delta_sensor_async.py for tasks to queue
[2025-03-09T15:59:40.004+0000] {logging_mixin.py:190} INFO - [2025-03-09T15:59:40.004+0000] {dagbag.py:588} INFO - Filling up the DagBag from /home/airflow/.local/lib/python3.12/site-packages/airflow/example_dags/example_time_delta_sensor_async.py
[2025-03-09T15:59:40.008+0000] {processor.py:925} INFO - DAG(s) 'example_time_delta_sensor_async' retrieved from /home/airflow/.local/lib/python3.12/site-packages/airflow/example_dags/example_time_delta_sensor_async.py
[2025-03-09T15:59:40.022+0000] {logging_mixin.py:190} INFO - [2025-03-09T15:59:40.022+0000] {dag.py:3239} INFO - Sync 1 DAGs
[2025-03-09T15:59:40.031+0000] {logging_mixin.py:190} INFO - [2025-03-09T15:59:40.031+0000] {dag.py:4180} INFO - Setting next_dagrun for example_time_delta_sensor_async to None, run_after=None
[2025-03-09T15:59:40.048+0000] {processor.py:208} INFO - Processing /home/airflow/.local/lib/python3.12/site-packages/airflow/example_dags/example_time_delta_sensor_async.py took 0.049 seconds
[2025-03-09T16:00:10.421+0000] {processor.py:186} INFO - Started process (PID=9300) to work on /home/airflow/.local/lib/python3.12/site-packages/airflow/example_dags/example_time_delta_sensor_async.py
[2025-03-09T16:00:10.422+0000] {processor.py:914} INFO - Processing file /home/airflow/.local/lib/python3.12/site-packages/airflow/example_dags/example_time_delta_sensor_async.py for tasks to queue
[2025-03-09T16:00:10.423+0000] {logging_mixin.py:190} INFO - [2025-03-09T16:00:10.423+0000] {dagbag.py:588} INFO - Filling up the DagBag from /home/airflow/.local/lib/python3.12/site-packages/airflow/example_dags/example_time_delta_sensor_async.py
[2025-03-09T16:00:10.427+0000] {processor.py:925} INFO - DAG(s) 'example_time_delta_sensor_async' retrieved from /home/airflow/.local/lib/python3.12/site-packages/airflow/example_dags/example_time_delta_sensor_async.py
[2025-03-09T16:00:10.441+0000] {logging_mixin.py:190} INFO - [2025-03-09T16:00:10.441+0000] {dag.py:3239} INFO - Sync 1 DAGs
[2025-03-09T16:00:10.450+0000] {logging_mixin.py:190} INFO - [2025-03-09T16:00:10.450+0000] {dag.py:4180} INFO - Setting next_dagrun for example_time_delta_sensor_async to None, run_after=None
[2025-03-09T16:00:10.463+0000] {processor.py:208} INFO - Processing /home/airflow/.local/lib/python3.12/site-packages/airflow/example_dags/example_time_delta_sensor_async.py took 0.046 seconds
[2025-03-09T16:00:41.054+0000] {processor.py:186} INFO - Started process (PID=9624) to work on /home/airflow/.local/lib/python3.12/site-packages/airflow/example_dags/example_time_delta_sensor_async.py
[2025-03-09T16:00:41.055+0000] {processor.py:914} INFO - Processing file /home/airflow/.local/lib/python3.12/site-packages/airflow/example_dags/example_time_delta_sensor_async.py for tasks to queue
[2025-03-09T16:00:41.056+0000] {logging_mixin.py:190} INFO - [2025-03-09T16:00:41.056+0000] {dagbag.py:588} INFO - Filling up the DagBag from /home/airflow/.local/lib/python3.12/site-packages/airflow/example_dags/example_time_delta_sensor_async.py
[2025-03-09T16:00:41.060+0000] {processor.py:925} INFO - DAG(s) 'example_time_delta_sensor_async' retrieved from /home/airflow/.local/lib/python3.12/site-packages/airflow/example_dags/example_time_delta_sensor_async.py
[2025-03-09T16:00:41.073+0000] {logging_mixin.py:190} INFO - [2025-03-09T16:00:41.073+0000] {dag.py:3239} INFO - Sync 1 DAGs
[2025-03-09T16:00:41.082+0000] {logging_mixin.py:190} INFO - [2025-03-09T16:00:41.081+0000] {dag.py:4180} INFO - Setting next_dagrun for example_time_delta_sensor_async to None, run_after=None
[2025-03-09T16:00:41.097+0000] {processor.py:208} INFO - Processing /home/airflow/.local/lib/python3.12/site-packages/airflow/example_dags/example_time_delta_sensor_async.py took 0.047 seconds
[2025-03-09T16:01:11.610+0000] {processor.py:186} INFO - Started process (PID=9950) to work on /home/airflow/.local/lib/python3.12/site-packages/airflow/example_dags/example_time_delta_sensor_async.py
[2025-03-09T16:01:11.611+0000] {processor.py:914} INFO - Processing file /home/airflow/.local/lib/python3.12/site-packages/airflow/example_dags/example_time_delta_sensor_async.py for tasks to queue
[2025-03-09T16:01:11.613+0000] {logging_mixin.py:190} INFO - [2025-03-09T16:01:11.612+0000] {dagbag.py:588} INFO - Filling up the DagBag from /home/airflow/.local/lib/python3.12/site-packages/airflow/example_dags/example_time_delta_sensor_async.py
[2025-03-09T16:01:11.617+0000] {processor.py:925} INFO - DAG(s) 'example_time_delta_sensor_async' retrieved from /home/airflow/.local/lib/python3.12/site-packages/airflow/example_dags/example_time_delta_sensor_async.py
[2025-03-09T16:01:11.632+0000] {logging_mixin.py:190} INFO - [2025-03-09T16:01:11.632+0000] {dag.py:3239} INFO - Sync 1 DAGs
[2025-03-09T16:01:11.641+0000] {logging_mixin.py:190} INFO - [2025-03-09T16:01:11.641+0000] {dag.py:4180} INFO - Setting next_dagrun for example_time_delta_sensor_async to None, run_after=None
[2025-03-09T16:01:11.653+0000] {processor.py:208} INFO - Processing /home/airflow/.local/lib/python3.12/site-packages/airflow/example_dags/example_time_delta_sensor_async.py took 0.046 seconds
[2025-03-09T16:01:42.110+0000] {processor.py:186} INFO - Started process (PID=10276) to work on /home/airflow/.local/lib/python3.12/site-packages/airflow/example_dags/example_time_delta_sensor_async.py
[2025-03-09T16:01:42.111+0000] {processor.py:914} INFO - Processing file /home/airflow/.local/lib/python3.12/site-packages/airflow/example_dags/example_time_delta_sensor_async.py for tasks to queue
[2025-03-09T16:01:42.112+0000] {logging_mixin.py:190} INFO - [2025-03-09T16:01:42.112+0000] {dagbag.py:588} INFO - Filling up the DagBag from /home/airflow/.local/lib/python3.12/site-packages/airflow/example_dags/example_time_delta_sensor_async.py
[2025-03-09T16:01:42.116+0000] {processor.py:925} INFO - DAG(s) 'example_time_delta_sensor_async' retrieved from /home/airflow/.local/lib/python3.12/site-packages/airflow/example_dags/example_time_delta_sensor_async.py
[2025-03-09T16:01:42.130+0000] {logging_mixin.py:190} INFO - [2025-03-09T16:01:42.130+0000] {dag.py:3239} INFO - Sync 1 DAGs
[2025-03-09T16:01:42.139+0000] {logging_mixin.py:190} INFO - [2025-03-09T16:01:42.139+0000] {dag.py:4180} INFO - Setting next_dagrun for example_time_delta_sensor_async to None, run_after=None
[2025-03-09T16:01:42.152+0000] {processor.py:208} INFO - Processing /home/airflow/.local/lib/python3.12/site-packages/airflow/example_dags/example_time_delta_sensor_async.py took 0.047 seconds
[2025-03-09T16:02:12.703+0000] {processor.py:186} INFO - Started process (PID=10602) to work on /home/airflow/.local/lib/python3.12/site-packages/airflow/example_dags/example_time_delta_sensor_async.py
[2025-03-09T16:02:12.704+0000] {processor.py:914} INFO - Processing file /home/airflow/.local/lib/python3.12/site-packages/airflow/example_dags/example_time_delta_sensor_async.py for tasks to queue
[2025-03-09T16:02:12.708+0000] {logging_mixin.py:190} INFO - [2025-03-09T16:02:12.708+0000] {dagbag.py:588} INFO - Filling up the DagBag from /home/airflow/.local/lib/python3.12/site-packages/airflow/example_dags/example_time_delta_sensor_async.py
[2025-03-09T16:02:12.715+0000] {processor.py:925} INFO - DAG(s) 'example_time_delta_sensor_async' retrieved from /home/airflow/.local/lib/python3.12/site-packages/airflow/example_dags/example_time_delta_sensor_async.py
[2025-03-09T16:02:12.735+0000] {logging_mixin.py:190} INFO - [2025-03-09T16:02:12.735+0000] {dag.py:3239} INFO - Sync 1 DAGs
[2025-03-09T16:02:12.746+0000] {logging_mixin.py:190} INFO - [2025-03-09T16:02:12.746+0000] {dag.py:4180} INFO - Setting next_dagrun for example_time_delta_sensor_async to None, run_after=None
[2025-03-09T16:02:12.761+0000] {processor.py:208} INFO - Processing /home/airflow/.local/lib/python3.12/site-packages/airflow/example_dags/example_time_delta_sensor_async.py took 0.064 seconds
[2025-03-09T16:02:43.429+0000] {processor.py:186} INFO - Started process (PID=10930) to work on /home/airflow/.local/lib/python3.12/site-packages/airflow/example_dags/example_time_delta_sensor_async.py
[2025-03-09T16:02:43.430+0000] {processor.py:914} INFO - Processing file /home/airflow/.local/lib/python3.12/site-packages/airflow/example_dags/example_time_delta_sensor_async.py for tasks to queue
[2025-03-09T16:02:43.431+0000] {logging_mixin.py:190} INFO - [2025-03-09T16:02:43.430+0000] {dagbag.py:588} INFO - Filling up the DagBag from /home/airflow/.local/lib/python3.12/site-packages/airflow/example_dags/example_time_delta_sensor_async.py
[2025-03-09T16:02:43.435+0000] {processor.py:925} INFO - DAG(s) 'example_time_delta_sensor_async' retrieved from /home/airflow/.local/lib/python3.12/site-packages/airflow/example_dags/example_time_delta_sensor_async.py
[2025-03-09T16:02:43.447+0000] {logging_mixin.py:190} INFO - [2025-03-09T16:02:43.447+0000] {dag.py:3239} INFO - Sync 1 DAGs
[2025-03-09T16:02:43.456+0000] {logging_mixin.py:190} INFO - [2025-03-09T16:02:43.455+0000] {dag.py:4180} INFO - Setting next_dagrun for example_time_delta_sensor_async to None, run_after=None
[2025-03-09T16:02:43.469+0000] {processor.py:208} INFO - Processing /home/airflow/.local/lib/python3.12/site-packages/airflow/example_dags/example_time_delta_sensor_async.py took 0.044 seconds
[2025-03-09T16:03:14.316+0000] {processor.py:186} INFO - Started process (PID=11256) to work on /home/airflow/.local/lib/python3.12/site-packages/airflow/example_dags/example_time_delta_sensor_async.py
[2025-03-09T16:03:14.317+0000] {processor.py:914} INFO - Processing file /home/airflow/.local/lib/python3.12/site-packages/airflow/example_dags/example_time_delta_sensor_async.py for tasks to queue
[2025-03-09T16:03:14.318+0000] {logging_mixin.py:190} INFO - [2025-03-09T16:03:14.318+0000] {dagbag.py:588} INFO - Filling up the DagBag from /home/airflow/.local/lib/python3.12/site-packages/airflow/example_dags/example_time_delta_sensor_async.py
[2025-03-09T16:03:14.322+0000] {processor.py:925} INFO - DAG(s) 'example_time_delta_sensor_async' retrieved from /home/airflow/.local/lib/python3.12/site-packages/airflow/example_dags/example_time_delta_sensor_async.py
[2025-03-09T16:03:14.336+0000] {logging_mixin.py:190} INFO - [2025-03-09T16:03:14.336+0000] {dag.py:3239} INFO - Sync 1 DAGs
[2025-03-09T16:03:14.348+0000] {logging_mixin.py:190} INFO - [2025-03-09T16:03:14.348+0000] {dag.py:4180} INFO - Setting next_dagrun for example_time_delta_sensor_async to None, run_after=None
[2025-03-09T16:03:14.370+0000] {processor.py:208} INFO - Processing /home/airflow/.local/lib/python3.12/site-packages/airflow/example_dags/example_time_delta_sensor_async.py took 0.059 seconds
[2025-03-09T16:03:45.004+0000] {processor.py:186} INFO - Started process (PID=11580) to work on /home/airflow/.local/lib/python3.12/site-packages/airflow/example_dags/example_time_delta_sensor_async.py
[2025-03-09T16:03:45.005+0000] {processor.py:914} INFO - Processing file /home/airflow/.local/lib/python3.12/site-packages/airflow/example_dags/example_time_delta_sensor_async.py for tasks to queue
[2025-03-09T16:03:45.006+0000] {logging_mixin.py:190} INFO - [2025-03-09T16:03:45.006+0000] {dagbag.py:588} INFO - Filling up the DagBag from /home/airflow/.local/lib/python3.12/site-packages/airflow/example_dags/example_time_delta_sensor_async.py
[2025-03-09T16:03:45.010+0000] {processor.py:925} INFO - DAG(s) 'example_time_delta_sensor_async' retrieved from /home/airflow/.local/lib/python3.12/site-packages/airflow/example_dags/example_time_delta_sensor_async.py
[2025-03-09T16:03:45.033+0000] {logging_mixin.py:190} INFO - [2025-03-09T16:03:45.033+0000] {dag.py:3239} INFO - Sync 1 DAGs
[2025-03-09T16:03:45.046+0000] {logging_mixin.py:190} INFO - [2025-03-09T16:03:45.046+0000] {dag.py:4180} INFO - Setting next_dagrun for example_time_delta_sensor_async to None, run_after=None
[2025-03-09T16:03:45.059+0000] {processor.py:208} INFO - Processing /home/airflow/.local/lib/python3.12/site-packages/airflow/example_dags/example_time_delta_sensor_async.py took 0.058 seconds
[2025-03-09T16:04:15.908+0000] {processor.py:186} INFO - Started process (PID=11906) to work on /home/airflow/.local/lib/python3.12/site-packages/airflow/example_dags/example_time_delta_sensor_async.py
[2025-03-09T16:04:15.908+0000] {processor.py:914} INFO - Processing file /home/airflow/.local/lib/python3.12/site-packages/airflow/example_dags/example_time_delta_sensor_async.py for tasks to queue
[2025-03-09T16:04:15.910+0000] {logging_mixin.py:190} INFO - [2025-03-09T16:04:15.910+0000] {dagbag.py:588} INFO - Filling up the DagBag from /home/airflow/.local/lib/python3.12/site-packages/airflow/example_dags/example_time_delta_sensor_async.py
[2025-03-09T16:04:15.917+0000] {processor.py:925} INFO - DAG(s) 'example_time_delta_sensor_async' retrieved from /home/airflow/.local/lib/python3.12/site-packages/airflow/example_dags/example_time_delta_sensor_async.py
[2025-03-09T16:04:15.933+0000] {logging_mixin.py:190} INFO - [2025-03-09T16:04:15.933+0000] {dag.py:3239} INFO - Sync 1 DAGs
[2025-03-09T16:04:15.943+0000] {logging_mixin.py:190} INFO - [2025-03-09T16:04:15.943+0000] {dag.py:4180} INFO - Setting next_dagrun for example_time_delta_sensor_async to None, run_after=None
[2025-03-09T16:04:15.956+0000] {processor.py:208} INFO - Processing /home/airflow/.local/lib/python3.12/site-packages/airflow/example_dags/example_time_delta_sensor_async.py took 0.054 seconds
[2025-03-09T16:04:46.899+0000] {processor.py:186} INFO - Started process (PID=12234) to work on /home/airflow/.local/lib/python3.12/site-packages/airflow/example_dags/example_time_delta_sensor_async.py
[2025-03-09T16:04:46.900+0000] {processor.py:914} INFO - Processing file /home/airflow/.local/lib/python3.12/site-packages/airflow/example_dags/example_time_delta_sensor_async.py for tasks to queue
[2025-03-09T16:04:46.902+0000] {logging_mixin.py:190} INFO - [2025-03-09T16:04:46.902+0000] {dagbag.py:588} INFO - Filling up the DagBag from /home/airflow/.local/lib/python3.12/site-packages/airflow/example_dags/example_time_delta_sensor_async.py
[2025-03-09T16:04:46.908+0000] {processor.py:925} INFO - DAG(s) 'example_time_delta_sensor_async' retrieved from /home/airflow/.local/lib/python3.12/site-packages/airflow/example_dags/example_time_delta_sensor_async.py
[2025-03-09T16:04:46.930+0000] {logging_mixin.py:190} INFO - [2025-03-09T16:04:46.930+0000] {dag.py:3239} INFO - Sync 1 DAGs
[2025-03-09T16:04:46.941+0000] {logging_mixin.py:190} INFO - [2025-03-09T16:04:46.941+0000] {dag.py:4180} INFO - Setting next_dagrun for example_time_delta_sensor_async to None, run_after=None
[2025-03-09T16:04:46.953+0000] {processor.py:208} INFO - Processing /home/airflow/.local/lib/python3.12/site-packages/airflow/example_dags/example_time_delta_sensor_async.py took 0.058 seconds
[2025-03-09T16:05:17.623+0000] {processor.py:186} INFO - Started process (PID=12558) to work on /home/airflow/.local/lib/python3.12/site-packages/airflow/example_dags/example_time_delta_sensor_async.py
[2025-03-09T16:05:17.624+0000] {processor.py:914} INFO - Processing file /home/airflow/.local/lib/python3.12/site-packages/airflow/example_dags/example_time_delta_sensor_async.py for tasks to queue
[2025-03-09T16:05:17.625+0000] {logging_mixin.py:190} INFO - [2025-03-09T16:05:17.624+0000] {dagbag.py:588} INFO - Filling up the DagBag from /home/airflow/.local/lib/python3.12/site-packages/airflow/example_dags/example_time_delta_sensor_async.py
[2025-03-09T16:05:17.629+0000] {processor.py:925} INFO - DAG(s) 'example_time_delta_sensor_async' retrieved from /home/airflow/.local/lib/python3.12/site-packages/airflow/example_dags/example_time_delta_sensor_async.py
[2025-03-09T16:05:17.640+0000] {logging_mixin.py:190} INFO - [2025-03-09T16:05:17.640+0000] {dag.py:3239} INFO - Sync 1 DAGs
[2025-03-09T16:05:17.649+0000] {logging_mixin.py:190} INFO - [2025-03-09T16:05:17.649+0000] {dag.py:4180} INFO - Setting next_dagrun for example_time_delta_sensor_async to None, run_after=None
[2025-03-09T16:05:17.664+0000] {processor.py:208} INFO - Processing /home/airflow/.local/lib/python3.12/site-packages/airflow/example_dags/example_time_delta_sensor_async.py took 0.044 seconds
[2025-03-09T16:05:48.180+0000] {processor.py:186} INFO - Started process (PID=12890) to work on /home/airflow/.local/lib/python3.12/site-packages/airflow/example_dags/example_time_delta_sensor_async.py
[2025-03-09T16:05:48.180+0000] {processor.py:914} INFO - Processing file /home/airflow/.local/lib/python3.12/site-packages/airflow/example_dags/example_time_delta_sensor_async.py for tasks to queue
[2025-03-09T16:05:48.181+0000] {logging_mixin.py:190} INFO - [2025-03-09T16:05:48.181+0000] {dagbag.py:588} INFO - Filling up the DagBag from /home/airflow/.local/lib/python3.12/site-packages/airflow/example_dags/example_time_delta_sensor_async.py
[2025-03-09T16:05:48.186+0000] {processor.py:925} INFO - DAG(s) 'example_time_delta_sensor_async' retrieved from /home/airflow/.local/lib/python3.12/site-packages/airflow/example_dags/example_time_delta_sensor_async.py
[2025-03-09T16:05:48.198+0000] {logging_mixin.py:190} INFO - [2025-03-09T16:05:48.198+0000] {dag.py:3239} INFO - Sync 1 DAGs
[2025-03-09T16:05:48.208+0000] {logging_mixin.py:190} INFO - [2025-03-09T16:05:48.208+0000] {dag.py:4180} INFO - Setting next_dagrun for example_time_delta_sensor_async to None, run_after=None
[2025-03-09T16:05:48.221+0000] {processor.py:208} INFO - Processing /home/airflow/.local/lib/python3.12/site-packages/airflow/example_dags/example_time_delta_sensor_async.py took 0.045 seconds
[2025-03-09T16:06:18.711+0000] {processor.py:186} INFO - Started process (PID=13216) to work on /home/airflow/.local/lib/python3.12/site-packages/airflow/example_dags/example_time_delta_sensor_async.py
[2025-03-09T16:06:18.711+0000] {processor.py:914} INFO - Processing file /home/airflow/.local/lib/python3.12/site-packages/airflow/example_dags/example_time_delta_sensor_async.py for tasks to queue
[2025-03-09T16:06:18.712+0000] {logging_mixin.py:190} INFO - [2025-03-09T16:06:18.712+0000] {dagbag.py:588} INFO - Filling up the DagBag from /home/airflow/.local/lib/python3.12/site-packages/airflow/example_dags/example_time_delta_sensor_async.py
[2025-03-09T16:06:18.716+0000] {processor.py:925} INFO - DAG(s) 'example_time_delta_sensor_async' retrieved from /home/airflow/.local/lib/python3.12/site-packages/airflow/example_dags/example_time_delta_sensor_async.py
[2025-03-09T16:06:18.728+0000] {logging_mixin.py:190} INFO - [2025-03-09T16:06:18.728+0000] {dag.py:3239} INFO - Sync 1 DAGs
[2025-03-09T16:06:18.736+0000] {logging_mixin.py:190} INFO - [2025-03-09T16:06:18.736+0000] {dag.py:4180} INFO - Setting next_dagrun for example_time_delta_sensor_async to None, run_after=None
[2025-03-09T16:06:18.748+0000] {processor.py:208} INFO - Processing /home/airflow/.local/lib/python3.12/site-packages/airflow/example_dags/example_time_delta_sensor_async.py took 0.041 seconds
[2025-03-09T16:06:49.381+0000] {processor.py:186} INFO - Started process (PID=13542) to work on /home/airflow/.local/lib/python3.12/site-packages/airflow/example_dags/example_time_delta_sensor_async.py
[2025-03-09T16:06:49.382+0000] {processor.py:914} INFO - Processing file /home/airflow/.local/lib/python3.12/site-packages/airflow/example_dags/example_time_delta_sensor_async.py for tasks to queue
[2025-03-09T16:06:49.383+0000] {logging_mixin.py:190} INFO - [2025-03-09T16:06:49.383+0000] {dagbag.py:588} INFO - Filling up the DagBag from /home/airflow/.local/lib/python3.12/site-packages/airflow/example_dags/example_time_delta_sensor_async.py
[2025-03-09T16:06:49.387+0000] {processor.py:925} INFO - DAG(s) 'example_time_delta_sensor_async' retrieved from /home/airflow/.local/lib/python3.12/site-packages/airflow/example_dags/example_time_delta_sensor_async.py
[2025-03-09T16:06:49.400+0000] {logging_mixin.py:190} INFO - [2025-03-09T16:06:49.400+0000] {dag.py:3239} INFO - Sync 1 DAGs
[2025-03-09T16:06:49.409+0000] {logging_mixin.py:190} INFO - [2025-03-09T16:06:49.409+0000] {dag.py:4180} INFO - Setting next_dagrun for example_time_delta_sensor_async to None, run_after=None
[2025-03-09T16:06:49.421+0000] {processor.py:208} INFO - Processing /home/airflow/.local/lib/python3.12/site-packages/airflow/example_dags/example_time_delta_sensor_async.py took 0.044 seconds
[2025-03-09T16:07:20.433+0000] {processor.py:186} INFO - Started process (PID=13868) to work on /home/airflow/.local/lib/python3.12/site-packages/airflow/example_dags/example_time_delta_sensor_async.py
[2025-03-09T16:07:20.434+0000] {processor.py:914} INFO - Processing file /home/airflow/.local/lib/python3.12/site-packages/airflow/example_dags/example_time_delta_sensor_async.py for tasks to queue
[2025-03-09T16:07:20.436+0000] {logging_mixin.py:190} INFO - [2025-03-09T16:07:20.436+0000] {dagbag.py:588} INFO - Filling up the DagBag from /home/airflow/.local/lib/python3.12/site-packages/airflow/example_dags/example_time_delta_sensor_async.py
[2025-03-09T16:07:20.443+0000] {processor.py:925} INFO - DAG(s) 'example_time_delta_sensor_async' retrieved from /home/airflow/.local/lib/python3.12/site-packages/airflow/example_dags/example_time_delta_sensor_async.py
[2025-03-09T16:07:20.456+0000] {logging_mixin.py:190} INFO - [2025-03-09T16:07:20.456+0000] {dag.py:3239} INFO - Sync 1 DAGs
[2025-03-09T16:07:20.465+0000] {logging_mixin.py:190} INFO - [2025-03-09T16:07:20.465+0000] {dag.py:4180} INFO - Setting next_dagrun for example_time_delta_sensor_async to None, run_after=None
[2025-03-09T16:07:20.478+0000] {processor.py:208} INFO - Processing /home/airflow/.local/lib/python3.12/site-packages/airflow/example_dags/example_time_delta_sensor_async.py took 0.050 seconds
[2025-03-09T16:07:50.864+0000] {processor.py:186} INFO - Started process (PID=14195) to work on /home/airflow/.local/lib/python3.12/site-packages/airflow/example_dags/example_time_delta_sensor_async.py
[2025-03-09T16:07:50.865+0000] {processor.py:914} INFO - Processing file /home/airflow/.local/lib/python3.12/site-packages/airflow/example_dags/example_time_delta_sensor_async.py for tasks to queue
[2025-03-09T16:07:50.866+0000] {logging_mixin.py:190} INFO - [2025-03-09T16:07:50.866+0000] {dagbag.py:588} INFO - Filling up the DagBag from /home/airflow/.local/lib/python3.12/site-packages/airflow/example_dags/example_time_delta_sensor_async.py
[2025-03-09T16:07:50.870+0000] {processor.py:925} INFO - DAG(s) 'example_time_delta_sensor_async' retrieved from /home/airflow/.local/lib/python3.12/site-packages/airflow/example_dags/example_time_delta_sensor_async.py
[2025-03-09T16:07:50.884+0000] {logging_mixin.py:190} INFO - [2025-03-09T16:07:50.883+0000] {dag.py:3239} INFO - Sync 1 DAGs
[2025-03-09T16:07:50.893+0000] {logging_mixin.py:190} INFO - [2025-03-09T16:07:50.893+0000] {dag.py:4180} INFO - Setting next_dagrun for example_time_delta_sensor_async to None, run_after=None
[2025-03-09T16:07:50.905+0000] {processor.py:208} INFO - Processing /home/airflow/.local/lib/python3.12/site-packages/airflow/example_dags/example_time_delta_sensor_async.py took 0.044 seconds
[2025-03-09T16:08:21.577+0000] {processor.py:186} INFO - Started process (PID=14521) to work on /home/airflow/.local/lib/python3.12/site-packages/airflow/example_dags/example_time_delta_sensor_async.py
[2025-03-09T16:08:21.578+0000] {processor.py:914} INFO - Processing file /home/airflow/.local/lib/python3.12/site-packages/airflow/example_dags/example_time_delta_sensor_async.py for tasks to queue
[2025-03-09T16:08:21.579+0000] {logging_mixin.py:190} INFO - [2025-03-09T16:08:21.579+0000] {dagbag.py:588} INFO - Filling up the DagBag from /home/airflow/.local/lib/python3.12/site-packages/airflow/example_dags/example_time_delta_sensor_async.py
[2025-03-09T16:08:21.583+0000] {processor.py:925} INFO - DAG(s) 'example_time_delta_sensor_async' retrieved from /home/airflow/.local/lib/python3.12/site-packages/airflow/example_dags/example_time_delta_sensor_async.py
[2025-03-09T16:08:21.597+0000] {logging_mixin.py:190} INFO - [2025-03-09T16:08:21.596+0000] {dag.py:3239} INFO - Sync 1 DAGs
[2025-03-09T16:08:21.611+0000] {logging_mixin.py:190} INFO - [2025-03-09T16:08:21.611+0000] {dag.py:4180} INFO - Setting next_dagrun for example_time_delta_sensor_async to None, run_after=None
[2025-03-09T16:08:21.626+0000] {processor.py:208} INFO - Processing /home/airflow/.local/lib/python3.12/site-packages/airflow/example_dags/example_time_delta_sensor_async.py took 0.053 seconds
[2025-03-09T16:08:52.679+0000] {processor.py:186} INFO - Started process (PID=14847) to work on /home/airflow/.local/lib/python3.12/site-packages/airflow/example_dags/example_time_delta_sensor_async.py
[2025-03-09T16:08:52.680+0000] {processor.py:914} INFO - Processing file /home/airflow/.local/lib/python3.12/site-packages/airflow/example_dags/example_time_delta_sensor_async.py for tasks to queue
[2025-03-09T16:08:52.681+0000] {logging_mixin.py:190} INFO - [2025-03-09T16:08:52.681+0000] {dagbag.py:588} INFO - Filling up the DagBag from /home/airflow/.local/lib/python3.12/site-packages/airflow/example_dags/example_time_delta_sensor_async.py
[2025-03-09T16:08:52.686+0000] {processor.py:925} INFO - DAG(s) 'example_time_delta_sensor_async' retrieved from /home/airflow/.local/lib/python3.12/site-packages/airflow/example_dags/example_time_delta_sensor_async.py
[2025-03-09T16:08:52.703+0000] {logging_mixin.py:190} INFO - [2025-03-09T16:08:52.702+0000] {dag.py:3239} INFO - Sync 1 DAGs
[2025-03-09T16:08:52.713+0000] {logging_mixin.py:190} INFO - [2025-03-09T16:08:52.713+0000] {dag.py:4180} INFO - Setting next_dagrun for example_time_delta_sensor_async to None, run_after=None
[2025-03-09T16:08:52.727+0000] {processor.py:208} INFO - Processing /home/airflow/.local/lib/python3.12/site-packages/airflow/example_dags/example_time_delta_sensor_async.py took 0.053 seconds
[2025-03-09T16:09:23.697+0000] {processor.py:186} INFO - Started process (PID=15173) to work on /home/airflow/.local/lib/python3.12/site-packages/airflow/example_dags/example_time_delta_sensor_async.py
[2025-03-09T16:09:23.698+0000] {processor.py:914} INFO - Processing file /home/airflow/.local/lib/python3.12/site-packages/airflow/example_dags/example_time_delta_sensor_async.py for tasks to queue
[2025-03-09T16:09:23.699+0000] {logging_mixin.py:190} INFO - [2025-03-09T16:09:23.699+0000] {dagbag.py:588} INFO - Filling up the DagBag from /home/airflow/.local/lib/python3.12/site-packages/airflow/example_dags/example_time_delta_sensor_async.py
[2025-03-09T16:09:23.703+0000] {processor.py:925} INFO - DAG(s) 'example_time_delta_sensor_async' retrieved from /home/airflow/.local/lib/python3.12/site-packages/airflow/example_dags/example_time_delta_sensor_async.py
[2025-03-09T16:09:23.718+0000] {logging_mixin.py:190} INFO - [2025-03-09T16:09:23.717+0000] {dag.py:3239} INFO - Sync 1 DAGs
[2025-03-09T16:09:23.731+0000] {logging_mixin.py:190} INFO - [2025-03-09T16:09:23.731+0000] {dag.py:4180} INFO - Setting next_dagrun for example_time_delta_sensor_async to None, run_after=None
[2025-03-09T16:09:23.750+0000] {processor.py:208} INFO - Processing /home/airflow/.local/lib/python3.12/site-packages/airflow/example_dags/example_time_delta_sensor_async.py took 0.056 seconds
[2025-03-09T16:09:54.507+0000] {processor.py:186} INFO - Started process (PID=15499) to work on /home/airflow/.local/lib/python3.12/site-packages/airflow/example_dags/example_time_delta_sensor_async.py
[2025-03-09T16:09:54.508+0000] {processor.py:914} INFO - Processing file /home/airflow/.local/lib/python3.12/site-packages/airflow/example_dags/example_time_delta_sensor_async.py for tasks to queue
[2025-03-09T16:09:54.509+0000] {logging_mixin.py:190} INFO - [2025-03-09T16:09:54.509+0000] {dagbag.py:588} INFO - Filling up the DagBag from /home/airflow/.local/lib/python3.12/site-packages/airflow/example_dags/example_time_delta_sensor_async.py
[2025-03-09T16:09:54.513+0000] {processor.py:925} INFO - DAG(s) 'example_time_delta_sensor_async' retrieved from /home/airflow/.local/lib/python3.12/site-packages/airflow/example_dags/example_time_delta_sensor_async.py
[2025-03-09T16:09:54.526+0000] {logging_mixin.py:190} INFO - [2025-03-09T16:09:54.526+0000] {dag.py:3239} INFO - Sync 1 DAGs
[2025-03-09T16:09:54.537+0000] {logging_mixin.py:190} INFO - [2025-03-09T16:09:54.537+0000] {dag.py:4180} INFO - Setting next_dagrun for example_time_delta_sensor_async to None, run_after=None
[2025-03-09T16:09:54.550+0000] {processor.py:208} INFO - Processing /home/airflow/.local/lib/python3.12/site-packages/airflow/example_dags/example_time_delta_sensor_async.py took 0.047 seconds
[2025-03-09T16:10:25.007+0000] {processor.py:186} INFO - Started process (PID=15825) to work on /home/airflow/.local/lib/python3.12/site-packages/airflow/example_dags/example_time_delta_sensor_async.py
[2025-03-09T16:10:25.008+0000] {processor.py:914} INFO - Processing file /home/airflow/.local/lib/python3.12/site-packages/airflow/example_dags/example_time_delta_sensor_async.py for tasks to queue
[2025-03-09T16:10:25.009+0000] {logging_mixin.py:190} INFO - [2025-03-09T16:10:25.009+0000] {dagbag.py:588} INFO - Filling up the DagBag from /home/airflow/.local/lib/python3.12/site-packages/airflow/example_dags/example_time_delta_sensor_async.py
[2025-03-09T16:10:25.014+0000] {processor.py:925} INFO - DAG(s) 'example_time_delta_sensor_async' retrieved from /home/airflow/.local/lib/python3.12/site-packages/airflow/example_dags/example_time_delta_sensor_async.py
[2025-03-09T16:10:25.026+0000] {logging_mixin.py:190} INFO - [2025-03-09T16:10:25.025+0000] {dag.py:3239} INFO - Sync 1 DAGs
[2025-03-09T16:10:25.035+0000] {logging_mixin.py:190} INFO - [2025-03-09T16:10:25.035+0000] {dag.py:4180} INFO - Setting next_dagrun for example_time_delta_sensor_async to None, run_after=None
[2025-03-09T16:10:25.049+0000] {processor.py:208} INFO - Processing /home/airflow/.local/lib/python3.12/site-packages/airflow/example_dags/example_time_delta_sensor_async.py took 0.047 seconds
[2025-03-09T16:10:55.415+0000] {processor.py:186} INFO - Started process (PID=16153) to work on /home/airflow/.local/lib/python3.12/site-packages/airflow/example_dags/example_time_delta_sensor_async.py
[2025-03-09T16:10:55.415+0000] {processor.py:914} INFO - Processing file /home/airflow/.local/lib/python3.12/site-packages/airflow/example_dags/example_time_delta_sensor_async.py for tasks to queue
[2025-03-09T16:10:55.417+0000] {logging_mixin.py:190} INFO - [2025-03-09T16:10:55.416+0000] {dagbag.py:588} INFO - Filling up the DagBag from /home/airflow/.local/lib/python3.12/site-packages/airflow/example_dags/example_time_delta_sensor_async.py
[2025-03-09T16:10:55.421+0000] {processor.py:925} INFO - DAG(s) 'example_time_delta_sensor_async' retrieved from /home/airflow/.local/lib/python3.12/site-packages/airflow/example_dags/example_time_delta_sensor_async.py
[2025-03-09T16:10:55.433+0000] {logging_mixin.py:190} INFO - [2025-03-09T16:10:55.433+0000] {dag.py:3239} INFO - Sync 1 DAGs
[2025-03-09T16:10:55.443+0000] {logging_mixin.py:190} INFO - [2025-03-09T16:10:55.443+0000] {dag.py:4180} INFO - Setting next_dagrun for example_time_delta_sensor_async to None, run_after=None
[2025-03-09T16:10:55.454+0000] {processor.py:208} INFO - Processing /home/airflow/.local/lib/python3.12/site-packages/airflow/example_dags/example_time_delta_sensor_async.py took 0.044 seconds
[2025-03-09T16:11:26.065+0000] {processor.py:186} INFO - Started process (PID=16479) to work on /home/airflow/.local/lib/python3.12/site-packages/airflow/example_dags/example_time_delta_sensor_async.py
[2025-03-09T16:11:26.066+0000] {processor.py:914} INFO - Processing file /home/airflow/.local/lib/python3.12/site-packages/airflow/example_dags/example_time_delta_sensor_async.py for tasks to queue
[2025-03-09T16:11:26.067+0000] {logging_mixin.py:190} INFO - [2025-03-09T16:11:26.067+0000] {dagbag.py:588} INFO - Filling up the DagBag from /home/airflow/.local/lib/python3.12/site-packages/airflow/example_dags/example_time_delta_sensor_async.py
[2025-03-09T16:11:26.071+0000] {processor.py:925} INFO - DAG(s) 'example_time_delta_sensor_async' retrieved from /home/airflow/.local/lib/python3.12/site-packages/airflow/example_dags/example_time_delta_sensor_async.py
[2025-03-09T16:11:26.086+0000] {logging_mixin.py:190} INFO - [2025-03-09T16:11:26.086+0000] {dag.py:3239} INFO - Sync 1 DAGs
[2025-03-09T16:11:26.095+0000] {logging_mixin.py:190} INFO - [2025-03-09T16:11:26.094+0000] {dag.py:4180} INFO - Setting next_dagrun for example_time_delta_sensor_async to None, run_after=None
[2025-03-09T16:11:26.109+0000] {processor.py:208} INFO - Processing /home/airflow/.local/lib/python3.12/site-packages/airflow/example_dags/example_time_delta_sensor_async.py took 0.049 seconds
[2025-03-09T16:11:57.011+0000] {processor.py:186} INFO - Started process (PID=16805) to work on /home/airflow/.local/lib/python3.12/site-packages/airflow/example_dags/example_time_delta_sensor_async.py
[2025-03-09T16:11:57.011+0000] {processor.py:914} INFO - Processing file /home/airflow/.local/lib/python3.12/site-packages/airflow/example_dags/example_time_delta_sensor_async.py for tasks to queue
[2025-03-09T16:11:57.013+0000] {logging_mixin.py:190} INFO - [2025-03-09T16:11:57.012+0000] {dagbag.py:588} INFO - Filling up the DagBag from /home/airflow/.local/lib/python3.12/site-packages/airflow/example_dags/example_time_delta_sensor_async.py
[2025-03-09T16:11:57.016+0000] {processor.py:925} INFO - DAG(s) 'example_time_delta_sensor_async' retrieved from /home/airflow/.local/lib/python3.12/site-packages/airflow/example_dags/example_time_delta_sensor_async.py
[2025-03-09T16:11:57.030+0000] {logging_mixin.py:190} INFO - [2025-03-09T16:11:57.030+0000] {dag.py:3239} INFO - Sync 1 DAGs
[2025-03-09T16:11:57.039+0000] {logging_mixin.py:190} INFO - [2025-03-09T16:11:57.039+0000] {dag.py:4180} INFO - Setting next_dagrun for example_time_delta_sensor_async to None, run_after=None
[2025-03-09T16:11:57.052+0000] {processor.py:208} INFO - Processing /home/airflow/.local/lib/python3.12/site-packages/airflow/example_dags/example_time_delta_sensor_async.py took 0.046 seconds
[2025-03-09T16:12:28.058+0000] {processor.py:186} INFO - Started process (PID=17129) to work on /home/airflow/.local/lib/python3.12/site-packages/airflow/example_dags/example_time_delta_sensor_async.py
[2025-03-09T16:12:28.058+0000] {processor.py:914} INFO - Processing file /home/airflow/.local/lib/python3.12/site-packages/airflow/example_dags/example_time_delta_sensor_async.py for tasks to queue
[2025-03-09T16:12:28.060+0000] {logging_mixin.py:190} INFO - [2025-03-09T16:12:28.059+0000] {dagbag.py:588} INFO - Filling up the DagBag from /home/airflow/.local/lib/python3.12/site-packages/airflow/example_dags/example_time_delta_sensor_async.py
[2025-03-09T16:12:28.064+0000] {processor.py:925} INFO - DAG(s) 'example_time_delta_sensor_async' retrieved from /home/airflow/.local/lib/python3.12/site-packages/airflow/example_dags/example_time_delta_sensor_async.py
[2025-03-09T16:12:28.083+0000] {logging_mixin.py:190} INFO - [2025-03-09T16:12:28.082+0000] {dag.py:3239} INFO - Sync 1 DAGs
[2025-03-09T16:12:28.095+0000] {logging_mixin.py:190} INFO - [2025-03-09T16:12:28.095+0000] {dag.py:4180} INFO - Setting next_dagrun for example_time_delta_sensor_async to None, run_after=None
[2025-03-09T16:12:28.116+0000] {processor.py:208} INFO - Processing /home/airflow/.local/lib/python3.12/site-packages/airflow/example_dags/example_time_delta_sensor_async.py took 0.061 seconds
[2025-03-09T16:12:59.331+0000] {processor.py:186} INFO - Started process (PID=17457) to work on /home/airflow/.local/lib/python3.12/site-packages/airflow/example_dags/example_time_delta_sensor_async.py
[2025-03-09T16:12:59.332+0000] {processor.py:914} INFO - Processing file /home/airflow/.local/lib/python3.12/site-packages/airflow/example_dags/example_time_delta_sensor_async.py for tasks to queue
[2025-03-09T16:12:59.333+0000] {logging_mixin.py:190} INFO - [2025-03-09T16:12:59.332+0000] {dagbag.py:588} INFO - Filling up the DagBag from /home/airflow/.local/lib/python3.12/site-packages/airflow/example_dags/example_time_delta_sensor_async.py
[2025-03-09T16:12:59.337+0000] {processor.py:925} INFO - DAG(s) 'example_time_delta_sensor_async' retrieved from /home/airflow/.local/lib/python3.12/site-packages/airflow/example_dags/example_time_delta_sensor_async.py
[2025-03-09T16:12:59.348+0000] {logging_mixin.py:190} INFO - [2025-03-09T16:12:59.348+0000] {dag.py:3239} INFO - Sync 1 DAGs
[2025-03-09T16:12:59.356+0000] {logging_mixin.py:190} INFO - [2025-03-09T16:12:59.355+0000] {dag.py:4180} INFO - Setting next_dagrun for example_time_delta_sensor_async to None, run_after=None
[2025-03-09T16:12:59.368+0000] {processor.py:208} INFO - Processing /home/airflow/.local/lib/python3.12/site-packages/airflow/example_dags/example_time_delta_sensor_async.py took 0.042 seconds
[2025-03-09T16:13:30.342+0000] {processor.py:186} INFO - Started process (PID=17781) to work on /home/airflow/.local/lib/python3.12/site-packages/airflow/example_dags/example_time_delta_sensor_async.py
[2025-03-09T16:13:30.344+0000] {processor.py:914} INFO - Processing file /home/airflow/.local/lib/python3.12/site-packages/airflow/example_dags/example_time_delta_sensor_async.py for tasks to queue
[2025-03-09T16:13:30.345+0000] {logging_mixin.py:190} INFO - [2025-03-09T16:13:30.345+0000] {dagbag.py:588} INFO - Filling up the DagBag from /home/airflow/.local/lib/python3.12/site-packages/airflow/example_dags/example_time_delta_sensor_async.py
[2025-03-09T16:13:30.350+0000] {processor.py:925} INFO - DAG(s) 'example_time_delta_sensor_async' retrieved from /home/airflow/.local/lib/python3.12/site-packages/airflow/example_dags/example_time_delta_sensor_async.py
[2025-03-09T16:13:30.362+0000] {logging_mixin.py:190} INFO - [2025-03-09T16:13:30.362+0000] {dag.py:3239} INFO - Sync 1 DAGs
[2025-03-09T16:13:30.371+0000] {logging_mixin.py:190} INFO - [2025-03-09T16:13:30.370+0000] {dag.py:4180} INFO - Setting next_dagrun for example_time_delta_sensor_async to None, run_after=None
[2025-03-09T16:13:30.383+0000] {processor.py:208} INFO - Processing /home/airflow/.local/lib/python3.12/site-packages/airflow/example_dags/example_time_delta_sensor_async.py took 0.045 seconds
[2025-03-09T16:14:01.244+0000] {processor.py:186} INFO - Started process (PID=18107) to work on /home/airflow/.local/lib/python3.12/site-packages/airflow/example_dags/example_time_delta_sensor_async.py
[2025-03-09T16:14:01.244+0000] {processor.py:914} INFO - Processing file /home/airflow/.local/lib/python3.12/site-packages/airflow/example_dags/example_time_delta_sensor_async.py for tasks to queue
[2025-03-09T16:14:01.246+0000] {logging_mixin.py:190} INFO - [2025-03-09T16:14:01.245+0000] {dagbag.py:588} INFO - Filling up the DagBag from /home/airflow/.local/lib/python3.12/site-packages/airflow/example_dags/example_time_delta_sensor_async.py
[2025-03-09T16:14:01.250+0000] {processor.py:925} INFO - DAG(s) 'example_time_delta_sensor_async' retrieved from /home/airflow/.local/lib/python3.12/site-packages/airflow/example_dags/example_time_delta_sensor_async.py
[2025-03-09T16:14:01.261+0000] {logging_mixin.py:190} INFO - [2025-03-09T16:14:01.261+0000] {dag.py:3239} INFO - Sync 1 DAGs
[2025-03-09T16:14:01.270+0000] {logging_mixin.py:190} INFO - [2025-03-09T16:14:01.270+0000] {dag.py:4180} INFO - Setting next_dagrun for example_time_delta_sensor_async to None, run_after=None
[2025-03-09T16:14:01.284+0000] {processor.py:208} INFO - Processing /home/airflow/.local/lib/python3.12/site-packages/airflow/example_dags/example_time_delta_sensor_async.py took 0.044 seconds
[2025-03-09T16:14:31.952+0000] {processor.py:186} INFO - Started process (PID=18433) to work on /home/airflow/.local/lib/python3.12/site-packages/airflow/example_dags/example_time_delta_sensor_async.py
[2025-03-09T16:14:31.953+0000] {processor.py:914} INFO - Processing file /home/airflow/.local/lib/python3.12/site-packages/airflow/example_dags/example_time_delta_sensor_async.py for tasks to queue
[2025-03-09T16:14:31.954+0000] {logging_mixin.py:190} INFO - [2025-03-09T16:14:31.954+0000] {dagbag.py:588} INFO - Filling up the DagBag from /home/airflow/.local/lib/python3.12/site-packages/airflow/example_dags/example_time_delta_sensor_async.py
[2025-03-09T16:14:31.958+0000] {processor.py:925} INFO - DAG(s) 'example_time_delta_sensor_async' retrieved from /home/airflow/.local/lib/python3.12/site-packages/airflow/example_dags/example_time_delta_sensor_async.py
[2025-03-09T16:14:31.972+0000] {logging_mixin.py:190} INFO - [2025-03-09T16:14:31.972+0000] {dag.py:3239} INFO - Sync 1 DAGs
[2025-03-09T16:14:31.981+0000] {logging_mixin.py:190} INFO - [2025-03-09T16:14:31.980+0000] {dag.py:4180} INFO - Setting next_dagrun for example_time_delta_sensor_async to None, run_after=None
[2025-03-09T16:14:31.993+0000] {processor.py:208} INFO - Processing /home/airflow/.local/lib/python3.12/site-packages/airflow/example_dags/example_time_delta_sensor_async.py took 0.044 seconds
[2025-03-09T16:15:02.808+0000] {processor.py:186} INFO - Started process (PID=18759) to work on /home/airflow/.local/lib/python3.12/site-packages/airflow/example_dags/example_time_delta_sensor_async.py
[2025-03-09T16:15:02.809+0000] {processor.py:914} INFO - Processing file /home/airflow/.local/lib/python3.12/site-packages/airflow/example_dags/example_time_delta_sensor_async.py for tasks to queue
[2025-03-09T16:15:02.810+0000] {logging_mixin.py:190} INFO - [2025-03-09T16:15:02.810+0000] {dagbag.py:588} INFO - Filling up the DagBag from /home/airflow/.local/lib/python3.12/site-packages/airflow/example_dags/example_time_delta_sensor_async.py
[2025-03-09T16:15:02.814+0000] {processor.py:925} INFO - DAG(s) 'example_time_delta_sensor_async' retrieved from /home/airflow/.local/lib/python3.12/site-packages/airflow/example_dags/example_time_delta_sensor_async.py
[2025-03-09T16:15:02.842+0000] {logging_mixin.py:190} INFO - [2025-03-09T16:15:02.842+0000] {dag.py:3239} INFO - Sync 1 DAGs
[2025-03-09T16:15:02.853+0000] {logging_mixin.py:190} INFO - [2025-03-09T16:15:02.852+0000] {dag.py:4180} INFO - Setting next_dagrun for example_time_delta_sensor_async to None, run_after=None
[2025-03-09T16:15:02.865+0000] {processor.py:208} INFO - Processing /home/airflow/.local/lib/python3.12/site-packages/airflow/example_dags/example_time_delta_sensor_async.py took 0.062 seconds
[2025-03-09T16:15:33.696+0000] {processor.py:186} INFO - Started process (PID=19087) to work on /home/airflow/.local/lib/python3.12/site-packages/airflow/example_dags/example_time_delta_sensor_async.py
[2025-03-09T16:15:33.697+0000] {processor.py:914} INFO - Processing file /home/airflow/.local/lib/python3.12/site-packages/airflow/example_dags/example_time_delta_sensor_async.py for tasks to queue
[2025-03-09T16:15:33.698+0000] {logging_mixin.py:190} INFO - [2025-03-09T16:15:33.698+0000] {dagbag.py:588} INFO - Filling up the DagBag from /home/airflow/.local/lib/python3.12/site-packages/airflow/example_dags/example_time_delta_sensor_async.py
[2025-03-09T16:15:33.702+0000] {processor.py:925} INFO - DAG(s) 'example_time_delta_sensor_async' retrieved from /home/airflow/.local/lib/python3.12/site-packages/airflow/example_dags/example_time_delta_sensor_async.py
[2025-03-09T16:15:33.717+0000] {logging_mixin.py:190} INFO - [2025-03-09T16:15:33.716+0000] {dag.py:3239} INFO - Sync 1 DAGs
[2025-03-09T16:15:33.725+0000] {logging_mixin.py:190} INFO - [2025-03-09T16:15:33.725+0000] {dag.py:4180} INFO - Setting next_dagrun for example_time_delta_sensor_async to None, run_after=None
[2025-03-09T16:15:33.737+0000] {processor.py:208} INFO - Processing /home/airflow/.local/lib/python3.12/site-packages/airflow/example_dags/example_time_delta_sensor_async.py took 0.046 seconds
[2025-03-09T16:16:04.779+0000] {processor.py:186} INFO - Started process (PID=19413) to work on /home/airflow/.local/lib/python3.12/site-packages/airflow/example_dags/example_time_delta_sensor_async.py
[2025-03-09T16:16:04.780+0000] {processor.py:914} INFO - Processing file /home/airflow/.local/lib/python3.12/site-packages/airflow/example_dags/example_time_delta_sensor_async.py for tasks to queue
[2025-03-09T16:16:04.781+0000] {logging_mixin.py:190} INFO - [2025-03-09T16:16:04.781+0000] {dagbag.py:588} INFO - Filling up the DagBag from /home/airflow/.local/lib/python3.12/site-packages/airflow/example_dags/example_time_delta_sensor_async.py
[2025-03-09T16:16:04.786+0000] {processor.py:925} INFO - DAG(s) 'example_time_delta_sensor_async' retrieved from /home/airflow/.local/lib/python3.12/site-packages/airflow/example_dags/example_time_delta_sensor_async.py
[2025-03-09T16:16:04.801+0000] {logging_mixin.py:190} INFO - [2025-03-09T16:16:04.801+0000] {dag.py:3239} INFO - Sync 1 DAGs
[2025-03-09T16:16:04.810+0000] {logging_mixin.py:190} INFO - [2025-03-09T16:16:04.810+0000] {dag.py:4180} INFO - Setting next_dagrun for example_time_delta_sensor_async to None, run_after=None
[2025-03-09T16:16:04.824+0000] {processor.py:208} INFO - Processing /home/airflow/.local/lib/python3.12/site-packages/airflow/example_dags/example_time_delta_sensor_async.py took 0.049 seconds
[2025-03-09T16:16:36.087+0000] {processor.py:186} INFO - Started process (PID=19739) to work on /home/airflow/.local/lib/python3.12/site-packages/airflow/example_dags/example_time_delta_sensor_async.py
[2025-03-09T16:16:36.088+0000] {processor.py:914} INFO - Processing file /home/airflow/.local/lib/python3.12/site-packages/airflow/example_dags/example_time_delta_sensor_async.py for tasks to queue
[2025-03-09T16:16:36.091+0000] {logging_mixin.py:190} INFO - [2025-03-09T16:16:36.091+0000] {dagbag.py:588} INFO - Filling up the DagBag from /home/airflow/.local/lib/python3.12/site-packages/airflow/example_dags/example_time_delta_sensor_async.py
[2025-03-09T16:16:36.099+0000] {processor.py:925} INFO - DAG(s) 'example_time_delta_sensor_async' retrieved from /home/airflow/.local/lib/python3.12/site-packages/airflow/example_dags/example_time_delta_sensor_async.py
[2025-03-09T16:16:36.117+0000] {logging_mixin.py:190} INFO - [2025-03-09T16:16:36.116+0000] {dag.py:3239} INFO - Sync 1 DAGs
[2025-03-09T16:16:36.125+0000] {logging_mixin.py:190} INFO - [2025-03-09T16:16:36.125+0000] {dag.py:4180} INFO - Setting next_dagrun for example_time_delta_sensor_async to None, run_after=None
[2025-03-09T16:16:36.138+0000] {processor.py:208} INFO - Processing /home/airflow/.local/lib/python3.12/site-packages/airflow/example_dags/example_time_delta_sensor_async.py took 0.057 seconds
[2025-03-09T16:17:07.307+0000] {processor.py:186} INFO - Started process (PID=20065) to work on /home/airflow/.local/lib/python3.12/site-packages/airflow/example_dags/example_time_delta_sensor_async.py
[2025-03-09T16:17:07.308+0000] {processor.py:914} INFO - Processing file /home/airflow/.local/lib/python3.12/site-packages/airflow/example_dags/example_time_delta_sensor_async.py for tasks to queue
[2025-03-09T16:17:07.311+0000] {logging_mixin.py:190} INFO - [2025-03-09T16:17:07.310+0000] {dagbag.py:588} INFO - Filling up the DagBag from /home/airflow/.local/lib/python3.12/site-packages/airflow/example_dags/example_time_delta_sensor_async.py
[2025-03-09T16:17:07.319+0000] {processor.py:925} INFO - DAG(s) 'example_time_delta_sensor_async' retrieved from /home/airflow/.local/lib/python3.12/site-packages/airflow/example_dags/example_time_delta_sensor_async.py
[2025-03-09T16:17:07.332+0000] {logging_mixin.py:190} INFO - [2025-03-09T16:17:07.331+0000] {dag.py:3239} INFO - Sync 1 DAGs
[2025-03-09T16:17:07.343+0000] {logging_mixin.py:190} INFO - [2025-03-09T16:17:07.343+0000] {dag.py:4180} INFO - Setting next_dagrun for example_time_delta_sensor_async to None, run_after=None
[2025-03-09T16:17:07.355+0000] {processor.py:208} INFO - Processing /home/airflow/.local/lib/python3.12/site-packages/airflow/example_dags/example_time_delta_sensor_async.py took 0.054 seconds
[2025-03-09T16:17:38.303+0000] {processor.py:186} INFO - Started process (PID=20389) to work on /home/airflow/.local/lib/python3.12/site-packages/airflow/example_dags/example_time_delta_sensor_async.py
[2025-03-09T16:17:38.304+0000] {processor.py:914} INFO - Processing file /home/airflow/.local/lib/python3.12/site-packages/airflow/example_dags/example_time_delta_sensor_async.py for tasks to queue
[2025-03-09T16:17:38.305+0000] {logging_mixin.py:190} INFO - [2025-03-09T16:17:38.305+0000] {dagbag.py:588} INFO - Filling up the DagBag from /home/airflow/.local/lib/python3.12/site-packages/airflow/example_dags/example_time_delta_sensor_async.py
[2025-03-09T16:17:38.309+0000] {processor.py:925} INFO - DAG(s) 'example_time_delta_sensor_async' retrieved from /home/airflow/.local/lib/python3.12/site-packages/airflow/example_dags/example_time_delta_sensor_async.py
[2025-03-09T16:17:38.322+0000] {logging_mixin.py:190} INFO - [2025-03-09T16:17:38.322+0000] {dag.py:3239} INFO - Sync 1 DAGs
[2025-03-09T16:17:38.331+0000] {logging_mixin.py:190} INFO - [2025-03-09T16:17:38.331+0000] {dag.py:4180} INFO - Setting next_dagrun for example_time_delta_sensor_async to None, run_after=None
[2025-03-09T16:17:38.343+0000] {processor.py:208} INFO - Processing /home/airflow/.local/lib/python3.12/site-packages/airflow/example_dags/example_time_delta_sensor_async.py took 0.044 seconds
[2025-03-09T16:18:09.565+0000] {processor.py:186} INFO - Started process (PID=20715) to work on /home/airflow/.local/lib/python3.12/site-packages/airflow/example_dags/example_time_delta_sensor_async.py
[2025-03-09T16:18:09.566+0000] {processor.py:914} INFO - Processing file /home/airflow/.local/lib/python3.12/site-packages/airflow/example_dags/example_time_delta_sensor_async.py for tasks to queue
[2025-03-09T16:18:09.568+0000] {logging_mixin.py:190} INFO - [2025-03-09T16:18:09.567+0000] {dagbag.py:588} INFO - Filling up the DagBag from /home/airflow/.local/lib/python3.12/site-packages/airflow/example_dags/example_time_delta_sensor_async.py
[2025-03-09T16:18:09.572+0000] {processor.py:925} INFO - DAG(s) 'example_time_delta_sensor_async' retrieved from /home/airflow/.local/lib/python3.12/site-packages/airflow/example_dags/example_time_delta_sensor_async.py
[2025-03-09T16:18:09.585+0000] {logging_mixin.py:190} INFO - [2025-03-09T16:18:09.584+0000] {dag.py:3239} INFO - Sync 1 DAGs
[2025-03-09T16:18:09.594+0000] {logging_mixin.py:190} INFO - [2025-03-09T16:18:09.594+0000] {dag.py:4180} INFO - Setting next_dagrun for example_time_delta_sensor_async to None, run_after=None
[2025-03-09T16:18:09.613+0000] {processor.py:208} INFO - Processing /home/airflow/.local/lib/python3.12/site-packages/airflow/example_dags/example_time_delta_sensor_async.py took 0.054 seconds
[2025-03-09T16:18:40.057+0000] {processor.py:186} INFO - Started process (PID=21041) to work on /home/airflow/.local/lib/python3.12/site-packages/airflow/example_dags/example_time_delta_sensor_async.py
[2025-03-09T16:18:40.058+0000] {processor.py:914} INFO - Processing file /home/airflow/.local/lib/python3.12/site-packages/airflow/example_dags/example_time_delta_sensor_async.py for tasks to queue
[2025-03-09T16:18:40.059+0000] {logging_mixin.py:190} INFO - [2025-03-09T16:18:40.059+0000] {dagbag.py:588} INFO - Filling up the DagBag from /home/airflow/.local/lib/python3.12/site-packages/airflow/example_dags/example_time_delta_sensor_async.py
[2025-03-09T16:18:40.063+0000] {processor.py:925} INFO - DAG(s) 'example_time_delta_sensor_async' retrieved from /home/airflow/.local/lib/python3.12/site-packages/airflow/example_dags/example_time_delta_sensor_async.py
[2025-03-09T16:18:40.078+0000] {logging_mixin.py:190} INFO - [2025-03-09T16:18:40.078+0000] {dag.py:3239} INFO - Sync 1 DAGs
[2025-03-09T16:18:40.087+0000] {logging_mixin.py:190} INFO - [2025-03-09T16:18:40.087+0000] {dag.py:4180} INFO - Setting next_dagrun for example_time_delta_sensor_async to None, run_after=None
[2025-03-09T16:18:40.099+0000] {processor.py:208} INFO - Processing /home/airflow/.local/lib/python3.12/site-packages/airflow/example_dags/example_time_delta_sensor_async.py took 0.047 seconds
[2025-03-09T16:19:11.018+0000] {processor.py:186} INFO - Started process (PID=21367) to work on /home/airflow/.local/lib/python3.12/site-packages/airflow/example_dags/example_time_delta_sensor_async.py
[2025-03-09T16:19:11.019+0000] {processor.py:914} INFO - Processing file /home/airflow/.local/lib/python3.12/site-packages/airflow/example_dags/example_time_delta_sensor_async.py for tasks to queue
[2025-03-09T16:19:11.021+0000] {logging_mixin.py:190} INFO - [2025-03-09T16:19:11.020+0000] {dagbag.py:588} INFO - Filling up the DagBag from /home/airflow/.local/lib/python3.12/site-packages/airflow/example_dags/example_time_delta_sensor_async.py
[2025-03-09T16:19:11.025+0000] {processor.py:925} INFO - DAG(s) 'example_time_delta_sensor_async' retrieved from /home/airflow/.local/lib/python3.12/site-packages/airflow/example_dags/example_time_delta_sensor_async.py
[2025-03-09T16:19:11.039+0000] {logging_mixin.py:190} INFO - [2025-03-09T16:19:11.039+0000] {dag.py:3239} INFO - Sync 1 DAGs
[2025-03-09T16:19:11.047+0000] {logging_mixin.py:190} INFO - [2025-03-09T16:19:11.047+0000] {dag.py:4180} INFO - Setting next_dagrun for example_time_delta_sensor_async to None, run_after=None
[2025-03-09T16:19:11.061+0000] {processor.py:208} INFO - Processing /home/airflow/.local/lib/python3.12/site-packages/airflow/example_dags/example_time_delta_sensor_async.py took 0.046 seconds
[2025-03-09T16:19:41.755+0000] {processor.py:186} INFO - Started process (PID=21693) to work on /home/airflow/.local/lib/python3.12/site-packages/airflow/example_dags/example_time_delta_sensor_async.py
[2025-03-09T16:19:41.756+0000] {processor.py:914} INFO - Processing file /home/airflow/.local/lib/python3.12/site-packages/airflow/example_dags/example_time_delta_sensor_async.py for tasks to queue
[2025-03-09T16:19:41.758+0000] {logging_mixin.py:190} INFO - [2025-03-09T16:19:41.758+0000] {dagbag.py:588} INFO - Filling up the DagBag from /home/airflow/.local/lib/python3.12/site-packages/airflow/example_dags/example_time_delta_sensor_async.py
[2025-03-09T16:19:41.762+0000] {processor.py:925} INFO - DAG(s) 'example_time_delta_sensor_async' retrieved from /home/airflow/.local/lib/python3.12/site-packages/airflow/example_dags/example_time_delta_sensor_async.py
[2025-03-09T16:19:41.779+0000] {logging_mixin.py:190} INFO - [2025-03-09T16:19:41.779+0000] {dag.py:3239} INFO - Sync 1 DAGs
[2025-03-09T16:19:41.791+0000] {logging_mixin.py:190} INFO - [2025-03-09T16:19:41.791+0000] {dag.py:4180} INFO - Setting next_dagrun for example_time_delta_sensor_async to None, run_after=None
[2025-03-09T16:19:41.808+0000] {processor.py:208} INFO - Processing /home/airflow/.local/lib/python3.12/site-packages/airflow/example_dags/example_time_delta_sensor_async.py took 0.059 seconds
