[2025-03-09T15:46:16.212+0000] {processor.py:186} INFO - Started process (PID=482) to work on /home/airflow/.local/lib/python3.12/site-packages/airflow/example_dags/example_setup_teardown.py
[2025-03-09T15:46:16.212+0000] {processor.py:914} INFO - Processing file /home/airflow/.local/lib/python3.12/site-packages/airflow/example_dags/example_setup_teardown.py for tasks to queue
[2025-03-09T15:46:16.213+0000] {logging_mixin.py:190} INFO - [2025-03-09T15:46:16.213+0000] {dagbag.py:588} INFO - Filling up the DagBag from /home/airflow/.local/lib/python3.12/site-packages/airflow/example_dags/example_setup_teardown.py
[2025-03-09T15:46:16.218+0000] {processor.py:925} INFO - DAG(s) 'example_setup_teardown' retrieved from /home/airflow/.local/lib/python3.12/site-packages/airflow/example_dags/example_setup_teardown.py
[2025-03-09T15:46:16.231+0000] {logging_mixin.py:190} INFO - [2025-03-09T15:46:16.231+0000] {dag.py:3239} INFO - Sync 1 DAGs
[2025-03-09T15:46:16.240+0000] {logging_mixin.py:190} INFO - [2025-03-09T15:46:16.240+0000] {dag.py:4180} INFO - Setting next_dagrun for example_setup_teardown to None, run_after=None
[2025-03-09T15:46:16.254+0000] {processor.py:208} INFO - Processing /home/airflow/.local/lib/python3.12/site-packages/airflow/example_dags/example_setup_teardown.py took 0.045 seconds
[2025-03-09T15:46:47.203+0000] {processor.py:186} INFO - Started process (PID=808) to work on /home/airflow/.local/lib/python3.12/site-packages/airflow/example_dags/example_setup_teardown.py
[2025-03-09T15:46:47.204+0000] {processor.py:914} INFO - Processing file /home/airflow/.local/lib/python3.12/site-packages/airflow/example_dags/example_setup_teardown.py for tasks to queue
[2025-03-09T15:46:47.205+0000] {logging_mixin.py:190} INFO - [2025-03-09T15:46:47.204+0000] {dagbag.py:588} INFO - Filling up the DagBag from /home/airflow/.local/lib/python3.12/site-packages/airflow/example_dags/example_setup_teardown.py
[2025-03-09T15:46:47.209+0000] {processor.py:925} INFO - DAG(s) 'example_setup_teardown' retrieved from /home/airflow/.local/lib/python3.12/site-packages/airflow/example_dags/example_setup_teardown.py
[2025-03-09T15:46:47.227+0000] {logging_mixin.py:190} INFO - [2025-03-09T15:46:47.227+0000] {dag.py:3239} INFO - Sync 1 DAGs
[2025-03-09T15:46:47.236+0000] {logging_mixin.py:190} INFO - [2025-03-09T15:46:47.236+0000] {dag.py:4180} INFO - Setting next_dagrun for example_setup_teardown to None, run_after=None
[2025-03-09T15:46:47.257+0000] {processor.py:208} INFO - Processing /home/airflow/.local/lib/python3.12/site-packages/airflow/example_dags/example_setup_teardown.py took 0.058 seconds
[2025-03-09T15:47:18.461+0000] {processor.py:186} INFO - Started process (PID=1134) to work on /home/airflow/.local/lib/python3.12/site-packages/airflow/example_dags/example_setup_teardown.py
[2025-03-09T15:47:18.461+0000] {processor.py:914} INFO - Processing file /home/airflow/.local/lib/python3.12/site-packages/airflow/example_dags/example_setup_teardown.py for tasks to queue
[2025-03-09T15:47:18.462+0000] {logging_mixin.py:190} INFO - [2025-03-09T15:47:18.462+0000] {dagbag.py:588} INFO - Filling up the DagBag from /home/airflow/.local/lib/python3.12/site-packages/airflow/example_dags/example_setup_teardown.py
[2025-03-09T15:47:18.467+0000] {processor.py:925} INFO - DAG(s) 'example_setup_teardown' retrieved from /home/airflow/.local/lib/python3.12/site-packages/airflow/example_dags/example_setup_teardown.py
[2025-03-09T15:47:18.480+0000] {logging_mixin.py:190} INFO - [2025-03-09T15:47:18.479+0000] {dag.py:3239} INFO - Sync 1 DAGs
[2025-03-09T15:47:18.488+0000] {logging_mixin.py:190} INFO - [2025-03-09T15:47:18.488+0000] {dag.py:4180} INFO - Setting next_dagrun for example_setup_teardown to None, run_after=None
[2025-03-09T15:47:18.500+0000] {processor.py:208} INFO - Processing /home/airflow/.local/lib/python3.12/site-packages/airflow/example_dags/example_setup_teardown.py took 0.043 seconds
[2025-03-09T15:47:49.260+0000] {processor.py:186} INFO - Started process (PID=1462) to work on /home/airflow/.local/lib/python3.12/site-packages/airflow/example_dags/example_setup_teardown.py
[2025-03-09T15:47:49.261+0000] {processor.py:914} INFO - Processing file /home/airflow/.local/lib/python3.12/site-packages/airflow/example_dags/example_setup_teardown.py for tasks to queue
[2025-03-09T15:47:49.263+0000] {logging_mixin.py:190} INFO - [2025-03-09T15:47:49.262+0000] {dagbag.py:588} INFO - Filling up the DagBag from /home/airflow/.local/lib/python3.12/site-packages/airflow/example_dags/example_setup_teardown.py
[2025-03-09T15:47:49.268+0000] {processor.py:925} INFO - DAG(s) 'example_setup_teardown' retrieved from /home/airflow/.local/lib/python3.12/site-packages/airflow/example_dags/example_setup_teardown.py
[2025-03-09T15:47:49.281+0000] {logging_mixin.py:190} INFO - [2025-03-09T15:47:49.281+0000] {dag.py:3239} INFO - Sync 1 DAGs
[2025-03-09T15:47:49.289+0000] {logging_mixin.py:190} INFO - [2025-03-09T15:47:49.289+0000] {dag.py:4180} INFO - Setting next_dagrun for example_setup_teardown to None, run_after=None
[2025-03-09T15:47:49.302+0000] {processor.py:208} INFO - Processing /home/airflow/.local/lib/python3.12/site-packages/airflow/example_dags/example_setup_teardown.py took 0.050 seconds
[2025-03-09T15:48:20.164+0000] {processor.py:186} INFO - Started process (PID=1786) to work on /home/airflow/.local/lib/python3.12/site-packages/airflow/example_dags/example_setup_teardown.py
[2025-03-09T15:48:20.164+0000] {processor.py:914} INFO - Processing file /home/airflow/.local/lib/python3.12/site-packages/airflow/example_dags/example_setup_teardown.py for tasks to queue
[2025-03-09T15:48:20.165+0000] {logging_mixin.py:190} INFO - [2025-03-09T15:48:20.165+0000] {dagbag.py:588} INFO - Filling up the DagBag from /home/airflow/.local/lib/python3.12/site-packages/airflow/example_dags/example_setup_teardown.py
[2025-03-09T15:48:20.170+0000] {processor.py:925} INFO - DAG(s) 'example_setup_teardown' retrieved from /home/airflow/.local/lib/python3.12/site-packages/airflow/example_dags/example_setup_teardown.py
[2025-03-09T15:48:20.183+0000] {logging_mixin.py:190} INFO - [2025-03-09T15:48:20.183+0000] {dag.py:3239} INFO - Sync 1 DAGs
[2025-03-09T15:48:20.191+0000] {logging_mixin.py:190} INFO - [2025-03-09T15:48:20.191+0000] {dag.py:4180} INFO - Setting next_dagrun for example_setup_teardown to None, run_after=None
[2025-03-09T15:48:20.204+0000] {processor.py:208} INFO - Processing /home/airflow/.local/lib/python3.12/site-packages/airflow/example_dags/example_setup_teardown.py took 0.044 seconds
[2025-03-09T15:48:51.114+0000] {processor.py:186} INFO - Started process (PID=2114) to work on /home/airflow/.local/lib/python3.12/site-packages/airflow/example_dags/example_setup_teardown.py
[2025-03-09T15:48:51.114+0000] {processor.py:914} INFO - Processing file /home/airflow/.local/lib/python3.12/site-packages/airflow/example_dags/example_setup_teardown.py for tasks to queue
[2025-03-09T15:48:51.116+0000] {logging_mixin.py:190} INFO - [2025-03-09T15:48:51.115+0000] {dagbag.py:588} INFO - Filling up the DagBag from /home/airflow/.local/lib/python3.12/site-packages/airflow/example_dags/example_setup_teardown.py
[2025-03-09T15:48:51.121+0000] {processor.py:925} INFO - DAG(s) 'example_setup_teardown' retrieved from /home/airflow/.local/lib/python3.12/site-packages/airflow/example_dags/example_setup_teardown.py
[2025-03-09T15:48:51.134+0000] {logging_mixin.py:190} INFO - [2025-03-09T15:48:51.134+0000] {dag.py:3239} INFO - Sync 1 DAGs
[2025-03-09T15:48:51.143+0000] {logging_mixin.py:190} INFO - [2025-03-09T15:48:51.142+0000] {dag.py:4180} INFO - Setting next_dagrun for example_setup_teardown to None, run_after=None
[2025-03-09T15:48:51.155+0000] {processor.py:208} INFO - Processing /home/airflow/.local/lib/python3.12/site-packages/airflow/example_dags/example_setup_teardown.py took 0.045 seconds
[2025-03-09T15:49:21.804+0000] {processor.py:186} INFO - Started process (PID=2438) to work on /home/airflow/.local/lib/python3.12/site-packages/airflow/example_dags/example_setup_teardown.py
[2025-03-09T15:49:21.805+0000] {processor.py:914} INFO - Processing file /home/airflow/.local/lib/python3.12/site-packages/airflow/example_dags/example_setup_teardown.py for tasks to queue
[2025-03-09T15:49:21.806+0000] {logging_mixin.py:190} INFO - [2025-03-09T15:49:21.806+0000] {dagbag.py:588} INFO - Filling up the DagBag from /home/airflow/.local/lib/python3.12/site-packages/airflow/example_dags/example_setup_teardown.py
[2025-03-09T15:49:21.811+0000] {processor.py:925} INFO - DAG(s) 'example_setup_teardown' retrieved from /home/airflow/.local/lib/python3.12/site-packages/airflow/example_dags/example_setup_teardown.py
[2025-03-09T15:49:21.825+0000] {logging_mixin.py:190} INFO - [2025-03-09T15:49:21.824+0000] {dag.py:3239} INFO - Sync 1 DAGs
[2025-03-09T15:49:21.833+0000] {logging_mixin.py:190} INFO - [2025-03-09T15:49:21.833+0000] {dag.py:4180} INFO - Setting next_dagrun for example_setup_teardown to None, run_after=None
[2025-03-09T15:49:21.845+0000] {processor.py:208} INFO - Processing /home/airflow/.local/lib/python3.12/site-packages/airflow/example_dags/example_setup_teardown.py took 0.045 seconds
[2025-03-09T15:49:52.811+0000] {processor.py:186} INFO - Started process (PID=2764) to work on /home/airflow/.local/lib/python3.12/site-packages/airflow/example_dags/example_setup_teardown.py
[2025-03-09T15:49:52.812+0000] {processor.py:914} INFO - Processing file /home/airflow/.local/lib/python3.12/site-packages/airflow/example_dags/example_setup_teardown.py for tasks to queue
[2025-03-09T15:49:52.813+0000] {logging_mixin.py:190} INFO - [2025-03-09T15:49:52.813+0000] {dagbag.py:588} INFO - Filling up the DagBag from /home/airflow/.local/lib/python3.12/site-packages/airflow/example_dags/example_setup_teardown.py
[2025-03-09T15:49:52.818+0000] {processor.py:925} INFO - DAG(s) 'example_setup_teardown' retrieved from /home/airflow/.local/lib/python3.12/site-packages/airflow/example_dags/example_setup_teardown.py
[2025-03-09T15:49:52.832+0000] {logging_mixin.py:190} INFO - [2025-03-09T15:49:52.832+0000] {dag.py:3239} INFO - Sync 1 DAGs
[2025-03-09T15:49:52.842+0000] {logging_mixin.py:190} INFO - [2025-03-09T15:49:52.842+0000] {dag.py:4180} INFO - Setting next_dagrun for example_setup_teardown to None, run_after=None
[2025-03-09T15:49:52.855+0000] {processor.py:208} INFO - Processing /home/airflow/.local/lib/python3.12/site-packages/airflow/example_dags/example_setup_teardown.py took 0.048 seconds
[2025-03-09T15:50:23.724+0000] {processor.py:186} INFO - Started process (PID=3090) to work on /home/airflow/.local/lib/python3.12/site-packages/airflow/example_dags/example_setup_teardown.py
[2025-03-09T15:50:23.725+0000] {processor.py:914} INFO - Processing file /home/airflow/.local/lib/python3.12/site-packages/airflow/example_dags/example_setup_teardown.py for tasks to queue
[2025-03-09T15:50:23.726+0000] {logging_mixin.py:190} INFO - [2025-03-09T15:50:23.726+0000] {dagbag.py:588} INFO - Filling up the DagBag from /home/airflow/.local/lib/python3.12/site-packages/airflow/example_dags/example_setup_teardown.py
[2025-03-09T15:50:23.731+0000] {processor.py:925} INFO - DAG(s) 'example_setup_teardown' retrieved from /home/airflow/.local/lib/python3.12/site-packages/airflow/example_dags/example_setup_teardown.py
[2025-03-09T15:50:23.746+0000] {logging_mixin.py:190} INFO - [2025-03-09T15:50:23.746+0000] {dag.py:3239} INFO - Sync 1 DAGs
[2025-03-09T15:50:23.755+0000] {logging_mixin.py:190} INFO - [2025-03-09T15:50:23.754+0000] {dag.py:4180} INFO - Setting next_dagrun for example_setup_teardown to None, run_after=None
[2025-03-09T15:50:23.770+0000] {processor.py:208} INFO - Processing /home/airflow/.local/lib/python3.12/site-packages/airflow/example_dags/example_setup_teardown.py took 0.049 seconds
[2025-03-09T15:50:54.694+0000] {processor.py:186} INFO - Started process (PID=3416) to work on /home/airflow/.local/lib/python3.12/site-packages/airflow/example_dags/example_setup_teardown.py
[2025-03-09T15:50:54.694+0000] {processor.py:914} INFO - Processing file /home/airflow/.local/lib/python3.12/site-packages/airflow/example_dags/example_setup_teardown.py for tasks to queue
[2025-03-09T15:50:54.695+0000] {logging_mixin.py:190} INFO - [2025-03-09T15:50:54.695+0000] {dagbag.py:588} INFO - Filling up the DagBag from /home/airflow/.local/lib/python3.12/site-packages/airflow/example_dags/example_setup_teardown.py
[2025-03-09T15:50:54.700+0000] {processor.py:925} INFO - DAG(s) 'example_setup_teardown' retrieved from /home/airflow/.local/lib/python3.12/site-packages/airflow/example_dags/example_setup_teardown.py
[2025-03-09T15:50:54.716+0000] {logging_mixin.py:190} INFO - [2025-03-09T15:50:54.716+0000] {dag.py:3239} INFO - Sync 1 DAGs
[2025-03-09T15:50:54.727+0000] {logging_mixin.py:190} INFO - [2025-03-09T15:50:54.727+0000] {dag.py:4180} INFO - Setting next_dagrun for example_setup_teardown to None, run_after=None
[2025-03-09T15:50:54.742+0000] {processor.py:208} INFO - Processing /home/airflow/.local/lib/python3.12/site-packages/airflow/example_dags/example_setup_teardown.py took 0.052 seconds
[2025-03-09T15:51:25.562+0000] {processor.py:186} INFO - Started process (PID=3742) to work on /home/airflow/.local/lib/python3.12/site-packages/airflow/example_dags/example_setup_teardown.py
[2025-03-09T15:51:25.563+0000] {processor.py:914} INFO - Processing file /home/airflow/.local/lib/python3.12/site-packages/airflow/example_dags/example_setup_teardown.py for tasks to queue
[2025-03-09T15:51:25.565+0000] {logging_mixin.py:190} INFO - [2025-03-09T15:51:25.565+0000] {dagbag.py:588} INFO - Filling up the DagBag from /home/airflow/.local/lib/python3.12/site-packages/airflow/example_dags/example_setup_teardown.py
[2025-03-09T15:51:25.570+0000] {processor.py:925} INFO - DAG(s) 'example_setup_teardown' retrieved from /home/airflow/.local/lib/python3.12/site-packages/airflow/example_dags/example_setup_teardown.py
[2025-03-09T15:51:25.584+0000] {logging_mixin.py:190} INFO - [2025-03-09T15:51:25.584+0000] {dag.py:3239} INFO - Sync 1 DAGs
[2025-03-09T15:51:25.592+0000] {logging_mixin.py:190} INFO - [2025-03-09T15:51:25.592+0000] {dag.py:4180} INFO - Setting next_dagrun for example_setup_teardown to None, run_after=None
[2025-03-09T15:51:25.605+0000] {processor.py:208} INFO - Processing /home/airflow/.local/lib/python3.12/site-packages/airflow/example_dags/example_setup_teardown.py took 0.047 seconds
[2025-03-09T15:51:56.636+0000] {processor.py:186} INFO - Started process (PID=4070) to work on /home/airflow/.local/lib/python3.12/site-packages/airflow/example_dags/example_setup_teardown.py
[2025-03-09T15:51:56.636+0000] {processor.py:914} INFO - Processing file /home/airflow/.local/lib/python3.12/site-packages/airflow/example_dags/example_setup_teardown.py for tasks to queue
[2025-03-09T15:51:56.638+0000] {logging_mixin.py:190} INFO - [2025-03-09T15:51:56.637+0000] {dagbag.py:588} INFO - Filling up the DagBag from /home/airflow/.local/lib/python3.12/site-packages/airflow/example_dags/example_setup_teardown.py
[2025-03-09T15:51:56.642+0000] {processor.py:925} INFO - DAG(s) 'example_setup_teardown' retrieved from /home/airflow/.local/lib/python3.12/site-packages/airflow/example_dags/example_setup_teardown.py
[2025-03-09T15:51:56.656+0000] {logging_mixin.py:190} INFO - [2025-03-09T15:51:56.656+0000] {dag.py:3239} INFO - Sync 1 DAGs
[2025-03-09T15:51:56.664+0000] {logging_mixin.py:190} INFO - [2025-03-09T15:51:56.664+0000] {dag.py:4180} INFO - Setting next_dagrun for example_setup_teardown to None, run_after=None
[2025-03-09T15:51:56.675+0000] {processor.py:208} INFO - Processing /home/airflow/.local/lib/python3.12/site-packages/airflow/example_dags/example_setup_teardown.py took 0.043 seconds
[2025-03-09T15:52:27.463+0000] {processor.py:186} INFO - Started process (PID=4395) to work on /home/airflow/.local/lib/python3.12/site-packages/airflow/example_dags/example_setup_teardown.py
[2025-03-09T15:52:27.463+0000] {processor.py:914} INFO - Processing file /home/airflow/.local/lib/python3.12/site-packages/airflow/example_dags/example_setup_teardown.py for tasks to queue
[2025-03-09T15:52:27.464+0000] {logging_mixin.py:190} INFO - [2025-03-09T15:52:27.464+0000] {dagbag.py:588} INFO - Filling up the DagBag from /home/airflow/.local/lib/python3.12/site-packages/airflow/example_dags/example_setup_teardown.py
[2025-03-09T15:52:27.469+0000] {processor.py:925} INFO - DAG(s) 'example_setup_teardown' retrieved from /home/airflow/.local/lib/python3.12/site-packages/airflow/example_dags/example_setup_teardown.py
[2025-03-09T15:52:27.484+0000] {logging_mixin.py:190} INFO - [2025-03-09T15:52:27.484+0000] {dag.py:3239} INFO - Sync 1 DAGs
[2025-03-09T15:52:27.492+0000] {logging_mixin.py:190} INFO - [2025-03-09T15:52:27.492+0000] {dag.py:4180} INFO - Setting next_dagrun for example_setup_teardown to None, run_after=None
[2025-03-09T15:52:27.507+0000] {processor.py:208} INFO - Processing /home/airflow/.local/lib/python3.12/site-packages/airflow/example_dags/example_setup_teardown.py took 0.048 seconds
[2025-03-09T15:52:58.025+0000] {processor.py:186} INFO - Started process (PID=4720) to work on /home/airflow/.local/lib/python3.12/site-packages/airflow/example_dags/example_setup_teardown.py
[2025-03-09T15:52:58.026+0000] {processor.py:914} INFO - Processing file /home/airflow/.local/lib/python3.12/site-packages/airflow/example_dags/example_setup_teardown.py for tasks to queue
[2025-03-09T15:52:58.027+0000] {logging_mixin.py:190} INFO - [2025-03-09T15:52:58.026+0000] {dagbag.py:588} INFO - Filling up the DagBag from /home/airflow/.local/lib/python3.12/site-packages/airflow/example_dags/example_setup_teardown.py
[2025-03-09T15:52:58.032+0000] {processor.py:925} INFO - DAG(s) 'example_setup_teardown' retrieved from /home/airflow/.local/lib/python3.12/site-packages/airflow/example_dags/example_setup_teardown.py
[2025-03-09T15:52:58.048+0000] {logging_mixin.py:190} INFO - [2025-03-09T15:52:58.047+0000] {dag.py:3239} INFO - Sync 1 DAGs
[2025-03-09T15:52:58.057+0000] {logging_mixin.py:190} INFO - [2025-03-09T15:52:58.057+0000] {dag.py:4180} INFO - Setting next_dagrun for example_setup_teardown to None, run_after=None
[2025-03-09T15:52:58.070+0000] {processor.py:208} INFO - Processing /home/airflow/.local/lib/python3.12/site-packages/airflow/example_dags/example_setup_teardown.py took 0.049 seconds
[2025-03-09T15:53:28.749+0000] {processor.py:186} INFO - Started process (PID=5046) to work on /home/airflow/.local/lib/python3.12/site-packages/airflow/example_dags/example_setup_teardown.py
[2025-03-09T15:53:28.750+0000] {processor.py:914} INFO - Processing file /home/airflow/.local/lib/python3.12/site-packages/airflow/example_dags/example_setup_teardown.py for tasks to queue
[2025-03-09T15:53:28.752+0000] {logging_mixin.py:190} INFO - [2025-03-09T15:53:28.751+0000] {dagbag.py:588} INFO - Filling up the DagBag from /home/airflow/.local/lib/python3.12/site-packages/airflow/example_dags/example_setup_teardown.py
[2025-03-09T15:53:28.757+0000] {processor.py:925} INFO - DAG(s) 'example_setup_teardown' retrieved from /home/airflow/.local/lib/python3.12/site-packages/airflow/example_dags/example_setup_teardown.py
[2025-03-09T15:53:28.771+0000] {logging_mixin.py:190} INFO - [2025-03-09T15:53:28.771+0000] {dag.py:3239} INFO - Sync 1 DAGs
[2025-03-09T15:53:28.780+0000] {logging_mixin.py:190} INFO - [2025-03-09T15:53:28.780+0000] {dag.py:4180} INFO - Setting next_dagrun for example_setup_teardown to None, run_after=None
[2025-03-09T15:53:28.793+0000] {processor.py:208} INFO - Processing /home/airflow/.local/lib/python3.12/site-packages/airflow/example_dags/example_setup_teardown.py took 0.049 seconds
[2025-03-09T15:53:59.598+0000] {processor.py:186} INFO - Started process (PID=5373) to work on /home/airflow/.local/lib/python3.12/site-packages/airflow/example_dags/example_setup_teardown.py
[2025-03-09T15:53:59.599+0000] {processor.py:914} INFO - Processing file /home/airflow/.local/lib/python3.12/site-packages/airflow/example_dags/example_setup_teardown.py for tasks to queue
[2025-03-09T15:53:59.600+0000] {logging_mixin.py:190} INFO - [2025-03-09T15:53:59.599+0000] {dagbag.py:588} INFO - Filling up the DagBag from /home/airflow/.local/lib/python3.12/site-packages/airflow/example_dags/example_setup_teardown.py
[2025-03-09T15:53:59.604+0000] {processor.py:925} INFO - DAG(s) 'example_setup_teardown' retrieved from /home/airflow/.local/lib/python3.12/site-packages/airflow/example_dags/example_setup_teardown.py
[2025-03-09T15:53:59.618+0000] {logging_mixin.py:190} INFO - [2025-03-09T15:53:59.618+0000] {dag.py:3239} INFO - Sync 1 DAGs
[2025-03-09T15:53:59.626+0000] {logging_mixin.py:190} INFO - [2025-03-09T15:53:59.626+0000] {dag.py:4180} INFO - Setting next_dagrun for example_setup_teardown to None, run_after=None
[2025-03-09T15:53:59.640+0000] {processor.py:208} INFO - Processing /home/airflow/.local/lib/python3.12/site-packages/airflow/example_dags/example_setup_teardown.py took 0.047 seconds
[2025-03-09T15:54:30.387+0000] {processor.py:186} INFO - Started process (PID=5697) to work on /home/airflow/.local/lib/python3.12/site-packages/airflow/example_dags/example_setup_teardown.py
[2025-03-09T15:54:30.388+0000] {processor.py:914} INFO - Processing file /home/airflow/.local/lib/python3.12/site-packages/airflow/example_dags/example_setup_teardown.py for tasks to queue
[2025-03-09T15:54:30.389+0000] {logging_mixin.py:190} INFO - [2025-03-09T15:54:30.388+0000] {dagbag.py:588} INFO - Filling up the DagBag from /home/airflow/.local/lib/python3.12/site-packages/airflow/example_dags/example_setup_teardown.py
[2025-03-09T15:54:30.394+0000] {processor.py:925} INFO - DAG(s) 'example_setup_teardown' retrieved from /home/airflow/.local/lib/python3.12/site-packages/airflow/example_dags/example_setup_teardown.py
[2025-03-09T15:54:30.410+0000] {logging_mixin.py:190} INFO - [2025-03-09T15:54:30.410+0000] {dag.py:3239} INFO - Sync 1 DAGs
[2025-03-09T15:54:30.420+0000] {logging_mixin.py:190} INFO - [2025-03-09T15:54:30.420+0000] {dag.py:4180} INFO - Setting next_dagrun for example_setup_teardown to None, run_after=None
[2025-03-09T15:54:30.433+0000] {processor.py:208} INFO - Processing /home/airflow/.local/lib/python3.12/site-packages/airflow/example_dags/example_setup_teardown.py took 0.051 seconds
[2025-03-09T15:55:01.113+0000] {processor.py:186} INFO - Started process (PID=6023) to work on /home/airflow/.local/lib/python3.12/site-packages/airflow/example_dags/example_setup_teardown.py
[2025-03-09T15:55:01.114+0000] {processor.py:914} INFO - Processing file /home/airflow/.local/lib/python3.12/site-packages/airflow/example_dags/example_setup_teardown.py for tasks to queue
[2025-03-09T15:55:01.115+0000] {logging_mixin.py:190} INFO - [2025-03-09T15:55:01.115+0000] {dagbag.py:588} INFO - Filling up the DagBag from /home/airflow/.local/lib/python3.12/site-packages/airflow/example_dags/example_setup_teardown.py
[2025-03-09T15:55:01.120+0000] {processor.py:925} INFO - DAG(s) 'example_setup_teardown' retrieved from /home/airflow/.local/lib/python3.12/site-packages/airflow/example_dags/example_setup_teardown.py
[2025-03-09T15:55:01.133+0000] {logging_mixin.py:190} INFO - [2025-03-09T15:55:01.133+0000] {dag.py:3239} INFO - Sync 1 DAGs
[2025-03-09T15:55:01.141+0000] {logging_mixin.py:190} INFO - [2025-03-09T15:55:01.141+0000] {dag.py:4180} INFO - Setting next_dagrun for example_setup_teardown to None, run_after=None
[2025-03-09T15:55:01.156+0000] {processor.py:208} INFO - Processing /home/airflow/.local/lib/python3.12/site-packages/airflow/example_dags/example_setup_teardown.py took 0.047 seconds
[2025-03-09T15:55:32.176+0000] {processor.py:186} INFO - Started process (PID=6349) to work on /home/airflow/.local/lib/python3.12/site-packages/airflow/example_dags/example_setup_teardown.py
[2025-03-09T15:55:32.176+0000] {processor.py:914} INFO - Processing file /home/airflow/.local/lib/python3.12/site-packages/airflow/example_dags/example_setup_teardown.py for tasks to queue
[2025-03-09T15:55:32.178+0000] {logging_mixin.py:190} INFO - [2025-03-09T15:55:32.177+0000] {dagbag.py:588} INFO - Filling up the DagBag from /home/airflow/.local/lib/python3.12/site-packages/airflow/example_dags/example_setup_teardown.py
[2025-03-09T15:55:32.183+0000] {processor.py:925} INFO - DAG(s) 'example_setup_teardown' retrieved from /home/airflow/.local/lib/python3.12/site-packages/airflow/example_dags/example_setup_teardown.py
[2025-03-09T15:55:32.199+0000] {logging_mixin.py:190} INFO - [2025-03-09T15:55:32.199+0000] {dag.py:3239} INFO - Sync 1 DAGs
[2025-03-09T15:55:32.208+0000] {logging_mixin.py:190} INFO - [2025-03-09T15:55:32.208+0000] {dag.py:4180} INFO - Setting next_dagrun for example_setup_teardown to None, run_after=None
[2025-03-09T15:55:32.224+0000] {processor.py:208} INFO - Processing /home/airflow/.local/lib/python3.12/site-packages/airflow/example_dags/example_setup_teardown.py took 0.052 seconds
[2025-03-09T15:56:02.880+0000] {processor.py:186} INFO - Started process (PID=6675) to work on /home/airflow/.local/lib/python3.12/site-packages/airflow/example_dags/example_setup_teardown.py
[2025-03-09T15:56:02.881+0000] {processor.py:914} INFO - Processing file /home/airflow/.local/lib/python3.12/site-packages/airflow/example_dags/example_setup_teardown.py for tasks to queue
[2025-03-09T15:56:02.882+0000] {logging_mixin.py:190} INFO - [2025-03-09T15:56:02.882+0000] {dagbag.py:588} INFO - Filling up the DagBag from /home/airflow/.local/lib/python3.12/site-packages/airflow/example_dags/example_setup_teardown.py
[2025-03-09T15:56:02.888+0000] {processor.py:925} INFO - DAG(s) 'example_setup_teardown' retrieved from /home/airflow/.local/lib/python3.12/site-packages/airflow/example_dags/example_setup_teardown.py
[2025-03-09T15:56:02.904+0000] {logging_mixin.py:190} INFO - [2025-03-09T15:56:02.903+0000] {dag.py:3239} INFO - Sync 1 DAGs
[2025-03-09T15:56:02.912+0000] {logging_mixin.py:190} INFO - [2025-03-09T15:56:02.912+0000] {dag.py:4180} INFO - Setting next_dagrun for example_setup_teardown to None, run_after=None
[2025-03-09T15:56:02.926+0000] {processor.py:208} INFO - Processing /home/airflow/.local/lib/python3.12/site-packages/airflow/example_dags/example_setup_teardown.py took 0.051 seconds
[2025-03-09T15:56:33.657+0000] {processor.py:186} INFO - Started process (PID=7001) to work on /home/airflow/.local/lib/python3.12/site-packages/airflow/example_dags/example_setup_teardown.py
[2025-03-09T15:56:33.658+0000] {processor.py:914} INFO - Processing file /home/airflow/.local/lib/python3.12/site-packages/airflow/example_dags/example_setup_teardown.py for tasks to queue
[2025-03-09T15:56:33.659+0000] {logging_mixin.py:190} INFO - [2025-03-09T15:56:33.659+0000] {dagbag.py:588} INFO - Filling up the DagBag from /home/airflow/.local/lib/python3.12/site-packages/airflow/example_dags/example_setup_teardown.py
[2025-03-09T15:56:33.664+0000] {processor.py:925} INFO - DAG(s) 'example_setup_teardown' retrieved from /home/airflow/.local/lib/python3.12/site-packages/airflow/example_dags/example_setup_teardown.py
[2025-03-09T15:56:33.676+0000] {logging_mixin.py:190} INFO - [2025-03-09T15:56:33.676+0000] {dag.py:3239} INFO - Sync 1 DAGs
[2025-03-09T15:56:33.684+0000] {logging_mixin.py:190} INFO - [2025-03-09T15:56:33.684+0000] {dag.py:4180} INFO - Setting next_dagrun for example_setup_teardown to None, run_after=None
[2025-03-09T15:56:33.699+0000] {processor.py:208} INFO - Processing /home/airflow/.local/lib/python3.12/site-packages/airflow/example_dags/example_setup_teardown.py took 0.045 seconds
[2025-03-09T15:57:04.694+0000] {processor.py:186} INFO - Started process (PID=7329) to work on /home/airflow/.local/lib/python3.12/site-packages/airflow/example_dags/example_setup_teardown.py
[2025-03-09T15:57:04.695+0000] {processor.py:914} INFO - Processing file /home/airflow/.local/lib/python3.12/site-packages/airflow/example_dags/example_setup_teardown.py for tasks to queue
[2025-03-09T15:57:04.697+0000] {logging_mixin.py:190} INFO - [2025-03-09T15:57:04.697+0000] {dagbag.py:588} INFO - Filling up the DagBag from /home/airflow/.local/lib/python3.12/site-packages/airflow/example_dags/example_setup_teardown.py
[2025-03-09T15:57:04.703+0000] {processor.py:925} INFO - DAG(s) 'example_setup_teardown' retrieved from /home/airflow/.local/lib/python3.12/site-packages/airflow/example_dags/example_setup_teardown.py
[2025-03-09T15:57:04.718+0000] {logging_mixin.py:190} INFO - [2025-03-09T15:57:04.718+0000] {dag.py:3239} INFO - Sync 1 DAGs
[2025-03-09T15:57:04.729+0000] {logging_mixin.py:190} INFO - [2025-03-09T15:57:04.728+0000] {dag.py:4180} INFO - Setting next_dagrun for example_setup_teardown to None, run_after=None
[2025-03-09T15:57:04.744+0000] {processor.py:208} INFO - Processing /home/airflow/.local/lib/python3.12/site-packages/airflow/example_dags/example_setup_teardown.py took 0.057 seconds
[2025-03-09T15:57:35.597+0000] {processor.py:186} INFO - Started process (PID=7653) to work on /home/airflow/.local/lib/python3.12/site-packages/airflow/example_dags/example_setup_teardown.py
[2025-03-09T15:57:35.598+0000] {processor.py:914} INFO - Processing file /home/airflow/.local/lib/python3.12/site-packages/airflow/example_dags/example_setup_teardown.py for tasks to queue
[2025-03-09T15:57:35.601+0000] {logging_mixin.py:190} INFO - [2025-03-09T15:57:35.601+0000] {dagbag.py:588} INFO - Filling up the DagBag from /home/airflow/.local/lib/python3.12/site-packages/airflow/example_dags/example_setup_teardown.py
[2025-03-09T15:57:35.609+0000] {processor.py:925} INFO - DAG(s) 'example_setup_teardown' retrieved from /home/airflow/.local/lib/python3.12/site-packages/airflow/example_dags/example_setup_teardown.py
[2025-03-09T15:57:35.635+0000] {logging_mixin.py:190} INFO - [2025-03-09T15:57:35.634+0000] {dag.py:3239} INFO - Sync 1 DAGs
[2025-03-09T15:57:35.648+0000] {logging_mixin.py:190} INFO - [2025-03-09T15:57:35.648+0000] {dag.py:4180} INFO - Setting next_dagrun for example_setup_teardown to None, run_after=None
[2025-03-09T15:57:35.663+0000] {processor.py:208} INFO - Processing /home/airflow/.local/lib/python3.12/site-packages/airflow/example_dags/example_setup_teardown.py took 0.075 seconds
[2025-03-09T15:58:06.498+0000] {processor.py:186} INFO - Started process (PID=7979) to work on /home/airflow/.local/lib/python3.12/site-packages/airflow/example_dags/example_setup_teardown.py
[2025-03-09T15:58:06.498+0000] {processor.py:914} INFO - Processing file /home/airflow/.local/lib/python3.12/site-packages/airflow/example_dags/example_setup_teardown.py for tasks to queue
[2025-03-09T15:58:06.500+0000] {logging_mixin.py:190} INFO - [2025-03-09T15:58:06.500+0000] {dagbag.py:588} INFO - Filling up the DagBag from /home/airflow/.local/lib/python3.12/site-packages/airflow/example_dags/example_setup_teardown.py
[2025-03-09T15:58:06.506+0000] {processor.py:925} INFO - DAG(s) 'example_setup_teardown' retrieved from /home/airflow/.local/lib/python3.12/site-packages/airflow/example_dags/example_setup_teardown.py
[2025-03-09T15:58:06.521+0000] {logging_mixin.py:190} INFO - [2025-03-09T15:58:06.521+0000] {dag.py:3239} INFO - Sync 1 DAGs
[2025-03-09T15:58:06.530+0000] {logging_mixin.py:190} INFO - [2025-03-09T15:58:06.530+0000] {dag.py:4180} INFO - Setting next_dagrun for example_setup_teardown to None, run_after=None
[2025-03-09T15:58:06.543+0000] {processor.py:208} INFO - Processing /home/airflow/.local/lib/python3.12/site-packages/airflow/example_dags/example_setup_teardown.py took 0.049 seconds
[2025-03-09T15:58:37.685+0000] {processor.py:186} INFO - Started process (PID=8307) to work on /home/airflow/.local/lib/python3.12/site-packages/airflow/example_dags/example_setup_teardown.py
[2025-03-09T15:58:37.686+0000] {processor.py:914} INFO - Processing file /home/airflow/.local/lib/python3.12/site-packages/airflow/example_dags/example_setup_teardown.py for tasks to queue
[2025-03-09T15:58:37.688+0000] {logging_mixin.py:190} INFO - [2025-03-09T15:58:37.687+0000] {dagbag.py:588} INFO - Filling up the DagBag from /home/airflow/.local/lib/python3.12/site-packages/airflow/example_dags/example_setup_teardown.py
[2025-03-09T15:58:37.694+0000] {processor.py:925} INFO - DAG(s) 'example_setup_teardown' retrieved from /home/airflow/.local/lib/python3.12/site-packages/airflow/example_dags/example_setup_teardown.py
[2025-03-09T15:58:37.724+0000] {logging_mixin.py:190} INFO - [2025-03-09T15:58:37.724+0000] {dag.py:3239} INFO - Sync 1 DAGs
[2025-03-09T15:58:37.743+0000] {logging_mixin.py:190} INFO - [2025-03-09T15:58:37.743+0000] {dag.py:4180} INFO - Setting next_dagrun for example_setup_teardown to None, run_after=None
[2025-03-09T15:58:37.765+0000] {processor.py:208} INFO - Processing /home/airflow/.local/lib/python3.12/site-packages/airflow/example_dags/example_setup_teardown.py took 0.086 seconds
[2025-03-09T15:59:09.004+0000] {processor.py:186} INFO - Started process (PID=8631) to work on /home/airflow/.local/lib/python3.12/site-packages/airflow/example_dags/example_setup_teardown.py
[2025-03-09T15:59:09.005+0000] {processor.py:914} INFO - Processing file /home/airflow/.local/lib/python3.12/site-packages/airflow/example_dags/example_setup_teardown.py for tasks to queue
[2025-03-09T15:59:09.006+0000] {logging_mixin.py:190} INFO - [2025-03-09T15:59:09.006+0000] {dagbag.py:588} INFO - Filling up the DagBag from /home/airflow/.local/lib/python3.12/site-packages/airflow/example_dags/example_setup_teardown.py
[2025-03-09T15:59:09.011+0000] {processor.py:925} INFO - DAG(s) 'example_setup_teardown' retrieved from /home/airflow/.local/lib/python3.12/site-packages/airflow/example_dags/example_setup_teardown.py
[2025-03-09T15:59:09.026+0000] {logging_mixin.py:190} INFO - [2025-03-09T15:59:09.026+0000] {dag.py:3239} INFO - Sync 1 DAGs
[2025-03-09T15:59:09.040+0000] {logging_mixin.py:190} INFO - [2025-03-09T15:59:09.040+0000] {dag.py:4180} INFO - Setting next_dagrun for example_setup_teardown to None, run_after=None
[2025-03-09T15:59:09.058+0000] {processor.py:208} INFO - Processing /home/airflow/.local/lib/python3.12/site-packages/airflow/example_dags/example_setup_teardown.py took 0.057 seconds
[2025-03-09T15:59:39.801+0000] {processor.py:186} INFO - Started process (PID=8957) to work on /home/airflow/.local/lib/python3.12/site-packages/airflow/example_dags/example_setup_teardown.py
[2025-03-09T15:59:39.801+0000] {processor.py:914} INFO - Processing file /home/airflow/.local/lib/python3.12/site-packages/airflow/example_dags/example_setup_teardown.py for tasks to queue
[2025-03-09T15:59:39.802+0000] {logging_mixin.py:190} INFO - [2025-03-09T15:59:39.802+0000] {dagbag.py:588} INFO - Filling up the DagBag from /home/airflow/.local/lib/python3.12/site-packages/airflow/example_dags/example_setup_teardown.py
[2025-03-09T15:59:39.808+0000] {processor.py:925} INFO - DAG(s) 'example_setup_teardown' retrieved from /home/airflow/.local/lib/python3.12/site-packages/airflow/example_dags/example_setup_teardown.py
[2025-03-09T15:59:39.820+0000] {logging_mixin.py:190} INFO - [2025-03-09T15:59:39.820+0000] {dag.py:3239} INFO - Sync 1 DAGs
[2025-03-09T15:59:39.829+0000] {logging_mixin.py:190} INFO - [2025-03-09T15:59:39.829+0000] {dag.py:4180} INFO - Setting next_dagrun for example_setup_teardown to None, run_after=None
[2025-03-09T15:59:39.842+0000] {processor.py:208} INFO - Processing /home/airflow/.local/lib/python3.12/site-packages/airflow/example_dags/example_setup_teardown.py took 0.045 seconds
[2025-03-09T16:00:10.279+0000] {processor.py:186} INFO - Started process (PID=9283) to work on /home/airflow/.local/lib/python3.12/site-packages/airflow/example_dags/example_setup_teardown.py
[2025-03-09T16:00:10.280+0000] {processor.py:914} INFO - Processing file /home/airflow/.local/lib/python3.12/site-packages/airflow/example_dags/example_setup_teardown.py for tasks to queue
[2025-03-09T16:00:10.281+0000] {logging_mixin.py:190} INFO - [2025-03-09T16:00:10.281+0000] {dagbag.py:588} INFO - Filling up the DagBag from /home/airflow/.local/lib/python3.12/site-packages/airflow/example_dags/example_setup_teardown.py
[2025-03-09T16:00:10.286+0000] {processor.py:925} INFO - DAG(s) 'example_setup_teardown' retrieved from /home/airflow/.local/lib/python3.12/site-packages/airflow/example_dags/example_setup_teardown.py
[2025-03-09T16:00:10.304+0000] {logging_mixin.py:190} INFO - [2025-03-09T16:00:10.304+0000] {dag.py:3239} INFO - Sync 1 DAGs
[2025-03-09T16:00:10.316+0000] {logging_mixin.py:190} INFO - [2025-03-09T16:00:10.315+0000] {dag.py:4180} INFO - Setting next_dagrun for example_setup_teardown to None, run_after=None
[2025-03-09T16:00:10.332+0000] {processor.py:208} INFO - Processing /home/airflow/.local/lib/python3.12/site-packages/airflow/example_dags/example_setup_teardown.py took 0.061 seconds
[2025-03-09T16:00:40.956+0000] {processor.py:186} INFO - Started process (PID=9609) to work on /home/airflow/.local/lib/python3.12/site-packages/airflow/example_dags/example_setup_teardown.py
[2025-03-09T16:00:40.957+0000] {processor.py:914} INFO - Processing file /home/airflow/.local/lib/python3.12/site-packages/airflow/example_dags/example_setup_teardown.py for tasks to queue
[2025-03-09T16:00:40.958+0000] {logging_mixin.py:190} INFO - [2025-03-09T16:00:40.958+0000] {dagbag.py:588} INFO - Filling up the DagBag from /home/airflow/.local/lib/python3.12/site-packages/airflow/example_dags/example_setup_teardown.py
[2025-03-09T16:00:40.963+0000] {processor.py:925} INFO - DAG(s) 'example_setup_teardown' retrieved from /home/airflow/.local/lib/python3.12/site-packages/airflow/example_dags/example_setup_teardown.py
[2025-03-09T16:00:40.979+0000] {logging_mixin.py:190} INFO - [2025-03-09T16:00:40.979+0000] {dag.py:3239} INFO - Sync 1 DAGs
[2025-03-09T16:00:40.989+0000] {logging_mixin.py:190} INFO - [2025-03-09T16:00:40.989+0000] {dag.py:4180} INFO - Setting next_dagrun for example_setup_teardown to None, run_after=None
[2025-03-09T16:00:41.002+0000] {processor.py:208} INFO - Processing /home/airflow/.local/lib/python3.12/site-packages/airflow/example_dags/example_setup_teardown.py took 0.050 seconds
[2025-03-09T16:01:11.509+0000] {processor.py:186} INFO - Started process (PID=9937) to work on /home/airflow/.local/lib/python3.12/site-packages/airflow/example_dags/example_setup_teardown.py
[2025-03-09T16:01:11.510+0000] {processor.py:914} INFO - Processing file /home/airflow/.local/lib/python3.12/site-packages/airflow/example_dags/example_setup_teardown.py for tasks to queue
[2025-03-09T16:01:11.511+0000] {logging_mixin.py:190} INFO - [2025-03-09T16:01:11.511+0000] {dagbag.py:588} INFO - Filling up the DagBag from /home/airflow/.local/lib/python3.12/site-packages/airflow/example_dags/example_setup_teardown.py
[2025-03-09T16:01:11.516+0000] {processor.py:925} INFO - DAG(s) 'example_setup_teardown' retrieved from /home/airflow/.local/lib/python3.12/site-packages/airflow/example_dags/example_setup_teardown.py
[2025-03-09T16:01:11.532+0000] {logging_mixin.py:190} INFO - [2025-03-09T16:01:11.532+0000] {dag.py:3239} INFO - Sync 1 DAGs
[2025-03-09T16:01:11.541+0000] {logging_mixin.py:190} INFO - [2025-03-09T16:01:11.541+0000] {dag.py:4180} INFO - Setting next_dagrun for example_setup_teardown to None, run_after=None
[2025-03-09T16:01:11.555+0000] {processor.py:208} INFO - Processing /home/airflow/.local/lib/python3.12/site-packages/airflow/example_dags/example_setup_teardown.py took 0.050 seconds
[2025-03-09T16:01:42.010+0000] {processor.py:186} INFO - Started process (PID=10261) to work on /home/airflow/.local/lib/python3.12/site-packages/airflow/example_dags/example_setup_teardown.py
[2025-03-09T16:01:42.010+0000] {processor.py:914} INFO - Processing file /home/airflow/.local/lib/python3.12/site-packages/airflow/example_dags/example_setup_teardown.py for tasks to queue
[2025-03-09T16:01:42.012+0000] {logging_mixin.py:190} INFO - [2025-03-09T16:01:42.011+0000] {dagbag.py:588} INFO - Filling up the DagBag from /home/airflow/.local/lib/python3.12/site-packages/airflow/example_dags/example_setup_teardown.py
[2025-03-09T16:01:42.017+0000] {processor.py:925} INFO - DAG(s) 'example_setup_teardown' retrieved from /home/airflow/.local/lib/python3.12/site-packages/airflow/example_dags/example_setup_teardown.py
[2025-03-09T16:01:42.034+0000] {logging_mixin.py:190} INFO - [2025-03-09T16:01:42.033+0000] {dag.py:3239} INFO - Sync 1 DAGs
[2025-03-09T16:01:42.046+0000] {logging_mixin.py:190} INFO - [2025-03-09T16:01:42.046+0000] {dag.py:4180} INFO - Setting next_dagrun for example_setup_teardown to None, run_after=None
[2025-03-09T16:01:42.064+0000] {processor.py:208} INFO - Processing /home/airflow/.local/lib/python3.12/site-packages/airflow/example_dags/example_setup_teardown.py took 0.057 seconds
[2025-03-09T16:02:12.587+0000] {processor.py:186} INFO - Started process (PID=10587) to work on /home/airflow/.local/lib/python3.12/site-packages/airflow/example_dags/example_setup_teardown.py
[2025-03-09T16:02:12.588+0000] {processor.py:914} INFO - Processing file /home/airflow/.local/lib/python3.12/site-packages/airflow/example_dags/example_setup_teardown.py for tasks to queue
[2025-03-09T16:02:12.589+0000] {logging_mixin.py:190} INFO - [2025-03-09T16:02:12.589+0000] {dagbag.py:588} INFO - Filling up the DagBag from /home/airflow/.local/lib/python3.12/site-packages/airflow/example_dags/example_setup_teardown.py
[2025-03-09T16:02:12.594+0000] {processor.py:925} INFO - DAG(s) 'example_setup_teardown' retrieved from /home/airflow/.local/lib/python3.12/site-packages/airflow/example_dags/example_setup_teardown.py
[2025-03-09T16:02:12.608+0000] {logging_mixin.py:190} INFO - [2025-03-09T16:02:12.607+0000] {dag.py:3239} INFO - Sync 1 DAGs
[2025-03-09T16:02:12.621+0000] {logging_mixin.py:190} INFO - [2025-03-09T16:02:12.621+0000] {dag.py:4180} INFO - Setting next_dagrun for example_setup_teardown to None, run_after=None
[2025-03-09T16:02:12.635+0000] {processor.py:208} INFO - Processing /home/airflow/.local/lib/python3.12/site-packages/airflow/example_dags/example_setup_teardown.py took 0.051 seconds
[2025-03-09T16:02:43.306+0000] {processor.py:186} INFO - Started process (PID=10913) to work on /home/airflow/.local/lib/python3.12/site-packages/airflow/example_dags/example_setup_teardown.py
[2025-03-09T16:02:43.307+0000] {processor.py:914} INFO - Processing file /home/airflow/.local/lib/python3.12/site-packages/airflow/example_dags/example_setup_teardown.py for tasks to queue
[2025-03-09T16:02:43.308+0000] {logging_mixin.py:190} INFO - [2025-03-09T16:02:43.308+0000] {dagbag.py:588} INFO - Filling up the DagBag from /home/airflow/.local/lib/python3.12/site-packages/airflow/example_dags/example_setup_teardown.py
[2025-03-09T16:02:43.313+0000] {processor.py:925} INFO - DAG(s) 'example_setup_teardown' retrieved from /home/airflow/.local/lib/python3.12/site-packages/airflow/example_dags/example_setup_teardown.py
[2025-03-09T16:02:43.328+0000] {logging_mixin.py:190} INFO - [2025-03-09T16:02:43.327+0000] {dag.py:3239} INFO - Sync 1 DAGs
[2025-03-09T16:02:43.337+0000] {logging_mixin.py:190} INFO - [2025-03-09T16:02:43.337+0000] {dag.py:4180} INFO - Setting next_dagrun for example_setup_teardown to None, run_after=None
[2025-03-09T16:02:43.349+0000] {processor.py:208} INFO - Processing /home/airflow/.local/lib/python3.12/site-packages/airflow/example_dags/example_setup_teardown.py took 0.046 seconds
[2025-03-09T16:03:14.159+0000] {processor.py:186} INFO - Started process (PID=11241) to work on /home/airflow/.local/lib/python3.12/site-packages/airflow/example_dags/example_setup_teardown.py
[2025-03-09T16:03:14.160+0000] {processor.py:914} INFO - Processing file /home/airflow/.local/lib/python3.12/site-packages/airflow/example_dags/example_setup_teardown.py for tasks to queue
[2025-03-09T16:03:14.162+0000] {logging_mixin.py:190} INFO - [2025-03-09T16:03:14.162+0000] {dagbag.py:588} INFO - Filling up the DagBag from /home/airflow/.local/lib/python3.12/site-packages/airflow/example_dags/example_setup_teardown.py
[2025-03-09T16:03:14.170+0000] {processor.py:925} INFO - DAG(s) 'example_setup_teardown' retrieved from /home/airflow/.local/lib/python3.12/site-packages/airflow/example_dags/example_setup_teardown.py
[2025-03-09T16:03:14.190+0000] {logging_mixin.py:190} INFO - [2025-03-09T16:03:14.190+0000] {dag.py:3239} INFO - Sync 1 DAGs
[2025-03-09T16:03:14.199+0000] {logging_mixin.py:190} INFO - [2025-03-09T16:03:14.199+0000] {dag.py:4180} INFO - Setting next_dagrun for example_setup_teardown to None, run_after=None
[2025-03-09T16:03:14.213+0000] {processor.py:208} INFO - Processing /home/airflow/.local/lib/python3.12/site-packages/airflow/example_dags/example_setup_teardown.py took 0.062 seconds
[2025-03-09T16:03:44.814+0000] {processor.py:186} INFO - Started process (PID=11565) to work on /home/airflow/.local/lib/python3.12/site-packages/airflow/example_dags/example_setup_teardown.py
[2025-03-09T16:03:44.815+0000] {processor.py:914} INFO - Processing file /home/airflow/.local/lib/python3.12/site-packages/airflow/example_dags/example_setup_teardown.py for tasks to queue
[2025-03-09T16:03:44.816+0000] {logging_mixin.py:190} INFO - [2025-03-09T16:03:44.816+0000] {dagbag.py:588} INFO - Filling up the DagBag from /home/airflow/.local/lib/python3.12/site-packages/airflow/example_dags/example_setup_teardown.py
[2025-03-09T16:03:44.821+0000] {processor.py:925} INFO - DAG(s) 'example_setup_teardown' retrieved from /home/airflow/.local/lib/python3.12/site-packages/airflow/example_dags/example_setup_teardown.py
[2025-03-09T16:03:44.845+0000] {logging_mixin.py:190} INFO - [2025-03-09T16:03:44.845+0000] {dag.py:3239} INFO - Sync 1 DAGs
[2025-03-09T16:03:44.855+0000] {logging_mixin.py:190} INFO - [2025-03-09T16:03:44.854+0000] {dag.py:4180} INFO - Setting next_dagrun for example_setup_teardown to None, run_after=None
[2025-03-09T16:03:44.870+0000] {processor.py:208} INFO - Processing /home/airflow/.local/lib/python3.12/site-packages/airflow/example_dags/example_setup_teardown.py took 0.059 seconds
[2025-03-09T16:04:15.818+0000] {processor.py:186} INFO - Started process (PID=11893) to work on /home/airflow/.local/lib/python3.12/site-packages/airflow/example_dags/example_setup_teardown.py
[2025-03-09T16:04:15.819+0000] {processor.py:914} INFO - Processing file /home/airflow/.local/lib/python3.12/site-packages/airflow/example_dags/example_setup_teardown.py for tasks to queue
[2025-03-09T16:04:15.820+0000] {logging_mixin.py:190} INFO - [2025-03-09T16:04:15.820+0000] {dagbag.py:588} INFO - Filling up the DagBag from /home/airflow/.local/lib/python3.12/site-packages/airflow/example_dags/example_setup_teardown.py
[2025-03-09T16:04:15.825+0000] {processor.py:925} INFO - DAG(s) 'example_setup_teardown' retrieved from /home/airflow/.local/lib/python3.12/site-packages/airflow/example_dags/example_setup_teardown.py
[2025-03-09T16:04:15.841+0000] {logging_mixin.py:190} INFO - [2025-03-09T16:04:15.841+0000] {dag.py:3239} INFO - Sync 1 DAGs
[2025-03-09T16:04:15.850+0000] {logging_mixin.py:190} INFO - [2025-03-09T16:04:15.849+0000] {dag.py:4180} INFO - Setting next_dagrun for example_setup_teardown to None, run_after=None
[2025-03-09T16:04:15.861+0000] {processor.py:208} INFO - Processing /home/airflow/.local/lib/python3.12/site-packages/airflow/example_dags/example_setup_teardown.py took 0.046 seconds
[2025-03-09T16:04:46.718+0000] {processor.py:186} INFO - Started process (PID=12219) to work on /home/airflow/.local/lib/python3.12/site-packages/airflow/example_dags/example_setup_teardown.py
[2025-03-09T16:04:46.720+0000] {processor.py:914} INFO - Processing file /home/airflow/.local/lib/python3.12/site-packages/airflow/example_dags/example_setup_teardown.py for tasks to queue
[2025-03-09T16:04:46.722+0000] {logging_mixin.py:190} INFO - [2025-03-09T16:04:46.722+0000] {dagbag.py:588} INFO - Filling up the DagBag from /home/airflow/.local/lib/python3.12/site-packages/airflow/example_dags/example_setup_teardown.py
[2025-03-09T16:04:46.729+0000] {processor.py:925} INFO - DAG(s) 'example_setup_teardown' retrieved from /home/airflow/.local/lib/python3.12/site-packages/airflow/example_dags/example_setup_teardown.py
[2025-03-09T16:04:46.757+0000] {logging_mixin.py:190} INFO - [2025-03-09T16:04:46.757+0000] {dag.py:3239} INFO - Sync 1 DAGs
[2025-03-09T16:04:46.771+0000] {logging_mixin.py:190} INFO - [2025-03-09T16:04:46.771+0000] {dag.py:4180} INFO - Setting next_dagrun for example_setup_teardown to None, run_after=None
[2025-03-09T16:04:46.789+0000] {processor.py:208} INFO - Processing /home/airflow/.local/lib/python3.12/site-packages/airflow/example_dags/example_setup_teardown.py took 0.077 seconds
[2025-03-09T16:05:17.510+0000] {processor.py:186} INFO - Started process (PID=12543) to work on /home/airflow/.local/lib/python3.12/site-packages/airflow/example_dags/example_setup_teardown.py
[2025-03-09T16:05:17.511+0000] {processor.py:914} INFO - Processing file /home/airflow/.local/lib/python3.12/site-packages/airflow/example_dags/example_setup_teardown.py for tasks to queue
[2025-03-09T16:05:17.512+0000] {logging_mixin.py:190} INFO - [2025-03-09T16:05:17.512+0000] {dagbag.py:588} INFO - Filling up the DagBag from /home/airflow/.local/lib/python3.12/site-packages/airflow/example_dags/example_setup_teardown.py
[2025-03-09T16:05:17.517+0000] {processor.py:925} INFO - DAG(s) 'example_setup_teardown' retrieved from /home/airflow/.local/lib/python3.12/site-packages/airflow/example_dags/example_setup_teardown.py
[2025-03-09T16:05:17.534+0000] {logging_mixin.py:190} INFO - [2025-03-09T16:05:17.534+0000] {dag.py:3239} INFO - Sync 1 DAGs
[2025-03-09T16:05:17.545+0000] {logging_mixin.py:190} INFO - [2025-03-09T16:05:17.545+0000] {dag.py:4180} INFO - Setting next_dagrun for example_setup_teardown to None, run_after=None
[2025-03-09T16:05:17.563+0000] {processor.py:208} INFO - Processing /home/airflow/.local/lib/python3.12/site-packages/airflow/example_dags/example_setup_teardown.py took 0.058 seconds
[2025-03-09T16:05:48.090+0000] {processor.py:186} INFO - Started process (PID=12877) to work on /home/airflow/.local/lib/python3.12/site-packages/airflow/example_dags/example_setup_teardown.py
[2025-03-09T16:05:48.090+0000] {processor.py:914} INFO - Processing file /home/airflow/.local/lib/python3.12/site-packages/airflow/example_dags/example_setup_teardown.py for tasks to queue
[2025-03-09T16:05:48.091+0000] {logging_mixin.py:190} INFO - [2025-03-09T16:05:48.091+0000] {dagbag.py:588} INFO - Filling up the DagBag from /home/airflow/.local/lib/python3.12/site-packages/airflow/example_dags/example_setup_teardown.py
[2025-03-09T16:05:48.096+0000] {processor.py:925} INFO - DAG(s) 'example_setup_teardown' retrieved from /home/airflow/.local/lib/python3.12/site-packages/airflow/example_dags/example_setup_teardown.py
[2025-03-09T16:05:48.111+0000] {logging_mixin.py:190} INFO - [2025-03-09T16:05:48.111+0000] {dag.py:3239} INFO - Sync 1 DAGs
[2025-03-09T16:05:48.121+0000] {logging_mixin.py:190} INFO - [2025-03-09T16:05:48.121+0000] {dag.py:4180} INFO - Setting next_dagrun for example_setup_teardown to None, run_after=None
[2025-03-09T16:05:48.132+0000] {processor.py:208} INFO - Processing /home/airflow/.local/lib/python3.12/site-packages/airflow/example_dags/example_setup_teardown.py took 0.046 seconds
[2025-03-09T16:06:18.616+0000] {processor.py:186} INFO - Started process (PID=13201) to work on /home/airflow/.local/lib/python3.12/site-packages/airflow/example_dags/example_setup_teardown.py
[2025-03-09T16:06:18.616+0000] {processor.py:914} INFO - Processing file /home/airflow/.local/lib/python3.12/site-packages/airflow/example_dags/example_setup_teardown.py for tasks to queue
[2025-03-09T16:06:18.618+0000] {logging_mixin.py:190} INFO - [2025-03-09T16:06:18.617+0000] {dagbag.py:588} INFO - Filling up the DagBag from /home/airflow/.local/lib/python3.12/site-packages/airflow/example_dags/example_setup_teardown.py
[2025-03-09T16:06:18.623+0000] {processor.py:925} INFO - DAG(s) 'example_setup_teardown' retrieved from /home/airflow/.local/lib/python3.12/site-packages/airflow/example_dags/example_setup_teardown.py
[2025-03-09T16:06:18.638+0000] {logging_mixin.py:190} INFO - [2025-03-09T16:06:18.638+0000] {dag.py:3239} INFO - Sync 1 DAGs
[2025-03-09T16:06:18.648+0000] {logging_mixin.py:190} INFO - [2025-03-09T16:06:18.648+0000] {dag.py:4180} INFO - Setting next_dagrun for example_setup_teardown to None, run_after=None
[2025-03-09T16:06:18.661+0000] {processor.py:208} INFO - Processing /home/airflow/.local/lib/python3.12/site-packages/airflow/example_dags/example_setup_teardown.py took 0.049 seconds
[2025-03-09T16:06:49.267+0000] {processor.py:186} INFO - Started process (PID=13527) to work on /home/airflow/.local/lib/python3.12/site-packages/airflow/example_dags/example_setup_teardown.py
[2025-03-09T16:06:49.267+0000] {processor.py:914} INFO - Processing file /home/airflow/.local/lib/python3.12/site-packages/airflow/example_dags/example_setup_teardown.py for tasks to queue
[2025-03-09T16:06:49.269+0000] {logging_mixin.py:190} INFO - [2025-03-09T16:06:49.269+0000] {dagbag.py:588} INFO - Filling up the DagBag from /home/airflow/.local/lib/python3.12/site-packages/airflow/example_dags/example_setup_teardown.py
[2025-03-09T16:06:49.274+0000] {processor.py:925} INFO - DAG(s) 'example_setup_teardown' retrieved from /home/airflow/.local/lib/python3.12/site-packages/airflow/example_dags/example_setup_teardown.py
[2025-03-09T16:06:49.289+0000] {logging_mixin.py:190} INFO - [2025-03-09T16:06:49.289+0000] {dag.py:3239} INFO - Sync 1 DAGs
[2025-03-09T16:06:49.302+0000] {logging_mixin.py:190} INFO - [2025-03-09T16:06:49.302+0000] {dag.py:4180} INFO - Setting next_dagrun for example_setup_teardown to None, run_after=None
[2025-03-09T16:06:49.318+0000] {processor.py:208} INFO - Processing /home/airflow/.local/lib/python3.12/site-packages/airflow/example_dags/example_setup_teardown.py took 0.056 seconds
[2025-03-09T16:07:20.237+0000] {processor.py:186} INFO - Started process (PID=13853) to work on /home/airflow/.local/lib/python3.12/site-packages/airflow/example_dags/example_setup_teardown.py
[2025-03-09T16:07:20.238+0000] {processor.py:914} INFO - Processing file /home/airflow/.local/lib/python3.12/site-packages/airflow/example_dags/example_setup_teardown.py for tasks to queue
[2025-03-09T16:07:20.239+0000] {logging_mixin.py:190} INFO - [2025-03-09T16:07:20.239+0000] {dagbag.py:588} INFO - Filling up the DagBag from /home/airflow/.local/lib/python3.12/site-packages/airflow/example_dags/example_setup_teardown.py
[2025-03-09T16:07:20.243+0000] {processor.py:925} INFO - DAG(s) 'example_setup_teardown' retrieved from /home/airflow/.local/lib/python3.12/site-packages/airflow/example_dags/example_setup_teardown.py
[2025-03-09T16:07:20.259+0000] {logging_mixin.py:190} INFO - [2025-03-09T16:07:20.259+0000] {dag.py:3239} INFO - Sync 1 DAGs
[2025-03-09T16:07:20.270+0000] {logging_mixin.py:190} INFO - [2025-03-09T16:07:20.270+0000] {dag.py:4180} INFO - Setting next_dagrun for example_setup_teardown to None, run_after=None
[2025-03-09T16:07:20.288+0000] {processor.py:208} INFO - Processing /home/airflow/.local/lib/python3.12/site-packages/airflow/example_dags/example_setup_teardown.py took 0.055 seconds
[2025-03-09T16:07:50.772+0000] {processor.py:186} INFO - Started process (PID=14182) to work on /home/airflow/.local/lib/python3.12/site-packages/airflow/example_dags/example_setup_teardown.py
[2025-03-09T16:07:50.772+0000] {processor.py:914} INFO - Processing file /home/airflow/.local/lib/python3.12/site-packages/airflow/example_dags/example_setup_teardown.py for tasks to queue
[2025-03-09T16:07:50.774+0000] {logging_mixin.py:190} INFO - [2025-03-09T16:07:50.774+0000] {dagbag.py:588} INFO - Filling up the DagBag from /home/airflow/.local/lib/python3.12/site-packages/airflow/example_dags/example_setup_teardown.py
[2025-03-09T16:07:50.781+0000] {processor.py:925} INFO - DAG(s) 'example_setup_teardown' retrieved from /home/airflow/.local/lib/python3.12/site-packages/airflow/example_dags/example_setup_teardown.py
[2025-03-09T16:07:50.794+0000] {logging_mixin.py:190} INFO - [2025-03-09T16:07:50.794+0000] {dag.py:3239} INFO - Sync 1 DAGs
[2025-03-09T16:07:50.803+0000] {logging_mixin.py:190} INFO - [2025-03-09T16:07:50.803+0000] {dag.py:4180} INFO - Setting next_dagrun for example_setup_teardown to None, run_after=None
[2025-03-09T16:07:50.817+0000] {processor.py:208} INFO - Processing /home/airflow/.local/lib/python3.12/site-packages/airflow/example_dags/example_setup_teardown.py took 0.049 seconds
[2025-03-09T16:08:21.454+0000] {processor.py:186} INFO - Started process (PID=14506) to work on /home/airflow/.local/lib/python3.12/site-packages/airflow/example_dags/example_setup_teardown.py
[2025-03-09T16:08:21.454+0000] {processor.py:914} INFO - Processing file /home/airflow/.local/lib/python3.12/site-packages/airflow/example_dags/example_setup_teardown.py for tasks to queue
[2025-03-09T16:08:21.455+0000] {logging_mixin.py:190} INFO - [2025-03-09T16:08:21.455+0000] {dagbag.py:588} INFO - Filling up the DagBag from /home/airflow/.local/lib/python3.12/site-packages/airflow/example_dags/example_setup_teardown.py
[2025-03-09T16:08:21.460+0000] {processor.py:925} INFO - DAG(s) 'example_setup_teardown' retrieved from /home/airflow/.local/lib/python3.12/site-packages/airflow/example_dags/example_setup_teardown.py
[2025-03-09T16:08:21.474+0000] {logging_mixin.py:190} INFO - [2025-03-09T16:08:21.474+0000] {dag.py:3239} INFO - Sync 1 DAGs
[2025-03-09T16:08:21.484+0000] {logging_mixin.py:190} INFO - [2025-03-09T16:08:21.483+0000] {dag.py:4180} INFO - Setting next_dagrun for example_setup_teardown to None, run_after=None
[2025-03-09T16:08:21.498+0000] {processor.py:208} INFO - Processing /home/airflow/.local/lib/python3.12/site-packages/airflow/example_dags/example_setup_teardown.py took 0.048 seconds
[2025-03-09T16:08:52.576+0000] {processor.py:186} INFO - Started process (PID=14832) to work on /home/airflow/.local/lib/python3.12/site-packages/airflow/example_dags/example_setup_teardown.py
[2025-03-09T16:08:52.577+0000] {processor.py:914} INFO - Processing file /home/airflow/.local/lib/python3.12/site-packages/airflow/example_dags/example_setup_teardown.py for tasks to queue
[2025-03-09T16:08:52.578+0000] {logging_mixin.py:190} INFO - [2025-03-09T16:08:52.578+0000] {dagbag.py:588} INFO - Filling up the DagBag from /home/airflow/.local/lib/python3.12/site-packages/airflow/example_dags/example_setup_teardown.py
[2025-03-09T16:08:52.583+0000] {processor.py:925} INFO - DAG(s) 'example_setup_teardown' retrieved from /home/airflow/.local/lib/python3.12/site-packages/airflow/example_dags/example_setup_teardown.py
[2025-03-09T16:08:52.599+0000] {logging_mixin.py:190} INFO - [2025-03-09T16:08:52.599+0000] {dag.py:3239} INFO - Sync 1 DAGs
[2025-03-09T16:08:52.613+0000] {logging_mixin.py:190} INFO - [2025-03-09T16:08:52.613+0000] {dag.py:4180} INFO - Setting next_dagrun for example_setup_teardown to None, run_after=None
[2025-03-09T16:08:52.628+0000] {processor.py:208} INFO - Processing /home/airflow/.local/lib/python3.12/site-packages/airflow/example_dags/example_setup_teardown.py took 0.057 seconds
[2025-03-09T16:09:23.596+0000] {processor.py:186} INFO - Started process (PID=15158) to work on /home/airflow/.local/lib/python3.12/site-packages/airflow/example_dags/example_setup_teardown.py
[2025-03-09T16:09:23.597+0000] {processor.py:914} INFO - Processing file /home/airflow/.local/lib/python3.12/site-packages/airflow/example_dags/example_setup_teardown.py for tasks to queue
[2025-03-09T16:09:23.598+0000] {logging_mixin.py:190} INFO - [2025-03-09T16:09:23.597+0000] {dagbag.py:588} INFO - Filling up the DagBag from /home/airflow/.local/lib/python3.12/site-packages/airflow/example_dags/example_setup_teardown.py
[2025-03-09T16:09:23.604+0000] {processor.py:925} INFO - DAG(s) 'example_setup_teardown' retrieved from /home/airflow/.local/lib/python3.12/site-packages/airflow/example_dags/example_setup_teardown.py
[2025-03-09T16:09:23.621+0000] {logging_mixin.py:190} INFO - [2025-03-09T16:09:23.621+0000] {dag.py:3239} INFO - Sync 1 DAGs
[2025-03-09T16:09:23.630+0000] {logging_mixin.py:190} INFO - [2025-03-09T16:09:23.630+0000] {dag.py:4180} INFO - Setting next_dagrun for example_setup_teardown to None, run_after=None
[2025-03-09T16:09:23.642+0000] {processor.py:208} INFO - Processing /home/airflow/.local/lib/python3.12/site-packages/airflow/example_dags/example_setup_teardown.py took 0.050 seconds
[2025-03-09T16:09:54.411+0000] {processor.py:186} INFO - Started process (PID=15484) to work on /home/airflow/.local/lib/python3.12/site-packages/airflow/example_dags/example_setup_teardown.py
[2025-03-09T16:09:54.412+0000] {processor.py:914} INFO - Processing file /home/airflow/.local/lib/python3.12/site-packages/airflow/example_dags/example_setup_teardown.py for tasks to queue
[2025-03-09T16:09:54.413+0000] {logging_mixin.py:190} INFO - [2025-03-09T16:09:54.413+0000] {dagbag.py:588} INFO - Filling up the DagBag from /home/airflow/.local/lib/python3.12/site-packages/airflow/example_dags/example_setup_teardown.py
[2025-03-09T16:09:54.419+0000] {processor.py:925} INFO - DAG(s) 'example_setup_teardown' retrieved from /home/airflow/.local/lib/python3.12/site-packages/airflow/example_dags/example_setup_teardown.py
[2025-03-09T16:09:54.432+0000] {logging_mixin.py:190} INFO - [2025-03-09T16:09:54.432+0000] {dag.py:3239} INFO - Sync 1 DAGs
[2025-03-09T16:09:54.441+0000] {logging_mixin.py:190} INFO - [2025-03-09T16:09:54.441+0000] {dag.py:4180} INFO - Setting next_dagrun for example_setup_teardown to None, run_after=None
[2025-03-09T16:09:54.454+0000] {processor.py:208} INFO - Processing /home/airflow/.local/lib/python3.12/site-packages/airflow/example_dags/example_setup_teardown.py took 0.046 seconds
[2025-03-09T16:10:24.914+0000] {processor.py:186} INFO - Started process (PID=15810) to work on /home/airflow/.local/lib/python3.12/site-packages/airflow/example_dags/example_setup_teardown.py
[2025-03-09T16:10:24.915+0000] {processor.py:914} INFO - Processing file /home/airflow/.local/lib/python3.12/site-packages/airflow/example_dags/example_setup_teardown.py for tasks to queue
[2025-03-09T16:10:24.916+0000] {logging_mixin.py:190} INFO - [2025-03-09T16:10:24.916+0000] {dagbag.py:588} INFO - Filling up the DagBag from /home/airflow/.local/lib/python3.12/site-packages/airflow/example_dags/example_setup_teardown.py
[2025-03-09T16:10:24.921+0000] {processor.py:925} INFO - DAG(s) 'example_setup_teardown' retrieved from /home/airflow/.local/lib/python3.12/site-packages/airflow/example_dags/example_setup_teardown.py
[2025-03-09T16:10:24.936+0000] {logging_mixin.py:190} INFO - [2025-03-09T16:10:24.936+0000] {dag.py:3239} INFO - Sync 1 DAGs
[2025-03-09T16:10:24.945+0000] {logging_mixin.py:190} INFO - [2025-03-09T16:10:24.945+0000] {dag.py:4180} INFO - Setting next_dagrun for example_setup_teardown to None, run_after=None
[2025-03-09T16:10:24.960+0000] {processor.py:208} INFO - Processing /home/airflow/.local/lib/python3.12/site-packages/airflow/example_dags/example_setup_teardown.py took 0.049 seconds
[2025-03-09T16:10:55.261+0000] {processor.py:186} INFO - Started process (PID=16136) to work on /home/airflow/.local/lib/python3.12/site-packages/airflow/example_dags/example_setup_teardown.py
[2025-03-09T16:10:55.262+0000] {processor.py:914} INFO - Processing file /home/airflow/.local/lib/python3.12/site-packages/airflow/example_dags/example_setup_teardown.py for tasks to queue
[2025-03-09T16:10:55.263+0000] {logging_mixin.py:190} INFO - [2025-03-09T16:10:55.263+0000] {dagbag.py:588} INFO - Filling up the DagBag from /home/airflow/.local/lib/python3.12/site-packages/airflow/example_dags/example_setup_teardown.py
[2025-03-09T16:10:55.269+0000] {processor.py:925} INFO - DAG(s) 'example_setup_teardown' retrieved from /home/airflow/.local/lib/python3.12/site-packages/airflow/example_dags/example_setup_teardown.py
[2025-03-09T16:10:55.281+0000] {logging_mixin.py:190} INFO - [2025-03-09T16:10:55.281+0000] {dag.py:3239} INFO - Sync 1 DAGs
[2025-03-09T16:10:55.290+0000] {logging_mixin.py:190} INFO - [2025-03-09T16:10:55.290+0000] {dag.py:4180} INFO - Setting next_dagrun for example_setup_teardown to None, run_after=None
[2025-03-09T16:10:55.310+0000] {processor.py:208} INFO - Processing /home/airflow/.local/lib/python3.12/site-packages/airflow/example_dags/example_setup_teardown.py took 0.053 seconds
[2025-03-09T16:11:25.901+0000] {processor.py:186} INFO - Started process (PID=16464) to work on /home/airflow/.local/lib/python3.12/site-packages/airflow/example_dags/example_setup_teardown.py
[2025-03-09T16:11:25.902+0000] {processor.py:914} INFO - Processing file /home/airflow/.local/lib/python3.12/site-packages/airflow/example_dags/example_setup_teardown.py for tasks to queue
[2025-03-09T16:11:25.903+0000] {logging_mixin.py:190} INFO - [2025-03-09T16:11:25.903+0000] {dagbag.py:588} INFO - Filling up the DagBag from /home/airflow/.local/lib/python3.12/site-packages/airflow/example_dags/example_setup_teardown.py
[2025-03-09T16:11:25.908+0000] {processor.py:925} INFO - DAG(s) 'example_setup_teardown' retrieved from /home/airflow/.local/lib/python3.12/site-packages/airflow/example_dags/example_setup_teardown.py
[2025-03-09T16:11:25.931+0000] {logging_mixin.py:190} INFO - [2025-03-09T16:11:25.931+0000] {dag.py:3239} INFO - Sync 1 DAGs
[2025-03-09T16:11:25.950+0000] {logging_mixin.py:190} INFO - [2025-03-09T16:11:25.950+0000] {dag.py:4180} INFO - Setting next_dagrun for example_setup_teardown to None, run_after=None
[2025-03-09T16:11:25.965+0000] {processor.py:208} INFO - Processing /home/airflow/.local/lib/python3.12/site-packages/airflow/example_dags/example_setup_teardown.py took 0.068 seconds
[2025-03-09T16:11:56.852+0000] {processor.py:186} INFO - Started process (PID=16790) to work on /home/airflow/.local/lib/python3.12/site-packages/airflow/example_dags/example_setup_teardown.py
[2025-03-09T16:11:56.852+0000] {processor.py:914} INFO - Processing file /home/airflow/.local/lib/python3.12/site-packages/airflow/example_dags/example_setup_teardown.py for tasks to queue
[2025-03-09T16:11:56.853+0000] {logging_mixin.py:190} INFO - [2025-03-09T16:11:56.853+0000] {dagbag.py:588} INFO - Filling up the DagBag from /home/airflow/.local/lib/python3.12/site-packages/airflow/example_dags/example_setup_teardown.py
[2025-03-09T16:11:56.858+0000] {processor.py:925} INFO - DAG(s) 'example_setup_teardown' retrieved from /home/airflow/.local/lib/python3.12/site-packages/airflow/example_dags/example_setup_teardown.py
[2025-03-09T16:11:56.872+0000] {logging_mixin.py:190} INFO - [2025-03-09T16:11:56.872+0000] {dag.py:3239} INFO - Sync 1 DAGs
[2025-03-09T16:11:56.880+0000] {logging_mixin.py:190} INFO - [2025-03-09T16:11:56.880+0000] {dag.py:4180} INFO - Setting next_dagrun for example_setup_teardown to None, run_after=None
[2025-03-09T16:11:56.894+0000] {processor.py:208} INFO - Processing /home/airflow/.local/lib/python3.12/site-packages/airflow/example_dags/example_setup_teardown.py took 0.045 seconds
[2025-03-09T16:12:27.975+0000] {processor.py:186} INFO - Started process (PID=17116) to work on /home/airflow/.local/lib/python3.12/site-packages/airflow/example_dags/example_setup_teardown.py
[2025-03-09T16:12:27.975+0000] {processor.py:914} INFO - Processing file /home/airflow/.local/lib/python3.12/site-packages/airflow/example_dags/example_setup_teardown.py for tasks to queue
[2025-03-09T16:12:27.976+0000] {logging_mixin.py:190} INFO - [2025-03-09T16:12:27.976+0000] {dagbag.py:588} INFO - Filling up the DagBag from /home/airflow/.local/lib/python3.12/site-packages/airflow/example_dags/example_setup_teardown.py
[2025-03-09T16:12:27.981+0000] {processor.py:925} INFO - DAG(s) 'example_setup_teardown' retrieved from /home/airflow/.local/lib/python3.12/site-packages/airflow/example_dags/example_setup_teardown.py
[2025-03-09T16:12:27.994+0000] {logging_mixin.py:190} INFO - [2025-03-09T16:12:27.994+0000] {dag.py:3239} INFO - Sync 1 DAGs
[2025-03-09T16:12:28.003+0000] {logging_mixin.py:190} INFO - [2025-03-09T16:12:28.002+0000] {dag.py:4180} INFO - Setting next_dagrun for example_setup_teardown to None, run_after=None
[2025-03-09T16:12:28.015+0000] {processor.py:208} INFO - Processing /home/airflow/.local/lib/python3.12/site-packages/airflow/example_dags/example_setup_teardown.py took 0.047 seconds
[2025-03-09T16:12:59.183+0000] {processor.py:186} INFO - Started process (PID=17442) to work on /home/airflow/.local/lib/python3.12/site-packages/airflow/example_dags/example_setup_teardown.py
[2025-03-09T16:12:59.183+0000] {processor.py:914} INFO - Processing file /home/airflow/.local/lib/python3.12/site-packages/airflow/example_dags/example_setup_teardown.py for tasks to queue
[2025-03-09T16:12:59.185+0000] {logging_mixin.py:190} INFO - [2025-03-09T16:12:59.184+0000] {dagbag.py:588} INFO - Filling up the DagBag from /home/airflow/.local/lib/python3.12/site-packages/airflow/example_dags/example_setup_teardown.py
[2025-03-09T16:12:59.189+0000] {processor.py:925} INFO - DAG(s) 'example_setup_teardown' retrieved from /home/airflow/.local/lib/python3.12/site-packages/airflow/example_dags/example_setup_teardown.py
[2025-03-09T16:12:59.201+0000] {logging_mixin.py:190} INFO - [2025-03-09T16:12:59.201+0000] {dag.py:3239} INFO - Sync 1 DAGs
[2025-03-09T16:12:59.209+0000] {logging_mixin.py:190} INFO - [2025-03-09T16:12:59.209+0000] {dag.py:4180} INFO - Setting next_dagrun for example_setup_teardown to None, run_after=None
[2025-03-09T16:12:59.223+0000] {processor.py:208} INFO - Processing /home/airflow/.local/lib/python3.12/site-packages/airflow/example_dags/example_setup_teardown.py took 0.043 seconds
[2025-03-09T16:13:30.235+0000] {processor.py:186} INFO - Started process (PID=17766) to work on /home/airflow/.local/lib/python3.12/site-packages/airflow/example_dags/example_setup_teardown.py
[2025-03-09T16:13:30.235+0000] {processor.py:914} INFO - Processing file /home/airflow/.local/lib/python3.12/site-packages/airflow/example_dags/example_setup_teardown.py for tasks to queue
[2025-03-09T16:13:30.236+0000] {logging_mixin.py:190} INFO - [2025-03-09T16:13:30.236+0000] {dagbag.py:588} INFO - Filling up the DagBag from /home/airflow/.local/lib/python3.12/site-packages/airflow/example_dags/example_setup_teardown.py
[2025-03-09T16:13:30.241+0000] {processor.py:925} INFO - DAG(s) 'example_setup_teardown' retrieved from /home/airflow/.local/lib/python3.12/site-packages/airflow/example_dags/example_setup_teardown.py
[2025-03-09T16:13:30.256+0000] {logging_mixin.py:190} INFO - [2025-03-09T16:13:30.255+0000] {dag.py:3239} INFO - Sync 1 DAGs
[2025-03-09T16:13:30.264+0000] {logging_mixin.py:190} INFO - [2025-03-09T16:13:30.264+0000] {dag.py:4180} INFO - Setting next_dagrun for example_setup_teardown to None, run_after=None
[2025-03-09T16:13:30.277+0000] {processor.py:208} INFO - Processing /home/airflow/.local/lib/python3.12/site-packages/airflow/example_dags/example_setup_teardown.py took 0.046 seconds
[2025-03-09T16:14:01.141+0000] {processor.py:186} INFO - Started process (PID=18092) to work on /home/airflow/.local/lib/python3.12/site-packages/airflow/example_dags/example_setup_teardown.py
[2025-03-09T16:14:01.142+0000] {processor.py:914} INFO - Processing file /home/airflow/.local/lib/python3.12/site-packages/airflow/example_dags/example_setup_teardown.py for tasks to queue
[2025-03-09T16:14:01.143+0000] {logging_mixin.py:190} INFO - [2025-03-09T16:14:01.143+0000] {dagbag.py:588} INFO - Filling up the DagBag from /home/airflow/.local/lib/python3.12/site-packages/airflow/example_dags/example_setup_teardown.py
[2025-03-09T16:14:01.149+0000] {processor.py:925} INFO - DAG(s) 'example_setup_teardown' retrieved from /home/airflow/.local/lib/python3.12/site-packages/airflow/example_dags/example_setup_teardown.py
[2025-03-09T16:14:01.162+0000] {logging_mixin.py:190} INFO - [2025-03-09T16:14:01.161+0000] {dag.py:3239} INFO - Sync 1 DAGs
[2025-03-09T16:14:01.171+0000] {logging_mixin.py:190} INFO - [2025-03-09T16:14:01.171+0000] {dag.py:4180} INFO - Setting next_dagrun for example_setup_teardown to None, run_after=None
[2025-03-09T16:14:01.185+0000] {processor.py:208} INFO - Processing /home/airflow/.local/lib/python3.12/site-packages/airflow/example_dags/example_setup_teardown.py took 0.048 seconds
[2025-03-09T16:14:31.849+0000] {processor.py:186} INFO - Started process (PID=18418) to work on /home/airflow/.local/lib/python3.12/site-packages/airflow/example_dags/example_setup_teardown.py
[2025-03-09T16:14:31.850+0000] {processor.py:914} INFO - Processing file /home/airflow/.local/lib/python3.12/site-packages/airflow/example_dags/example_setup_teardown.py for tasks to queue
[2025-03-09T16:14:31.851+0000] {logging_mixin.py:190} INFO - [2025-03-09T16:14:31.851+0000] {dagbag.py:588} INFO - Filling up the DagBag from /home/airflow/.local/lib/python3.12/site-packages/airflow/example_dags/example_setup_teardown.py
[2025-03-09T16:14:31.856+0000] {processor.py:925} INFO - DAG(s) 'example_setup_teardown' retrieved from /home/airflow/.local/lib/python3.12/site-packages/airflow/example_dags/example_setup_teardown.py
[2025-03-09T16:14:31.870+0000] {logging_mixin.py:190} INFO - [2025-03-09T16:14:31.870+0000] {dag.py:3239} INFO - Sync 1 DAGs
[2025-03-09T16:14:31.879+0000] {logging_mixin.py:190} INFO - [2025-03-09T16:14:31.879+0000] {dag.py:4180} INFO - Setting next_dagrun for example_setup_teardown to None, run_after=None
[2025-03-09T16:14:31.896+0000] {processor.py:208} INFO - Processing /home/airflow/.local/lib/python3.12/site-packages/airflow/example_dags/example_setup_teardown.py took 0.050 seconds
[2025-03-09T16:15:02.699+0000] {processor.py:186} INFO - Started process (PID=18744) to work on /home/airflow/.local/lib/python3.12/site-packages/airflow/example_dags/example_setup_teardown.py
[2025-03-09T16:15:02.700+0000] {processor.py:914} INFO - Processing file /home/airflow/.local/lib/python3.12/site-packages/airflow/example_dags/example_setup_teardown.py for tasks to queue
[2025-03-09T16:15:02.701+0000] {logging_mixin.py:190} INFO - [2025-03-09T16:15:02.701+0000] {dagbag.py:588} INFO - Filling up the DagBag from /home/airflow/.local/lib/python3.12/site-packages/airflow/example_dags/example_setup_teardown.py
[2025-03-09T16:15:02.707+0000] {processor.py:925} INFO - DAG(s) 'example_setup_teardown' retrieved from /home/airflow/.local/lib/python3.12/site-packages/airflow/example_dags/example_setup_teardown.py
[2025-03-09T16:15:02.720+0000] {logging_mixin.py:190} INFO - [2025-03-09T16:15:02.720+0000] {dag.py:3239} INFO - Sync 1 DAGs
[2025-03-09T16:15:02.728+0000] {logging_mixin.py:190} INFO - [2025-03-09T16:15:02.728+0000] {dag.py:4180} INFO - Setting next_dagrun for example_setup_teardown to None, run_after=None
[2025-03-09T16:15:02.742+0000] {processor.py:208} INFO - Processing /home/airflow/.local/lib/python3.12/site-packages/airflow/example_dags/example_setup_teardown.py took 0.047 seconds
[2025-03-09T16:15:33.536+0000] {processor.py:186} INFO - Started process (PID=19070) to work on /home/airflow/.local/lib/python3.12/site-packages/airflow/example_dags/example_setup_teardown.py
[2025-03-09T16:15:33.537+0000] {processor.py:914} INFO - Processing file /home/airflow/.local/lib/python3.12/site-packages/airflow/example_dags/example_setup_teardown.py for tasks to queue
[2025-03-09T16:15:33.538+0000] {logging_mixin.py:190} INFO - [2025-03-09T16:15:33.538+0000] {dagbag.py:588} INFO - Filling up the DagBag from /home/airflow/.local/lib/python3.12/site-packages/airflow/example_dags/example_setup_teardown.py
[2025-03-09T16:15:33.544+0000] {processor.py:925} INFO - DAG(s) 'example_setup_teardown' retrieved from /home/airflow/.local/lib/python3.12/site-packages/airflow/example_dags/example_setup_teardown.py
[2025-03-09T16:15:33.563+0000] {logging_mixin.py:190} INFO - [2025-03-09T16:15:33.563+0000] {dag.py:3239} INFO - Sync 1 DAGs
[2025-03-09T16:15:33.571+0000] {logging_mixin.py:190} INFO - [2025-03-09T16:15:33.571+0000] {dag.py:4180} INFO - Setting next_dagrun for example_setup_teardown to None, run_after=None
[2025-03-09T16:15:33.584+0000] {processor.py:208} INFO - Processing /home/airflow/.local/lib/python3.12/site-packages/airflow/example_dags/example_setup_teardown.py took 0.052 seconds
[2025-03-09T16:16:04.648+0000] {processor.py:186} INFO - Started process (PID=19398) to work on /home/airflow/.local/lib/python3.12/site-packages/airflow/example_dags/example_setup_teardown.py
[2025-03-09T16:16:04.649+0000] {processor.py:914} INFO - Processing file /home/airflow/.local/lib/python3.12/site-packages/airflow/example_dags/example_setup_teardown.py for tasks to queue
[2025-03-09T16:16:04.651+0000] {logging_mixin.py:190} INFO - [2025-03-09T16:16:04.650+0000] {dagbag.py:588} INFO - Filling up the DagBag from /home/airflow/.local/lib/python3.12/site-packages/airflow/example_dags/example_setup_teardown.py
[2025-03-09T16:16:04.660+0000] {processor.py:925} INFO - DAG(s) 'example_setup_teardown' retrieved from /home/airflow/.local/lib/python3.12/site-packages/airflow/example_dags/example_setup_teardown.py
[2025-03-09T16:16:04.676+0000] {logging_mixin.py:190} INFO - [2025-03-09T16:16:04.676+0000] {dag.py:3239} INFO - Sync 1 DAGs
[2025-03-09T16:16:04.684+0000] {logging_mixin.py:190} INFO - [2025-03-09T16:16:04.684+0000] {dag.py:4180} INFO - Setting next_dagrun for example_setup_teardown to None, run_after=None
[2025-03-09T16:16:04.696+0000] {processor.py:208} INFO - Processing /home/airflow/.local/lib/python3.12/site-packages/airflow/example_dags/example_setup_teardown.py took 0.056 seconds
[2025-03-09T16:16:35.936+0000] {processor.py:186} INFO - Started process (PID=19724) to work on /home/airflow/.local/lib/python3.12/site-packages/airflow/example_dags/example_setup_teardown.py
[2025-03-09T16:16:35.937+0000] {processor.py:914} INFO - Processing file /home/airflow/.local/lib/python3.12/site-packages/airflow/example_dags/example_setup_teardown.py for tasks to queue
[2025-03-09T16:16:35.939+0000] {logging_mixin.py:190} INFO - [2025-03-09T16:16:35.939+0000] {dagbag.py:588} INFO - Filling up the DagBag from /home/airflow/.local/lib/python3.12/site-packages/airflow/example_dags/example_setup_teardown.py
[2025-03-09T16:16:35.945+0000] {processor.py:925} INFO - DAG(s) 'example_setup_teardown' retrieved from /home/airflow/.local/lib/python3.12/site-packages/airflow/example_dags/example_setup_teardown.py
[2025-03-09T16:16:35.957+0000] {logging_mixin.py:190} INFO - [2025-03-09T16:16:35.957+0000] {dag.py:3239} INFO - Sync 1 DAGs
[2025-03-09T16:16:35.965+0000] {logging_mixin.py:190} INFO - [2025-03-09T16:16:35.965+0000] {dag.py:4180} INFO - Setting next_dagrun for example_setup_teardown to None, run_after=None
[2025-03-09T16:16:35.979+0000] {processor.py:208} INFO - Processing /home/airflow/.local/lib/python3.12/site-packages/airflow/example_dags/example_setup_teardown.py took 0.048 seconds
[2025-03-09T16:17:07.158+0000] {processor.py:186} INFO - Started process (PID=20048) to work on /home/airflow/.local/lib/python3.12/site-packages/airflow/example_dags/example_setup_teardown.py
[2025-03-09T16:17:07.158+0000] {processor.py:914} INFO - Processing file /home/airflow/.local/lib/python3.12/site-packages/airflow/example_dags/example_setup_teardown.py for tasks to queue
[2025-03-09T16:17:07.159+0000] {logging_mixin.py:190} INFO - [2025-03-09T16:17:07.159+0000] {dagbag.py:588} INFO - Filling up the DagBag from /home/airflow/.local/lib/python3.12/site-packages/airflow/example_dags/example_setup_teardown.py
[2025-03-09T16:17:07.164+0000] {processor.py:925} INFO - DAG(s) 'example_setup_teardown' retrieved from /home/airflow/.local/lib/python3.12/site-packages/airflow/example_dags/example_setup_teardown.py
[2025-03-09T16:17:07.182+0000] {logging_mixin.py:190} INFO - [2025-03-09T16:17:07.181+0000] {dag.py:3239} INFO - Sync 1 DAGs
[2025-03-09T16:17:07.196+0000] {logging_mixin.py:190} INFO - [2025-03-09T16:17:07.196+0000] {dag.py:4180} INFO - Setting next_dagrun for example_setup_teardown to None, run_after=None
[2025-03-09T16:17:07.215+0000] {processor.py:208} INFO - Processing /home/airflow/.local/lib/python3.12/site-packages/airflow/example_dags/example_setup_teardown.py took 0.061 seconds
[2025-03-09T16:17:38.186+0000] {processor.py:186} INFO - Started process (PID=20374) to work on /home/airflow/.local/lib/python3.12/site-packages/airflow/example_dags/example_setup_teardown.py
[2025-03-09T16:17:38.187+0000] {processor.py:914} INFO - Processing file /home/airflow/.local/lib/python3.12/site-packages/airflow/example_dags/example_setup_teardown.py for tasks to queue
[2025-03-09T16:17:38.188+0000] {logging_mixin.py:190} INFO - [2025-03-09T16:17:38.188+0000] {dagbag.py:588} INFO - Filling up the DagBag from /home/airflow/.local/lib/python3.12/site-packages/airflow/example_dags/example_setup_teardown.py
[2025-03-09T16:17:38.193+0000] {processor.py:925} INFO - DAG(s) 'example_setup_teardown' retrieved from /home/airflow/.local/lib/python3.12/site-packages/airflow/example_dags/example_setup_teardown.py
[2025-03-09T16:17:38.209+0000] {logging_mixin.py:190} INFO - [2025-03-09T16:17:38.209+0000] {dag.py:3239} INFO - Sync 1 DAGs
[2025-03-09T16:17:38.221+0000] {logging_mixin.py:190} INFO - [2025-03-09T16:17:38.220+0000] {dag.py:4180} INFO - Setting next_dagrun for example_setup_teardown to None, run_after=None
[2025-03-09T16:17:38.238+0000] {processor.py:208} INFO - Processing /home/airflow/.local/lib/python3.12/site-packages/airflow/example_dags/example_setup_teardown.py took 0.056 seconds
[2025-03-09T16:18:09.383+0000] {processor.py:186} INFO - Started process (PID=20700) to work on /home/airflow/.local/lib/python3.12/site-packages/airflow/example_dags/example_setup_teardown.py
[2025-03-09T16:18:09.384+0000] {processor.py:914} INFO - Processing file /home/airflow/.local/lib/python3.12/site-packages/airflow/example_dags/example_setup_teardown.py for tasks to queue
[2025-03-09T16:18:09.385+0000] {logging_mixin.py:190} INFO - [2025-03-09T16:18:09.385+0000] {dagbag.py:588} INFO - Filling up the DagBag from /home/airflow/.local/lib/python3.12/site-packages/airflow/example_dags/example_setup_teardown.py
[2025-03-09T16:18:09.392+0000] {processor.py:925} INFO - DAG(s) 'example_setup_teardown' retrieved from /home/airflow/.local/lib/python3.12/site-packages/airflow/example_dags/example_setup_teardown.py
[2025-03-09T16:18:09.405+0000] {logging_mixin.py:190} INFO - [2025-03-09T16:18:09.405+0000] {dag.py:3239} INFO - Sync 1 DAGs
[2025-03-09T16:18:09.414+0000] {logging_mixin.py:190} INFO - [2025-03-09T16:18:09.414+0000] {dag.py:4180} INFO - Setting next_dagrun for example_setup_teardown to None, run_after=None
[2025-03-09T16:18:09.428+0000] {processor.py:208} INFO - Processing /home/airflow/.local/lib/python3.12/site-packages/airflow/example_dags/example_setup_teardown.py took 0.049 seconds
[2025-03-09T16:18:39.912+0000] {processor.py:186} INFO - Started process (PID=21026) to work on /home/airflow/.local/lib/python3.12/site-packages/airflow/example_dags/example_setup_teardown.py
[2025-03-09T16:18:39.922+0000] {processor.py:914} INFO - Processing file /home/airflow/.local/lib/python3.12/site-packages/airflow/example_dags/example_setup_teardown.py for tasks to queue
[2025-03-09T16:18:39.923+0000] {logging_mixin.py:190} INFO - [2025-03-09T16:18:39.923+0000] {dagbag.py:588} INFO - Filling up the DagBag from /home/airflow/.local/lib/python3.12/site-packages/airflow/example_dags/example_setup_teardown.py
[2025-03-09T16:18:39.928+0000] {processor.py:925} INFO - DAG(s) 'example_setup_teardown' retrieved from /home/airflow/.local/lib/python3.12/site-packages/airflow/example_dags/example_setup_teardown.py
[2025-03-09T16:18:39.943+0000] {logging_mixin.py:190} INFO - [2025-03-09T16:18:39.943+0000] {dag.py:3239} INFO - Sync 1 DAGs
[2025-03-09T16:18:39.952+0000] {logging_mixin.py:190} INFO - [2025-03-09T16:18:39.952+0000] {dag.py:4180} INFO - Setting next_dagrun for example_setup_teardown to None, run_after=None
[2025-03-09T16:18:39.970+0000] {processor.py:208} INFO - Processing /home/airflow/.local/lib/python3.12/site-packages/airflow/example_dags/example_setup_teardown.py took 0.062 seconds
[2025-03-09T16:19:10.900+0000] {processor.py:186} INFO - Started process (PID=21352) to work on /home/airflow/.local/lib/python3.12/site-packages/airflow/example_dags/example_setup_teardown.py
[2025-03-09T16:19:10.900+0000] {processor.py:914} INFO - Processing file /home/airflow/.local/lib/python3.12/site-packages/airflow/example_dags/example_setup_teardown.py for tasks to queue
[2025-03-09T16:19:10.902+0000] {logging_mixin.py:190} INFO - [2025-03-09T16:19:10.901+0000] {dagbag.py:588} INFO - Filling up the DagBag from /home/airflow/.local/lib/python3.12/site-packages/airflow/example_dags/example_setup_teardown.py
[2025-03-09T16:19:10.907+0000] {processor.py:925} INFO - DAG(s) 'example_setup_teardown' retrieved from /home/airflow/.local/lib/python3.12/site-packages/airflow/example_dags/example_setup_teardown.py
[2025-03-09T16:19:10.920+0000] {logging_mixin.py:190} INFO - [2025-03-09T16:19:10.920+0000] {dag.py:3239} INFO - Sync 1 DAGs
[2025-03-09T16:19:10.930+0000] {logging_mixin.py:190} INFO - [2025-03-09T16:19:10.930+0000] {dag.py:4180} INFO - Setting next_dagrun for example_setup_teardown to None, run_after=None
[2025-03-09T16:19:10.945+0000] {processor.py:208} INFO - Processing /home/airflow/.local/lib/python3.12/site-packages/airflow/example_dags/example_setup_teardown.py took 0.049 seconds
[2025-03-09T16:19:41.553+0000] {processor.py:186} INFO - Started process (PID=21678) to work on /home/airflow/.local/lib/python3.12/site-packages/airflow/example_dags/example_setup_teardown.py
[2025-03-09T16:19:41.554+0000] {processor.py:914} INFO - Processing file /home/airflow/.local/lib/python3.12/site-packages/airflow/example_dags/example_setup_teardown.py for tasks to queue
[2025-03-09T16:19:41.555+0000] {logging_mixin.py:190} INFO - [2025-03-09T16:19:41.555+0000] {dagbag.py:588} INFO - Filling up the DagBag from /home/airflow/.local/lib/python3.12/site-packages/airflow/example_dags/example_setup_teardown.py
[2025-03-09T16:19:41.561+0000] {processor.py:925} INFO - DAG(s) 'example_setup_teardown' retrieved from /home/airflow/.local/lib/python3.12/site-packages/airflow/example_dags/example_setup_teardown.py
[2025-03-09T16:19:41.579+0000] {logging_mixin.py:190} INFO - [2025-03-09T16:19:41.579+0000] {dag.py:3239} INFO - Sync 1 DAGs
[2025-03-09T16:19:41.591+0000] {logging_mixin.py:190} INFO - [2025-03-09T16:19:41.591+0000] {dag.py:4180} INFO - Setting next_dagrun for example_setup_teardown to None, run_after=None
[2025-03-09T16:19:41.608+0000] {processor.py:208} INFO - Processing /home/airflow/.local/lib/python3.12/site-packages/airflow/example_dags/example_setup_teardown.py took 0.060 seconds
