[2025-03-09T15:46:16.148+0000] {processor.py:186} INFO - Started process (PID=477) to work on /home/airflow/.local/lib/python3.12/site-packages/airflow/example_dags/example_latest_only.py
[2025-03-09T15:46:16.148+0000] {processor.py:914} INFO - Processing file /home/airflow/.local/lib/python3.12/site-packages/airflow/example_dags/example_latest_only.py for tasks to queue
[2025-03-09T15:46:16.149+0000] {logging_mixin.py:190} INFO - [2025-03-09T15:46:16.149+0000] {dagbag.py:588} INFO - Filling up the DagBag from /home/airflow/.local/lib/python3.12/site-packages/airflow/example_dags/example_latest_only.py
[2025-03-09T15:46:16.154+0000] {processor.py:925} INFO - DAG(s) 'latest_only' retrieved from /home/airflow/.local/lib/python3.12/site-packages/airflow/example_dags/example_latest_only.py
[2025-03-09T15:46:16.165+0000] {logging_mixin.py:190} INFO - [2025-03-09T15:46:16.164+0000] {dag.py:3239} INFO - Sync 1 DAGs
[2025-03-09T15:46:16.179+0000] {logging_mixin.py:190} INFO - [2025-03-09T15:46:16.179+0000] {dag.py:4180} INFO - Setting next_dagrun for latest_only to 2025-03-09 08:00:00+00:00, run_after=2025-03-09 12:00:00+00:00
[2025-03-09T15:46:16.192+0000] {processor.py:208} INFO - Processing /home/airflow/.local/lib/python3.12/site-packages/airflow/example_dags/example_latest_only.py took 0.048 seconds
[2025-03-09T15:46:47.186+0000] {processor.py:186} INFO - Started process (PID=803) to work on /home/airflow/.local/lib/python3.12/site-packages/airflow/example_dags/example_latest_only.py
[2025-03-09T15:46:47.186+0000] {processor.py:914} INFO - Processing file /home/airflow/.local/lib/python3.12/site-packages/airflow/example_dags/example_latest_only.py for tasks to queue
[2025-03-09T15:46:47.187+0000] {logging_mixin.py:190} INFO - [2025-03-09T15:46:47.187+0000] {dagbag.py:588} INFO - Filling up the DagBag from /home/airflow/.local/lib/python3.12/site-packages/airflow/example_dags/example_latest_only.py
[2025-03-09T15:46:47.192+0000] {processor.py:925} INFO - DAG(s) 'latest_only' retrieved from /home/airflow/.local/lib/python3.12/site-packages/airflow/example_dags/example_latest_only.py
[2025-03-09T15:46:47.207+0000] {logging_mixin.py:190} INFO - [2025-03-09T15:46:47.207+0000] {dag.py:3239} INFO - Sync 1 DAGs
[2025-03-09T15:46:47.229+0000] {logging_mixin.py:190} INFO - [2025-03-09T15:46:47.229+0000] {dag.py:4180} INFO - Setting next_dagrun for latest_only to 2025-03-09 08:00:00+00:00, run_after=2025-03-09 12:00:00+00:00
[2025-03-09T15:46:47.245+0000] {processor.py:208} INFO - Processing /home/airflow/.local/lib/python3.12/site-packages/airflow/example_dags/example_latest_only.py took 0.063 seconds
[2025-03-09T15:47:18.386+0000] {processor.py:186} INFO - Started process (PID=1129) to work on /home/airflow/.local/lib/python3.12/site-packages/airflow/example_dags/example_latest_only.py
[2025-03-09T15:47:18.387+0000] {processor.py:914} INFO - Processing file /home/airflow/.local/lib/python3.12/site-packages/airflow/example_dags/example_latest_only.py for tasks to queue
[2025-03-09T15:47:18.388+0000] {logging_mixin.py:190} INFO - [2025-03-09T15:47:18.388+0000] {dagbag.py:588} INFO - Filling up the DagBag from /home/airflow/.local/lib/python3.12/site-packages/airflow/example_dags/example_latest_only.py
[2025-03-09T15:47:18.392+0000] {processor.py:925} INFO - DAG(s) 'latest_only' retrieved from /home/airflow/.local/lib/python3.12/site-packages/airflow/example_dags/example_latest_only.py
[2025-03-09T15:47:18.408+0000] {logging_mixin.py:190} INFO - [2025-03-09T15:47:18.408+0000] {dag.py:3239} INFO - Sync 1 DAGs
[2025-03-09T15:47:18.425+0000] {logging_mixin.py:190} INFO - [2025-03-09T15:47:18.425+0000] {dag.py:4180} INFO - Setting next_dagrun for latest_only to 2025-03-09 08:00:00+00:00, run_after=2025-03-09 12:00:00+00:00
[2025-03-09T15:47:18.439+0000] {processor.py:208} INFO - Processing /home/airflow/.local/lib/python3.12/site-packages/airflow/example_dags/example_latest_only.py took 0.056 seconds
[2025-03-09T15:47:49.185+0000] {processor.py:186} INFO - Started process (PID=1455) to work on /home/airflow/.local/lib/python3.12/site-packages/airflow/example_dags/example_latest_only.py
[2025-03-09T15:47:49.186+0000] {processor.py:914} INFO - Processing file /home/airflow/.local/lib/python3.12/site-packages/airflow/example_dags/example_latest_only.py for tasks to queue
[2025-03-09T15:47:49.187+0000] {logging_mixin.py:190} INFO - [2025-03-09T15:47:49.187+0000] {dagbag.py:588} INFO - Filling up the DagBag from /home/airflow/.local/lib/python3.12/site-packages/airflow/example_dags/example_latest_only.py
[2025-03-09T15:47:49.191+0000] {processor.py:925} INFO - DAG(s) 'latest_only' retrieved from /home/airflow/.local/lib/python3.12/site-packages/airflow/example_dags/example_latest_only.py
[2025-03-09T15:47:49.206+0000] {logging_mixin.py:190} INFO - [2025-03-09T15:47:49.206+0000] {dag.py:3239} INFO - Sync 1 DAGs
[2025-03-09T15:47:49.219+0000] {logging_mixin.py:190} INFO - [2025-03-09T15:47:49.219+0000] {dag.py:4180} INFO - Setting next_dagrun for latest_only to 2025-03-09 08:00:00+00:00, run_after=2025-03-09 12:00:00+00:00
[2025-03-09T15:47:49.238+0000] {processor.py:208} INFO - Processing /home/airflow/.local/lib/python3.12/site-packages/airflow/example_dags/example_latest_only.py took 0.056 seconds
[2025-03-09T15:48:20.118+0000] {processor.py:186} INFO - Started process (PID=1781) to work on /home/airflow/.local/lib/python3.12/site-packages/airflow/example_dags/example_latest_only.py
[2025-03-09T15:48:20.118+0000] {processor.py:914} INFO - Processing file /home/airflow/.local/lib/python3.12/site-packages/airflow/example_dags/example_latest_only.py for tasks to queue
[2025-03-09T15:48:20.119+0000] {logging_mixin.py:190} INFO - [2025-03-09T15:48:20.119+0000] {dagbag.py:588} INFO - Filling up the DagBag from /home/airflow/.local/lib/python3.12/site-packages/airflow/example_dags/example_latest_only.py
[2025-03-09T15:48:20.123+0000] {processor.py:925} INFO - DAG(s) 'latest_only' retrieved from /home/airflow/.local/lib/python3.12/site-packages/airflow/example_dags/example_latest_only.py
[2025-03-09T15:48:20.139+0000] {logging_mixin.py:190} INFO - [2025-03-09T15:48:20.139+0000] {dag.py:3239} INFO - Sync 1 DAGs
[2025-03-09T15:48:20.159+0000] {logging_mixin.py:190} INFO - [2025-03-09T15:48:20.158+0000] {dag.py:4180} INFO - Setting next_dagrun for latest_only to 2025-03-09 08:00:00+00:00, run_after=2025-03-09 12:00:00+00:00
[2025-03-09T15:48:20.176+0000] {processor.py:208} INFO - Processing /home/airflow/.local/lib/python3.12/site-packages/airflow/example_dags/example_latest_only.py took 0.064 seconds
[2025-03-09T15:48:51.045+0000] {processor.py:186} INFO - Started process (PID=2107) to work on /home/airflow/.local/lib/python3.12/site-packages/airflow/example_dags/example_latest_only.py
[2025-03-09T15:48:51.045+0000] {processor.py:914} INFO - Processing file /home/airflow/.local/lib/python3.12/site-packages/airflow/example_dags/example_latest_only.py for tasks to queue
[2025-03-09T15:48:51.046+0000] {logging_mixin.py:190} INFO - [2025-03-09T15:48:51.046+0000] {dagbag.py:588} INFO - Filling up the DagBag from /home/airflow/.local/lib/python3.12/site-packages/airflow/example_dags/example_latest_only.py
[2025-03-09T15:48:51.050+0000] {processor.py:925} INFO - DAG(s) 'latest_only' retrieved from /home/airflow/.local/lib/python3.12/site-packages/airflow/example_dags/example_latest_only.py
[2025-03-09T15:48:51.066+0000] {logging_mixin.py:190} INFO - [2025-03-09T15:48:51.066+0000] {dag.py:3239} INFO - Sync 1 DAGs
[2025-03-09T15:48:51.080+0000] {logging_mixin.py:190} INFO - [2025-03-09T15:48:51.080+0000] {dag.py:4180} INFO - Setting next_dagrun for latest_only to 2025-03-09 08:00:00+00:00, run_after=2025-03-09 12:00:00+00:00
[2025-03-09T15:48:51.093+0000] {processor.py:208} INFO - Processing /home/airflow/.local/lib/python3.12/site-packages/airflow/example_dags/example_latest_only.py took 0.054 seconds
[2025-03-09T15:49:21.801+0000] {processor.py:186} INFO - Started process (PID=2435) to work on /home/airflow/.local/lib/python3.12/site-packages/airflow/example_dags/example_latest_only.py
[2025-03-09T15:49:21.802+0000] {processor.py:914} INFO - Processing file /home/airflow/.local/lib/python3.12/site-packages/airflow/example_dags/example_latest_only.py for tasks to queue
[2025-03-09T15:49:21.803+0000] {logging_mixin.py:190} INFO - [2025-03-09T15:49:21.803+0000] {dagbag.py:588} INFO - Filling up the DagBag from /home/airflow/.local/lib/python3.12/site-packages/airflow/example_dags/example_latest_only.py
[2025-03-09T15:49:21.808+0000] {processor.py:925} INFO - DAG(s) 'latest_only' retrieved from /home/airflow/.local/lib/python3.12/site-packages/airflow/example_dags/example_latest_only.py
[2025-03-09T15:49:21.821+0000] {logging_mixin.py:190} INFO - [2025-03-09T15:49:21.821+0000] {dag.py:3239} INFO - Sync 1 DAGs
[2025-03-09T15:49:21.835+0000] {logging_mixin.py:190} INFO - [2025-03-09T15:49:21.835+0000] {dag.py:4180} INFO - Setting next_dagrun for latest_only to 2025-03-09 08:00:00+00:00, run_after=2025-03-09 12:00:00+00:00
[2025-03-09T15:49:21.847+0000] {processor.py:208} INFO - Processing /home/airflow/.local/lib/python3.12/site-packages/airflow/example_dags/example_latest_only.py took 0.051 seconds
[2025-03-09T15:49:52.760+0000] {processor.py:186} INFO - Started process (PID=2759) to work on /home/airflow/.local/lib/python3.12/site-packages/airflow/example_dags/example_latest_only.py
[2025-03-09T15:49:52.761+0000] {processor.py:914} INFO - Processing file /home/airflow/.local/lib/python3.12/site-packages/airflow/example_dags/example_latest_only.py for tasks to queue
[2025-03-09T15:49:52.762+0000] {logging_mixin.py:190} INFO - [2025-03-09T15:49:52.762+0000] {dagbag.py:588} INFO - Filling up the DagBag from /home/airflow/.local/lib/python3.12/site-packages/airflow/example_dags/example_latest_only.py
[2025-03-09T15:49:52.766+0000] {processor.py:925} INFO - DAG(s) 'latest_only' retrieved from /home/airflow/.local/lib/python3.12/site-packages/airflow/example_dags/example_latest_only.py
[2025-03-09T15:49:52.780+0000] {logging_mixin.py:190} INFO - [2025-03-09T15:49:52.780+0000] {dag.py:3239} INFO - Sync 1 DAGs
[2025-03-09T15:49:52.795+0000] {logging_mixin.py:190} INFO - [2025-03-09T15:49:52.795+0000] {dag.py:4180} INFO - Setting next_dagrun for latest_only to 2025-03-09 08:00:00+00:00, run_after=2025-03-09 12:00:00+00:00
[2025-03-09T15:49:52.810+0000] {processor.py:208} INFO - Processing /home/airflow/.local/lib/python3.12/site-packages/airflow/example_dags/example_latest_only.py took 0.054 seconds
[2025-03-09T15:50:23.720+0000] {processor.py:186} INFO - Started process (PID=3087) to work on /home/airflow/.local/lib/python3.12/site-packages/airflow/example_dags/example_latest_only.py
[2025-03-09T15:50:23.721+0000] {processor.py:914} INFO - Processing file /home/airflow/.local/lib/python3.12/site-packages/airflow/example_dags/example_latest_only.py for tasks to queue
[2025-03-09T15:50:23.722+0000] {logging_mixin.py:190} INFO - [2025-03-09T15:50:23.722+0000] {dagbag.py:588} INFO - Filling up the DagBag from /home/airflow/.local/lib/python3.12/site-packages/airflow/example_dags/example_latest_only.py
[2025-03-09T15:50:23.726+0000] {processor.py:925} INFO - DAG(s) 'latest_only' retrieved from /home/airflow/.local/lib/python3.12/site-packages/airflow/example_dags/example_latest_only.py
[2025-03-09T15:50:23.739+0000] {logging_mixin.py:190} INFO - [2025-03-09T15:50:23.738+0000] {dag.py:3239} INFO - Sync 1 DAGs
[2025-03-09T15:50:23.754+0000] {logging_mixin.py:190} INFO - [2025-03-09T15:50:23.754+0000] {dag.py:4180} INFO - Setting next_dagrun for latest_only to 2025-03-09 08:00:00+00:00, run_after=2025-03-09 12:00:00+00:00
[2025-03-09T15:50:23.767+0000] {processor.py:208} INFO - Processing /home/airflow/.local/lib/python3.12/site-packages/airflow/example_dags/example_latest_only.py took 0.051 seconds
[2025-03-09T15:50:54.645+0000] {processor.py:186} INFO - Started process (PID=3411) to work on /home/airflow/.local/lib/python3.12/site-packages/airflow/example_dags/example_latest_only.py
[2025-03-09T15:50:54.645+0000] {processor.py:914} INFO - Processing file /home/airflow/.local/lib/python3.12/site-packages/airflow/example_dags/example_latest_only.py for tasks to queue
[2025-03-09T15:50:54.646+0000] {logging_mixin.py:190} INFO - [2025-03-09T15:50:54.646+0000] {dagbag.py:588} INFO - Filling up the DagBag from /home/airflow/.local/lib/python3.12/site-packages/airflow/example_dags/example_latest_only.py
[2025-03-09T15:50:54.650+0000] {processor.py:925} INFO - DAG(s) 'latest_only' retrieved from /home/airflow/.local/lib/python3.12/site-packages/airflow/example_dags/example_latest_only.py
[2025-03-09T15:50:54.664+0000] {logging_mixin.py:190} INFO - [2025-03-09T15:50:54.664+0000] {dag.py:3239} INFO - Sync 1 DAGs
[2025-03-09T15:50:54.679+0000] {logging_mixin.py:190} INFO - [2025-03-09T15:50:54.679+0000] {dag.py:4180} INFO - Setting next_dagrun for latest_only to 2025-03-09 08:00:00+00:00, run_after=2025-03-09 12:00:00+00:00
[2025-03-09T15:50:54.695+0000] {processor.py:208} INFO - Processing /home/airflow/.local/lib/python3.12/site-packages/airflow/example_dags/example_latest_only.py took 0.054 seconds
[2025-03-09T15:51:25.518+0000] {processor.py:186} INFO - Started process (PID=3737) to work on /home/airflow/.local/lib/python3.12/site-packages/airflow/example_dags/example_latest_only.py
[2025-03-09T15:51:25.518+0000] {processor.py:914} INFO - Processing file /home/airflow/.local/lib/python3.12/site-packages/airflow/example_dags/example_latest_only.py for tasks to queue
[2025-03-09T15:51:25.519+0000] {logging_mixin.py:190} INFO - [2025-03-09T15:51:25.519+0000] {dagbag.py:588} INFO - Filling up the DagBag from /home/airflow/.local/lib/python3.12/site-packages/airflow/example_dags/example_latest_only.py
[2025-03-09T15:51:25.523+0000] {processor.py:925} INFO - DAG(s) 'latest_only' retrieved from /home/airflow/.local/lib/python3.12/site-packages/airflow/example_dags/example_latest_only.py
[2025-03-09T15:51:25.536+0000] {logging_mixin.py:190} INFO - [2025-03-09T15:51:25.535+0000] {dag.py:3239} INFO - Sync 1 DAGs
[2025-03-09T15:51:25.551+0000] {logging_mixin.py:190} INFO - [2025-03-09T15:51:25.550+0000] {dag.py:4180} INFO - Setting next_dagrun for latest_only to 2025-03-09 08:00:00+00:00, run_after=2025-03-09 12:00:00+00:00
[2025-03-09T15:51:25.566+0000] {processor.py:208} INFO - Processing /home/airflow/.local/lib/python3.12/site-packages/airflow/example_dags/example_latest_only.py took 0.052 seconds
[2025-03-09T15:51:56.575+0000] {processor.py:186} INFO - Started process (PID=4063) to work on /home/airflow/.local/lib/python3.12/site-packages/airflow/example_dags/example_latest_only.py
[2025-03-09T15:51:56.576+0000] {processor.py:914} INFO - Processing file /home/airflow/.local/lib/python3.12/site-packages/airflow/example_dags/example_latest_only.py for tasks to queue
[2025-03-09T15:51:56.577+0000] {logging_mixin.py:190} INFO - [2025-03-09T15:51:56.577+0000] {dagbag.py:588} INFO - Filling up the DagBag from /home/airflow/.local/lib/python3.12/site-packages/airflow/example_dags/example_latest_only.py
[2025-03-09T15:51:56.582+0000] {processor.py:925} INFO - DAG(s) 'latest_only' retrieved from /home/airflow/.local/lib/python3.12/site-packages/airflow/example_dags/example_latest_only.py
[2025-03-09T15:51:56.594+0000] {logging_mixin.py:190} INFO - [2025-03-09T15:51:56.594+0000] {dag.py:3239} INFO - Sync 1 DAGs
[2025-03-09T15:51:56.609+0000] {logging_mixin.py:190} INFO - [2025-03-09T15:51:56.609+0000] {dag.py:4180} INFO - Setting next_dagrun for latest_only to 2025-03-09 08:00:00+00:00, run_after=2025-03-09 12:00:00+00:00
[2025-03-09T15:51:56.621+0000] {processor.py:208} INFO - Processing /home/airflow/.local/lib/python3.12/site-packages/airflow/example_dags/example_latest_only.py took 0.050 seconds
[2025-03-09T15:52:27.403+0000] {processor.py:186} INFO - Started process (PID=4389) to work on /home/airflow/.local/lib/python3.12/site-packages/airflow/example_dags/example_latest_only.py
[2025-03-09T15:52:27.403+0000] {processor.py:914} INFO - Processing file /home/airflow/.local/lib/python3.12/site-packages/airflow/example_dags/example_latest_only.py for tasks to queue
[2025-03-09T15:52:27.405+0000] {logging_mixin.py:190} INFO - [2025-03-09T15:52:27.404+0000] {dagbag.py:588} INFO - Filling up the DagBag from /home/airflow/.local/lib/python3.12/site-packages/airflow/example_dags/example_latest_only.py
[2025-03-09T15:52:27.408+0000] {processor.py:925} INFO - DAG(s) 'latest_only' retrieved from /home/airflow/.local/lib/python3.12/site-packages/airflow/example_dags/example_latest_only.py
[2025-03-09T15:52:27.423+0000] {logging_mixin.py:190} INFO - [2025-03-09T15:52:27.423+0000] {dag.py:3239} INFO - Sync 1 DAGs
[2025-03-09T15:52:27.440+0000] {logging_mixin.py:190} INFO - [2025-03-09T15:52:27.440+0000] {dag.py:4180} INFO - Setting next_dagrun for latest_only to 2025-03-09 08:00:00+00:00, run_after=2025-03-09 12:00:00+00:00
[2025-03-09T15:52:27.454+0000] {processor.py:208} INFO - Processing /home/airflow/.local/lib/python3.12/site-packages/airflow/example_dags/example_latest_only.py took 0.055 seconds
[2025-03-09T15:52:58.001+0000] {processor.py:186} INFO - Started process (PID=4715) to work on /home/airflow/.local/lib/python3.12/site-packages/airflow/example_dags/example_latest_only.py
[2025-03-09T15:52:58.002+0000] {processor.py:914} INFO - Processing file /home/airflow/.local/lib/python3.12/site-packages/airflow/example_dags/example_latest_only.py for tasks to queue
[2025-03-09T15:52:58.003+0000] {logging_mixin.py:190} INFO - [2025-03-09T15:52:58.002+0000] {dagbag.py:588} INFO - Filling up the DagBag from /home/airflow/.local/lib/python3.12/site-packages/airflow/example_dags/example_latest_only.py
[2025-03-09T15:52:58.007+0000] {processor.py:925} INFO - DAG(s) 'latest_only' retrieved from /home/airflow/.local/lib/python3.12/site-packages/airflow/example_dags/example_latest_only.py
[2025-03-09T15:52:58.022+0000] {logging_mixin.py:190} INFO - [2025-03-09T15:52:58.022+0000] {dag.py:3239} INFO - Sync 1 DAGs
[2025-03-09T15:52:58.037+0000] {logging_mixin.py:190} INFO - [2025-03-09T15:52:58.037+0000] {dag.py:4180} INFO - Setting next_dagrun for latest_only to 2025-03-09 08:00:00+00:00, run_after=2025-03-09 12:00:00+00:00
[2025-03-09T15:52:58.050+0000] {processor.py:208} INFO - Processing /home/airflow/.local/lib/python3.12/site-packages/airflow/example_dags/example_latest_only.py took 0.053 seconds
[2025-03-09T15:53:28.697+0000] {processor.py:186} INFO - Started process (PID=5041) to work on /home/airflow/.local/lib/python3.12/site-packages/airflow/example_dags/example_latest_only.py
[2025-03-09T15:53:28.698+0000] {processor.py:914} INFO - Processing file /home/airflow/.local/lib/python3.12/site-packages/airflow/example_dags/example_latest_only.py for tasks to queue
[2025-03-09T15:53:28.699+0000] {logging_mixin.py:190} INFO - [2025-03-09T15:53:28.699+0000] {dagbag.py:588} INFO - Filling up the DagBag from /home/airflow/.local/lib/python3.12/site-packages/airflow/example_dags/example_latest_only.py
[2025-03-09T15:53:28.703+0000] {processor.py:925} INFO - DAG(s) 'latest_only' retrieved from /home/airflow/.local/lib/python3.12/site-packages/airflow/example_dags/example_latest_only.py
[2025-03-09T15:53:28.715+0000] {logging_mixin.py:190} INFO - [2025-03-09T15:53:28.715+0000] {dag.py:3239} INFO - Sync 1 DAGs
[2025-03-09T15:53:28.730+0000] {logging_mixin.py:190} INFO - [2025-03-09T15:53:28.730+0000] {dag.py:4180} INFO - Setting next_dagrun for latest_only to 2025-03-09 08:00:00+00:00, run_after=2025-03-09 12:00:00+00:00
[2025-03-09T15:53:28.741+0000] {processor.py:208} INFO - Processing /home/airflow/.local/lib/python3.12/site-packages/airflow/example_dags/example_latest_only.py took 0.048 seconds
[2025-03-09T15:53:59.523+0000] {processor.py:186} INFO - Started process (PID=5368) to work on /home/airflow/.local/lib/python3.12/site-packages/airflow/example_dags/example_latest_only.py
[2025-03-09T15:53:59.524+0000] {processor.py:914} INFO - Processing file /home/airflow/.local/lib/python3.12/site-packages/airflow/example_dags/example_latest_only.py for tasks to queue
[2025-03-09T15:53:59.526+0000] {logging_mixin.py:190} INFO - [2025-03-09T15:53:59.526+0000] {dagbag.py:588} INFO - Filling up the DagBag from /home/airflow/.local/lib/python3.12/site-packages/airflow/example_dags/example_latest_only.py
[2025-03-09T15:53:59.531+0000] {processor.py:925} INFO - DAG(s) 'latest_only' retrieved from /home/airflow/.local/lib/python3.12/site-packages/airflow/example_dags/example_latest_only.py
[2025-03-09T15:53:59.544+0000] {logging_mixin.py:190} INFO - [2025-03-09T15:53:59.543+0000] {dag.py:3239} INFO - Sync 1 DAGs
[2025-03-09T15:53:59.557+0000] {logging_mixin.py:190} INFO - [2025-03-09T15:53:59.557+0000] {dag.py:4180} INFO - Setting next_dagrun for latest_only to 2025-03-09 08:00:00+00:00, run_after=2025-03-09 12:00:00+00:00
[2025-03-09T15:53:59.572+0000] {processor.py:208} INFO - Processing /home/airflow/.local/lib/python3.12/site-packages/airflow/example_dags/example_latest_only.py took 0.054 seconds
[2025-03-09T15:54:30.328+0000] {processor.py:186} INFO - Started process (PID=5692) to work on /home/airflow/.local/lib/python3.12/site-packages/airflow/example_dags/example_latest_only.py
[2025-03-09T15:54:30.330+0000] {processor.py:914} INFO - Processing file /home/airflow/.local/lib/python3.12/site-packages/airflow/example_dags/example_latest_only.py for tasks to queue
[2025-03-09T15:54:30.332+0000] {logging_mixin.py:190} INFO - [2025-03-09T15:54:30.332+0000] {dagbag.py:588} INFO - Filling up the DagBag from /home/airflow/.local/lib/python3.12/site-packages/airflow/example_dags/example_latest_only.py
[2025-03-09T15:54:30.337+0000] {processor.py:925} INFO - DAG(s) 'latest_only' retrieved from /home/airflow/.local/lib/python3.12/site-packages/airflow/example_dags/example_latest_only.py
[2025-03-09T15:54:30.351+0000] {logging_mixin.py:190} INFO - [2025-03-09T15:54:30.351+0000] {dag.py:3239} INFO - Sync 1 DAGs
[2025-03-09T15:54:30.366+0000] {logging_mixin.py:190} INFO - [2025-03-09T15:54:30.366+0000] {dag.py:4180} INFO - Setting next_dagrun for latest_only to 2025-03-09 08:00:00+00:00, run_after=2025-03-09 12:00:00+00:00
[2025-03-09T15:54:30.381+0000] {processor.py:208} INFO - Processing /home/airflow/.local/lib/python3.12/site-packages/airflow/example_dags/example_latest_only.py took 0.058 seconds
[2025-03-09T15:55:01.057+0000] {processor.py:186} INFO - Started process (PID=6018) to work on /home/airflow/.local/lib/python3.12/site-packages/airflow/example_dags/example_latest_only.py
[2025-03-09T15:55:01.058+0000] {processor.py:914} INFO - Processing file /home/airflow/.local/lib/python3.12/site-packages/airflow/example_dags/example_latest_only.py for tasks to queue
[2025-03-09T15:55:01.059+0000] {logging_mixin.py:190} INFO - [2025-03-09T15:55:01.059+0000] {dagbag.py:588} INFO - Filling up the DagBag from /home/airflow/.local/lib/python3.12/site-packages/airflow/example_dags/example_latest_only.py
[2025-03-09T15:55:01.063+0000] {processor.py:925} INFO - DAG(s) 'latest_only' retrieved from /home/airflow/.local/lib/python3.12/site-packages/airflow/example_dags/example_latest_only.py
[2025-03-09T15:55:01.079+0000] {logging_mixin.py:190} INFO - [2025-03-09T15:55:01.079+0000] {dag.py:3239} INFO - Sync 1 DAGs
[2025-03-09T15:55:01.098+0000] {logging_mixin.py:190} INFO - [2025-03-09T15:55:01.098+0000] {dag.py:4180} INFO - Setting next_dagrun for latest_only to 2025-03-09 08:00:00+00:00, run_after=2025-03-09 12:00:00+00:00
[2025-03-09T15:55:01.109+0000] {processor.py:208} INFO - Processing /home/airflow/.local/lib/python3.12/site-packages/airflow/example_dags/example_latest_only.py took 0.056 seconds
[2025-03-09T15:55:32.168+0000] {processor.py:186} INFO - Started process (PID=6346) to work on /home/airflow/.local/lib/python3.12/site-packages/airflow/example_dags/example_latest_only.py
[2025-03-09T15:55:32.168+0000] {processor.py:914} INFO - Processing file /home/airflow/.local/lib/python3.12/site-packages/airflow/example_dags/example_latest_only.py for tasks to queue
[2025-03-09T15:55:32.170+0000] {logging_mixin.py:190} INFO - [2025-03-09T15:55:32.169+0000] {dagbag.py:588} INFO - Filling up the DagBag from /home/airflow/.local/lib/python3.12/site-packages/airflow/example_dags/example_latest_only.py
[2025-03-09T15:55:32.174+0000] {processor.py:925} INFO - DAG(s) 'latest_only' retrieved from /home/airflow/.local/lib/python3.12/site-packages/airflow/example_dags/example_latest_only.py
[2025-03-09T15:55:32.187+0000] {logging_mixin.py:190} INFO - [2025-03-09T15:55:32.187+0000] {dag.py:3239} INFO - Sync 1 DAGs
[2025-03-09T15:55:32.202+0000] {logging_mixin.py:190} INFO - [2025-03-09T15:55:32.202+0000] {dag.py:4180} INFO - Setting next_dagrun for latest_only to 2025-03-09 08:00:00+00:00, run_after=2025-03-09 12:00:00+00:00
[2025-03-09T15:55:32.218+0000] {processor.py:208} INFO - Processing /home/airflow/.local/lib/python3.12/site-packages/airflow/example_dags/example_latest_only.py took 0.056 seconds
[2025-03-09T15:56:02.842+0000] {processor.py:186} INFO - Started process (PID=6670) to work on /home/airflow/.local/lib/python3.12/site-packages/airflow/example_dags/example_latest_only.py
[2025-03-09T15:56:02.843+0000] {processor.py:914} INFO - Processing file /home/airflow/.local/lib/python3.12/site-packages/airflow/example_dags/example_latest_only.py for tasks to queue
[2025-03-09T15:56:02.844+0000] {logging_mixin.py:190} INFO - [2025-03-09T15:56:02.844+0000] {dagbag.py:588} INFO - Filling up the DagBag from /home/airflow/.local/lib/python3.12/site-packages/airflow/example_dags/example_latest_only.py
[2025-03-09T15:56:02.849+0000] {processor.py:925} INFO - DAG(s) 'latest_only' retrieved from /home/airflow/.local/lib/python3.12/site-packages/airflow/example_dags/example_latest_only.py
[2025-03-09T15:56:02.869+0000] {logging_mixin.py:190} INFO - [2025-03-09T15:56:02.869+0000] {dag.py:3239} INFO - Sync 1 DAGs
[2025-03-09T15:56:02.887+0000] {logging_mixin.py:190} INFO - [2025-03-09T15:56:02.887+0000] {dag.py:4180} INFO - Setting next_dagrun for latest_only to 2025-03-09 08:00:00+00:00, run_after=2025-03-09 12:00:00+00:00
[2025-03-09T15:56:02.902+0000] {processor.py:208} INFO - Processing /home/airflow/.local/lib/python3.12/site-packages/airflow/example_dags/example_latest_only.py took 0.065 seconds
[2025-03-09T15:56:33.633+0000] {processor.py:186} INFO - Started process (PID=6996) to work on /home/airflow/.local/lib/python3.12/site-packages/airflow/example_dags/example_latest_only.py
[2025-03-09T15:56:33.634+0000] {processor.py:914} INFO - Processing file /home/airflow/.local/lib/python3.12/site-packages/airflow/example_dags/example_latest_only.py for tasks to queue
[2025-03-09T15:56:33.635+0000] {logging_mixin.py:190} INFO - [2025-03-09T15:56:33.635+0000] {dagbag.py:588} INFO - Filling up the DagBag from /home/airflow/.local/lib/python3.12/site-packages/airflow/example_dags/example_latest_only.py
[2025-03-09T15:56:33.639+0000] {processor.py:925} INFO - DAG(s) 'latest_only' retrieved from /home/airflow/.local/lib/python3.12/site-packages/airflow/example_dags/example_latest_only.py
[2025-03-09T15:56:33.652+0000] {logging_mixin.py:190} INFO - [2025-03-09T15:56:33.651+0000] {dag.py:3239} INFO - Sync 1 DAGs
[2025-03-09T15:56:33.666+0000] {logging_mixin.py:190} INFO - [2025-03-09T15:56:33.666+0000] {dag.py:4180} INFO - Setting next_dagrun for latest_only to 2025-03-09 08:00:00+00:00, run_after=2025-03-09 12:00:00+00:00
[2025-03-09T15:56:33.679+0000] {processor.py:208} INFO - Processing /home/airflow/.local/lib/python3.12/site-packages/airflow/example_dags/example_latest_only.py took 0.049 seconds
[2025-03-09T15:57:04.617+0000] {processor.py:186} INFO - Started process (PID=7324) to work on /home/airflow/.local/lib/python3.12/site-packages/airflow/example_dags/example_latest_only.py
[2025-03-09T15:57:04.618+0000] {processor.py:914} INFO - Processing file /home/airflow/.local/lib/python3.12/site-packages/airflow/example_dags/example_latest_only.py for tasks to queue
[2025-03-09T15:57:04.619+0000] {logging_mixin.py:190} INFO - [2025-03-09T15:57:04.619+0000] {dagbag.py:588} INFO - Filling up the DagBag from /home/airflow/.local/lib/python3.12/site-packages/airflow/example_dags/example_latest_only.py
[2025-03-09T15:57:04.623+0000] {processor.py:925} INFO - DAG(s) 'latest_only' retrieved from /home/airflow/.local/lib/python3.12/site-packages/airflow/example_dags/example_latest_only.py
[2025-03-09T15:57:04.639+0000] {logging_mixin.py:190} INFO - [2025-03-09T15:57:04.639+0000] {dag.py:3239} INFO - Sync 1 DAGs
[2025-03-09T15:57:04.654+0000] {logging_mixin.py:190} INFO - [2025-03-09T15:57:04.654+0000] {dag.py:4180} INFO - Setting next_dagrun for latest_only to 2025-03-09 08:00:00+00:00, run_after=2025-03-09 12:00:00+00:00
[2025-03-09T15:57:04.667+0000] {processor.py:208} INFO - Processing /home/airflow/.local/lib/python3.12/site-packages/airflow/example_dags/example_latest_only.py took 0.053 seconds
[2025-03-09T15:57:35.548+0000] {processor.py:186} INFO - Started process (PID=7648) to work on /home/airflow/.local/lib/python3.12/site-packages/airflow/example_dags/example_latest_only.py
[2025-03-09T15:57:35.549+0000] {processor.py:914} INFO - Processing file /home/airflow/.local/lib/python3.12/site-packages/airflow/example_dags/example_latest_only.py for tasks to queue
[2025-03-09T15:57:35.550+0000] {logging_mixin.py:190} INFO - [2025-03-09T15:57:35.550+0000] {dagbag.py:588} INFO - Filling up the DagBag from /home/airflow/.local/lib/python3.12/site-packages/airflow/example_dags/example_latest_only.py
[2025-03-09T15:57:35.554+0000] {processor.py:925} INFO - DAG(s) 'latest_only' retrieved from /home/airflow/.local/lib/python3.12/site-packages/airflow/example_dags/example_latest_only.py
[2025-03-09T15:57:35.571+0000] {logging_mixin.py:190} INFO - [2025-03-09T15:57:35.571+0000] {dag.py:3239} INFO - Sync 1 DAGs
[2025-03-09T15:57:35.600+0000] {logging_mixin.py:190} INFO - [2025-03-09T15:57:35.600+0000] {dag.py:4180} INFO - Setting next_dagrun for latest_only to 2025-03-09 08:00:00+00:00, run_after=2025-03-09 12:00:00+00:00
[2025-03-09T15:57:35.618+0000] {processor.py:208} INFO - Processing /home/airflow/.local/lib/python3.12/site-packages/airflow/example_dags/example_latest_only.py took 0.074 seconds
[2025-03-09T15:58:06.468+0000] {processor.py:186} INFO - Started process (PID=7974) to work on /home/airflow/.local/lib/python3.12/site-packages/airflow/example_dags/example_latest_only.py
[2025-03-09T15:58:06.469+0000] {processor.py:914} INFO - Processing file /home/airflow/.local/lib/python3.12/site-packages/airflow/example_dags/example_latest_only.py for tasks to queue
[2025-03-09T15:58:06.470+0000] {logging_mixin.py:190} INFO - [2025-03-09T15:58:06.470+0000] {dagbag.py:588} INFO - Filling up the DagBag from /home/airflow/.local/lib/python3.12/site-packages/airflow/example_dags/example_latest_only.py
[2025-03-09T15:58:06.474+0000] {processor.py:925} INFO - DAG(s) 'latest_only' retrieved from /home/airflow/.local/lib/python3.12/site-packages/airflow/example_dags/example_latest_only.py
[2025-03-09T15:58:06.488+0000] {logging_mixin.py:190} INFO - [2025-03-09T15:58:06.488+0000] {dag.py:3239} INFO - Sync 1 DAGs
[2025-03-09T15:58:06.507+0000] {logging_mixin.py:190} INFO - [2025-03-09T15:58:06.507+0000] {dag.py:4180} INFO - Setting next_dagrun for latest_only to 2025-03-09 08:00:00+00:00, run_after=2025-03-09 12:00:00+00:00
[2025-03-09T15:58:06.525+0000] {processor.py:208} INFO - Processing /home/airflow/.local/lib/python3.12/site-packages/airflow/example_dags/example_latest_only.py took 0.061 seconds
[2025-03-09T15:58:37.617+0000] {processor.py:186} INFO - Started process (PID=8300) to work on /home/airflow/.local/lib/python3.12/site-packages/airflow/example_dags/example_latest_only.py
[2025-03-09T15:58:37.618+0000] {processor.py:914} INFO - Processing file /home/airflow/.local/lib/python3.12/site-packages/airflow/example_dags/example_latest_only.py for tasks to queue
[2025-03-09T15:58:37.619+0000] {logging_mixin.py:190} INFO - [2025-03-09T15:58:37.619+0000] {dagbag.py:588} INFO - Filling up the DagBag from /home/airflow/.local/lib/python3.12/site-packages/airflow/example_dags/example_latest_only.py
[2025-03-09T15:58:37.623+0000] {processor.py:925} INFO - DAG(s) 'latest_only' retrieved from /home/airflow/.local/lib/python3.12/site-packages/airflow/example_dags/example_latest_only.py
[2025-03-09T15:58:37.635+0000] {logging_mixin.py:190} INFO - [2025-03-09T15:58:37.635+0000] {dag.py:3239} INFO - Sync 1 DAGs
[2025-03-09T15:58:37.649+0000] {logging_mixin.py:190} INFO - [2025-03-09T15:58:37.649+0000] {dag.py:4180} INFO - Setting next_dagrun for latest_only to 2025-03-09 08:00:00+00:00, run_after=2025-03-09 12:00:00+00:00
[2025-03-09T15:58:37.663+0000] {processor.py:208} INFO - Processing /home/airflow/.local/lib/python3.12/site-packages/airflow/example_dags/example_latest_only.py took 0.049 seconds
[2025-03-09T15:59:09.002+0000] {processor.py:186} INFO - Started process (PID=8628) to work on /home/airflow/.local/lib/python3.12/site-packages/airflow/example_dags/example_latest_only.py
[2025-03-09T15:59:09.002+0000] {processor.py:914} INFO - Processing file /home/airflow/.local/lib/python3.12/site-packages/airflow/example_dags/example_latest_only.py for tasks to queue
[2025-03-09T15:59:09.004+0000] {logging_mixin.py:190} INFO - [2025-03-09T15:59:09.003+0000] {dagbag.py:588} INFO - Filling up the DagBag from /home/airflow/.local/lib/python3.12/site-packages/airflow/example_dags/example_latest_only.py
[2025-03-09T15:59:09.008+0000] {processor.py:925} INFO - DAG(s) 'latest_only' retrieved from /home/airflow/.local/lib/python3.12/site-packages/airflow/example_dags/example_latest_only.py
[2025-03-09T15:59:09.025+0000] {logging_mixin.py:190} INFO - [2025-03-09T15:59:09.024+0000] {dag.py:3239} INFO - Sync 1 DAGs
[2025-03-09T15:59:09.044+0000] {logging_mixin.py:190} INFO - [2025-03-09T15:59:09.044+0000] {dag.py:4180} INFO - Setting next_dagrun for latest_only to 2025-03-09 08:00:00+00:00, run_after=2025-03-09 12:00:00+00:00
[2025-03-09T15:59:09.057+0000] {processor.py:208} INFO - Processing /home/airflow/.local/lib/python3.12/site-packages/airflow/example_dags/example_latest_only.py took 0.060 seconds
[2025-03-09T15:59:39.796+0000] {processor.py:186} INFO - Started process (PID=8954) to work on /home/airflow/.local/lib/python3.12/site-packages/airflow/example_dags/example_latest_only.py
[2025-03-09T15:59:39.797+0000] {processor.py:914} INFO - Processing file /home/airflow/.local/lib/python3.12/site-packages/airflow/example_dags/example_latest_only.py for tasks to queue
[2025-03-09T15:59:39.798+0000] {logging_mixin.py:190} INFO - [2025-03-09T15:59:39.798+0000] {dagbag.py:588} INFO - Filling up the DagBag from /home/airflow/.local/lib/python3.12/site-packages/airflow/example_dags/example_latest_only.py
[2025-03-09T15:59:39.802+0000] {processor.py:925} INFO - DAG(s) 'latest_only' retrieved from /home/airflow/.local/lib/python3.12/site-packages/airflow/example_dags/example_latest_only.py
[2025-03-09T15:59:39.815+0000] {logging_mixin.py:190} INFO - [2025-03-09T15:59:39.815+0000] {dag.py:3239} INFO - Sync 1 DAGs
[2025-03-09T15:59:39.830+0000] {logging_mixin.py:190} INFO - [2025-03-09T15:59:39.830+0000] {dag.py:4180} INFO - Setting next_dagrun for latest_only to 2025-03-09 08:00:00+00:00, run_after=2025-03-09 12:00:00+00:00
[2025-03-09T15:59:39.849+0000] {processor.py:208} INFO - Processing /home/airflow/.local/lib/python3.12/site-packages/airflow/example_dags/example_latest_only.py took 0.057 seconds
[2025-03-09T16:00:10.271+0000] {processor.py:186} INFO - Started process (PID=9280) to work on /home/airflow/.local/lib/python3.12/site-packages/airflow/example_dags/example_latest_only.py
[2025-03-09T16:00:10.272+0000] {processor.py:914} INFO - Processing file /home/airflow/.local/lib/python3.12/site-packages/airflow/example_dags/example_latest_only.py for tasks to queue
[2025-03-09T16:00:10.274+0000] {logging_mixin.py:190} INFO - [2025-03-09T16:00:10.274+0000] {dagbag.py:588} INFO - Filling up the DagBag from /home/airflow/.local/lib/python3.12/site-packages/airflow/example_dags/example_latest_only.py
[2025-03-09T16:00:10.279+0000] {processor.py:925} INFO - DAG(s) 'latest_only' retrieved from /home/airflow/.local/lib/python3.12/site-packages/airflow/example_dags/example_latest_only.py
[2025-03-09T16:00:10.292+0000] {logging_mixin.py:190} INFO - [2025-03-09T16:00:10.292+0000] {dag.py:3239} INFO - Sync 1 DAGs
[2025-03-09T16:00:10.308+0000] {logging_mixin.py:190} INFO - [2025-03-09T16:00:10.308+0000] {dag.py:4180} INFO - Setting next_dagrun for latest_only to 2025-03-09 12:00:00+00:00, run_after=2025-03-09 16:00:00+00:00
[2025-03-09T16:00:10.321+0000] {processor.py:208} INFO - Processing /home/airflow/.local/lib/python3.12/site-packages/airflow/example_dags/example_latest_only.py took 0.054 seconds
[2025-03-09T16:00:40.903+0000] {processor.py:186} INFO - Started process (PID=9604) to work on /home/airflow/.local/lib/python3.12/site-packages/airflow/example_dags/example_latest_only.py
[2025-03-09T16:00:40.904+0000] {processor.py:914} INFO - Processing file /home/airflow/.local/lib/python3.12/site-packages/airflow/example_dags/example_latest_only.py for tasks to queue
[2025-03-09T16:00:40.905+0000] {logging_mixin.py:190} INFO - [2025-03-09T16:00:40.905+0000] {dagbag.py:588} INFO - Filling up the DagBag from /home/airflow/.local/lib/python3.12/site-packages/airflow/example_dags/example_latest_only.py
[2025-03-09T16:00:40.909+0000] {processor.py:925} INFO - DAG(s) 'latest_only' retrieved from /home/airflow/.local/lib/python3.12/site-packages/airflow/example_dags/example_latest_only.py
[2025-03-09T16:00:40.922+0000] {logging_mixin.py:190} INFO - [2025-03-09T16:00:40.922+0000] {dag.py:3239} INFO - Sync 1 DAGs
[2025-03-09T16:00:40.936+0000] {logging_mixin.py:190} INFO - [2025-03-09T16:00:40.936+0000] {dag.py:4180} INFO - Setting next_dagrun for latest_only to 2025-03-09 12:00:00+00:00, run_after=2025-03-09 16:00:00+00:00
[2025-03-09T16:00:40.947+0000] {processor.py:208} INFO - Processing /home/airflow/.local/lib/python3.12/site-packages/airflow/example_dags/example_latest_only.py took 0.048 seconds
[2025-03-09T16:01:11.445+0000] {processor.py:186} INFO - Started process (PID=9930) to work on /home/airflow/.local/lib/python3.12/site-packages/airflow/example_dags/example_latest_only.py
[2025-03-09T16:01:11.446+0000] {processor.py:914} INFO - Processing file /home/airflow/.local/lib/python3.12/site-packages/airflow/example_dags/example_latest_only.py for tasks to queue
[2025-03-09T16:01:11.447+0000] {logging_mixin.py:190} INFO - [2025-03-09T16:01:11.447+0000] {dagbag.py:588} INFO - Filling up the DagBag from /home/airflow/.local/lib/python3.12/site-packages/airflow/example_dags/example_latest_only.py
[2025-03-09T16:01:11.451+0000] {processor.py:925} INFO - DAG(s) 'latest_only' retrieved from /home/airflow/.local/lib/python3.12/site-packages/airflow/example_dags/example_latest_only.py
[2025-03-09T16:01:11.468+0000] {logging_mixin.py:190} INFO - [2025-03-09T16:01:11.468+0000] {dag.py:3239} INFO - Sync 1 DAGs
[2025-03-09T16:01:11.484+0000] {logging_mixin.py:190} INFO - [2025-03-09T16:01:11.484+0000] {dag.py:4180} INFO - Setting next_dagrun for latest_only to 2025-03-09 12:00:00+00:00, run_after=2025-03-09 16:00:00+00:00
[2025-03-09T16:01:11.497+0000] {processor.py:208} INFO - Processing /home/airflow/.local/lib/python3.12/site-packages/airflow/example_dags/example_latest_only.py took 0.056 seconds
[2025-03-09T16:01:41.954+0000] {processor.py:186} INFO - Started process (PID=10256) to work on /home/airflow/.local/lib/python3.12/site-packages/airflow/example_dags/example_latest_only.py
[2025-03-09T16:01:41.954+0000] {processor.py:914} INFO - Processing file /home/airflow/.local/lib/python3.12/site-packages/airflow/example_dags/example_latest_only.py for tasks to queue
[2025-03-09T16:01:41.955+0000] {logging_mixin.py:190} INFO - [2025-03-09T16:01:41.955+0000] {dagbag.py:588} INFO - Filling up the DagBag from /home/airflow/.local/lib/python3.12/site-packages/airflow/example_dags/example_latest_only.py
[2025-03-09T16:01:41.961+0000] {processor.py:925} INFO - DAG(s) 'latest_only' retrieved from /home/airflow/.local/lib/python3.12/site-packages/airflow/example_dags/example_latest_only.py
[2025-03-09T16:01:41.973+0000] {logging_mixin.py:190} INFO - [2025-03-09T16:01:41.973+0000] {dag.py:3239} INFO - Sync 1 DAGs
[2025-03-09T16:01:41.989+0000] {logging_mixin.py:190} INFO - [2025-03-09T16:01:41.989+0000] {dag.py:4180} INFO - Setting next_dagrun for latest_only to 2025-03-09 12:00:00+00:00, run_after=2025-03-09 16:00:00+00:00
[2025-03-09T16:01:42.002+0000] {processor.py:208} INFO - Processing /home/airflow/.local/lib/python3.12/site-packages/airflow/example_dags/example_latest_only.py took 0.053 seconds
[2025-03-09T16:02:12.540+0000] {processor.py:186} INFO - Started process (PID=10582) to work on /home/airflow/.local/lib/python3.12/site-packages/airflow/example_dags/example_latest_only.py
[2025-03-09T16:02:12.541+0000] {processor.py:914} INFO - Processing file /home/airflow/.local/lib/python3.12/site-packages/airflow/example_dags/example_latest_only.py for tasks to queue
[2025-03-09T16:02:12.542+0000] {logging_mixin.py:190} INFO - [2025-03-09T16:02:12.542+0000] {dagbag.py:588} INFO - Filling up the DagBag from /home/airflow/.local/lib/python3.12/site-packages/airflow/example_dags/example_latest_only.py
[2025-03-09T16:02:12.547+0000] {processor.py:925} INFO - DAG(s) 'latest_only' retrieved from /home/airflow/.local/lib/python3.12/site-packages/airflow/example_dags/example_latest_only.py
[2025-03-09T16:02:12.560+0000] {logging_mixin.py:190} INFO - [2025-03-09T16:02:12.560+0000] {dag.py:3239} INFO - Sync 1 DAGs
[2025-03-09T16:02:12.575+0000] {logging_mixin.py:190} INFO - [2025-03-09T16:02:12.575+0000] {dag.py:4180} INFO - Setting next_dagrun for latest_only to 2025-03-09 12:00:00+00:00, run_after=2025-03-09 16:00:00+00:00
[2025-03-09T16:02:12.594+0000] {processor.py:208} INFO - Processing /home/airflow/.local/lib/python3.12/site-packages/airflow/example_dags/example_latest_only.py took 0.059 seconds
[2025-03-09T16:02:43.277+0000] {processor.py:186} INFO - Started process (PID=10908) to work on /home/airflow/.local/lib/python3.12/site-packages/airflow/example_dags/example_latest_only.py
[2025-03-09T16:02:43.277+0000] {processor.py:914} INFO - Processing file /home/airflow/.local/lib/python3.12/site-packages/airflow/example_dags/example_latest_only.py for tasks to queue
[2025-03-09T16:02:43.278+0000] {logging_mixin.py:190} INFO - [2025-03-09T16:02:43.278+0000] {dagbag.py:588} INFO - Filling up the DagBag from /home/airflow/.local/lib/python3.12/site-packages/airflow/example_dags/example_latest_only.py
[2025-03-09T16:02:43.283+0000] {processor.py:925} INFO - DAG(s) 'latest_only' retrieved from /home/airflow/.local/lib/python3.12/site-packages/airflow/example_dags/example_latest_only.py
[2025-03-09T16:02:43.295+0000] {logging_mixin.py:190} INFO - [2025-03-09T16:02:43.295+0000] {dag.py:3239} INFO - Sync 1 DAGs
[2025-03-09T16:02:43.314+0000] {logging_mixin.py:190} INFO - [2025-03-09T16:02:43.314+0000] {dag.py:4180} INFO - Setting next_dagrun for latest_only to 2025-03-09 12:00:00+00:00, run_after=2025-03-09 16:00:00+00:00
[2025-03-09T16:02:43.329+0000] {processor.py:208} INFO - Processing /home/airflow/.local/lib/python3.12/site-packages/airflow/example_dags/example_latest_only.py took 0.057 seconds
[2025-03-09T16:03:14.069+0000] {processor.py:186} INFO - Started process (PID=11234) to work on /home/airflow/.local/lib/python3.12/site-packages/airflow/example_dags/example_latest_only.py
[2025-03-09T16:03:14.069+0000] {processor.py:914} INFO - Processing file /home/airflow/.local/lib/python3.12/site-packages/airflow/example_dags/example_latest_only.py for tasks to queue
[2025-03-09T16:03:14.071+0000] {logging_mixin.py:190} INFO - [2025-03-09T16:03:14.070+0000] {dagbag.py:588} INFO - Filling up the DagBag from /home/airflow/.local/lib/python3.12/site-packages/airflow/example_dags/example_latest_only.py
[2025-03-09T16:03:14.075+0000] {processor.py:925} INFO - DAG(s) 'latest_only' retrieved from /home/airflow/.local/lib/python3.12/site-packages/airflow/example_dags/example_latest_only.py
[2025-03-09T16:03:14.096+0000] {logging_mixin.py:190} INFO - [2025-03-09T16:03:14.096+0000] {dag.py:3239} INFO - Sync 1 DAGs
[2025-03-09T16:03:14.110+0000] {logging_mixin.py:190} INFO - [2025-03-09T16:03:14.110+0000] {dag.py:4180} INFO - Setting next_dagrun for latest_only to 2025-03-09 12:00:00+00:00, run_after=2025-03-09 16:00:00+00:00
[2025-03-09T16:03:14.125+0000] {processor.py:208} INFO - Processing /home/airflow/.local/lib/python3.12/site-packages/airflow/example_dags/example_latest_only.py took 0.060 seconds
[2025-03-09T16:03:44.813+0000] {processor.py:186} INFO - Started process (PID=11562) to work on /home/airflow/.local/lib/python3.12/site-packages/airflow/example_dags/example_latest_only.py
[2025-03-09T16:03:44.814+0000] {processor.py:914} INFO - Processing file /home/airflow/.local/lib/python3.12/site-packages/airflow/example_dags/example_latest_only.py for tasks to queue
[2025-03-09T16:03:44.816+0000] {logging_mixin.py:190} INFO - [2025-03-09T16:03:44.815+0000] {dagbag.py:588} INFO - Filling up the DagBag from /home/airflow/.local/lib/python3.12/site-packages/airflow/example_dags/example_latest_only.py
[2025-03-09T16:03:44.820+0000] {processor.py:925} INFO - DAG(s) 'latest_only' retrieved from /home/airflow/.local/lib/python3.12/site-packages/airflow/example_dags/example_latest_only.py
[2025-03-09T16:03:44.843+0000] {logging_mixin.py:190} INFO - [2025-03-09T16:03:44.843+0000] {dag.py:3239} INFO - Sync 1 DAGs
[2025-03-09T16:03:44.858+0000] {logging_mixin.py:190} INFO - [2025-03-09T16:03:44.858+0000] {dag.py:4180} INFO - Setting next_dagrun for latest_only to 2025-03-09 12:00:00+00:00, run_after=2025-03-09 16:00:00+00:00
[2025-03-09T16:03:44.871+0000] {processor.py:208} INFO - Processing /home/airflow/.local/lib/python3.12/site-packages/airflow/example_dags/example_latest_only.py took 0.063 seconds
[2025-03-09T16:04:15.763+0000] {processor.py:186} INFO - Started process (PID=11886) to work on /home/airflow/.local/lib/python3.12/site-packages/airflow/example_dags/example_latest_only.py
[2025-03-09T16:04:15.763+0000] {processor.py:914} INFO - Processing file /home/airflow/.local/lib/python3.12/site-packages/airflow/example_dags/example_latest_only.py for tasks to queue
[2025-03-09T16:04:15.764+0000] {logging_mixin.py:190} INFO - [2025-03-09T16:04:15.764+0000] {dagbag.py:588} INFO - Filling up the DagBag from /home/airflow/.local/lib/python3.12/site-packages/airflow/example_dags/example_latest_only.py
[2025-03-09T16:04:15.768+0000] {processor.py:925} INFO - DAG(s) 'latest_only' retrieved from /home/airflow/.local/lib/python3.12/site-packages/airflow/example_dags/example_latest_only.py
[2025-03-09T16:04:15.780+0000] {logging_mixin.py:190} INFO - [2025-03-09T16:04:15.780+0000] {dag.py:3239} INFO - Sync 1 DAGs
[2025-03-09T16:04:15.795+0000] {logging_mixin.py:190} INFO - [2025-03-09T16:04:15.795+0000] {dag.py:4180} INFO - Setting next_dagrun for latest_only to 2025-03-09 12:00:00+00:00, run_after=2025-03-09 16:00:00+00:00
[2025-03-09T16:04:15.807+0000] {processor.py:208} INFO - Processing /home/airflow/.local/lib/python3.12/site-packages/airflow/example_dags/example_latest_only.py took 0.048 seconds
[2025-03-09T16:04:46.642+0000] {processor.py:186} INFO - Started process (PID=12212) to work on /home/airflow/.local/lib/python3.12/site-packages/airflow/example_dags/example_latest_only.py
[2025-03-09T16:04:46.642+0000] {processor.py:914} INFO - Processing file /home/airflow/.local/lib/python3.12/site-packages/airflow/example_dags/example_latest_only.py for tasks to queue
[2025-03-09T16:04:46.644+0000] {logging_mixin.py:190} INFO - [2025-03-09T16:04:46.643+0000] {dagbag.py:588} INFO - Filling up the DagBag from /home/airflow/.local/lib/python3.12/site-packages/airflow/example_dags/example_latest_only.py
[2025-03-09T16:04:46.647+0000] {processor.py:925} INFO - DAG(s) 'latest_only' retrieved from /home/airflow/.local/lib/python3.12/site-packages/airflow/example_dags/example_latest_only.py
[2025-03-09T16:04:46.662+0000] {logging_mixin.py:190} INFO - [2025-03-09T16:04:46.662+0000] {dag.py:3239} INFO - Sync 1 DAGs
[2025-03-09T16:04:46.677+0000] {logging_mixin.py:190} INFO - [2025-03-09T16:04:46.677+0000] {dag.py:4180} INFO - Setting next_dagrun for latest_only to 2025-03-09 12:00:00+00:00, run_after=2025-03-09 16:00:00+00:00
[2025-03-09T16:04:46.689+0000] {processor.py:208} INFO - Processing /home/airflow/.local/lib/python3.12/site-packages/airflow/example_dags/example_latest_only.py took 0.053 seconds
[2025-03-09T16:05:17.475+0000] {processor.py:186} INFO - Started process (PID=12538) to work on /home/airflow/.local/lib/python3.12/site-packages/airflow/example_dags/example_latest_only.py
[2025-03-09T16:05:17.476+0000] {processor.py:914} INFO - Processing file /home/airflow/.local/lib/python3.12/site-packages/airflow/example_dags/example_latest_only.py for tasks to queue
[2025-03-09T16:05:17.477+0000] {logging_mixin.py:190} INFO - [2025-03-09T16:05:17.477+0000] {dagbag.py:588} INFO - Filling up the DagBag from /home/airflow/.local/lib/python3.12/site-packages/airflow/example_dags/example_latest_only.py
[2025-03-09T16:05:17.481+0000] {processor.py:925} INFO - DAG(s) 'latest_only' retrieved from /home/airflow/.local/lib/python3.12/site-packages/airflow/example_dags/example_latest_only.py
[2025-03-09T16:05:17.493+0000] {logging_mixin.py:190} INFO - [2025-03-09T16:05:17.493+0000] {dag.py:3239} INFO - Sync 1 DAGs
[2025-03-09T16:05:17.507+0000] {logging_mixin.py:190} INFO - [2025-03-09T16:05:17.507+0000] {dag.py:4180} INFO - Setting next_dagrun for latest_only to 2025-03-09 12:00:00+00:00, run_after=2025-03-09 16:00:00+00:00
[2025-03-09T16:05:17.521+0000] {processor.py:208} INFO - Processing /home/airflow/.local/lib/python3.12/site-packages/airflow/example_dags/example_latest_only.py took 0.050 seconds
[2025-03-09T16:05:48.025+0000] {processor.py:186} INFO - Started process (PID=12870) to work on /home/airflow/.local/lib/python3.12/site-packages/airflow/example_dags/example_latest_only.py
[2025-03-09T16:05:48.025+0000] {processor.py:914} INFO - Processing file /home/airflow/.local/lib/python3.12/site-packages/airflow/example_dags/example_latest_only.py for tasks to queue
[2025-03-09T16:05:48.026+0000] {logging_mixin.py:190} INFO - [2025-03-09T16:05:48.026+0000] {dagbag.py:588} INFO - Filling up the DagBag from /home/airflow/.local/lib/python3.12/site-packages/airflow/example_dags/example_latest_only.py
[2025-03-09T16:05:48.031+0000] {processor.py:925} INFO - DAG(s) 'latest_only' retrieved from /home/airflow/.local/lib/python3.12/site-packages/airflow/example_dags/example_latest_only.py
[2025-03-09T16:05:48.046+0000] {logging_mixin.py:190} INFO - [2025-03-09T16:05:48.045+0000] {dag.py:3239} INFO - Sync 1 DAGs
[2025-03-09T16:05:48.063+0000] {logging_mixin.py:190} INFO - [2025-03-09T16:05:48.063+0000] {dag.py:4180} INFO - Setting next_dagrun for latest_only to 2025-03-09 12:00:00+00:00, run_after=2025-03-09 16:00:00+00:00
[2025-03-09T16:05:48.076+0000] {processor.py:208} INFO - Processing /home/airflow/.local/lib/python3.12/site-packages/airflow/example_dags/example_latest_only.py took 0.055 seconds
[2025-03-09T16:06:18.565+0000] {processor.py:186} INFO - Started process (PID=13196) to work on /home/airflow/.local/lib/python3.12/site-packages/airflow/example_dags/example_latest_only.py
[2025-03-09T16:06:18.566+0000] {processor.py:914} INFO - Processing file /home/airflow/.local/lib/python3.12/site-packages/airflow/example_dags/example_latest_only.py for tasks to queue
[2025-03-09T16:06:18.567+0000] {logging_mixin.py:190} INFO - [2025-03-09T16:06:18.567+0000] {dagbag.py:588} INFO - Filling up the DagBag from /home/airflow/.local/lib/python3.12/site-packages/airflow/example_dags/example_latest_only.py
[2025-03-09T16:06:18.571+0000] {processor.py:925} INFO - DAG(s) 'latest_only' retrieved from /home/airflow/.local/lib/python3.12/site-packages/airflow/example_dags/example_latest_only.py
[2025-03-09T16:06:18.582+0000] {logging_mixin.py:190} INFO - [2025-03-09T16:06:18.582+0000] {dag.py:3239} INFO - Sync 1 DAGs
[2025-03-09T16:06:18.596+0000] {logging_mixin.py:190} INFO - [2025-03-09T16:06:18.596+0000] {dag.py:4180} INFO - Setting next_dagrun for latest_only to 2025-03-09 12:00:00+00:00, run_after=2025-03-09 16:00:00+00:00
[2025-03-09T16:06:18.608+0000] {processor.py:208} INFO - Processing /home/airflow/.local/lib/python3.12/site-packages/airflow/example_dags/example_latest_only.py took 0.046 seconds
[2025-03-09T16:06:49.226+0000] {processor.py:186} INFO - Started process (PID=13522) to work on /home/airflow/.local/lib/python3.12/site-packages/airflow/example_dags/example_latest_only.py
[2025-03-09T16:06:49.227+0000] {processor.py:914} INFO - Processing file /home/airflow/.local/lib/python3.12/site-packages/airflow/example_dags/example_latest_only.py for tasks to queue
[2025-03-09T16:06:49.228+0000] {logging_mixin.py:190} INFO - [2025-03-09T16:06:49.228+0000] {dagbag.py:588} INFO - Filling up the DagBag from /home/airflow/.local/lib/python3.12/site-packages/airflow/example_dags/example_latest_only.py
[2025-03-09T16:06:49.232+0000] {processor.py:925} INFO - DAG(s) 'latest_only' retrieved from /home/airflow/.local/lib/python3.12/site-packages/airflow/example_dags/example_latest_only.py
[2025-03-09T16:06:49.245+0000] {logging_mixin.py:190} INFO - [2025-03-09T16:06:49.245+0000] {dag.py:3239} INFO - Sync 1 DAGs
[2025-03-09T16:06:49.260+0000] {logging_mixin.py:190} INFO - [2025-03-09T16:06:49.259+0000] {dag.py:4180} INFO - Setting next_dagrun for latest_only to 2025-03-09 12:00:00+00:00, run_after=2025-03-09 16:00:00+00:00
[2025-03-09T16:06:49.274+0000] {processor.py:208} INFO - Processing /home/airflow/.local/lib/python3.12/site-packages/airflow/example_dags/example_latest_only.py took 0.052 seconds
[2025-03-09T16:07:20.229+0000] {processor.py:186} INFO - Started process (PID=13850) to work on /home/airflow/.local/lib/python3.12/site-packages/airflow/example_dags/example_latest_only.py
[2025-03-09T16:07:20.229+0000] {processor.py:914} INFO - Processing file /home/airflow/.local/lib/python3.12/site-packages/airflow/example_dags/example_latest_only.py for tasks to queue
[2025-03-09T16:07:20.231+0000] {logging_mixin.py:190} INFO - [2025-03-09T16:07:20.231+0000] {dagbag.py:588} INFO - Filling up the DagBag from /home/airflow/.local/lib/python3.12/site-packages/airflow/example_dags/example_latest_only.py
[2025-03-09T16:07:20.236+0000] {processor.py:925} INFO - DAG(s) 'latest_only' retrieved from /home/airflow/.local/lib/python3.12/site-packages/airflow/example_dags/example_latest_only.py
[2025-03-09T16:07:20.250+0000] {logging_mixin.py:190} INFO - [2025-03-09T16:07:20.250+0000] {dag.py:3239} INFO - Sync 1 DAGs
[2025-03-09T16:07:20.266+0000] {logging_mixin.py:190} INFO - [2025-03-09T16:07:20.266+0000] {dag.py:4180} INFO - Setting next_dagrun for latest_only to 2025-03-09 12:00:00+00:00, run_after=2025-03-09 16:00:00+00:00
[2025-03-09T16:07:20.278+0000] {processor.py:208} INFO - Processing /home/airflow/.local/lib/python3.12/site-packages/airflow/example_dags/example_latest_only.py took 0.055 seconds
[2025-03-09T16:07:50.699+0000] {processor.py:186} INFO - Started process (PID=14177) to work on /home/airflow/.local/lib/python3.12/site-packages/airflow/example_dags/example_latest_only.py
[2025-03-09T16:07:50.699+0000] {processor.py:914} INFO - Processing file /home/airflow/.local/lib/python3.12/site-packages/airflow/example_dags/example_latest_only.py for tasks to queue
[2025-03-09T16:07:50.700+0000] {logging_mixin.py:190} INFO - [2025-03-09T16:07:50.700+0000] {dagbag.py:588} INFO - Filling up the DagBag from /home/airflow/.local/lib/python3.12/site-packages/airflow/example_dags/example_latest_only.py
[2025-03-09T16:07:50.704+0000] {processor.py:925} INFO - DAG(s) 'latest_only' retrieved from /home/airflow/.local/lib/python3.12/site-packages/airflow/example_dags/example_latest_only.py
[2025-03-09T16:07:50.717+0000] {logging_mixin.py:190} INFO - [2025-03-09T16:07:50.717+0000] {dag.py:3239} INFO - Sync 1 DAGs
[2025-03-09T16:07:50.733+0000] {logging_mixin.py:190} INFO - [2025-03-09T16:07:50.733+0000] {dag.py:4180} INFO - Setting next_dagrun for latest_only to 2025-03-09 12:00:00+00:00, run_after=2025-03-09 16:00:00+00:00
[2025-03-09T16:07:50.748+0000] {processor.py:208} INFO - Processing /home/airflow/.local/lib/python3.12/site-packages/airflow/example_dags/example_latest_only.py took 0.053 seconds
[2025-03-09T16:08:21.417+0000] {processor.py:186} INFO - Started process (PID=14501) to work on /home/airflow/.local/lib/python3.12/site-packages/airflow/example_dags/example_latest_only.py
[2025-03-09T16:08:21.418+0000] {processor.py:914} INFO - Processing file /home/airflow/.local/lib/python3.12/site-packages/airflow/example_dags/example_latest_only.py for tasks to queue
[2025-03-09T16:08:21.419+0000] {logging_mixin.py:190} INFO - [2025-03-09T16:08:21.419+0000] {dagbag.py:588} INFO - Filling up the DagBag from /home/airflow/.local/lib/python3.12/site-packages/airflow/example_dags/example_latest_only.py
[2025-03-09T16:08:21.423+0000] {processor.py:925} INFO - DAG(s) 'latest_only' retrieved from /home/airflow/.local/lib/python3.12/site-packages/airflow/example_dags/example_latest_only.py
[2025-03-09T16:08:21.440+0000] {logging_mixin.py:190} INFO - [2025-03-09T16:08:21.440+0000] {dag.py:3239} INFO - Sync 1 DAGs
[2025-03-09T16:08:21.458+0000] {logging_mixin.py:190} INFO - [2025-03-09T16:08:21.458+0000] {dag.py:4180} INFO - Setting next_dagrun for latest_only to 2025-03-09 12:00:00+00:00, run_after=2025-03-09 16:00:00+00:00
[2025-03-09T16:08:21.471+0000] {processor.py:208} INFO - Processing /home/airflow/.local/lib/python3.12/site-packages/airflow/example_dags/example_latest_only.py took 0.058 seconds
[2025-03-09T16:08:52.520+0000] {processor.py:186} INFO - Started process (PID=14827) to work on /home/airflow/.local/lib/python3.12/site-packages/airflow/example_dags/example_latest_only.py
[2025-03-09T16:08:52.521+0000] {processor.py:914} INFO - Processing file /home/airflow/.local/lib/python3.12/site-packages/airflow/example_dags/example_latest_only.py for tasks to queue
[2025-03-09T16:08:52.522+0000] {logging_mixin.py:190} INFO - [2025-03-09T16:08:52.522+0000] {dagbag.py:588} INFO - Filling up the DagBag from /home/airflow/.local/lib/python3.12/site-packages/airflow/example_dags/example_latest_only.py
[2025-03-09T16:08:52.527+0000] {processor.py:925} INFO - DAG(s) 'latest_only' retrieved from /home/airflow/.local/lib/python3.12/site-packages/airflow/example_dags/example_latest_only.py
[2025-03-09T16:08:52.541+0000] {logging_mixin.py:190} INFO - [2025-03-09T16:08:52.541+0000] {dag.py:3239} INFO - Sync 1 DAGs
[2025-03-09T16:08:52.555+0000] {logging_mixin.py:190} INFO - [2025-03-09T16:08:52.555+0000] {dag.py:4180} INFO - Setting next_dagrun for latest_only to 2025-03-09 12:00:00+00:00, run_after=2025-03-09 16:00:00+00:00
[2025-03-09T16:08:52.569+0000] {processor.py:208} INFO - Processing /home/airflow/.local/lib/python3.12/site-packages/airflow/example_dags/example_latest_only.py took 0.052 seconds
[2025-03-09T16:09:23.548+0000] {processor.py:186} INFO - Started process (PID=15153) to work on /home/airflow/.local/lib/python3.12/site-packages/airflow/example_dags/example_latest_only.py
[2025-03-09T16:09:23.549+0000] {processor.py:914} INFO - Processing file /home/airflow/.local/lib/python3.12/site-packages/airflow/example_dags/example_latest_only.py for tasks to queue
[2025-03-09T16:09:23.550+0000] {logging_mixin.py:190} INFO - [2025-03-09T16:09:23.550+0000] {dagbag.py:588} INFO - Filling up the DagBag from /home/airflow/.local/lib/python3.12/site-packages/airflow/example_dags/example_latest_only.py
[2025-03-09T16:09:23.555+0000] {processor.py:925} INFO - DAG(s) 'latest_only' retrieved from /home/airflow/.local/lib/python3.12/site-packages/airflow/example_dags/example_latest_only.py
[2025-03-09T16:09:23.567+0000] {logging_mixin.py:190} INFO - [2025-03-09T16:09:23.567+0000] {dag.py:3239} INFO - Sync 1 DAGs
[2025-03-09T16:09:23.581+0000] {logging_mixin.py:190} INFO - [2025-03-09T16:09:23.581+0000] {dag.py:4180} INFO - Setting next_dagrun for latest_only to 2025-03-09 12:00:00+00:00, run_after=2025-03-09 16:00:00+00:00
[2025-03-09T16:09:23.592+0000] {processor.py:208} INFO - Processing /home/airflow/.local/lib/python3.12/site-packages/airflow/example_dags/example_latest_only.py took 0.048 seconds
[2025-03-09T16:09:54.363+0000] {processor.py:186} INFO - Started process (PID=15479) to work on /home/airflow/.local/lib/python3.12/site-packages/airflow/example_dags/example_latest_only.py
[2025-03-09T16:09:54.363+0000] {processor.py:914} INFO - Processing file /home/airflow/.local/lib/python3.12/site-packages/airflow/example_dags/example_latest_only.py for tasks to queue
[2025-03-09T16:09:54.364+0000] {logging_mixin.py:190} INFO - [2025-03-09T16:09:54.364+0000] {dagbag.py:588} INFO - Filling up the DagBag from /home/airflow/.local/lib/python3.12/site-packages/airflow/example_dags/example_latest_only.py
[2025-03-09T16:09:54.368+0000] {processor.py:925} INFO - DAG(s) 'latest_only' retrieved from /home/airflow/.local/lib/python3.12/site-packages/airflow/example_dags/example_latest_only.py
[2025-03-09T16:09:54.380+0000] {logging_mixin.py:190} INFO - [2025-03-09T16:09:54.380+0000] {dag.py:3239} INFO - Sync 1 DAGs
[2025-03-09T16:09:54.395+0000] {logging_mixin.py:190} INFO - [2025-03-09T16:09:54.394+0000] {dag.py:4180} INFO - Setting next_dagrun for latest_only to 2025-03-09 12:00:00+00:00, run_after=2025-03-09 16:00:00+00:00
[2025-03-09T16:09:54.407+0000] {processor.py:208} INFO - Processing /home/airflow/.local/lib/python3.12/site-packages/airflow/example_dags/example_latest_only.py took 0.050 seconds
[2025-03-09T16:10:24.858+0000] {processor.py:186} INFO - Started process (PID=15805) to work on /home/airflow/.local/lib/python3.12/site-packages/airflow/example_dags/example_latest_only.py
[2025-03-09T16:10:24.859+0000] {processor.py:914} INFO - Processing file /home/airflow/.local/lib/python3.12/site-packages/airflow/example_dags/example_latest_only.py for tasks to queue
[2025-03-09T16:10:24.860+0000] {logging_mixin.py:190} INFO - [2025-03-09T16:10:24.860+0000] {dagbag.py:588} INFO - Filling up the DagBag from /home/airflow/.local/lib/python3.12/site-packages/airflow/example_dags/example_latest_only.py
[2025-03-09T16:10:24.864+0000] {processor.py:925} INFO - DAG(s) 'latest_only' retrieved from /home/airflow/.local/lib/python3.12/site-packages/airflow/example_dags/example_latest_only.py
[2025-03-09T16:10:24.878+0000] {logging_mixin.py:190} INFO - [2025-03-09T16:10:24.878+0000] {dag.py:3239} INFO - Sync 1 DAGs
[2025-03-09T16:10:24.892+0000] {logging_mixin.py:190} INFO - [2025-03-09T16:10:24.892+0000] {dag.py:4180} INFO - Setting next_dagrun for latest_only to 2025-03-09 12:00:00+00:00, run_after=2025-03-09 16:00:00+00:00
[2025-03-09T16:10:24.904+0000] {processor.py:208} INFO - Processing /home/airflow/.local/lib/python3.12/site-packages/airflow/example_dags/example_latest_only.py took 0.050 seconds
[2025-03-09T16:10:55.240+0000] {processor.py:186} INFO - Started process (PID=16131) to work on /home/airflow/.local/lib/python3.12/site-packages/airflow/example_dags/example_latest_only.py
[2025-03-09T16:10:55.241+0000] {processor.py:914} INFO - Processing file /home/airflow/.local/lib/python3.12/site-packages/airflow/example_dags/example_latest_only.py for tasks to queue
[2025-03-09T16:10:55.242+0000] {logging_mixin.py:190} INFO - [2025-03-09T16:10:55.242+0000] {dagbag.py:588} INFO - Filling up the DagBag from /home/airflow/.local/lib/python3.12/site-packages/airflow/example_dags/example_latest_only.py
[2025-03-09T16:10:55.246+0000] {processor.py:925} INFO - DAG(s) 'latest_only' retrieved from /home/airflow/.local/lib/python3.12/site-packages/airflow/example_dags/example_latest_only.py
[2025-03-09T16:10:55.259+0000] {logging_mixin.py:190} INFO - [2025-03-09T16:10:55.259+0000] {dag.py:3239} INFO - Sync 1 DAGs
[2025-03-09T16:10:55.274+0000] {logging_mixin.py:190} INFO - [2025-03-09T16:10:55.274+0000] {dag.py:4180} INFO - Setting next_dagrun for latest_only to 2025-03-09 12:00:00+00:00, run_after=2025-03-09 16:00:00+00:00
[2025-03-09T16:10:55.286+0000] {processor.py:208} INFO - Processing /home/airflow/.local/lib/python3.12/site-packages/airflow/example_dags/example_latest_only.py took 0.050 seconds
[2025-03-09T16:11:25.834+0000] {processor.py:186} INFO - Started process (PID=16457) to work on /home/airflow/.local/lib/python3.12/site-packages/airflow/example_dags/example_latest_only.py
[2025-03-09T16:11:25.835+0000] {processor.py:914} INFO - Processing file /home/airflow/.local/lib/python3.12/site-packages/airflow/example_dags/example_latest_only.py for tasks to queue
[2025-03-09T16:11:25.836+0000] {logging_mixin.py:190} INFO - [2025-03-09T16:11:25.836+0000] {dagbag.py:588} INFO - Filling up the DagBag from /home/airflow/.local/lib/python3.12/site-packages/airflow/example_dags/example_latest_only.py
[2025-03-09T16:11:25.840+0000] {processor.py:925} INFO - DAG(s) 'latest_only' retrieved from /home/airflow/.local/lib/python3.12/site-packages/airflow/example_dags/example_latest_only.py
[2025-03-09T16:11:25.852+0000] {logging_mixin.py:190} INFO - [2025-03-09T16:11:25.852+0000] {dag.py:3239} INFO - Sync 1 DAGs
[2025-03-09T16:11:25.866+0000] {logging_mixin.py:190} INFO - [2025-03-09T16:11:25.866+0000] {dag.py:4180} INFO - Setting next_dagrun for latest_only to 2025-03-09 12:00:00+00:00, run_after=2025-03-09 16:00:00+00:00
[2025-03-09T16:11:25.879+0000] {processor.py:208} INFO - Processing /home/airflow/.local/lib/python3.12/site-packages/airflow/example_dags/example_latest_only.py took 0.048 seconds
[2025-03-09T16:11:56.791+0000] {processor.py:186} INFO - Started process (PID=16783) to work on /home/airflow/.local/lib/python3.12/site-packages/airflow/example_dags/example_latest_only.py
[2025-03-09T16:11:56.792+0000] {processor.py:914} INFO - Processing file /home/airflow/.local/lib/python3.12/site-packages/airflow/example_dags/example_latest_only.py for tasks to queue
[2025-03-09T16:11:56.793+0000] {logging_mixin.py:190} INFO - [2025-03-09T16:11:56.793+0000] {dagbag.py:588} INFO - Filling up the DagBag from /home/airflow/.local/lib/python3.12/site-packages/airflow/example_dags/example_latest_only.py
[2025-03-09T16:11:56.797+0000] {processor.py:925} INFO - DAG(s) 'latest_only' retrieved from /home/airflow/.local/lib/python3.12/site-packages/airflow/example_dags/example_latest_only.py
[2025-03-09T16:11:56.811+0000] {logging_mixin.py:190} INFO - [2025-03-09T16:11:56.810+0000] {dag.py:3239} INFO - Sync 1 DAGs
[2025-03-09T16:11:56.824+0000] {logging_mixin.py:190} INFO - [2025-03-09T16:11:56.824+0000] {dag.py:4180} INFO - Setting next_dagrun for latest_only to 2025-03-09 12:00:00+00:00, run_after=2025-03-09 16:00:00+00:00
[2025-03-09T16:11:56.837+0000] {processor.py:208} INFO - Processing /home/airflow/.local/lib/python3.12/site-packages/airflow/example_dags/example_latest_only.py took 0.052 seconds
[2025-03-09T16:12:27.908+0000] {processor.py:186} INFO - Started process (PID=17109) to work on /home/airflow/.local/lib/python3.12/site-packages/airflow/example_dags/example_latest_only.py
[2025-03-09T16:12:27.909+0000] {processor.py:914} INFO - Processing file /home/airflow/.local/lib/python3.12/site-packages/airflow/example_dags/example_latest_only.py for tasks to queue
[2025-03-09T16:12:27.910+0000] {logging_mixin.py:190} INFO - [2025-03-09T16:12:27.910+0000] {dagbag.py:588} INFO - Filling up the DagBag from /home/airflow/.local/lib/python3.12/site-packages/airflow/example_dags/example_latest_only.py
[2025-03-09T16:12:27.914+0000] {processor.py:925} INFO - DAG(s) 'latest_only' retrieved from /home/airflow/.local/lib/python3.12/site-packages/airflow/example_dags/example_latest_only.py
[2025-03-09T16:12:27.930+0000] {logging_mixin.py:190} INFO - [2025-03-09T16:12:27.930+0000] {dag.py:3239} INFO - Sync 1 DAGs
[2025-03-09T16:12:27.946+0000] {logging_mixin.py:190} INFO - [2025-03-09T16:12:27.946+0000] {dag.py:4180} INFO - Setting next_dagrun for latest_only to 2025-03-09 12:00:00+00:00, run_after=2025-03-09 16:00:00+00:00
[2025-03-09T16:12:27.960+0000] {processor.py:208} INFO - Processing /home/airflow/.local/lib/python3.12/site-packages/airflow/example_dags/example_latest_only.py took 0.055 seconds
[2025-03-09T16:12:59.120+0000] {processor.py:186} INFO - Started process (PID=17435) to work on /home/airflow/.local/lib/python3.12/site-packages/airflow/example_dags/example_latest_only.py
[2025-03-09T16:12:59.121+0000] {processor.py:914} INFO - Processing file /home/airflow/.local/lib/python3.12/site-packages/airflow/example_dags/example_latest_only.py for tasks to queue
[2025-03-09T16:12:59.122+0000] {logging_mixin.py:190} INFO - [2025-03-09T16:12:59.122+0000] {dagbag.py:588} INFO - Filling up the DagBag from /home/airflow/.local/lib/python3.12/site-packages/airflow/example_dags/example_latest_only.py
[2025-03-09T16:12:59.126+0000] {processor.py:925} INFO - DAG(s) 'latest_only' retrieved from /home/airflow/.local/lib/python3.12/site-packages/airflow/example_dags/example_latest_only.py
[2025-03-09T16:12:59.139+0000] {logging_mixin.py:190} INFO - [2025-03-09T16:12:59.139+0000] {dag.py:3239} INFO - Sync 1 DAGs
[2025-03-09T16:12:59.153+0000] {logging_mixin.py:190} INFO - [2025-03-09T16:12:59.153+0000] {dag.py:4180} INFO - Setting next_dagrun for latest_only to 2025-03-09 12:00:00+00:00, run_after=2025-03-09 16:00:00+00:00
[2025-03-09T16:12:59.164+0000] {processor.py:208} INFO - Processing /home/airflow/.local/lib/python3.12/site-packages/airflow/example_dags/example_latest_only.py took 0.048 seconds
[2025-03-09T16:13:30.187+0000] {processor.py:186} INFO - Started process (PID=17761) to work on /home/airflow/.local/lib/python3.12/site-packages/airflow/example_dags/example_latest_only.py
[2025-03-09T16:13:30.187+0000] {processor.py:914} INFO - Processing file /home/airflow/.local/lib/python3.12/site-packages/airflow/example_dags/example_latest_only.py for tasks to queue
[2025-03-09T16:13:30.189+0000] {logging_mixin.py:190} INFO - [2025-03-09T16:13:30.188+0000] {dagbag.py:588} INFO - Filling up the DagBag from /home/airflow/.local/lib/python3.12/site-packages/airflow/example_dags/example_latest_only.py
[2025-03-09T16:13:30.194+0000] {processor.py:925} INFO - DAG(s) 'latest_only' retrieved from /home/airflow/.local/lib/python3.12/site-packages/airflow/example_dags/example_latest_only.py
[2025-03-09T16:13:30.207+0000] {logging_mixin.py:190} INFO - [2025-03-09T16:13:30.207+0000] {dag.py:3239} INFO - Sync 1 DAGs
[2025-03-09T16:13:30.223+0000] {logging_mixin.py:190} INFO - [2025-03-09T16:13:30.223+0000] {dag.py:4180} INFO - Setting next_dagrun for latest_only to 2025-03-09 12:00:00+00:00, run_after=2025-03-09 16:00:00+00:00
[2025-03-09T16:13:30.238+0000] {processor.py:208} INFO - Processing /home/airflow/.local/lib/python3.12/site-packages/airflow/example_dags/example_latest_only.py took 0.055 seconds
[2025-03-09T16:14:01.081+0000] {processor.py:186} INFO - Started process (PID=18087) to work on /home/airflow/.local/lib/python3.12/site-packages/airflow/example_dags/example_latest_only.py
[2025-03-09T16:14:01.082+0000] {processor.py:914} INFO - Processing file /home/airflow/.local/lib/python3.12/site-packages/airflow/example_dags/example_latest_only.py for tasks to queue
[2025-03-09T16:14:01.083+0000] {logging_mixin.py:190} INFO - [2025-03-09T16:14:01.083+0000] {dagbag.py:588} INFO - Filling up the DagBag from /home/airflow/.local/lib/python3.12/site-packages/airflow/example_dags/example_latest_only.py
[2025-03-09T16:14:01.087+0000] {processor.py:925} INFO - DAG(s) 'latest_only' retrieved from /home/airflow/.local/lib/python3.12/site-packages/airflow/example_dags/example_latest_only.py
[2025-03-09T16:14:01.101+0000] {logging_mixin.py:190} INFO - [2025-03-09T16:14:01.100+0000] {dag.py:3239} INFO - Sync 1 DAGs
[2025-03-09T16:14:01.117+0000] {logging_mixin.py:190} INFO - [2025-03-09T16:14:01.117+0000] {dag.py:4180} INFO - Setting next_dagrun for latest_only to 2025-03-09 12:00:00+00:00, run_after=2025-03-09 16:00:00+00:00
[2025-03-09T16:14:01.132+0000] {processor.py:208} INFO - Processing /home/airflow/.local/lib/python3.12/site-packages/airflow/example_dags/example_latest_only.py took 0.055 seconds
[2025-03-09T16:14:31.790+0000] {processor.py:186} INFO - Started process (PID=18413) to work on /home/airflow/.local/lib/python3.12/site-packages/airflow/example_dags/example_latest_only.py
[2025-03-09T16:14:31.791+0000] {processor.py:914} INFO - Processing file /home/airflow/.local/lib/python3.12/site-packages/airflow/example_dags/example_latest_only.py for tasks to queue
[2025-03-09T16:14:31.792+0000] {logging_mixin.py:190} INFO - [2025-03-09T16:14:31.792+0000] {dagbag.py:588} INFO - Filling up the DagBag from /home/airflow/.local/lib/python3.12/site-packages/airflow/example_dags/example_latest_only.py
[2025-03-09T16:14:31.796+0000] {processor.py:925} INFO - DAG(s) 'latest_only' retrieved from /home/airflow/.local/lib/python3.12/site-packages/airflow/example_dags/example_latest_only.py
[2025-03-09T16:14:31.807+0000] {logging_mixin.py:190} INFO - [2025-03-09T16:14:31.807+0000] {dag.py:3239} INFO - Sync 1 DAGs
[2025-03-09T16:14:31.823+0000] {logging_mixin.py:190} INFO - [2025-03-09T16:14:31.823+0000] {dag.py:4180} INFO - Setting next_dagrun for latest_only to 2025-03-09 12:00:00+00:00, run_after=2025-03-09 16:00:00+00:00
[2025-03-09T16:14:31.842+0000] {processor.py:208} INFO - Processing /home/airflow/.local/lib/python3.12/site-packages/airflow/example_dags/example_latest_only.py took 0.055 seconds
[2025-03-09T16:15:02.645+0000] {processor.py:186} INFO - Started process (PID=18739) to work on /home/airflow/.local/lib/python3.12/site-packages/airflow/example_dags/example_latest_only.py
[2025-03-09T16:15:02.645+0000] {processor.py:914} INFO - Processing file /home/airflow/.local/lib/python3.12/site-packages/airflow/example_dags/example_latest_only.py for tasks to queue
[2025-03-09T16:15:02.647+0000] {logging_mixin.py:190} INFO - [2025-03-09T16:15:02.646+0000] {dagbag.py:588} INFO - Filling up the DagBag from /home/airflow/.local/lib/python3.12/site-packages/airflow/example_dags/example_latest_only.py
[2025-03-09T16:15:02.651+0000] {processor.py:925} INFO - DAG(s) 'latest_only' retrieved from /home/airflow/.local/lib/python3.12/site-packages/airflow/example_dags/example_latest_only.py
[2025-03-09T16:15:02.668+0000] {logging_mixin.py:190} INFO - [2025-03-09T16:15:02.668+0000] {dag.py:3239} INFO - Sync 1 DAGs
[2025-03-09T16:15:02.685+0000] {logging_mixin.py:190} INFO - [2025-03-09T16:15:02.684+0000] {dag.py:4180} INFO - Setting next_dagrun for latest_only to 2025-03-09 12:00:00+00:00, run_after=2025-03-09 16:00:00+00:00
[2025-03-09T16:15:02.704+0000] {processor.py:208} INFO - Processing /home/airflow/.local/lib/python3.12/site-packages/airflow/example_dags/example_latest_only.py took 0.062 seconds
[2025-03-09T16:15:33.533+0000] {processor.py:186} INFO - Started process (PID=19067) to work on /home/airflow/.local/lib/python3.12/site-packages/airflow/example_dags/example_latest_only.py
[2025-03-09T16:15:33.533+0000] {processor.py:914} INFO - Processing file /home/airflow/.local/lib/python3.12/site-packages/airflow/example_dags/example_latest_only.py for tasks to queue
[2025-03-09T16:15:33.535+0000] {logging_mixin.py:190} INFO - [2025-03-09T16:15:33.535+0000] {dagbag.py:588} INFO - Filling up the DagBag from /home/airflow/.local/lib/python3.12/site-packages/airflow/example_dags/example_latest_only.py
[2025-03-09T16:15:33.540+0000] {processor.py:925} INFO - DAG(s) 'latest_only' retrieved from /home/airflow/.local/lib/python3.12/site-packages/airflow/example_dags/example_latest_only.py
[2025-03-09T16:15:33.557+0000] {logging_mixin.py:190} INFO - [2025-03-09T16:15:33.557+0000] {dag.py:3239} INFO - Sync 1 DAGs
[2025-03-09T16:15:33.572+0000] {logging_mixin.py:190} INFO - [2025-03-09T16:15:33.572+0000] {dag.py:4180} INFO - Setting next_dagrun for latest_only to 2025-03-09 12:00:00+00:00, run_after=2025-03-09 16:00:00+00:00
[2025-03-09T16:15:33.585+0000] {processor.py:208} INFO - Processing /home/airflow/.local/lib/python3.12/site-packages/airflow/example_dags/example_latest_only.py took 0.057 seconds
[2025-03-09T16:16:04.568+0000] {processor.py:186} INFO - Started process (PID=19391) to work on /home/airflow/.local/lib/python3.12/site-packages/airflow/example_dags/example_latest_only.py
[2025-03-09T16:16:04.569+0000] {processor.py:914} INFO - Processing file /home/airflow/.local/lib/python3.12/site-packages/airflow/example_dags/example_latest_only.py for tasks to queue
[2025-03-09T16:16:04.571+0000] {logging_mixin.py:190} INFO - [2025-03-09T16:16:04.570+0000] {dagbag.py:588} INFO - Filling up the DagBag from /home/airflow/.local/lib/python3.12/site-packages/airflow/example_dags/example_latest_only.py
[2025-03-09T16:16:04.577+0000] {processor.py:925} INFO - DAG(s) 'latest_only' retrieved from /home/airflow/.local/lib/python3.12/site-packages/airflow/example_dags/example_latest_only.py
[2025-03-09T16:16:04.594+0000] {logging_mixin.py:190} INFO - [2025-03-09T16:16:04.594+0000] {dag.py:3239} INFO - Sync 1 DAGs
[2025-03-09T16:16:04.608+0000] {logging_mixin.py:190} INFO - [2025-03-09T16:16:04.608+0000] {dag.py:4180} INFO - Setting next_dagrun for latest_only to 2025-03-09 12:00:00+00:00, run_after=2025-03-09 16:00:00+00:00
[2025-03-09T16:16:04.621+0000] {processor.py:208} INFO - Processing /home/airflow/.local/lib/python3.12/site-packages/airflow/example_dags/example_latest_only.py took 0.057 seconds
[2025-03-09T16:16:35.870+0000] {processor.py:186} INFO - Started process (PID=19717) to work on /home/airflow/.local/lib/python3.12/site-packages/airflow/example_dags/example_latest_only.py
[2025-03-09T16:16:35.871+0000] {processor.py:914} INFO - Processing file /home/airflow/.local/lib/python3.12/site-packages/airflow/example_dags/example_latest_only.py for tasks to queue
[2025-03-09T16:16:35.873+0000] {logging_mixin.py:190} INFO - [2025-03-09T16:16:35.873+0000] {dagbag.py:588} INFO - Filling up the DagBag from /home/airflow/.local/lib/python3.12/site-packages/airflow/example_dags/example_latest_only.py
[2025-03-09T16:16:35.881+0000] {processor.py:925} INFO - DAG(s) 'latest_only' retrieved from /home/airflow/.local/lib/python3.12/site-packages/airflow/example_dags/example_latest_only.py
[2025-03-09T16:16:35.894+0000] {logging_mixin.py:190} INFO - [2025-03-09T16:16:35.893+0000] {dag.py:3239} INFO - Sync 1 DAGs
[2025-03-09T16:16:35.908+0000] {logging_mixin.py:190} INFO - [2025-03-09T16:16:35.908+0000] {dag.py:4180} INFO - Setting next_dagrun for latest_only to 2025-03-09 12:00:00+00:00, run_after=2025-03-09 16:00:00+00:00
[2025-03-09T16:16:35.920+0000] {processor.py:208} INFO - Processing /home/airflow/.local/lib/python3.12/site-packages/airflow/example_dags/example_latest_only.py took 0.058 seconds
[2025-03-09T16:17:07.141+0000] {processor.py:186} INFO - Started process (PID=20043) to work on /home/airflow/.local/lib/python3.12/site-packages/airflow/example_dags/example_latest_only.py
[2025-03-09T16:17:07.142+0000] {processor.py:914} INFO - Processing file /home/airflow/.local/lib/python3.12/site-packages/airflow/example_dags/example_latest_only.py for tasks to queue
[2025-03-09T16:17:07.143+0000] {logging_mixin.py:190} INFO - [2025-03-09T16:17:07.143+0000] {dagbag.py:588} INFO - Filling up the DagBag from /home/airflow/.local/lib/python3.12/site-packages/airflow/example_dags/example_latest_only.py
[2025-03-09T16:17:07.147+0000] {processor.py:925} INFO - DAG(s) 'latest_only' retrieved from /home/airflow/.local/lib/python3.12/site-packages/airflow/example_dags/example_latest_only.py
[2025-03-09T16:17:07.161+0000] {logging_mixin.py:190} INFO - [2025-03-09T16:17:07.161+0000] {dag.py:3239} INFO - Sync 1 DAGs
[2025-03-09T16:17:07.181+0000] {logging_mixin.py:190} INFO - [2025-03-09T16:17:07.181+0000] {dag.py:4180} INFO - Setting next_dagrun for latest_only to 2025-03-09 12:00:00+00:00, run_after=2025-03-09 16:00:00+00:00
[2025-03-09T16:17:07.203+0000] {processor.py:208} INFO - Processing /home/airflow/.local/lib/python3.12/site-packages/airflow/example_dags/example_latest_only.py took 0.065 seconds
[2025-03-09T16:17:38.143+0000] {processor.py:186} INFO - Started process (PID=20369) to work on /home/airflow/.local/lib/python3.12/site-packages/airflow/example_dags/example_latest_only.py
[2025-03-09T16:17:38.145+0000] {processor.py:914} INFO - Processing file /home/airflow/.local/lib/python3.12/site-packages/airflow/example_dags/example_latest_only.py for tasks to queue
[2025-03-09T16:17:38.146+0000] {logging_mixin.py:190} INFO - [2025-03-09T16:17:38.146+0000] {dagbag.py:588} INFO - Filling up the DagBag from /home/airflow/.local/lib/python3.12/site-packages/airflow/example_dags/example_latest_only.py
[2025-03-09T16:17:38.150+0000] {processor.py:925} INFO - DAG(s) 'latest_only' retrieved from /home/airflow/.local/lib/python3.12/site-packages/airflow/example_dags/example_latest_only.py
[2025-03-09T16:17:38.161+0000] {logging_mixin.py:190} INFO - [2025-03-09T16:17:38.161+0000] {dag.py:3239} INFO - Sync 1 DAGs
[2025-03-09T16:17:38.177+0000] {logging_mixin.py:190} INFO - [2025-03-09T16:17:38.177+0000] {dag.py:4180} INFO - Setting next_dagrun for latest_only to 2025-03-09 12:00:00+00:00, run_after=2025-03-09 16:00:00+00:00
[2025-03-09T16:17:38.193+0000] {processor.py:208} INFO - Processing /home/airflow/.local/lib/python3.12/site-packages/airflow/example_dags/example_latest_only.py took 0.054 seconds
[2025-03-09T16:18:09.369+0000] {processor.py:186} INFO - Started process (PID=20696) to work on /home/airflow/.local/lib/python3.12/site-packages/airflow/example_dags/example_latest_only.py
[2025-03-09T16:18:09.369+0000] {processor.py:914} INFO - Processing file /home/airflow/.local/lib/python3.12/site-packages/airflow/example_dags/example_latest_only.py for tasks to queue
[2025-03-09T16:18:09.370+0000] {logging_mixin.py:190} INFO - [2025-03-09T16:18:09.370+0000] {dagbag.py:588} INFO - Filling up the DagBag from /home/airflow/.local/lib/python3.12/site-packages/airflow/example_dags/example_latest_only.py
[2025-03-09T16:18:09.375+0000] {processor.py:925} INFO - DAG(s) 'latest_only' retrieved from /home/airflow/.local/lib/python3.12/site-packages/airflow/example_dags/example_latest_only.py
[2025-03-09T16:18:09.390+0000] {logging_mixin.py:190} INFO - [2025-03-09T16:18:09.390+0000] {dag.py:3239} INFO - Sync 1 DAGs
[2025-03-09T16:18:09.406+0000] {logging_mixin.py:190} INFO - [2025-03-09T16:18:09.405+0000] {dag.py:4180} INFO - Setting next_dagrun for latest_only to 2025-03-09 12:00:00+00:00, run_after=2025-03-09 16:00:00+00:00
[2025-03-09T16:18:09.420+0000] {processor.py:208} INFO - Processing /home/airflow/.local/lib/python3.12/site-packages/airflow/example_dags/example_latest_only.py took 0.056 seconds
[2025-03-09T16:18:39.729+0000] {processor.py:186} INFO - Started process (PID=21021) to work on /home/airflow/.local/lib/python3.12/site-packages/airflow/example_dags/example_latest_only.py
[2025-03-09T16:18:39.729+0000] {processor.py:914} INFO - Processing file /home/airflow/.local/lib/python3.12/site-packages/airflow/example_dags/example_latest_only.py for tasks to queue
[2025-03-09T16:18:39.731+0000] {logging_mixin.py:190} INFO - [2025-03-09T16:18:39.730+0000] {dagbag.py:588} INFO - Filling up the DagBag from /home/airflow/.local/lib/python3.12/site-packages/airflow/example_dags/example_latest_only.py
[2025-03-09T16:18:39.734+0000] {processor.py:925} INFO - DAG(s) 'latest_only' retrieved from /home/airflow/.local/lib/python3.12/site-packages/airflow/example_dags/example_latest_only.py
[2025-03-09T16:18:39.749+0000] {logging_mixin.py:190} INFO - [2025-03-09T16:18:39.749+0000] {dag.py:3239} INFO - Sync 1 DAGs
[2025-03-09T16:18:39.763+0000] {logging_mixin.py:190} INFO - [2025-03-09T16:18:39.762+0000] {dag.py:4180} INFO - Setting next_dagrun for latest_only to 2025-03-09 12:00:00+00:00, run_after=2025-03-09 16:00:00+00:00
[2025-03-09T16:18:39.886+0000] {processor.py:208} INFO - Processing /home/airflow/.local/lib/python3.12/site-packages/airflow/example_dags/example_latest_only.py took 0.160 seconds
[2025-03-09T16:19:10.851+0000] {processor.py:186} INFO - Started process (PID=21347) to work on /home/airflow/.local/lib/python3.12/site-packages/airflow/example_dags/example_latest_only.py
[2025-03-09T16:19:10.852+0000] {processor.py:914} INFO - Processing file /home/airflow/.local/lib/python3.12/site-packages/airflow/example_dags/example_latest_only.py for tasks to queue
[2025-03-09T16:19:10.853+0000] {logging_mixin.py:190} INFO - [2025-03-09T16:19:10.853+0000] {dagbag.py:588} INFO - Filling up the DagBag from /home/airflow/.local/lib/python3.12/site-packages/airflow/example_dags/example_latest_only.py
[2025-03-09T16:19:10.858+0000] {processor.py:925} INFO - DAG(s) 'latest_only' retrieved from /home/airflow/.local/lib/python3.12/site-packages/airflow/example_dags/example_latest_only.py
[2025-03-09T16:19:10.873+0000] {logging_mixin.py:190} INFO - [2025-03-09T16:19:10.873+0000] {dag.py:3239} INFO - Sync 1 DAGs
[2025-03-09T16:19:10.889+0000] {logging_mixin.py:190} INFO - [2025-03-09T16:19:10.889+0000] {dag.py:4180} INFO - Setting next_dagrun for latest_only to 2025-03-09 12:00:00+00:00, run_after=2025-03-09 16:00:00+00:00
[2025-03-09T16:19:10.909+0000] {processor.py:208} INFO - Processing /home/airflow/.local/lib/python3.12/site-packages/airflow/example_dags/example_latest_only.py took 0.062 seconds
[2025-03-09T16:19:41.457+0000] {processor.py:186} INFO - Started process (PID=21673) to work on /home/airflow/.local/lib/python3.12/site-packages/airflow/example_dags/example_latest_only.py
[2025-03-09T16:19:41.458+0000] {processor.py:914} INFO - Processing file /home/airflow/.local/lib/python3.12/site-packages/airflow/example_dags/example_latest_only.py for tasks to queue
[2025-03-09T16:19:41.460+0000] {logging_mixin.py:190} INFO - [2025-03-09T16:19:41.460+0000] {dagbag.py:588} INFO - Filling up the DagBag from /home/airflow/.local/lib/python3.12/site-packages/airflow/example_dags/example_latest_only.py
[2025-03-09T16:19:41.465+0000] {processor.py:925} INFO - DAG(s) 'latest_only' retrieved from /home/airflow/.local/lib/python3.12/site-packages/airflow/example_dags/example_latest_only.py
[2025-03-09T16:19:41.484+0000] {logging_mixin.py:190} INFO - [2025-03-09T16:19:41.483+0000] {dag.py:3239} INFO - Sync 1 DAGs
[2025-03-09T16:19:41.503+0000] {logging_mixin.py:190} INFO - [2025-03-09T16:19:41.503+0000] {dag.py:4180} INFO - Setting next_dagrun for latest_only to 2025-03-09 12:00:00+00:00, run_after=2025-03-09 16:00:00+00:00
[2025-03-09T16:19:41.521+0000] {processor.py:208} INFO - Processing /home/airflow/.local/lib/python3.12/site-packages/airflow/example_dags/example_latest_only.py took 0.070 seconds
