[2025-03-09T15:46:15.075+0000] {processor.py:186} INFO - Started process (PID=371) to work on /home/airflow/.local/lib/python3.12/site-packages/airflow/example_dags/example_dynamic_task_mapping.py
[2025-03-09T15:46:15.076+0000] {processor.py:914} INFO - Processing file /home/airflow/.local/lib/python3.12/site-packages/airflow/example_dags/example_dynamic_task_mapping.py for tasks to queue
[2025-03-09T15:46:15.078+0000] {logging_mixin.py:190} INFO - [2025-03-09T15:46:15.077+0000] {dagbag.py:588} INFO - Filling up the DagBag from /home/airflow/.local/lib/python3.12/site-packages/airflow/example_dags/example_dynamic_task_mapping.py
[2025-03-09T15:46:15.085+0000] {processor.py:925} INFO - DAG(s) 'example_dynamic_task_mapping' retrieved from /home/airflow/.local/lib/python3.12/site-packages/airflow/example_dags/example_dynamic_task_mapping.py
[2025-03-09T15:46:15.108+0000] {logging_mixin.py:190} INFO - [2025-03-09T15:46:15.107+0000] {dag.py:3239} INFO - Sync 1 DAGs
[2025-03-09T15:46:15.119+0000] {logging_mixin.py:190} INFO - [2025-03-09T15:46:15.119+0000] {dag.py:4180} INFO - Setting next_dagrun for example_dynamic_task_mapping to None, run_after=None
[2025-03-09T15:46:15.138+0000] {processor.py:208} INFO - Processing /home/airflow/.local/lib/python3.12/site-packages/airflow/example_dags/example_dynamic_task_mapping.py took 0.066 seconds
[2025-03-09T15:46:46.188+0000] {processor.py:186} INFO - Started process (PID=705) to work on /home/airflow/.local/lib/python3.12/site-packages/airflow/example_dags/example_dynamic_task_mapping.py
[2025-03-09T15:46:46.189+0000] {processor.py:914} INFO - Processing file /home/airflow/.local/lib/python3.12/site-packages/airflow/example_dags/example_dynamic_task_mapping.py for tasks to queue
[2025-03-09T15:46:46.190+0000] {logging_mixin.py:190} INFO - [2025-03-09T15:46:46.190+0000] {dagbag.py:588} INFO - Filling up the DagBag from /home/airflow/.local/lib/python3.12/site-packages/airflow/example_dags/example_dynamic_task_mapping.py
[2025-03-09T15:46:46.195+0000] {processor.py:925} INFO - DAG(s) 'example_dynamic_task_mapping' retrieved from /home/airflow/.local/lib/python3.12/site-packages/airflow/example_dags/example_dynamic_task_mapping.py
[2025-03-09T15:46:46.211+0000] {logging_mixin.py:190} INFO - [2025-03-09T15:46:46.210+0000] {dag.py:3239} INFO - Sync 1 DAGs
[2025-03-09T15:46:46.223+0000] {logging_mixin.py:190} INFO - [2025-03-09T15:46:46.223+0000] {dag.py:4180} INFO - Setting next_dagrun for example_dynamic_task_mapping to None, run_after=None
[2025-03-09T15:46:46.244+0000] {processor.py:208} INFO - Processing /home/airflow/.local/lib/python3.12/site-packages/airflow/example_dags/example_dynamic_task_mapping.py took 0.059 seconds
[2025-03-09T15:47:17.362+0000] {processor.py:186} INFO - Started process (PID=1031) to work on /home/airflow/.local/lib/python3.12/site-packages/airflow/example_dags/example_dynamic_task_mapping.py
[2025-03-09T15:47:17.362+0000] {processor.py:914} INFO - Processing file /home/airflow/.local/lib/python3.12/site-packages/airflow/example_dags/example_dynamic_task_mapping.py for tasks to queue
[2025-03-09T15:47:17.364+0000] {logging_mixin.py:190} INFO - [2025-03-09T15:47:17.363+0000] {dagbag.py:588} INFO - Filling up the DagBag from /home/airflow/.local/lib/python3.12/site-packages/airflow/example_dags/example_dynamic_task_mapping.py
[2025-03-09T15:47:17.370+0000] {processor.py:925} INFO - DAG(s) 'example_dynamic_task_mapping' retrieved from /home/airflow/.local/lib/python3.12/site-packages/airflow/example_dags/example_dynamic_task_mapping.py
[2025-03-09T15:47:17.383+0000] {logging_mixin.py:190} INFO - [2025-03-09T15:47:17.383+0000] {dag.py:3239} INFO - Sync 1 DAGs
[2025-03-09T15:47:17.392+0000] {logging_mixin.py:190} INFO - [2025-03-09T15:47:17.392+0000] {dag.py:4180} INFO - Setting next_dagrun for example_dynamic_task_mapping to None, run_after=None
[2025-03-09T15:47:17.403+0000] {processor.py:208} INFO - Processing /home/airflow/.local/lib/python3.12/site-packages/airflow/example_dags/example_dynamic_task_mapping.py took 0.046 seconds
[2025-03-09T15:47:48.219+0000] {processor.py:186} INFO - Started process (PID=1357) to work on /home/airflow/.local/lib/python3.12/site-packages/airflow/example_dags/example_dynamic_task_mapping.py
[2025-03-09T15:47:48.219+0000] {processor.py:914} INFO - Processing file /home/airflow/.local/lib/python3.12/site-packages/airflow/example_dags/example_dynamic_task_mapping.py for tasks to queue
[2025-03-09T15:47:48.220+0000] {logging_mixin.py:190} INFO - [2025-03-09T15:47:48.220+0000] {dagbag.py:588} INFO - Filling up the DagBag from /home/airflow/.local/lib/python3.12/site-packages/airflow/example_dags/example_dynamic_task_mapping.py
[2025-03-09T15:47:48.226+0000] {processor.py:925} INFO - DAG(s) 'example_dynamic_task_mapping' retrieved from /home/airflow/.local/lib/python3.12/site-packages/airflow/example_dags/example_dynamic_task_mapping.py
[2025-03-09T15:47:48.241+0000] {logging_mixin.py:190} INFO - [2025-03-09T15:47:48.241+0000] {dag.py:3239} INFO - Sync 1 DAGs
[2025-03-09T15:47:48.250+0000] {logging_mixin.py:190} INFO - [2025-03-09T15:47:48.250+0000] {dag.py:4180} INFO - Setting next_dagrun for example_dynamic_task_mapping to None, run_after=None
[2025-03-09T15:47:48.265+0000] {processor.py:208} INFO - Processing /home/airflow/.local/lib/python3.12/site-packages/airflow/example_dags/example_dynamic_task_mapping.py took 0.050 seconds
[2025-03-09T15:48:19.087+0000] {processor.py:186} INFO - Started process (PID=1683) to work on /home/airflow/.local/lib/python3.12/site-packages/airflow/example_dags/example_dynamic_task_mapping.py
[2025-03-09T15:48:19.088+0000] {processor.py:914} INFO - Processing file /home/airflow/.local/lib/python3.12/site-packages/airflow/example_dags/example_dynamic_task_mapping.py for tasks to queue
[2025-03-09T15:48:19.089+0000] {logging_mixin.py:190} INFO - [2025-03-09T15:48:19.089+0000] {dagbag.py:588} INFO - Filling up the DagBag from /home/airflow/.local/lib/python3.12/site-packages/airflow/example_dags/example_dynamic_task_mapping.py
[2025-03-09T15:48:19.094+0000] {processor.py:925} INFO - DAG(s) 'example_dynamic_task_mapping' retrieved from /home/airflow/.local/lib/python3.12/site-packages/airflow/example_dags/example_dynamic_task_mapping.py
[2025-03-09T15:48:19.107+0000] {logging_mixin.py:190} INFO - [2025-03-09T15:48:19.107+0000] {dag.py:3239} INFO - Sync 1 DAGs
[2025-03-09T15:48:19.117+0000] {logging_mixin.py:190} INFO - [2025-03-09T15:48:19.117+0000] {dag.py:4180} INFO - Setting next_dagrun for example_dynamic_task_mapping to None, run_after=None
[2025-03-09T15:48:19.130+0000] {processor.py:208} INFO - Processing /home/airflow/.local/lib/python3.12/site-packages/airflow/example_dags/example_dynamic_task_mapping.py took 0.047 seconds
[2025-03-09T15:48:50.017+0000] {processor.py:186} INFO - Started process (PID=2009) to work on /home/airflow/.local/lib/python3.12/site-packages/airflow/example_dags/example_dynamic_task_mapping.py
[2025-03-09T15:48:50.017+0000] {processor.py:914} INFO - Processing file /home/airflow/.local/lib/python3.12/site-packages/airflow/example_dags/example_dynamic_task_mapping.py for tasks to queue
[2025-03-09T15:48:50.019+0000] {logging_mixin.py:190} INFO - [2025-03-09T15:48:50.018+0000] {dagbag.py:588} INFO - Filling up the DagBag from /home/airflow/.local/lib/python3.12/site-packages/airflow/example_dags/example_dynamic_task_mapping.py
[2025-03-09T15:48:50.025+0000] {processor.py:925} INFO - DAG(s) 'example_dynamic_task_mapping' retrieved from /home/airflow/.local/lib/python3.12/site-packages/airflow/example_dags/example_dynamic_task_mapping.py
[2025-03-09T15:48:50.050+0000] {logging_mixin.py:190} INFO - [2025-03-09T15:48:50.050+0000] {dag.py:3239} INFO - Sync 1 DAGs
[2025-03-09T15:48:50.065+0000] {logging_mixin.py:190} INFO - [2025-03-09T15:48:50.065+0000] {dag.py:4180} INFO - Setting next_dagrun for example_dynamic_task_mapping to None, run_after=None
[2025-03-09T15:48:50.084+0000] {processor.py:208} INFO - Processing /home/airflow/.local/lib/python3.12/site-packages/airflow/example_dags/example_dynamic_task_mapping.py took 0.072 seconds
[2025-03-09T15:49:20.731+0000] {processor.py:186} INFO - Started process (PID=2335) to work on /home/airflow/.local/lib/python3.12/site-packages/airflow/example_dags/example_dynamic_task_mapping.py
[2025-03-09T15:49:20.731+0000] {processor.py:914} INFO - Processing file /home/airflow/.local/lib/python3.12/site-packages/airflow/example_dags/example_dynamic_task_mapping.py for tasks to queue
[2025-03-09T15:49:20.734+0000] {logging_mixin.py:190} INFO - [2025-03-09T15:49:20.734+0000] {dagbag.py:588} INFO - Filling up the DagBag from /home/airflow/.local/lib/python3.12/site-packages/airflow/example_dags/example_dynamic_task_mapping.py
[2025-03-09T15:49:20.742+0000] {processor.py:925} INFO - DAG(s) 'example_dynamic_task_mapping' retrieved from /home/airflow/.local/lib/python3.12/site-packages/airflow/example_dags/example_dynamic_task_mapping.py
[2025-03-09T15:49:20.763+0000] {logging_mixin.py:190} INFO - [2025-03-09T15:49:20.763+0000] {dag.py:3239} INFO - Sync 1 DAGs
[2025-03-09T15:49:20.776+0000] {logging_mixin.py:190} INFO - [2025-03-09T15:49:20.776+0000] {dag.py:4180} INFO - Setting next_dagrun for example_dynamic_task_mapping to None, run_after=None
[2025-03-09T15:49:20.789+0000] {processor.py:208} INFO - Processing /home/airflow/.local/lib/python3.12/site-packages/airflow/example_dags/example_dynamic_task_mapping.py took 0.064 seconds
[2025-03-09T15:49:51.706+0000] {processor.py:186} INFO - Started process (PID=2661) to work on /home/airflow/.local/lib/python3.12/site-packages/airflow/example_dags/example_dynamic_task_mapping.py
[2025-03-09T15:49:51.707+0000] {processor.py:914} INFO - Processing file /home/airflow/.local/lib/python3.12/site-packages/airflow/example_dags/example_dynamic_task_mapping.py for tasks to queue
[2025-03-09T15:49:51.710+0000] {logging_mixin.py:190} INFO - [2025-03-09T15:49:51.710+0000] {dagbag.py:588} INFO - Filling up the DagBag from /home/airflow/.local/lib/python3.12/site-packages/airflow/example_dags/example_dynamic_task_mapping.py
[2025-03-09T15:49:51.720+0000] {processor.py:925} INFO - DAG(s) 'example_dynamic_task_mapping' retrieved from /home/airflow/.local/lib/python3.12/site-packages/airflow/example_dags/example_dynamic_task_mapping.py
[2025-03-09T15:49:51.736+0000] {logging_mixin.py:190} INFO - [2025-03-09T15:49:51.736+0000] {dag.py:3239} INFO - Sync 1 DAGs
[2025-03-09T15:49:51.746+0000] {logging_mixin.py:190} INFO - [2025-03-09T15:49:51.746+0000] {dag.py:4180} INFO - Setting next_dagrun for example_dynamic_task_mapping to None, run_after=None
[2025-03-09T15:49:51.759+0000] {processor.py:208} INFO - Processing /home/airflow/.local/lib/python3.12/site-packages/airflow/example_dags/example_dynamic_task_mapping.py took 0.060 seconds
[2025-03-09T15:50:22.625+0000] {processor.py:186} INFO - Started process (PID=2985) to work on /home/airflow/.local/lib/python3.12/site-packages/airflow/example_dags/example_dynamic_task_mapping.py
[2025-03-09T15:50:22.626+0000] {processor.py:914} INFO - Processing file /home/airflow/.local/lib/python3.12/site-packages/airflow/example_dags/example_dynamic_task_mapping.py for tasks to queue
[2025-03-09T15:50:22.628+0000] {logging_mixin.py:190} INFO - [2025-03-09T15:50:22.627+0000] {dagbag.py:588} INFO - Filling up the DagBag from /home/airflow/.local/lib/python3.12/site-packages/airflow/example_dags/example_dynamic_task_mapping.py
[2025-03-09T15:50:22.633+0000] {processor.py:925} INFO - DAG(s) 'example_dynamic_task_mapping' retrieved from /home/airflow/.local/lib/python3.12/site-packages/airflow/example_dags/example_dynamic_task_mapping.py
[2025-03-09T15:50:22.648+0000] {logging_mixin.py:190} INFO - [2025-03-09T15:50:22.647+0000] {dag.py:3239} INFO - Sync 1 DAGs
[2025-03-09T15:50:22.656+0000] {logging_mixin.py:190} INFO - [2025-03-09T15:50:22.656+0000] {dag.py:4180} INFO - Setting next_dagrun for example_dynamic_task_mapping to None, run_after=None
[2025-03-09T15:50:22.667+0000] {processor.py:208} INFO - Processing /home/airflow/.local/lib/python3.12/site-packages/airflow/example_dags/example_dynamic_task_mapping.py took 0.050 seconds
[2025-03-09T15:50:53.608+0000] {processor.py:186} INFO - Started process (PID=3313) to work on /home/airflow/.local/lib/python3.12/site-packages/airflow/example_dags/example_dynamic_task_mapping.py
[2025-03-09T15:50:53.609+0000] {processor.py:914} INFO - Processing file /home/airflow/.local/lib/python3.12/site-packages/airflow/example_dags/example_dynamic_task_mapping.py for tasks to queue
[2025-03-09T15:50:53.610+0000] {logging_mixin.py:190} INFO - [2025-03-09T15:50:53.610+0000] {dagbag.py:588} INFO - Filling up the DagBag from /home/airflow/.local/lib/python3.12/site-packages/airflow/example_dags/example_dynamic_task_mapping.py
[2025-03-09T15:50:53.617+0000] {processor.py:925} INFO - DAG(s) 'example_dynamic_task_mapping' retrieved from /home/airflow/.local/lib/python3.12/site-packages/airflow/example_dags/example_dynamic_task_mapping.py
[2025-03-09T15:50:53.635+0000] {logging_mixin.py:190} INFO - [2025-03-09T15:50:53.635+0000] {dag.py:3239} INFO - Sync 1 DAGs
[2025-03-09T15:50:53.644+0000] {logging_mixin.py:190} INFO - [2025-03-09T15:50:53.644+0000] {dag.py:4180} INFO - Setting next_dagrun for example_dynamic_task_mapping to None, run_after=None
[2025-03-09T15:50:53.656+0000] {processor.py:208} INFO - Processing /home/airflow/.local/lib/python3.12/site-packages/airflow/example_dags/example_dynamic_task_mapping.py took 0.055 seconds
[2025-03-09T15:51:24.299+0000] {processor.py:186} INFO - Started process (PID=3639) to work on /home/airflow/.local/lib/python3.12/site-packages/airflow/example_dags/example_dynamic_task_mapping.py
[2025-03-09T15:51:24.301+0000] {processor.py:914} INFO - Processing file /home/airflow/.local/lib/python3.12/site-packages/airflow/example_dags/example_dynamic_task_mapping.py for tasks to queue
[2025-03-09T15:51:24.303+0000] {logging_mixin.py:190} INFO - [2025-03-09T15:51:24.303+0000] {dagbag.py:588} INFO - Filling up the DagBag from /home/airflow/.local/lib/python3.12/site-packages/airflow/example_dags/example_dynamic_task_mapping.py
[2025-03-09T15:51:24.313+0000] {processor.py:925} INFO - DAG(s) 'example_dynamic_task_mapping' retrieved from /home/airflow/.local/lib/python3.12/site-packages/airflow/example_dags/example_dynamic_task_mapping.py
[2025-03-09T15:51:24.339+0000] {logging_mixin.py:190} INFO - [2025-03-09T15:51:24.338+0000] {dag.py:3239} INFO - Sync 1 DAGs
[2025-03-09T15:51:24.352+0000] {logging_mixin.py:190} INFO - [2025-03-09T15:51:24.352+0000] {dag.py:4180} INFO - Setting next_dagrun for example_dynamic_task_mapping to None, run_after=None
[2025-03-09T15:51:24.373+0000] {processor.py:208} INFO - Processing /home/airflow/.local/lib/python3.12/site-packages/airflow/example_dags/example_dynamic_task_mapping.py took 0.082 seconds
[2025-03-09T15:51:55.444+0000] {processor.py:186} INFO - Started process (PID=3963) to work on /home/airflow/.local/lib/python3.12/site-packages/airflow/example_dags/example_dynamic_task_mapping.py
[2025-03-09T15:51:55.444+0000] {processor.py:914} INFO - Processing file /home/airflow/.local/lib/python3.12/site-packages/airflow/example_dags/example_dynamic_task_mapping.py for tasks to queue
[2025-03-09T15:51:55.445+0000] {logging_mixin.py:190} INFO - [2025-03-09T15:51:55.445+0000] {dagbag.py:588} INFO - Filling up the DagBag from /home/airflow/.local/lib/python3.12/site-packages/airflow/example_dags/example_dynamic_task_mapping.py
[2025-03-09T15:51:55.450+0000] {processor.py:925} INFO - DAG(s) 'example_dynamic_task_mapping' retrieved from /home/airflow/.local/lib/python3.12/site-packages/airflow/example_dags/example_dynamic_task_mapping.py
[2025-03-09T15:51:55.466+0000] {logging_mixin.py:190} INFO - [2025-03-09T15:51:55.465+0000] {dag.py:3239} INFO - Sync 1 DAGs
[2025-03-09T15:51:55.475+0000] {logging_mixin.py:190} INFO - [2025-03-09T15:51:55.475+0000] {dag.py:4180} INFO - Setting next_dagrun for example_dynamic_task_mapping to None, run_after=None
[2025-03-09T15:51:55.492+0000] {processor.py:208} INFO - Processing /home/airflow/.local/lib/python3.12/site-packages/airflow/example_dags/example_dynamic_task_mapping.py took 0.052 seconds
[2025-03-09T15:52:26.038+0000] {processor.py:186} INFO - Started process (PID=4289) to work on /home/airflow/.local/lib/python3.12/site-packages/airflow/example_dags/example_dynamic_task_mapping.py
[2025-03-09T15:52:26.038+0000] {processor.py:914} INFO - Processing file /home/airflow/.local/lib/python3.12/site-packages/airflow/example_dags/example_dynamic_task_mapping.py for tasks to queue
[2025-03-09T15:52:26.039+0000] {logging_mixin.py:190} INFO - [2025-03-09T15:52:26.039+0000] {dagbag.py:588} INFO - Filling up the DagBag from /home/airflow/.local/lib/python3.12/site-packages/airflow/example_dags/example_dynamic_task_mapping.py
[2025-03-09T15:52:26.044+0000] {processor.py:925} INFO - DAG(s) 'example_dynamic_task_mapping' retrieved from /home/airflow/.local/lib/python3.12/site-packages/airflow/example_dags/example_dynamic_task_mapping.py
[2025-03-09T15:52:26.057+0000] {logging_mixin.py:190} INFO - [2025-03-09T15:52:26.057+0000] {dag.py:3239} INFO - Sync 1 DAGs
[2025-03-09T15:52:26.065+0000] {logging_mixin.py:190} INFO - [2025-03-09T15:52:26.065+0000] {dag.py:4180} INFO - Setting next_dagrun for example_dynamic_task_mapping to None, run_after=None
[2025-03-09T15:52:26.078+0000] {processor.py:208} INFO - Processing /home/airflow/.local/lib/python3.12/site-packages/airflow/example_dags/example_dynamic_task_mapping.py took 0.044 seconds
[2025-03-09T15:52:56.820+0000] {processor.py:186} INFO - Started process (PID=4615) to work on /home/airflow/.local/lib/python3.12/site-packages/airflow/example_dags/example_dynamic_task_mapping.py
[2025-03-09T15:52:56.820+0000] {processor.py:914} INFO - Processing file /home/airflow/.local/lib/python3.12/site-packages/airflow/example_dags/example_dynamic_task_mapping.py for tasks to queue
[2025-03-09T15:52:56.821+0000] {logging_mixin.py:190} INFO - [2025-03-09T15:52:56.821+0000] {dagbag.py:588} INFO - Filling up the DagBag from /home/airflow/.local/lib/python3.12/site-packages/airflow/example_dags/example_dynamic_task_mapping.py
[2025-03-09T15:52:56.826+0000] {processor.py:925} INFO - DAG(s) 'example_dynamic_task_mapping' retrieved from /home/airflow/.local/lib/python3.12/site-packages/airflow/example_dags/example_dynamic_task_mapping.py
[2025-03-09T15:52:56.840+0000] {logging_mixin.py:190} INFO - [2025-03-09T15:52:56.839+0000] {dag.py:3239} INFO - Sync 1 DAGs
[2025-03-09T15:52:56.849+0000] {logging_mixin.py:190} INFO - [2025-03-09T15:52:56.849+0000] {dag.py:4180} INFO - Setting next_dagrun for example_dynamic_task_mapping to None, run_after=None
[2025-03-09T15:52:56.862+0000] {processor.py:208} INFO - Processing /home/airflow/.local/lib/python3.12/site-packages/airflow/example_dags/example_dynamic_task_mapping.py took 0.045 seconds
[2025-03-09T15:53:27.500+0000] {processor.py:186} INFO - Started process (PID=4941) to work on /home/airflow/.local/lib/python3.12/site-packages/airflow/example_dags/example_dynamic_task_mapping.py
[2025-03-09T15:53:27.501+0000] {processor.py:914} INFO - Processing file /home/airflow/.local/lib/python3.12/site-packages/airflow/example_dags/example_dynamic_task_mapping.py for tasks to queue
[2025-03-09T15:53:27.502+0000] {logging_mixin.py:190} INFO - [2025-03-09T15:53:27.502+0000] {dagbag.py:588} INFO - Filling up the DagBag from /home/airflow/.local/lib/python3.12/site-packages/airflow/example_dags/example_dynamic_task_mapping.py
[2025-03-09T15:53:27.507+0000] {processor.py:925} INFO - DAG(s) 'example_dynamic_task_mapping' retrieved from /home/airflow/.local/lib/python3.12/site-packages/airflow/example_dags/example_dynamic_task_mapping.py
[2025-03-09T15:53:27.521+0000] {logging_mixin.py:190} INFO - [2025-03-09T15:53:27.521+0000] {dag.py:3239} INFO - Sync 1 DAGs
[2025-03-09T15:53:27.530+0000] {logging_mixin.py:190} INFO - [2025-03-09T15:53:27.530+0000] {dag.py:4180} INFO - Setting next_dagrun for example_dynamic_task_mapping to None, run_after=None
[2025-03-09T15:53:27.542+0000] {processor.py:208} INFO - Processing /home/airflow/.local/lib/python3.12/site-packages/airflow/example_dags/example_dynamic_task_mapping.py took 0.047 seconds
[2025-03-09T15:53:58.234+0000] {processor.py:186} INFO - Started process (PID=5266) to work on /home/airflow/.local/lib/python3.12/site-packages/airflow/example_dags/example_dynamic_task_mapping.py
[2025-03-09T15:53:58.235+0000] {processor.py:914} INFO - Processing file /home/airflow/.local/lib/python3.12/site-packages/airflow/example_dags/example_dynamic_task_mapping.py for tasks to queue
[2025-03-09T15:53:58.236+0000] {logging_mixin.py:190} INFO - [2025-03-09T15:53:58.236+0000] {dagbag.py:588} INFO - Filling up the DagBag from /home/airflow/.local/lib/python3.12/site-packages/airflow/example_dags/example_dynamic_task_mapping.py
[2025-03-09T15:53:58.241+0000] {processor.py:925} INFO - DAG(s) 'example_dynamic_task_mapping' retrieved from /home/airflow/.local/lib/python3.12/site-packages/airflow/example_dags/example_dynamic_task_mapping.py
[2025-03-09T15:53:58.258+0000] {logging_mixin.py:190} INFO - [2025-03-09T15:53:58.257+0000] {dag.py:3239} INFO - Sync 1 DAGs
[2025-03-09T15:53:58.267+0000] {logging_mixin.py:190} INFO - [2025-03-09T15:53:58.267+0000] {dag.py:4180} INFO - Setting next_dagrun for example_dynamic_task_mapping to None, run_after=None
[2025-03-09T15:53:58.283+0000] {processor.py:208} INFO - Processing /home/airflow/.local/lib/python3.12/site-packages/airflow/example_dags/example_dynamic_task_mapping.py took 0.053 seconds
[2025-03-09T15:54:29.040+0000] {processor.py:186} INFO - Started process (PID=5592) to work on /home/airflow/.local/lib/python3.12/site-packages/airflow/example_dags/example_dynamic_task_mapping.py
[2025-03-09T15:54:29.041+0000] {processor.py:914} INFO - Processing file /home/airflow/.local/lib/python3.12/site-packages/airflow/example_dags/example_dynamic_task_mapping.py for tasks to queue
[2025-03-09T15:54:29.042+0000] {logging_mixin.py:190} INFO - [2025-03-09T15:54:29.042+0000] {dagbag.py:588} INFO - Filling up the DagBag from /home/airflow/.local/lib/python3.12/site-packages/airflow/example_dags/example_dynamic_task_mapping.py
[2025-03-09T15:54:29.047+0000] {processor.py:925} INFO - DAG(s) 'example_dynamic_task_mapping' retrieved from /home/airflow/.local/lib/python3.12/site-packages/airflow/example_dags/example_dynamic_task_mapping.py
[2025-03-09T15:54:29.060+0000] {logging_mixin.py:190} INFO - [2025-03-09T15:54:29.059+0000] {dag.py:3239} INFO - Sync 1 DAGs
[2025-03-09T15:54:29.068+0000] {logging_mixin.py:190} INFO - [2025-03-09T15:54:29.068+0000] {dag.py:4180} INFO - Setting next_dagrun for example_dynamic_task_mapping to None, run_after=None
[2025-03-09T15:54:29.082+0000] {processor.py:208} INFO - Processing /home/airflow/.local/lib/python3.12/site-packages/airflow/example_dags/example_dynamic_task_mapping.py took 0.046 seconds
[2025-03-09T15:54:59.759+0000] {processor.py:186} INFO - Started process (PID=5918) to work on /home/airflow/.local/lib/python3.12/site-packages/airflow/example_dags/example_dynamic_task_mapping.py
[2025-03-09T15:54:59.760+0000] {processor.py:914} INFO - Processing file /home/airflow/.local/lib/python3.12/site-packages/airflow/example_dags/example_dynamic_task_mapping.py for tasks to queue
[2025-03-09T15:54:59.761+0000] {logging_mixin.py:190} INFO - [2025-03-09T15:54:59.761+0000] {dagbag.py:588} INFO - Filling up the DagBag from /home/airflow/.local/lib/python3.12/site-packages/airflow/example_dags/example_dynamic_task_mapping.py
[2025-03-09T15:54:59.767+0000] {processor.py:925} INFO - DAG(s) 'example_dynamic_task_mapping' retrieved from /home/airflow/.local/lib/python3.12/site-packages/airflow/example_dags/example_dynamic_task_mapping.py
[2025-03-09T15:54:59.785+0000] {logging_mixin.py:190} INFO - [2025-03-09T15:54:59.785+0000] {dag.py:3239} INFO - Sync 1 DAGs
[2025-03-09T15:54:59.797+0000] {logging_mixin.py:190} INFO - [2025-03-09T15:54:59.796+0000] {dag.py:4180} INFO - Setting next_dagrun for example_dynamic_task_mapping to None, run_after=None
[2025-03-09T15:54:59.817+0000] {processor.py:208} INFO - Processing /home/airflow/.local/lib/python3.12/site-packages/airflow/example_dags/example_dynamic_task_mapping.py took 0.062 seconds
[2025-03-09T15:55:30.837+0000] {processor.py:186} INFO - Started process (PID=6244) to work on /home/airflow/.local/lib/python3.12/site-packages/airflow/example_dags/example_dynamic_task_mapping.py
[2025-03-09T15:55:30.838+0000] {processor.py:914} INFO - Processing file /home/airflow/.local/lib/python3.12/site-packages/airflow/example_dags/example_dynamic_task_mapping.py for tasks to queue
[2025-03-09T15:55:30.839+0000] {logging_mixin.py:190} INFO - [2025-03-09T15:55:30.839+0000] {dagbag.py:588} INFO - Filling up the DagBag from /home/airflow/.local/lib/python3.12/site-packages/airflow/example_dags/example_dynamic_task_mapping.py
[2025-03-09T15:55:30.844+0000] {processor.py:925} INFO - DAG(s) 'example_dynamic_task_mapping' retrieved from /home/airflow/.local/lib/python3.12/site-packages/airflow/example_dags/example_dynamic_task_mapping.py
[2025-03-09T15:55:30.857+0000] {logging_mixin.py:190} INFO - [2025-03-09T15:55:30.857+0000] {dag.py:3239} INFO - Sync 1 DAGs
[2025-03-09T15:55:30.865+0000] {logging_mixin.py:190} INFO - [2025-03-09T15:55:30.865+0000] {dag.py:4180} INFO - Setting next_dagrun for example_dynamic_task_mapping to None, run_after=None
[2025-03-09T15:55:30.878+0000] {processor.py:208} INFO - Processing /home/airflow/.local/lib/python3.12/site-packages/airflow/example_dags/example_dynamic_task_mapping.py took 0.044 seconds
[2025-03-09T15:56:01.829+0000] {processor.py:186} INFO - Started process (PID=6570) to work on /home/airflow/.local/lib/python3.12/site-packages/airflow/example_dags/example_dynamic_task_mapping.py
[2025-03-09T15:56:01.829+0000] {processor.py:914} INFO - Processing file /home/airflow/.local/lib/python3.12/site-packages/airflow/example_dags/example_dynamic_task_mapping.py for tasks to queue
[2025-03-09T15:56:01.831+0000] {logging_mixin.py:190} INFO - [2025-03-09T15:56:01.831+0000] {dagbag.py:588} INFO - Filling up the DagBag from /home/airflow/.local/lib/python3.12/site-packages/airflow/example_dags/example_dynamic_task_mapping.py
[2025-03-09T15:56:01.836+0000] {processor.py:925} INFO - DAG(s) 'example_dynamic_task_mapping' retrieved from /home/airflow/.local/lib/python3.12/site-packages/airflow/example_dags/example_dynamic_task_mapping.py
[2025-03-09T15:56:01.849+0000] {logging_mixin.py:190} INFO - [2025-03-09T15:56:01.849+0000] {dag.py:3239} INFO - Sync 1 DAGs
[2025-03-09T15:56:01.857+0000] {logging_mixin.py:190} INFO - [2025-03-09T15:56:01.857+0000] {dag.py:4180} INFO - Setting next_dagrun for example_dynamic_task_mapping to None, run_after=None
[2025-03-09T15:56:01.870+0000] {processor.py:208} INFO - Processing /home/airflow/.local/lib/python3.12/site-packages/airflow/example_dags/example_dynamic_task_mapping.py took 0.045 seconds
[2025-03-09T15:56:32.476+0000] {processor.py:186} INFO - Started process (PID=6896) to work on /home/airflow/.local/lib/python3.12/site-packages/airflow/example_dags/example_dynamic_task_mapping.py
[2025-03-09T15:56:32.477+0000] {processor.py:914} INFO - Processing file /home/airflow/.local/lib/python3.12/site-packages/airflow/example_dags/example_dynamic_task_mapping.py for tasks to queue
[2025-03-09T15:56:32.478+0000] {logging_mixin.py:190} INFO - [2025-03-09T15:56:32.478+0000] {dagbag.py:588} INFO - Filling up the DagBag from /home/airflow/.local/lib/python3.12/site-packages/airflow/example_dags/example_dynamic_task_mapping.py
[2025-03-09T15:56:32.484+0000] {processor.py:925} INFO - DAG(s) 'example_dynamic_task_mapping' retrieved from /home/airflow/.local/lib/python3.12/site-packages/airflow/example_dags/example_dynamic_task_mapping.py
[2025-03-09T15:56:32.501+0000] {logging_mixin.py:190} INFO - [2025-03-09T15:56:32.501+0000] {dag.py:3239} INFO - Sync 1 DAGs
[2025-03-09T15:56:32.511+0000] {logging_mixin.py:190} INFO - [2025-03-09T15:56:32.511+0000] {dag.py:4180} INFO - Setting next_dagrun for example_dynamic_task_mapping to None, run_after=None
[2025-03-09T15:56:32.524+0000] {processor.py:208} INFO - Processing /home/airflow/.local/lib/python3.12/site-packages/airflow/example_dags/example_dynamic_task_mapping.py took 0.052 seconds
[2025-03-09T15:57:03.320+0000] {processor.py:186} INFO - Started process (PID=7222) to work on /home/airflow/.local/lib/python3.12/site-packages/airflow/example_dags/example_dynamic_task_mapping.py
[2025-03-09T15:57:03.321+0000] {processor.py:914} INFO - Processing file /home/airflow/.local/lib/python3.12/site-packages/airflow/example_dags/example_dynamic_task_mapping.py for tasks to queue
[2025-03-09T15:57:03.322+0000] {logging_mixin.py:190} INFO - [2025-03-09T15:57:03.322+0000] {dagbag.py:588} INFO - Filling up the DagBag from /home/airflow/.local/lib/python3.12/site-packages/airflow/example_dags/example_dynamic_task_mapping.py
[2025-03-09T15:57:03.327+0000] {processor.py:925} INFO - DAG(s) 'example_dynamic_task_mapping' retrieved from /home/airflow/.local/lib/python3.12/site-packages/airflow/example_dags/example_dynamic_task_mapping.py
[2025-03-09T15:57:03.339+0000] {logging_mixin.py:190} INFO - [2025-03-09T15:57:03.339+0000] {dag.py:3239} INFO - Sync 1 DAGs
[2025-03-09T15:57:03.348+0000] {logging_mixin.py:190} INFO - [2025-03-09T15:57:03.347+0000] {dag.py:4180} INFO - Setting next_dagrun for example_dynamic_task_mapping to None, run_after=None
[2025-03-09T15:57:03.360+0000] {processor.py:208} INFO - Processing /home/airflow/.local/lib/python3.12/site-packages/airflow/example_dags/example_dynamic_task_mapping.py took 0.045 seconds
[2025-03-09T15:57:34.404+0000] {processor.py:186} INFO - Started process (PID=7548) to work on /home/airflow/.local/lib/python3.12/site-packages/airflow/example_dags/example_dynamic_task_mapping.py
[2025-03-09T15:57:34.405+0000] {processor.py:914} INFO - Processing file /home/airflow/.local/lib/python3.12/site-packages/airflow/example_dags/example_dynamic_task_mapping.py for tasks to queue
[2025-03-09T15:57:34.406+0000] {logging_mixin.py:190} INFO - [2025-03-09T15:57:34.406+0000] {dagbag.py:588} INFO - Filling up the DagBag from /home/airflow/.local/lib/python3.12/site-packages/airflow/example_dags/example_dynamic_task_mapping.py
[2025-03-09T15:57:34.411+0000] {processor.py:925} INFO - DAG(s) 'example_dynamic_task_mapping' retrieved from /home/airflow/.local/lib/python3.12/site-packages/airflow/example_dags/example_dynamic_task_mapping.py
[2025-03-09T15:57:34.425+0000] {logging_mixin.py:190} INFO - [2025-03-09T15:57:34.425+0000] {dag.py:3239} INFO - Sync 1 DAGs
[2025-03-09T15:57:34.434+0000] {logging_mixin.py:190} INFO - [2025-03-09T15:57:34.434+0000] {dag.py:4180} INFO - Setting next_dagrun for example_dynamic_task_mapping to None, run_after=None
[2025-03-09T15:57:34.450+0000] {processor.py:208} INFO - Processing /home/airflow/.local/lib/python3.12/site-packages/airflow/example_dags/example_dynamic_task_mapping.py took 0.051 seconds
[2025-03-09T15:58:05.143+0000] {processor.py:186} INFO - Started process (PID=7874) to work on /home/airflow/.local/lib/python3.12/site-packages/airflow/example_dags/example_dynamic_task_mapping.py
[2025-03-09T15:58:05.144+0000] {processor.py:914} INFO - Processing file /home/airflow/.local/lib/python3.12/site-packages/airflow/example_dags/example_dynamic_task_mapping.py for tasks to queue
[2025-03-09T15:58:05.145+0000] {logging_mixin.py:190} INFO - [2025-03-09T15:58:05.145+0000] {dagbag.py:588} INFO - Filling up the DagBag from /home/airflow/.local/lib/python3.12/site-packages/airflow/example_dags/example_dynamic_task_mapping.py
[2025-03-09T15:58:05.150+0000] {processor.py:925} INFO - DAG(s) 'example_dynamic_task_mapping' retrieved from /home/airflow/.local/lib/python3.12/site-packages/airflow/example_dags/example_dynamic_task_mapping.py
[2025-03-09T15:58:05.165+0000] {logging_mixin.py:190} INFO - [2025-03-09T15:58:05.165+0000] {dag.py:3239} INFO - Sync 1 DAGs
[2025-03-09T15:58:05.179+0000] {logging_mixin.py:190} INFO - [2025-03-09T15:58:05.178+0000] {dag.py:4180} INFO - Setting next_dagrun for example_dynamic_task_mapping to None, run_after=None
[2025-03-09T15:58:05.196+0000] {processor.py:208} INFO - Processing /home/airflow/.local/lib/python3.12/site-packages/airflow/example_dags/example_dynamic_task_mapping.py took 0.058 seconds
[2025-03-09T15:58:35.987+0000] {processor.py:186} INFO - Started process (PID=8195) to work on /home/airflow/.local/lib/python3.12/site-packages/airflow/example_dags/example_dynamic_task_mapping.py
[2025-03-09T15:58:35.988+0000] {processor.py:914} INFO - Processing file /home/airflow/.local/lib/python3.12/site-packages/airflow/example_dags/example_dynamic_task_mapping.py for tasks to queue
[2025-03-09T15:58:35.990+0000] {logging_mixin.py:190} INFO - [2025-03-09T15:58:35.989+0000] {dagbag.py:588} INFO - Filling up the DagBag from /home/airflow/.local/lib/python3.12/site-packages/airflow/example_dags/example_dynamic_task_mapping.py
[2025-03-09T15:58:35.997+0000] {processor.py:925} INFO - DAG(s) 'example_dynamic_task_mapping' retrieved from /home/airflow/.local/lib/python3.12/site-packages/airflow/example_dags/example_dynamic_task_mapping.py
[2025-03-09T15:58:36.009+0000] {logging_mixin.py:190} INFO - [2025-03-09T15:58:36.009+0000] {dag.py:3239} INFO - Sync 1 DAGs
[2025-03-09T15:58:36.018+0000] {logging_mixin.py:190} INFO - [2025-03-09T15:58:36.018+0000] {dag.py:4180} INFO - Setting next_dagrun for example_dynamic_task_mapping to None, run_after=None
[2025-03-09T15:58:36.032+0000] {processor.py:208} INFO - Processing /home/airflow/.local/lib/python3.12/site-packages/airflow/example_dags/example_dynamic_task_mapping.py took 0.049 seconds
[2025-03-09T15:59:07.764+0000] {processor.py:186} INFO - Started process (PID=8526) to work on /home/airflow/.local/lib/python3.12/site-packages/airflow/example_dags/example_dynamic_task_mapping.py
[2025-03-09T15:59:07.765+0000] {processor.py:914} INFO - Processing file /home/airflow/.local/lib/python3.12/site-packages/airflow/example_dags/example_dynamic_task_mapping.py for tasks to queue
[2025-03-09T15:59:07.766+0000] {logging_mixin.py:190} INFO - [2025-03-09T15:59:07.766+0000] {dagbag.py:588} INFO - Filling up the DagBag from /home/airflow/.local/lib/python3.12/site-packages/airflow/example_dags/example_dynamic_task_mapping.py
[2025-03-09T15:59:07.772+0000] {processor.py:925} INFO - DAG(s) 'example_dynamic_task_mapping' retrieved from /home/airflow/.local/lib/python3.12/site-packages/airflow/example_dags/example_dynamic_task_mapping.py
[2025-03-09T15:59:07.785+0000] {logging_mixin.py:190} INFO - [2025-03-09T15:59:07.785+0000] {dag.py:3239} INFO - Sync 1 DAGs
[2025-03-09T15:59:07.794+0000] {logging_mixin.py:190} INFO - [2025-03-09T15:59:07.794+0000] {dag.py:4180} INFO - Setting next_dagrun for example_dynamic_task_mapping to None, run_after=None
[2025-03-09T15:59:07.807+0000] {processor.py:208} INFO - Processing /home/airflow/.local/lib/python3.12/site-packages/airflow/example_dags/example_dynamic_task_mapping.py took 0.048 seconds
[2025-03-09T15:59:38.741+0000] {processor.py:186} INFO - Started process (PID=8854) to work on /home/airflow/.local/lib/python3.12/site-packages/airflow/example_dags/example_dynamic_task_mapping.py
[2025-03-09T15:59:38.742+0000] {processor.py:914} INFO - Processing file /home/airflow/.local/lib/python3.12/site-packages/airflow/example_dags/example_dynamic_task_mapping.py for tasks to queue
[2025-03-09T15:59:38.743+0000] {logging_mixin.py:190} INFO - [2025-03-09T15:59:38.743+0000] {dagbag.py:588} INFO - Filling up the DagBag from /home/airflow/.local/lib/python3.12/site-packages/airflow/example_dags/example_dynamic_task_mapping.py
[2025-03-09T15:59:38.748+0000] {processor.py:925} INFO - DAG(s) 'example_dynamic_task_mapping' retrieved from /home/airflow/.local/lib/python3.12/site-packages/airflow/example_dags/example_dynamic_task_mapping.py
[2025-03-09T15:59:38.763+0000] {logging_mixin.py:190} INFO - [2025-03-09T15:59:38.763+0000] {dag.py:3239} INFO - Sync 1 DAGs
[2025-03-09T15:59:38.773+0000] {logging_mixin.py:190} INFO - [2025-03-09T15:59:38.773+0000] {dag.py:4180} INFO - Setting next_dagrun for example_dynamic_task_mapping to None, run_after=None
[2025-03-09T15:59:38.785+0000] {processor.py:208} INFO - Processing /home/airflow/.local/lib/python3.12/site-packages/airflow/example_dags/example_dynamic_task_mapping.py took 0.048 seconds
[2025-03-09T16:00:09.225+0000] {processor.py:186} INFO - Started process (PID=9180) to work on /home/airflow/.local/lib/python3.12/site-packages/airflow/example_dags/example_dynamic_task_mapping.py
[2025-03-09T16:00:09.225+0000] {processor.py:914} INFO - Processing file /home/airflow/.local/lib/python3.12/site-packages/airflow/example_dags/example_dynamic_task_mapping.py for tasks to queue
[2025-03-09T16:00:09.227+0000] {logging_mixin.py:190} INFO - [2025-03-09T16:00:09.227+0000] {dagbag.py:588} INFO - Filling up the DagBag from /home/airflow/.local/lib/python3.12/site-packages/airflow/example_dags/example_dynamic_task_mapping.py
[2025-03-09T16:00:09.232+0000] {processor.py:925} INFO - DAG(s) 'example_dynamic_task_mapping' retrieved from /home/airflow/.local/lib/python3.12/site-packages/airflow/example_dags/example_dynamic_task_mapping.py
[2025-03-09T16:00:09.246+0000] {logging_mixin.py:190} INFO - [2025-03-09T16:00:09.246+0000] {dag.py:3239} INFO - Sync 1 DAGs
[2025-03-09T16:00:09.254+0000] {logging_mixin.py:190} INFO - [2025-03-09T16:00:09.254+0000] {dag.py:4180} INFO - Setting next_dagrun for example_dynamic_task_mapping to None, run_after=None
[2025-03-09T16:00:09.268+0000] {processor.py:208} INFO - Processing /home/airflow/.local/lib/python3.12/site-packages/airflow/example_dags/example_dynamic_task_mapping.py took 0.047 seconds
[2025-03-09T16:00:39.761+0000] {processor.py:186} INFO - Started process (PID=9504) to work on /home/airflow/.local/lib/python3.12/site-packages/airflow/example_dags/example_dynamic_task_mapping.py
[2025-03-09T16:00:39.762+0000] {processor.py:914} INFO - Processing file /home/airflow/.local/lib/python3.12/site-packages/airflow/example_dags/example_dynamic_task_mapping.py for tasks to queue
[2025-03-09T16:00:39.763+0000] {logging_mixin.py:190} INFO - [2025-03-09T16:00:39.763+0000] {dagbag.py:588} INFO - Filling up the DagBag from /home/airflow/.local/lib/python3.12/site-packages/airflow/example_dags/example_dynamic_task_mapping.py
[2025-03-09T16:00:39.769+0000] {processor.py:925} INFO - DAG(s) 'example_dynamic_task_mapping' retrieved from /home/airflow/.local/lib/python3.12/site-packages/airflow/example_dags/example_dynamic_task_mapping.py
[2025-03-09T16:00:39.783+0000] {logging_mixin.py:190} INFO - [2025-03-09T16:00:39.783+0000] {dag.py:3239} INFO - Sync 1 DAGs
[2025-03-09T16:00:39.792+0000] {logging_mixin.py:190} INFO - [2025-03-09T16:00:39.792+0000] {dag.py:4180} INFO - Setting next_dagrun for example_dynamic_task_mapping to None, run_after=None
[2025-03-09T16:00:39.807+0000] {processor.py:208} INFO - Processing /home/airflow/.local/lib/python3.12/site-packages/airflow/example_dags/example_dynamic_task_mapping.py took 0.051 seconds
[2025-03-09T16:01:10.338+0000] {processor.py:186} INFO - Started process (PID=9830) to work on /home/airflow/.local/lib/python3.12/site-packages/airflow/example_dags/example_dynamic_task_mapping.py
[2025-03-09T16:01:10.339+0000] {processor.py:914} INFO - Processing file /home/airflow/.local/lib/python3.12/site-packages/airflow/example_dags/example_dynamic_task_mapping.py for tasks to queue
[2025-03-09T16:01:10.341+0000] {logging_mixin.py:190} INFO - [2025-03-09T16:01:10.340+0000] {dagbag.py:588} INFO - Filling up the DagBag from /home/airflow/.local/lib/python3.12/site-packages/airflow/example_dags/example_dynamic_task_mapping.py
[2025-03-09T16:01:10.346+0000] {processor.py:925} INFO - DAG(s) 'example_dynamic_task_mapping' retrieved from /home/airflow/.local/lib/python3.12/site-packages/airflow/example_dags/example_dynamic_task_mapping.py
[2025-03-09T16:01:10.360+0000] {logging_mixin.py:190} INFO - [2025-03-09T16:01:10.360+0000] {dag.py:3239} INFO - Sync 1 DAGs
[2025-03-09T16:01:10.369+0000] {logging_mixin.py:190} INFO - [2025-03-09T16:01:10.369+0000] {dag.py:4180} INFO - Setting next_dagrun for example_dynamic_task_mapping to None, run_after=None
[2025-03-09T16:01:10.385+0000] {processor.py:208} INFO - Processing /home/airflow/.local/lib/python3.12/site-packages/airflow/example_dags/example_dynamic_task_mapping.py took 0.050 seconds
[2025-03-09T16:01:40.956+0000] {processor.py:186} INFO - Started process (PID=10156) to work on /home/airflow/.local/lib/python3.12/site-packages/airflow/example_dags/example_dynamic_task_mapping.py
[2025-03-09T16:01:40.956+0000] {processor.py:914} INFO - Processing file /home/airflow/.local/lib/python3.12/site-packages/airflow/example_dags/example_dynamic_task_mapping.py for tasks to queue
[2025-03-09T16:01:40.958+0000] {logging_mixin.py:190} INFO - [2025-03-09T16:01:40.958+0000] {dagbag.py:588} INFO - Filling up the DagBag from /home/airflow/.local/lib/python3.12/site-packages/airflow/example_dags/example_dynamic_task_mapping.py
[2025-03-09T16:01:40.962+0000] {processor.py:925} INFO - DAG(s) 'example_dynamic_task_mapping' retrieved from /home/airflow/.local/lib/python3.12/site-packages/airflow/example_dags/example_dynamic_task_mapping.py
[2025-03-09T16:01:40.977+0000] {logging_mixin.py:190} INFO - [2025-03-09T16:01:40.977+0000] {dag.py:3239} INFO - Sync 1 DAGs
[2025-03-09T16:01:40.989+0000] {logging_mixin.py:190} INFO - [2025-03-09T16:01:40.989+0000] {dag.py:4180} INFO - Setting next_dagrun for example_dynamic_task_mapping to None, run_after=None
[2025-03-09T16:01:41.008+0000] {processor.py:208} INFO - Processing /home/airflow/.local/lib/python3.12/site-packages/airflow/example_dags/example_dynamic_task_mapping.py took 0.056 seconds
[2025-03-09T16:02:11.433+0000] {processor.py:186} INFO - Started process (PID=10482) to work on /home/airflow/.local/lib/python3.12/site-packages/airflow/example_dags/example_dynamic_task_mapping.py
[2025-03-09T16:02:11.434+0000] {processor.py:914} INFO - Processing file /home/airflow/.local/lib/python3.12/site-packages/airflow/example_dags/example_dynamic_task_mapping.py for tasks to queue
[2025-03-09T16:02:11.435+0000] {logging_mixin.py:190} INFO - [2025-03-09T16:02:11.435+0000] {dagbag.py:588} INFO - Filling up the DagBag from /home/airflow/.local/lib/python3.12/site-packages/airflow/example_dags/example_dynamic_task_mapping.py
[2025-03-09T16:02:11.439+0000] {processor.py:925} INFO - DAG(s) 'example_dynamic_task_mapping' retrieved from /home/airflow/.local/lib/python3.12/site-packages/airflow/example_dags/example_dynamic_task_mapping.py
[2025-03-09T16:02:11.454+0000] {logging_mixin.py:190} INFO - [2025-03-09T16:02:11.454+0000] {dag.py:3239} INFO - Sync 1 DAGs
[2025-03-09T16:02:11.463+0000] {logging_mixin.py:190} INFO - [2025-03-09T16:02:11.463+0000] {dag.py:4180} INFO - Setting next_dagrun for example_dynamic_task_mapping to None, run_after=None
[2025-03-09T16:02:11.480+0000] {processor.py:208} INFO - Processing /home/airflow/.local/lib/python3.12/site-packages/airflow/example_dags/example_dynamic_task_mapping.py took 0.050 seconds
[2025-03-09T16:02:42.171+0000] {processor.py:186} INFO - Started process (PID=10808) to work on /home/airflow/.local/lib/python3.12/site-packages/airflow/example_dags/example_dynamic_task_mapping.py
[2025-03-09T16:02:42.171+0000] {processor.py:914} INFO - Processing file /home/airflow/.local/lib/python3.12/site-packages/airflow/example_dags/example_dynamic_task_mapping.py for tasks to queue
[2025-03-09T16:02:42.172+0000] {logging_mixin.py:190} INFO - [2025-03-09T16:02:42.172+0000] {dagbag.py:588} INFO - Filling up the DagBag from /home/airflow/.local/lib/python3.12/site-packages/airflow/example_dags/example_dynamic_task_mapping.py
[2025-03-09T16:02:42.177+0000] {processor.py:925} INFO - DAG(s) 'example_dynamic_task_mapping' retrieved from /home/airflow/.local/lib/python3.12/site-packages/airflow/example_dags/example_dynamic_task_mapping.py
[2025-03-09T16:02:42.192+0000] {logging_mixin.py:190} INFO - [2025-03-09T16:02:42.192+0000] {dag.py:3239} INFO - Sync 1 DAGs
[2025-03-09T16:02:42.202+0000] {logging_mixin.py:190} INFO - [2025-03-09T16:02:42.202+0000] {dag.py:4180} INFO - Setting next_dagrun for example_dynamic_task_mapping to None, run_after=None
[2025-03-09T16:02:42.216+0000] {processor.py:208} INFO - Processing /home/airflow/.local/lib/python3.12/site-packages/airflow/example_dags/example_dynamic_task_mapping.py took 0.050 seconds
[2025-03-09T16:03:13.082+0000] {processor.py:186} INFO - Started process (PID=11136) to work on /home/airflow/.local/lib/python3.12/site-packages/airflow/example_dags/example_dynamic_task_mapping.py
[2025-03-09T16:03:13.083+0000] {processor.py:914} INFO - Processing file /home/airflow/.local/lib/python3.12/site-packages/airflow/example_dags/example_dynamic_task_mapping.py for tasks to queue
[2025-03-09T16:03:13.084+0000] {logging_mixin.py:190} INFO - [2025-03-09T16:03:13.083+0000] {dagbag.py:588} INFO - Filling up the DagBag from /home/airflow/.local/lib/python3.12/site-packages/airflow/example_dags/example_dynamic_task_mapping.py
[2025-03-09T16:03:13.090+0000] {processor.py:925} INFO - DAG(s) 'example_dynamic_task_mapping' retrieved from /home/airflow/.local/lib/python3.12/site-packages/airflow/example_dags/example_dynamic_task_mapping.py
[2025-03-09T16:03:13.104+0000] {logging_mixin.py:190} INFO - [2025-03-09T16:03:13.104+0000] {dag.py:3239} INFO - Sync 1 DAGs
[2025-03-09T16:03:13.113+0000] {logging_mixin.py:190} INFO - [2025-03-09T16:03:13.113+0000] {dag.py:4180} INFO - Setting next_dagrun for example_dynamic_task_mapping to None, run_after=None
[2025-03-09T16:03:13.126+0000] {processor.py:208} INFO - Processing /home/airflow/.local/lib/python3.12/site-packages/airflow/example_dags/example_dynamic_task_mapping.py took 0.048 seconds
[2025-03-09T16:03:43.667+0000] {processor.py:186} INFO - Started process (PID=11460) to work on /home/airflow/.local/lib/python3.12/site-packages/airflow/example_dags/example_dynamic_task_mapping.py
[2025-03-09T16:03:43.668+0000] {processor.py:914} INFO - Processing file /home/airflow/.local/lib/python3.12/site-packages/airflow/example_dags/example_dynamic_task_mapping.py for tasks to queue
[2025-03-09T16:03:43.670+0000] {logging_mixin.py:190} INFO - [2025-03-09T16:03:43.669+0000] {dagbag.py:588} INFO - Filling up the DagBag from /home/airflow/.local/lib/python3.12/site-packages/airflow/example_dags/example_dynamic_task_mapping.py
[2025-03-09T16:03:43.675+0000] {processor.py:925} INFO - DAG(s) 'example_dynamic_task_mapping' retrieved from /home/airflow/.local/lib/python3.12/site-packages/airflow/example_dags/example_dynamic_task_mapping.py
[2025-03-09T16:03:43.690+0000] {logging_mixin.py:190} INFO - [2025-03-09T16:03:43.690+0000] {dag.py:3239} INFO - Sync 1 DAGs
[2025-03-09T16:03:43.698+0000] {logging_mixin.py:190} INFO - [2025-03-09T16:03:43.698+0000] {dag.py:4180} INFO - Setting next_dagrun for example_dynamic_task_mapping to None, run_after=None
[2025-03-09T16:03:43.710+0000] {processor.py:208} INFO - Processing /home/airflow/.local/lib/python3.12/site-packages/airflow/example_dags/example_dynamic_task_mapping.py took 0.048 seconds
[2025-03-09T16:04:14.709+0000] {processor.py:186} INFO - Started process (PID=11788) to work on /home/airflow/.local/lib/python3.12/site-packages/airflow/example_dags/example_dynamic_task_mapping.py
[2025-03-09T16:04:14.710+0000] {processor.py:914} INFO - Processing file /home/airflow/.local/lib/python3.12/site-packages/airflow/example_dags/example_dynamic_task_mapping.py for tasks to queue
[2025-03-09T16:04:14.711+0000] {logging_mixin.py:190} INFO - [2025-03-09T16:04:14.711+0000] {dagbag.py:588} INFO - Filling up the DagBag from /home/airflow/.local/lib/python3.12/site-packages/airflow/example_dags/example_dynamic_task_mapping.py
[2025-03-09T16:04:14.716+0000] {processor.py:925} INFO - DAG(s) 'example_dynamic_task_mapping' retrieved from /home/airflow/.local/lib/python3.12/site-packages/airflow/example_dags/example_dynamic_task_mapping.py
[2025-03-09T16:04:14.735+0000] {logging_mixin.py:190} INFO - [2025-03-09T16:04:14.734+0000] {dag.py:3239} INFO - Sync 1 DAGs
[2025-03-09T16:04:14.745+0000] {logging_mixin.py:190} INFO - [2025-03-09T16:04:14.745+0000] {dag.py:4180} INFO - Setting next_dagrun for example_dynamic_task_mapping to None, run_after=None
[2025-03-09T16:04:14.757+0000] {processor.py:208} INFO - Processing /home/airflow/.local/lib/python3.12/site-packages/airflow/example_dags/example_dynamic_task_mapping.py took 0.054 seconds
[2025-03-09T16:04:45.553+0000] {processor.py:186} INFO - Started process (PID=12112) to work on /home/airflow/.local/lib/python3.12/site-packages/airflow/example_dags/example_dynamic_task_mapping.py
[2025-03-09T16:04:45.553+0000] {processor.py:914} INFO - Processing file /home/airflow/.local/lib/python3.12/site-packages/airflow/example_dags/example_dynamic_task_mapping.py for tasks to queue
[2025-03-09T16:04:45.555+0000] {logging_mixin.py:190} INFO - [2025-03-09T16:04:45.554+0000] {dagbag.py:588} INFO - Filling up the DagBag from /home/airflow/.local/lib/python3.12/site-packages/airflow/example_dags/example_dynamic_task_mapping.py
[2025-03-09T16:04:45.559+0000] {processor.py:925} INFO - DAG(s) 'example_dynamic_task_mapping' retrieved from /home/airflow/.local/lib/python3.12/site-packages/airflow/example_dags/example_dynamic_task_mapping.py
[2025-03-09T16:04:45.574+0000] {logging_mixin.py:190} INFO - [2025-03-09T16:04:45.574+0000] {dag.py:3239} INFO - Sync 1 DAGs
[2025-03-09T16:04:45.583+0000] {logging_mixin.py:190} INFO - [2025-03-09T16:04:45.583+0000] {dag.py:4180} INFO - Setting next_dagrun for example_dynamic_task_mapping to None, run_after=None
[2025-03-09T16:04:45.598+0000] {processor.py:208} INFO - Processing /home/airflow/.local/lib/python3.12/site-packages/airflow/example_dags/example_dynamic_task_mapping.py took 0.049 seconds
[2025-03-09T16:05:16.233+0000] {processor.py:186} INFO - Started process (PID=12438) to work on /home/airflow/.local/lib/python3.12/site-packages/airflow/example_dags/example_dynamic_task_mapping.py
[2025-03-09T16:05:16.234+0000] {processor.py:914} INFO - Processing file /home/airflow/.local/lib/python3.12/site-packages/airflow/example_dags/example_dynamic_task_mapping.py for tasks to queue
[2025-03-09T16:05:16.236+0000] {logging_mixin.py:190} INFO - [2025-03-09T16:05:16.236+0000] {dagbag.py:588} INFO - Filling up the DagBag from /home/airflow/.local/lib/python3.12/site-packages/airflow/example_dags/example_dynamic_task_mapping.py
[2025-03-09T16:05:16.241+0000] {processor.py:925} INFO - DAG(s) 'example_dynamic_task_mapping' retrieved from /home/airflow/.local/lib/python3.12/site-packages/airflow/example_dags/example_dynamic_task_mapping.py
[2025-03-09T16:05:16.256+0000] {logging_mixin.py:190} INFO - [2025-03-09T16:05:16.256+0000] {dag.py:3239} INFO - Sync 1 DAGs
[2025-03-09T16:05:16.265+0000] {logging_mixin.py:190} INFO - [2025-03-09T16:05:16.265+0000] {dag.py:4180} INFO - Setting next_dagrun for example_dynamic_task_mapping to None, run_after=None
[2025-03-09T16:05:16.277+0000] {processor.py:208} INFO - Processing /home/airflow/.local/lib/python3.12/site-packages/airflow/example_dags/example_dynamic_task_mapping.py took 0.049 seconds
[2025-03-09T16:05:46.935+0000] {processor.py:186} INFO - Started process (PID=12764) to work on /home/airflow/.local/lib/python3.12/site-packages/airflow/example_dags/example_dynamic_task_mapping.py
[2025-03-09T16:05:46.935+0000] {processor.py:914} INFO - Processing file /home/airflow/.local/lib/python3.12/site-packages/airflow/example_dags/example_dynamic_task_mapping.py for tasks to queue
[2025-03-09T16:05:46.937+0000] {logging_mixin.py:190} INFO - [2025-03-09T16:05:46.937+0000] {dagbag.py:588} INFO - Filling up the DagBag from /home/airflow/.local/lib/python3.12/site-packages/airflow/example_dags/example_dynamic_task_mapping.py
[2025-03-09T16:05:46.942+0000] {processor.py:925} INFO - DAG(s) 'example_dynamic_task_mapping' retrieved from /home/airflow/.local/lib/python3.12/site-packages/airflow/example_dags/example_dynamic_task_mapping.py
[2025-03-09T16:05:46.958+0000] {logging_mixin.py:190} INFO - [2025-03-09T16:05:46.958+0000] {dag.py:3239} INFO - Sync 1 DAGs
[2025-03-09T16:05:46.967+0000] {logging_mixin.py:190} INFO - [2025-03-09T16:05:46.967+0000] {dag.py:4180} INFO - Setting next_dagrun for example_dynamic_task_mapping to None, run_after=None
[2025-03-09T16:05:46.978+0000] {processor.py:208} INFO - Processing /home/airflow/.local/lib/python3.12/site-packages/airflow/example_dags/example_dynamic_task_mapping.py took 0.047 seconds
[2025-03-09T16:06:17.558+0000] {processor.py:186} INFO - Started process (PID=13090) to work on /home/airflow/.local/lib/python3.12/site-packages/airflow/example_dags/example_dynamic_task_mapping.py
[2025-03-09T16:06:17.559+0000] {processor.py:914} INFO - Processing file /home/airflow/.local/lib/python3.12/site-packages/airflow/example_dags/example_dynamic_task_mapping.py for tasks to queue
[2025-03-09T16:06:17.560+0000] {logging_mixin.py:190} INFO - [2025-03-09T16:06:17.560+0000] {dagbag.py:588} INFO - Filling up the DagBag from /home/airflow/.local/lib/python3.12/site-packages/airflow/example_dags/example_dynamic_task_mapping.py
[2025-03-09T16:06:17.565+0000] {processor.py:925} INFO - DAG(s) 'example_dynamic_task_mapping' retrieved from /home/airflow/.local/lib/python3.12/site-packages/airflow/example_dags/example_dynamic_task_mapping.py
[2025-03-09T16:06:17.578+0000] {logging_mixin.py:190} INFO - [2025-03-09T16:06:17.577+0000] {dag.py:3239} INFO - Sync 1 DAGs
[2025-03-09T16:06:17.586+0000] {logging_mixin.py:190} INFO - [2025-03-09T16:06:17.586+0000] {dag.py:4180} INFO - Setting next_dagrun for example_dynamic_task_mapping to None, run_after=None
[2025-03-09T16:06:17.599+0000] {processor.py:208} INFO - Processing /home/airflow/.local/lib/python3.12/site-packages/airflow/example_dags/example_dynamic_task_mapping.py took 0.045 seconds
[2025-03-09T16:06:48.061+0000] {processor.py:186} INFO - Started process (PID=13422) to work on /home/airflow/.local/lib/python3.12/site-packages/airflow/example_dags/example_dynamic_task_mapping.py
[2025-03-09T16:06:48.061+0000] {processor.py:914} INFO - Processing file /home/airflow/.local/lib/python3.12/site-packages/airflow/example_dags/example_dynamic_task_mapping.py for tasks to queue
[2025-03-09T16:06:48.062+0000] {logging_mixin.py:190} INFO - [2025-03-09T16:06:48.062+0000] {dagbag.py:588} INFO - Filling up the DagBag from /home/airflow/.local/lib/python3.12/site-packages/airflow/example_dags/example_dynamic_task_mapping.py
[2025-03-09T16:06:48.067+0000] {processor.py:925} INFO - DAG(s) 'example_dynamic_task_mapping' retrieved from /home/airflow/.local/lib/python3.12/site-packages/airflow/example_dags/example_dynamic_task_mapping.py
[2025-03-09T16:06:48.081+0000] {logging_mixin.py:190} INFO - [2025-03-09T16:06:48.081+0000] {dag.py:3239} INFO - Sync 1 DAGs
[2025-03-09T16:06:48.090+0000] {logging_mixin.py:190} INFO - [2025-03-09T16:06:48.090+0000] {dag.py:4180} INFO - Setting next_dagrun for example_dynamic_task_mapping to None, run_after=None
[2025-03-09T16:06:48.102+0000] {processor.py:208} INFO - Processing /home/airflow/.local/lib/python3.12/site-packages/airflow/example_dags/example_dynamic_task_mapping.py took 0.045 seconds
[2025-03-09T16:07:18.742+0000] {processor.py:186} INFO - Started process (PID=13748) to work on /home/airflow/.local/lib/python3.12/site-packages/airflow/example_dags/example_dynamic_task_mapping.py
[2025-03-09T16:07:18.742+0000] {processor.py:914} INFO - Processing file /home/airflow/.local/lib/python3.12/site-packages/airflow/example_dags/example_dynamic_task_mapping.py for tasks to queue
[2025-03-09T16:07:18.744+0000] {logging_mixin.py:190} INFO - [2025-03-09T16:07:18.743+0000] {dagbag.py:588} INFO - Filling up the DagBag from /home/airflow/.local/lib/python3.12/site-packages/airflow/example_dags/example_dynamic_task_mapping.py
[2025-03-09T16:07:18.749+0000] {processor.py:925} INFO - DAG(s) 'example_dynamic_task_mapping' retrieved from /home/airflow/.local/lib/python3.12/site-packages/airflow/example_dags/example_dynamic_task_mapping.py
[2025-03-09T16:07:18.763+0000] {logging_mixin.py:190} INFO - [2025-03-09T16:07:18.763+0000] {dag.py:3239} INFO - Sync 1 DAGs
[2025-03-09T16:07:18.772+0000] {logging_mixin.py:190} INFO - [2025-03-09T16:07:18.772+0000] {dag.py:4180} INFO - Setting next_dagrun for example_dynamic_task_mapping to None, run_after=None
[2025-03-09T16:07:18.785+0000] {processor.py:208} INFO - Processing /home/airflow/.local/lib/python3.12/site-packages/airflow/example_dags/example_dynamic_task_mapping.py took 0.047 seconds
[2025-03-09T16:07:49.325+0000] {processor.py:186} INFO - Started process (PID=14075) to work on /home/airflow/.local/lib/python3.12/site-packages/airflow/example_dags/example_dynamic_task_mapping.py
[2025-03-09T16:07:49.326+0000] {processor.py:914} INFO - Processing file /home/airflow/.local/lib/python3.12/site-packages/airflow/example_dags/example_dynamic_task_mapping.py for tasks to queue
[2025-03-09T16:07:49.327+0000] {logging_mixin.py:190} INFO - [2025-03-09T16:07:49.327+0000] {dagbag.py:588} INFO - Filling up the DagBag from /home/airflow/.local/lib/python3.12/site-packages/airflow/example_dags/example_dynamic_task_mapping.py
[2025-03-09T16:07:49.332+0000] {processor.py:925} INFO - DAG(s) 'example_dynamic_task_mapping' retrieved from /home/airflow/.local/lib/python3.12/site-packages/airflow/example_dags/example_dynamic_task_mapping.py
[2025-03-09T16:07:49.349+0000] {logging_mixin.py:190} INFO - [2025-03-09T16:07:49.348+0000] {dag.py:3239} INFO - Sync 1 DAGs
[2025-03-09T16:07:49.360+0000] {logging_mixin.py:190} INFO - [2025-03-09T16:07:49.359+0000] {dag.py:4180} INFO - Setting next_dagrun for example_dynamic_task_mapping to None, run_after=None
[2025-03-09T16:07:49.373+0000] {processor.py:208} INFO - Processing /home/airflow/.local/lib/python3.12/site-packages/airflow/example_dags/example_dynamic_task_mapping.py took 0.052 seconds
[2025-03-09T16:08:20.388+0000] {processor.py:186} INFO - Started process (PID=14401) to work on /home/airflow/.local/lib/python3.12/site-packages/airflow/example_dags/example_dynamic_task_mapping.py
[2025-03-09T16:08:20.389+0000] {processor.py:914} INFO - Processing file /home/airflow/.local/lib/python3.12/site-packages/airflow/example_dags/example_dynamic_task_mapping.py for tasks to queue
[2025-03-09T16:08:20.390+0000] {logging_mixin.py:190} INFO - [2025-03-09T16:08:20.390+0000] {dagbag.py:588} INFO - Filling up the DagBag from /home/airflow/.local/lib/python3.12/site-packages/airflow/example_dags/example_dynamic_task_mapping.py
[2025-03-09T16:08:20.395+0000] {processor.py:925} INFO - DAG(s) 'example_dynamic_task_mapping' retrieved from /home/airflow/.local/lib/python3.12/site-packages/airflow/example_dags/example_dynamic_task_mapping.py
[2025-03-09T16:08:20.410+0000] {logging_mixin.py:190} INFO - [2025-03-09T16:08:20.410+0000] {dag.py:3239} INFO - Sync 1 DAGs
[2025-03-09T16:08:20.420+0000] {logging_mixin.py:190} INFO - [2025-03-09T16:08:20.420+0000] {dag.py:4180} INFO - Setting next_dagrun for example_dynamic_task_mapping to None, run_after=None
[2025-03-09T16:08:20.433+0000] {processor.py:208} INFO - Processing /home/airflow/.local/lib/python3.12/site-packages/airflow/example_dags/example_dynamic_task_mapping.py took 0.048 seconds
[2025-03-09T16:08:51.149+0000] {processor.py:186} INFO - Started process (PID=14727) to work on /home/airflow/.local/lib/python3.12/site-packages/airflow/example_dags/example_dynamic_task_mapping.py
[2025-03-09T16:08:51.150+0000] {processor.py:914} INFO - Processing file /home/airflow/.local/lib/python3.12/site-packages/airflow/example_dags/example_dynamic_task_mapping.py for tasks to queue
[2025-03-09T16:08:51.151+0000] {logging_mixin.py:190} INFO - [2025-03-09T16:08:51.150+0000] {dagbag.py:588} INFO - Filling up the DagBag from /home/airflow/.local/lib/python3.12/site-packages/airflow/example_dags/example_dynamic_task_mapping.py
[2025-03-09T16:08:51.155+0000] {processor.py:925} INFO - DAG(s) 'example_dynamic_task_mapping' retrieved from /home/airflow/.local/lib/python3.12/site-packages/airflow/example_dags/example_dynamic_task_mapping.py
[2025-03-09T16:08:51.171+0000] {logging_mixin.py:190} INFO - [2025-03-09T16:08:51.171+0000] {dag.py:3239} INFO - Sync 1 DAGs
[2025-03-09T16:08:51.179+0000] {logging_mixin.py:190} INFO - [2025-03-09T16:08:51.178+0000] {dag.py:4180} INFO - Setting next_dagrun for example_dynamic_task_mapping to None, run_after=None
[2025-03-09T16:08:51.190+0000] {processor.py:208} INFO - Processing /home/airflow/.local/lib/python3.12/site-packages/airflow/example_dags/example_dynamic_task_mapping.py took 0.044 seconds
[2025-03-09T16:09:21.287+0000] {processor.py:186} INFO - Started process (PID=15053) to work on /home/airflow/.local/lib/python3.12/site-packages/airflow/example_dags/example_dynamic_task_mapping.py
[2025-03-09T16:09:21.287+0000] {processor.py:914} INFO - Processing file /home/airflow/.local/lib/python3.12/site-packages/airflow/example_dags/example_dynamic_task_mapping.py for tasks to queue
[2025-03-09T16:09:21.288+0000] {logging_mixin.py:190} INFO - [2025-03-09T16:09:21.288+0000] {dagbag.py:588} INFO - Filling up the DagBag from /home/airflow/.local/lib/python3.12/site-packages/airflow/example_dags/example_dynamic_task_mapping.py
[2025-03-09T16:09:21.294+0000] {processor.py:925} INFO - DAG(s) 'example_dynamic_task_mapping' retrieved from /home/airflow/.local/lib/python3.12/site-packages/airflow/example_dags/example_dynamic_task_mapping.py
[2025-03-09T16:09:21.306+0000] {logging_mixin.py:190} INFO - [2025-03-09T16:09:21.306+0000] {dag.py:3239} INFO - Sync 1 DAGs
[2025-03-09T16:09:21.314+0000] {logging_mixin.py:190} INFO - [2025-03-09T16:09:21.314+0000] {dag.py:4180} INFO - Setting next_dagrun for example_dynamic_task_mapping to None, run_after=None
[2025-03-09T16:09:21.326+0000] {processor.py:208} INFO - Processing /home/airflow/.local/lib/python3.12/site-packages/airflow/example_dags/example_dynamic_task_mapping.py took 0.045 seconds
[2025-03-09T16:09:52.119+0000] {processor.py:186} INFO - Started process (PID=15379) to work on /home/airflow/.local/lib/python3.12/site-packages/airflow/example_dags/example_dynamic_task_mapping.py
[2025-03-09T16:09:52.120+0000] {processor.py:914} INFO - Processing file /home/airflow/.local/lib/python3.12/site-packages/airflow/example_dags/example_dynamic_task_mapping.py for tasks to queue
[2025-03-09T16:09:52.121+0000] {logging_mixin.py:190} INFO - [2025-03-09T16:09:52.121+0000] {dagbag.py:588} INFO - Filling up the DagBag from /home/airflow/.local/lib/python3.12/site-packages/airflow/example_dags/example_dynamic_task_mapping.py
[2025-03-09T16:09:52.128+0000] {processor.py:925} INFO - DAG(s) 'example_dynamic_task_mapping' retrieved from /home/airflow/.local/lib/python3.12/site-packages/airflow/example_dags/example_dynamic_task_mapping.py
[2025-03-09T16:09:52.142+0000] {logging_mixin.py:190} INFO - [2025-03-09T16:09:52.141+0000] {dag.py:3239} INFO - Sync 1 DAGs
[2025-03-09T16:09:52.151+0000] {logging_mixin.py:190} INFO - [2025-03-09T16:09:52.151+0000] {dag.py:4180} INFO - Setting next_dagrun for example_dynamic_task_mapping to None, run_after=None
[2025-03-09T16:09:52.162+0000] {processor.py:208} INFO - Processing /home/airflow/.local/lib/python3.12/site-packages/airflow/example_dags/example_dynamic_task_mapping.py took 0.049 seconds
[2025-03-09T16:10:22.660+0000] {processor.py:186} INFO - Started process (PID=15702) to work on /home/airflow/.local/lib/python3.12/site-packages/airflow/example_dags/example_dynamic_task_mapping.py
[2025-03-09T16:10:22.661+0000] {processor.py:914} INFO - Processing file /home/airflow/.local/lib/python3.12/site-packages/airflow/example_dags/example_dynamic_task_mapping.py for tasks to queue
[2025-03-09T16:10:22.662+0000] {logging_mixin.py:190} INFO - [2025-03-09T16:10:22.662+0000] {dagbag.py:588} INFO - Filling up the DagBag from /home/airflow/.local/lib/python3.12/site-packages/airflow/example_dags/example_dynamic_task_mapping.py
[2025-03-09T16:10:22.670+0000] {processor.py:925} INFO - DAG(s) 'example_dynamic_task_mapping' retrieved from /home/airflow/.local/lib/python3.12/site-packages/airflow/example_dags/example_dynamic_task_mapping.py
[2025-03-09T16:10:22.689+0000] {logging_mixin.py:190} INFO - [2025-03-09T16:10:22.689+0000] {dag.py:3239} INFO - Sync 1 DAGs
[2025-03-09T16:10:22.697+0000] {logging_mixin.py:190} INFO - [2025-03-09T16:10:22.697+0000] {dag.py:4180} INFO - Setting next_dagrun for example_dynamic_task_mapping to None, run_after=None
[2025-03-09T16:10:22.710+0000] {processor.py:208} INFO - Processing /home/airflow/.local/lib/python3.12/site-packages/airflow/example_dags/example_dynamic_task_mapping.py took 0.054 seconds
[2025-03-09T16:10:53.122+0000] {processor.py:186} INFO - Started process (PID=16026) to work on /home/airflow/.local/lib/python3.12/site-packages/airflow/example_dags/example_dynamic_task_mapping.py
[2025-03-09T16:10:53.123+0000] {processor.py:914} INFO - Processing file /home/airflow/.local/lib/python3.12/site-packages/airflow/example_dags/example_dynamic_task_mapping.py for tasks to queue
[2025-03-09T16:10:53.125+0000] {logging_mixin.py:190} INFO - [2025-03-09T16:10:53.124+0000] {dagbag.py:588} INFO - Filling up the DagBag from /home/airflow/.local/lib/python3.12/site-packages/airflow/example_dags/example_dynamic_task_mapping.py
[2025-03-09T16:10:53.131+0000] {processor.py:925} INFO - DAG(s) 'example_dynamic_task_mapping' retrieved from /home/airflow/.local/lib/python3.12/site-packages/airflow/example_dags/example_dynamic_task_mapping.py
[2025-03-09T16:10:53.149+0000] {logging_mixin.py:190} INFO - [2025-03-09T16:10:53.148+0000] {dag.py:3239} INFO - Sync 1 DAGs
[2025-03-09T16:10:53.159+0000] {logging_mixin.py:190} INFO - [2025-03-09T16:10:53.158+0000] {dag.py:4180} INFO - Setting next_dagrun for example_dynamic_task_mapping to None, run_after=None
[2025-03-09T16:10:53.170+0000] {processor.py:208} INFO - Processing /home/airflow/.local/lib/python3.12/site-packages/airflow/example_dags/example_dynamic_task_mapping.py took 0.053 seconds
[2025-03-09T16:11:23.765+0000] {processor.py:186} INFO - Started process (PID=16352) to work on /home/airflow/.local/lib/python3.12/site-packages/airflow/example_dags/example_dynamic_task_mapping.py
[2025-03-09T16:11:23.765+0000] {processor.py:914} INFO - Processing file /home/airflow/.local/lib/python3.12/site-packages/airflow/example_dags/example_dynamic_task_mapping.py for tasks to queue
[2025-03-09T16:11:23.767+0000] {logging_mixin.py:190} INFO - [2025-03-09T16:11:23.766+0000] {dagbag.py:588} INFO - Filling up the DagBag from /home/airflow/.local/lib/python3.12/site-packages/airflow/example_dags/example_dynamic_task_mapping.py
[2025-03-09T16:11:23.771+0000] {processor.py:925} INFO - DAG(s) 'example_dynamic_task_mapping' retrieved from /home/airflow/.local/lib/python3.12/site-packages/airflow/example_dags/example_dynamic_task_mapping.py
[2025-03-09T16:11:23.787+0000] {logging_mixin.py:190} INFO - [2025-03-09T16:11:23.787+0000] {dag.py:3239} INFO - Sync 1 DAGs
[2025-03-09T16:11:23.798+0000] {logging_mixin.py:190} INFO - [2025-03-09T16:11:23.797+0000] {dag.py:4180} INFO - Setting next_dagrun for example_dynamic_task_mapping to None, run_after=None
[2025-03-09T16:11:23.809+0000] {processor.py:208} INFO - Processing /home/airflow/.local/lib/python3.12/site-packages/airflow/example_dags/example_dynamic_task_mapping.py took 0.049 seconds
[2025-03-09T16:11:54.348+0000] {processor.py:186} INFO - Started process (PID=16680) to work on /home/airflow/.local/lib/python3.12/site-packages/airflow/example_dags/example_dynamic_task_mapping.py
[2025-03-09T16:11:54.348+0000] {processor.py:914} INFO - Processing file /home/airflow/.local/lib/python3.12/site-packages/airflow/example_dags/example_dynamic_task_mapping.py for tasks to queue
[2025-03-09T16:11:54.350+0000] {logging_mixin.py:190} INFO - [2025-03-09T16:11:54.349+0000] {dagbag.py:588} INFO - Filling up the DagBag from /home/airflow/.local/lib/python3.12/site-packages/airflow/example_dags/example_dynamic_task_mapping.py
[2025-03-09T16:11:54.354+0000] {processor.py:925} INFO - DAG(s) 'example_dynamic_task_mapping' retrieved from /home/airflow/.local/lib/python3.12/site-packages/airflow/example_dags/example_dynamic_task_mapping.py
[2025-03-09T16:11:54.367+0000] {logging_mixin.py:190} INFO - [2025-03-09T16:11:54.367+0000] {dag.py:3239} INFO - Sync 1 DAGs
[2025-03-09T16:11:54.379+0000] {logging_mixin.py:190} INFO - [2025-03-09T16:11:54.379+0000] {dag.py:4180} INFO - Setting next_dagrun for example_dynamic_task_mapping to None, run_after=None
[2025-03-09T16:11:54.393+0000] {processor.py:208} INFO - Processing /home/airflow/.local/lib/python3.12/site-packages/airflow/example_dags/example_dynamic_task_mapping.py took 0.049 seconds
[2025-03-09T16:12:25.322+0000] {processor.py:186} INFO - Started process (PID=17006) to work on /home/airflow/.local/lib/python3.12/site-packages/airflow/example_dags/example_dynamic_task_mapping.py
[2025-03-09T16:12:25.322+0000] {processor.py:914} INFO - Processing file /home/airflow/.local/lib/python3.12/site-packages/airflow/example_dags/example_dynamic_task_mapping.py for tasks to queue
[2025-03-09T16:12:25.323+0000] {logging_mixin.py:190} INFO - [2025-03-09T16:12:25.323+0000] {dagbag.py:588} INFO - Filling up the DagBag from /home/airflow/.local/lib/python3.12/site-packages/airflow/example_dags/example_dynamic_task_mapping.py
[2025-03-09T16:12:25.328+0000] {processor.py:925} INFO - DAG(s) 'example_dynamic_task_mapping' retrieved from /home/airflow/.local/lib/python3.12/site-packages/airflow/example_dags/example_dynamic_task_mapping.py
[2025-03-09T16:12:25.344+0000] {logging_mixin.py:190} INFO - [2025-03-09T16:12:25.344+0000] {dag.py:3239} INFO - Sync 1 DAGs
[2025-03-09T16:12:25.355+0000] {logging_mixin.py:190} INFO - [2025-03-09T16:12:25.355+0000] {dag.py:4180} INFO - Setting next_dagrun for example_dynamic_task_mapping to None, run_after=None
[2025-03-09T16:12:25.372+0000] {processor.py:208} INFO - Processing /home/airflow/.local/lib/python3.12/site-packages/airflow/example_dags/example_dynamic_task_mapping.py took 0.055 seconds
[2025-03-09T16:12:55.811+0000] {processor.py:186} INFO - Started process (PID=17330) to work on /home/airflow/.local/lib/python3.12/site-packages/airflow/example_dags/example_dynamic_task_mapping.py
[2025-03-09T16:12:55.812+0000] {processor.py:914} INFO - Processing file /home/airflow/.local/lib/python3.12/site-packages/airflow/example_dags/example_dynamic_task_mapping.py for tasks to queue
[2025-03-09T16:12:55.813+0000] {logging_mixin.py:190} INFO - [2025-03-09T16:12:55.813+0000] {dagbag.py:588} INFO - Filling up the DagBag from /home/airflow/.local/lib/python3.12/site-packages/airflow/example_dags/example_dynamic_task_mapping.py
[2025-03-09T16:12:55.819+0000] {processor.py:925} INFO - DAG(s) 'example_dynamic_task_mapping' retrieved from /home/airflow/.local/lib/python3.12/site-packages/airflow/example_dags/example_dynamic_task_mapping.py
[2025-03-09T16:12:55.833+0000] {logging_mixin.py:190} INFO - [2025-03-09T16:12:55.833+0000] {dag.py:3239} INFO - Sync 1 DAGs
[2025-03-09T16:12:55.841+0000] {logging_mixin.py:190} INFO - [2025-03-09T16:12:55.841+0000] {dag.py:4180} INFO - Setting next_dagrun for example_dynamic_task_mapping to None, run_after=None
[2025-03-09T16:12:55.855+0000] {processor.py:208} INFO - Processing /home/airflow/.local/lib/python3.12/site-packages/airflow/example_dags/example_dynamic_task_mapping.py took 0.049 seconds
[2025-03-09T16:13:26.985+0000] {processor.py:186} INFO - Started process (PID=17663) to work on /home/airflow/.local/lib/python3.12/site-packages/airflow/example_dags/example_dynamic_task_mapping.py
[2025-03-09T16:13:26.986+0000] {processor.py:914} INFO - Processing file /home/airflow/.local/lib/python3.12/site-packages/airflow/example_dags/example_dynamic_task_mapping.py for tasks to queue
[2025-03-09T16:13:26.988+0000] {logging_mixin.py:190} INFO - [2025-03-09T16:13:26.987+0000] {dagbag.py:588} INFO - Filling up the DagBag from /home/airflow/.local/lib/python3.12/site-packages/airflow/example_dags/example_dynamic_task_mapping.py
[2025-03-09T16:13:26.994+0000] {processor.py:925} INFO - DAG(s) 'example_dynamic_task_mapping' retrieved from /home/airflow/.local/lib/python3.12/site-packages/airflow/example_dags/example_dynamic_task_mapping.py
[2025-03-09T16:13:27.007+0000] {logging_mixin.py:190} INFO - [2025-03-09T16:13:27.007+0000] {dag.py:3239} INFO - Sync 1 DAGs
[2025-03-09T16:13:27.016+0000] {logging_mixin.py:190} INFO - [2025-03-09T16:13:27.015+0000] {dag.py:4180} INFO - Setting next_dagrun for example_dynamic_task_mapping to None, run_after=None
[2025-03-09T16:13:27.033+0000] {processor.py:208} INFO - Processing /home/airflow/.local/lib/python3.12/site-packages/airflow/example_dags/example_dynamic_task_mapping.py took 0.052 seconds
[2025-03-09T16:13:58.066+0000] {processor.py:186} INFO - Started process (PID=17989) to work on /home/airflow/.local/lib/python3.12/site-packages/airflow/example_dags/example_dynamic_task_mapping.py
[2025-03-09T16:13:58.067+0000] {processor.py:914} INFO - Processing file /home/airflow/.local/lib/python3.12/site-packages/airflow/example_dags/example_dynamic_task_mapping.py for tasks to queue
[2025-03-09T16:13:58.068+0000] {logging_mixin.py:190} INFO - [2025-03-09T16:13:58.068+0000] {dagbag.py:588} INFO - Filling up the DagBag from /home/airflow/.local/lib/python3.12/site-packages/airflow/example_dags/example_dynamic_task_mapping.py
[2025-03-09T16:13:58.075+0000] {processor.py:925} INFO - DAG(s) 'example_dynamic_task_mapping' retrieved from /home/airflow/.local/lib/python3.12/site-packages/airflow/example_dags/example_dynamic_task_mapping.py
[2025-03-09T16:13:58.089+0000] {logging_mixin.py:190} INFO - [2025-03-09T16:13:58.088+0000] {dag.py:3239} INFO - Sync 1 DAGs
[2025-03-09T16:13:58.097+0000] {logging_mixin.py:190} INFO - [2025-03-09T16:13:58.097+0000] {dag.py:4180} INFO - Setting next_dagrun for example_dynamic_task_mapping to None, run_after=None
[2025-03-09T16:13:58.109+0000] {processor.py:208} INFO - Processing /home/airflow/.local/lib/python3.12/site-packages/airflow/example_dags/example_dynamic_task_mapping.py took 0.046 seconds
[2025-03-09T16:14:28.662+0000] {processor.py:186} INFO - Started process (PID=18313) to work on /home/airflow/.local/lib/python3.12/site-packages/airflow/example_dags/example_dynamic_task_mapping.py
[2025-03-09T16:14:28.662+0000] {processor.py:914} INFO - Processing file /home/airflow/.local/lib/python3.12/site-packages/airflow/example_dags/example_dynamic_task_mapping.py for tasks to queue
[2025-03-09T16:14:28.663+0000] {logging_mixin.py:190} INFO - [2025-03-09T16:14:28.663+0000] {dagbag.py:588} INFO - Filling up the DagBag from /home/airflow/.local/lib/python3.12/site-packages/airflow/example_dags/example_dynamic_task_mapping.py
[2025-03-09T16:14:28.668+0000] {processor.py:925} INFO - DAG(s) 'example_dynamic_task_mapping' retrieved from /home/airflow/.local/lib/python3.12/site-packages/airflow/example_dags/example_dynamic_task_mapping.py
[2025-03-09T16:14:28.682+0000] {logging_mixin.py:190} INFO - [2025-03-09T16:14:28.682+0000] {dag.py:3239} INFO - Sync 1 DAGs
[2025-03-09T16:14:28.692+0000] {logging_mixin.py:190} INFO - [2025-03-09T16:14:28.691+0000] {dag.py:4180} INFO - Setting next_dagrun for example_dynamic_task_mapping to None, run_after=None
[2025-03-09T16:14:28.705+0000] {processor.py:208} INFO - Processing /home/airflow/.local/lib/python3.12/site-packages/airflow/example_dags/example_dynamic_task_mapping.py took 0.047 seconds
[2025-03-09T16:14:59.425+0000] {processor.py:186} INFO - Started process (PID=18639) to work on /home/airflow/.local/lib/python3.12/site-packages/airflow/example_dags/example_dynamic_task_mapping.py
[2025-03-09T16:14:59.425+0000] {processor.py:914} INFO - Processing file /home/airflow/.local/lib/python3.12/site-packages/airflow/example_dags/example_dynamic_task_mapping.py for tasks to queue
[2025-03-09T16:14:59.426+0000] {logging_mixin.py:190} INFO - [2025-03-09T16:14:59.426+0000] {dagbag.py:588} INFO - Filling up the DagBag from /home/airflow/.local/lib/python3.12/site-packages/airflow/example_dags/example_dynamic_task_mapping.py
[2025-03-09T16:14:59.432+0000] {processor.py:925} INFO - DAG(s) 'example_dynamic_task_mapping' retrieved from /home/airflow/.local/lib/python3.12/site-packages/airflow/example_dags/example_dynamic_task_mapping.py
[2025-03-09T16:14:59.448+0000] {logging_mixin.py:190} INFO - [2025-03-09T16:14:59.448+0000] {dag.py:3239} INFO - Sync 1 DAGs
[2025-03-09T16:14:59.457+0000] {logging_mixin.py:190} INFO - [2025-03-09T16:14:59.457+0000] {dag.py:4180} INFO - Setting next_dagrun for example_dynamic_task_mapping to None, run_after=None
[2025-03-09T16:14:59.476+0000] {processor.py:208} INFO - Processing /home/airflow/.local/lib/python3.12/site-packages/airflow/example_dags/example_dynamic_task_mapping.py took 0.056 seconds
[2025-03-09T16:15:30.366+0000] {processor.py:186} INFO - Started process (PID=18965) to work on /home/airflow/.local/lib/python3.12/site-packages/airflow/example_dags/example_dynamic_task_mapping.py
[2025-03-09T16:15:30.367+0000] {processor.py:914} INFO - Processing file /home/airflow/.local/lib/python3.12/site-packages/airflow/example_dags/example_dynamic_task_mapping.py for tasks to queue
[2025-03-09T16:15:30.368+0000] {logging_mixin.py:190} INFO - [2025-03-09T16:15:30.368+0000] {dagbag.py:588} INFO - Filling up the DagBag from /home/airflow/.local/lib/python3.12/site-packages/airflow/example_dags/example_dynamic_task_mapping.py
[2025-03-09T16:15:30.374+0000] {processor.py:925} INFO - DAG(s) 'example_dynamic_task_mapping' retrieved from /home/airflow/.local/lib/python3.12/site-packages/airflow/example_dags/example_dynamic_task_mapping.py
[2025-03-09T16:15:30.393+0000] {logging_mixin.py:190} INFO - [2025-03-09T16:15:30.393+0000] {dag.py:3239} INFO - Sync 1 DAGs
[2025-03-09T16:15:30.401+0000] {logging_mixin.py:190} INFO - [2025-03-09T16:15:30.401+0000] {dag.py:4180} INFO - Setting next_dagrun for example_dynamic_task_mapping to None, run_after=None
[2025-03-09T16:15:30.416+0000] {processor.py:208} INFO - Processing /home/airflow/.local/lib/python3.12/site-packages/airflow/example_dags/example_dynamic_task_mapping.py took 0.055 seconds
[2025-03-09T16:16:01.158+0000] {processor.py:186} INFO - Started process (PID=19291) to work on /home/airflow/.local/lib/python3.12/site-packages/airflow/example_dags/example_dynamic_task_mapping.py
[2025-03-09T16:16:01.159+0000] {processor.py:914} INFO - Processing file /home/airflow/.local/lib/python3.12/site-packages/airflow/example_dags/example_dynamic_task_mapping.py for tasks to queue
[2025-03-09T16:16:01.160+0000] {logging_mixin.py:190} INFO - [2025-03-09T16:16:01.159+0000] {dagbag.py:588} INFO - Filling up the DagBag from /home/airflow/.local/lib/python3.12/site-packages/airflow/example_dags/example_dynamic_task_mapping.py
[2025-03-09T16:16:01.165+0000] {processor.py:925} INFO - DAG(s) 'example_dynamic_task_mapping' retrieved from /home/airflow/.local/lib/python3.12/site-packages/airflow/example_dags/example_dynamic_task_mapping.py
[2025-03-09T16:16:01.179+0000] {logging_mixin.py:190} INFO - [2025-03-09T16:16:01.179+0000] {dag.py:3239} INFO - Sync 1 DAGs
[2025-03-09T16:16:01.190+0000] {logging_mixin.py:190} INFO - [2025-03-09T16:16:01.190+0000] {dag.py:4180} INFO - Setting next_dagrun for example_dynamic_task_mapping to None, run_after=None
[2025-03-09T16:16:01.208+0000] {processor.py:208} INFO - Processing /home/airflow/.local/lib/python3.12/site-packages/airflow/example_dags/example_dynamic_task_mapping.py took 0.054 seconds
[2025-03-09T16:16:32.484+0000] {processor.py:186} INFO - Started process (PID=19612) to work on /home/airflow/.local/lib/python3.12/site-packages/airflow/example_dags/example_dynamic_task_mapping.py
[2025-03-09T16:16:32.485+0000] {processor.py:914} INFO - Processing file /home/airflow/.local/lib/python3.12/site-packages/airflow/example_dags/example_dynamic_task_mapping.py for tasks to queue
[2025-03-09T16:16:32.487+0000] {logging_mixin.py:190} INFO - [2025-03-09T16:16:32.486+0000] {dagbag.py:588} INFO - Filling up the DagBag from /home/airflow/.local/lib/python3.12/site-packages/airflow/example_dags/example_dynamic_task_mapping.py
[2025-03-09T16:16:32.494+0000] {processor.py:925} INFO - DAG(s) 'example_dynamic_task_mapping' retrieved from /home/airflow/.local/lib/python3.12/site-packages/airflow/example_dags/example_dynamic_task_mapping.py
[2025-03-09T16:16:32.506+0000] {logging_mixin.py:190} INFO - [2025-03-09T16:16:32.506+0000] {dag.py:3239} INFO - Sync 1 DAGs
[2025-03-09T16:16:32.514+0000] {logging_mixin.py:190} INFO - [2025-03-09T16:16:32.514+0000] {dag.py:4180} INFO - Setting next_dagrun for example_dynamic_task_mapping to None, run_after=None
[2025-03-09T16:16:32.527+0000] {processor.py:208} INFO - Processing /home/airflow/.local/lib/python3.12/site-packages/airflow/example_dags/example_dynamic_task_mapping.py took 0.049 seconds
[2025-03-09T16:17:03.760+0000] {processor.py:186} INFO - Started process (PID=19943) to work on /home/airflow/.local/lib/python3.12/site-packages/airflow/example_dags/example_dynamic_task_mapping.py
[2025-03-09T16:17:03.761+0000] {processor.py:914} INFO - Processing file /home/airflow/.local/lib/python3.12/site-packages/airflow/example_dags/example_dynamic_task_mapping.py for tasks to queue
[2025-03-09T16:17:03.762+0000] {logging_mixin.py:190} INFO - [2025-03-09T16:17:03.762+0000] {dagbag.py:588} INFO - Filling up the DagBag from /home/airflow/.local/lib/python3.12/site-packages/airflow/example_dags/example_dynamic_task_mapping.py
[2025-03-09T16:17:03.767+0000] {processor.py:925} INFO - DAG(s) 'example_dynamic_task_mapping' retrieved from /home/airflow/.local/lib/python3.12/site-packages/airflow/example_dags/example_dynamic_task_mapping.py
[2025-03-09T16:17:03.786+0000] {logging_mixin.py:190} INFO - [2025-03-09T16:17:03.786+0000] {dag.py:3239} INFO - Sync 1 DAGs
[2025-03-09T16:17:03.797+0000] {logging_mixin.py:190} INFO - [2025-03-09T16:17:03.797+0000] {dag.py:4180} INFO - Setting next_dagrun for example_dynamic_task_mapping to None, run_after=None
[2025-03-09T16:17:03.815+0000] {processor.py:208} INFO - Processing /home/airflow/.local/lib/python3.12/site-packages/airflow/example_dags/example_dynamic_task_mapping.py took 0.060 seconds
[2025-03-09T16:17:34.970+0000] {processor.py:186} INFO - Started process (PID=20269) to work on /home/airflow/.local/lib/python3.12/site-packages/airflow/example_dags/example_dynamic_task_mapping.py
[2025-03-09T16:17:34.972+0000] {processor.py:914} INFO - Processing file /home/airflow/.local/lib/python3.12/site-packages/airflow/example_dags/example_dynamic_task_mapping.py for tasks to queue
[2025-03-09T16:17:34.973+0000] {logging_mixin.py:190} INFO - [2025-03-09T16:17:34.973+0000] {dagbag.py:588} INFO - Filling up the DagBag from /home/airflow/.local/lib/python3.12/site-packages/airflow/example_dags/example_dynamic_task_mapping.py
[2025-03-09T16:17:34.978+0000] {processor.py:925} INFO - DAG(s) 'example_dynamic_task_mapping' retrieved from /home/airflow/.local/lib/python3.12/site-packages/airflow/example_dags/example_dynamic_task_mapping.py
[2025-03-09T16:17:34.994+0000] {logging_mixin.py:190} INFO - [2025-03-09T16:17:34.993+0000] {dag.py:3239} INFO - Sync 1 DAGs
[2025-03-09T16:17:35.002+0000] {logging_mixin.py:190} INFO - [2025-03-09T16:17:35.002+0000] {dag.py:4180} INFO - Setting next_dagrun for example_dynamic_task_mapping to None, run_after=None
[2025-03-09T16:17:35.016+0000] {processor.py:208} INFO - Processing /home/airflow/.local/lib/python3.12/site-packages/airflow/example_dags/example_dynamic_task_mapping.py took 0.051 seconds
[2025-03-09T16:18:05.942+0000] {processor.py:186} INFO - Started process (PID=20597) to work on /home/airflow/.local/lib/python3.12/site-packages/airflow/example_dags/example_dynamic_task_mapping.py
[2025-03-09T16:18:05.943+0000] {processor.py:914} INFO - Processing file /home/airflow/.local/lib/python3.12/site-packages/airflow/example_dags/example_dynamic_task_mapping.py for tasks to queue
[2025-03-09T16:18:05.945+0000] {logging_mixin.py:190} INFO - [2025-03-09T16:18:05.945+0000] {dagbag.py:588} INFO - Filling up the DagBag from /home/airflow/.local/lib/python3.12/site-packages/airflow/example_dags/example_dynamic_task_mapping.py
[2025-03-09T16:18:05.951+0000] {processor.py:925} INFO - DAG(s) 'example_dynamic_task_mapping' retrieved from /home/airflow/.local/lib/python3.12/site-packages/airflow/example_dags/example_dynamic_task_mapping.py
[2025-03-09T16:18:05.963+0000] {logging_mixin.py:190} INFO - [2025-03-09T16:18:05.963+0000] {dag.py:3239} INFO - Sync 1 DAGs
[2025-03-09T16:18:05.974+0000] {logging_mixin.py:190} INFO - [2025-03-09T16:18:05.973+0000] {dag.py:4180} INFO - Setting next_dagrun for example_dynamic_task_mapping to None, run_after=None
[2025-03-09T16:18:05.992+0000] {processor.py:208} INFO - Processing /home/airflow/.local/lib/python3.12/site-packages/airflow/example_dags/example_dynamic_task_mapping.py took 0.058 seconds
[2025-03-09T16:18:36.465+0000] {processor.py:186} INFO - Started process (PID=20921) to work on /home/airflow/.local/lib/python3.12/site-packages/airflow/example_dags/example_dynamic_task_mapping.py
[2025-03-09T16:18:36.466+0000] {processor.py:914} INFO - Processing file /home/airflow/.local/lib/python3.12/site-packages/airflow/example_dags/example_dynamic_task_mapping.py for tasks to queue
[2025-03-09T16:18:36.467+0000] {logging_mixin.py:190} INFO - [2025-03-09T16:18:36.467+0000] {dagbag.py:588} INFO - Filling up the DagBag from /home/airflow/.local/lib/python3.12/site-packages/airflow/example_dags/example_dynamic_task_mapping.py
[2025-03-09T16:18:36.473+0000] {processor.py:925} INFO - DAG(s) 'example_dynamic_task_mapping' retrieved from /home/airflow/.local/lib/python3.12/site-packages/airflow/example_dags/example_dynamic_task_mapping.py
[2025-03-09T16:18:36.486+0000] {logging_mixin.py:190} INFO - [2025-03-09T16:18:36.486+0000] {dag.py:3239} INFO - Sync 1 DAGs
[2025-03-09T16:18:36.495+0000] {logging_mixin.py:190} INFO - [2025-03-09T16:18:36.495+0000] {dag.py:4180} INFO - Setting next_dagrun for example_dynamic_task_mapping to None, run_after=None
[2025-03-09T16:18:36.507+0000] {processor.py:208} INFO - Processing /home/airflow/.local/lib/python3.12/site-packages/airflow/example_dags/example_dynamic_task_mapping.py took 0.045 seconds
[2025-03-09T16:19:07.368+0000] {processor.py:186} INFO - Started process (PID=21247) to work on /home/airflow/.local/lib/python3.12/site-packages/airflow/example_dags/example_dynamic_task_mapping.py
[2025-03-09T16:19:07.369+0000] {processor.py:914} INFO - Processing file /home/airflow/.local/lib/python3.12/site-packages/airflow/example_dags/example_dynamic_task_mapping.py for tasks to queue
[2025-03-09T16:19:07.370+0000] {logging_mixin.py:190} INFO - [2025-03-09T16:19:07.370+0000] {dagbag.py:588} INFO - Filling up the DagBag from /home/airflow/.local/lib/python3.12/site-packages/airflow/example_dags/example_dynamic_task_mapping.py
[2025-03-09T16:19:07.375+0000] {processor.py:925} INFO - DAG(s) 'example_dynamic_task_mapping' retrieved from /home/airflow/.local/lib/python3.12/site-packages/airflow/example_dags/example_dynamic_task_mapping.py
[2025-03-09T16:19:07.388+0000] {logging_mixin.py:190} INFO - [2025-03-09T16:19:07.388+0000] {dag.py:3239} INFO - Sync 1 DAGs
[2025-03-09T16:19:07.397+0000] {logging_mixin.py:190} INFO - [2025-03-09T16:19:07.397+0000] {dag.py:4180} INFO - Setting next_dagrun for example_dynamic_task_mapping to None, run_after=None
[2025-03-09T16:19:07.408+0000] {processor.py:208} INFO - Processing /home/airflow/.local/lib/python3.12/site-packages/airflow/example_dags/example_dynamic_task_mapping.py took 0.044 seconds
[2025-03-09T16:19:37.865+0000] {processor.py:186} INFO - Started process (PID=21573) to work on /home/airflow/.local/lib/python3.12/site-packages/airflow/example_dags/example_dynamic_task_mapping.py
[2025-03-09T16:19:37.865+0000] {processor.py:914} INFO - Processing file /home/airflow/.local/lib/python3.12/site-packages/airflow/example_dags/example_dynamic_task_mapping.py for tasks to queue
[2025-03-09T16:19:37.866+0000] {logging_mixin.py:190} INFO - [2025-03-09T16:19:37.866+0000] {dagbag.py:588} INFO - Filling up the DagBag from /home/airflow/.local/lib/python3.12/site-packages/airflow/example_dags/example_dynamic_task_mapping.py
[2025-03-09T16:19:37.872+0000] {processor.py:925} INFO - DAG(s) 'example_dynamic_task_mapping' retrieved from /home/airflow/.local/lib/python3.12/site-packages/airflow/example_dags/example_dynamic_task_mapping.py
[2025-03-09T16:19:37.886+0000] {logging_mixin.py:190} INFO - [2025-03-09T16:19:37.886+0000] {dag.py:3239} INFO - Sync 1 DAGs
[2025-03-09T16:19:37.895+0000] {logging_mixin.py:190} INFO - [2025-03-09T16:19:37.895+0000] {dag.py:4180} INFO - Setting next_dagrun for example_dynamic_task_mapping to None, run_after=None
[2025-03-09T16:19:37.907+0000] {processor.py:208} INFO - Processing /home/airflow/.local/lib/python3.12/site-packages/airflow/example_dags/example_dynamic_task_mapping.py took 0.046 seconds
