[2025-03-09T15:46:13.357+0000] {processor.py:186} INFO - Started process (PID=250) to work on /home/airflow/.local/lib/python3.12/site-packages/airflow/example_dags/example_params_trigger_ui.py
[2025-03-09T15:46:13.358+0000] {processor.py:914} INFO - Processing file /home/airflow/.local/lib/python3.12/site-packages/airflow/example_dags/example_params_trigger_ui.py for tasks to queue
[2025-03-09T15:46:13.360+0000] {logging_mixin.py:190} INFO - [2025-03-09T15:46:13.359+0000] {dagbag.py:588} INFO - Filling up the DagBag from /home/airflow/.local/lib/python3.12/site-packages/airflow/example_dags/example_params_trigger_ui.py
[2025-03-09T15:46:13.368+0000] {processor.py:925} INFO - DAG(s) 'example_params_trigger_ui' retrieved from /home/airflow/.local/lib/python3.12/site-packages/airflow/example_dags/example_params_trigger_ui.py
[2025-03-09T15:46:13.401+0000] {logging_mixin.py:190} INFO - [2025-03-09T15:46:13.401+0000] {dag.py:3239} INFO - Sync 1 DAGs
[2025-03-09T15:46:13.410+0000] {logging_mixin.py:190} INFO - [2025-03-09T15:46:13.410+0000] {dag.py:4180} INFO - Setting next_dagrun for example_params_trigger_ui to None, run_after=None
[2025-03-09T15:46:13.427+0000] {processor.py:208} INFO - Processing /home/airflow/.local/lib/python3.12/site-packages/airflow/example_dags/example_params_trigger_ui.py took 0.074 seconds
[2025-03-09T15:46:44.149+0000] {processor.py:186} INFO - Started process (PID=587) to work on /home/airflow/.local/lib/python3.12/site-packages/airflow/example_dags/example_params_trigger_ui.py
[2025-03-09T15:46:44.149+0000] {processor.py:914} INFO - Processing file /home/airflow/.local/lib/python3.12/site-packages/airflow/example_dags/example_params_trigger_ui.py for tasks to queue
[2025-03-09T15:46:44.151+0000] {logging_mixin.py:190} INFO - [2025-03-09T15:46:44.151+0000] {dagbag.py:588} INFO - Filling up the DagBag from /home/airflow/.local/lib/python3.12/site-packages/airflow/example_dags/example_params_trigger_ui.py
[2025-03-09T15:46:44.157+0000] {processor.py:925} INFO - DAG(s) 'example_params_trigger_ui' retrieved from /home/airflow/.local/lib/python3.12/site-packages/airflow/example_dags/example_params_trigger_ui.py
[2025-03-09T15:46:44.185+0000] {logging_mixin.py:190} INFO - [2025-03-09T15:46:44.185+0000] {dag.py:3239} INFO - Sync 1 DAGs
[2025-03-09T15:46:44.195+0000] {logging_mixin.py:190} INFO - [2025-03-09T15:46:44.195+0000] {dag.py:4180} INFO - Setting next_dagrun for example_params_trigger_ui to None, run_after=None
[2025-03-09T15:46:44.208+0000] {processor.py:208} INFO - Processing /home/airflow/.local/lib/python3.12/site-packages/airflow/example_dags/example_params_trigger_ui.py took 0.062 seconds
[2025-03-09T15:47:14.283+0000] {processor.py:186} INFO - Started process (PID=910) to work on /home/airflow/.local/lib/python3.12/site-packages/airflow/example_dags/example_params_trigger_ui.py
[2025-03-09T15:47:14.283+0000] {processor.py:914} INFO - Processing file /home/airflow/.local/lib/python3.12/site-packages/airflow/example_dags/example_params_trigger_ui.py for tasks to queue
[2025-03-09T15:47:14.284+0000] {logging_mixin.py:190} INFO - [2025-03-09T15:47:14.284+0000] {dagbag.py:588} INFO - Filling up the DagBag from /home/airflow/.local/lib/python3.12/site-packages/airflow/example_dags/example_params_trigger_ui.py
[2025-03-09T15:47:14.291+0000] {processor.py:925} INFO - DAG(s) 'example_params_trigger_ui' retrieved from /home/airflow/.local/lib/python3.12/site-packages/airflow/example_dags/example_params_trigger_ui.py
[2025-03-09T15:47:14.332+0000] {logging_mixin.py:190} INFO - [2025-03-09T15:47:14.332+0000] {dag.py:3239} INFO - Sync 1 DAGs
[2025-03-09T15:47:14.345+0000] {logging_mixin.py:190} INFO - [2025-03-09T15:47:14.345+0000] {dag.py:4180} INFO - Setting next_dagrun for example_params_trigger_ui to None, run_after=None
[2025-03-09T15:47:14.359+0000] {processor.py:208} INFO - Processing /home/airflow/.local/lib/python3.12/site-packages/airflow/example_dags/example_params_trigger_ui.py took 0.080 seconds
[2025-03-09T15:47:45.348+0000] {processor.py:186} INFO - Started process (PID=1239) to work on /home/airflow/.local/lib/python3.12/site-packages/airflow/example_dags/example_params_trigger_ui.py
[2025-03-09T15:47:45.348+0000] {processor.py:914} INFO - Processing file /home/airflow/.local/lib/python3.12/site-packages/airflow/example_dags/example_params_trigger_ui.py for tasks to queue
[2025-03-09T15:47:45.350+0000] {logging_mixin.py:190} INFO - [2025-03-09T15:47:45.349+0000] {dagbag.py:588} INFO - Filling up the DagBag from /home/airflow/.local/lib/python3.12/site-packages/airflow/example_dags/example_params_trigger_ui.py
[2025-03-09T15:47:45.357+0000] {processor.py:925} INFO - DAG(s) 'example_params_trigger_ui' retrieved from /home/airflow/.local/lib/python3.12/site-packages/airflow/example_dags/example_params_trigger_ui.py
[2025-03-09T15:47:45.382+0000] {logging_mixin.py:190} INFO - [2025-03-09T15:47:45.382+0000] {dag.py:3239} INFO - Sync 1 DAGs
[2025-03-09T15:47:45.393+0000] {logging_mixin.py:190} INFO - [2025-03-09T15:47:45.393+0000] {dag.py:4180} INFO - Setting next_dagrun for example_params_trigger_ui to None, run_after=None
[2025-03-09T15:47:45.406+0000] {processor.py:208} INFO - Processing /home/airflow/.local/lib/python3.12/site-packages/airflow/example_dags/example_params_trigger_ui.py took 0.061 seconds
[2025-03-09T15:48:16.179+0000] {processor.py:186} INFO - Started process (PID=1571) to work on /home/airflow/.local/lib/python3.12/site-packages/airflow/example_dags/example_params_trigger_ui.py
[2025-03-09T15:48:16.180+0000] {processor.py:914} INFO - Processing file /home/airflow/.local/lib/python3.12/site-packages/airflow/example_dags/example_params_trigger_ui.py for tasks to queue
[2025-03-09T15:48:16.181+0000] {logging_mixin.py:190} INFO - [2025-03-09T15:48:16.181+0000] {dagbag.py:588} INFO - Filling up the DagBag from /home/airflow/.local/lib/python3.12/site-packages/airflow/example_dags/example_params_trigger_ui.py
[2025-03-09T15:48:16.190+0000] {processor.py:925} INFO - DAG(s) 'example_params_trigger_ui' retrieved from /home/airflow/.local/lib/python3.12/site-packages/airflow/example_dags/example_params_trigger_ui.py
[2025-03-09T15:48:16.215+0000] {logging_mixin.py:190} INFO - [2025-03-09T15:48:16.215+0000] {dag.py:3239} INFO - Sync 1 DAGs
[2025-03-09T15:48:16.223+0000] {logging_mixin.py:190} INFO - [2025-03-09T15:48:16.223+0000] {dag.py:4180} INFO - Setting next_dagrun for example_params_trigger_ui to None, run_after=None
[2025-03-09T15:48:16.240+0000] {processor.py:208} INFO - Processing /home/airflow/.local/lib/python3.12/site-packages/airflow/example_dags/example_params_trigger_ui.py took 0.064 seconds
[2025-03-09T15:48:47.040+0000] {processor.py:186} INFO - Started process (PID=1897) to work on /home/airflow/.local/lib/python3.12/site-packages/airflow/example_dags/example_params_trigger_ui.py
[2025-03-09T15:48:47.044+0000] {processor.py:914} INFO - Processing file /home/airflow/.local/lib/python3.12/site-packages/airflow/example_dags/example_params_trigger_ui.py for tasks to queue
[2025-03-09T15:48:47.045+0000] {logging_mixin.py:190} INFO - [2025-03-09T15:48:47.045+0000] {dagbag.py:588} INFO - Filling up the DagBag from /home/airflow/.local/lib/python3.12/site-packages/airflow/example_dags/example_params_trigger_ui.py
[2025-03-09T15:48:47.051+0000] {processor.py:925} INFO - DAG(s) 'example_params_trigger_ui' retrieved from /home/airflow/.local/lib/python3.12/site-packages/airflow/example_dags/example_params_trigger_ui.py
[2025-03-09T15:48:47.082+0000] {logging_mixin.py:190} INFO - [2025-03-09T15:48:47.082+0000] {dag.py:3239} INFO - Sync 1 DAGs
[2025-03-09T15:48:47.091+0000] {logging_mixin.py:190} INFO - [2025-03-09T15:48:47.090+0000] {dag.py:4180} INFO - Setting next_dagrun for example_params_trigger_ui to None, run_after=None
[2025-03-09T15:48:47.104+0000] {processor.py:208} INFO - Processing /home/airflow/.local/lib/python3.12/site-packages/airflow/example_dags/example_params_trigger_ui.py took 0.068 seconds
[2025-03-09T15:49:17.978+0000] {processor.py:186} INFO - Started process (PID=2223) to work on /home/airflow/.local/lib/python3.12/site-packages/airflow/example_dags/example_params_trigger_ui.py
[2025-03-09T15:49:17.979+0000] {processor.py:914} INFO - Processing file /home/airflow/.local/lib/python3.12/site-packages/airflow/example_dags/example_params_trigger_ui.py for tasks to queue
[2025-03-09T15:49:17.980+0000] {logging_mixin.py:190} INFO - [2025-03-09T15:49:17.980+0000] {dagbag.py:588} INFO - Filling up the DagBag from /home/airflow/.local/lib/python3.12/site-packages/airflow/example_dags/example_params_trigger_ui.py
[2025-03-09T15:49:17.986+0000] {processor.py:925} INFO - DAG(s) 'example_params_trigger_ui' retrieved from /home/airflow/.local/lib/python3.12/site-packages/airflow/example_dags/example_params_trigger_ui.py
[2025-03-09T15:49:18.015+0000] {logging_mixin.py:190} INFO - [2025-03-09T15:49:18.014+0000] {dag.py:3239} INFO - Sync 1 DAGs
[2025-03-09T15:49:18.024+0000] {logging_mixin.py:190} INFO - [2025-03-09T15:49:18.023+0000] {dag.py:4180} INFO - Setting next_dagrun for example_params_trigger_ui to None, run_after=None
[2025-03-09T15:49:18.035+0000] {processor.py:208} INFO - Processing /home/airflow/.local/lib/python3.12/site-packages/airflow/example_dags/example_params_trigger_ui.py took 0.060 seconds
[2025-03-09T15:49:48.740+0000] {processor.py:186} INFO - Started process (PID=2549) to work on /home/airflow/.local/lib/python3.12/site-packages/airflow/example_dags/example_params_trigger_ui.py
[2025-03-09T15:49:48.742+0000] {processor.py:914} INFO - Processing file /home/airflow/.local/lib/python3.12/site-packages/airflow/example_dags/example_params_trigger_ui.py for tasks to queue
[2025-03-09T15:49:48.744+0000] {logging_mixin.py:190} INFO - [2025-03-09T15:49:48.743+0000] {dagbag.py:588} INFO - Filling up the DagBag from /home/airflow/.local/lib/python3.12/site-packages/airflow/example_dags/example_params_trigger_ui.py
[2025-03-09T15:49:48.750+0000] {processor.py:925} INFO - DAG(s) 'example_params_trigger_ui' retrieved from /home/airflow/.local/lib/python3.12/site-packages/airflow/example_dags/example_params_trigger_ui.py
[2025-03-09T15:49:48.780+0000] {logging_mixin.py:190} INFO - [2025-03-09T15:49:48.780+0000] {dag.py:3239} INFO - Sync 1 DAGs
[2025-03-09T15:49:48.791+0000] {logging_mixin.py:190} INFO - [2025-03-09T15:49:48.790+0000] {dag.py:4180} INFO - Setting next_dagrun for example_params_trigger_ui to None, run_after=None
[2025-03-09T15:49:48.803+0000] {processor.py:208} INFO - Processing /home/airflow/.local/lib/python3.12/site-packages/airflow/example_dags/example_params_trigger_ui.py took 0.069 seconds
[2025-03-09T15:50:19.711+0000] {processor.py:186} INFO - Started process (PID=2875) to work on /home/airflow/.local/lib/python3.12/site-packages/airflow/example_dags/example_params_trigger_ui.py
[2025-03-09T15:50:19.716+0000] {processor.py:914} INFO - Processing file /home/airflow/.local/lib/python3.12/site-packages/airflow/example_dags/example_params_trigger_ui.py for tasks to queue
[2025-03-09T15:50:19.717+0000] {logging_mixin.py:190} INFO - [2025-03-09T15:50:19.717+0000] {dagbag.py:588} INFO - Filling up the DagBag from /home/airflow/.local/lib/python3.12/site-packages/airflow/example_dags/example_params_trigger_ui.py
[2025-03-09T15:50:19.723+0000] {processor.py:925} INFO - DAG(s) 'example_params_trigger_ui' retrieved from /home/airflow/.local/lib/python3.12/site-packages/airflow/example_dags/example_params_trigger_ui.py
[2025-03-09T15:50:19.751+0000] {logging_mixin.py:190} INFO - [2025-03-09T15:50:19.750+0000] {dag.py:3239} INFO - Sync 1 DAGs
[2025-03-09T15:50:19.760+0000] {logging_mixin.py:190} INFO - [2025-03-09T15:50:19.760+0000] {dag.py:4180} INFO - Setting next_dagrun for example_params_trigger_ui to None, run_after=None
[2025-03-09T15:50:19.778+0000] {processor.py:208} INFO - Processing /home/airflow/.local/lib/python3.12/site-packages/airflow/example_dags/example_params_trigger_ui.py took 0.071 seconds
[2025-03-09T15:50:50.685+0000] {processor.py:186} INFO - Started process (PID=3201) to work on /home/airflow/.local/lib/python3.12/site-packages/airflow/example_dags/example_params_trigger_ui.py
[2025-03-09T15:50:50.688+0000] {processor.py:914} INFO - Processing file /home/airflow/.local/lib/python3.12/site-packages/airflow/example_dags/example_params_trigger_ui.py for tasks to queue
[2025-03-09T15:50:50.691+0000] {logging_mixin.py:190} INFO - [2025-03-09T15:50:50.690+0000] {dagbag.py:588} INFO - Filling up the DagBag from /home/airflow/.local/lib/python3.12/site-packages/airflow/example_dags/example_params_trigger_ui.py
[2025-03-09T15:50:50.699+0000] {processor.py:925} INFO - DAG(s) 'example_params_trigger_ui' retrieved from /home/airflow/.local/lib/python3.12/site-packages/airflow/example_dags/example_params_trigger_ui.py
[2025-03-09T15:50:50.725+0000] {logging_mixin.py:190} INFO - [2025-03-09T15:50:50.724+0000] {dag.py:3239} INFO - Sync 1 DAGs
[2025-03-09T15:50:50.734+0000] {logging_mixin.py:190} INFO - [2025-03-09T15:50:50.734+0000] {dag.py:4180} INFO - Setting next_dagrun for example_params_trigger_ui to None, run_after=None
[2025-03-09T15:50:50.750+0000] {processor.py:208} INFO - Processing /home/airflow/.local/lib/python3.12/site-packages/airflow/example_dags/example_params_trigger_ui.py took 0.070 seconds
[2025-03-09T15:51:21.640+0000] {processor.py:186} INFO - Started process (PID=3527) to work on /home/airflow/.local/lib/python3.12/site-packages/airflow/example_dags/example_params_trigger_ui.py
[2025-03-09T15:51:21.640+0000] {processor.py:914} INFO - Processing file /home/airflow/.local/lib/python3.12/site-packages/airflow/example_dags/example_params_trigger_ui.py for tasks to queue
[2025-03-09T15:51:21.642+0000] {logging_mixin.py:190} INFO - [2025-03-09T15:51:21.641+0000] {dagbag.py:588} INFO - Filling up the DagBag from /home/airflow/.local/lib/python3.12/site-packages/airflow/example_dags/example_params_trigger_ui.py
[2025-03-09T15:51:21.648+0000] {processor.py:925} INFO - DAG(s) 'example_params_trigger_ui' retrieved from /home/airflow/.local/lib/python3.12/site-packages/airflow/example_dags/example_params_trigger_ui.py
[2025-03-09T15:51:21.675+0000] {logging_mixin.py:190} INFO - [2025-03-09T15:51:21.675+0000] {dag.py:3239} INFO - Sync 1 DAGs
[2025-03-09T15:51:21.685+0000] {logging_mixin.py:190} INFO - [2025-03-09T15:51:21.685+0000] {dag.py:4180} INFO - Setting next_dagrun for example_params_trigger_ui to None, run_after=None
[2025-03-09T15:51:21.705+0000] {processor.py:208} INFO - Processing /home/airflow/.local/lib/python3.12/site-packages/airflow/example_dags/example_params_trigger_ui.py took 0.068 seconds
[2025-03-09T15:51:52.511+0000] {processor.py:186} INFO - Started process (PID=3853) to work on /home/airflow/.local/lib/python3.12/site-packages/airflow/example_dags/example_params_trigger_ui.py
[2025-03-09T15:51:52.518+0000] {processor.py:914} INFO - Processing file /home/airflow/.local/lib/python3.12/site-packages/airflow/example_dags/example_params_trigger_ui.py for tasks to queue
[2025-03-09T15:51:52.520+0000] {logging_mixin.py:190} INFO - [2025-03-09T15:51:52.520+0000] {dagbag.py:588} INFO - Filling up the DagBag from /home/airflow/.local/lib/python3.12/site-packages/airflow/example_dags/example_params_trigger_ui.py
[2025-03-09T15:51:52.533+0000] {processor.py:925} INFO - DAG(s) 'example_params_trigger_ui' retrieved from /home/airflow/.local/lib/python3.12/site-packages/airflow/example_dags/example_params_trigger_ui.py
[2025-03-09T15:51:52.559+0000] {logging_mixin.py:190} INFO - [2025-03-09T15:51:52.559+0000] {dag.py:3239} INFO - Sync 1 DAGs
[2025-03-09T15:51:52.568+0000] {logging_mixin.py:190} INFO - [2025-03-09T15:51:52.568+0000] {dag.py:4180} INFO - Setting next_dagrun for example_params_trigger_ui to None, run_after=None
[2025-03-09T15:51:52.583+0000] {processor.py:208} INFO - Processing /home/airflow/.local/lib/python3.12/site-packages/airflow/example_dags/example_params_trigger_ui.py took 0.076 seconds
[2025-03-09T15:52:23.550+0000] {processor.py:186} INFO - Started process (PID=4179) to work on /home/airflow/.local/lib/python3.12/site-packages/airflow/example_dags/example_params_trigger_ui.py
[2025-03-09T15:52:23.552+0000] {processor.py:914} INFO - Processing file /home/airflow/.local/lib/python3.12/site-packages/airflow/example_dags/example_params_trigger_ui.py for tasks to queue
[2025-03-09T15:52:23.554+0000] {logging_mixin.py:190} INFO - [2025-03-09T15:52:23.554+0000] {dagbag.py:588} INFO - Filling up the DagBag from /home/airflow/.local/lib/python3.12/site-packages/airflow/example_dags/example_params_trigger_ui.py
[2025-03-09T15:52:23.562+0000] {processor.py:925} INFO - DAG(s) 'example_params_trigger_ui' retrieved from /home/airflow/.local/lib/python3.12/site-packages/airflow/example_dags/example_params_trigger_ui.py
[2025-03-09T15:52:23.592+0000] {logging_mixin.py:190} INFO - [2025-03-09T15:52:23.592+0000] {dag.py:3239} INFO - Sync 1 DAGs
[2025-03-09T15:52:23.602+0000] {logging_mixin.py:190} INFO - [2025-03-09T15:52:23.602+0000] {dag.py:4180} INFO - Setting next_dagrun for example_params_trigger_ui to None, run_after=None
[2025-03-09T15:52:23.622+0000] {processor.py:208} INFO - Processing /home/airflow/.local/lib/python3.12/site-packages/airflow/example_dags/example_params_trigger_ui.py took 0.080 seconds
[2025-03-09T15:52:54.358+0000] {processor.py:186} INFO - Started process (PID=4505) to work on /home/airflow/.local/lib/python3.12/site-packages/airflow/example_dags/example_params_trigger_ui.py
[2025-03-09T15:52:54.359+0000] {processor.py:914} INFO - Processing file /home/airflow/.local/lib/python3.12/site-packages/airflow/example_dags/example_params_trigger_ui.py for tasks to queue
[2025-03-09T15:52:54.360+0000] {logging_mixin.py:190} INFO - [2025-03-09T15:52:54.360+0000] {dagbag.py:588} INFO - Filling up the DagBag from /home/airflow/.local/lib/python3.12/site-packages/airflow/example_dags/example_params_trigger_ui.py
[2025-03-09T15:52:54.370+0000] {processor.py:925} INFO - DAG(s) 'example_params_trigger_ui' retrieved from /home/airflow/.local/lib/python3.12/site-packages/airflow/example_dags/example_params_trigger_ui.py
[2025-03-09T15:52:54.399+0000] {logging_mixin.py:190} INFO - [2025-03-09T15:52:54.399+0000] {dag.py:3239} INFO - Sync 1 DAGs
[2025-03-09T15:52:54.407+0000] {logging_mixin.py:190} INFO - [2025-03-09T15:52:54.407+0000] {dag.py:4180} INFO - Setting next_dagrun for example_params_trigger_ui to None, run_after=None
[2025-03-09T15:52:54.421+0000] {processor.py:208} INFO - Processing /home/airflow/.local/lib/python3.12/site-packages/airflow/example_dags/example_params_trigger_ui.py took 0.070 seconds
[2025-03-09T15:53:24.974+0000] {processor.py:186} INFO - Started process (PID=4831) to work on /home/airflow/.local/lib/python3.12/site-packages/airflow/example_dags/example_params_trigger_ui.py
[2025-03-09T15:53:24.980+0000] {processor.py:914} INFO - Processing file /home/airflow/.local/lib/python3.12/site-packages/airflow/example_dags/example_params_trigger_ui.py for tasks to queue
[2025-03-09T15:53:24.981+0000] {logging_mixin.py:190} INFO - [2025-03-09T15:53:24.981+0000] {dagbag.py:588} INFO - Filling up the DagBag from /home/airflow/.local/lib/python3.12/site-packages/airflow/example_dags/example_params_trigger_ui.py
[2025-03-09T15:53:24.988+0000] {processor.py:925} INFO - DAG(s) 'example_params_trigger_ui' retrieved from /home/airflow/.local/lib/python3.12/site-packages/airflow/example_dags/example_params_trigger_ui.py
[2025-03-09T15:53:25.013+0000] {logging_mixin.py:190} INFO - [2025-03-09T15:53:25.013+0000] {dag.py:3239} INFO - Sync 1 DAGs
[2025-03-09T15:53:25.022+0000] {logging_mixin.py:190} INFO - [2025-03-09T15:53:25.022+0000] {dag.py:4180} INFO - Setting next_dagrun for example_params_trigger_ui to None, run_after=None
[2025-03-09T15:53:25.037+0000] {processor.py:208} INFO - Processing /home/airflow/.local/lib/python3.12/site-packages/airflow/example_dags/example_params_trigger_ui.py took 0.066 seconds
[2025-03-09T15:53:55.654+0000] {processor.py:186} INFO - Started process (PID=5156) to work on /home/airflow/.local/lib/python3.12/site-packages/airflow/example_dags/example_params_trigger_ui.py
[2025-03-09T15:53:55.659+0000] {processor.py:914} INFO - Processing file /home/airflow/.local/lib/python3.12/site-packages/airflow/example_dags/example_params_trigger_ui.py for tasks to queue
[2025-03-09T15:53:55.660+0000] {logging_mixin.py:190} INFO - [2025-03-09T15:53:55.659+0000] {dagbag.py:588} INFO - Filling up the DagBag from /home/airflow/.local/lib/python3.12/site-packages/airflow/example_dags/example_params_trigger_ui.py
[2025-03-09T15:53:55.666+0000] {processor.py:925} INFO - DAG(s) 'example_params_trigger_ui' retrieved from /home/airflow/.local/lib/python3.12/site-packages/airflow/example_dags/example_params_trigger_ui.py
[2025-03-09T15:53:55.692+0000] {logging_mixin.py:190} INFO - [2025-03-09T15:53:55.691+0000] {dag.py:3239} INFO - Sync 1 DAGs
[2025-03-09T15:53:55.700+0000] {logging_mixin.py:190} INFO - [2025-03-09T15:53:55.700+0000] {dag.py:4180} INFO - Setting next_dagrun for example_params_trigger_ui to None, run_after=None
[2025-03-09T15:53:55.712+0000] {processor.py:208} INFO - Processing /home/airflow/.local/lib/python3.12/site-packages/airflow/example_dags/example_params_trigger_ui.py took 0.062 seconds
[2025-03-09T15:54:26.557+0000] {processor.py:186} INFO - Started process (PID=5482) to work on /home/airflow/.local/lib/python3.12/site-packages/airflow/example_dags/example_params_trigger_ui.py
[2025-03-09T15:54:26.561+0000] {processor.py:914} INFO - Processing file /home/airflow/.local/lib/python3.12/site-packages/airflow/example_dags/example_params_trigger_ui.py for tasks to queue
[2025-03-09T15:54:26.563+0000] {logging_mixin.py:190} INFO - [2025-03-09T15:54:26.562+0000] {dagbag.py:588} INFO - Filling up the DagBag from /home/airflow/.local/lib/python3.12/site-packages/airflow/example_dags/example_params_trigger_ui.py
[2025-03-09T15:54:26.569+0000] {processor.py:925} INFO - DAG(s) 'example_params_trigger_ui' retrieved from /home/airflow/.local/lib/python3.12/site-packages/airflow/example_dags/example_params_trigger_ui.py
[2025-03-09T15:54:26.594+0000] {logging_mixin.py:190} INFO - [2025-03-09T15:54:26.593+0000] {dag.py:3239} INFO - Sync 1 DAGs
[2025-03-09T15:54:26.602+0000] {logging_mixin.py:190} INFO - [2025-03-09T15:54:26.602+0000] {dag.py:4180} INFO - Setting next_dagrun for example_params_trigger_ui to None, run_after=None
[2025-03-09T15:54:26.617+0000] {processor.py:208} INFO - Processing /home/airflow/.local/lib/python3.12/site-packages/airflow/example_dags/example_params_trigger_ui.py took 0.064 seconds
[2025-03-09T15:54:57.261+0000] {processor.py:186} INFO - Started process (PID=5808) to work on /home/airflow/.local/lib/python3.12/site-packages/airflow/example_dags/example_params_trigger_ui.py
[2025-03-09T15:54:57.262+0000] {processor.py:914} INFO - Processing file /home/airflow/.local/lib/python3.12/site-packages/airflow/example_dags/example_params_trigger_ui.py for tasks to queue
[2025-03-09T15:54:57.263+0000] {logging_mixin.py:190} INFO - [2025-03-09T15:54:57.263+0000] {dagbag.py:588} INFO - Filling up the DagBag from /home/airflow/.local/lib/python3.12/site-packages/airflow/example_dags/example_params_trigger_ui.py
[2025-03-09T15:54:57.269+0000] {processor.py:925} INFO - DAG(s) 'example_params_trigger_ui' retrieved from /home/airflow/.local/lib/python3.12/site-packages/airflow/example_dags/example_params_trigger_ui.py
[2025-03-09T15:54:57.299+0000] {logging_mixin.py:190} INFO - [2025-03-09T15:54:57.299+0000] {dag.py:3239} INFO - Sync 1 DAGs
[2025-03-09T15:54:57.308+0000] {logging_mixin.py:190} INFO - [2025-03-09T15:54:57.308+0000] {dag.py:4180} INFO - Setting next_dagrun for example_params_trigger_ui to None, run_after=None
[2025-03-09T15:54:57.323+0000] {processor.py:208} INFO - Processing /home/airflow/.local/lib/python3.12/site-packages/airflow/example_dags/example_params_trigger_ui.py took 0.065 seconds
[2025-03-09T15:55:27.996+0000] {processor.py:186} INFO - Started process (PID=6134) to work on /home/airflow/.local/lib/python3.12/site-packages/airflow/example_dags/example_params_trigger_ui.py
[2025-03-09T15:55:28.004+0000] {processor.py:914} INFO - Processing file /home/airflow/.local/lib/python3.12/site-packages/airflow/example_dags/example_params_trigger_ui.py for tasks to queue
[2025-03-09T15:55:28.006+0000] {logging_mixin.py:190} INFO - [2025-03-09T15:55:28.006+0000] {dagbag.py:588} INFO - Filling up the DagBag from /home/airflow/.local/lib/python3.12/site-packages/airflow/example_dags/example_params_trigger_ui.py
[2025-03-09T15:55:28.017+0000] {processor.py:925} INFO - DAG(s) 'example_params_trigger_ui' retrieved from /home/airflow/.local/lib/python3.12/site-packages/airflow/example_dags/example_params_trigger_ui.py
[2025-03-09T15:55:28.043+0000] {logging_mixin.py:190} INFO - [2025-03-09T15:55:28.043+0000] {dag.py:3239} INFO - Sync 1 DAGs
[2025-03-09T15:55:28.052+0000] {logging_mixin.py:190} INFO - [2025-03-09T15:55:28.052+0000] {dag.py:4180} INFO - Setting next_dagrun for example_params_trigger_ui to None, run_after=None
[2025-03-09T15:55:28.064+0000] {processor.py:208} INFO - Processing /home/airflow/.local/lib/python3.12/site-packages/airflow/example_dags/example_params_trigger_ui.py took 0.072 seconds
[2025-03-09T15:55:58.189+0000] {processor.py:186} INFO - Started process (PID=6457) to work on /home/airflow/.local/lib/python3.12/site-packages/airflow/example_dags/example_params_trigger_ui.py
[2025-03-09T15:55:58.199+0000] {processor.py:914} INFO - Processing file /home/airflow/.local/lib/python3.12/site-packages/airflow/example_dags/example_params_trigger_ui.py for tasks to queue
[2025-03-09T15:55:58.200+0000] {logging_mixin.py:190} INFO - [2025-03-09T15:55:58.200+0000] {dagbag.py:588} INFO - Filling up the DagBag from /home/airflow/.local/lib/python3.12/site-packages/airflow/example_dags/example_params_trigger_ui.py
[2025-03-09T15:55:58.208+0000] {processor.py:925} INFO - DAG(s) 'example_params_trigger_ui' retrieved from /home/airflow/.local/lib/python3.12/site-packages/airflow/example_dags/example_params_trigger_ui.py
[2025-03-09T15:55:58.251+0000] {logging_mixin.py:190} INFO - [2025-03-09T15:55:58.250+0000] {dag.py:3239} INFO - Sync 1 DAGs
[2025-03-09T15:55:58.262+0000] {logging_mixin.py:190} INFO - [2025-03-09T15:55:58.262+0000] {dag.py:4180} INFO - Setting next_dagrun for example_params_trigger_ui to None, run_after=None
[2025-03-09T15:55:58.282+0000] {processor.py:208} INFO - Processing /home/airflow/.local/lib/python3.12/site-packages/airflow/example_dags/example_params_trigger_ui.py took 0.102 seconds
[2025-03-09T15:56:28.933+0000] {processor.py:186} INFO - Started process (PID=6783) to work on /home/airflow/.local/lib/python3.12/site-packages/airflow/example_dags/example_params_trigger_ui.py
[2025-03-09T15:56:28.942+0000] {processor.py:914} INFO - Processing file /home/airflow/.local/lib/python3.12/site-packages/airflow/example_dags/example_params_trigger_ui.py for tasks to queue
[2025-03-09T15:56:28.945+0000] {logging_mixin.py:190} INFO - [2025-03-09T15:56:28.944+0000] {dagbag.py:588} INFO - Filling up the DagBag from /home/airflow/.local/lib/python3.12/site-packages/airflow/example_dags/example_params_trigger_ui.py
[2025-03-09T15:56:28.955+0000] {processor.py:925} INFO - DAG(s) 'example_params_trigger_ui' retrieved from /home/airflow/.local/lib/python3.12/site-packages/airflow/example_dags/example_params_trigger_ui.py
[2025-03-09T15:56:28.984+0000] {logging_mixin.py:190} INFO - [2025-03-09T15:56:28.984+0000] {dag.py:3239} INFO - Sync 1 DAGs
[2025-03-09T15:56:28.993+0000] {logging_mixin.py:190} INFO - [2025-03-09T15:56:28.992+0000] {dag.py:4180} INFO - Setting next_dagrun for example_params_trigger_ui to None, run_after=None
[2025-03-09T15:56:29.006+0000] {processor.py:208} INFO - Processing /home/airflow/.local/lib/python3.12/site-packages/airflow/example_dags/example_params_trigger_ui.py took 0.077 seconds
[2025-03-09T15:56:59.631+0000] {processor.py:186} INFO - Started process (PID=7109) to work on /home/airflow/.local/lib/python3.12/site-packages/airflow/example_dags/example_params_trigger_ui.py
[2025-03-09T15:56:59.642+0000] {processor.py:914} INFO - Processing file /home/airflow/.local/lib/python3.12/site-packages/airflow/example_dags/example_params_trigger_ui.py for tasks to queue
[2025-03-09T15:56:59.644+0000] {logging_mixin.py:190} INFO - [2025-03-09T15:56:59.644+0000] {dagbag.py:588} INFO - Filling up the DagBag from /home/airflow/.local/lib/python3.12/site-packages/airflow/example_dags/example_params_trigger_ui.py
[2025-03-09T15:56:59.653+0000] {processor.py:925} INFO - DAG(s) 'example_params_trigger_ui' retrieved from /home/airflow/.local/lib/python3.12/site-packages/airflow/example_dags/example_params_trigger_ui.py
[2025-03-09T15:56:59.677+0000] {logging_mixin.py:190} INFO - [2025-03-09T15:56:59.677+0000] {dag.py:3239} INFO - Sync 1 DAGs
[2025-03-09T15:56:59.685+0000] {logging_mixin.py:190} INFO - [2025-03-09T15:56:59.685+0000] {dag.py:4180} INFO - Setting next_dagrun for example_params_trigger_ui to None, run_after=None
[2025-03-09T15:56:59.697+0000] {processor.py:208} INFO - Processing /home/airflow/.local/lib/python3.12/site-packages/airflow/example_dags/example_params_trigger_ui.py took 0.071 seconds
[2025-03-09T15:57:30.584+0000] {processor.py:186} INFO - Started process (PID=7435) to work on /home/airflow/.local/lib/python3.12/site-packages/airflow/example_dags/example_params_trigger_ui.py
[2025-03-09T15:57:30.594+0000] {processor.py:914} INFO - Processing file /home/airflow/.local/lib/python3.12/site-packages/airflow/example_dags/example_params_trigger_ui.py for tasks to queue
[2025-03-09T15:57:30.595+0000] {logging_mixin.py:190} INFO - [2025-03-09T15:57:30.595+0000] {dagbag.py:588} INFO - Filling up the DagBag from /home/airflow/.local/lib/python3.12/site-packages/airflow/example_dags/example_params_trigger_ui.py
[2025-03-09T15:57:30.602+0000] {processor.py:925} INFO - DAG(s) 'example_params_trigger_ui' retrieved from /home/airflow/.local/lib/python3.12/site-packages/airflow/example_dags/example_params_trigger_ui.py
[2025-03-09T15:57:30.626+0000] {logging_mixin.py:190} INFO - [2025-03-09T15:57:30.626+0000] {dag.py:3239} INFO - Sync 1 DAGs
[2025-03-09T15:57:30.635+0000] {logging_mixin.py:190} INFO - [2025-03-09T15:57:30.635+0000] {dag.py:4180} INFO - Setting next_dagrun for example_params_trigger_ui to None, run_after=None
[2025-03-09T15:57:30.650+0000] {processor.py:208} INFO - Processing /home/airflow/.local/lib/python3.12/site-packages/airflow/example_dags/example_params_trigger_ui.py took 0.070 seconds
[2025-03-09T15:58:01.500+0000] {processor.py:186} INFO - Started process (PID=7761) to work on /home/airflow/.local/lib/python3.12/site-packages/airflow/example_dags/example_params_trigger_ui.py
[2025-03-09T15:58:01.510+0000] {processor.py:914} INFO - Processing file /home/airflow/.local/lib/python3.12/site-packages/airflow/example_dags/example_params_trigger_ui.py for tasks to queue
[2025-03-09T15:58:01.512+0000] {logging_mixin.py:190} INFO - [2025-03-09T15:58:01.512+0000] {dagbag.py:588} INFO - Filling up the DagBag from /home/airflow/.local/lib/python3.12/site-packages/airflow/example_dags/example_params_trigger_ui.py
[2025-03-09T15:58:01.521+0000] {processor.py:925} INFO - DAG(s) 'example_params_trigger_ui' retrieved from /home/airflow/.local/lib/python3.12/site-packages/airflow/example_dags/example_params_trigger_ui.py
[2025-03-09T15:58:01.547+0000] {logging_mixin.py:190} INFO - [2025-03-09T15:58:01.547+0000] {dag.py:3239} INFO - Sync 1 DAGs
[2025-03-09T15:58:01.555+0000] {logging_mixin.py:190} INFO - [2025-03-09T15:58:01.555+0000] {dag.py:4180} INFO - Setting next_dagrun for example_params_trigger_ui to None, run_after=None
[2025-03-09T15:58:01.568+0000] {processor.py:208} INFO - Processing /home/airflow/.local/lib/python3.12/site-packages/airflow/example_dags/example_params_trigger_ui.py took 0.071 seconds
[2025-03-09T15:58:32.428+0000] {processor.py:186} INFO - Started process (PID=8087) to work on /home/airflow/.local/lib/python3.12/site-packages/airflow/example_dags/example_params_trigger_ui.py
[2025-03-09T15:58:32.438+0000] {processor.py:914} INFO - Processing file /home/airflow/.local/lib/python3.12/site-packages/airflow/example_dags/example_params_trigger_ui.py for tasks to queue
[2025-03-09T15:58:32.439+0000] {logging_mixin.py:190} INFO - [2025-03-09T15:58:32.439+0000] {dagbag.py:588} INFO - Filling up the DagBag from /home/airflow/.local/lib/python3.12/site-packages/airflow/example_dags/example_params_trigger_ui.py
[2025-03-09T15:58:32.446+0000] {processor.py:925} INFO - DAG(s) 'example_params_trigger_ui' retrieved from /home/airflow/.local/lib/python3.12/site-packages/airflow/example_dags/example_params_trigger_ui.py
[2025-03-09T15:58:32.475+0000] {logging_mixin.py:190} INFO - [2025-03-09T15:58:32.474+0000] {dag.py:3239} INFO - Sync 1 DAGs
[2025-03-09T15:58:32.483+0000] {logging_mixin.py:190} INFO - [2025-03-09T15:58:32.483+0000] {dag.py:4180} INFO - Setting next_dagrun for example_params_trigger_ui to None, run_after=None
[2025-03-09T15:58:32.495+0000] {processor.py:208} INFO - Processing /home/airflow/.local/lib/python3.12/site-packages/airflow/example_dags/example_params_trigger_ui.py took 0.072 seconds
[2025-03-09T15:59:02.646+0000] {processor.py:186} INFO - Started process (PID=8413) to work on /home/airflow/.local/lib/python3.12/site-packages/airflow/example_dags/example_params_trigger_ui.py
[2025-03-09T15:59:02.656+0000] {processor.py:914} INFO - Processing file /home/airflow/.local/lib/python3.12/site-packages/airflow/example_dags/example_params_trigger_ui.py for tasks to queue
[2025-03-09T15:59:02.657+0000] {logging_mixin.py:190} INFO - [2025-03-09T15:59:02.657+0000] {dagbag.py:588} INFO - Filling up the DagBag from /home/airflow/.local/lib/python3.12/site-packages/airflow/example_dags/example_params_trigger_ui.py
[2025-03-09T15:59:02.664+0000] {processor.py:925} INFO - DAG(s) 'example_params_trigger_ui' retrieved from /home/airflow/.local/lib/python3.12/site-packages/airflow/example_dags/example_params_trigger_ui.py
[2025-03-09T15:59:02.690+0000] {logging_mixin.py:190} INFO - [2025-03-09T15:59:02.690+0000] {dag.py:3239} INFO - Sync 1 DAGs
[2025-03-09T15:59:02.701+0000] {logging_mixin.py:190} INFO - [2025-03-09T15:59:02.701+0000] {dag.py:4180} INFO - Setting next_dagrun for example_params_trigger_ui to None, run_after=None
[2025-03-09T15:59:02.719+0000] {processor.py:208} INFO - Processing /home/airflow/.local/lib/python3.12/site-packages/airflow/example_dags/example_params_trigger_ui.py took 0.077 seconds
[2025-03-09T15:59:32.851+0000] {processor.py:186} INFO - Started process (PID=8739) to work on /home/airflow/.local/lib/python3.12/site-packages/airflow/example_dags/example_params_trigger_ui.py
[2025-03-09T15:59:32.861+0000] {processor.py:914} INFO - Processing file /home/airflow/.local/lib/python3.12/site-packages/airflow/example_dags/example_params_trigger_ui.py for tasks to queue
[2025-03-09T15:59:32.862+0000] {logging_mixin.py:190} INFO - [2025-03-09T15:59:32.862+0000] {dagbag.py:588} INFO - Filling up the DagBag from /home/airflow/.local/lib/python3.12/site-packages/airflow/example_dags/example_params_trigger_ui.py
[2025-03-09T15:59:32.869+0000] {processor.py:925} INFO - DAG(s) 'example_params_trigger_ui' retrieved from /home/airflow/.local/lib/python3.12/site-packages/airflow/example_dags/example_params_trigger_ui.py
[2025-03-09T15:59:32.894+0000] {logging_mixin.py:190} INFO - [2025-03-09T15:59:32.894+0000] {dag.py:3239} INFO - Sync 1 DAGs
[2025-03-09T15:59:32.904+0000] {logging_mixin.py:190} INFO - [2025-03-09T15:59:32.904+0000] {dag.py:4180} INFO - Setting next_dagrun for example_params_trigger_ui to None, run_after=None
[2025-03-09T15:59:32.920+0000] {processor.py:208} INFO - Processing /home/airflow/.local/lib/python3.12/site-packages/airflow/example_dags/example_params_trigger_ui.py took 0.073 seconds
[2025-03-09T16:00:03.742+0000] {processor.py:186} INFO - Started process (PID=9065) to work on /home/airflow/.local/lib/python3.12/site-packages/airflow/example_dags/example_params_trigger_ui.py
[2025-03-09T16:00:03.743+0000] {processor.py:914} INFO - Processing file /home/airflow/.local/lib/python3.12/site-packages/airflow/example_dags/example_params_trigger_ui.py for tasks to queue
[2025-03-09T16:00:03.744+0000] {logging_mixin.py:190} INFO - [2025-03-09T16:00:03.744+0000] {dagbag.py:588} INFO - Filling up the DagBag from /home/airflow/.local/lib/python3.12/site-packages/airflow/example_dags/example_params_trigger_ui.py
[2025-03-09T16:00:03.751+0000] {processor.py:925} INFO - DAG(s) 'example_params_trigger_ui' retrieved from /home/airflow/.local/lib/python3.12/site-packages/airflow/example_dags/example_params_trigger_ui.py
[2025-03-09T16:00:03.776+0000] {logging_mixin.py:190} INFO - [2025-03-09T16:00:03.776+0000] {dag.py:3239} INFO - Sync 1 DAGs
[2025-03-09T16:00:03.784+0000] {logging_mixin.py:190} INFO - [2025-03-09T16:00:03.784+0000] {dag.py:4180} INFO - Setting next_dagrun for example_params_trigger_ui to None, run_after=None
[2025-03-09T16:00:03.799+0000] {processor.py:208} INFO - Processing /home/airflow/.local/lib/python3.12/site-packages/airflow/example_dags/example_params_trigger_ui.py took 0.061 seconds
[2025-03-09T16:00:34.072+0000] {processor.py:186} INFO - Started process (PID=9391) to work on /home/airflow/.local/lib/python3.12/site-packages/airflow/example_dags/example_params_trigger_ui.py
[2025-03-09T16:00:34.073+0000] {processor.py:914} INFO - Processing file /home/airflow/.local/lib/python3.12/site-packages/airflow/example_dags/example_params_trigger_ui.py for tasks to queue
[2025-03-09T16:00:34.074+0000] {logging_mixin.py:190} INFO - [2025-03-09T16:00:34.074+0000] {dagbag.py:588} INFO - Filling up the DagBag from /home/airflow/.local/lib/python3.12/site-packages/airflow/example_dags/example_params_trigger_ui.py
[2025-03-09T16:00:34.083+0000] {processor.py:925} INFO - DAG(s) 'example_params_trigger_ui' retrieved from /home/airflow/.local/lib/python3.12/site-packages/airflow/example_dags/example_params_trigger_ui.py
[2025-03-09T16:00:34.121+0000] {logging_mixin.py:190} INFO - [2025-03-09T16:00:34.121+0000] {dag.py:3239} INFO - Sync 1 DAGs
[2025-03-09T16:00:34.133+0000] {logging_mixin.py:190} INFO - [2025-03-09T16:00:34.133+0000] {dag.py:4180} INFO - Setting next_dagrun for example_params_trigger_ui to None, run_after=None
[2025-03-09T16:00:34.147+0000] {processor.py:208} INFO - Processing /home/airflow/.local/lib/python3.12/site-packages/airflow/example_dags/example_params_trigger_ui.py took 0.081 seconds
[2025-03-09T16:01:04.733+0000] {processor.py:186} INFO - Started process (PID=9717) to work on /home/airflow/.local/lib/python3.12/site-packages/airflow/example_dags/example_params_trigger_ui.py
[2025-03-09T16:01:04.743+0000] {processor.py:914} INFO - Processing file /home/airflow/.local/lib/python3.12/site-packages/airflow/example_dags/example_params_trigger_ui.py for tasks to queue
[2025-03-09T16:01:04.745+0000] {logging_mixin.py:190} INFO - [2025-03-09T16:01:04.745+0000] {dagbag.py:588} INFO - Filling up the DagBag from /home/airflow/.local/lib/python3.12/site-packages/airflow/example_dags/example_params_trigger_ui.py
[2025-03-09T16:01:04.752+0000] {processor.py:925} INFO - DAG(s) 'example_params_trigger_ui' retrieved from /home/airflow/.local/lib/python3.12/site-packages/airflow/example_dags/example_params_trigger_ui.py
[2025-03-09T16:01:04.778+0000] {logging_mixin.py:190} INFO - [2025-03-09T16:01:04.778+0000] {dag.py:3239} INFO - Sync 1 DAGs
[2025-03-09T16:01:04.787+0000] {logging_mixin.py:190} INFO - [2025-03-09T16:01:04.787+0000] {dag.py:4180} INFO - Setting next_dagrun for example_params_trigger_ui to None, run_after=None
[2025-03-09T16:01:04.801+0000] {processor.py:208} INFO - Processing /home/airflow/.local/lib/python3.12/site-packages/airflow/example_dags/example_params_trigger_ui.py took 0.073 seconds
[2025-03-09T16:01:35.322+0000] {processor.py:186} INFO - Started process (PID=10043) to work on /home/airflow/.local/lib/python3.12/site-packages/airflow/example_dags/example_params_trigger_ui.py
[2025-03-09T16:01:35.323+0000] {processor.py:914} INFO - Processing file /home/airflow/.local/lib/python3.12/site-packages/airflow/example_dags/example_params_trigger_ui.py for tasks to queue
[2025-03-09T16:01:35.325+0000] {logging_mixin.py:190} INFO - [2025-03-09T16:01:35.325+0000] {dagbag.py:588} INFO - Filling up the DagBag from /home/airflow/.local/lib/python3.12/site-packages/airflow/example_dags/example_params_trigger_ui.py
[2025-03-09T16:01:35.335+0000] {processor.py:925} INFO - DAG(s) 'example_params_trigger_ui' retrieved from /home/airflow/.local/lib/python3.12/site-packages/airflow/example_dags/example_params_trigger_ui.py
[2025-03-09T16:01:35.364+0000] {logging_mixin.py:190} INFO - [2025-03-09T16:01:35.364+0000] {dag.py:3239} INFO - Sync 1 DAGs
[2025-03-09T16:01:35.373+0000] {logging_mixin.py:190} INFO - [2025-03-09T16:01:35.373+0000] {dag.py:4180} INFO - Setting next_dagrun for example_params_trigger_ui to None, run_after=None
[2025-03-09T16:01:35.389+0000] {processor.py:208} INFO - Processing /home/airflow/.local/lib/python3.12/site-packages/airflow/example_dags/example_params_trigger_ui.py took 0.074 seconds
[2025-03-09T16:02:05.881+0000] {processor.py:186} INFO - Started process (PID=10369) to work on /home/airflow/.local/lib/python3.12/site-packages/airflow/example_dags/example_params_trigger_ui.py
[2025-03-09T16:02:05.881+0000] {processor.py:914} INFO - Processing file /home/airflow/.local/lib/python3.12/site-packages/airflow/example_dags/example_params_trigger_ui.py for tasks to queue
[2025-03-09T16:02:05.883+0000] {logging_mixin.py:190} INFO - [2025-03-09T16:02:05.883+0000] {dagbag.py:588} INFO - Filling up the DagBag from /home/airflow/.local/lib/python3.12/site-packages/airflow/example_dags/example_params_trigger_ui.py
[2025-03-09T16:02:05.891+0000] {processor.py:925} INFO - DAG(s) 'example_params_trigger_ui' retrieved from /home/airflow/.local/lib/python3.12/site-packages/airflow/example_dags/example_params_trigger_ui.py
[2025-03-09T16:02:05.917+0000] {logging_mixin.py:190} INFO - [2025-03-09T16:02:05.917+0000] {dag.py:3239} INFO - Sync 1 DAGs
[2025-03-09T16:02:05.925+0000] {logging_mixin.py:190} INFO - [2025-03-09T16:02:05.925+0000] {dag.py:4180} INFO - Setting next_dagrun for example_params_trigger_ui to None, run_after=None
[2025-03-09T16:02:05.938+0000] {processor.py:208} INFO - Processing /home/airflow/.local/lib/python3.12/site-packages/airflow/example_dags/example_params_trigger_ui.py took 0.063 seconds
[2025-03-09T16:02:36.509+0000] {processor.py:186} INFO - Started process (PID=10695) to work on /home/airflow/.local/lib/python3.12/site-packages/airflow/example_dags/example_params_trigger_ui.py
[2025-03-09T16:02:36.519+0000] {processor.py:914} INFO - Processing file /home/airflow/.local/lib/python3.12/site-packages/airflow/example_dags/example_params_trigger_ui.py for tasks to queue
[2025-03-09T16:02:36.521+0000] {logging_mixin.py:190} INFO - [2025-03-09T16:02:36.521+0000] {dagbag.py:588} INFO - Filling up the DagBag from /home/airflow/.local/lib/python3.12/site-packages/airflow/example_dags/example_params_trigger_ui.py
[2025-03-09T16:02:36.528+0000] {processor.py:925} INFO - DAG(s) 'example_params_trigger_ui' retrieved from /home/airflow/.local/lib/python3.12/site-packages/airflow/example_dags/example_params_trigger_ui.py
[2025-03-09T16:02:36.554+0000] {logging_mixin.py:190} INFO - [2025-03-09T16:02:36.554+0000] {dag.py:3239} INFO - Sync 1 DAGs
[2025-03-09T16:02:36.562+0000] {logging_mixin.py:190} INFO - [2025-03-09T16:02:36.562+0000] {dag.py:4180} INFO - Setting next_dagrun for example_params_trigger_ui to None, run_after=None
[2025-03-09T16:02:36.577+0000] {processor.py:208} INFO - Processing /home/airflow/.local/lib/python3.12/site-packages/airflow/example_dags/example_params_trigger_ui.py took 0.071 seconds
[2025-03-09T16:03:07.167+0000] {processor.py:186} INFO - Started process (PID=11021) to work on /home/airflow/.local/lib/python3.12/site-packages/airflow/example_dags/example_params_trigger_ui.py
[2025-03-09T16:03:07.178+0000] {processor.py:914} INFO - Processing file /home/airflow/.local/lib/python3.12/site-packages/airflow/example_dags/example_params_trigger_ui.py for tasks to queue
[2025-03-09T16:03:07.180+0000] {logging_mixin.py:190} INFO - [2025-03-09T16:03:07.179+0000] {dagbag.py:588} INFO - Filling up the DagBag from /home/airflow/.local/lib/python3.12/site-packages/airflow/example_dags/example_params_trigger_ui.py
[2025-03-09T16:03:07.187+0000] {processor.py:925} INFO - DAG(s) 'example_params_trigger_ui' retrieved from /home/airflow/.local/lib/python3.12/site-packages/airflow/example_dags/example_params_trigger_ui.py
[2025-03-09T16:03:07.214+0000] {logging_mixin.py:190} INFO - [2025-03-09T16:03:07.214+0000] {dag.py:3239} INFO - Sync 1 DAGs
[2025-03-09T16:03:07.223+0000] {logging_mixin.py:190} INFO - [2025-03-09T16:03:07.223+0000] {dag.py:4180} INFO - Setting next_dagrun for example_params_trigger_ui to None, run_after=None
[2025-03-09T16:03:07.235+0000] {processor.py:208} INFO - Processing /home/airflow/.local/lib/python3.12/site-packages/airflow/example_dags/example_params_trigger_ui.py took 0.072 seconds
[2025-03-09T16:03:38.139+0000] {processor.py:186} INFO - Started process (PID=11347) to work on /home/airflow/.local/lib/python3.12/site-packages/airflow/example_dags/example_params_trigger_ui.py
[2025-03-09T16:03:38.142+0000] {processor.py:914} INFO - Processing file /home/airflow/.local/lib/python3.12/site-packages/airflow/example_dags/example_params_trigger_ui.py for tasks to queue
[2025-03-09T16:03:38.143+0000] {logging_mixin.py:190} INFO - [2025-03-09T16:03:38.143+0000] {dagbag.py:588} INFO - Filling up the DagBag from /home/airflow/.local/lib/python3.12/site-packages/airflow/example_dags/example_params_trigger_ui.py
[2025-03-09T16:03:38.149+0000] {processor.py:925} INFO - DAG(s) 'example_params_trigger_ui' retrieved from /home/airflow/.local/lib/python3.12/site-packages/airflow/example_dags/example_params_trigger_ui.py
[2025-03-09T16:03:38.178+0000] {logging_mixin.py:190} INFO - [2025-03-09T16:03:38.178+0000] {dag.py:3239} INFO - Sync 1 DAGs
[2025-03-09T16:03:38.188+0000] {logging_mixin.py:190} INFO - [2025-03-09T16:03:38.188+0000] {dag.py:4180} INFO - Setting next_dagrun for example_params_trigger_ui to None, run_after=None
[2025-03-09T16:03:38.201+0000] {processor.py:208} INFO - Processing /home/airflow/.local/lib/python3.12/site-packages/airflow/example_dags/example_params_trigger_ui.py took 0.067 seconds
[2025-03-09T16:04:08.831+0000] {processor.py:186} INFO - Started process (PID=11673) to work on /home/airflow/.local/lib/python3.12/site-packages/airflow/example_dags/example_params_trigger_ui.py
[2025-03-09T16:04:08.831+0000] {processor.py:914} INFO - Processing file /home/airflow/.local/lib/python3.12/site-packages/airflow/example_dags/example_params_trigger_ui.py for tasks to queue
[2025-03-09T16:04:08.832+0000] {logging_mixin.py:190} INFO - [2025-03-09T16:04:08.832+0000] {dagbag.py:588} INFO - Filling up the DagBag from /home/airflow/.local/lib/python3.12/site-packages/airflow/example_dags/example_params_trigger_ui.py
[2025-03-09T16:04:08.839+0000] {processor.py:925} INFO - DAG(s) 'example_params_trigger_ui' retrieved from /home/airflow/.local/lib/python3.12/site-packages/airflow/example_dags/example_params_trigger_ui.py
[2025-03-09T16:04:08.864+0000] {logging_mixin.py:190} INFO - [2025-03-09T16:04:08.864+0000] {dag.py:3239} INFO - Sync 1 DAGs
[2025-03-09T16:04:08.872+0000] {logging_mixin.py:190} INFO - [2025-03-09T16:04:08.872+0000] {dag.py:4180} INFO - Setting next_dagrun for example_params_trigger_ui to None, run_after=None
[2025-03-09T16:04:08.890+0000] {processor.py:208} INFO - Processing /home/airflow/.local/lib/python3.12/site-packages/airflow/example_dags/example_params_trigger_ui.py took 0.063 seconds
[2025-03-09T16:04:39.689+0000] {processor.py:186} INFO - Started process (PID=11999) to work on /home/airflow/.local/lib/python3.12/site-packages/airflow/example_dags/example_params_trigger_ui.py
[2025-03-09T16:04:39.699+0000] {processor.py:914} INFO - Processing file /home/airflow/.local/lib/python3.12/site-packages/airflow/example_dags/example_params_trigger_ui.py for tasks to queue
[2025-03-09T16:04:39.701+0000] {logging_mixin.py:190} INFO - [2025-03-09T16:04:39.700+0000] {dagbag.py:588} INFO - Filling up the DagBag from /home/airflow/.local/lib/python3.12/site-packages/airflow/example_dags/example_params_trigger_ui.py
[2025-03-09T16:04:39.708+0000] {processor.py:925} INFO - DAG(s) 'example_params_trigger_ui' retrieved from /home/airflow/.local/lib/python3.12/site-packages/airflow/example_dags/example_params_trigger_ui.py
[2025-03-09T16:04:39.733+0000] {logging_mixin.py:190} INFO - [2025-03-09T16:04:39.733+0000] {dag.py:3239} INFO - Sync 1 DAGs
[2025-03-09T16:04:39.741+0000] {logging_mixin.py:190} INFO - [2025-03-09T16:04:39.741+0000] {dag.py:4180} INFO - Setting next_dagrun for example_params_trigger_ui to None, run_after=None
[2025-03-09T16:04:39.753+0000] {processor.py:208} INFO - Processing /home/airflow/.local/lib/python3.12/site-packages/airflow/example_dags/example_params_trigger_ui.py took 0.068 seconds
[2025-03-09T16:05:10.699+0000] {processor.py:186} INFO - Started process (PID=12325) to work on /home/airflow/.local/lib/python3.12/site-packages/airflow/example_dags/example_params_trigger_ui.py
[2025-03-09T16:05:10.709+0000] {processor.py:914} INFO - Processing file /home/airflow/.local/lib/python3.12/site-packages/airflow/example_dags/example_params_trigger_ui.py for tasks to queue
[2025-03-09T16:05:10.711+0000] {logging_mixin.py:190} INFO - [2025-03-09T16:05:10.711+0000] {dagbag.py:588} INFO - Filling up the DagBag from /home/airflow/.local/lib/python3.12/site-packages/airflow/example_dags/example_params_trigger_ui.py
[2025-03-09T16:05:10.721+0000] {processor.py:925} INFO - DAG(s) 'example_params_trigger_ui' retrieved from /home/airflow/.local/lib/python3.12/site-packages/airflow/example_dags/example_params_trigger_ui.py
[2025-03-09T16:05:10.748+0000] {logging_mixin.py:190} INFO - [2025-03-09T16:05:10.748+0000] {dag.py:3239} INFO - Sync 1 DAGs
[2025-03-09T16:05:10.758+0000] {logging_mixin.py:190} INFO - [2025-03-09T16:05:10.758+0000] {dag.py:4180} INFO - Setting next_dagrun for example_params_trigger_ui to None, run_after=None
[2025-03-09T16:05:10.774+0000] {processor.py:208} INFO - Processing /home/airflow/.local/lib/python3.12/site-packages/airflow/example_dags/example_params_trigger_ui.py took 0.080 seconds
[2025-03-09T16:05:41.364+0000] {processor.py:186} INFO - Started process (PID=12651) to work on /home/airflow/.local/lib/python3.12/site-packages/airflow/example_dags/example_params_trigger_ui.py
[2025-03-09T16:05:41.374+0000] {processor.py:914} INFO - Processing file /home/airflow/.local/lib/python3.12/site-packages/airflow/example_dags/example_params_trigger_ui.py for tasks to queue
[2025-03-09T16:05:41.376+0000] {logging_mixin.py:190} INFO - [2025-03-09T16:05:41.376+0000] {dagbag.py:588} INFO - Filling up the DagBag from /home/airflow/.local/lib/python3.12/site-packages/airflow/example_dags/example_params_trigger_ui.py
[2025-03-09T16:05:41.384+0000] {processor.py:925} INFO - DAG(s) 'example_params_trigger_ui' retrieved from /home/airflow/.local/lib/python3.12/site-packages/airflow/example_dags/example_params_trigger_ui.py
[2025-03-09T16:05:41.410+0000] {logging_mixin.py:190} INFO - [2025-03-09T16:05:41.410+0000] {dag.py:3239} INFO - Sync 1 DAGs
[2025-03-09T16:05:41.418+0000] {logging_mixin.py:190} INFO - [2025-03-09T16:05:41.418+0000] {dag.py:4180} INFO - Setting next_dagrun for example_params_trigger_ui to None, run_after=None
[2025-03-09T16:05:41.429+0000] {processor.py:208} INFO - Processing /home/airflow/.local/lib/python3.12/site-packages/airflow/example_dags/example_params_trigger_ui.py took 0.071 seconds
[2025-03-09T16:06:11.920+0000] {processor.py:186} INFO - Started process (PID=12977) to work on /home/airflow/.local/lib/python3.12/site-packages/airflow/example_dags/example_params_trigger_ui.py
[2025-03-09T16:06:11.930+0000] {processor.py:914} INFO - Processing file /home/airflow/.local/lib/python3.12/site-packages/airflow/example_dags/example_params_trigger_ui.py for tasks to queue
[2025-03-09T16:06:11.933+0000] {logging_mixin.py:190} INFO - [2025-03-09T16:06:11.932+0000] {dagbag.py:588} INFO - Filling up the DagBag from /home/airflow/.local/lib/python3.12/site-packages/airflow/example_dags/example_params_trigger_ui.py
[2025-03-09T16:06:11.943+0000] {processor.py:925} INFO - DAG(s) 'example_params_trigger_ui' retrieved from /home/airflow/.local/lib/python3.12/site-packages/airflow/example_dags/example_params_trigger_ui.py
[2025-03-09T16:06:11.977+0000] {logging_mixin.py:190} INFO - [2025-03-09T16:06:11.976+0000] {dag.py:3239} INFO - Sync 1 DAGs
[2025-03-09T16:06:11.985+0000] {logging_mixin.py:190} INFO - [2025-03-09T16:06:11.985+0000] {dag.py:4180} INFO - Setting next_dagrun for example_params_trigger_ui to None, run_after=None
[2025-03-09T16:06:11.998+0000] {processor.py:208} INFO - Processing /home/airflow/.local/lib/python3.12/site-packages/airflow/example_dags/example_params_trigger_ui.py took 0.081 seconds
[2025-03-09T16:06:42.465+0000] {processor.py:186} INFO - Started process (PID=13303) to work on /home/airflow/.local/lib/python3.12/site-packages/airflow/example_dags/example_params_trigger_ui.py
[2025-03-09T16:06:42.476+0000] {processor.py:914} INFO - Processing file /home/airflow/.local/lib/python3.12/site-packages/airflow/example_dags/example_params_trigger_ui.py for tasks to queue
[2025-03-09T16:06:42.477+0000] {logging_mixin.py:190} INFO - [2025-03-09T16:06:42.477+0000] {dagbag.py:588} INFO - Filling up the DagBag from /home/airflow/.local/lib/python3.12/site-packages/airflow/example_dags/example_params_trigger_ui.py
[2025-03-09T16:06:42.483+0000] {processor.py:925} INFO - DAG(s) 'example_params_trigger_ui' retrieved from /home/airflow/.local/lib/python3.12/site-packages/airflow/example_dags/example_params_trigger_ui.py
[2025-03-09T16:06:42.507+0000] {logging_mixin.py:190} INFO - [2025-03-09T16:06:42.506+0000] {dag.py:3239} INFO - Sync 1 DAGs
[2025-03-09T16:06:42.515+0000] {logging_mixin.py:190} INFO - [2025-03-09T16:06:42.515+0000] {dag.py:4180} INFO - Setting next_dagrun for example_params_trigger_ui to None, run_after=None
[2025-03-09T16:06:42.526+0000] {processor.py:208} INFO - Processing /home/airflow/.local/lib/python3.12/site-packages/airflow/example_dags/example_params_trigger_ui.py took 0.064 seconds
[2025-03-09T16:07:13.198+0000] {processor.py:186} INFO - Started process (PID=13629) to work on /home/airflow/.local/lib/python3.12/site-packages/airflow/example_dags/example_params_trigger_ui.py
[2025-03-09T16:07:13.208+0000] {processor.py:914} INFO - Processing file /home/airflow/.local/lib/python3.12/site-packages/airflow/example_dags/example_params_trigger_ui.py for tasks to queue
[2025-03-09T16:07:13.209+0000] {logging_mixin.py:190} INFO - [2025-03-09T16:07:13.209+0000] {dagbag.py:588} INFO - Filling up the DagBag from /home/airflow/.local/lib/python3.12/site-packages/airflow/example_dags/example_params_trigger_ui.py
[2025-03-09T16:07:13.216+0000] {processor.py:925} INFO - DAG(s) 'example_params_trigger_ui' retrieved from /home/airflow/.local/lib/python3.12/site-packages/airflow/example_dags/example_params_trigger_ui.py
[2025-03-09T16:07:13.246+0000] {logging_mixin.py:190} INFO - [2025-03-09T16:07:13.246+0000] {dag.py:3239} INFO - Sync 1 DAGs
[2025-03-09T16:07:13.256+0000] {logging_mixin.py:190} INFO - [2025-03-09T16:07:13.255+0000] {dag.py:4180} INFO - Setting next_dagrun for example_params_trigger_ui to None, run_after=None
[2025-03-09T16:07:13.267+0000] {processor.py:208} INFO - Processing /home/airflow/.local/lib/python3.12/site-packages/airflow/example_dags/example_params_trigger_ui.py took 0.073 seconds
[2025-03-09T16:07:43.459+0000] {processor.py:186} INFO - Started process (PID=13955) to work on /home/airflow/.local/lib/python3.12/site-packages/airflow/example_dags/example_params_trigger_ui.py
[2025-03-09T16:07:43.460+0000] {processor.py:914} INFO - Processing file /home/airflow/.local/lib/python3.12/site-packages/airflow/example_dags/example_params_trigger_ui.py for tasks to queue
[2025-03-09T16:07:43.462+0000] {logging_mixin.py:190} INFO - [2025-03-09T16:07:43.462+0000] {dagbag.py:588} INFO - Filling up the DagBag from /home/airflow/.local/lib/python3.12/site-packages/airflow/example_dags/example_params_trigger_ui.py
[2025-03-09T16:07:43.473+0000] {processor.py:925} INFO - DAG(s) 'example_params_trigger_ui' retrieved from /home/airflow/.local/lib/python3.12/site-packages/airflow/example_dags/example_params_trigger_ui.py
[2025-03-09T16:07:43.514+0000] {logging_mixin.py:190} INFO - [2025-03-09T16:07:43.513+0000] {dag.py:3239} INFO - Sync 1 DAGs
[2025-03-09T16:07:43.522+0000] {logging_mixin.py:190} INFO - [2025-03-09T16:07:43.522+0000] {dag.py:4180} INFO - Setting next_dagrun for example_params_trigger_ui to None, run_after=None
[2025-03-09T16:07:43.536+0000] {processor.py:208} INFO - Processing /home/airflow/.local/lib/python3.12/site-packages/airflow/example_dags/example_params_trigger_ui.py took 0.086 seconds
[2025-03-09T16:08:13.642+0000] {processor.py:186} INFO - Started process (PID=14282) to work on /home/airflow/.local/lib/python3.12/site-packages/airflow/example_dags/example_params_trigger_ui.py
[2025-03-09T16:08:13.642+0000] {processor.py:914} INFO - Processing file /home/airflow/.local/lib/python3.12/site-packages/airflow/example_dags/example_params_trigger_ui.py for tasks to queue
[2025-03-09T16:08:13.643+0000] {logging_mixin.py:190} INFO - [2025-03-09T16:08:13.643+0000] {dagbag.py:588} INFO - Filling up the DagBag from /home/airflow/.local/lib/python3.12/site-packages/airflow/example_dags/example_params_trigger_ui.py
[2025-03-09T16:08:13.650+0000] {processor.py:925} INFO - DAG(s) 'example_params_trigger_ui' retrieved from /home/airflow/.local/lib/python3.12/site-packages/airflow/example_dags/example_params_trigger_ui.py
[2025-03-09T16:08:13.675+0000] {logging_mixin.py:190} INFO - [2025-03-09T16:08:13.675+0000] {dag.py:3239} INFO - Sync 1 DAGs
[2025-03-09T16:08:13.683+0000] {logging_mixin.py:190} INFO - [2025-03-09T16:08:13.683+0000] {dag.py:4180} INFO - Setting next_dagrun for example_params_trigger_ui to None, run_after=None
[2025-03-09T16:08:13.694+0000] {processor.py:208} INFO - Processing /home/airflow/.local/lib/python3.12/site-packages/airflow/example_dags/example_params_trigger_ui.py took 0.057 seconds
[2025-03-09T16:08:44.308+0000] {processor.py:186} INFO - Started process (PID=14608) to work on /home/airflow/.local/lib/python3.12/site-packages/airflow/example_dags/example_params_trigger_ui.py
[2025-03-09T16:08:44.318+0000] {processor.py:914} INFO - Processing file /home/airflow/.local/lib/python3.12/site-packages/airflow/example_dags/example_params_trigger_ui.py for tasks to queue
[2025-03-09T16:08:44.319+0000] {logging_mixin.py:190} INFO - [2025-03-09T16:08:44.319+0000] {dagbag.py:588} INFO - Filling up the DagBag from /home/airflow/.local/lib/python3.12/site-packages/airflow/example_dags/example_params_trigger_ui.py
[2025-03-09T16:08:44.326+0000] {processor.py:925} INFO - DAG(s) 'example_params_trigger_ui' retrieved from /home/airflow/.local/lib/python3.12/site-packages/airflow/example_dags/example_params_trigger_ui.py
[2025-03-09T16:08:44.362+0000] {logging_mixin.py:190} INFO - [2025-03-09T16:08:44.362+0000] {dag.py:3239} INFO - Sync 1 DAGs
[2025-03-09T16:08:44.373+0000] {logging_mixin.py:190} INFO - [2025-03-09T16:08:44.373+0000] {dag.py:4180} INFO - Setting next_dagrun for example_params_trigger_ui to None, run_after=None
[2025-03-09T16:08:44.393+0000] {processor.py:208} INFO - Processing /home/airflow/.local/lib/python3.12/site-packages/airflow/example_dags/example_params_trigger_ui.py took 0.088 seconds
[2025-03-09T16:09:14.436+0000] {processor.py:186} INFO - Started process (PID=14934) to work on /home/airflow/.local/lib/python3.12/site-packages/airflow/example_dags/example_params_trigger_ui.py
[2025-03-09T16:09:14.437+0000] {processor.py:914} INFO - Processing file /home/airflow/.local/lib/python3.12/site-packages/airflow/example_dags/example_params_trigger_ui.py for tasks to queue
[2025-03-09T16:09:14.438+0000] {logging_mixin.py:190} INFO - [2025-03-09T16:09:14.438+0000] {dagbag.py:588} INFO - Filling up the DagBag from /home/airflow/.local/lib/python3.12/site-packages/airflow/example_dags/example_params_trigger_ui.py
[2025-03-09T16:09:14.445+0000] {processor.py:925} INFO - DAG(s) 'example_params_trigger_ui' retrieved from /home/airflow/.local/lib/python3.12/site-packages/airflow/example_dags/example_params_trigger_ui.py
[2025-03-09T16:09:14.477+0000] {logging_mixin.py:190} INFO - [2025-03-09T16:09:14.476+0000] {dag.py:3239} INFO - Sync 1 DAGs
[2025-03-09T16:09:14.484+0000] {logging_mixin.py:190} INFO - [2025-03-09T16:09:14.484+0000] {dag.py:4180} INFO - Setting next_dagrun for example_params_trigger_ui to None, run_after=None
[2025-03-09T16:09:14.498+0000] {processor.py:208} INFO - Processing /home/airflow/.local/lib/python3.12/site-packages/airflow/example_dags/example_params_trigger_ui.py took 0.065 seconds
[2025-03-09T16:09:45.462+0000] {processor.py:186} INFO - Started process (PID=15260) to work on /home/airflow/.local/lib/python3.12/site-packages/airflow/example_dags/example_params_trigger_ui.py
[2025-03-09T16:09:45.472+0000] {processor.py:914} INFO - Processing file /home/airflow/.local/lib/python3.12/site-packages/airflow/example_dags/example_params_trigger_ui.py for tasks to queue
[2025-03-09T16:09:45.474+0000] {logging_mixin.py:190} INFO - [2025-03-09T16:09:45.474+0000] {dagbag.py:588} INFO - Filling up the DagBag from /home/airflow/.local/lib/python3.12/site-packages/airflow/example_dags/example_params_trigger_ui.py
[2025-03-09T16:09:45.488+0000] {processor.py:925} INFO - DAG(s) 'example_params_trigger_ui' retrieved from /home/airflow/.local/lib/python3.12/site-packages/airflow/example_dags/example_params_trigger_ui.py
[2025-03-09T16:09:45.520+0000] {logging_mixin.py:190} INFO - [2025-03-09T16:09:45.520+0000] {dag.py:3239} INFO - Sync 1 DAGs
[2025-03-09T16:09:45.528+0000] {logging_mixin.py:190} INFO - [2025-03-09T16:09:45.528+0000] {dag.py:4180} INFO - Setting next_dagrun for example_params_trigger_ui to None, run_after=None
[2025-03-09T16:09:45.542+0000] {processor.py:208} INFO - Processing /home/airflow/.local/lib/python3.12/site-packages/airflow/example_dags/example_params_trigger_ui.py took 0.083 seconds
[2025-03-09T16:10:16.255+0000] {processor.py:186} INFO - Started process (PID=15586) to work on /home/airflow/.local/lib/python3.12/site-packages/airflow/example_dags/example_params_trigger_ui.py
[2025-03-09T16:10:16.266+0000] {processor.py:914} INFO - Processing file /home/airflow/.local/lib/python3.12/site-packages/airflow/example_dags/example_params_trigger_ui.py for tasks to queue
[2025-03-09T16:10:16.267+0000] {logging_mixin.py:190} INFO - [2025-03-09T16:10:16.267+0000] {dagbag.py:588} INFO - Filling up the DagBag from /home/airflow/.local/lib/python3.12/site-packages/airflow/example_dags/example_params_trigger_ui.py
[2025-03-09T16:10:16.274+0000] {processor.py:925} INFO - DAG(s) 'example_params_trigger_ui' retrieved from /home/airflow/.local/lib/python3.12/site-packages/airflow/example_dags/example_params_trigger_ui.py
[2025-03-09T16:10:16.300+0000] {logging_mixin.py:190} INFO - [2025-03-09T16:10:16.299+0000] {dag.py:3239} INFO - Sync 1 DAGs
[2025-03-09T16:10:16.308+0000] {logging_mixin.py:190} INFO - [2025-03-09T16:10:16.308+0000] {dag.py:4180} INFO - Setting next_dagrun for example_params_trigger_ui to None, run_after=None
[2025-03-09T16:10:16.322+0000] {processor.py:208} INFO - Processing /home/airflow/.local/lib/python3.12/site-packages/airflow/example_dags/example_params_trigger_ui.py took 0.072 seconds
[2025-03-09T16:10:46.738+0000] {processor.py:186} INFO - Started process (PID=15912) to work on /home/airflow/.local/lib/python3.12/site-packages/airflow/example_dags/example_params_trigger_ui.py
[2025-03-09T16:10:46.738+0000] {processor.py:914} INFO - Processing file /home/airflow/.local/lib/python3.12/site-packages/airflow/example_dags/example_params_trigger_ui.py for tasks to queue
[2025-03-09T16:10:46.740+0000] {logging_mixin.py:190} INFO - [2025-03-09T16:10:46.739+0000] {dagbag.py:588} INFO - Filling up the DagBag from /home/airflow/.local/lib/python3.12/site-packages/airflow/example_dags/example_params_trigger_ui.py
[2025-03-09T16:10:46.746+0000] {processor.py:925} INFO - DAG(s) 'example_params_trigger_ui' retrieved from /home/airflow/.local/lib/python3.12/site-packages/airflow/example_dags/example_params_trigger_ui.py
[2025-03-09T16:10:46.772+0000] {logging_mixin.py:190} INFO - [2025-03-09T16:10:46.772+0000] {dag.py:3239} INFO - Sync 1 DAGs
[2025-03-09T16:10:46.780+0000] {logging_mixin.py:190} INFO - [2025-03-09T16:10:46.780+0000] {dag.py:4180} INFO - Setting next_dagrun for example_params_trigger_ui to None, run_after=None
[2025-03-09T16:10:46.795+0000] {processor.py:208} INFO - Processing /home/airflow/.local/lib/python3.12/site-packages/airflow/example_dags/example_params_trigger_ui.py took 0.062 seconds
[2025-03-09T16:11:17.365+0000] {processor.py:186} INFO - Started process (PID=16238) to work on /home/airflow/.local/lib/python3.12/site-packages/airflow/example_dags/example_params_trigger_ui.py
[2025-03-09T16:11:17.375+0000] {processor.py:914} INFO - Processing file /home/airflow/.local/lib/python3.12/site-packages/airflow/example_dags/example_params_trigger_ui.py for tasks to queue
[2025-03-09T16:11:17.377+0000] {logging_mixin.py:190} INFO - [2025-03-09T16:11:17.377+0000] {dagbag.py:588} INFO - Filling up the DagBag from /home/airflow/.local/lib/python3.12/site-packages/airflow/example_dags/example_params_trigger_ui.py
[2025-03-09T16:11:17.385+0000] {processor.py:925} INFO - DAG(s) 'example_params_trigger_ui' retrieved from /home/airflow/.local/lib/python3.12/site-packages/airflow/example_dags/example_params_trigger_ui.py
[2025-03-09T16:11:17.410+0000] {logging_mixin.py:190} INFO - [2025-03-09T16:11:17.410+0000] {dag.py:3239} INFO - Sync 1 DAGs
[2025-03-09T16:11:17.418+0000] {logging_mixin.py:190} INFO - [2025-03-09T16:11:17.418+0000] {dag.py:4180} INFO - Setting next_dagrun for example_params_trigger_ui to None, run_after=None
[2025-03-09T16:11:17.431+0000] {processor.py:208} INFO - Processing /home/airflow/.local/lib/python3.12/site-packages/airflow/example_dags/example_params_trigger_ui.py took 0.070 seconds
[2025-03-09T16:11:47.879+0000] {processor.py:186} INFO - Started process (PID=16564) to work on /home/airflow/.local/lib/python3.12/site-packages/airflow/example_dags/example_params_trigger_ui.py
[2025-03-09T16:11:47.889+0000] {processor.py:914} INFO - Processing file /home/airflow/.local/lib/python3.12/site-packages/airflow/example_dags/example_params_trigger_ui.py for tasks to queue
[2025-03-09T16:11:47.892+0000] {logging_mixin.py:190} INFO - [2025-03-09T16:11:47.892+0000] {dagbag.py:588} INFO - Filling up the DagBag from /home/airflow/.local/lib/python3.12/site-packages/airflow/example_dags/example_params_trigger_ui.py
[2025-03-09T16:11:47.902+0000] {processor.py:925} INFO - DAG(s) 'example_params_trigger_ui' retrieved from /home/airflow/.local/lib/python3.12/site-packages/airflow/example_dags/example_params_trigger_ui.py
[2025-03-09T16:11:47.933+0000] {logging_mixin.py:190} INFO - [2025-03-09T16:11:47.933+0000] {dag.py:3239} INFO - Sync 1 DAGs
[2025-03-09T16:11:47.942+0000] {logging_mixin.py:190} INFO - [2025-03-09T16:11:47.942+0000] {dag.py:4180} INFO - Setting next_dagrun for example_params_trigger_ui to None, run_after=None
[2025-03-09T16:11:47.954+0000] {processor.py:208} INFO - Processing /home/airflow/.local/lib/python3.12/site-packages/airflow/example_dags/example_params_trigger_ui.py took 0.083 seconds
[2025-03-09T16:12:18.752+0000] {processor.py:186} INFO - Started process (PID=16896) to work on /home/airflow/.local/lib/python3.12/site-packages/airflow/example_dags/example_params_trigger_ui.py
[2025-03-09T16:12:18.762+0000] {processor.py:914} INFO - Processing file /home/airflow/.local/lib/python3.12/site-packages/airflow/example_dags/example_params_trigger_ui.py for tasks to queue
[2025-03-09T16:12:18.764+0000] {logging_mixin.py:190} INFO - [2025-03-09T16:12:18.764+0000] {dagbag.py:588} INFO - Filling up the DagBag from /home/airflow/.local/lib/python3.12/site-packages/airflow/example_dags/example_params_trigger_ui.py
[2025-03-09T16:12:18.771+0000] {processor.py:925} INFO - DAG(s) 'example_params_trigger_ui' retrieved from /home/airflow/.local/lib/python3.12/site-packages/airflow/example_dags/example_params_trigger_ui.py
[2025-03-09T16:12:18.796+0000] {logging_mixin.py:190} INFO - [2025-03-09T16:12:18.796+0000] {dag.py:3239} INFO - Sync 1 DAGs
[2025-03-09T16:12:18.805+0000] {logging_mixin.py:190} INFO - [2025-03-09T16:12:18.805+0000] {dag.py:4180} INFO - Setting next_dagrun for example_params_trigger_ui to None, run_after=None
[2025-03-09T16:12:18.817+0000] {processor.py:208} INFO - Processing /home/airflow/.local/lib/python3.12/site-packages/airflow/example_dags/example_params_trigger_ui.py took 0.070 seconds
[2025-03-09T16:12:48.858+0000] {processor.py:186} INFO - Started process (PID=17222) to work on /home/airflow/.local/lib/python3.12/site-packages/airflow/example_dags/example_params_trigger_ui.py
[2025-03-09T16:12:48.868+0000] {processor.py:914} INFO - Processing file /home/airflow/.local/lib/python3.12/site-packages/airflow/example_dags/example_params_trigger_ui.py for tasks to queue
[2025-03-09T16:12:48.869+0000] {logging_mixin.py:190} INFO - [2025-03-09T16:12:48.869+0000] {dagbag.py:588} INFO - Filling up the DagBag from /home/airflow/.local/lib/python3.12/site-packages/airflow/example_dags/example_params_trigger_ui.py
[2025-03-09T16:12:48.876+0000] {processor.py:925} INFO - DAG(s) 'example_params_trigger_ui' retrieved from /home/airflow/.local/lib/python3.12/site-packages/airflow/example_dags/example_params_trigger_ui.py
[2025-03-09T16:12:48.910+0000] {logging_mixin.py:190} INFO - [2025-03-09T16:12:48.910+0000] {dag.py:3239} INFO - Sync 1 DAGs
[2025-03-09T16:12:48.919+0000] {logging_mixin.py:190} INFO - [2025-03-09T16:12:48.919+0000] {dag.py:4180} INFO - Setting next_dagrun for example_params_trigger_ui to None, run_after=None
[2025-03-09T16:12:48.933+0000] {processor.py:208} INFO - Processing /home/airflow/.local/lib/python3.12/site-packages/airflow/example_dags/example_params_trigger_ui.py took 0.079 seconds
[2025-03-09T16:13:19.115+0000] {processor.py:186} INFO - Started process (PID=17548) to work on /home/airflow/.local/lib/python3.12/site-packages/airflow/example_dags/example_params_trigger_ui.py
[2025-03-09T16:13:19.125+0000] {processor.py:914} INFO - Processing file /home/airflow/.local/lib/python3.12/site-packages/airflow/example_dags/example_params_trigger_ui.py for tasks to queue
[2025-03-09T16:13:19.127+0000] {logging_mixin.py:190} INFO - [2025-03-09T16:13:19.127+0000] {dagbag.py:588} INFO - Filling up the DagBag from /home/airflow/.local/lib/python3.12/site-packages/airflow/example_dags/example_params_trigger_ui.py
[2025-03-09T16:13:19.135+0000] {processor.py:925} INFO - DAG(s) 'example_params_trigger_ui' retrieved from /home/airflow/.local/lib/python3.12/site-packages/airflow/example_dags/example_params_trigger_ui.py
[2025-03-09T16:13:19.161+0000] {logging_mixin.py:190} INFO - [2025-03-09T16:13:19.161+0000] {dag.py:3239} INFO - Sync 1 DAGs
[2025-03-09T16:13:19.170+0000] {logging_mixin.py:190} INFO - [2025-03-09T16:13:19.170+0000] {dag.py:4180} INFO - Setting next_dagrun for example_params_trigger_ui to None, run_after=None
[2025-03-09T16:13:19.183+0000] {processor.py:208} INFO - Processing /home/airflow/.local/lib/python3.12/site-packages/airflow/example_dags/example_params_trigger_ui.py took 0.073 seconds
[2025-03-09T16:13:50.096+0000] {processor.py:186} INFO - Started process (PID=17874) to work on /home/airflow/.local/lib/python3.12/site-packages/airflow/example_dags/example_params_trigger_ui.py
[2025-03-09T16:13:50.107+0000] {processor.py:914} INFO - Processing file /home/airflow/.local/lib/python3.12/site-packages/airflow/example_dags/example_params_trigger_ui.py for tasks to queue
[2025-03-09T16:13:50.109+0000] {logging_mixin.py:190} INFO - [2025-03-09T16:13:50.109+0000] {dagbag.py:588} INFO - Filling up the DagBag from /home/airflow/.local/lib/python3.12/site-packages/airflow/example_dags/example_params_trigger_ui.py
[2025-03-09T16:13:50.117+0000] {processor.py:925} INFO - DAG(s) 'example_params_trigger_ui' retrieved from /home/airflow/.local/lib/python3.12/site-packages/airflow/example_dags/example_params_trigger_ui.py
[2025-03-09T16:13:50.150+0000] {logging_mixin.py:190} INFO - [2025-03-09T16:13:50.150+0000] {dag.py:3239} INFO - Sync 1 DAGs
[2025-03-09T16:13:50.162+0000] {logging_mixin.py:190} INFO - [2025-03-09T16:13:50.162+0000] {dag.py:4180} INFO - Setting next_dagrun for example_params_trigger_ui to None, run_after=None
[2025-03-09T16:13:50.179+0000] {processor.py:208} INFO - Processing /home/airflow/.local/lib/python3.12/site-packages/airflow/example_dags/example_params_trigger_ui.py took 0.087 seconds
[2025-03-09T16:14:20.959+0000] {processor.py:186} INFO - Started process (PID=18200) to work on /home/airflow/.local/lib/python3.12/site-packages/airflow/example_dags/example_params_trigger_ui.py
[2025-03-09T16:14:20.969+0000] {processor.py:914} INFO - Processing file /home/airflow/.local/lib/python3.12/site-packages/airflow/example_dags/example_params_trigger_ui.py for tasks to queue
[2025-03-09T16:14:20.970+0000] {logging_mixin.py:190} INFO - [2025-03-09T16:14:20.970+0000] {dagbag.py:588} INFO - Filling up the DagBag from /home/airflow/.local/lib/python3.12/site-packages/airflow/example_dags/example_params_trigger_ui.py
[2025-03-09T16:14:20.979+0000] {processor.py:925} INFO - DAG(s) 'example_params_trigger_ui' retrieved from /home/airflow/.local/lib/python3.12/site-packages/airflow/example_dags/example_params_trigger_ui.py
[2025-03-09T16:14:21.011+0000] {logging_mixin.py:190} INFO - [2025-03-09T16:14:21.011+0000] {dag.py:3239} INFO - Sync 1 DAGs
[2025-03-09T16:14:21.024+0000] {logging_mixin.py:190} INFO - [2025-03-09T16:14:21.024+0000] {dag.py:4180} INFO - Setting next_dagrun for example_params_trigger_ui to None, run_after=None
[2025-03-09T16:14:21.047+0000] {processor.py:208} INFO - Processing /home/airflow/.local/lib/python3.12/site-packages/airflow/example_dags/example_params_trigger_ui.py took 0.092 seconds
[2025-03-09T16:14:51.674+0000] {processor.py:186} INFO - Started process (PID=18526) to work on /home/airflow/.local/lib/python3.12/site-packages/airflow/example_dags/example_params_trigger_ui.py
[2025-03-09T16:14:51.684+0000] {processor.py:914} INFO - Processing file /home/airflow/.local/lib/python3.12/site-packages/airflow/example_dags/example_params_trigger_ui.py for tasks to queue
[2025-03-09T16:14:51.686+0000] {logging_mixin.py:190} INFO - [2025-03-09T16:14:51.686+0000] {dagbag.py:588} INFO - Filling up the DagBag from /home/airflow/.local/lib/python3.12/site-packages/airflow/example_dags/example_params_trigger_ui.py
[2025-03-09T16:14:51.693+0000] {processor.py:925} INFO - DAG(s) 'example_params_trigger_ui' retrieved from /home/airflow/.local/lib/python3.12/site-packages/airflow/example_dags/example_params_trigger_ui.py
[2025-03-09T16:14:51.719+0000] {logging_mixin.py:190} INFO - [2025-03-09T16:14:51.719+0000] {dag.py:3239} INFO - Sync 1 DAGs
[2025-03-09T16:14:51.727+0000] {logging_mixin.py:190} INFO - [2025-03-09T16:14:51.727+0000] {dag.py:4180} INFO - Setting next_dagrun for example_params_trigger_ui to None, run_after=None
[2025-03-09T16:14:51.741+0000] {processor.py:208} INFO - Processing /home/airflow/.local/lib/python3.12/site-packages/airflow/example_dags/example_params_trigger_ui.py took 0.074 seconds
[2025-03-09T16:15:22.585+0000] {processor.py:186} INFO - Started process (PID=18852) to work on /home/airflow/.local/lib/python3.12/site-packages/airflow/example_dags/example_params_trigger_ui.py
[2025-03-09T16:15:22.595+0000] {processor.py:914} INFO - Processing file /home/airflow/.local/lib/python3.12/site-packages/airflow/example_dags/example_params_trigger_ui.py for tasks to queue
[2025-03-09T16:15:22.596+0000] {logging_mixin.py:190} INFO - [2025-03-09T16:15:22.596+0000] {dagbag.py:588} INFO - Filling up the DagBag from /home/airflow/.local/lib/python3.12/site-packages/airflow/example_dags/example_params_trigger_ui.py
[2025-03-09T16:15:22.602+0000] {processor.py:925} INFO - DAG(s) 'example_params_trigger_ui' retrieved from /home/airflow/.local/lib/python3.12/site-packages/airflow/example_dags/example_params_trigger_ui.py
[2025-03-09T16:15:22.631+0000] {logging_mixin.py:190} INFO - [2025-03-09T16:15:22.631+0000] {dag.py:3239} INFO - Sync 1 DAGs
[2025-03-09T16:15:22.639+0000] {logging_mixin.py:190} INFO - [2025-03-09T16:15:22.639+0000] {dag.py:4180} INFO - Setting next_dagrun for example_params_trigger_ui to None, run_after=None
[2025-03-09T16:15:22.650+0000] {processor.py:208} INFO - Processing /home/airflow/.local/lib/python3.12/site-packages/airflow/example_dags/example_params_trigger_ui.py took 0.069 seconds
[2025-03-09T16:15:53.393+0000] {processor.py:186} INFO - Started process (PID=19178) to work on /home/airflow/.local/lib/python3.12/site-packages/airflow/example_dags/example_params_trigger_ui.py
[2025-03-09T16:15:53.403+0000] {processor.py:914} INFO - Processing file /home/airflow/.local/lib/python3.12/site-packages/airflow/example_dags/example_params_trigger_ui.py for tasks to queue
[2025-03-09T16:15:53.405+0000] {logging_mixin.py:190} INFO - [2025-03-09T16:15:53.405+0000] {dagbag.py:588} INFO - Filling up the DagBag from /home/airflow/.local/lib/python3.12/site-packages/airflow/example_dags/example_params_trigger_ui.py
[2025-03-09T16:15:53.411+0000] {processor.py:925} INFO - DAG(s) 'example_params_trigger_ui' retrieved from /home/airflow/.local/lib/python3.12/site-packages/airflow/example_dags/example_params_trigger_ui.py
[2025-03-09T16:15:53.438+0000] {logging_mixin.py:190} INFO - [2025-03-09T16:15:53.438+0000] {dag.py:3239} INFO - Sync 1 DAGs
[2025-03-09T16:15:53.448+0000] {logging_mixin.py:190} INFO - [2025-03-09T16:15:53.448+0000] {dag.py:4180} INFO - Setting next_dagrun for example_params_trigger_ui to None, run_after=None
[2025-03-09T16:15:53.460+0000] {processor.py:208} INFO - Processing /home/airflow/.local/lib/python3.12/site-packages/airflow/example_dags/example_params_trigger_ui.py took 0.072 seconds
[2025-03-09T16:16:23.709+0000] {processor.py:186} INFO - Started process (PID=19504) to work on /home/airflow/.local/lib/python3.12/site-packages/airflow/example_dags/example_params_trigger_ui.py
[2025-03-09T16:16:23.719+0000] {processor.py:914} INFO - Processing file /home/airflow/.local/lib/python3.12/site-packages/airflow/example_dags/example_params_trigger_ui.py for tasks to queue
[2025-03-09T16:16:23.721+0000] {logging_mixin.py:190} INFO - [2025-03-09T16:16:23.720+0000] {dagbag.py:588} INFO - Filling up the DagBag from /home/airflow/.local/lib/python3.12/site-packages/airflow/example_dags/example_params_trigger_ui.py
[2025-03-09T16:16:23.732+0000] {processor.py:925} INFO - DAG(s) 'example_params_trigger_ui' retrieved from /home/airflow/.local/lib/python3.12/site-packages/airflow/example_dags/example_params_trigger_ui.py
[2025-03-09T16:16:23.760+0000] {logging_mixin.py:190} INFO - [2025-03-09T16:16:23.760+0000] {dag.py:3239} INFO - Sync 1 DAGs
[2025-03-09T16:16:23.769+0000] {logging_mixin.py:190} INFO - [2025-03-09T16:16:23.769+0000] {dag.py:4180} INFO - Setting next_dagrun for example_params_trigger_ui to None, run_after=None
[2025-03-09T16:16:23.784+0000] {processor.py:208} INFO - Processing /home/airflow/.local/lib/python3.12/site-packages/airflow/example_dags/example_params_trigger_ui.py took 0.079 seconds
[2025-03-09T16:16:53.879+0000] {processor.py:186} INFO - Started process (PID=19830) to work on /home/airflow/.local/lib/python3.12/site-packages/airflow/example_dags/example_params_trigger_ui.py
[2025-03-09T16:16:53.889+0000] {processor.py:914} INFO - Processing file /home/airflow/.local/lib/python3.12/site-packages/airflow/example_dags/example_params_trigger_ui.py for tasks to queue
[2025-03-09T16:16:53.890+0000] {logging_mixin.py:190} INFO - [2025-03-09T16:16:53.890+0000] {dagbag.py:588} INFO - Filling up the DagBag from /home/airflow/.local/lib/python3.12/site-packages/airflow/example_dags/example_params_trigger_ui.py
[2025-03-09T16:16:53.897+0000] {processor.py:925} INFO - DAG(s) 'example_params_trigger_ui' retrieved from /home/airflow/.local/lib/python3.12/site-packages/airflow/example_dags/example_params_trigger_ui.py
[2025-03-09T16:16:53.923+0000] {logging_mixin.py:190} INFO - [2025-03-09T16:16:53.923+0000] {dag.py:3239} INFO - Sync 1 DAGs
[2025-03-09T16:16:53.931+0000] {logging_mixin.py:190} INFO - [2025-03-09T16:16:53.931+0000] {dag.py:4180} INFO - Setting next_dagrun for example_params_trigger_ui to None, run_after=None
[2025-03-09T16:16:53.944+0000] {processor.py:208} INFO - Processing /home/airflow/.local/lib/python3.12/site-packages/airflow/example_dags/example_params_trigger_ui.py took 0.071 seconds
[2025-03-09T16:17:24.026+0000] {processor.py:186} INFO - Started process (PID=20156) to work on /home/airflow/.local/lib/python3.12/site-packages/airflow/example_dags/example_params_trigger_ui.py
[2025-03-09T16:17:24.036+0000] {processor.py:914} INFO - Processing file /home/airflow/.local/lib/python3.12/site-packages/airflow/example_dags/example_params_trigger_ui.py for tasks to queue
[2025-03-09T16:17:24.037+0000] {logging_mixin.py:190} INFO - [2025-03-09T16:17:24.037+0000] {dagbag.py:588} INFO - Filling up the DagBag from /home/airflow/.local/lib/python3.12/site-packages/airflow/example_dags/example_params_trigger_ui.py
[2025-03-09T16:17:24.049+0000] {processor.py:925} INFO - DAG(s) 'example_params_trigger_ui' retrieved from /home/airflow/.local/lib/python3.12/site-packages/airflow/example_dags/example_params_trigger_ui.py
[2025-03-09T16:17:24.093+0000] {logging_mixin.py:190} INFO - [2025-03-09T16:17:24.093+0000] {dag.py:3239} INFO - Sync 1 DAGs
[2025-03-09T16:17:24.102+0000] {logging_mixin.py:190} INFO - [2025-03-09T16:17:24.102+0000] {dag.py:4180} INFO - Setting next_dagrun for example_params_trigger_ui to None, run_after=None
[2025-03-09T16:17:24.115+0000] {processor.py:208} INFO - Processing /home/airflow/.local/lib/python3.12/site-packages/airflow/example_dags/example_params_trigger_ui.py took 0.093 seconds
[2025-03-09T16:17:55.045+0000] {processor.py:186} INFO - Started process (PID=20482) to work on /home/airflow/.local/lib/python3.12/site-packages/airflow/example_dags/example_params_trigger_ui.py
[2025-03-09T16:17:55.046+0000] {processor.py:914} INFO - Processing file /home/airflow/.local/lib/python3.12/site-packages/airflow/example_dags/example_params_trigger_ui.py for tasks to queue
[2025-03-09T16:17:55.047+0000] {logging_mixin.py:190} INFO - [2025-03-09T16:17:55.047+0000] {dagbag.py:588} INFO - Filling up the DagBag from /home/airflow/.local/lib/python3.12/site-packages/airflow/example_dags/example_params_trigger_ui.py
[2025-03-09T16:17:55.054+0000] {processor.py:925} INFO - DAG(s) 'example_params_trigger_ui' retrieved from /home/airflow/.local/lib/python3.12/site-packages/airflow/example_dags/example_params_trigger_ui.py
[2025-03-09T16:17:55.082+0000] {logging_mixin.py:190} INFO - [2025-03-09T16:17:55.081+0000] {dag.py:3239} INFO - Sync 1 DAGs
[2025-03-09T16:17:55.090+0000] {logging_mixin.py:190} INFO - [2025-03-09T16:17:55.090+0000] {dag.py:4180} INFO - Setting next_dagrun for example_params_trigger_ui to None, run_after=None
[2025-03-09T16:17:55.103+0000] {processor.py:208} INFO - Processing /home/airflow/.local/lib/python3.12/site-packages/airflow/example_dags/example_params_trigger_ui.py took 0.061 seconds
[2025-03-09T16:18:25.380+0000] {processor.py:186} INFO - Started process (PID=20808) to work on /home/airflow/.local/lib/python3.12/site-packages/airflow/example_dags/example_params_trigger_ui.py
[2025-03-09T16:18:25.390+0000] {processor.py:914} INFO - Processing file /home/airflow/.local/lib/python3.12/site-packages/airflow/example_dags/example_params_trigger_ui.py for tasks to queue
[2025-03-09T16:18:25.391+0000] {logging_mixin.py:190} INFO - [2025-03-09T16:18:25.391+0000] {dagbag.py:588} INFO - Filling up the DagBag from /home/airflow/.local/lib/python3.12/site-packages/airflow/example_dags/example_params_trigger_ui.py
[2025-03-09T16:18:25.398+0000] {processor.py:925} INFO - DAG(s) 'example_params_trigger_ui' retrieved from /home/airflow/.local/lib/python3.12/site-packages/airflow/example_dags/example_params_trigger_ui.py
[2025-03-09T16:18:25.440+0000] {logging_mixin.py:190} INFO - [2025-03-09T16:18:25.440+0000] {dag.py:3239} INFO - Sync 1 DAGs
[2025-03-09T16:18:25.454+0000] {logging_mixin.py:190} INFO - [2025-03-09T16:18:25.454+0000] {dag.py:4180} INFO - Setting next_dagrun for example_params_trigger_ui to None, run_after=None
[2025-03-09T16:18:25.470+0000] {processor.py:208} INFO - Processing /home/airflow/.local/lib/python3.12/site-packages/airflow/example_dags/example_params_trigger_ui.py took 0.094 seconds
[2025-03-09T16:18:55.779+0000] {processor.py:186} INFO - Started process (PID=21134) to work on /home/airflow/.local/lib/python3.12/site-packages/airflow/example_dags/example_params_trigger_ui.py
[2025-03-09T16:18:55.780+0000] {processor.py:914} INFO - Processing file /home/airflow/.local/lib/python3.12/site-packages/airflow/example_dags/example_params_trigger_ui.py for tasks to queue
[2025-03-09T16:18:55.781+0000] {logging_mixin.py:190} INFO - [2025-03-09T16:18:55.781+0000] {dagbag.py:588} INFO - Filling up the DagBag from /home/airflow/.local/lib/python3.12/site-packages/airflow/example_dags/example_params_trigger_ui.py
[2025-03-09T16:18:55.789+0000] {processor.py:925} INFO - DAG(s) 'example_params_trigger_ui' retrieved from /home/airflow/.local/lib/python3.12/site-packages/airflow/example_dags/example_params_trigger_ui.py
[2025-03-09T16:18:55.815+0000] {logging_mixin.py:190} INFO - [2025-03-09T16:18:55.814+0000] {dag.py:3239} INFO - Sync 1 DAGs
[2025-03-09T16:18:55.822+0000] {logging_mixin.py:190} INFO - [2025-03-09T16:18:55.822+0000] {dag.py:4180} INFO - Setting next_dagrun for example_params_trigger_ui to None, run_after=None
[2025-03-09T16:18:55.835+0000] {processor.py:208} INFO - Processing /home/airflow/.local/lib/python3.12/site-packages/airflow/example_dags/example_params_trigger_ui.py took 0.061 seconds
[2025-03-09T16:19:26.446+0000] {processor.py:186} INFO - Started process (PID=21458) to work on /home/airflow/.local/lib/python3.12/site-packages/airflow/example_dags/example_params_trigger_ui.py
[2025-03-09T16:19:26.447+0000] {processor.py:914} INFO - Processing file /home/airflow/.local/lib/python3.12/site-packages/airflow/example_dags/example_params_trigger_ui.py for tasks to queue
[2025-03-09T16:19:26.448+0000] {logging_mixin.py:190} INFO - [2025-03-09T16:19:26.448+0000] {dagbag.py:588} INFO - Filling up the DagBag from /home/airflow/.local/lib/python3.12/site-packages/airflow/example_dags/example_params_trigger_ui.py
[2025-03-09T16:19:26.454+0000] {processor.py:925} INFO - DAG(s) 'example_params_trigger_ui' retrieved from /home/airflow/.local/lib/python3.12/site-packages/airflow/example_dags/example_params_trigger_ui.py
[2025-03-09T16:19:26.482+0000] {logging_mixin.py:190} INFO - [2025-03-09T16:19:26.481+0000] {dag.py:3239} INFO - Sync 1 DAGs
[2025-03-09T16:19:26.613+0000] {logging_mixin.py:190} INFO - [2025-03-09T16:19:26.612+0000] {dag.py:4180} INFO - Setting next_dagrun for example_params_trigger_ui to None, run_after=None
[2025-03-09T16:19:26.631+0000] {processor.py:208} INFO - Processing /home/airflow/.local/lib/python3.12/site-packages/airflow/example_dags/example_params_trigger_ui.py took 0.188 seconds
