[2025-03-09T15:46:15.543+0000] {processor.py:186} INFO - Started process (PID=412) to work on /home/airflow/.local/lib/python3.12/site-packages/airflow/example_dags/example_python_decorator.py
[2025-03-09T15:46:15.544+0000] {processor.py:914} INFO - Processing file /home/airflow/.local/lib/python3.12/site-packages/airflow/example_dags/example_python_decorator.py for tasks to queue
[2025-03-09T15:46:15.545+0000] {logging_mixin.py:190} INFO - [2025-03-09T15:46:15.545+0000] {dagbag.py:588} INFO - Filling up the DagBag from /home/airflow/.local/lib/python3.12/site-packages/airflow/example_dags/example_python_decorator.py
[2025-03-09T15:46:15.553+0000] {processor.py:925} INFO - DAG(s) 'example_python_decorator' retrieved from /home/airflow/.local/lib/python3.12/site-packages/airflow/example_dags/example_python_decorator.py
[2025-03-09T15:46:15.627+0000] {logging_mixin.py:190} INFO - [2025-03-09T15:46:15.626+0000] {dag.py:3239} INFO - Sync 1 DAGs
[2025-03-09T15:46:15.634+0000] {logging_mixin.py:190} INFO - [2025-03-09T15:46:15.633+0000] {dag.py:4180} INFO - Setting next_dagrun for example_python_decorator to None, run_after=None
[2025-03-09T15:46:15.645+0000] {processor.py:208} INFO - Processing /home/airflow/.local/lib/python3.12/site-packages/airflow/example_dags/example_python_decorator.py took 0.106 seconds
[2025-03-09T15:46:46.585+0000] {processor.py:186} INFO - Started process (PID=738) to work on /home/airflow/.local/lib/python3.12/site-packages/airflow/example_dags/example_python_decorator.py
[2025-03-09T15:46:46.586+0000] {processor.py:914} INFO - Processing file /home/airflow/.local/lib/python3.12/site-packages/airflow/example_dags/example_python_decorator.py for tasks to queue
[2025-03-09T15:46:46.587+0000] {logging_mixin.py:190} INFO - [2025-03-09T15:46:46.587+0000] {dagbag.py:588} INFO - Filling up the DagBag from /home/airflow/.local/lib/python3.12/site-packages/airflow/example_dags/example_python_decorator.py
[2025-03-09T15:46:46.595+0000] {processor.py:925} INFO - DAG(s) 'example_python_decorator' retrieved from /home/airflow/.local/lib/python3.12/site-packages/airflow/example_dags/example_python_decorator.py
[2025-03-09T15:46:46.613+0000] {logging_mixin.py:190} INFO - [2025-03-09T15:46:46.613+0000] {dag.py:3239} INFO - Sync 1 DAGs
[2025-03-09T15:46:46.621+0000] {logging_mixin.py:190} INFO - [2025-03-09T15:46:46.621+0000] {dag.py:4180} INFO - Setting next_dagrun for example_python_decorator to None, run_after=None
[2025-03-09T15:46:46.637+0000] {processor.py:208} INFO - Processing /home/airflow/.local/lib/python3.12/site-packages/airflow/example_dags/example_python_decorator.py took 0.056 seconds
[2025-03-09T15:47:17.732+0000] {processor.py:186} INFO - Started process (PID=1064) to work on /home/airflow/.local/lib/python3.12/site-packages/airflow/example_dags/example_python_decorator.py
[2025-03-09T15:47:17.732+0000] {processor.py:914} INFO - Processing file /home/airflow/.local/lib/python3.12/site-packages/airflow/example_dags/example_python_decorator.py for tasks to queue
[2025-03-09T15:47:17.734+0000] {logging_mixin.py:190} INFO - [2025-03-09T15:47:17.734+0000] {dagbag.py:588} INFO - Filling up the DagBag from /home/airflow/.local/lib/python3.12/site-packages/airflow/example_dags/example_python_decorator.py
[2025-03-09T15:47:17.743+0000] {processor.py:925} INFO - DAG(s) 'example_python_decorator' retrieved from /home/airflow/.local/lib/python3.12/site-packages/airflow/example_dags/example_python_decorator.py
[2025-03-09T15:47:17.761+0000] {logging_mixin.py:190} INFO - [2025-03-09T15:47:17.761+0000] {dag.py:3239} INFO - Sync 1 DAGs
[2025-03-09T15:47:17.772+0000] {logging_mixin.py:190} INFO - [2025-03-09T15:47:17.772+0000] {dag.py:4180} INFO - Setting next_dagrun for example_python_decorator to None, run_after=None
[2025-03-09T15:47:17.787+0000] {processor.py:208} INFO - Processing /home/airflow/.local/lib/python3.12/site-packages/airflow/example_dags/example_python_decorator.py took 0.060 seconds
[2025-03-09T15:47:48.590+0000] {processor.py:186} INFO - Started process (PID=1390) to work on /home/airflow/.local/lib/python3.12/site-packages/airflow/example_dags/example_python_decorator.py
[2025-03-09T15:47:48.591+0000] {processor.py:914} INFO - Processing file /home/airflow/.local/lib/python3.12/site-packages/airflow/example_dags/example_python_decorator.py for tasks to queue
[2025-03-09T15:47:48.592+0000] {logging_mixin.py:190} INFO - [2025-03-09T15:47:48.592+0000] {dagbag.py:588} INFO - Filling up the DagBag from /home/airflow/.local/lib/python3.12/site-packages/airflow/example_dags/example_python_decorator.py
[2025-03-09T15:47:48.601+0000] {processor.py:925} INFO - DAG(s) 'example_python_decorator' retrieved from /home/airflow/.local/lib/python3.12/site-packages/airflow/example_dags/example_python_decorator.py
[2025-03-09T15:47:48.617+0000] {logging_mixin.py:190} INFO - [2025-03-09T15:47:48.617+0000] {dag.py:3239} INFO - Sync 1 DAGs
[2025-03-09T15:47:48.627+0000] {logging_mixin.py:190} INFO - [2025-03-09T15:47:48.627+0000] {dag.py:4180} INFO - Setting next_dagrun for example_python_decorator to None, run_after=None
[2025-03-09T15:47:48.642+0000] {processor.py:208} INFO - Processing /home/airflow/.local/lib/python3.12/site-packages/airflow/example_dags/example_python_decorator.py took 0.057 seconds
[2025-03-09T15:48:19.467+0000] {processor.py:186} INFO - Started process (PID=1716) to work on /home/airflow/.local/lib/python3.12/site-packages/airflow/example_dags/example_python_decorator.py
[2025-03-09T15:48:19.467+0000] {processor.py:914} INFO - Processing file /home/airflow/.local/lib/python3.12/site-packages/airflow/example_dags/example_python_decorator.py for tasks to queue
[2025-03-09T15:48:19.468+0000] {logging_mixin.py:190} INFO - [2025-03-09T15:48:19.468+0000] {dagbag.py:588} INFO - Filling up the DagBag from /home/airflow/.local/lib/python3.12/site-packages/airflow/example_dags/example_python_decorator.py
[2025-03-09T15:48:19.477+0000] {processor.py:925} INFO - DAG(s) 'example_python_decorator' retrieved from /home/airflow/.local/lib/python3.12/site-packages/airflow/example_dags/example_python_decorator.py
[2025-03-09T15:48:19.491+0000] {logging_mixin.py:190} INFO - [2025-03-09T15:48:19.491+0000] {dag.py:3239} INFO - Sync 1 DAGs
[2025-03-09T15:48:19.501+0000] {logging_mixin.py:190} INFO - [2025-03-09T15:48:19.501+0000] {dag.py:4180} INFO - Setting next_dagrun for example_python_decorator to None, run_after=None
[2025-03-09T15:48:19.516+0000] {processor.py:208} INFO - Processing /home/airflow/.local/lib/python3.12/site-packages/airflow/example_dags/example_python_decorator.py took 0.054 seconds
[2025-03-09T15:48:50.419+0000] {processor.py:186} INFO - Started process (PID=2042) to work on /home/airflow/.local/lib/python3.12/site-packages/airflow/example_dags/example_python_decorator.py
[2025-03-09T15:48:50.420+0000] {processor.py:914} INFO - Processing file /home/airflow/.local/lib/python3.12/site-packages/airflow/example_dags/example_python_decorator.py for tasks to queue
[2025-03-09T15:48:50.421+0000] {logging_mixin.py:190} INFO - [2025-03-09T15:48:50.421+0000] {dagbag.py:588} INFO - Filling up the DagBag from /home/airflow/.local/lib/python3.12/site-packages/airflow/example_dags/example_python_decorator.py
[2025-03-09T15:48:50.429+0000] {processor.py:925} INFO - DAG(s) 'example_python_decorator' retrieved from /home/airflow/.local/lib/python3.12/site-packages/airflow/example_dags/example_python_decorator.py
[2025-03-09T15:48:50.444+0000] {logging_mixin.py:190} INFO - [2025-03-09T15:48:50.443+0000] {dag.py:3239} INFO - Sync 1 DAGs
[2025-03-09T15:48:50.452+0000] {logging_mixin.py:190} INFO - [2025-03-09T15:48:50.451+0000] {dag.py:4180} INFO - Setting next_dagrun for example_python_decorator to None, run_after=None
[2025-03-09T15:48:50.466+0000] {processor.py:208} INFO - Processing /home/airflow/.local/lib/python3.12/site-packages/airflow/example_dags/example_python_decorator.py took 0.051 seconds
[2025-03-09T15:49:21.107+0000] {processor.py:186} INFO - Started process (PID=2368) to work on /home/airflow/.local/lib/python3.12/site-packages/airflow/example_dags/example_python_decorator.py
[2025-03-09T15:49:21.107+0000] {processor.py:914} INFO - Processing file /home/airflow/.local/lib/python3.12/site-packages/airflow/example_dags/example_python_decorator.py for tasks to queue
[2025-03-09T15:49:21.108+0000] {logging_mixin.py:190} INFO - [2025-03-09T15:49:21.108+0000] {dagbag.py:588} INFO - Filling up the DagBag from /home/airflow/.local/lib/python3.12/site-packages/airflow/example_dags/example_python_decorator.py
[2025-03-09T15:49:21.117+0000] {processor.py:925} INFO - DAG(s) 'example_python_decorator' retrieved from /home/airflow/.local/lib/python3.12/site-packages/airflow/example_dags/example_python_decorator.py
[2025-03-09T15:49:21.134+0000] {logging_mixin.py:190} INFO - [2025-03-09T15:49:21.133+0000] {dag.py:3239} INFO - Sync 1 DAGs
[2025-03-09T15:49:21.149+0000] {logging_mixin.py:190} INFO - [2025-03-09T15:49:21.149+0000] {dag.py:4180} INFO - Setting next_dagrun for example_python_decorator to None, run_after=None
[2025-03-09T15:49:21.163+0000] {processor.py:208} INFO - Processing /home/airflow/.local/lib/python3.12/site-packages/airflow/example_dags/example_python_decorator.py took 0.060 seconds
[2025-03-09T15:49:52.104+0000] {processor.py:186} INFO - Started process (PID=2694) to work on /home/airflow/.local/lib/python3.12/site-packages/airflow/example_dags/example_python_decorator.py
[2025-03-09T15:49:52.105+0000] {processor.py:914} INFO - Processing file /home/airflow/.local/lib/python3.12/site-packages/airflow/example_dags/example_python_decorator.py for tasks to queue
[2025-03-09T15:49:52.106+0000] {logging_mixin.py:190} INFO - [2025-03-09T15:49:52.106+0000] {dagbag.py:588} INFO - Filling up the DagBag from /home/airflow/.local/lib/python3.12/site-packages/airflow/example_dags/example_python_decorator.py
[2025-03-09T15:49:52.115+0000] {processor.py:925} INFO - DAG(s) 'example_python_decorator' retrieved from /home/airflow/.local/lib/python3.12/site-packages/airflow/example_dags/example_python_decorator.py
[2025-03-09T15:49:52.132+0000] {logging_mixin.py:190} INFO - [2025-03-09T15:49:52.132+0000] {dag.py:3239} INFO - Sync 1 DAGs
[2025-03-09T15:49:52.142+0000] {logging_mixin.py:190} INFO - [2025-03-09T15:49:52.142+0000] {dag.py:4180} INFO - Setting next_dagrun for example_python_decorator to None, run_after=None
[2025-03-09T15:49:52.155+0000] {processor.py:208} INFO - Processing /home/airflow/.local/lib/python3.12/site-packages/airflow/example_dags/example_python_decorator.py took 0.054 seconds
[2025-03-09T15:50:23.048+0000] {processor.py:186} INFO - Started process (PID=3020) to work on /home/airflow/.local/lib/python3.12/site-packages/airflow/example_dags/example_python_decorator.py
[2025-03-09T15:50:23.049+0000] {processor.py:914} INFO - Processing file /home/airflow/.local/lib/python3.12/site-packages/airflow/example_dags/example_python_decorator.py for tasks to queue
[2025-03-09T15:50:23.050+0000] {logging_mixin.py:190} INFO - [2025-03-09T15:50:23.050+0000] {dagbag.py:588} INFO - Filling up the DagBag from /home/airflow/.local/lib/python3.12/site-packages/airflow/example_dags/example_python_decorator.py
[2025-03-09T15:50:23.059+0000] {processor.py:925} INFO - DAG(s) 'example_python_decorator' retrieved from /home/airflow/.local/lib/python3.12/site-packages/airflow/example_dags/example_python_decorator.py
[2025-03-09T15:50:23.080+0000] {logging_mixin.py:190} INFO - [2025-03-09T15:50:23.080+0000] {dag.py:3239} INFO - Sync 1 DAGs
[2025-03-09T15:50:23.092+0000] {logging_mixin.py:190} INFO - [2025-03-09T15:50:23.092+0000] {dag.py:4180} INFO - Setting next_dagrun for example_python_decorator to None, run_after=None
[2025-03-09T15:50:23.111+0000] {processor.py:208} INFO - Processing /home/airflow/.local/lib/python3.12/site-packages/airflow/example_dags/example_python_decorator.py took 0.068 seconds
[2025-03-09T15:50:54.018+0000] {processor.py:186} INFO - Started process (PID=3346) to work on /home/airflow/.local/lib/python3.12/site-packages/airflow/example_dags/example_python_decorator.py
[2025-03-09T15:50:54.018+0000] {processor.py:914} INFO - Processing file /home/airflow/.local/lib/python3.12/site-packages/airflow/example_dags/example_python_decorator.py for tasks to queue
[2025-03-09T15:50:54.019+0000] {logging_mixin.py:190} INFO - [2025-03-09T15:50:54.019+0000] {dagbag.py:588} INFO - Filling up the DagBag from /home/airflow/.local/lib/python3.12/site-packages/airflow/example_dags/example_python_decorator.py
[2025-03-09T15:50:54.028+0000] {processor.py:925} INFO - DAG(s) 'example_python_decorator' retrieved from /home/airflow/.local/lib/python3.12/site-packages/airflow/example_dags/example_python_decorator.py
[2025-03-09T15:50:54.045+0000] {logging_mixin.py:190} INFO - [2025-03-09T15:50:54.045+0000] {dag.py:3239} INFO - Sync 1 DAGs
[2025-03-09T15:50:54.054+0000] {logging_mixin.py:190} INFO - [2025-03-09T15:50:54.054+0000] {dag.py:4180} INFO - Setting next_dagrun for example_python_decorator to None, run_after=None
[2025-03-09T15:50:54.072+0000] {processor.py:208} INFO - Processing /home/airflow/.local/lib/python3.12/site-packages/airflow/example_dags/example_python_decorator.py took 0.057 seconds
[2025-03-09T15:51:24.779+0000] {processor.py:186} INFO - Started process (PID=3672) to work on /home/airflow/.local/lib/python3.12/site-packages/airflow/example_dags/example_python_decorator.py
[2025-03-09T15:51:24.780+0000] {processor.py:914} INFO - Processing file /home/airflow/.local/lib/python3.12/site-packages/airflow/example_dags/example_python_decorator.py for tasks to queue
[2025-03-09T15:51:24.781+0000] {logging_mixin.py:190} INFO - [2025-03-09T15:51:24.781+0000] {dagbag.py:588} INFO - Filling up the DagBag from /home/airflow/.local/lib/python3.12/site-packages/airflow/example_dags/example_python_decorator.py
[2025-03-09T15:51:24.789+0000] {processor.py:925} INFO - DAG(s) 'example_python_decorator' retrieved from /home/airflow/.local/lib/python3.12/site-packages/airflow/example_dags/example_python_decorator.py
[2025-03-09T15:51:24.806+0000] {logging_mixin.py:190} INFO - [2025-03-09T15:51:24.805+0000] {dag.py:3239} INFO - Sync 1 DAGs
[2025-03-09T15:51:24.816+0000] {logging_mixin.py:190} INFO - [2025-03-09T15:51:24.815+0000] {dag.py:4180} INFO - Setting next_dagrun for example_python_decorator to None, run_after=None
[2025-03-09T15:51:24.830+0000] {processor.py:208} INFO - Processing /home/airflow/.local/lib/python3.12/site-packages/airflow/example_dags/example_python_decorator.py took 0.054 seconds
[2025-03-09T15:51:55.735+0000] {processor.py:186} INFO - Started process (PID=3995) to work on /home/airflow/.local/lib/python3.12/site-packages/airflow/example_dags/example_python_decorator.py
[2025-03-09T15:51:55.736+0000] {processor.py:914} INFO - Processing file /home/airflow/.local/lib/python3.12/site-packages/airflow/example_dags/example_python_decorator.py for tasks to queue
[2025-03-09T15:51:55.737+0000] {logging_mixin.py:190} INFO - [2025-03-09T15:51:55.737+0000] {dagbag.py:588} INFO - Filling up the DagBag from /home/airflow/.local/lib/python3.12/site-packages/airflow/example_dags/example_python_decorator.py
[2025-03-09T15:51:55.745+0000] {processor.py:925} INFO - DAG(s) 'example_python_decorator' retrieved from /home/airflow/.local/lib/python3.12/site-packages/airflow/example_dags/example_python_decorator.py
[2025-03-09T15:51:55.759+0000] {logging_mixin.py:190} INFO - [2025-03-09T15:51:55.759+0000] {dag.py:3239} INFO - Sync 1 DAGs
[2025-03-09T15:51:55.769+0000] {logging_mixin.py:190} INFO - [2025-03-09T15:51:55.769+0000] {dag.py:4180} INFO - Setting next_dagrun for example_python_decorator to None, run_after=None
[2025-03-09T15:51:55.784+0000] {processor.py:208} INFO - Processing /home/airflow/.local/lib/python3.12/site-packages/airflow/example_dags/example_python_decorator.py took 0.052 seconds
[2025-03-09T15:52:26.474+0000] {processor.py:186} INFO - Started process (PID=4321) to work on /home/airflow/.local/lib/python3.12/site-packages/airflow/example_dags/example_python_decorator.py
[2025-03-09T15:52:26.475+0000] {processor.py:914} INFO - Processing file /home/airflow/.local/lib/python3.12/site-packages/airflow/example_dags/example_python_decorator.py for tasks to queue
[2025-03-09T15:52:26.476+0000] {logging_mixin.py:190} INFO - [2025-03-09T15:52:26.476+0000] {dagbag.py:588} INFO - Filling up the DagBag from /home/airflow/.local/lib/python3.12/site-packages/airflow/example_dags/example_python_decorator.py
[2025-03-09T15:52:26.487+0000] {processor.py:925} INFO - DAG(s) 'example_python_decorator' retrieved from /home/airflow/.local/lib/python3.12/site-packages/airflow/example_dags/example_python_decorator.py
[2025-03-09T15:52:26.502+0000] {logging_mixin.py:190} INFO - [2025-03-09T15:52:26.502+0000] {dag.py:3239} INFO - Sync 1 DAGs
[2025-03-09T15:52:26.512+0000] {logging_mixin.py:190} INFO - [2025-03-09T15:52:26.511+0000] {dag.py:4180} INFO - Setting next_dagrun for example_python_decorator to None, run_after=None
[2025-03-09T15:52:26.524+0000] {processor.py:208} INFO - Processing /home/airflow/.local/lib/python3.12/site-packages/airflow/example_dags/example_python_decorator.py took 0.054 seconds
[2025-03-09T15:52:57.250+0000] {processor.py:186} INFO - Started process (PID=4645) to work on /home/airflow/.local/lib/python3.12/site-packages/airflow/example_dags/example_python_decorator.py
[2025-03-09T15:52:57.251+0000] {processor.py:914} INFO - Processing file /home/airflow/.local/lib/python3.12/site-packages/airflow/example_dags/example_python_decorator.py for tasks to queue
[2025-03-09T15:52:57.252+0000] {logging_mixin.py:190} INFO - [2025-03-09T15:52:57.252+0000] {dagbag.py:588} INFO - Filling up the DagBag from /home/airflow/.local/lib/python3.12/site-packages/airflow/example_dags/example_python_decorator.py
[2025-03-09T15:52:57.260+0000] {processor.py:925} INFO - DAG(s) 'example_python_decorator' retrieved from /home/airflow/.local/lib/python3.12/site-packages/airflow/example_dags/example_python_decorator.py
[2025-03-09T15:52:57.274+0000] {logging_mixin.py:190} INFO - [2025-03-09T15:52:57.274+0000] {dag.py:3239} INFO - Sync 1 DAGs
[2025-03-09T15:52:57.283+0000] {logging_mixin.py:190} INFO - [2025-03-09T15:52:57.283+0000] {dag.py:4180} INFO - Setting next_dagrun for example_python_decorator to None, run_after=None
[2025-03-09T15:52:57.297+0000] {processor.py:208} INFO - Processing /home/airflow/.local/lib/python3.12/site-packages/airflow/example_dags/example_python_decorator.py took 0.051 seconds
[2025-03-09T15:53:27.932+0000] {processor.py:186} INFO - Started process (PID=4973) to work on /home/airflow/.local/lib/python3.12/site-packages/airflow/example_dags/example_python_decorator.py
[2025-03-09T15:53:27.932+0000] {processor.py:914} INFO - Processing file /home/airflow/.local/lib/python3.12/site-packages/airflow/example_dags/example_python_decorator.py for tasks to queue
[2025-03-09T15:53:27.933+0000] {logging_mixin.py:190} INFO - [2025-03-09T15:53:27.933+0000] {dagbag.py:588} INFO - Filling up the DagBag from /home/airflow/.local/lib/python3.12/site-packages/airflow/example_dags/example_python_decorator.py
[2025-03-09T15:53:27.942+0000] {processor.py:925} INFO - DAG(s) 'example_python_decorator' retrieved from /home/airflow/.local/lib/python3.12/site-packages/airflow/example_dags/example_python_decorator.py
[2025-03-09T15:53:27.957+0000] {logging_mixin.py:190} INFO - [2025-03-09T15:53:27.957+0000] {dag.py:3239} INFO - Sync 1 DAGs
[2025-03-09T15:53:27.966+0000] {logging_mixin.py:190} INFO - [2025-03-09T15:53:27.966+0000] {dag.py:4180} INFO - Setting next_dagrun for example_python_decorator to None, run_after=None
[2025-03-09T15:53:27.980+0000] {processor.py:208} INFO - Processing /home/airflow/.local/lib/python3.12/site-packages/airflow/example_dags/example_python_decorator.py took 0.052 seconds
[2025-03-09T15:53:58.617+0000] {processor.py:186} INFO - Started process (PID=5298) to work on /home/airflow/.local/lib/python3.12/site-packages/airflow/example_dags/example_python_decorator.py
[2025-03-09T15:53:58.618+0000] {processor.py:914} INFO - Processing file /home/airflow/.local/lib/python3.12/site-packages/airflow/example_dags/example_python_decorator.py for tasks to queue
[2025-03-09T15:53:58.619+0000] {logging_mixin.py:190} INFO - [2025-03-09T15:53:58.619+0000] {dagbag.py:588} INFO - Filling up the DagBag from /home/airflow/.local/lib/python3.12/site-packages/airflow/example_dags/example_python_decorator.py
[2025-03-09T15:53:58.627+0000] {processor.py:925} INFO - DAG(s) 'example_python_decorator' retrieved from /home/airflow/.local/lib/python3.12/site-packages/airflow/example_dags/example_python_decorator.py
[2025-03-09T15:53:58.643+0000] {logging_mixin.py:190} INFO - [2025-03-09T15:53:58.642+0000] {dag.py:3239} INFO - Sync 1 DAGs
[2025-03-09T15:53:58.653+0000] {logging_mixin.py:190} INFO - [2025-03-09T15:53:58.653+0000] {dag.py:4180} INFO - Setting next_dagrun for example_python_decorator to None, run_after=None
[2025-03-09T15:53:58.671+0000] {processor.py:208} INFO - Processing /home/airflow/.local/lib/python3.12/site-packages/airflow/example_dags/example_python_decorator.py took 0.058 seconds
[2025-03-09T15:54:29.471+0000] {processor.py:186} INFO - Started process (PID=5623) to work on /home/airflow/.local/lib/python3.12/site-packages/airflow/example_dags/example_python_decorator.py
[2025-03-09T15:54:29.472+0000] {processor.py:914} INFO - Processing file /home/airflow/.local/lib/python3.12/site-packages/airflow/example_dags/example_python_decorator.py for tasks to queue
[2025-03-09T15:54:29.474+0000] {logging_mixin.py:190} INFO - [2025-03-09T15:54:29.473+0000] {dagbag.py:588} INFO - Filling up the DagBag from /home/airflow/.local/lib/python3.12/site-packages/airflow/example_dags/example_python_decorator.py
[2025-03-09T15:54:29.482+0000] {processor.py:925} INFO - DAG(s) 'example_python_decorator' retrieved from /home/airflow/.local/lib/python3.12/site-packages/airflow/example_dags/example_python_decorator.py
[2025-03-09T15:54:29.500+0000] {logging_mixin.py:190} INFO - [2025-03-09T15:54:29.499+0000] {dag.py:3239} INFO - Sync 1 DAGs
[2025-03-09T15:54:29.508+0000] {logging_mixin.py:190} INFO - [2025-03-09T15:54:29.508+0000] {dag.py:4180} INFO - Setting next_dagrun for example_python_decorator to None, run_after=None
[2025-03-09T15:54:29.525+0000] {processor.py:208} INFO - Processing /home/airflow/.local/lib/python3.12/site-packages/airflow/example_dags/example_python_decorator.py took 0.058 seconds
[2025-03-09T15:55:00.082+0000] {processor.py:186} INFO - Started process (PID=5948) to work on /home/airflow/.local/lib/python3.12/site-packages/airflow/example_dags/example_python_decorator.py
[2025-03-09T15:55:00.083+0000] {processor.py:914} INFO - Processing file /home/airflow/.local/lib/python3.12/site-packages/airflow/example_dags/example_python_decorator.py for tasks to queue
[2025-03-09T15:55:00.084+0000] {logging_mixin.py:190} INFO - [2025-03-09T15:55:00.084+0000] {dagbag.py:588} INFO - Filling up the DagBag from /home/airflow/.local/lib/python3.12/site-packages/airflow/example_dags/example_python_decorator.py
[2025-03-09T15:55:00.095+0000] {processor.py:925} INFO - DAG(s) 'example_python_decorator' retrieved from /home/airflow/.local/lib/python3.12/site-packages/airflow/example_dags/example_python_decorator.py
[2025-03-09T15:55:00.108+0000] {logging_mixin.py:190} INFO - [2025-03-09T15:55:00.108+0000] {dag.py:3239} INFO - Sync 1 DAGs
[2025-03-09T15:55:00.117+0000] {logging_mixin.py:190} INFO - [2025-03-09T15:55:00.117+0000] {dag.py:4180} INFO - Setting next_dagrun for example_python_decorator to None, run_after=None
[2025-03-09T15:55:00.128+0000] {processor.py:208} INFO - Processing /home/airflow/.local/lib/python3.12/site-packages/airflow/example_dags/example_python_decorator.py took 0.053 seconds
[2025-03-09T15:55:31.167+0000] {processor.py:186} INFO - Started process (PID=6274) to work on /home/airflow/.local/lib/python3.12/site-packages/airflow/example_dags/example_python_decorator.py
[2025-03-09T15:55:31.168+0000] {processor.py:914} INFO - Processing file /home/airflow/.local/lib/python3.12/site-packages/airflow/example_dags/example_python_decorator.py for tasks to queue
[2025-03-09T15:55:31.170+0000] {logging_mixin.py:190} INFO - [2025-03-09T15:55:31.170+0000] {dagbag.py:588} INFO - Filling up the DagBag from /home/airflow/.local/lib/python3.12/site-packages/airflow/example_dags/example_python_decorator.py
[2025-03-09T15:55:31.181+0000] {processor.py:925} INFO - DAG(s) 'example_python_decorator' retrieved from /home/airflow/.local/lib/python3.12/site-packages/airflow/example_dags/example_python_decorator.py
[2025-03-09T15:55:31.202+0000] {logging_mixin.py:190} INFO - [2025-03-09T15:55:31.202+0000] {dag.py:3239} INFO - Sync 1 DAGs
[2025-03-09T15:55:31.211+0000] {logging_mixin.py:190} INFO - [2025-03-09T15:55:31.211+0000] {dag.py:4180} INFO - Setting next_dagrun for example_python_decorator to None, run_after=None
[2025-03-09T15:55:31.223+0000] {processor.py:208} INFO - Processing /home/airflow/.local/lib/python3.12/site-packages/airflow/example_dags/example_python_decorator.py took 0.060 seconds
[2025-03-09T15:56:02.033+0000] {processor.py:186} INFO - Started process (PID=6600) to work on /home/airflow/.local/lib/python3.12/site-packages/airflow/example_dags/example_python_decorator.py
[2025-03-09T15:56:02.034+0000] {processor.py:914} INFO - Processing file /home/airflow/.local/lib/python3.12/site-packages/airflow/example_dags/example_python_decorator.py for tasks to queue
[2025-03-09T15:56:02.035+0000] {logging_mixin.py:190} INFO - [2025-03-09T15:56:02.035+0000] {dagbag.py:588} INFO - Filling up the DagBag from /home/airflow/.local/lib/python3.12/site-packages/airflow/example_dags/example_python_decorator.py
[2025-03-09T15:56:02.043+0000] {processor.py:925} INFO - DAG(s) 'example_python_decorator' retrieved from /home/airflow/.local/lib/python3.12/site-packages/airflow/example_dags/example_python_decorator.py
[2025-03-09T15:56:02.058+0000] {logging_mixin.py:190} INFO - [2025-03-09T15:56:02.057+0000] {dag.py:3239} INFO - Sync 1 DAGs
[2025-03-09T15:56:02.066+0000] {logging_mixin.py:190} INFO - [2025-03-09T15:56:02.066+0000] {dag.py:4180} INFO - Setting next_dagrun for example_python_decorator to None, run_after=None
[2025-03-09T15:56:02.079+0000] {processor.py:208} INFO - Processing /home/airflow/.local/lib/python3.12/site-packages/airflow/example_dags/example_python_decorator.py took 0.050 seconds
[2025-03-09T15:56:32.777+0000] {processor.py:186} INFO - Started process (PID=6926) to work on /home/airflow/.local/lib/python3.12/site-packages/airflow/example_dags/example_python_decorator.py
[2025-03-09T15:56:32.778+0000] {processor.py:914} INFO - Processing file /home/airflow/.local/lib/python3.12/site-packages/airflow/example_dags/example_python_decorator.py for tasks to queue
[2025-03-09T15:56:32.779+0000] {logging_mixin.py:190} INFO - [2025-03-09T15:56:32.779+0000] {dagbag.py:588} INFO - Filling up the DagBag from /home/airflow/.local/lib/python3.12/site-packages/airflow/example_dags/example_python_decorator.py
[2025-03-09T15:56:32.787+0000] {processor.py:925} INFO - DAG(s) 'example_python_decorator' retrieved from /home/airflow/.local/lib/python3.12/site-packages/airflow/example_dags/example_python_decorator.py
[2025-03-09T15:56:32.802+0000] {logging_mixin.py:190} INFO - [2025-03-09T15:56:32.801+0000] {dag.py:3239} INFO - Sync 1 DAGs
[2025-03-09T15:56:32.812+0000] {logging_mixin.py:190} INFO - [2025-03-09T15:56:32.812+0000] {dag.py:4180} INFO - Setting next_dagrun for example_python_decorator to None, run_after=None
[2025-03-09T15:56:32.824+0000] {processor.py:208} INFO - Processing /home/airflow/.local/lib/python3.12/site-packages/airflow/example_dags/example_python_decorator.py took 0.052 seconds
[2025-03-09T15:57:03.685+0000] {processor.py:186} INFO - Started process (PID=7252) to work on /home/airflow/.local/lib/python3.12/site-packages/airflow/example_dags/example_python_decorator.py
[2025-03-09T15:57:03.686+0000] {processor.py:914} INFO - Processing file /home/airflow/.local/lib/python3.12/site-packages/airflow/example_dags/example_python_decorator.py for tasks to queue
[2025-03-09T15:57:03.687+0000] {logging_mixin.py:190} INFO - [2025-03-09T15:57:03.687+0000] {dagbag.py:588} INFO - Filling up the DagBag from /home/airflow/.local/lib/python3.12/site-packages/airflow/example_dags/example_python_decorator.py
[2025-03-09T15:57:03.695+0000] {processor.py:925} INFO - DAG(s) 'example_python_decorator' retrieved from /home/airflow/.local/lib/python3.12/site-packages/airflow/example_dags/example_python_decorator.py
[2025-03-09T15:57:03.710+0000] {logging_mixin.py:190} INFO - [2025-03-09T15:57:03.710+0000] {dag.py:3239} INFO - Sync 1 DAGs
[2025-03-09T15:57:03.725+0000] {logging_mixin.py:190} INFO - [2025-03-09T15:57:03.725+0000] {dag.py:4180} INFO - Setting next_dagrun for example_python_decorator to None, run_after=None
[2025-03-09T15:57:03.747+0000] {processor.py:208} INFO - Processing /home/airflow/.local/lib/python3.12/site-packages/airflow/example_dags/example_python_decorator.py took 0.064 seconds
[2025-03-09T15:57:34.685+0000] {processor.py:186} INFO - Started process (PID=7580) to work on /home/airflow/.local/lib/python3.12/site-packages/airflow/example_dags/example_python_decorator.py
[2025-03-09T15:57:34.686+0000] {processor.py:914} INFO - Processing file /home/airflow/.local/lib/python3.12/site-packages/airflow/example_dags/example_python_decorator.py for tasks to queue
[2025-03-09T15:57:34.687+0000] {logging_mixin.py:190} INFO - [2025-03-09T15:57:34.687+0000] {dagbag.py:588} INFO - Filling up the DagBag from /home/airflow/.local/lib/python3.12/site-packages/airflow/example_dags/example_python_decorator.py
[2025-03-09T15:57:34.696+0000] {processor.py:925} INFO - DAG(s) 'example_python_decorator' retrieved from /home/airflow/.local/lib/python3.12/site-packages/airflow/example_dags/example_python_decorator.py
[2025-03-09T15:57:34.713+0000] {logging_mixin.py:190} INFO - [2025-03-09T15:57:34.712+0000] {dag.py:3239} INFO - Sync 1 DAGs
[2025-03-09T15:57:34.722+0000] {logging_mixin.py:190} INFO - [2025-03-09T15:57:34.722+0000] {dag.py:4180} INFO - Setting next_dagrun for example_python_decorator to None, run_after=None
[2025-03-09T15:57:34.736+0000] {processor.py:208} INFO - Processing /home/airflow/.local/lib/python3.12/site-packages/airflow/example_dags/example_python_decorator.py took 0.055 seconds
[2025-03-09T15:58:05.644+0000] {processor.py:186} INFO - Started process (PID=7906) to work on /home/airflow/.local/lib/python3.12/site-packages/airflow/example_dags/example_python_decorator.py
[2025-03-09T15:58:05.644+0000] {processor.py:914} INFO - Processing file /home/airflow/.local/lib/python3.12/site-packages/airflow/example_dags/example_python_decorator.py for tasks to queue
[2025-03-09T15:58:05.645+0000] {logging_mixin.py:190} INFO - [2025-03-09T15:58:05.645+0000] {dagbag.py:588} INFO - Filling up the DagBag from /home/airflow/.local/lib/python3.12/site-packages/airflow/example_dags/example_python_decorator.py
[2025-03-09T15:58:05.655+0000] {processor.py:925} INFO - DAG(s) 'example_python_decorator' retrieved from /home/airflow/.local/lib/python3.12/site-packages/airflow/example_dags/example_python_decorator.py
[2025-03-09T15:58:05.684+0000] {logging_mixin.py:190} INFO - [2025-03-09T15:58:05.683+0000] {dag.py:3239} INFO - Sync 1 DAGs
[2025-03-09T15:58:05.704+0000] {logging_mixin.py:190} INFO - [2025-03-09T15:58:05.704+0000] {dag.py:4180} INFO - Setting next_dagrun for example_python_decorator to None, run_after=None
[2025-03-09T15:58:05.720+0000] {processor.py:208} INFO - Processing /home/airflow/.local/lib/python3.12/site-packages/airflow/example_dags/example_python_decorator.py took 0.079 seconds
[2025-03-09T15:58:36.775+0000] {processor.py:186} INFO - Started process (PID=8232) to work on /home/airflow/.local/lib/python3.12/site-packages/airflow/example_dags/example_python_decorator.py
[2025-03-09T15:58:36.775+0000] {processor.py:914} INFO - Processing file /home/airflow/.local/lib/python3.12/site-packages/airflow/example_dags/example_python_decorator.py for tasks to queue
[2025-03-09T15:58:36.777+0000] {logging_mixin.py:190} INFO - [2025-03-09T15:58:36.777+0000] {dagbag.py:588} INFO - Filling up the DagBag from /home/airflow/.local/lib/python3.12/site-packages/airflow/example_dags/example_python_decorator.py
[2025-03-09T15:58:36.786+0000] {processor.py:925} INFO - DAG(s) 'example_python_decorator' retrieved from /home/airflow/.local/lib/python3.12/site-packages/airflow/example_dags/example_python_decorator.py
[2025-03-09T15:58:36.802+0000] {logging_mixin.py:190} INFO - [2025-03-09T15:58:36.802+0000] {dag.py:3239} INFO - Sync 1 DAGs
[2025-03-09T15:58:36.811+0000] {logging_mixin.py:190} INFO - [2025-03-09T15:58:36.810+0000] {dag.py:4180} INFO - Setting next_dagrun for example_python_decorator to None, run_after=None
[2025-03-09T15:58:36.826+0000] {processor.py:208} INFO - Processing /home/airflow/.local/lib/python3.12/site-packages/airflow/example_dags/example_python_decorator.py took 0.057 seconds
[2025-03-09T15:59:08.221+0000] {processor.py:186} INFO - Started process (PID=8561) to work on /home/airflow/.local/lib/python3.12/site-packages/airflow/example_dags/example_python_decorator.py
[2025-03-09T15:59:08.221+0000] {processor.py:914} INFO - Processing file /home/airflow/.local/lib/python3.12/site-packages/airflow/example_dags/example_python_decorator.py for tasks to queue
[2025-03-09T15:59:08.222+0000] {logging_mixin.py:190} INFO - [2025-03-09T15:59:08.222+0000] {dagbag.py:588} INFO - Filling up the DagBag from /home/airflow/.local/lib/python3.12/site-packages/airflow/example_dags/example_python_decorator.py
[2025-03-09T15:59:08.232+0000] {processor.py:925} INFO - DAG(s) 'example_python_decorator' retrieved from /home/airflow/.local/lib/python3.12/site-packages/airflow/example_dags/example_python_decorator.py
[2025-03-09T15:59:08.248+0000] {logging_mixin.py:190} INFO - [2025-03-09T15:59:08.248+0000] {dag.py:3239} INFO - Sync 1 DAGs
[2025-03-09T15:59:08.257+0000] {logging_mixin.py:190} INFO - [2025-03-09T15:59:08.257+0000] {dag.py:4180} INFO - Setting next_dagrun for example_python_decorator to None, run_after=None
[2025-03-09T15:59:08.272+0000] {processor.py:208} INFO - Processing /home/airflow/.local/lib/python3.12/site-packages/airflow/example_dags/example_python_decorator.py took 0.055 seconds
[2025-03-09T15:59:39.128+0000] {processor.py:186} INFO - Started process (PID=8887) to work on /home/airflow/.local/lib/python3.12/site-packages/airflow/example_dags/example_python_decorator.py
[2025-03-09T15:59:39.128+0000] {processor.py:914} INFO - Processing file /home/airflow/.local/lib/python3.12/site-packages/airflow/example_dags/example_python_decorator.py for tasks to queue
[2025-03-09T15:59:39.130+0000] {logging_mixin.py:190} INFO - [2025-03-09T15:59:39.129+0000] {dagbag.py:588} INFO - Filling up the DagBag from /home/airflow/.local/lib/python3.12/site-packages/airflow/example_dags/example_python_decorator.py
[2025-03-09T15:59:39.138+0000] {processor.py:925} INFO - DAG(s) 'example_python_decorator' retrieved from /home/airflow/.local/lib/python3.12/site-packages/airflow/example_dags/example_python_decorator.py
[2025-03-09T15:59:39.151+0000] {logging_mixin.py:190} INFO - [2025-03-09T15:59:39.151+0000] {dag.py:3239} INFO - Sync 1 DAGs
[2025-03-09T15:59:39.160+0000] {logging_mixin.py:190} INFO - [2025-03-09T15:59:39.160+0000] {dag.py:4180} INFO - Setting next_dagrun for example_python_decorator to None, run_after=None
[2025-03-09T15:59:39.172+0000] {processor.py:208} INFO - Processing /home/airflow/.local/lib/python3.12/site-packages/airflow/example_dags/example_python_decorator.py took 0.049 seconds
[2025-03-09T16:00:09.446+0000] {processor.py:186} INFO - Started process (PID=9208) to work on /home/airflow/.local/lib/python3.12/site-packages/airflow/example_dags/example_python_decorator.py
[2025-03-09T16:00:09.447+0000] {processor.py:914} INFO - Processing file /home/airflow/.local/lib/python3.12/site-packages/airflow/example_dags/example_python_decorator.py for tasks to queue
[2025-03-09T16:00:09.448+0000] {logging_mixin.py:190} INFO - [2025-03-09T16:00:09.448+0000] {dagbag.py:588} INFO - Filling up the DagBag from /home/airflow/.local/lib/python3.12/site-packages/airflow/example_dags/example_python_decorator.py
[2025-03-09T16:00:09.457+0000] {processor.py:925} INFO - DAG(s) 'example_python_decorator' retrieved from /home/airflow/.local/lib/python3.12/site-packages/airflow/example_dags/example_python_decorator.py
[2025-03-09T16:00:09.471+0000] {logging_mixin.py:190} INFO - [2025-03-09T16:00:09.471+0000] {dag.py:3239} INFO - Sync 1 DAGs
[2025-03-09T16:00:09.479+0000] {logging_mixin.py:190} INFO - [2025-03-09T16:00:09.479+0000] {dag.py:4180} INFO - Setting next_dagrun for example_python_decorator to None, run_after=None
[2025-03-09T16:00:09.493+0000] {processor.py:208} INFO - Processing /home/airflow/.local/lib/python3.12/site-packages/airflow/example_dags/example_python_decorator.py took 0.052 seconds
[2025-03-09T16:00:40.140+0000] {processor.py:186} INFO - Started process (PID=9539) to work on /home/airflow/.local/lib/python3.12/site-packages/airflow/example_dags/example_python_decorator.py
[2025-03-09T16:00:40.141+0000] {processor.py:914} INFO - Processing file /home/airflow/.local/lib/python3.12/site-packages/airflow/example_dags/example_python_decorator.py for tasks to queue
[2025-03-09T16:00:40.142+0000] {logging_mixin.py:190} INFO - [2025-03-09T16:00:40.142+0000] {dagbag.py:588} INFO - Filling up the DagBag from /home/airflow/.local/lib/python3.12/site-packages/airflow/example_dags/example_python_decorator.py
[2025-03-09T16:00:40.150+0000] {processor.py:925} INFO - DAG(s) 'example_python_decorator' retrieved from /home/airflow/.local/lib/python3.12/site-packages/airflow/example_dags/example_python_decorator.py
[2025-03-09T16:00:40.166+0000] {logging_mixin.py:190} INFO - [2025-03-09T16:00:40.166+0000] {dag.py:3239} INFO - Sync 1 DAGs
[2025-03-09T16:00:40.176+0000] {logging_mixin.py:190} INFO - [2025-03-09T16:00:40.176+0000] {dag.py:4180} INFO - Setting next_dagrun for example_python_decorator to None, run_after=None
[2025-03-09T16:00:40.188+0000] {processor.py:208} INFO - Processing /home/airflow/.local/lib/python3.12/site-packages/airflow/example_dags/example_python_decorator.py took 0.052 seconds
[2025-03-09T16:01:10.593+0000] {processor.py:186} INFO - Started process (PID=9860) to work on /home/airflow/.local/lib/python3.12/site-packages/airflow/example_dags/example_python_decorator.py
[2025-03-09T16:01:10.594+0000] {processor.py:914} INFO - Processing file /home/airflow/.local/lib/python3.12/site-packages/airflow/example_dags/example_python_decorator.py for tasks to queue
[2025-03-09T16:01:10.595+0000] {logging_mixin.py:190} INFO - [2025-03-09T16:01:10.595+0000] {dagbag.py:588} INFO - Filling up the DagBag from /home/airflow/.local/lib/python3.12/site-packages/airflow/example_dags/example_python_decorator.py
[2025-03-09T16:01:10.608+0000] {processor.py:925} INFO - DAG(s) 'example_python_decorator' retrieved from /home/airflow/.local/lib/python3.12/site-packages/airflow/example_dags/example_python_decorator.py
[2025-03-09T16:01:10.624+0000] {logging_mixin.py:190} INFO - [2025-03-09T16:01:10.624+0000] {dag.py:3239} INFO - Sync 1 DAGs
[2025-03-09T16:01:10.633+0000] {logging_mixin.py:190} INFO - [2025-03-09T16:01:10.633+0000] {dag.py:4180} INFO - Setting next_dagrun for example_python_decorator to None, run_after=None
[2025-03-09T16:01:10.647+0000] {processor.py:208} INFO - Processing /home/airflow/.local/lib/python3.12/site-packages/airflow/example_dags/example_python_decorator.py took 0.059 seconds
[2025-03-09T16:01:41.181+0000] {processor.py:186} INFO - Started process (PID=10186) to work on /home/airflow/.local/lib/python3.12/site-packages/airflow/example_dags/example_python_decorator.py
[2025-03-09T16:01:41.182+0000] {processor.py:914} INFO - Processing file /home/airflow/.local/lib/python3.12/site-packages/airflow/example_dags/example_python_decorator.py for tasks to queue
[2025-03-09T16:01:41.183+0000] {logging_mixin.py:190} INFO - [2025-03-09T16:01:41.183+0000] {dagbag.py:588} INFO - Filling up the DagBag from /home/airflow/.local/lib/python3.12/site-packages/airflow/example_dags/example_python_decorator.py
[2025-03-09T16:01:41.192+0000] {processor.py:925} INFO - DAG(s) 'example_python_decorator' retrieved from /home/airflow/.local/lib/python3.12/site-packages/airflow/example_dags/example_python_decorator.py
[2025-03-09T16:01:41.212+0000] {logging_mixin.py:190} INFO - [2025-03-09T16:01:41.212+0000] {dag.py:3239} INFO - Sync 1 DAGs
[2025-03-09T16:01:41.225+0000] {logging_mixin.py:190} INFO - [2025-03-09T16:01:41.224+0000] {dag.py:4180} INFO - Setting next_dagrun for example_python_decorator to None, run_after=None
[2025-03-09T16:01:41.243+0000] {processor.py:208} INFO - Processing /home/airflow/.local/lib/python3.12/site-packages/airflow/example_dags/example_python_decorator.py took 0.066 seconds
[2025-03-09T16:02:11.695+0000] {processor.py:186} INFO - Started process (PID=10512) to work on /home/airflow/.local/lib/python3.12/site-packages/airflow/example_dags/example_python_decorator.py
[2025-03-09T16:02:11.695+0000] {processor.py:914} INFO - Processing file /home/airflow/.local/lib/python3.12/site-packages/airflow/example_dags/example_python_decorator.py for tasks to queue
[2025-03-09T16:02:11.696+0000] {logging_mixin.py:190} INFO - [2025-03-09T16:02:11.696+0000] {dagbag.py:588} INFO - Filling up the DagBag from /home/airflow/.local/lib/python3.12/site-packages/airflow/example_dags/example_python_decorator.py
[2025-03-09T16:02:11.705+0000] {processor.py:925} INFO - DAG(s) 'example_python_decorator' retrieved from /home/airflow/.local/lib/python3.12/site-packages/airflow/example_dags/example_python_decorator.py
[2025-03-09T16:02:11.727+0000] {logging_mixin.py:190} INFO - [2025-03-09T16:02:11.727+0000] {dag.py:3239} INFO - Sync 1 DAGs
[2025-03-09T16:02:11.738+0000] {logging_mixin.py:190} INFO - [2025-03-09T16:02:11.738+0000] {dag.py:4180} INFO - Setting next_dagrun for example_python_decorator to None, run_after=None
[2025-03-09T16:02:11.752+0000] {processor.py:208} INFO - Processing /home/airflow/.local/lib/python3.12/site-packages/airflow/example_dags/example_python_decorator.py took 0.062 seconds
[2025-03-09T16:02:42.472+0000] {processor.py:186} INFO - Started process (PID=10838) to work on /home/airflow/.local/lib/python3.12/site-packages/airflow/example_dags/example_python_decorator.py
[2025-03-09T16:02:42.473+0000] {processor.py:914} INFO - Processing file /home/airflow/.local/lib/python3.12/site-packages/airflow/example_dags/example_python_decorator.py for tasks to queue
[2025-03-09T16:02:42.474+0000] {logging_mixin.py:190} INFO - [2025-03-09T16:02:42.474+0000] {dagbag.py:588} INFO - Filling up the DagBag from /home/airflow/.local/lib/python3.12/site-packages/airflow/example_dags/example_python_decorator.py
[2025-03-09T16:02:42.485+0000] {processor.py:925} INFO - DAG(s) 'example_python_decorator' retrieved from /home/airflow/.local/lib/python3.12/site-packages/airflow/example_dags/example_python_decorator.py
[2025-03-09T16:02:42.503+0000] {logging_mixin.py:190} INFO - [2025-03-09T16:02:42.503+0000] {dag.py:3239} INFO - Sync 1 DAGs
[2025-03-09T16:02:42.511+0000] {logging_mixin.py:190} INFO - [2025-03-09T16:02:42.511+0000] {dag.py:4180} INFO - Setting next_dagrun for example_python_decorator to None, run_after=None
[2025-03-09T16:02:42.525+0000] {processor.py:208} INFO - Processing /home/airflow/.local/lib/python3.12/site-packages/airflow/example_dags/example_python_decorator.py took 0.058 seconds
[2025-03-09T16:03:13.395+0000] {processor.py:186} INFO - Started process (PID=11169) to work on /home/airflow/.local/lib/python3.12/site-packages/airflow/example_dags/example_python_decorator.py
[2025-03-09T16:03:13.396+0000] {processor.py:914} INFO - Processing file /home/airflow/.local/lib/python3.12/site-packages/airflow/example_dags/example_python_decorator.py for tasks to queue
[2025-03-09T16:03:13.397+0000] {logging_mixin.py:190} INFO - [2025-03-09T16:03:13.397+0000] {dagbag.py:588} INFO - Filling up the DagBag from /home/airflow/.local/lib/python3.12/site-packages/airflow/example_dags/example_python_decorator.py
[2025-03-09T16:03:13.406+0000] {processor.py:925} INFO - DAG(s) 'example_python_decorator' retrieved from /home/airflow/.local/lib/python3.12/site-packages/airflow/example_dags/example_python_decorator.py
[2025-03-09T16:03:13.420+0000] {logging_mixin.py:190} INFO - [2025-03-09T16:03:13.420+0000] {dag.py:3239} INFO - Sync 1 DAGs
[2025-03-09T16:03:13.429+0000] {logging_mixin.py:190} INFO - [2025-03-09T16:03:13.429+0000] {dag.py:4180} INFO - Setting next_dagrun for example_python_decorator to None, run_after=None
[2025-03-09T16:03:13.442+0000] {processor.py:208} INFO - Processing /home/airflow/.local/lib/python3.12/site-packages/airflow/example_dags/example_python_decorator.py took 0.051 seconds
[2025-03-09T16:03:44.056+0000] {processor.py:186} INFO - Started process (PID=11495) to work on /home/airflow/.local/lib/python3.12/site-packages/airflow/example_dags/example_python_decorator.py
[2025-03-09T16:03:44.056+0000] {processor.py:914} INFO - Processing file /home/airflow/.local/lib/python3.12/site-packages/airflow/example_dags/example_python_decorator.py for tasks to queue
[2025-03-09T16:03:44.058+0000] {logging_mixin.py:190} INFO - [2025-03-09T16:03:44.058+0000] {dagbag.py:588} INFO - Filling up the DagBag from /home/airflow/.local/lib/python3.12/site-packages/airflow/example_dags/example_python_decorator.py
[2025-03-09T16:03:44.069+0000] {processor.py:925} INFO - DAG(s) 'example_python_decorator' retrieved from /home/airflow/.local/lib/python3.12/site-packages/airflow/example_dags/example_python_decorator.py
[2025-03-09T16:03:44.087+0000] {logging_mixin.py:190} INFO - [2025-03-09T16:03:44.087+0000] {dag.py:3239} INFO - Sync 1 DAGs
[2025-03-09T16:03:44.096+0000] {logging_mixin.py:190} INFO - [2025-03-09T16:03:44.096+0000] {dag.py:4180} INFO - Setting next_dagrun for example_python_decorator to None, run_after=None
[2025-03-09T16:03:44.111+0000] {processor.py:208} INFO - Processing /home/airflow/.local/lib/python3.12/site-packages/airflow/example_dags/example_python_decorator.py took 0.060 seconds
[2025-03-09T16:04:15.041+0000] {processor.py:186} INFO - Started process (PID=11821) to work on /home/airflow/.local/lib/python3.12/site-packages/airflow/example_dags/example_python_decorator.py
[2025-03-09T16:04:15.041+0000] {processor.py:914} INFO - Processing file /home/airflow/.local/lib/python3.12/site-packages/airflow/example_dags/example_python_decorator.py for tasks to queue
[2025-03-09T16:04:15.043+0000] {logging_mixin.py:190} INFO - [2025-03-09T16:04:15.043+0000] {dagbag.py:588} INFO - Filling up the DagBag from /home/airflow/.local/lib/python3.12/site-packages/airflow/example_dags/example_python_decorator.py
[2025-03-09T16:04:15.054+0000] {processor.py:925} INFO - DAG(s) 'example_python_decorator' retrieved from /home/airflow/.local/lib/python3.12/site-packages/airflow/example_dags/example_python_decorator.py
[2025-03-09T16:04:15.070+0000] {logging_mixin.py:190} INFO - [2025-03-09T16:04:15.069+0000] {dag.py:3239} INFO - Sync 1 DAGs
[2025-03-09T16:04:15.079+0000] {logging_mixin.py:190} INFO - [2025-03-09T16:04:15.079+0000] {dag.py:4180} INFO - Setting next_dagrun for example_python_decorator to None, run_after=None
[2025-03-09T16:04:15.091+0000] {processor.py:208} INFO - Processing /home/airflow/.local/lib/python3.12/site-packages/airflow/example_dags/example_python_decorator.py took 0.057 seconds
[2025-03-09T16:04:45.920+0000] {processor.py:186} INFO - Started process (PID=12147) to work on /home/airflow/.local/lib/python3.12/site-packages/airflow/example_dags/example_python_decorator.py
[2025-03-09T16:04:45.921+0000] {processor.py:914} INFO - Processing file /home/airflow/.local/lib/python3.12/site-packages/airflow/example_dags/example_python_decorator.py for tasks to queue
[2025-03-09T16:04:45.922+0000] {logging_mixin.py:190} INFO - [2025-03-09T16:04:45.922+0000] {dagbag.py:588} INFO - Filling up the DagBag from /home/airflow/.local/lib/python3.12/site-packages/airflow/example_dags/example_python_decorator.py
[2025-03-09T16:04:45.931+0000] {processor.py:925} INFO - DAG(s) 'example_python_decorator' retrieved from /home/airflow/.local/lib/python3.12/site-packages/airflow/example_dags/example_python_decorator.py
[2025-03-09T16:04:45.950+0000] {logging_mixin.py:190} INFO - [2025-03-09T16:04:45.949+0000] {dag.py:3239} INFO - Sync 1 DAGs
[2025-03-09T16:04:45.959+0000] {logging_mixin.py:190} INFO - [2025-03-09T16:04:45.958+0000] {dag.py:4180} INFO - Setting next_dagrun for example_python_decorator to None, run_after=None
[2025-03-09T16:04:45.973+0000] {processor.py:208} INFO - Processing /home/airflow/.local/lib/python3.12/site-packages/airflow/example_dags/example_python_decorator.py took 0.057 seconds
[2025-03-09T16:05:16.595+0000] {processor.py:186} INFO - Started process (PID=12470) to work on /home/airflow/.local/lib/python3.12/site-packages/airflow/example_dags/example_python_decorator.py
[2025-03-09T16:05:16.595+0000] {processor.py:914} INFO - Processing file /home/airflow/.local/lib/python3.12/site-packages/airflow/example_dags/example_python_decorator.py for tasks to queue
[2025-03-09T16:05:16.597+0000] {logging_mixin.py:190} INFO - [2025-03-09T16:05:16.596+0000] {dagbag.py:588} INFO - Filling up the DagBag from /home/airflow/.local/lib/python3.12/site-packages/airflow/example_dags/example_python_decorator.py
[2025-03-09T16:05:16.610+0000] {processor.py:925} INFO - DAG(s) 'example_python_decorator' retrieved from /home/airflow/.local/lib/python3.12/site-packages/airflow/example_dags/example_python_decorator.py
[2025-03-09T16:05:16.632+0000] {logging_mixin.py:190} INFO - [2025-03-09T16:05:16.632+0000] {dag.py:3239} INFO - Sync 1 DAGs
[2025-03-09T16:05:16.641+0000] {logging_mixin.py:190} INFO - [2025-03-09T16:05:16.640+0000] {dag.py:4180} INFO - Setting next_dagrun for example_python_decorator to None, run_after=None
[2025-03-09T16:05:16.659+0000] {processor.py:208} INFO - Processing /home/airflow/.local/lib/python3.12/site-packages/airflow/example_dags/example_python_decorator.py took 0.068 seconds
[2025-03-09T16:05:47.242+0000] {processor.py:186} INFO - Started process (PID=12794) to work on /home/airflow/.local/lib/python3.12/site-packages/airflow/example_dags/example_python_decorator.py
[2025-03-09T16:05:47.243+0000] {processor.py:914} INFO - Processing file /home/airflow/.local/lib/python3.12/site-packages/airflow/example_dags/example_python_decorator.py for tasks to queue
[2025-03-09T16:05:47.245+0000] {logging_mixin.py:190} INFO - [2025-03-09T16:05:47.244+0000] {dagbag.py:588} INFO - Filling up the DagBag from /home/airflow/.local/lib/python3.12/site-packages/airflow/example_dags/example_python_decorator.py
[2025-03-09T16:05:47.255+0000] {processor.py:925} INFO - DAG(s) 'example_python_decorator' retrieved from /home/airflow/.local/lib/python3.12/site-packages/airflow/example_dags/example_python_decorator.py
[2025-03-09T16:05:47.275+0000] {logging_mixin.py:190} INFO - [2025-03-09T16:05:47.275+0000] {dag.py:3239} INFO - Sync 1 DAGs
[2025-03-09T16:05:47.285+0000] {logging_mixin.py:190} INFO - [2025-03-09T16:05:47.285+0000] {dag.py:4180} INFO - Setting next_dagrun for example_python_decorator to None, run_after=None
[2025-03-09T16:05:47.298+0000] {processor.py:208} INFO - Processing /home/airflow/.local/lib/python3.12/site-packages/airflow/example_dags/example_python_decorator.py took 0.063 seconds
[2025-03-09T16:06:17.793+0000] {processor.py:186} INFO - Started process (PID=13120) to work on /home/airflow/.local/lib/python3.12/site-packages/airflow/example_dags/example_python_decorator.py
[2025-03-09T16:06:17.793+0000] {processor.py:914} INFO - Processing file /home/airflow/.local/lib/python3.12/site-packages/airflow/example_dags/example_python_decorator.py for tasks to queue
[2025-03-09T16:06:17.795+0000] {logging_mixin.py:190} INFO - [2025-03-09T16:06:17.794+0000] {dagbag.py:588} INFO - Filling up the DagBag from /home/airflow/.local/lib/python3.12/site-packages/airflow/example_dags/example_python_decorator.py
[2025-03-09T16:06:17.804+0000] {processor.py:925} INFO - DAG(s) 'example_python_decorator' retrieved from /home/airflow/.local/lib/python3.12/site-packages/airflow/example_dags/example_python_decorator.py
[2025-03-09T16:06:17.818+0000] {logging_mixin.py:190} INFO - [2025-03-09T16:06:17.817+0000] {dag.py:3239} INFO - Sync 1 DAGs
[2025-03-09T16:06:17.826+0000] {logging_mixin.py:190} INFO - [2025-03-09T16:06:17.826+0000] {dag.py:4180} INFO - Setting next_dagrun for example_python_decorator to None, run_after=None
[2025-03-09T16:06:17.838+0000] {processor.py:208} INFO - Processing /home/airflow/.local/lib/python3.12/site-packages/airflow/example_dags/example_python_decorator.py took 0.050 seconds
[2025-03-09T16:06:48.343+0000] {processor.py:186} INFO - Started process (PID=13453) to work on /home/airflow/.local/lib/python3.12/site-packages/airflow/example_dags/example_python_decorator.py
[2025-03-09T16:06:48.344+0000] {processor.py:914} INFO - Processing file /home/airflow/.local/lib/python3.12/site-packages/airflow/example_dags/example_python_decorator.py for tasks to queue
[2025-03-09T16:06:48.345+0000] {logging_mixin.py:190} INFO - [2025-03-09T16:06:48.345+0000] {dagbag.py:588} INFO - Filling up the DagBag from /home/airflow/.local/lib/python3.12/site-packages/airflow/example_dags/example_python_decorator.py
[2025-03-09T16:06:48.355+0000] {processor.py:925} INFO - DAG(s) 'example_python_decorator' retrieved from /home/airflow/.local/lib/python3.12/site-packages/airflow/example_dags/example_python_decorator.py
[2025-03-09T16:06:48.370+0000] {logging_mixin.py:190} INFO - [2025-03-09T16:06:48.370+0000] {dag.py:3239} INFO - Sync 1 DAGs
[2025-03-09T16:06:48.379+0000] {logging_mixin.py:190} INFO - [2025-03-09T16:06:48.379+0000] {dag.py:4180} INFO - Setting next_dagrun for example_python_decorator to None, run_after=None
[2025-03-09T16:06:48.392+0000] {processor.py:208} INFO - Processing /home/airflow/.local/lib/python3.12/site-packages/airflow/example_dags/example_python_decorator.py took 0.052 seconds
[2025-03-09T16:07:19.085+0000] {processor.py:186} INFO - Started process (PID=13780) to work on /home/airflow/.local/lib/python3.12/site-packages/airflow/example_dags/example_python_decorator.py
[2025-03-09T16:07:19.086+0000] {processor.py:914} INFO - Processing file /home/airflow/.local/lib/python3.12/site-packages/airflow/example_dags/example_python_decorator.py for tasks to queue
[2025-03-09T16:07:19.087+0000] {logging_mixin.py:190} INFO - [2025-03-09T16:07:19.087+0000] {dagbag.py:588} INFO - Filling up the DagBag from /home/airflow/.local/lib/python3.12/site-packages/airflow/example_dags/example_python_decorator.py
[2025-03-09T16:07:19.096+0000] {processor.py:925} INFO - DAG(s) 'example_python_decorator' retrieved from /home/airflow/.local/lib/python3.12/site-packages/airflow/example_dags/example_python_decorator.py
[2025-03-09T16:07:19.114+0000] {logging_mixin.py:190} INFO - [2025-03-09T16:07:19.114+0000] {dag.py:3239} INFO - Sync 1 DAGs
[2025-03-09T16:07:19.126+0000] {logging_mixin.py:190} INFO - [2025-03-09T16:07:19.126+0000] {dag.py:4180} INFO - Setting next_dagrun for example_python_decorator to None, run_after=None
[2025-03-09T16:07:19.141+0000] {processor.py:208} INFO - Processing /home/airflow/.local/lib/python3.12/site-packages/airflow/example_dags/example_python_decorator.py took 0.060 seconds
[2025-03-09T16:07:49.608+0000] {processor.py:186} INFO - Started process (PID=14105) to work on /home/airflow/.local/lib/python3.12/site-packages/airflow/example_dags/example_python_decorator.py
[2025-03-09T16:07:49.609+0000] {processor.py:914} INFO - Processing file /home/airflow/.local/lib/python3.12/site-packages/airflow/example_dags/example_python_decorator.py for tasks to queue
[2025-03-09T16:07:49.611+0000] {logging_mixin.py:190} INFO - [2025-03-09T16:07:49.611+0000] {dagbag.py:588} INFO - Filling up the DagBag from /home/airflow/.local/lib/python3.12/site-packages/airflow/example_dags/example_python_decorator.py
[2025-03-09T16:07:49.619+0000] {processor.py:925} INFO - DAG(s) 'example_python_decorator' retrieved from /home/airflow/.local/lib/python3.12/site-packages/airflow/example_dags/example_python_decorator.py
[2025-03-09T16:07:49.641+0000] {logging_mixin.py:190} INFO - [2025-03-09T16:07:49.641+0000] {dag.py:3239} INFO - Sync 1 DAGs
[2025-03-09T16:07:49.651+0000] {logging_mixin.py:190} INFO - [2025-03-09T16:07:49.651+0000] {dag.py:4180} INFO - Setting next_dagrun for example_python_decorator to None, run_after=None
[2025-03-09T16:07:49.665+0000] {processor.py:208} INFO - Processing /home/airflow/.local/lib/python3.12/site-packages/airflow/example_dags/example_python_decorator.py took 0.062 seconds
[2025-03-09T16:08:20.630+0000] {processor.py:186} INFO - Started process (PID=14431) to work on /home/airflow/.local/lib/python3.12/site-packages/airflow/example_dags/example_python_decorator.py
[2025-03-09T16:08:20.630+0000] {processor.py:914} INFO - Processing file /home/airflow/.local/lib/python3.12/site-packages/airflow/example_dags/example_python_decorator.py for tasks to queue
[2025-03-09T16:08:20.631+0000] {logging_mixin.py:190} INFO - [2025-03-09T16:08:20.631+0000] {dagbag.py:588} INFO - Filling up the DagBag from /home/airflow/.local/lib/python3.12/site-packages/airflow/example_dags/example_python_decorator.py
[2025-03-09T16:08:20.642+0000] {processor.py:925} INFO - DAG(s) 'example_python_decorator' retrieved from /home/airflow/.local/lib/python3.12/site-packages/airflow/example_dags/example_python_decorator.py
[2025-03-09T16:08:20.661+0000] {logging_mixin.py:190} INFO - [2025-03-09T16:08:20.661+0000] {dag.py:3239} INFO - Sync 1 DAGs
[2025-03-09T16:08:20.672+0000] {logging_mixin.py:190} INFO - [2025-03-09T16:08:20.672+0000] {dag.py:4180} INFO - Setting next_dagrun for example_python_decorator to None, run_after=None
[2025-03-09T16:08:20.687+0000] {processor.py:208} INFO - Processing /home/airflow/.local/lib/python3.12/site-packages/airflow/example_dags/example_python_decorator.py took 0.062 seconds
[2025-03-09T16:08:51.458+0000] {processor.py:186} INFO - Started process (PID=14757) to work on /home/airflow/.local/lib/python3.12/site-packages/airflow/example_dags/example_python_decorator.py
[2025-03-09T16:08:51.458+0000] {processor.py:914} INFO - Processing file /home/airflow/.local/lib/python3.12/site-packages/airflow/example_dags/example_python_decorator.py for tasks to queue
[2025-03-09T16:08:51.460+0000] {logging_mixin.py:190} INFO - [2025-03-09T16:08:51.459+0000] {dagbag.py:588} INFO - Filling up the DagBag from /home/airflow/.local/lib/python3.12/site-packages/airflow/example_dags/example_python_decorator.py
[2025-03-09T16:08:51.468+0000] {processor.py:925} INFO - DAG(s) 'example_python_decorator' retrieved from /home/airflow/.local/lib/python3.12/site-packages/airflow/example_dags/example_python_decorator.py
[2025-03-09T16:08:51.486+0000] {logging_mixin.py:190} INFO - [2025-03-09T16:08:51.486+0000] {dag.py:3239} INFO - Sync 1 DAGs
[2025-03-09T16:08:51.501+0000] {logging_mixin.py:190} INFO - [2025-03-09T16:08:51.500+0000] {dag.py:4180} INFO - Setting next_dagrun for example_python_decorator to None, run_after=None
[2025-03-09T16:08:51.521+0000] {processor.py:208} INFO - Processing /home/airflow/.local/lib/python3.12/site-packages/airflow/example_dags/example_python_decorator.py took 0.066 seconds
[2025-03-09T16:09:21.660+0000] {processor.py:186} INFO - Started process (PID=15083) to work on /home/airflow/.local/lib/python3.12/site-packages/airflow/example_dags/example_python_decorator.py
[2025-03-09T16:09:21.660+0000] {processor.py:914} INFO - Processing file /home/airflow/.local/lib/python3.12/site-packages/airflow/example_dags/example_python_decorator.py for tasks to queue
[2025-03-09T16:09:21.662+0000] {logging_mixin.py:190} INFO - [2025-03-09T16:09:21.661+0000] {dagbag.py:588} INFO - Filling up the DagBag from /home/airflow/.local/lib/python3.12/site-packages/airflow/example_dags/example_python_decorator.py
[2025-03-09T16:09:21.670+0000] {processor.py:925} INFO - DAG(s) 'example_python_decorator' retrieved from /home/airflow/.local/lib/python3.12/site-packages/airflow/example_dags/example_python_decorator.py
[2025-03-09T16:09:21.690+0000] {logging_mixin.py:190} INFO - [2025-03-09T16:09:21.689+0000] {dag.py:3239} INFO - Sync 1 DAGs
[2025-03-09T16:09:21.699+0000] {logging_mixin.py:190} INFO - [2025-03-09T16:09:21.699+0000] {dag.py:4180} INFO - Setting next_dagrun for example_python_decorator to None, run_after=None
[2025-03-09T16:09:21.710+0000] {processor.py:208} INFO - Processing /home/airflow/.local/lib/python3.12/site-packages/airflow/example_dags/example_python_decorator.py took 0.055 seconds
[2025-03-09T16:09:52.587+0000] {processor.py:186} INFO - Started process (PID=15411) to work on /home/airflow/.local/lib/python3.12/site-packages/airflow/example_dags/example_python_decorator.py
[2025-03-09T16:09:52.588+0000] {processor.py:914} INFO - Processing file /home/airflow/.local/lib/python3.12/site-packages/airflow/example_dags/example_python_decorator.py for tasks to queue
[2025-03-09T16:09:52.589+0000] {logging_mixin.py:190} INFO - [2025-03-09T16:09:52.589+0000] {dagbag.py:588} INFO - Filling up the DagBag from /home/airflow/.local/lib/python3.12/site-packages/airflow/example_dags/example_python_decorator.py
[2025-03-09T16:09:52.604+0000] {processor.py:925} INFO - DAG(s) 'example_python_decorator' retrieved from /home/airflow/.local/lib/python3.12/site-packages/airflow/example_dags/example_python_decorator.py
[2025-03-09T16:09:52.619+0000] {logging_mixin.py:190} INFO - [2025-03-09T16:09:52.619+0000] {dag.py:3239} INFO - Sync 1 DAGs
[2025-03-09T16:09:52.630+0000] {logging_mixin.py:190} INFO - [2025-03-09T16:09:52.630+0000] {dag.py:4180} INFO - Setting next_dagrun for example_python_decorator to None, run_after=None
[2025-03-09T16:09:52.645+0000] {processor.py:208} INFO - Processing /home/airflow/.local/lib/python3.12/site-packages/airflow/example_dags/example_python_decorator.py took 0.063 seconds
[2025-03-09T16:10:23.057+0000] {processor.py:186} INFO - Started process (PID=15735) to work on /home/airflow/.local/lib/python3.12/site-packages/airflow/example_dags/example_python_decorator.py
[2025-03-09T16:10:23.058+0000] {processor.py:914} INFO - Processing file /home/airflow/.local/lib/python3.12/site-packages/airflow/example_dags/example_python_decorator.py for tasks to queue
[2025-03-09T16:10:23.059+0000] {logging_mixin.py:190} INFO - [2025-03-09T16:10:23.059+0000] {dagbag.py:588} INFO - Filling up the DagBag from /home/airflow/.local/lib/python3.12/site-packages/airflow/example_dags/example_python_decorator.py
[2025-03-09T16:10:23.068+0000] {processor.py:925} INFO - DAG(s) 'example_python_decorator' retrieved from /home/airflow/.local/lib/python3.12/site-packages/airflow/example_dags/example_python_decorator.py
[2025-03-09T16:10:23.085+0000] {logging_mixin.py:190} INFO - [2025-03-09T16:10:23.085+0000] {dag.py:3239} INFO - Sync 1 DAGs
[2025-03-09T16:10:23.097+0000] {logging_mixin.py:190} INFO - [2025-03-09T16:10:23.097+0000] {dag.py:4180} INFO - Setting next_dagrun for example_python_decorator to None, run_after=None
[2025-03-09T16:10:23.114+0000] {processor.py:208} INFO - Processing /home/airflow/.local/lib/python3.12/site-packages/airflow/example_dags/example_python_decorator.py took 0.061 seconds
[2025-03-09T16:10:53.347+0000] {processor.py:186} INFO - Started process (PID=16056) to work on /home/airflow/.local/lib/python3.12/site-packages/airflow/example_dags/example_python_decorator.py
[2025-03-09T16:10:53.348+0000] {processor.py:914} INFO - Processing file /home/airflow/.local/lib/python3.12/site-packages/airflow/example_dags/example_python_decorator.py for tasks to queue
[2025-03-09T16:10:53.349+0000] {logging_mixin.py:190} INFO - [2025-03-09T16:10:53.349+0000] {dagbag.py:588} INFO - Filling up the DagBag from /home/airflow/.local/lib/python3.12/site-packages/airflow/example_dags/example_python_decorator.py
[2025-03-09T16:10:53.358+0000] {processor.py:925} INFO - DAG(s) 'example_python_decorator' retrieved from /home/airflow/.local/lib/python3.12/site-packages/airflow/example_dags/example_python_decorator.py
[2025-03-09T16:10:53.372+0000] {logging_mixin.py:190} INFO - [2025-03-09T16:10:53.371+0000] {dag.py:3239} INFO - Sync 1 DAGs
[2025-03-09T16:10:53.384+0000] {logging_mixin.py:190} INFO - [2025-03-09T16:10:53.384+0000] {dag.py:4180} INFO - Setting next_dagrun for example_python_decorator to None, run_after=None
[2025-03-09T16:10:53.403+0000] {processor.py:208} INFO - Processing /home/airflow/.local/lib/python3.12/site-packages/airflow/example_dags/example_python_decorator.py took 0.059 seconds
[2025-03-09T16:11:24.071+0000] {processor.py:186} INFO - Started process (PID=16382) to work on /home/airflow/.local/lib/python3.12/site-packages/airflow/example_dags/example_python_decorator.py
[2025-03-09T16:11:24.072+0000] {processor.py:914} INFO - Processing file /home/airflow/.local/lib/python3.12/site-packages/airflow/example_dags/example_python_decorator.py for tasks to queue
[2025-03-09T16:11:24.074+0000] {logging_mixin.py:190} INFO - [2025-03-09T16:11:24.074+0000] {dagbag.py:588} INFO - Filling up the DagBag from /home/airflow/.local/lib/python3.12/site-packages/airflow/example_dags/example_python_decorator.py
[2025-03-09T16:11:24.083+0000] {processor.py:925} INFO - DAG(s) 'example_python_decorator' retrieved from /home/airflow/.local/lib/python3.12/site-packages/airflow/example_dags/example_python_decorator.py
[2025-03-09T16:11:24.106+0000] {logging_mixin.py:190} INFO - [2025-03-09T16:11:24.105+0000] {dag.py:3239} INFO - Sync 1 DAGs
[2025-03-09T16:11:24.122+0000] {logging_mixin.py:190} INFO - [2025-03-09T16:11:24.122+0000] {dag.py:4180} INFO - Setting next_dagrun for example_python_decorator to None, run_after=None
[2025-03-09T16:11:24.138+0000] {processor.py:208} INFO - Processing /home/airflow/.local/lib/python3.12/site-packages/airflow/example_dags/example_python_decorator.py took 0.071 seconds
[2025-03-09T16:11:54.783+0000] {processor.py:186} INFO - Started process (PID=16713) to work on /home/airflow/.local/lib/python3.12/site-packages/airflow/example_dags/example_python_decorator.py
[2025-03-09T16:11:54.783+0000] {processor.py:914} INFO - Processing file /home/airflow/.local/lib/python3.12/site-packages/airflow/example_dags/example_python_decorator.py for tasks to queue
[2025-03-09T16:11:54.784+0000] {logging_mixin.py:190} INFO - [2025-03-09T16:11:54.784+0000] {dagbag.py:588} INFO - Filling up the DagBag from /home/airflow/.local/lib/python3.12/site-packages/airflow/example_dags/example_python_decorator.py
[2025-03-09T16:11:54.794+0000] {processor.py:925} INFO - DAG(s) 'example_python_decorator' retrieved from /home/airflow/.local/lib/python3.12/site-packages/airflow/example_dags/example_python_decorator.py
[2025-03-09T16:11:54.811+0000] {logging_mixin.py:190} INFO - [2025-03-09T16:11:54.811+0000] {dag.py:3239} INFO - Sync 1 DAGs
[2025-03-09T16:11:54.820+0000] {logging_mixin.py:190} INFO - [2025-03-09T16:11:54.820+0000] {dag.py:4180} INFO - Setting next_dagrun for example_python_decorator to None, run_after=None
[2025-03-09T16:11:54.835+0000] {processor.py:208} INFO - Processing /home/airflow/.local/lib/python3.12/site-packages/airflow/example_dags/example_python_decorator.py took 0.055 seconds
[2025-03-09T16:12:26.012+0000] {processor.py:186} INFO - Started process (PID=17039) to work on /home/airflow/.local/lib/python3.12/site-packages/airflow/example_dags/example_python_decorator.py
[2025-03-09T16:12:26.013+0000] {processor.py:914} INFO - Processing file /home/airflow/.local/lib/python3.12/site-packages/airflow/example_dags/example_python_decorator.py for tasks to queue
[2025-03-09T16:12:26.015+0000] {logging_mixin.py:190} INFO - [2025-03-09T16:12:26.014+0000] {dagbag.py:588} INFO - Filling up the DagBag from /home/airflow/.local/lib/python3.12/site-packages/airflow/example_dags/example_python_decorator.py
[2025-03-09T16:12:26.024+0000] {processor.py:925} INFO - DAG(s) 'example_python_decorator' retrieved from /home/airflow/.local/lib/python3.12/site-packages/airflow/example_dags/example_python_decorator.py
[2025-03-09T16:12:26.037+0000] {logging_mixin.py:190} INFO - [2025-03-09T16:12:26.037+0000] {dag.py:3239} INFO - Sync 1 DAGs
[2025-03-09T16:12:26.046+0000] {logging_mixin.py:190} INFO - [2025-03-09T16:12:26.046+0000] {dag.py:4180} INFO - Setting next_dagrun for example_python_decorator to None, run_after=None
[2025-03-09T16:12:26.063+0000] {processor.py:208} INFO - Processing /home/airflow/.local/lib/python3.12/site-packages/airflow/example_dags/example_python_decorator.py took 0.056 seconds
[2025-03-09T16:12:56.272+0000] {processor.py:186} INFO - Started process (PID=17365) to work on /home/airflow/.local/lib/python3.12/site-packages/airflow/example_dags/example_python_decorator.py
[2025-03-09T16:12:56.272+0000] {processor.py:914} INFO - Processing file /home/airflow/.local/lib/python3.12/site-packages/airflow/example_dags/example_python_decorator.py for tasks to queue
[2025-03-09T16:12:56.274+0000] {logging_mixin.py:190} INFO - [2025-03-09T16:12:56.273+0000] {dagbag.py:588} INFO - Filling up the DagBag from /home/airflow/.local/lib/python3.12/site-packages/airflow/example_dags/example_python_decorator.py
[2025-03-09T16:12:56.283+0000] {processor.py:925} INFO - DAG(s) 'example_python_decorator' retrieved from /home/airflow/.local/lib/python3.12/site-packages/airflow/example_dags/example_python_decorator.py
[2025-03-09T16:12:56.301+0000] {logging_mixin.py:190} INFO - [2025-03-09T16:12:56.300+0000] {dag.py:3239} INFO - Sync 1 DAGs
[2025-03-09T16:12:56.311+0000] {logging_mixin.py:190} INFO - [2025-03-09T16:12:56.311+0000] {dag.py:4180} INFO - Setting next_dagrun for example_python_decorator to None, run_after=None
[2025-03-09T16:12:56.324+0000] {processor.py:208} INFO - Processing /home/airflow/.local/lib/python3.12/site-packages/airflow/example_dags/example_python_decorator.py took 0.056 seconds
[2025-03-09T16:13:27.277+0000] {processor.py:186} INFO - Started process (PID=17693) to work on /home/airflow/.local/lib/python3.12/site-packages/airflow/example_dags/example_python_decorator.py
[2025-03-09T16:13:27.277+0000] {processor.py:914} INFO - Processing file /home/airflow/.local/lib/python3.12/site-packages/airflow/example_dags/example_python_decorator.py for tasks to queue
[2025-03-09T16:13:27.278+0000] {logging_mixin.py:190} INFO - [2025-03-09T16:13:27.278+0000] {dagbag.py:588} INFO - Filling up the DagBag from /home/airflow/.local/lib/python3.12/site-packages/airflow/example_dags/example_python_decorator.py
[2025-03-09T16:13:27.287+0000] {processor.py:925} INFO - DAG(s) 'example_python_decorator' retrieved from /home/airflow/.local/lib/python3.12/site-packages/airflow/example_dags/example_python_decorator.py
[2025-03-09T16:13:27.302+0000] {logging_mixin.py:190} INFO - [2025-03-09T16:13:27.302+0000] {dag.py:3239} INFO - Sync 1 DAGs
[2025-03-09T16:13:27.311+0000] {logging_mixin.py:190} INFO - [2025-03-09T16:13:27.310+0000] {dag.py:4180} INFO - Setting next_dagrun for example_python_decorator to None, run_after=None
[2025-03-09T16:13:27.322+0000] {processor.py:208} INFO - Processing /home/airflow/.local/lib/python3.12/site-packages/airflow/example_dags/example_python_decorator.py took 0.050 seconds
[2025-03-09T16:13:58.273+0000] {processor.py:186} INFO - Started process (PID=18017) to work on /home/airflow/.local/lib/python3.12/site-packages/airflow/example_dags/example_python_decorator.py
[2025-03-09T16:13:58.274+0000] {processor.py:914} INFO - Processing file /home/airflow/.local/lib/python3.12/site-packages/airflow/example_dags/example_python_decorator.py for tasks to queue
[2025-03-09T16:13:58.276+0000] {logging_mixin.py:190} INFO - [2025-03-09T16:13:58.276+0000] {dagbag.py:588} INFO - Filling up the DagBag from /home/airflow/.local/lib/python3.12/site-packages/airflow/example_dags/example_python_decorator.py
[2025-03-09T16:13:58.287+0000] {processor.py:925} INFO - DAG(s) 'example_python_decorator' retrieved from /home/airflow/.local/lib/python3.12/site-packages/airflow/example_dags/example_python_decorator.py
[2025-03-09T16:13:58.300+0000] {logging_mixin.py:190} INFO - [2025-03-09T16:13:58.300+0000] {dag.py:3239} INFO - Sync 1 DAGs
[2025-03-09T16:13:58.309+0000] {logging_mixin.py:190} INFO - [2025-03-09T16:13:58.309+0000] {dag.py:4180} INFO - Setting next_dagrun for example_python_decorator to None, run_after=None
[2025-03-09T16:13:58.321+0000] {processor.py:208} INFO - Processing /home/airflow/.local/lib/python3.12/site-packages/airflow/example_dags/example_python_decorator.py took 0.053 seconds
[2025-03-09T16:14:28.891+0000] {processor.py:186} INFO - Started process (PID=18343) to work on /home/airflow/.local/lib/python3.12/site-packages/airflow/example_dags/example_python_decorator.py
[2025-03-09T16:14:28.892+0000] {processor.py:914} INFO - Processing file /home/airflow/.local/lib/python3.12/site-packages/airflow/example_dags/example_python_decorator.py for tasks to queue
[2025-03-09T16:14:28.893+0000] {logging_mixin.py:190} INFO - [2025-03-09T16:14:28.893+0000] {dagbag.py:588} INFO - Filling up the DagBag from /home/airflow/.local/lib/python3.12/site-packages/airflow/example_dags/example_python_decorator.py
[2025-03-09T16:14:28.903+0000] {processor.py:925} INFO - DAG(s) 'example_python_decorator' retrieved from /home/airflow/.local/lib/python3.12/site-packages/airflow/example_dags/example_python_decorator.py
[2025-03-09T16:14:28.917+0000] {logging_mixin.py:190} INFO - [2025-03-09T16:14:28.916+0000] {dag.py:3239} INFO - Sync 1 DAGs
[2025-03-09T16:14:28.932+0000] {logging_mixin.py:190} INFO - [2025-03-09T16:14:28.932+0000] {dag.py:4180} INFO - Setting next_dagrun for example_python_decorator to None, run_after=None
[2025-03-09T16:14:28.953+0000] {processor.py:208} INFO - Processing /home/airflow/.local/lib/python3.12/site-packages/airflow/example_dags/example_python_decorator.py took 0.066 seconds
[2025-03-09T16:14:59.794+0000] {processor.py:186} INFO - Started process (PID=18669) to work on /home/airflow/.local/lib/python3.12/site-packages/airflow/example_dags/example_python_decorator.py
[2025-03-09T16:14:59.795+0000] {processor.py:914} INFO - Processing file /home/airflow/.local/lib/python3.12/site-packages/airflow/example_dags/example_python_decorator.py for tasks to queue
[2025-03-09T16:14:59.796+0000] {logging_mixin.py:190} INFO - [2025-03-09T16:14:59.796+0000] {dagbag.py:588} INFO - Filling up the DagBag from /home/airflow/.local/lib/python3.12/site-packages/airflow/example_dags/example_python_decorator.py
[2025-03-09T16:14:59.804+0000] {processor.py:925} INFO - DAG(s) 'example_python_decorator' retrieved from /home/airflow/.local/lib/python3.12/site-packages/airflow/example_dags/example_python_decorator.py
[2025-03-09T16:14:59.822+0000] {logging_mixin.py:190} INFO - [2025-03-09T16:14:59.821+0000] {dag.py:3239} INFO - Sync 1 DAGs
[2025-03-09T16:14:59.831+0000] {logging_mixin.py:190} INFO - [2025-03-09T16:14:59.830+0000] {dag.py:4180} INFO - Setting next_dagrun for example_python_decorator to None, run_after=None
[2025-03-09T16:14:59.844+0000] {processor.py:208} INFO - Processing /home/airflow/.local/lib/python3.12/site-packages/airflow/example_dags/example_python_decorator.py took 0.054 seconds
[2025-03-09T16:15:30.607+0000] {processor.py:186} INFO - Started process (PID=18995) to work on /home/airflow/.local/lib/python3.12/site-packages/airflow/example_dags/example_python_decorator.py
[2025-03-09T16:15:30.608+0000] {processor.py:914} INFO - Processing file /home/airflow/.local/lib/python3.12/site-packages/airflow/example_dags/example_python_decorator.py for tasks to queue
[2025-03-09T16:15:30.610+0000] {logging_mixin.py:190} INFO - [2025-03-09T16:15:30.609+0000] {dagbag.py:588} INFO - Filling up the DagBag from /home/airflow/.local/lib/python3.12/site-packages/airflow/example_dags/example_python_decorator.py
[2025-03-09T16:15:30.618+0000] {processor.py:925} INFO - DAG(s) 'example_python_decorator' retrieved from /home/airflow/.local/lib/python3.12/site-packages/airflow/example_dags/example_python_decorator.py
[2025-03-09T16:15:30.636+0000] {logging_mixin.py:190} INFO - [2025-03-09T16:15:30.636+0000] {dag.py:3239} INFO - Sync 1 DAGs
[2025-03-09T16:15:30.647+0000] {logging_mixin.py:190} INFO - [2025-03-09T16:15:30.646+0000] {dag.py:4180} INFO - Setting next_dagrun for example_python_decorator to None, run_after=None
[2025-03-09T16:15:30.661+0000] {processor.py:208} INFO - Processing /home/airflow/.local/lib/python3.12/site-packages/airflow/example_dags/example_python_decorator.py took 0.058 seconds
[2025-03-09T16:16:01.634+0000] {processor.py:186} INFO - Started process (PID=19323) to work on /home/airflow/.local/lib/python3.12/site-packages/airflow/example_dags/example_python_decorator.py
[2025-03-09T16:16:01.635+0000] {processor.py:914} INFO - Processing file /home/airflow/.local/lib/python3.12/site-packages/airflow/example_dags/example_python_decorator.py for tasks to queue
[2025-03-09T16:16:01.636+0000] {logging_mixin.py:190} INFO - [2025-03-09T16:16:01.636+0000] {dagbag.py:588} INFO - Filling up the DagBag from /home/airflow/.local/lib/python3.12/site-packages/airflow/example_dags/example_python_decorator.py
[2025-03-09T16:16:01.644+0000] {processor.py:925} INFO - DAG(s) 'example_python_decorator' retrieved from /home/airflow/.local/lib/python3.12/site-packages/airflow/example_dags/example_python_decorator.py
[2025-03-09T16:16:01.663+0000] {logging_mixin.py:190} INFO - [2025-03-09T16:16:01.663+0000] {dag.py:3239} INFO - Sync 1 DAGs
[2025-03-09T16:16:01.672+0000] {logging_mixin.py:190} INFO - [2025-03-09T16:16:01.672+0000] {dag.py:4180} INFO - Setting next_dagrun for example_python_decorator to None, run_after=None
[2025-03-09T16:16:01.686+0000] {processor.py:208} INFO - Processing /home/airflow/.local/lib/python3.12/site-packages/airflow/example_dags/example_python_decorator.py took 0.056 seconds
[2025-03-09T16:16:32.991+0000] {processor.py:186} INFO - Started process (PID=19647) to work on /home/airflow/.local/lib/python3.12/site-packages/airflow/example_dags/example_python_decorator.py
[2025-03-09T16:16:32.992+0000] {processor.py:914} INFO - Processing file /home/airflow/.local/lib/python3.12/site-packages/airflow/example_dags/example_python_decorator.py for tasks to queue
[2025-03-09T16:16:32.993+0000] {logging_mixin.py:190} INFO - [2025-03-09T16:16:32.993+0000] {dagbag.py:588} INFO - Filling up the DagBag from /home/airflow/.local/lib/python3.12/site-packages/airflow/example_dags/example_python_decorator.py
[2025-03-09T16:16:33.001+0000] {processor.py:925} INFO - DAG(s) 'example_python_decorator' retrieved from /home/airflow/.local/lib/python3.12/site-packages/airflow/example_dags/example_python_decorator.py
[2025-03-09T16:16:33.021+0000] {logging_mixin.py:190} INFO - [2025-03-09T16:16:33.021+0000] {dag.py:3239} INFO - Sync 1 DAGs
[2025-03-09T16:16:33.031+0000] {logging_mixin.py:190} INFO - [2025-03-09T16:16:33.031+0000] {dag.py:4180} INFO - Setting next_dagrun for example_python_decorator to None, run_after=None
[2025-03-09T16:16:33.043+0000] {processor.py:208} INFO - Processing /home/airflow/.local/lib/python3.12/site-packages/airflow/example_dags/example_python_decorator.py took 0.055 seconds
[2025-03-09T16:17:04.237+0000] {processor.py:186} INFO - Started process (PID=19975) to work on /home/airflow/.local/lib/python3.12/site-packages/airflow/example_dags/example_python_decorator.py
[2025-03-09T16:17:04.238+0000] {processor.py:914} INFO - Processing file /home/airflow/.local/lib/python3.12/site-packages/airflow/example_dags/example_python_decorator.py for tasks to queue
[2025-03-09T16:17:04.240+0000] {logging_mixin.py:190} INFO - [2025-03-09T16:17:04.239+0000] {dagbag.py:588} INFO - Filling up the DagBag from /home/airflow/.local/lib/python3.12/site-packages/airflow/example_dags/example_python_decorator.py
[2025-03-09T16:17:04.250+0000] {processor.py:925} INFO - DAG(s) 'example_python_decorator' retrieved from /home/airflow/.local/lib/python3.12/site-packages/airflow/example_dags/example_python_decorator.py
[2025-03-09T16:17:04.268+0000] {logging_mixin.py:190} INFO - [2025-03-09T16:17:04.268+0000] {dag.py:3239} INFO - Sync 1 DAGs
[2025-03-09T16:17:04.280+0000] {logging_mixin.py:190} INFO - [2025-03-09T16:17:04.280+0000] {dag.py:4180} INFO - Setting next_dagrun for example_python_decorator to None, run_after=None
[2025-03-09T16:17:04.297+0000] {processor.py:208} INFO - Processing /home/airflow/.local/lib/python3.12/site-packages/airflow/example_dags/example_python_decorator.py took 0.064 seconds
[2025-03-09T16:17:35.273+0000] {processor.py:186} INFO - Started process (PID=20299) to work on /home/airflow/.local/lib/python3.12/site-packages/airflow/example_dags/example_python_decorator.py
[2025-03-09T16:17:35.274+0000] {processor.py:914} INFO - Processing file /home/airflow/.local/lib/python3.12/site-packages/airflow/example_dags/example_python_decorator.py for tasks to queue
[2025-03-09T16:17:35.276+0000] {logging_mixin.py:190} INFO - [2025-03-09T16:17:35.275+0000] {dagbag.py:588} INFO - Filling up the DagBag from /home/airflow/.local/lib/python3.12/site-packages/airflow/example_dags/example_python_decorator.py
[2025-03-09T16:17:35.284+0000] {processor.py:925} INFO - DAG(s) 'example_python_decorator' retrieved from /home/airflow/.local/lib/python3.12/site-packages/airflow/example_dags/example_python_decorator.py
[2025-03-09T16:17:35.298+0000] {logging_mixin.py:190} INFO - [2025-03-09T16:17:35.297+0000] {dag.py:3239} INFO - Sync 1 DAGs
[2025-03-09T16:17:35.306+0000] {logging_mixin.py:190} INFO - [2025-03-09T16:17:35.306+0000] {dag.py:4180} INFO - Setting next_dagrun for example_python_decorator to None, run_after=None
[2025-03-09T16:17:35.318+0000] {processor.py:208} INFO - Processing /home/airflow/.local/lib/python3.12/site-packages/airflow/example_dags/example_python_decorator.py took 0.050 seconds
[2025-03-09T16:18:06.267+0000] {processor.py:186} INFO - Started process (PID=20627) to work on /home/airflow/.local/lib/python3.12/site-packages/airflow/example_dags/example_python_decorator.py
[2025-03-09T16:18:06.267+0000] {processor.py:914} INFO - Processing file /home/airflow/.local/lib/python3.12/site-packages/airflow/example_dags/example_python_decorator.py for tasks to queue
[2025-03-09T16:18:06.269+0000] {logging_mixin.py:190} INFO - [2025-03-09T16:18:06.269+0000] {dagbag.py:588} INFO - Filling up the DagBag from /home/airflow/.local/lib/python3.12/site-packages/airflow/example_dags/example_python_decorator.py
[2025-03-09T16:18:06.278+0000] {processor.py:925} INFO - DAG(s) 'example_python_decorator' retrieved from /home/airflow/.local/lib/python3.12/site-packages/airflow/example_dags/example_python_decorator.py
[2025-03-09T16:18:06.297+0000] {logging_mixin.py:190} INFO - [2025-03-09T16:18:06.297+0000] {dag.py:3239} INFO - Sync 1 DAGs
[2025-03-09T16:18:06.314+0000] {logging_mixin.py:190} INFO - [2025-03-09T16:18:06.314+0000] {dag.py:4180} INFO - Setting next_dagrun for example_python_decorator to None, run_after=None
[2025-03-09T16:18:06.333+0000] {processor.py:208} INFO - Processing /home/airflow/.local/lib/python3.12/site-packages/airflow/example_dags/example_python_decorator.py took 0.072 seconds
[2025-03-09T16:18:36.677+0000] {processor.py:186} INFO - Started process (PID=20951) to work on /home/airflow/.local/lib/python3.12/site-packages/airflow/example_dags/example_python_decorator.py
[2025-03-09T16:18:36.678+0000] {processor.py:914} INFO - Processing file /home/airflow/.local/lib/python3.12/site-packages/airflow/example_dags/example_python_decorator.py for tasks to queue
[2025-03-09T16:18:36.680+0000] {logging_mixin.py:190} INFO - [2025-03-09T16:18:36.679+0000] {dagbag.py:588} INFO - Filling up the DagBag from /home/airflow/.local/lib/python3.12/site-packages/airflow/example_dags/example_python_decorator.py
[2025-03-09T16:18:36.692+0000] {processor.py:925} INFO - DAG(s) 'example_python_decorator' retrieved from /home/airflow/.local/lib/python3.12/site-packages/airflow/example_dags/example_python_decorator.py
[2025-03-09T16:18:36.708+0000] {logging_mixin.py:190} INFO - [2025-03-09T16:18:36.707+0000] {dag.py:3239} INFO - Sync 1 DAGs
[2025-03-09T16:18:36.716+0000] {logging_mixin.py:190} INFO - [2025-03-09T16:18:36.716+0000] {dag.py:4180} INFO - Setting next_dagrun for example_python_decorator to None, run_after=None
[2025-03-09T16:18:36.730+0000] {processor.py:208} INFO - Processing /home/airflow/.local/lib/python3.12/site-packages/airflow/example_dags/example_python_decorator.py took 0.059 seconds
[2025-03-09T16:19:07.721+0000] {processor.py:186} INFO - Started process (PID=21277) to work on /home/airflow/.local/lib/python3.12/site-packages/airflow/example_dags/example_python_decorator.py
[2025-03-09T16:19:07.722+0000] {processor.py:914} INFO - Processing file /home/airflow/.local/lib/python3.12/site-packages/airflow/example_dags/example_python_decorator.py for tasks to queue
[2025-03-09T16:19:07.723+0000] {logging_mixin.py:190} INFO - [2025-03-09T16:19:07.723+0000] {dagbag.py:588} INFO - Filling up the DagBag from /home/airflow/.local/lib/python3.12/site-packages/airflow/example_dags/example_python_decorator.py
[2025-03-09T16:19:07.731+0000] {processor.py:925} INFO - DAG(s) 'example_python_decorator' retrieved from /home/airflow/.local/lib/python3.12/site-packages/airflow/example_dags/example_python_decorator.py
[2025-03-09T16:19:07.750+0000] {logging_mixin.py:190} INFO - [2025-03-09T16:19:07.749+0000] {dag.py:3239} INFO - Sync 1 DAGs
[2025-03-09T16:19:07.758+0000] {logging_mixin.py:190} INFO - [2025-03-09T16:19:07.758+0000] {dag.py:4180} INFO - Setting next_dagrun for example_python_decorator to None, run_after=None
[2025-03-09T16:19:07.772+0000] {processor.py:208} INFO - Processing /home/airflow/.local/lib/python3.12/site-packages/airflow/example_dags/example_python_decorator.py took 0.056 seconds
[2025-03-09T16:19:38.271+0000] {processor.py:186} INFO - Started process (PID=21603) to work on /home/airflow/.local/lib/python3.12/site-packages/airflow/example_dags/example_python_decorator.py
[2025-03-09T16:19:38.272+0000] {processor.py:914} INFO - Processing file /home/airflow/.local/lib/python3.12/site-packages/airflow/example_dags/example_python_decorator.py for tasks to queue
[2025-03-09T16:19:38.274+0000] {logging_mixin.py:190} INFO - [2025-03-09T16:19:38.274+0000] {dagbag.py:588} INFO - Filling up the DagBag from /home/airflow/.local/lib/python3.12/site-packages/airflow/example_dags/example_python_decorator.py
[2025-03-09T16:19:38.283+0000] {processor.py:925} INFO - DAG(s) 'example_python_decorator' retrieved from /home/airflow/.local/lib/python3.12/site-packages/airflow/example_dags/example_python_decorator.py
[2025-03-09T16:19:38.298+0000] {logging_mixin.py:190} INFO - [2025-03-09T16:19:38.298+0000] {dag.py:3239} INFO - Sync 1 DAGs
[2025-03-09T16:19:38.307+0000] {logging_mixin.py:190} INFO - [2025-03-09T16:19:38.306+0000] {dag.py:4180} INFO - Setting next_dagrun for example_python_decorator to None, run_after=None
[2025-03-09T16:19:38.321+0000] {processor.py:208} INFO - Processing /home/airflow/.local/lib/python3.12/site-packages/airflow/example_dags/example_python_decorator.py took 0.056 seconds
