[2025-03-09T15:46:14.996+0000] {processor.py:186} INFO - Started process (PID=361) to work on /home/airflow/.local/lib/python3.12/site-packages/airflow/example_dags/example_sensor_decorator.py
[2025-03-09T15:46:14.996+0000] {processor.py:914} INFO - Processing file /home/airflow/.local/lib/python3.12/site-packages/airflow/example_dags/example_sensor_decorator.py for tasks to queue
[2025-03-09T15:46:14.997+0000] {logging_mixin.py:190} INFO - [2025-03-09T15:46:14.997+0000] {dagbag.py:588} INFO - Filling up the DagBag from /home/airflow/.local/lib/python3.12/site-packages/airflow/example_dags/example_sensor_decorator.py
[2025-03-09T15:46:15.006+0000] {processor.py:925} INFO - DAG(s) 'example_sensor_decorator' retrieved from /home/airflow/.local/lib/python3.12/site-packages/airflow/example_dags/example_sensor_decorator.py
[2025-03-09T15:46:15.029+0000] {logging_mixin.py:190} INFO - [2025-03-09T15:46:15.029+0000] {dag.py:3239} INFO - Sync 1 DAGs
[2025-03-09T15:46:15.039+0000] {logging_mixin.py:190} INFO - [2025-03-09T15:46:15.038+0000] {dag.py:4180} INFO - Setting next_dagrun for example_sensor_decorator to None, run_after=None
[2025-03-09T15:46:15.054+0000] {processor.py:208} INFO - Processing /home/airflow/.local/lib/python3.12/site-packages/airflow/example_dags/example_sensor_decorator.py took 0.062 seconds
[2025-03-09T15:46:46.062+0000] {processor.py:186} INFO - Started process (PID=693) to work on /home/airflow/.local/lib/python3.12/site-packages/airflow/example_dags/example_sensor_decorator.py
[2025-03-09T15:46:46.062+0000] {processor.py:914} INFO - Processing file /home/airflow/.local/lib/python3.12/site-packages/airflow/example_dags/example_sensor_decorator.py for tasks to queue
[2025-03-09T15:46:46.064+0000] {logging_mixin.py:190} INFO - [2025-03-09T15:46:46.063+0000] {dagbag.py:588} INFO - Filling up the DagBag from /home/airflow/.local/lib/python3.12/site-packages/airflow/example_dags/example_sensor_decorator.py
[2025-03-09T15:46:46.070+0000] {processor.py:925} INFO - DAG(s) 'example_sensor_decorator' retrieved from /home/airflow/.local/lib/python3.12/site-packages/airflow/example_dags/example_sensor_decorator.py
[2025-03-09T15:46:46.084+0000] {logging_mixin.py:190} INFO - [2025-03-09T15:46:46.084+0000] {dag.py:3239} INFO - Sync 1 DAGs
[2025-03-09T15:46:46.093+0000] {logging_mixin.py:190} INFO - [2025-03-09T15:46:46.093+0000] {dag.py:4180} INFO - Setting next_dagrun for example_sensor_decorator to None, run_after=None
[2025-03-09T15:46:46.106+0000] {processor.py:208} INFO - Processing /home/airflow/.local/lib/python3.12/site-packages/airflow/example_dags/example_sensor_decorator.py took 0.047 seconds
[2025-03-09T15:47:17.191+0000] {processor.py:186} INFO - Started process (PID=1019) to work on /home/airflow/.local/lib/python3.12/site-packages/airflow/example_dags/example_sensor_decorator.py
[2025-03-09T15:47:17.192+0000] {processor.py:914} INFO - Processing file /home/airflow/.local/lib/python3.12/site-packages/airflow/example_dags/example_sensor_decorator.py for tasks to queue
[2025-03-09T15:47:17.193+0000] {logging_mixin.py:190} INFO - [2025-03-09T15:47:17.193+0000] {dagbag.py:588} INFO - Filling up the DagBag from /home/airflow/.local/lib/python3.12/site-packages/airflow/example_dags/example_sensor_decorator.py
[2025-03-09T15:47:17.198+0000] {processor.py:925} INFO - DAG(s) 'example_sensor_decorator' retrieved from /home/airflow/.local/lib/python3.12/site-packages/airflow/example_dags/example_sensor_decorator.py
[2025-03-09T15:47:17.209+0000] {logging_mixin.py:190} INFO - [2025-03-09T15:47:17.209+0000] {dag.py:3239} INFO - Sync 1 DAGs
[2025-03-09T15:47:17.218+0000] {logging_mixin.py:190} INFO - [2025-03-09T15:47:17.217+0000] {dag.py:4180} INFO - Setting next_dagrun for example_sensor_decorator to None, run_after=None
[2025-03-09T15:47:17.232+0000] {processor.py:208} INFO - Processing /home/airflow/.local/lib/python3.12/site-packages/airflow/example_dags/example_sensor_decorator.py took 0.045 seconds
[2025-03-09T15:47:48.092+0000] {processor.py:186} INFO - Started process (PID=1345) to work on /home/airflow/.local/lib/python3.12/site-packages/airflow/example_dags/example_sensor_decorator.py
[2025-03-09T15:47:48.092+0000] {processor.py:914} INFO - Processing file /home/airflow/.local/lib/python3.12/site-packages/airflow/example_dags/example_sensor_decorator.py for tasks to queue
[2025-03-09T15:47:48.093+0000] {logging_mixin.py:190} INFO - [2025-03-09T15:47:48.093+0000] {dagbag.py:588} INFO - Filling up the DagBag from /home/airflow/.local/lib/python3.12/site-packages/airflow/example_dags/example_sensor_decorator.py
[2025-03-09T15:47:48.098+0000] {processor.py:925} INFO - DAG(s) 'example_sensor_decorator' retrieved from /home/airflow/.local/lib/python3.12/site-packages/airflow/example_dags/example_sensor_decorator.py
[2025-03-09T15:47:48.110+0000] {logging_mixin.py:190} INFO - [2025-03-09T15:47:48.110+0000] {dag.py:3239} INFO - Sync 1 DAGs
[2025-03-09T15:47:48.119+0000] {logging_mixin.py:190} INFO - [2025-03-09T15:47:48.118+0000] {dag.py:4180} INFO - Setting next_dagrun for example_sensor_decorator to None, run_after=None
[2025-03-09T15:47:48.137+0000] {processor.py:208} INFO - Processing /home/airflow/.local/lib/python3.12/site-packages/airflow/example_dags/example_sensor_decorator.py took 0.050 seconds
[2025-03-09T15:48:18.963+0000] {processor.py:186} INFO - Started process (PID=1671) to work on /home/airflow/.local/lib/python3.12/site-packages/airflow/example_dags/example_sensor_decorator.py
[2025-03-09T15:48:18.964+0000] {processor.py:914} INFO - Processing file /home/airflow/.local/lib/python3.12/site-packages/airflow/example_dags/example_sensor_decorator.py for tasks to queue
[2025-03-09T15:48:18.965+0000] {logging_mixin.py:190} INFO - [2025-03-09T15:48:18.965+0000] {dagbag.py:588} INFO - Filling up the DagBag from /home/airflow/.local/lib/python3.12/site-packages/airflow/example_dags/example_sensor_decorator.py
[2025-03-09T15:48:18.969+0000] {processor.py:925} INFO - DAG(s) 'example_sensor_decorator' retrieved from /home/airflow/.local/lib/python3.12/site-packages/airflow/example_dags/example_sensor_decorator.py
[2025-03-09T15:48:18.981+0000] {logging_mixin.py:190} INFO - [2025-03-09T15:48:18.981+0000] {dag.py:3239} INFO - Sync 1 DAGs
[2025-03-09T15:48:18.989+0000] {logging_mixin.py:190} INFO - [2025-03-09T15:48:18.989+0000] {dag.py:4180} INFO - Setting next_dagrun for example_sensor_decorator to None, run_after=None
[2025-03-09T15:48:19.000+0000] {processor.py:208} INFO - Processing /home/airflow/.local/lib/python3.12/site-packages/airflow/example_dags/example_sensor_decorator.py took 0.042 seconds
[2025-03-09T15:48:49.881+0000] {processor.py:186} INFO - Started process (PID=1997) to work on /home/airflow/.local/lib/python3.12/site-packages/airflow/example_dags/example_sensor_decorator.py
[2025-03-09T15:48:49.881+0000] {processor.py:914} INFO - Processing file /home/airflow/.local/lib/python3.12/site-packages/airflow/example_dags/example_sensor_decorator.py for tasks to queue
[2025-03-09T15:48:49.882+0000] {logging_mixin.py:190} INFO - [2025-03-09T15:48:49.882+0000] {dagbag.py:588} INFO - Filling up the DagBag from /home/airflow/.local/lib/python3.12/site-packages/airflow/example_dags/example_sensor_decorator.py
[2025-03-09T15:48:49.887+0000] {processor.py:925} INFO - DAG(s) 'example_sensor_decorator' retrieved from /home/airflow/.local/lib/python3.12/site-packages/airflow/example_dags/example_sensor_decorator.py
[2025-03-09T15:48:49.903+0000] {logging_mixin.py:190} INFO - [2025-03-09T15:48:49.902+0000] {dag.py:3239} INFO - Sync 1 DAGs
[2025-03-09T15:48:49.914+0000] {logging_mixin.py:190} INFO - [2025-03-09T15:48:49.914+0000] {dag.py:4180} INFO - Setting next_dagrun for example_sensor_decorator to None, run_after=None
[2025-03-09T15:48:49.925+0000] {processor.py:208} INFO - Processing /home/airflow/.local/lib/python3.12/site-packages/airflow/example_dags/example_sensor_decorator.py took 0.048 seconds
[2025-03-09T15:49:20.664+0000] {processor.py:186} INFO - Started process (PID=2325) to work on /home/airflow/.local/lib/python3.12/site-packages/airflow/example_dags/example_sensor_decorator.py
[2025-03-09T15:49:20.664+0000] {processor.py:914} INFO - Processing file /home/airflow/.local/lib/python3.12/site-packages/airflow/example_dags/example_sensor_decorator.py for tasks to queue
[2025-03-09T15:49:20.666+0000] {logging_mixin.py:190} INFO - [2025-03-09T15:49:20.665+0000] {dagbag.py:588} INFO - Filling up the DagBag from /home/airflow/.local/lib/python3.12/site-packages/airflow/example_dags/example_sensor_decorator.py
[2025-03-09T15:49:20.672+0000] {processor.py:925} INFO - DAG(s) 'example_sensor_decorator' retrieved from /home/airflow/.local/lib/python3.12/site-packages/airflow/example_dags/example_sensor_decorator.py
[2025-03-09T15:49:20.686+0000] {logging_mixin.py:190} INFO - [2025-03-09T15:49:20.686+0000] {dag.py:3239} INFO - Sync 1 DAGs
[2025-03-09T15:49:20.694+0000] {logging_mixin.py:190} INFO - [2025-03-09T15:49:20.694+0000] {dag.py:4180} INFO - Setting next_dagrun for example_sensor_decorator to None, run_after=None
[2025-03-09T15:49:20.706+0000] {processor.py:208} INFO - Processing /home/airflow/.local/lib/python3.12/site-packages/airflow/example_dags/example_sensor_decorator.py took 0.046 seconds
[2025-03-09T15:49:51.545+0000] {processor.py:186} INFO - Started process (PID=2649) to work on /home/airflow/.local/lib/python3.12/site-packages/airflow/example_dags/example_sensor_decorator.py
[2025-03-09T15:49:51.545+0000] {processor.py:914} INFO - Processing file /home/airflow/.local/lib/python3.12/site-packages/airflow/example_dags/example_sensor_decorator.py for tasks to queue
[2025-03-09T15:49:51.547+0000] {logging_mixin.py:190} INFO - [2025-03-09T15:49:51.547+0000] {dagbag.py:588} INFO - Filling up the DagBag from /home/airflow/.local/lib/python3.12/site-packages/airflow/example_dags/example_sensor_decorator.py
[2025-03-09T15:49:51.551+0000] {processor.py:925} INFO - DAG(s) 'example_sensor_decorator' retrieved from /home/airflow/.local/lib/python3.12/site-packages/airflow/example_dags/example_sensor_decorator.py
[2025-03-09T15:49:51.572+0000] {logging_mixin.py:190} INFO - [2025-03-09T15:49:51.571+0000] {dag.py:3239} INFO - Sync 1 DAGs
[2025-03-09T15:49:51.583+0000] {logging_mixin.py:190} INFO - [2025-03-09T15:49:51.583+0000] {dag.py:4180} INFO - Setting next_dagrun for example_sensor_decorator to None, run_after=None
[2025-03-09T15:49:51.596+0000] {processor.py:208} INFO - Processing /home/airflow/.local/lib/python3.12/site-packages/airflow/example_dags/example_sensor_decorator.py took 0.057 seconds
[2025-03-09T15:50:22.538+0000] {processor.py:186} INFO - Started process (PID=2977) to work on /home/airflow/.local/lib/python3.12/site-packages/airflow/example_dags/example_sensor_decorator.py
[2025-03-09T15:50:22.539+0000] {processor.py:914} INFO - Processing file /home/airflow/.local/lib/python3.12/site-packages/airflow/example_dags/example_sensor_decorator.py for tasks to queue
[2025-03-09T15:50:22.541+0000] {logging_mixin.py:190} INFO - [2025-03-09T15:50:22.541+0000] {dagbag.py:588} INFO - Filling up the DagBag from /home/airflow/.local/lib/python3.12/site-packages/airflow/example_dags/example_sensor_decorator.py
[2025-03-09T15:50:22.548+0000] {processor.py:925} INFO - DAG(s) 'example_sensor_decorator' retrieved from /home/airflow/.local/lib/python3.12/site-packages/airflow/example_dags/example_sensor_decorator.py
[2025-03-09T15:50:22.563+0000] {logging_mixin.py:190} INFO - [2025-03-09T15:50:22.563+0000] {dag.py:3239} INFO - Sync 1 DAGs
[2025-03-09T15:50:22.577+0000] {logging_mixin.py:190} INFO - [2025-03-09T15:50:22.577+0000] {dag.py:4180} INFO - Setting next_dagrun for example_sensor_decorator to None, run_after=None
[2025-03-09T15:50:22.588+0000] {processor.py:208} INFO - Processing /home/airflow/.local/lib/python3.12/site-packages/airflow/example_dags/example_sensor_decorator.py took 0.058 seconds
[2025-03-09T15:50:53.458+0000] {processor.py:186} INFO - Started process (PID=3301) to work on /home/airflow/.local/lib/python3.12/site-packages/airflow/example_dags/example_sensor_decorator.py
[2025-03-09T15:50:53.459+0000] {processor.py:914} INFO - Processing file /home/airflow/.local/lib/python3.12/site-packages/airflow/example_dags/example_sensor_decorator.py for tasks to queue
[2025-03-09T15:50:53.460+0000] {logging_mixin.py:190} INFO - [2025-03-09T15:50:53.460+0000] {dagbag.py:588} INFO - Filling up the DagBag from /home/airflow/.local/lib/python3.12/site-packages/airflow/example_dags/example_sensor_decorator.py
[2025-03-09T15:50:53.466+0000] {processor.py:925} INFO - DAG(s) 'example_sensor_decorator' retrieved from /home/airflow/.local/lib/python3.12/site-packages/airflow/example_dags/example_sensor_decorator.py
[2025-03-09T15:50:53.492+0000] {logging_mixin.py:190} INFO - [2025-03-09T15:50:53.492+0000] {dag.py:3239} INFO - Sync 1 DAGs
[2025-03-09T15:50:53.504+0000] {logging_mixin.py:190} INFO - [2025-03-09T15:50:53.504+0000] {dag.py:4180} INFO - Setting next_dagrun for example_sensor_decorator to None, run_after=None
[2025-03-09T15:50:53.518+0000] {processor.py:208} INFO - Processing /home/airflow/.local/lib/python3.12/site-packages/airflow/example_dags/example_sensor_decorator.py took 0.065 seconds
[2025-03-09T15:51:24.150+0000] {processor.py:186} INFO - Started process (PID=3627) to work on /home/airflow/.local/lib/python3.12/site-packages/airflow/example_dags/example_sensor_decorator.py
[2025-03-09T15:51:24.151+0000] {processor.py:914} INFO - Processing file /home/airflow/.local/lib/python3.12/site-packages/airflow/example_dags/example_sensor_decorator.py for tasks to queue
[2025-03-09T15:51:24.152+0000] {logging_mixin.py:190} INFO - [2025-03-09T15:51:24.152+0000] {dagbag.py:588} INFO - Filling up the DagBag from /home/airflow/.local/lib/python3.12/site-packages/airflow/example_dags/example_sensor_decorator.py
[2025-03-09T15:51:24.157+0000] {processor.py:925} INFO - DAG(s) 'example_sensor_decorator' retrieved from /home/airflow/.local/lib/python3.12/site-packages/airflow/example_dags/example_sensor_decorator.py
[2025-03-09T15:51:24.171+0000] {logging_mixin.py:190} INFO - [2025-03-09T15:51:24.171+0000] {dag.py:3239} INFO - Sync 1 DAGs
[2025-03-09T15:51:24.181+0000] {logging_mixin.py:190} INFO - [2025-03-09T15:51:24.181+0000] {dag.py:4180} INFO - Setting next_dagrun for example_sensor_decorator to None, run_after=None
[2025-03-09T15:51:24.192+0000] {processor.py:208} INFO - Processing /home/airflow/.local/lib/python3.12/site-packages/airflow/example_dags/example_sensor_decorator.py took 0.046 seconds
[2025-03-09T15:51:54.943+0000] {processor.py:186} INFO - Started process (PID=3948) to work on /home/airflow/.local/lib/python3.12/site-packages/airflow/example_dags/example_sensor_decorator.py
[2025-03-09T15:51:54.944+0000] {processor.py:914} INFO - Processing file /home/airflow/.local/lib/python3.12/site-packages/airflow/example_dags/example_sensor_decorator.py for tasks to queue
[2025-03-09T15:51:54.946+0000] {logging_mixin.py:190} INFO - [2025-03-09T15:51:54.945+0000] {dagbag.py:588} INFO - Filling up the DagBag from /home/airflow/.local/lib/python3.12/site-packages/airflow/example_dags/example_sensor_decorator.py
[2025-03-09T15:51:54.951+0000] {processor.py:925} INFO - DAG(s) 'example_sensor_decorator' retrieved from /home/airflow/.local/lib/python3.12/site-packages/airflow/example_dags/example_sensor_decorator.py
[2025-03-09T15:51:54.962+0000] {logging_mixin.py:190} INFO - [2025-03-09T15:51:54.962+0000] {dag.py:3239} INFO - Sync 1 DAGs
[2025-03-09T15:51:54.971+0000] {logging_mixin.py:190} INFO - [2025-03-09T15:51:54.971+0000] {dag.py:4180} INFO - Setting next_dagrun for example_sensor_decorator to None, run_after=None
[2025-03-09T15:51:54.984+0000] {processor.py:208} INFO - Processing /home/airflow/.local/lib/python3.12/site-packages/airflow/example_dags/example_sensor_decorator.py took 0.046 seconds
[2025-03-09T15:52:25.912+0000] {processor.py:186} INFO - Started process (PID=4274) to work on /home/airflow/.local/lib/python3.12/site-packages/airflow/example_dags/example_sensor_decorator.py
[2025-03-09T15:52:25.913+0000] {processor.py:914} INFO - Processing file /home/airflow/.local/lib/python3.12/site-packages/airflow/example_dags/example_sensor_decorator.py for tasks to queue
[2025-03-09T15:52:25.914+0000] {logging_mixin.py:190} INFO - [2025-03-09T15:52:25.914+0000] {dagbag.py:588} INFO - Filling up the DagBag from /home/airflow/.local/lib/python3.12/site-packages/airflow/example_dags/example_sensor_decorator.py
[2025-03-09T15:52:25.919+0000] {processor.py:925} INFO - DAG(s) 'example_sensor_decorator' retrieved from /home/airflow/.local/lib/python3.12/site-packages/airflow/example_dags/example_sensor_decorator.py
[2025-03-09T15:52:25.931+0000] {logging_mixin.py:190} INFO - [2025-03-09T15:52:25.931+0000] {dag.py:3239} INFO - Sync 1 DAGs
[2025-03-09T15:52:25.940+0000] {logging_mixin.py:190} INFO - [2025-03-09T15:52:25.940+0000] {dag.py:4180} INFO - Setting next_dagrun for example_sensor_decorator to None, run_after=None
[2025-03-09T15:52:25.951+0000] {processor.py:208} INFO - Processing /home/airflow/.local/lib/python3.12/site-packages/airflow/example_dags/example_sensor_decorator.py took 0.043 seconds
[2025-03-09T15:52:56.649+0000] {processor.py:186} INFO - Started process (PID=4600) to work on /home/airflow/.local/lib/python3.12/site-packages/airflow/example_dags/example_sensor_decorator.py
[2025-03-09T15:52:56.650+0000] {processor.py:914} INFO - Processing file /home/airflow/.local/lib/python3.12/site-packages/airflow/example_dags/example_sensor_decorator.py for tasks to queue
[2025-03-09T15:52:56.651+0000] {logging_mixin.py:190} INFO - [2025-03-09T15:52:56.651+0000] {dagbag.py:588} INFO - Filling up the DagBag from /home/airflow/.local/lib/python3.12/site-packages/airflow/example_dags/example_sensor_decorator.py
[2025-03-09T15:52:56.655+0000] {processor.py:925} INFO - DAG(s) 'example_sensor_decorator' retrieved from /home/airflow/.local/lib/python3.12/site-packages/airflow/example_dags/example_sensor_decorator.py
[2025-03-09T15:52:56.667+0000] {logging_mixin.py:190} INFO - [2025-03-09T15:52:56.667+0000] {dag.py:3239} INFO - Sync 1 DAGs
[2025-03-09T15:52:56.675+0000] {logging_mixin.py:190} INFO - [2025-03-09T15:52:56.675+0000] {dag.py:4180} INFO - Setting next_dagrun for example_sensor_decorator to None, run_after=None
[2025-03-09T15:52:56.689+0000] {processor.py:208} INFO - Processing /home/airflow/.local/lib/python3.12/site-packages/airflow/example_dags/example_sensor_decorator.py took 0.043 seconds
[2025-03-09T15:53:27.364+0000] {processor.py:186} INFO - Started process (PID=4926) to work on /home/airflow/.local/lib/python3.12/site-packages/airflow/example_dags/example_sensor_decorator.py
[2025-03-09T15:53:27.365+0000] {processor.py:914} INFO - Processing file /home/airflow/.local/lib/python3.12/site-packages/airflow/example_dags/example_sensor_decorator.py for tasks to queue
[2025-03-09T15:53:27.366+0000] {logging_mixin.py:190} INFO - [2025-03-09T15:53:27.366+0000] {dagbag.py:588} INFO - Filling up the DagBag from /home/airflow/.local/lib/python3.12/site-packages/airflow/example_dags/example_sensor_decorator.py
[2025-03-09T15:53:27.371+0000] {processor.py:925} INFO - DAG(s) 'example_sensor_decorator' retrieved from /home/airflow/.local/lib/python3.12/site-packages/airflow/example_dags/example_sensor_decorator.py
[2025-03-09T15:53:27.387+0000] {logging_mixin.py:190} INFO - [2025-03-09T15:53:27.387+0000] {dag.py:3239} INFO - Sync 1 DAGs
[2025-03-09T15:53:27.399+0000] {logging_mixin.py:190} INFO - [2025-03-09T15:53:27.399+0000] {dag.py:4180} INFO - Setting next_dagrun for example_sensor_decorator to None, run_after=None
[2025-03-09T15:53:27.413+0000] {processor.py:208} INFO - Processing /home/airflow/.local/lib/python3.12/site-packages/airflow/example_dags/example_sensor_decorator.py took 0.054 seconds
[2025-03-09T15:53:58.105+0000] {processor.py:186} INFO - Started process (PID=5256) to work on /home/airflow/.local/lib/python3.12/site-packages/airflow/example_dags/example_sensor_decorator.py
[2025-03-09T15:53:58.106+0000] {processor.py:914} INFO - Processing file /home/airflow/.local/lib/python3.12/site-packages/airflow/example_dags/example_sensor_decorator.py for tasks to queue
[2025-03-09T15:53:58.107+0000] {logging_mixin.py:190} INFO - [2025-03-09T15:53:58.107+0000] {dagbag.py:588} INFO - Filling up the DagBag from /home/airflow/.local/lib/python3.12/site-packages/airflow/example_dags/example_sensor_decorator.py
[2025-03-09T15:53:58.112+0000] {processor.py:925} INFO - DAG(s) 'example_sensor_decorator' retrieved from /home/airflow/.local/lib/python3.12/site-packages/airflow/example_dags/example_sensor_decorator.py
[2025-03-09T15:53:58.127+0000] {logging_mixin.py:190} INFO - [2025-03-09T15:53:58.126+0000] {dag.py:3239} INFO - Sync 1 DAGs
[2025-03-09T15:53:58.137+0000] {logging_mixin.py:190} INFO - [2025-03-09T15:53:58.137+0000] {dag.py:4180} INFO - Setting next_dagrun for example_sensor_decorator to None, run_after=None
[2025-03-09T15:53:58.149+0000] {processor.py:208} INFO - Processing /home/airflow/.local/lib/python3.12/site-packages/airflow/example_dags/example_sensor_decorator.py took 0.047 seconds
[2025-03-09T15:54:28.906+0000] {processor.py:186} INFO - Started process (PID=5577) to work on /home/airflow/.local/lib/python3.12/site-packages/airflow/example_dags/example_sensor_decorator.py
[2025-03-09T15:54:28.907+0000] {processor.py:914} INFO - Processing file /home/airflow/.local/lib/python3.12/site-packages/airflow/example_dags/example_sensor_decorator.py for tasks to queue
[2025-03-09T15:54:28.908+0000] {logging_mixin.py:190} INFO - [2025-03-09T15:54:28.908+0000] {dagbag.py:588} INFO - Filling up the DagBag from /home/airflow/.local/lib/python3.12/site-packages/airflow/example_dags/example_sensor_decorator.py
[2025-03-09T15:54:28.915+0000] {processor.py:925} INFO - DAG(s) 'example_sensor_decorator' retrieved from /home/airflow/.local/lib/python3.12/site-packages/airflow/example_dags/example_sensor_decorator.py
[2025-03-09T15:54:28.928+0000] {logging_mixin.py:190} INFO - [2025-03-09T15:54:28.928+0000] {dag.py:3239} INFO - Sync 1 DAGs
[2025-03-09T15:54:28.938+0000] {logging_mixin.py:190} INFO - [2025-03-09T15:54:28.937+0000] {dag.py:4180} INFO - Setting next_dagrun for example_sensor_decorator to None, run_after=None
[2025-03-09T15:54:28.952+0000] {processor.py:208} INFO - Processing /home/airflow/.local/lib/python3.12/site-packages/airflow/example_dags/example_sensor_decorator.py took 0.049 seconds
[2025-03-09T15:54:59.629+0000] {processor.py:186} INFO - Started process (PID=5908) to work on /home/airflow/.local/lib/python3.12/site-packages/airflow/example_dags/example_sensor_decorator.py
[2025-03-09T15:54:59.630+0000] {processor.py:914} INFO - Processing file /home/airflow/.local/lib/python3.12/site-packages/airflow/example_dags/example_sensor_decorator.py for tasks to queue
[2025-03-09T15:54:59.631+0000] {logging_mixin.py:190} INFO - [2025-03-09T15:54:59.631+0000] {dagbag.py:588} INFO - Filling up the DagBag from /home/airflow/.local/lib/python3.12/site-packages/airflow/example_dags/example_sensor_decorator.py
[2025-03-09T15:54:59.636+0000] {processor.py:925} INFO - DAG(s) 'example_sensor_decorator' retrieved from /home/airflow/.local/lib/python3.12/site-packages/airflow/example_dags/example_sensor_decorator.py
[2025-03-09T15:54:59.651+0000] {logging_mixin.py:190} INFO - [2025-03-09T15:54:59.651+0000] {dag.py:3239} INFO - Sync 1 DAGs
[2025-03-09T15:54:59.661+0000] {logging_mixin.py:190} INFO - [2025-03-09T15:54:59.661+0000] {dag.py:4180} INFO - Setting next_dagrun for example_sensor_decorator to None, run_after=None
[2025-03-09T15:54:59.674+0000] {processor.py:208} INFO - Processing /home/airflow/.local/lib/python3.12/site-packages/airflow/example_dags/example_sensor_decorator.py took 0.049 seconds
[2025-03-09T15:55:30.329+0000] {processor.py:186} INFO - Started process (PID=6229) to work on /home/airflow/.local/lib/python3.12/site-packages/airflow/example_dags/example_sensor_decorator.py
[2025-03-09T15:55:30.330+0000] {processor.py:914} INFO - Processing file /home/airflow/.local/lib/python3.12/site-packages/airflow/example_dags/example_sensor_decorator.py for tasks to queue
[2025-03-09T15:55:30.331+0000] {logging_mixin.py:190} INFO - [2025-03-09T15:55:30.331+0000] {dagbag.py:588} INFO - Filling up the DagBag from /home/airflow/.local/lib/python3.12/site-packages/airflow/example_dags/example_sensor_decorator.py
[2025-03-09T15:55:30.336+0000] {processor.py:925} INFO - DAG(s) 'example_sensor_decorator' retrieved from /home/airflow/.local/lib/python3.12/site-packages/airflow/example_dags/example_sensor_decorator.py
[2025-03-09T15:55:30.348+0000] {logging_mixin.py:190} INFO - [2025-03-09T15:55:30.348+0000] {dag.py:3239} INFO - Sync 1 DAGs
[2025-03-09T15:55:30.356+0000] {logging_mixin.py:190} INFO - [2025-03-09T15:55:30.356+0000] {dag.py:4180} INFO - Setting next_dagrun for example_sensor_decorator to None, run_after=None
[2025-03-09T15:55:30.369+0000] {processor.py:208} INFO - Processing /home/airflow/.local/lib/python3.12/site-packages/airflow/example_dags/example_sensor_decorator.py took 0.045 seconds
[2025-03-09T15:56:01.706+0000] {processor.py:186} INFO - Started process (PID=6560) to work on /home/airflow/.local/lib/python3.12/site-packages/airflow/example_dags/example_sensor_decorator.py
[2025-03-09T15:56:01.706+0000] {processor.py:914} INFO - Processing file /home/airflow/.local/lib/python3.12/site-packages/airflow/example_dags/example_sensor_decorator.py for tasks to queue
[2025-03-09T15:56:01.708+0000] {logging_mixin.py:190} INFO - [2025-03-09T15:56:01.707+0000] {dagbag.py:588} INFO - Filling up the DagBag from /home/airflow/.local/lib/python3.12/site-packages/airflow/example_dags/example_sensor_decorator.py
[2025-03-09T15:56:01.713+0000] {processor.py:925} INFO - DAG(s) 'example_sensor_decorator' retrieved from /home/airflow/.local/lib/python3.12/site-packages/airflow/example_dags/example_sensor_decorator.py
[2025-03-09T15:56:01.725+0000] {logging_mixin.py:190} INFO - [2025-03-09T15:56:01.725+0000] {dag.py:3239} INFO - Sync 1 DAGs
[2025-03-09T15:56:01.735+0000] {logging_mixin.py:190} INFO - [2025-03-09T15:56:01.735+0000] {dag.py:4180} INFO - Setting next_dagrun for example_sensor_decorator to None, run_after=None
[2025-03-09T15:56:01.746+0000] {processor.py:208} INFO - Processing /home/airflow/.local/lib/python3.12/site-packages/airflow/example_dags/example_sensor_decorator.py took 0.044 seconds
[2025-03-09T15:56:32.347+0000] {processor.py:186} INFO - Started process (PID=6886) to work on /home/airflow/.local/lib/python3.12/site-packages/airflow/example_dags/example_sensor_decorator.py
[2025-03-09T15:56:32.347+0000] {processor.py:914} INFO - Processing file /home/airflow/.local/lib/python3.12/site-packages/airflow/example_dags/example_sensor_decorator.py for tasks to queue
[2025-03-09T15:56:32.349+0000] {logging_mixin.py:190} INFO - [2025-03-09T15:56:32.348+0000] {dagbag.py:588} INFO - Filling up the DagBag from /home/airflow/.local/lib/python3.12/site-packages/airflow/example_dags/example_sensor_decorator.py
[2025-03-09T15:56:32.353+0000] {processor.py:925} INFO - DAG(s) 'example_sensor_decorator' retrieved from /home/airflow/.local/lib/python3.12/site-packages/airflow/example_dags/example_sensor_decorator.py
[2025-03-09T15:56:32.367+0000] {logging_mixin.py:190} INFO - [2025-03-09T15:56:32.367+0000] {dag.py:3239} INFO - Sync 1 DAGs
[2025-03-09T15:56:32.377+0000] {logging_mixin.py:190} INFO - [2025-03-09T15:56:32.377+0000] {dag.py:4180} INFO - Setting next_dagrun for example_sensor_decorator to None, run_after=None
[2025-03-09T15:56:32.390+0000] {processor.py:208} INFO - Processing /home/airflow/.local/lib/python3.12/site-packages/airflow/example_dags/example_sensor_decorator.py took 0.046 seconds
[2025-03-09T15:57:03.154+0000] {processor.py:186} INFO - Started process (PID=7209) to work on /home/airflow/.local/lib/python3.12/site-packages/airflow/example_dags/example_sensor_decorator.py
[2025-03-09T15:57:03.155+0000] {processor.py:914} INFO - Processing file /home/airflow/.local/lib/python3.12/site-packages/airflow/example_dags/example_sensor_decorator.py for tasks to queue
[2025-03-09T15:57:03.157+0000] {logging_mixin.py:190} INFO - [2025-03-09T15:57:03.156+0000] {dagbag.py:588} INFO - Filling up the DagBag from /home/airflow/.local/lib/python3.12/site-packages/airflow/example_dags/example_sensor_decorator.py
[2025-03-09T15:57:03.165+0000] {processor.py:925} INFO - DAG(s) 'example_sensor_decorator' retrieved from /home/airflow/.local/lib/python3.12/site-packages/airflow/example_dags/example_sensor_decorator.py
[2025-03-09T15:57:03.180+0000] {logging_mixin.py:190} INFO - [2025-03-09T15:57:03.179+0000] {dag.py:3239} INFO - Sync 1 DAGs
[2025-03-09T15:57:03.193+0000] {logging_mixin.py:190} INFO - [2025-03-09T15:57:03.193+0000] {dag.py:4180} INFO - Setting next_dagrun for example_sensor_decorator to None, run_after=None
[2025-03-09T15:57:03.213+0000] {processor.py:208} INFO - Processing /home/airflow/.local/lib/python3.12/site-packages/airflow/example_dags/example_sensor_decorator.py took 0.067 seconds
[2025-03-09T15:57:33.883+0000] {processor.py:186} INFO - Started process (PID=7533) to work on /home/airflow/.local/lib/python3.12/site-packages/airflow/example_dags/example_sensor_decorator.py
[2025-03-09T15:57:33.884+0000] {processor.py:914} INFO - Processing file /home/airflow/.local/lib/python3.12/site-packages/airflow/example_dags/example_sensor_decorator.py for tasks to queue
[2025-03-09T15:57:33.885+0000] {logging_mixin.py:190} INFO - [2025-03-09T15:57:33.885+0000] {dagbag.py:588} INFO - Filling up the DagBag from /home/airflow/.local/lib/python3.12/site-packages/airflow/example_dags/example_sensor_decorator.py
[2025-03-09T15:57:33.890+0000] {processor.py:925} INFO - DAG(s) 'example_sensor_decorator' retrieved from /home/airflow/.local/lib/python3.12/site-packages/airflow/example_dags/example_sensor_decorator.py
[2025-03-09T15:57:33.904+0000] {logging_mixin.py:190} INFO - [2025-03-09T15:57:33.904+0000] {dag.py:3239} INFO - Sync 1 DAGs
[2025-03-09T15:57:33.913+0000] {logging_mixin.py:190} INFO - [2025-03-09T15:57:33.913+0000] {dag.py:4180} INFO - Setting next_dagrun for example_sensor_decorator to None, run_after=None
[2025-03-09T15:57:33.925+0000] {processor.py:208} INFO - Processing /home/airflow/.local/lib/python3.12/site-packages/airflow/example_dags/example_sensor_decorator.py took 0.046 seconds
[2025-03-09T15:58:04.983+0000] {processor.py:186} INFO - Started process (PID=7861) to work on /home/airflow/.local/lib/python3.12/site-packages/airflow/example_dags/example_sensor_decorator.py
[2025-03-09T15:58:04.983+0000] {processor.py:914} INFO - Processing file /home/airflow/.local/lib/python3.12/site-packages/airflow/example_dags/example_sensor_decorator.py for tasks to queue
[2025-03-09T15:58:04.985+0000] {logging_mixin.py:190} INFO - [2025-03-09T15:58:04.984+0000] {dagbag.py:588} INFO - Filling up the DagBag from /home/airflow/.local/lib/python3.12/site-packages/airflow/example_dags/example_sensor_decorator.py
[2025-03-09T15:58:04.989+0000] {processor.py:925} INFO - DAG(s) 'example_sensor_decorator' retrieved from /home/airflow/.local/lib/python3.12/site-packages/airflow/example_dags/example_sensor_decorator.py
[2025-03-09T15:58:05.006+0000] {logging_mixin.py:190} INFO - [2025-03-09T15:58:05.006+0000] {dag.py:3239} INFO - Sync 1 DAGs
[2025-03-09T15:58:05.019+0000] {logging_mixin.py:190} INFO - [2025-03-09T15:58:05.019+0000] {dag.py:4180} INFO - Setting next_dagrun for example_sensor_decorator to None, run_after=None
[2025-03-09T15:58:05.040+0000] {processor.py:208} INFO - Processing /home/airflow/.local/lib/python3.12/site-packages/airflow/example_dags/example_sensor_decorator.py took 0.062 seconds
[2025-03-09T15:58:35.919+0000] {processor.py:186} INFO - Started process (PID=8187) to work on /home/airflow/.local/lib/python3.12/site-packages/airflow/example_dags/example_sensor_decorator.py
[2025-03-09T15:58:35.920+0000] {processor.py:914} INFO - Processing file /home/airflow/.local/lib/python3.12/site-packages/airflow/example_dags/example_sensor_decorator.py for tasks to queue
[2025-03-09T15:58:35.921+0000] {logging_mixin.py:190} INFO - [2025-03-09T15:58:35.921+0000] {dagbag.py:588} INFO - Filling up the DagBag from /home/airflow/.local/lib/python3.12/site-packages/airflow/example_dags/example_sensor_decorator.py
[2025-03-09T15:58:35.926+0000] {processor.py:925} INFO - DAG(s) 'example_sensor_decorator' retrieved from /home/airflow/.local/lib/python3.12/site-packages/airflow/example_dags/example_sensor_decorator.py
[2025-03-09T15:58:35.937+0000] {logging_mixin.py:190} INFO - [2025-03-09T15:58:35.937+0000] {dag.py:3239} INFO - Sync 1 DAGs
[2025-03-09T15:58:35.946+0000] {logging_mixin.py:190} INFO - [2025-03-09T15:58:35.946+0000] {dag.py:4180} INFO - Setting next_dagrun for example_sensor_decorator to None, run_after=None
[2025-03-09T15:58:35.959+0000] {processor.py:208} INFO - Processing /home/airflow/.local/lib/python3.12/site-packages/airflow/example_dags/example_sensor_decorator.py took 0.045 seconds
[2025-03-09T15:59:07.696+0000] {processor.py:186} INFO - Started process (PID=8516) to work on /home/airflow/.local/lib/python3.12/site-packages/airflow/example_dags/example_sensor_decorator.py
[2025-03-09T15:59:07.697+0000] {processor.py:914} INFO - Processing file /home/airflow/.local/lib/python3.12/site-packages/airflow/example_dags/example_sensor_decorator.py for tasks to queue
[2025-03-09T15:59:07.698+0000] {logging_mixin.py:190} INFO - [2025-03-09T15:59:07.698+0000] {dagbag.py:588} INFO - Filling up the DagBag from /home/airflow/.local/lib/python3.12/site-packages/airflow/example_dags/example_sensor_decorator.py
[2025-03-09T15:59:07.702+0000] {processor.py:925} INFO - DAG(s) 'example_sensor_decorator' retrieved from /home/airflow/.local/lib/python3.12/site-packages/airflow/example_dags/example_sensor_decorator.py
[2025-03-09T15:59:07.715+0000] {logging_mixin.py:190} INFO - [2025-03-09T15:59:07.714+0000] {dag.py:3239} INFO - Sync 1 DAGs
[2025-03-09T15:59:07.723+0000] {logging_mixin.py:190} INFO - [2025-03-09T15:59:07.723+0000] {dag.py:4180} INFO - Setting next_dagrun for example_sensor_decorator to None, run_after=None
[2025-03-09T15:59:07.735+0000] {processor.py:208} INFO - Processing /home/airflow/.local/lib/python3.12/site-packages/airflow/example_dags/example_sensor_decorator.py took 0.045 seconds
[2025-03-09T15:59:38.603+0000] {processor.py:186} INFO - Started process (PID=8842) to work on /home/airflow/.local/lib/python3.12/site-packages/airflow/example_dags/example_sensor_decorator.py
[2025-03-09T15:59:38.603+0000] {processor.py:914} INFO - Processing file /home/airflow/.local/lib/python3.12/site-packages/airflow/example_dags/example_sensor_decorator.py for tasks to queue
[2025-03-09T15:59:38.605+0000] {logging_mixin.py:190} INFO - [2025-03-09T15:59:38.604+0000] {dagbag.py:588} INFO - Filling up the DagBag from /home/airflow/.local/lib/python3.12/site-packages/airflow/example_dags/example_sensor_decorator.py
[2025-03-09T15:59:38.610+0000] {processor.py:925} INFO - DAG(s) 'example_sensor_decorator' retrieved from /home/airflow/.local/lib/python3.12/site-packages/airflow/example_dags/example_sensor_decorator.py
[2025-03-09T15:59:38.626+0000] {logging_mixin.py:190} INFO - [2025-03-09T15:59:38.626+0000] {dag.py:3239} INFO - Sync 1 DAGs
[2025-03-09T15:59:38.636+0000] {logging_mixin.py:190} INFO - [2025-03-09T15:59:38.635+0000] {dag.py:4180} INFO - Setting next_dagrun for example_sensor_decorator to None, run_after=None
[2025-03-09T15:59:38.652+0000] {processor.py:208} INFO - Processing /home/airflow/.local/lib/python3.12/site-packages/airflow/example_dags/example_sensor_decorator.py took 0.053 seconds
[2025-03-09T16:00:09.099+0000] {processor.py:186} INFO - Started process (PID=9168) to work on /home/airflow/.local/lib/python3.12/site-packages/airflow/example_dags/example_sensor_decorator.py
[2025-03-09T16:00:09.099+0000] {processor.py:914} INFO - Processing file /home/airflow/.local/lib/python3.12/site-packages/airflow/example_dags/example_sensor_decorator.py for tasks to queue
[2025-03-09T16:00:09.101+0000] {logging_mixin.py:190} INFO - [2025-03-09T16:00:09.100+0000] {dagbag.py:588} INFO - Filling up the DagBag from /home/airflow/.local/lib/python3.12/site-packages/airflow/example_dags/example_sensor_decorator.py
[2025-03-09T16:00:09.105+0000] {processor.py:925} INFO - DAG(s) 'example_sensor_decorator' retrieved from /home/airflow/.local/lib/python3.12/site-packages/airflow/example_dags/example_sensor_decorator.py
[2025-03-09T16:00:09.117+0000] {logging_mixin.py:190} INFO - [2025-03-09T16:00:09.117+0000] {dag.py:3239} INFO - Sync 1 DAGs
[2025-03-09T16:00:09.126+0000] {logging_mixin.py:190} INFO - [2025-03-09T16:00:09.126+0000] {dag.py:4180} INFO - Setting next_dagrun for example_sensor_decorator to None, run_after=None
[2025-03-09T16:00:09.142+0000] {processor.py:208} INFO - Processing /home/airflow/.local/lib/python3.12/site-packages/airflow/example_dags/example_sensor_decorator.py took 0.047 seconds
[2025-03-09T16:00:39.607+0000] {processor.py:186} INFO - Started process (PID=9494) to work on /home/airflow/.local/lib/python3.12/site-packages/airflow/example_dags/example_sensor_decorator.py
[2025-03-09T16:00:39.607+0000] {processor.py:914} INFO - Processing file /home/airflow/.local/lib/python3.12/site-packages/airflow/example_dags/example_sensor_decorator.py for tasks to queue
[2025-03-09T16:00:39.609+0000] {logging_mixin.py:190} INFO - [2025-03-09T16:00:39.608+0000] {dagbag.py:588} INFO - Filling up the DagBag from /home/airflow/.local/lib/python3.12/site-packages/airflow/example_dags/example_sensor_decorator.py
[2025-03-09T16:00:39.613+0000] {processor.py:925} INFO - DAG(s) 'example_sensor_decorator' retrieved from /home/airflow/.local/lib/python3.12/site-packages/airflow/example_dags/example_sensor_decorator.py
[2025-03-09T16:00:39.629+0000] {logging_mixin.py:190} INFO - [2025-03-09T16:00:39.628+0000] {dag.py:3239} INFO - Sync 1 DAGs
[2025-03-09T16:00:39.640+0000] {logging_mixin.py:190} INFO - [2025-03-09T16:00:39.640+0000] {dag.py:4180} INFO - Setting next_dagrun for example_sensor_decorator to None, run_after=None
[2025-03-09T16:00:39.654+0000] {processor.py:208} INFO - Processing /home/airflow/.local/lib/python3.12/site-packages/airflow/example_dags/example_sensor_decorator.py took 0.050 seconds
[2025-03-09T16:01:10.199+0000] {processor.py:186} INFO - Started process (PID=9820) to work on /home/airflow/.local/lib/python3.12/site-packages/airflow/example_dags/example_sensor_decorator.py
[2025-03-09T16:01:10.199+0000] {processor.py:914} INFO - Processing file /home/airflow/.local/lib/python3.12/site-packages/airflow/example_dags/example_sensor_decorator.py for tasks to queue
[2025-03-09T16:01:10.200+0000] {logging_mixin.py:190} INFO - [2025-03-09T16:01:10.200+0000] {dagbag.py:588} INFO - Filling up the DagBag from /home/airflow/.local/lib/python3.12/site-packages/airflow/example_dags/example_sensor_decorator.py
[2025-03-09T16:01:10.205+0000] {processor.py:925} INFO - DAG(s) 'example_sensor_decorator' retrieved from /home/airflow/.local/lib/python3.12/site-packages/airflow/example_dags/example_sensor_decorator.py
[2025-03-09T16:01:10.220+0000] {logging_mixin.py:190} INFO - [2025-03-09T16:01:10.220+0000] {dag.py:3239} INFO - Sync 1 DAGs
[2025-03-09T16:01:10.231+0000] {logging_mixin.py:190} INFO - [2025-03-09T16:01:10.230+0000] {dag.py:4180} INFO - Setting next_dagrun for example_sensor_decorator to None, run_after=None
[2025-03-09T16:01:10.249+0000] {processor.py:208} INFO - Processing /home/airflow/.local/lib/python3.12/site-packages/airflow/example_dags/example_sensor_decorator.py took 0.054 seconds
[2025-03-09T16:01:40.825+0000] {processor.py:186} INFO - Started process (PID=10146) to work on /home/airflow/.local/lib/python3.12/site-packages/airflow/example_dags/example_sensor_decorator.py
[2025-03-09T16:01:40.826+0000] {processor.py:914} INFO - Processing file /home/airflow/.local/lib/python3.12/site-packages/airflow/example_dags/example_sensor_decorator.py for tasks to queue
[2025-03-09T16:01:40.827+0000] {logging_mixin.py:190} INFO - [2025-03-09T16:01:40.827+0000] {dagbag.py:588} INFO - Filling up the DagBag from /home/airflow/.local/lib/python3.12/site-packages/airflow/example_dags/example_sensor_decorator.py
[2025-03-09T16:01:40.833+0000] {processor.py:925} INFO - DAG(s) 'example_sensor_decorator' retrieved from /home/airflow/.local/lib/python3.12/site-packages/airflow/example_dags/example_sensor_decorator.py
[2025-03-09T16:01:40.846+0000] {logging_mixin.py:190} INFO - [2025-03-09T16:01:40.846+0000] {dag.py:3239} INFO - Sync 1 DAGs
[2025-03-09T16:01:40.855+0000] {logging_mixin.py:190} INFO - [2025-03-09T16:01:40.855+0000] {dag.py:4180} INFO - Setting next_dagrun for example_sensor_decorator to None, run_after=None
[2025-03-09T16:01:40.867+0000] {processor.py:208} INFO - Processing /home/airflow/.local/lib/python3.12/site-packages/airflow/example_dags/example_sensor_decorator.py took 0.046 seconds
[2025-03-09T16:02:11.282+0000] {processor.py:186} INFO - Started process (PID=10472) to work on /home/airflow/.local/lib/python3.12/site-packages/airflow/example_dags/example_sensor_decorator.py
[2025-03-09T16:02:11.282+0000] {processor.py:914} INFO - Processing file /home/airflow/.local/lib/python3.12/site-packages/airflow/example_dags/example_sensor_decorator.py for tasks to queue
[2025-03-09T16:02:11.284+0000] {logging_mixin.py:190} INFO - [2025-03-09T16:02:11.283+0000] {dagbag.py:588} INFO - Filling up the DagBag from /home/airflow/.local/lib/python3.12/site-packages/airflow/example_dags/example_sensor_decorator.py
[2025-03-09T16:02:11.288+0000] {processor.py:925} INFO - DAG(s) 'example_sensor_decorator' retrieved from /home/airflow/.local/lib/python3.12/site-packages/airflow/example_dags/example_sensor_decorator.py
[2025-03-09T16:02:11.306+0000] {logging_mixin.py:190} INFO - [2025-03-09T16:02:11.306+0000] {dag.py:3239} INFO - Sync 1 DAGs
[2025-03-09T16:02:11.317+0000] {logging_mixin.py:190} INFO - [2025-03-09T16:02:11.317+0000] {dag.py:4180} INFO - Setting next_dagrun for example_sensor_decorator to None, run_after=None
[2025-03-09T16:02:11.333+0000] {processor.py:208} INFO - Processing /home/airflow/.local/lib/python3.12/site-packages/airflow/example_dags/example_sensor_decorator.py took 0.055 seconds
[2025-03-09T16:02:42.040+0000] {processor.py:186} INFO - Started process (PID=10798) to work on /home/airflow/.local/lib/python3.12/site-packages/airflow/example_dags/example_sensor_decorator.py
[2025-03-09T16:02:42.041+0000] {processor.py:914} INFO - Processing file /home/airflow/.local/lib/python3.12/site-packages/airflow/example_dags/example_sensor_decorator.py for tasks to queue
[2025-03-09T16:02:42.042+0000] {logging_mixin.py:190} INFO - [2025-03-09T16:02:42.042+0000] {dagbag.py:588} INFO - Filling up the DagBag from /home/airflow/.local/lib/python3.12/site-packages/airflow/example_dags/example_sensor_decorator.py
[2025-03-09T16:02:42.046+0000] {processor.py:925} INFO - DAG(s) 'example_sensor_decorator' retrieved from /home/airflow/.local/lib/python3.12/site-packages/airflow/example_dags/example_sensor_decorator.py
[2025-03-09T16:02:42.061+0000] {logging_mixin.py:190} INFO - [2025-03-09T16:02:42.061+0000] {dag.py:3239} INFO - Sync 1 DAGs
[2025-03-09T16:02:42.069+0000] {logging_mixin.py:190} INFO - [2025-03-09T16:02:42.069+0000] {dag.py:4180} INFO - Setting next_dagrun for example_sensor_decorator to None, run_after=None
[2025-03-09T16:02:42.080+0000] {processor.py:208} INFO - Processing /home/airflow/.local/lib/python3.12/site-packages/airflow/example_dags/example_sensor_decorator.py took 0.045 seconds
[2025-03-09T16:03:12.924+0000] {processor.py:186} INFO - Started process (PID=11124) to work on /home/airflow/.local/lib/python3.12/site-packages/airflow/example_dags/example_sensor_decorator.py
[2025-03-09T16:03:12.925+0000] {processor.py:914} INFO - Processing file /home/airflow/.local/lib/python3.12/site-packages/airflow/example_dags/example_sensor_decorator.py for tasks to queue
[2025-03-09T16:03:12.927+0000] {logging_mixin.py:190} INFO - [2025-03-09T16:03:12.927+0000] {dagbag.py:588} INFO - Filling up the DagBag from /home/airflow/.local/lib/python3.12/site-packages/airflow/example_dags/example_sensor_decorator.py
[2025-03-09T16:03:12.932+0000] {processor.py:925} INFO - DAG(s) 'example_sensor_decorator' retrieved from /home/airflow/.local/lib/python3.12/site-packages/airflow/example_dags/example_sensor_decorator.py
[2025-03-09T16:03:12.943+0000] {logging_mixin.py:190} INFO - [2025-03-09T16:03:12.943+0000] {dag.py:3239} INFO - Sync 1 DAGs
[2025-03-09T16:03:12.952+0000] {logging_mixin.py:190} INFO - [2025-03-09T16:03:12.952+0000] {dag.py:4180} INFO - Setting next_dagrun for example_sensor_decorator to None, run_after=None
[2025-03-09T16:03:12.967+0000] {processor.py:208} INFO - Processing /home/airflow/.local/lib/python3.12/site-packages/airflow/example_dags/example_sensor_decorator.py took 0.049 seconds
[2025-03-09T16:03:43.528+0000] {processor.py:186} INFO - Started process (PID=11450) to work on /home/airflow/.local/lib/python3.12/site-packages/airflow/example_dags/example_sensor_decorator.py
[2025-03-09T16:03:43.529+0000] {processor.py:914} INFO - Processing file /home/airflow/.local/lib/python3.12/site-packages/airflow/example_dags/example_sensor_decorator.py for tasks to queue
[2025-03-09T16:03:43.530+0000] {logging_mixin.py:190} INFO - [2025-03-09T16:03:43.530+0000] {dagbag.py:588} INFO - Filling up the DagBag from /home/airflow/.local/lib/python3.12/site-packages/airflow/example_dags/example_sensor_decorator.py
[2025-03-09T16:03:43.536+0000] {processor.py:925} INFO - DAG(s) 'example_sensor_decorator' retrieved from /home/airflow/.local/lib/python3.12/site-packages/airflow/example_dags/example_sensor_decorator.py
[2025-03-09T16:03:43.550+0000] {logging_mixin.py:190} INFO - [2025-03-09T16:03:43.550+0000] {dag.py:3239} INFO - Sync 1 DAGs
[2025-03-09T16:03:43.559+0000] {logging_mixin.py:190} INFO - [2025-03-09T16:03:43.559+0000] {dag.py:4180} INFO - Setting next_dagrun for example_sensor_decorator to None, run_after=None
[2025-03-09T16:03:43.572+0000] {processor.py:208} INFO - Processing /home/airflow/.local/lib/python3.12/site-packages/airflow/example_dags/example_sensor_decorator.py took 0.047 seconds
[2025-03-09T16:04:14.583+0000] {processor.py:186} INFO - Started process (PID=11776) to work on /home/airflow/.local/lib/python3.12/site-packages/airflow/example_dags/example_sensor_decorator.py
[2025-03-09T16:04:14.583+0000] {processor.py:914} INFO - Processing file /home/airflow/.local/lib/python3.12/site-packages/airflow/example_dags/example_sensor_decorator.py for tasks to queue
[2025-03-09T16:04:14.584+0000] {logging_mixin.py:190} INFO - [2025-03-09T16:04:14.584+0000] {dagbag.py:588} INFO - Filling up the DagBag from /home/airflow/.local/lib/python3.12/site-packages/airflow/example_dags/example_sensor_decorator.py
[2025-03-09T16:04:14.589+0000] {processor.py:925} INFO - DAG(s) 'example_sensor_decorator' retrieved from /home/airflow/.local/lib/python3.12/site-packages/airflow/example_dags/example_sensor_decorator.py
[2025-03-09T16:04:14.602+0000] {logging_mixin.py:190} INFO - [2025-03-09T16:04:14.602+0000] {dag.py:3239} INFO - Sync 1 DAGs
[2025-03-09T16:04:14.611+0000] {logging_mixin.py:190} INFO - [2025-03-09T16:04:14.610+0000] {dag.py:4180} INFO - Setting next_dagrun for example_sensor_decorator to None, run_after=None
[2025-03-09T16:04:14.622+0000] {processor.py:208} INFO - Processing /home/airflow/.local/lib/python3.12/site-packages/airflow/example_dags/example_sensor_decorator.py took 0.046 seconds
[2025-03-09T16:04:45.485+0000] {processor.py:186} INFO - Started process (PID=12102) to work on /home/airflow/.local/lib/python3.12/site-packages/airflow/example_dags/example_sensor_decorator.py
[2025-03-09T16:04:45.485+0000] {processor.py:914} INFO - Processing file /home/airflow/.local/lib/python3.12/site-packages/airflow/example_dags/example_sensor_decorator.py for tasks to queue
[2025-03-09T16:04:45.487+0000] {logging_mixin.py:190} INFO - [2025-03-09T16:04:45.486+0000] {dagbag.py:588} INFO - Filling up the DagBag from /home/airflow/.local/lib/python3.12/site-packages/airflow/example_dags/example_sensor_decorator.py
[2025-03-09T16:04:45.491+0000] {processor.py:925} INFO - DAG(s) 'example_sensor_decorator' retrieved from /home/airflow/.local/lib/python3.12/site-packages/airflow/example_dags/example_sensor_decorator.py
[2025-03-09T16:04:45.504+0000] {logging_mixin.py:190} INFO - [2025-03-09T16:04:45.504+0000] {dag.py:3239} INFO - Sync 1 DAGs
[2025-03-09T16:04:45.513+0000] {logging_mixin.py:190} INFO - [2025-03-09T16:04:45.512+0000] {dag.py:4180} INFO - Setting next_dagrun for example_sensor_decorator to None, run_after=None
[2025-03-09T16:04:45.525+0000] {processor.py:208} INFO - Processing /home/airflow/.local/lib/python3.12/site-packages/airflow/example_dags/example_sensor_decorator.py took 0.044 seconds
[2025-03-09T16:05:16.092+0000] {processor.py:186} INFO - Started process (PID=12428) to work on /home/airflow/.local/lib/python3.12/site-packages/airflow/example_dags/example_sensor_decorator.py
[2025-03-09T16:05:16.093+0000] {processor.py:914} INFO - Processing file /home/airflow/.local/lib/python3.12/site-packages/airflow/example_dags/example_sensor_decorator.py for tasks to queue
[2025-03-09T16:05:16.094+0000] {logging_mixin.py:190} INFO - [2025-03-09T16:05:16.094+0000] {dagbag.py:588} INFO - Filling up the DagBag from /home/airflow/.local/lib/python3.12/site-packages/airflow/example_dags/example_sensor_decorator.py
[2025-03-09T16:05:16.099+0000] {processor.py:925} INFO - DAG(s) 'example_sensor_decorator' retrieved from /home/airflow/.local/lib/python3.12/site-packages/airflow/example_dags/example_sensor_decorator.py
[2025-03-09T16:05:16.114+0000] {logging_mixin.py:190} INFO - [2025-03-09T16:05:16.114+0000] {dag.py:3239} INFO - Sync 1 DAGs
[2025-03-09T16:05:16.123+0000] {logging_mixin.py:190} INFO - [2025-03-09T16:05:16.123+0000] {dag.py:4180} INFO - Setting next_dagrun for example_sensor_decorator to None, run_after=None
[2025-03-09T16:05:16.137+0000] {processor.py:208} INFO - Processing /home/airflow/.local/lib/python3.12/site-packages/airflow/example_dags/example_sensor_decorator.py took 0.050 seconds
[2025-03-09T16:05:46.798+0000] {processor.py:186} INFO - Started process (PID=12754) to work on /home/airflow/.local/lib/python3.12/site-packages/airflow/example_dags/example_sensor_decorator.py
[2025-03-09T16:05:46.799+0000] {processor.py:914} INFO - Processing file /home/airflow/.local/lib/python3.12/site-packages/airflow/example_dags/example_sensor_decorator.py for tasks to queue
[2025-03-09T16:05:46.800+0000] {logging_mixin.py:190} INFO - [2025-03-09T16:05:46.800+0000] {dagbag.py:588} INFO - Filling up the DagBag from /home/airflow/.local/lib/python3.12/site-packages/airflow/example_dags/example_sensor_decorator.py
[2025-03-09T16:05:46.805+0000] {processor.py:925} INFO - DAG(s) 'example_sensor_decorator' retrieved from /home/airflow/.local/lib/python3.12/site-packages/airflow/example_dags/example_sensor_decorator.py
[2025-03-09T16:05:46.816+0000] {logging_mixin.py:190} INFO - [2025-03-09T16:05:46.816+0000] {dag.py:3239} INFO - Sync 1 DAGs
[2025-03-09T16:05:46.825+0000] {logging_mixin.py:190} INFO - [2025-03-09T16:05:46.825+0000] {dag.py:4180} INFO - Setting next_dagrun for example_sensor_decorator to None, run_after=None
[2025-03-09T16:05:46.837+0000] {processor.py:208} INFO - Processing /home/airflow/.local/lib/python3.12/site-packages/airflow/example_dags/example_sensor_decorator.py took 0.043 seconds
[2025-03-09T16:06:17.420+0000] {processor.py:186} INFO - Started process (PID=13080) to work on /home/airflow/.local/lib/python3.12/site-packages/airflow/example_dags/example_sensor_decorator.py
[2025-03-09T16:06:17.421+0000] {processor.py:914} INFO - Processing file /home/airflow/.local/lib/python3.12/site-packages/airflow/example_dags/example_sensor_decorator.py for tasks to queue
[2025-03-09T16:06:17.422+0000] {logging_mixin.py:190} INFO - [2025-03-09T16:06:17.422+0000] {dagbag.py:588} INFO - Filling up the DagBag from /home/airflow/.local/lib/python3.12/site-packages/airflow/example_dags/example_sensor_decorator.py
[2025-03-09T16:06:17.428+0000] {processor.py:925} INFO - DAG(s) 'example_sensor_decorator' retrieved from /home/airflow/.local/lib/python3.12/site-packages/airflow/example_dags/example_sensor_decorator.py
[2025-03-09T16:06:17.440+0000] {logging_mixin.py:190} INFO - [2025-03-09T16:06:17.440+0000] {dag.py:3239} INFO - Sync 1 DAGs
[2025-03-09T16:06:17.450+0000] {logging_mixin.py:190} INFO - [2025-03-09T16:06:17.450+0000] {dag.py:4180} INFO - Setting next_dagrun for example_sensor_decorator to None, run_after=None
[2025-03-09T16:06:17.469+0000] {processor.py:208} INFO - Processing /home/airflow/.local/lib/python3.12/site-packages/airflow/example_dags/example_sensor_decorator.py took 0.052 seconds
[2025-03-09T16:06:47.933+0000] {processor.py:186} INFO - Started process (PID=13406) to work on /home/airflow/.local/lib/python3.12/site-packages/airflow/example_dags/example_sensor_decorator.py
[2025-03-09T16:06:47.933+0000] {processor.py:914} INFO - Processing file /home/airflow/.local/lib/python3.12/site-packages/airflow/example_dags/example_sensor_decorator.py for tasks to queue
[2025-03-09T16:06:47.935+0000] {logging_mixin.py:190} INFO - [2025-03-09T16:06:47.934+0000] {dagbag.py:588} INFO - Filling up the DagBag from /home/airflow/.local/lib/python3.12/site-packages/airflow/example_dags/example_sensor_decorator.py
[2025-03-09T16:06:47.940+0000] {processor.py:925} INFO - DAG(s) 'example_sensor_decorator' retrieved from /home/airflow/.local/lib/python3.12/site-packages/airflow/example_dags/example_sensor_decorator.py
[2025-03-09T16:06:47.954+0000] {logging_mixin.py:190} INFO - [2025-03-09T16:06:47.953+0000] {dag.py:3239} INFO - Sync 1 DAGs
[2025-03-09T16:06:47.963+0000] {logging_mixin.py:190} INFO - [2025-03-09T16:06:47.962+0000] {dag.py:4180} INFO - Setting next_dagrun for example_sensor_decorator to None, run_after=None
[2025-03-09T16:06:47.974+0000] {processor.py:208} INFO - Processing /home/airflow/.local/lib/python3.12/site-packages/airflow/example_dags/example_sensor_decorator.py took 0.046 seconds
[2025-03-09T16:07:18.610+0000] {processor.py:186} INFO - Started process (PID=13738) to work on /home/airflow/.local/lib/python3.12/site-packages/airflow/example_dags/example_sensor_decorator.py
[2025-03-09T16:07:18.610+0000] {processor.py:914} INFO - Processing file /home/airflow/.local/lib/python3.12/site-packages/airflow/example_dags/example_sensor_decorator.py for tasks to queue
[2025-03-09T16:07:18.612+0000] {logging_mixin.py:190} INFO - [2025-03-09T16:07:18.611+0000] {dagbag.py:588} INFO - Filling up the DagBag from /home/airflow/.local/lib/python3.12/site-packages/airflow/example_dags/example_sensor_decorator.py
[2025-03-09T16:07:18.618+0000] {processor.py:925} INFO - DAG(s) 'example_sensor_decorator' retrieved from /home/airflow/.local/lib/python3.12/site-packages/airflow/example_dags/example_sensor_decorator.py
[2025-03-09T16:07:18.633+0000] {logging_mixin.py:190} INFO - [2025-03-09T16:07:18.633+0000] {dag.py:3239} INFO - Sync 1 DAGs
[2025-03-09T16:07:18.642+0000] {logging_mixin.py:190} INFO - [2025-03-09T16:07:18.642+0000] {dag.py:4180} INFO - Setting next_dagrun for example_sensor_decorator to None, run_after=None
[2025-03-09T16:07:18.657+0000] {processor.py:208} INFO - Processing /home/airflow/.local/lib/python3.12/site-packages/airflow/example_dags/example_sensor_decorator.py took 0.050 seconds
[2025-03-09T16:07:49.194+0000] {processor.py:186} INFO - Started process (PID=14065) to work on /home/airflow/.local/lib/python3.12/site-packages/airflow/example_dags/example_sensor_decorator.py
[2025-03-09T16:07:49.194+0000] {processor.py:914} INFO - Processing file /home/airflow/.local/lib/python3.12/site-packages/airflow/example_dags/example_sensor_decorator.py for tasks to queue
[2025-03-09T16:07:49.196+0000] {logging_mixin.py:190} INFO - [2025-03-09T16:07:49.196+0000] {dagbag.py:588} INFO - Filling up the DagBag from /home/airflow/.local/lib/python3.12/site-packages/airflow/example_dags/example_sensor_decorator.py
[2025-03-09T16:07:49.202+0000] {processor.py:925} INFO - DAG(s) 'example_sensor_decorator' retrieved from /home/airflow/.local/lib/python3.12/site-packages/airflow/example_dags/example_sensor_decorator.py
[2025-03-09T16:07:49.215+0000] {logging_mixin.py:190} INFO - [2025-03-09T16:07:49.215+0000] {dag.py:3239} INFO - Sync 1 DAGs
[2025-03-09T16:07:49.224+0000] {logging_mixin.py:190} INFO - [2025-03-09T16:07:49.224+0000] {dag.py:4180} INFO - Setting next_dagrun for example_sensor_decorator to None, run_after=None
[2025-03-09T16:07:49.238+0000] {processor.py:208} INFO - Processing /home/airflow/.local/lib/python3.12/site-packages/airflow/example_dags/example_sensor_decorator.py took 0.050 seconds
[2025-03-09T16:08:19.901+0000] {processor.py:186} INFO - Started process (PID=14386) to work on /home/airflow/.local/lib/python3.12/site-packages/airflow/example_dags/example_sensor_decorator.py
[2025-03-09T16:08:19.901+0000] {processor.py:914} INFO - Processing file /home/airflow/.local/lib/python3.12/site-packages/airflow/example_dags/example_sensor_decorator.py for tasks to queue
[2025-03-09T16:08:19.902+0000] {logging_mixin.py:190} INFO - [2025-03-09T16:08:19.902+0000] {dagbag.py:588} INFO - Filling up the DagBag from /home/airflow/.local/lib/python3.12/site-packages/airflow/example_dags/example_sensor_decorator.py
[2025-03-09T16:08:19.907+0000] {processor.py:925} INFO - DAG(s) 'example_sensor_decorator' retrieved from /home/airflow/.local/lib/python3.12/site-packages/airflow/example_dags/example_sensor_decorator.py
[2025-03-09T16:08:19.922+0000] {logging_mixin.py:190} INFO - [2025-03-09T16:08:19.922+0000] {dag.py:3239} INFO - Sync 1 DAGs
[2025-03-09T16:08:19.930+0000] {logging_mixin.py:190} INFO - [2025-03-09T16:08:19.930+0000] {dag.py:4180} INFO - Setting next_dagrun for example_sensor_decorator to None, run_after=None
[2025-03-09T16:08:19.943+0000] {processor.py:208} INFO - Processing /home/airflow/.local/lib/python3.12/site-packages/airflow/example_dags/example_sensor_decorator.py took 0.045 seconds
[2025-03-09T16:08:50.659+0000] {processor.py:186} INFO - Started process (PID=14712) to work on /home/airflow/.local/lib/python3.12/site-packages/airflow/example_dags/example_sensor_decorator.py
[2025-03-09T16:08:50.660+0000] {processor.py:914} INFO - Processing file /home/airflow/.local/lib/python3.12/site-packages/airflow/example_dags/example_sensor_decorator.py for tasks to queue
[2025-03-09T16:08:50.661+0000] {logging_mixin.py:190} INFO - [2025-03-09T16:08:50.661+0000] {dagbag.py:588} INFO - Filling up the DagBag from /home/airflow/.local/lib/python3.12/site-packages/airflow/example_dags/example_sensor_decorator.py
[2025-03-09T16:08:50.666+0000] {processor.py:925} INFO - DAG(s) 'example_sensor_decorator' retrieved from /home/airflow/.local/lib/python3.12/site-packages/airflow/example_dags/example_sensor_decorator.py
[2025-03-09T16:08:50.678+0000] {logging_mixin.py:190} INFO - [2025-03-09T16:08:50.677+0000] {dag.py:3239} INFO - Sync 1 DAGs
[2025-03-09T16:08:50.687+0000] {logging_mixin.py:190} INFO - [2025-03-09T16:08:50.687+0000] {dag.py:4180} INFO - Setting next_dagrun for example_sensor_decorator to None, run_after=None
[2025-03-09T16:08:50.705+0000] {processor.py:208} INFO - Processing /home/airflow/.local/lib/python3.12/site-packages/airflow/example_dags/example_sensor_decorator.py took 0.053 seconds
[2025-03-09T16:09:21.152+0000] {processor.py:186} INFO - Started process (PID=15038) to work on /home/airflow/.local/lib/python3.12/site-packages/airflow/example_dags/example_sensor_decorator.py
[2025-03-09T16:09:21.153+0000] {processor.py:914} INFO - Processing file /home/airflow/.local/lib/python3.12/site-packages/airflow/example_dags/example_sensor_decorator.py for tasks to queue
[2025-03-09T16:09:21.154+0000] {logging_mixin.py:190} INFO - [2025-03-09T16:09:21.154+0000] {dagbag.py:588} INFO - Filling up the DagBag from /home/airflow/.local/lib/python3.12/site-packages/airflow/example_dags/example_sensor_decorator.py
[2025-03-09T16:09:21.160+0000] {processor.py:925} INFO - DAG(s) 'example_sensor_decorator' retrieved from /home/airflow/.local/lib/python3.12/site-packages/airflow/example_dags/example_sensor_decorator.py
[2025-03-09T16:09:21.175+0000] {logging_mixin.py:190} INFO - [2025-03-09T16:09:21.175+0000] {dag.py:3239} INFO - Sync 1 DAGs
[2025-03-09T16:09:21.187+0000] {logging_mixin.py:190} INFO - [2025-03-09T16:09:21.186+0000] {dag.py:4180} INFO - Setting next_dagrun for example_sensor_decorator to None, run_after=None
[2025-03-09T16:09:21.199+0000] {processor.py:208} INFO - Processing /home/airflow/.local/lib/python3.12/site-packages/airflow/example_dags/example_sensor_decorator.py took 0.051 seconds
[2025-03-09T16:09:51.984+0000] {processor.py:186} INFO - Started process (PID=15366) to work on /home/airflow/.local/lib/python3.12/site-packages/airflow/example_dags/example_sensor_decorator.py
[2025-03-09T16:09:51.984+0000] {processor.py:914} INFO - Processing file /home/airflow/.local/lib/python3.12/site-packages/airflow/example_dags/example_sensor_decorator.py for tasks to queue
[2025-03-09T16:09:51.985+0000] {logging_mixin.py:190} INFO - [2025-03-09T16:09:51.985+0000] {dagbag.py:588} INFO - Filling up the DagBag from /home/airflow/.local/lib/python3.12/site-packages/airflow/example_dags/example_sensor_decorator.py
[2025-03-09T16:09:51.990+0000] {processor.py:925} INFO - DAG(s) 'example_sensor_decorator' retrieved from /home/airflow/.local/lib/python3.12/site-packages/airflow/example_dags/example_sensor_decorator.py
[2025-03-09T16:09:52.002+0000] {logging_mixin.py:190} INFO - [2025-03-09T16:09:52.001+0000] {dag.py:3239} INFO - Sync 1 DAGs
[2025-03-09T16:09:52.011+0000] {logging_mixin.py:190} INFO - [2025-03-09T16:09:52.011+0000] {dag.py:4180} INFO - Setting next_dagrun for example_sensor_decorator to None, run_after=None
[2025-03-09T16:09:52.024+0000] {processor.py:208} INFO - Processing /home/airflow/.local/lib/python3.12/site-packages/airflow/example_dags/example_sensor_decorator.py took 0.046 seconds
[2025-03-09T16:10:22.590+0000] {processor.py:186} INFO - Started process (PID=15692) to work on /home/airflow/.local/lib/python3.12/site-packages/airflow/example_dags/example_sensor_decorator.py
[2025-03-09T16:10:22.591+0000] {processor.py:914} INFO - Processing file /home/airflow/.local/lib/python3.12/site-packages/airflow/example_dags/example_sensor_decorator.py for tasks to queue
[2025-03-09T16:10:22.592+0000] {logging_mixin.py:190} INFO - [2025-03-09T16:10:22.592+0000] {dagbag.py:588} INFO - Filling up the DagBag from /home/airflow/.local/lib/python3.12/site-packages/airflow/example_dags/example_sensor_decorator.py
[2025-03-09T16:10:22.598+0000] {processor.py:925} INFO - DAG(s) 'example_sensor_decorator' retrieved from /home/airflow/.local/lib/python3.12/site-packages/airflow/example_dags/example_sensor_decorator.py
[2025-03-09T16:10:22.613+0000] {logging_mixin.py:190} INFO - [2025-03-09T16:10:22.613+0000] {dag.py:3239} INFO - Sync 1 DAGs
[2025-03-09T16:10:22.623+0000] {logging_mixin.py:190} INFO - [2025-03-09T16:10:22.623+0000] {dag.py:4180} INFO - Setting next_dagrun for example_sensor_decorator to None, run_after=None
[2025-03-09T16:10:22.638+0000] {processor.py:208} INFO - Processing /home/airflow/.local/lib/python3.12/site-packages/airflow/example_dags/example_sensor_decorator.py took 0.052 seconds
[2025-03-09T16:10:53.046+0000] {processor.py:186} INFO - Started process (PID=16016) to work on /home/airflow/.local/lib/python3.12/site-packages/airflow/example_dags/example_sensor_decorator.py
[2025-03-09T16:10:53.046+0000] {processor.py:914} INFO - Processing file /home/airflow/.local/lib/python3.12/site-packages/airflow/example_dags/example_sensor_decorator.py for tasks to queue
[2025-03-09T16:10:53.048+0000] {logging_mixin.py:190} INFO - [2025-03-09T16:10:53.047+0000] {dagbag.py:588} INFO - Filling up the DagBag from /home/airflow/.local/lib/python3.12/site-packages/airflow/example_dags/example_sensor_decorator.py
[2025-03-09T16:10:53.055+0000] {processor.py:925} INFO - DAG(s) 'example_sensor_decorator' retrieved from /home/airflow/.local/lib/python3.12/site-packages/airflow/example_dags/example_sensor_decorator.py
[2025-03-09T16:10:53.077+0000] {logging_mixin.py:190} INFO - [2025-03-09T16:10:53.077+0000] {dag.py:3239} INFO - Sync 1 DAGs
[2025-03-09T16:10:53.085+0000] {logging_mixin.py:190} INFO - [2025-03-09T16:10:53.085+0000] {dag.py:4180} INFO - Setting next_dagrun for example_sensor_decorator to None, run_after=None
[2025-03-09T16:10:53.097+0000] {processor.py:208} INFO - Processing /home/airflow/.local/lib/python3.12/site-packages/airflow/example_dags/example_sensor_decorator.py took 0.056 seconds
[2025-03-09T16:11:23.697+0000] {processor.py:186} INFO - Started process (PID=16342) to work on /home/airflow/.local/lib/python3.12/site-packages/airflow/example_dags/example_sensor_decorator.py
[2025-03-09T16:11:23.697+0000] {processor.py:914} INFO - Processing file /home/airflow/.local/lib/python3.12/site-packages/airflow/example_dags/example_sensor_decorator.py for tasks to queue
[2025-03-09T16:11:23.699+0000] {logging_mixin.py:190} INFO - [2025-03-09T16:11:23.698+0000] {dagbag.py:588} INFO - Filling up the DagBag from /home/airflow/.local/lib/python3.12/site-packages/airflow/example_dags/example_sensor_decorator.py
[2025-03-09T16:11:23.704+0000] {processor.py:925} INFO - DAG(s) 'example_sensor_decorator' retrieved from /home/airflow/.local/lib/python3.12/site-packages/airflow/example_dags/example_sensor_decorator.py
[2025-03-09T16:11:23.721+0000] {logging_mixin.py:190} INFO - [2025-03-09T16:11:23.721+0000] {dag.py:3239} INFO - Sync 1 DAGs
[2025-03-09T16:11:23.729+0000] {logging_mixin.py:190} INFO - [2025-03-09T16:11:23.729+0000] {dag.py:4180} INFO - Setting next_dagrun for example_sensor_decorator to None, run_after=None
[2025-03-09T16:11:23.741+0000] {processor.py:208} INFO - Processing /home/airflow/.local/lib/python3.12/site-packages/airflow/example_dags/example_sensor_decorator.py took 0.048 seconds
[2025-03-09T16:11:54.278+0000] {processor.py:186} INFO - Started process (PID=16670) to work on /home/airflow/.local/lib/python3.12/site-packages/airflow/example_dags/example_sensor_decorator.py
[2025-03-09T16:11:54.278+0000] {processor.py:914} INFO - Processing file /home/airflow/.local/lib/python3.12/site-packages/airflow/example_dags/example_sensor_decorator.py for tasks to queue
[2025-03-09T16:11:54.280+0000] {logging_mixin.py:190} INFO - [2025-03-09T16:11:54.279+0000] {dagbag.py:588} INFO - Filling up the DagBag from /home/airflow/.local/lib/python3.12/site-packages/airflow/example_dags/example_sensor_decorator.py
[2025-03-09T16:11:54.286+0000] {processor.py:925} INFO - DAG(s) 'example_sensor_decorator' retrieved from /home/airflow/.local/lib/python3.12/site-packages/airflow/example_dags/example_sensor_decorator.py
[2025-03-09T16:11:54.304+0000] {logging_mixin.py:190} INFO - [2025-03-09T16:11:54.304+0000] {dag.py:3239} INFO - Sync 1 DAGs
[2025-03-09T16:11:54.314+0000] {logging_mixin.py:190} INFO - [2025-03-09T16:11:54.314+0000] {dag.py:4180} INFO - Setting next_dagrun for example_sensor_decorator to None, run_after=None
[2025-03-09T16:11:54.326+0000] {processor.py:208} INFO - Processing /home/airflow/.local/lib/python3.12/site-packages/airflow/example_dags/example_sensor_decorator.py took 0.052 seconds
[2025-03-09T16:12:25.176+0000] {processor.py:186} INFO - Started process (PID=16994) to work on /home/airflow/.local/lib/python3.12/site-packages/airflow/example_dags/example_sensor_decorator.py
[2025-03-09T16:12:25.176+0000] {processor.py:914} INFO - Processing file /home/airflow/.local/lib/python3.12/site-packages/airflow/example_dags/example_sensor_decorator.py for tasks to queue
[2025-03-09T16:12:25.177+0000] {logging_mixin.py:190} INFO - [2025-03-09T16:12:25.177+0000] {dagbag.py:588} INFO - Filling up the DagBag from /home/airflow/.local/lib/python3.12/site-packages/airflow/example_dags/example_sensor_decorator.py
[2025-03-09T16:12:25.182+0000] {processor.py:925} INFO - DAG(s) 'example_sensor_decorator' retrieved from /home/airflow/.local/lib/python3.12/site-packages/airflow/example_dags/example_sensor_decorator.py
[2025-03-09T16:12:25.196+0000] {logging_mixin.py:190} INFO - [2025-03-09T16:12:25.196+0000] {dag.py:3239} INFO - Sync 1 DAGs
[2025-03-09T16:12:25.205+0000] {logging_mixin.py:190} INFO - [2025-03-09T16:12:25.204+0000] {dag.py:4180} INFO - Setting next_dagrun for example_sensor_decorator to None, run_after=None
[2025-03-09T16:12:25.218+0000] {processor.py:208} INFO - Processing /home/airflow/.local/lib/python3.12/site-packages/airflow/example_dags/example_sensor_decorator.py took 0.046 seconds
[2025-03-09T16:12:55.681+0000] {processor.py:186} INFO - Started process (PID=17320) to work on /home/airflow/.local/lib/python3.12/site-packages/airflow/example_dags/example_sensor_decorator.py
[2025-03-09T16:12:55.681+0000] {processor.py:914} INFO - Processing file /home/airflow/.local/lib/python3.12/site-packages/airflow/example_dags/example_sensor_decorator.py for tasks to queue
[2025-03-09T16:12:55.682+0000] {logging_mixin.py:190} INFO - [2025-03-09T16:12:55.682+0000] {dagbag.py:588} INFO - Filling up the DagBag from /home/airflow/.local/lib/python3.12/site-packages/airflow/example_dags/example_sensor_decorator.py
[2025-03-09T16:12:55.687+0000] {processor.py:925} INFO - DAG(s) 'example_sensor_decorator' retrieved from /home/airflow/.local/lib/python3.12/site-packages/airflow/example_dags/example_sensor_decorator.py
[2025-03-09T16:12:55.700+0000] {logging_mixin.py:190} INFO - [2025-03-09T16:12:55.700+0000] {dag.py:3239} INFO - Sync 1 DAGs
[2025-03-09T16:12:55.709+0000] {logging_mixin.py:190} INFO - [2025-03-09T16:12:55.709+0000] {dag.py:4180} INFO - Setting next_dagrun for example_sensor_decorator to None, run_after=None
[2025-03-09T16:12:55.724+0000] {processor.py:208} INFO - Processing /home/airflow/.local/lib/python3.12/site-packages/airflow/example_dags/example_sensor_decorator.py took 0.048 seconds
[2025-03-09T16:13:26.387+0000] {processor.py:186} INFO - Started process (PID=17641) to work on /home/airflow/.local/lib/python3.12/site-packages/airflow/example_dags/example_sensor_decorator.py
[2025-03-09T16:13:26.387+0000] {processor.py:914} INFO - Processing file /home/airflow/.local/lib/python3.12/site-packages/airflow/example_dags/example_sensor_decorator.py for tasks to queue
[2025-03-09T16:13:26.389+0000] {logging_mixin.py:190} INFO - [2025-03-09T16:13:26.389+0000] {dagbag.py:588} INFO - Filling up the DagBag from /home/airflow/.local/lib/python3.12/site-packages/airflow/example_dags/example_sensor_decorator.py
[2025-03-09T16:13:26.395+0000] {processor.py:925} INFO - DAG(s) 'example_sensor_decorator' retrieved from /home/airflow/.local/lib/python3.12/site-packages/airflow/example_dags/example_sensor_decorator.py
[2025-03-09T16:13:26.407+0000] {logging_mixin.py:190} INFO - [2025-03-09T16:13:26.407+0000] {dag.py:3239} INFO - Sync 1 DAGs
[2025-03-09T16:13:26.416+0000] {logging_mixin.py:190} INFO - [2025-03-09T16:13:26.416+0000] {dag.py:4180} INFO - Setting next_dagrun for example_sensor_decorator to None, run_after=None
[2025-03-09T16:13:26.433+0000] {processor.py:208} INFO - Processing /home/airflow/.local/lib/python3.12/site-packages/airflow/example_dags/example_sensor_decorator.py took 0.050 seconds
[2025-03-09T16:13:57.418+0000] {processor.py:186} INFO - Started process (PID=17969) to work on /home/airflow/.local/lib/python3.12/site-packages/airflow/example_dags/example_sensor_decorator.py
[2025-03-09T16:13:57.419+0000] {processor.py:914} INFO - Processing file /home/airflow/.local/lib/python3.12/site-packages/airflow/example_dags/example_sensor_decorator.py for tasks to queue
[2025-03-09T16:13:57.421+0000] {logging_mixin.py:190} INFO - [2025-03-09T16:13:57.420+0000] {dagbag.py:588} INFO - Filling up the DagBag from /home/airflow/.local/lib/python3.12/site-packages/airflow/example_dags/example_sensor_decorator.py
[2025-03-09T16:13:57.429+0000] {processor.py:925} INFO - DAG(s) 'example_sensor_decorator' retrieved from /home/airflow/.local/lib/python3.12/site-packages/airflow/example_dags/example_sensor_decorator.py
[2025-03-09T16:13:57.449+0000] {logging_mixin.py:190} INFO - [2025-03-09T16:13:57.449+0000] {dag.py:3239} INFO - Sync 1 DAGs
[2025-03-09T16:13:57.459+0000] {logging_mixin.py:190} INFO - [2025-03-09T16:13:57.459+0000] {dag.py:4180} INFO - Setting next_dagrun for example_sensor_decorator to None, run_after=None
[2025-03-09T16:13:57.471+0000] {processor.py:208} INFO - Processing /home/airflow/.local/lib/python3.12/site-packages/airflow/example_dags/example_sensor_decorator.py took 0.060 seconds
[2025-03-09T16:14:28.157+0000] {processor.py:186} INFO - Started process (PID=18293) to work on /home/airflow/.local/lib/python3.12/site-packages/airflow/example_dags/example_sensor_decorator.py
[2025-03-09T16:14:28.157+0000] {processor.py:914} INFO - Processing file /home/airflow/.local/lib/python3.12/site-packages/airflow/example_dags/example_sensor_decorator.py for tasks to queue
[2025-03-09T16:14:28.159+0000] {logging_mixin.py:190} INFO - [2025-03-09T16:14:28.159+0000] {dagbag.py:588} INFO - Filling up the DagBag from /home/airflow/.local/lib/python3.12/site-packages/airflow/example_dags/example_sensor_decorator.py
[2025-03-09T16:14:28.164+0000] {processor.py:925} INFO - DAG(s) 'example_sensor_decorator' retrieved from /home/airflow/.local/lib/python3.12/site-packages/airflow/example_dags/example_sensor_decorator.py
[2025-03-09T16:14:28.180+0000] {logging_mixin.py:190} INFO - [2025-03-09T16:14:28.179+0000] {dag.py:3239} INFO - Sync 1 DAGs
[2025-03-09T16:14:28.188+0000] {logging_mixin.py:190} INFO - [2025-03-09T16:14:28.188+0000] {dag.py:4180} INFO - Setting next_dagrun for example_sensor_decorator to None, run_after=None
[2025-03-09T16:14:28.200+0000] {processor.py:208} INFO - Processing /home/airflow/.local/lib/python3.12/site-packages/airflow/example_dags/example_sensor_decorator.py took 0.048 seconds
[2025-03-09T16:14:58.817+0000] {processor.py:186} INFO - Started process (PID=18619) to work on /home/airflow/.local/lib/python3.12/site-packages/airflow/example_dags/example_sensor_decorator.py
[2025-03-09T16:14:58.817+0000] {processor.py:914} INFO - Processing file /home/airflow/.local/lib/python3.12/site-packages/airflow/example_dags/example_sensor_decorator.py for tasks to queue
[2025-03-09T16:14:58.818+0000] {logging_mixin.py:190} INFO - [2025-03-09T16:14:58.818+0000] {dagbag.py:588} INFO - Filling up the DagBag from /home/airflow/.local/lib/python3.12/site-packages/airflow/example_dags/example_sensor_decorator.py
[2025-03-09T16:14:58.823+0000] {processor.py:925} INFO - DAG(s) 'example_sensor_decorator' retrieved from /home/airflow/.local/lib/python3.12/site-packages/airflow/example_dags/example_sensor_decorator.py
[2025-03-09T16:14:58.842+0000] {logging_mixin.py:190} INFO - [2025-03-09T16:14:58.841+0000] {dag.py:3239} INFO - Sync 1 DAGs
[2025-03-09T16:14:58.850+0000] {logging_mixin.py:190} INFO - [2025-03-09T16:14:58.850+0000] {dag.py:4180} INFO - Setting next_dagrun for example_sensor_decorator to None, run_after=None
[2025-03-09T16:14:58.863+0000] {processor.py:208} INFO - Processing /home/airflow/.local/lib/python3.12/site-packages/airflow/example_dags/example_sensor_decorator.py took 0.050 seconds
[2025-03-09T16:15:29.836+0000] {processor.py:186} INFO - Started process (PID=18947) to work on /home/airflow/.local/lib/python3.12/site-packages/airflow/example_dags/example_sensor_decorator.py
[2025-03-09T16:15:29.836+0000] {processor.py:914} INFO - Processing file /home/airflow/.local/lib/python3.12/site-packages/airflow/example_dags/example_sensor_decorator.py for tasks to queue
[2025-03-09T16:15:29.838+0000] {logging_mixin.py:190} INFO - [2025-03-09T16:15:29.837+0000] {dagbag.py:588} INFO - Filling up the DagBag from /home/airflow/.local/lib/python3.12/site-packages/airflow/example_dags/example_sensor_decorator.py
[2025-03-09T16:15:29.844+0000] {processor.py:925} INFO - DAG(s) 'example_sensor_decorator' retrieved from /home/airflow/.local/lib/python3.12/site-packages/airflow/example_dags/example_sensor_decorator.py
[2025-03-09T16:15:29.856+0000] {logging_mixin.py:190} INFO - [2025-03-09T16:15:29.855+0000] {dag.py:3239} INFO - Sync 1 DAGs
[2025-03-09T16:15:29.866+0000] {logging_mixin.py:190} INFO - [2025-03-09T16:15:29.866+0000] {dag.py:4180} INFO - Setting next_dagrun for example_sensor_decorator to None, run_after=None
[2025-03-09T16:15:29.879+0000] {processor.py:208} INFO - Processing /home/airflow/.local/lib/python3.12/site-packages/airflow/example_dags/example_sensor_decorator.py took 0.046 seconds
[2025-03-09T16:16:00.586+0000] {processor.py:186} INFO - Started process (PID=19271) to work on /home/airflow/.local/lib/python3.12/site-packages/airflow/example_dags/example_sensor_decorator.py
[2025-03-09T16:16:00.586+0000] {processor.py:914} INFO - Processing file /home/airflow/.local/lib/python3.12/site-packages/airflow/example_dags/example_sensor_decorator.py for tasks to queue
[2025-03-09T16:16:00.587+0000] {logging_mixin.py:190} INFO - [2025-03-09T16:16:00.587+0000] {dagbag.py:588} INFO - Filling up the DagBag from /home/airflow/.local/lib/python3.12/site-packages/airflow/example_dags/example_sensor_decorator.py
[2025-03-09T16:16:00.592+0000] {processor.py:925} INFO - DAG(s) 'example_sensor_decorator' retrieved from /home/airflow/.local/lib/python3.12/site-packages/airflow/example_dags/example_sensor_decorator.py
[2025-03-09T16:16:00.610+0000] {logging_mixin.py:190} INFO - [2025-03-09T16:16:00.610+0000] {dag.py:3239} INFO - Sync 1 DAGs
[2025-03-09T16:16:00.618+0000] {logging_mixin.py:190} INFO - [2025-03-09T16:16:00.618+0000] {dag.py:4180} INFO - Setting next_dagrun for example_sensor_decorator to None, run_after=None
[2025-03-09T16:16:00.635+0000] {processor.py:208} INFO - Processing /home/airflow/.local/lib/python3.12/site-packages/airflow/example_dags/example_sensor_decorator.py took 0.054 seconds
[2025-03-09T16:16:32.410+0000] {processor.py:186} INFO - Started process (PID=19604) to work on /home/airflow/.local/lib/python3.12/site-packages/airflow/example_dags/example_sensor_decorator.py
[2025-03-09T16:16:32.411+0000] {processor.py:914} INFO - Processing file /home/airflow/.local/lib/python3.12/site-packages/airflow/example_dags/example_sensor_decorator.py for tasks to queue
[2025-03-09T16:16:32.412+0000] {logging_mixin.py:190} INFO - [2025-03-09T16:16:32.412+0000] {dagbag.py:588} INFO - Filling up the DagBag from /home/airflow/.local/lib/python3.12/site-packages/airflow/example_dags/example_sensor_decorator.py
[2025-03-09T16:16:32.418+0000] {processor.py:925} INFO - DAG(s) 'example_sensor_decorator' retrieved from /home/airflow/.local/lib/python3.12/site-packages/airflow/example_dags/example_sensor_decorator.py
[2025-03-09T16:16:32.430+0000] {logging_mixin.py:190} INFO - [2025-03-09T16:16:32.430+0000] {dag.py:3239} INFO - Sync 1 DAGs
[2025-03-09T16:16:32.439+0000] {logging_mixin.py:190} INFO - [2025-03-09T16:16:32.439+0000] {dag.py:4180} INFO - Setting next_dagrun for example_sensor_decorator to None, run_after=None
[2025-03-09T16:16:32.453+0000] {processor.py:208} INFO - Processing /home/airflow/.local/lib/python3.12/site-packages/airflow/example_dags/example_sensor_decorator.py took 0.048 seconds
[2025-03-09T16:17:03.620+0000] {processor.py:186} INFO - Started process (PID=19927) to work on /home/airflow/.local/lib/python3.12/site-packages/airflow/example_dags/example_sensor_decorator.py
[2025-03-09T16:17:03.621+0000] {processor.py:914} INFO - Processing file /home/airflow/.local/lib/python3.12/site-packages/airflow/example_dags/example_sensor_decorator.py for tasks to queue
[2025-03-09T16:17:03.623+0000] {logging_mixin.py:190} INFO - [2025-03-09T16:17:03.623+0000] {dagbag.py:588} INFO - Filling up the DagBag from /home/airflow/.local/lib/python3.12/site-packages/airflow/example_dags/example_sensor_decorator.py
[2025-03-09T16:17:03.629+0000] {processor.py:925} INFO - DAG(s) 'example_sensor_decorator' retrieved from /home/airflow/.local/lib/python3.12/site-packages/airflow/example_dags/example_sensor_decorator.py
[2025-03-09T16:17:03.641+0000] {logging_mixin.py:190} INFO - [2025-03-09T16:17:03.640+0000] {dag.py:3239} INFO - Sync 1 DAGs
[2025-03-09T16:17:03.649+0000] {logging_mixin.py:190} INFO - [2025-03-09T16:17:03.648+0000] {dag.py:4180} INFO - Setting next_dagrun for example_sensor_decorator to None, run_after=None
[2025-03-09T16:17:03.660+0000] {processor.py:208} INFO - Processing /home/airflow/.local/lib/python3.12/site-packages/airflow/example_dags/example_sensor_decorator.py took 0.046 seconds
[2025-03-09T16:17:34.837+0000] {processor.py:186} INFO - Started process (PID=20259) to work on /home/airflow/.local/lib/python3.12/site-packages/airflow/example_dags/example_sensor_decorator.py
[2025-03-09T16:17:34.838+0000] {processor.py:914} INFO - Processing file /home/airflow/.local/lib/python3.12/site-packages/airflow/example_dags/example_sensor_decorator.py for tasks to queue
[2025-03-09T16:17:34.839+0000] {logging_mixin.py:190} INFO - [2025-03-09T16:17:34.839+0000] {dagbag.py:588} INFO - Filling up the DagBag from /home/airflow/.local/lib/python3.12/site-packages/airflow/example_dags/example_sensor_decorator.py
[2025-03-09T16:17:34.844+0000] {processor.py:925} INFO - DAG(s) 'example_sensor_decorator' retrieved from /home/airflow/.local/lib/python3.12/site-packages/airflow/example_dags/example_sensor_decorator.py
[2025-03-09T16:17:34.860+0000] {logging_mixin.py:190} INFO - [2025-03-09T16:17:34.859+0000] {dag.py:3239} INFO - Sync 1 DAGs
[2025-03-09T16:17:34.870+0000] {logging_mixin.py:190} INFO - [2025-03-09T16:17:34.869+0000] {dag.py:4180} INFO - Setting next_dagrun for example_sensor_decorator to None, run_after=None
[2025-03-09T16:17:34.883+0000] {processor.py:208} INFO - Processing /home/airflow/.local/lib/python3.12/site-packages/airflow/example_dags/example_sensor_decorator.py took 0.050 seconds
[2025-03-09T16:18:05.803+0000] {processor.py:186} INFO - Started process (PID=20585) to work on /home/airflow/.local/lib/python3.12/site-packages/airflow/example_dags/example_sensor_decorator.py
[2025-03-09T16:18:05.804+0000] {processor.py:914} INFO - Processing file /home/airflow/.local/lib/python3.12/site-packages/airflow/example_dags/example_sensor_decorator.py for tasks to queue
[2025-03-09T16:18:05.805+0000] {logging_mixin.py:190} INFO - [2025-03-09T16:18:05.805+0000] {dagbag.py:588} INFO - Filling up the DagBag from /home/airflow/.local/lib/python3.12/site-packages/airflow/example_dags/example_sensor_decorator.py
[2025-03-09T16:18:05.810+0000] {processor.py:925} INFO - DAG(s) 'example_sensor_decorator' retrieved from /home/airflow/.local/lib/python3.12/site-packages/airflow/example_dags/example_sensor_decorator.py
[2025-03-09T16:18:05.824+0000] {logging_mixin.py:190} INFO - [2025-03-09T16:18:05.823+0000] {dag.py:3239} INFO - Sync 1 DAGs
[2025-03-09T16:18:05.832+0000] {logging_mixin.py:190} INFO - [2025-03-09T16:18:05.832+0000] {dag.py:4180} INFO - Setting next_dagrun for example_sensor_decorator to None, run_after=None
[2025-03-09T16:18:05.846+0000] {processor.py:208} INFO - Processing /home/airflow/.local/lib/python3.12/site-packages/airflow/example_dags/example_sensor_decorator.py took 0.046 seconds
[2025-03-09T16:18:36.333+0000] {processor.py:186} INFO - Started process (PID=20911) to work on /home/airflow/.local/lib/python3.12/site-packages/airflow/example_dags/example_sensor_decorator.py
[2025-03-09T16:18:36.333+0000] {processor.py:914} INFO - Processing file /home/airflow/.local/lib/python3.12/site-packages/airflow/example_dags/example_sensor_decorator.py for tasks to queue
[2025-03-09T16:18:36.335+0000] {logging_mixin.py:190} INFO - [2025-03-09T16:18:36.335+0000] {dagbag.py:588} INFO - Filling up the DagBag from /home/airflow/.local/lib/python3.12/site-packages/airflow/example_dags/example_sensor_decorator.py
[2025-03-09T16:18:36.341+0000] {processor.py:925} INFO - DAG(s) 'example_sensor_decorator' retrieved from /home/airflow/.local/lib/python3.12/site-packages/airflow/example_dags/example_sensor_decorator.py
[2025-03-09T16:18:36.352+0000] {logging_mixin.py:190} INFO - [2025-03-09T16:18:36.352+0000] {dag.py:3239} INFO - Sync 1 DAGs
[2025-03-09T16:18:36.362+0000] {logging_mixin.py:190} INFO - [2025-03-09T16:18:36.361+0000] {dag.py:4180} INFO - Setting next_dagrun for example_sensor_decorator to None, run_after=None
[2025-03-09T16:18:36.376+0000] {processor.py:208} INFO - Processing /home/airflow/.local/lib/python3.12/site-packages/airflow/example_dags/example_sensor_decorator.py took 0.048 seconds
[2025-03-09T16:19:07.151+0000] {processor.py:186} INFO - Started process (PID=21232) to work on /home/airflow/.local/lib/python3.12/site-packages/airflow/example_dags/example_sensor_decorator.py
[2025-03-09T16:19:07.152+0000] {processor.py:914} INFO - Processing file /home/airflow/.local/lib/python3.12/site-packages/airflow/example_dags/example_sensor_decorator.py for tasks to queue
[2025-03-09T16:19:07.153+0000] {logging_mixin.py:190} INFO - [2025-03-09T16:19:07.153+0000] {dagbag.py:588} INFO - Filling up the DagBag from /home/airflow/.local/lib/python3.12/site-packages/airflow/example_dags/example_sensor_decorator.py
[2025-03-09T16:19:07.158+0000] {processor.py:925} INFO - DAG(s) 'example_sensor_decorator' retrieved from /home/airflow/.local/lib/python3.12/site-packages/airflow/example_dags/example_sensor_decorator.py
[2025-03-09T16:19:07.170+0000] {logging_mixin.py:190} INFO - [2025-03-09T16:19:07.170+0000] {dag.py:3239} INFO - Sync 1 DAGs
[2025-03-09T16:19:07.179+0000] {logging_mixin.py:190} INFO - [2025-03-09T16:19:07.179+0000] {dag.py:4180} INFO - Setting next_dagrun for example_sensor_decorator to None, run_after=None
[2025-03-09T16:19:07.192+0000] {processor.py:208} INFO - Processing /home/airflow/.local/lib/python3.12/site-packages/airflow/example_dags/example_sensor_decorator.py took 0.045 seconds
[2025-03-09T16:19:37.683+0000] {processor.py:186} INFO - Started process (PID=21558) to work on /home/airflow/.local/lib/python3.12/site-packages/airflow/example_dags/example_sensor_decorator.py
[2025-03-09T16:19:37.683+0000] {processor.py:914} INFO - Processing file /home/airflow/.local/lib/python3.12/site-packages/airflow/example_dags/example_sensor_decorator.py for tasks to queue
[2025-03-09T16:19:37.685+0000] {logging_mixin.py:190} INFO - [2025-03-09T16:19:37.684+0000] {dagbag.py:588} INFO - Filling up the DagBag from /home/airflow/.local/lib/python3.12/site-packages/airflow/example_dags/example_sensor_decorator.py
[2025-03-09T16:19:37.689+0000] {processor.py:925} INFO - DAG(s) 'example_sensor_decorator' retrieved from /home/airflow/.local/lib/python3.12/site-packages/airflow/example_dags/example_sensor_decorator.py
[2025-03-09T16:19:37.700+0000] {logging_mixin.py:190} INFO - [2025-03-09T16:19:37.700+0000] {dag.py:3239} INFO - Sync 1 DAGs
[2025-03-09T16:19:37.710+0000] {logging_mixin.py:190} INFO - [2025-03-09T16:19:37.710+0000] {dag.py:4180} INFO - Setting next_dagrun for example_sensor_decorator to None, run_after=None
[2025-03-09T16:19:37.721+0000] {processor.py:208} INFO - Processing /home/airflow/.local/lib/python3.12/site-packages/airflow/example_dags/example_sensor_decorator.py took 0.041 seconds
