[2025-03-09T15:46:15.722+0000] {processor.py:186} INFO - Started process (PID=432) to work on /home/airflow/.local/lib/python3.12/site-packages/airflow/example_dags/example_branch_operator_decorator.py
[2025-03-09T15:46:15.722+0000] {processor.py:914} INFO - Processing file /home/airflow/.local/lib/python3.12/site-packages/airflow/example_dags/example_branch_operator_decorator.py for tasks to queue
[2025-03-09T15:46:15.723+0000] {logging_mixin.py:190} INFO - [2025-03-09T15:46:15.723+0000] {dagbag.py:588} INFO - Filling up the DagBag from /home/airflow/.local/lib/python3.12/site-packages/airflow/example_dags/example_branch_operator_decorator.py
[2025-03-09T15:46:15.736+0000] {processor.py:925} INFO - DAG(s) 'example_branch_python_operator_decorator' retrieved from /home/airflow/.local/lib/python3.12/site-packages/airflow/example_dags/example_branch_operator_decorator.py
[2025-03-09T15:46:15.811+0000] {logging_mixin.py:190} INFO - [2025-03-09T15:46:15.811+0000] {dag.py:3239} INFO - Sync 1 DAGs
[2025-03-09T15:46:15.826+0000] {logging_mixin.py:190} INFO - [2025-03-09T15:46:15.826+0000] {dag.py:4180} INFO - Setting next_dagrun for example_branch_python_operator_decorator to 2025-03-08 00:00:00+00:00, run_after=2025-03-09 00:00:00+00:00
[2025-03-09T15:46:15.839+0000] {processor.py:208} INFO - Processing /home/airflow/.local/lib/python3.12/site-packages/airflow/example_dags/example_branch_operator_decorator.py took 0.121 seconds
[2025-03-09T15:46:46.774+0000] {processor.py:186} INFO - Started process (PID=758) to work on /home/airflow/.local/lib/python3.12/site-packages/airflow/example_dags/example_branch_operator_decorator.py
[2025-03-09T15:46:46.774+0000] {processor.py:914} INFO - Processing file /home/airflow/.local/lib/python3.12/site-packages/airflow/example_dags/example_branch_operator_decorator.py for tasks to queue
[2025-03-09T15:46:46.776+0000] {logging_mixin.py:190} INFO - [2025-03-09T15:46:46.776+0000] {dagbag.py:588} INFO - Filling up the DagBag from /home/airflow/.local/lib/python3.12/site-packages/airflow/example_dags/example_branch_operator_decorator.py
[2025-03-09T15:46:46.792+0000] {processor.py:925} INFO - DAG(s) 'example_branch_python_operator_decorator' retrieved from /home/airflow/.local/lib/python3.12/site-packages/airflow/example_dags/example_branch_operator_decorator.py
[2025-03-09T15:46:46.817+0000] {logging_mixin.py:190} INFO - [2025-03-09T15:46:46.816+0000] {dag.py:3239} INFO - Sync 1 DAGs
[2025-03-09T15:46:46.837+0000] {logging_mixin.py:190} INFO - [2025-03-09T15:46:46.837+0000] {dag.py:4180} INFO - Setting next_dagrun for example_branch_python_operator_decorator to 2025-03-08 00:00:00+00:00, run_after=2025-03-09 00:00:00+00:00
[2025-03-09T15:46:46.849+0000] {processor.py:208} INFO - Processing /home/airflow/.local/lib/python3.12/site-packages/airflow/example_dags/example_branch_operator_decorator.py took 0.079 seconds
[2025-03-09T15:47:17.968+0000] {processor.py:186} INFO - Started process (PID=1084) to work on /home/airflow/.local/lib/python3.12/site-packages/airflow/example_dags/example_branch_operator_decorator.py
[2025-03-09T15:47:17.968+0000] {processor.py:914} INFO - Processing file /home/airflow/.local/lib/python3.12/site-packages/airflow/example_dags/example_branch_operator_decorator.py for tasks to queue
[2025-03-09T15:47:17.970+0000] {logging_mixin.py:190} INFO - [2025-03-09T15:47:17.969+0000] {dagbag.py:588} INFO - Filling up the DagBag from /home/airflow/.local/lib/python3.12/site-packages/airflow/example_dags/example_branch_operator_decorator.py
[2025-03-09T15:47:17.982+0000] {processor.py:925} INFO - DAG(s) 'example_branch_python_operator_decorator' retrieved from /home/airflow/.local/lib/python3.12/site-packages/airflow/example_dags/example_branch_operator_decorator.py
[2025-03-09T15:47:18.000+0000] {logging_mixin.py:190} INFO - [2025-03-09T15:47:18.000+0000] {dag.py:3239} INFO - Sync 1 DAGs
[2025-03-09T15:47:18.016+0000] {logging_mixin.py:190} INFO - [2025-03-09T15:47:18.015+0000] {dag.py:4180} INFO - Setting next_dagrun for example_branch_python_operator_decorator to 2025-03-08 00:00:00+00:00, run_after=2025-03-09 00:00:00+00:00
[2025-03-09T15:47:18.029+0000] {processor.py:208} INFO - Processing /home/airflow/.local/lib/python3.12/site-packages/airflow/example_dags/example_branch_operator_decorator.py took 0.067 seconds
[2025-03-09T15:47:48.826+0000] {processor.py:186} INFO - Started process (PID=1410) to work on /home/airflow/.local/lib/python3.12/site-packages/airflow/example_dags/example_branch_operator_decorator.py
[2025-03-09T15:47:48.826+0000] {processor.py:914} INFO - Processing file /home/airflow/.local/lib/python3.12/site-packages/airflow/example_dags/example_branch_operator_decorator.py for tasks to queue
[2025-03-09T15:47:48.827+0000] {logging_mixin.py:190} INFO - [2025-03-09T15:47:48.827+0000] {dagbag.py:588} INFO - Filling up the DagBag from /home/airflow/.local/lib/python3.12/site-packages/airflow/example_dags/example_branch_operator_decorator.py
[2025-03-09T15:47:48.840+0000] {processor.py:925} INFO - DAG(s) 'example_branch_python_operator_decorator' retrieved from /home/airflow/.local/lib/python3.12/site-packages/airflow/example_dags/example_branch_operator_decorator.py
[2025-03-09T15:47:48.860+0000] {logging_mixin.py:190} INFO - [2025-03-09T15:47:48.860+0000] {dag.py:3239} INFO - Sync 1 DAGs
[2025-03-09T15:47:48.876+0000] {logging_mixin.py:190} INFO - [2025-03-09T15:47:48.876+0000] {dag.py:4180} INFO - Setting next_dagrun for example_branch_python_operator_decorator to 2025-03-08 00:00:00+00:00, run_after=2025-03-09 00:00:00+00:00
[2025-03-09T15:47:48.889+0000] {processor.py:208} INFO - Processing /home/airflow/.local/lib/python3.12/site-packages/airflow/example_dags/example_branch_operator_decorator.py took 0.068 seconds
[2025-03-09T15:48:19.750+0000] {processor.py:186} INFO - Started process (PID=1738) to work on /home/airflow/.local/lib/python3.12/site-packages/airflow/example_dags/example_branch_operator_decorator.py
[2025-03-09T15:48:19.751+0000] {processor.py:914} INFO - Processing file /home/airflow/.local/lib/python3.12/site-packages/airflow/example_dags/example_branch_operator_decorator.py for tasks to queue
[2025-03-09T15:48:19.752+0000] {logging_mixin.py:190} INFO - [2025-03-09T15:48:19.752+0000] {dagbag.py:588} INFO - Filling up the DagBag from /home/airflow/.local/lib/python3.12/site-packages/airflow/example_dags/example_branch_operator_decorator.py
[2025-03-09T15:48:19.766+0000] {processor.py:925} INFO - DAG(s) 'example_branch_python_operator_decorator' retrieved from /home/airflow/.local/lib/python3.12/site-packages/airflow/example_dags/example_branch_operator_decorator.py
[2025-03-09T15:48:19.782+0000] {logging_mixin.py:190} INFO - [2025-03-09T15:48:19.782+0000] {dag.py:3239} INFO - Sync 1 DAGs
[2025-03-09T15:48:19.797+0000] {logging_mixin.py:190} INFO - [2025-03-09T15:48:19.797+0000] {dag.py:4180} INFO - Setting next_dagrun for example_branch_python_operator_decorator to 2025-03-08 00:00:00+00:00, run_after=2025-03-09 00:00:00+00:00
[2025-03-09T15:48:19.811+0000] {processor.py:208} INFO - Processing /home/airflow/.local/lib/python3.12/site-packages/airflow/example_dags/example_branch_operator_decorator.py took 0.066 seconds
[2025-03-09T15:48:50.666+0000] {processor.py:186} INFO - Started process (PID=2062) to work on /home/airflow/.local/lib/python3.12/site-packages/airflow/example_dags/example_branch_operator_decorator.py
[2025-03-09T15:48:50.667+0000] {processor.py:914} INFO - Processing file /home/airflow/.local/lib/python3.12/site-packages/airflow/example_dags/example_branch_operator_decorator.py for tasks to queue
[2025-03-09T15:48:50.668+0000] {logging_mixin.py:190} INFO - [2025-03-09T15:48:50.668+0000] {dagbag.py:588} INFO - Filling up the DagBag from /home/airflow/.local/lib/python3.12/site-packages/airflow/example_dags/example_branch_operator_decorator.py
[2025-03-09T15:48:50.681+0000] {processor.py:925} INFO - DAG(s) 'example_branch_python_operator_decorator' retrieved from /home/airflow/.local/lib/python3.12/site-packages/airflow/example_dags/example_branch_operator_decorator.py
[2025-03-09T15:48:50.704+0000] {logging_mixin.py:190} INFO - [2025-03-09T15:48:50.704+0000] {dag.py:3239} INFO - Sync 1 DAGs
[2025-03-09T15:48:50.720+0000] {logging_mixin.py:190} INFO - [2025-03-09T15:48:50.720+0000] {dag.py:4180} INFO - Setting next_dagrun for example_branch_python_operator_decorator to 2025-03-08 00:00:00+00:00, run_after=2025-03-09 00:00:00+00:00
[2025-03-09T15:48:50.736+0000] {processor.py:208} INFO - Processing /home/airflow/.local/lib/python3.12/site-packages/airflow/example_dags/example_branch_operator_decorator.py took 0.073 seconds
[2025-03-09T15:49:21.367+0000] {processor.py:186} INFO - Started process (PID=2388) to work on /home/airflow/.local/lib/python3.12/site-packages/airflow/example_dags/example_branch_operator_decorator.py
[2025-03-09T15:49:21.367+0000] {processor.py:914} INFO - Processing file /home/airflow/.local/lib/python3.12/site-packages/airflow/example_dags/example_branch_operator_decorator.py for tasks to queue
[2025-03-09T15:49:21.369+0000] {logging_mixin.py:190} INFO - [2025-03-09T15:49:21.368+0000] {dagbag.py:588} INFO - Filling up the DagBag from /home/airflow/.local/lib/python3.12/site-packages/airflow/example_dags/example_branch_operator_decorator.py
[2025-03-09T15:49:21.381+0000] {processor.py:925} INFO - DAG(s) 'example_branch_python_operator_decorator' retrieved from /home/airflow/.local/lib/python3.12/site-packages/airflow/example_dags/example_branch_operator_decorator.py
[2025-03-09T15:49:21.399+0000] {logging_mixin.py:190} INFO - [2025-03-09T15:49:21.399+0000] {dag.py:3239} INFO - Sync 1 DAGs
[2025-03-09T15:49:21.414+0000] {logging_mixin.py:190} INFO - [2025-03-09T15:49:21.414+0000] {dag.py:4180} INFO - Setting next_dagrun for example_branch_python_operator_decorator to 2025-03-08 00:00:00+00:00, run_after=2025-03-09 00:00:00+00:00
[2025-03-09T15:49:21.427+0000] {processor.py:208} INFO - Processing /home/airflow/.local/lib/python3.12/site-packages/airflow/example_dags/example_branch_operator_decorator.py took 0.065 seconds
[2025-03-09T15:49:52.354+0000] {processor.py:186} INFO - Started process (PID=2714) to work on /home/airflow/.local/lib/python3.12/site-packages/airflow/example_dags/example_branch_operator_decorator.py
[2025-03-09T15:49:52.354+0000] {processor.py:914} INFO - Processing file /home/airflow/.local/lib/python3.12/site-packages/airflow/example_dags/example_branch_operator_decorator.py for tasks to queue
[2025-03-09T15:49:52.355+0000] {logging_mixin.py:190} INFO - [2025-03-09T15:49:52.355+0000] {dagbag.py:588} INFO - Filling up the DagBag from /home/airflow/.local/lib/python3.12/site-packages/airflow/example_dags/example_branch_operator_decorator.py
[2025-03-09T15:49:52.370+0000] {processor.py:925} INFO - DAG(s) 'example_branch_python_operator_decorator' retrieved from /home/airflow/.local/lib/python3.12/site-packages/airflow/example_dags/example_branch_operator_decorator.py
[2025-03-09T15:49:52.387+0000] {logging_mixin.py:190} INFO - [2025-03-09T15:49:52.387+0000] {dag.py:3239} INFO - Sync 1 DAGs
[2025-03-09T15:49:52.403+0000] {logging_mixin.py:190} INFO - [2025-03-09T15:49:52.403+0000] {dag.py:4180} INFO - Setting next_dagrun for example_branch_python_operator_decorator to 2025-03-08 00:00:00+00:00, run_after=2025-03-09 00:00:00+00:00
[2025-03-09T15:49:52.416+0000] {processor.py:208} INFO - Processing /home/airflow/.local/lib/python3.12/site-packages/airflow/example_dags/example_branch_operator_decorator.py took 0.066 seconds
[2025-03-09T15:50:23.273+0000] {processor.py:186} INFO - Started process (PID=3040) to work on /home/airflow/.local/lib/python3.12/site-packages/airflow/example_dags/example_branch_operator_decorator.py
[2025-03-09T15:50:23.274+0000] {processor.py:914} INFO - Processing file /home/airflow/.local/lib/python3.12/site-packages/airflow/example_dags/example_branch_operator_decorator.py for tasks to queue
[2025-03-09T15:50:23.275+0000] {logging_mixin.py:190} INFO - [2025-03-09T15:50:23.275+0000] {dagbag.py:588} INFO - Filling up the DagBag from /home/airflow/.local/lib/python3.12/site-packages/airflow/example_dags/example_branch_operator_decorator.py
[2025-03-09T15:50:23.288+0000] {processor.py:925} INFO - DAG(s) 'example_branch_python_operator_decorator' retrieved from /home/airflow/.local/lib/python3.12/site-packages/airflow/example_dags/example_branch_operator_decorator.py
[2025-03-09T15:50:23.309+0000] {logging_mixin.py:190} INFO - [2025-03-09T15:50:23.308+0000] {dag.py:3239} INFO - Sync 1 DAGs
[2025-03-09T15:50:23.323+0000] {logging_mixin.py:190} INFO - [2025-03-09T15:50:23.323+0000] {dag.py:4180} INFO - Setting next_dagrun for example_branch_python_operator_decorator to 2025-03-08 00:00:00+00:00, run_after=2025-03-09 00:00:00+00:00
[2025-03-09T15:50:23.336+0000] {processor.py:208} INFO - Processing /home/airflow/.local/lib/python3.12/site-packages/airflow/example_dags/example_branch_operator_decorator.py took 0.067 seconds
[2025-03-09T15:50:54.247+0000] {processor.py:186} INFO - Started process (PID=3366) to work on /home/airflow/.local/lib/python3.12/site-packages/airflow/example_dags/example_branch_operator_decorator.py
[2025-03-09T15:50:54.248+0000] {processor.py:914} INFO - Processing file /home/airflow/.local/lib/python3.12/site-packages/airflow/example_dags/example_branch_operator_decorator.py for tasks to queue
[2025-03-09T15:50:54.249+0000] {logging_mixin.py:190} INFO - [2025-03-09T15:50:54.249+0000] {dagbag.py:588} INFO - Filling up the DagBag from /home/airflow/.local/lib/python3.12/site-packages/airflow/example_dags/example_branch_operator_decorator.py
[2025-03-09T15:50:54.262+0000] {processor.py:925} INFO - DAG(s) 'example_branch_python_operator_decorator' retrieved from /home/airflow/.local/lib/python3.12/site-packages/airflow/example_dags/example_branch_operator_decorator.py
[2025-03-09T15:50:54.282+0000] {logging_mixin.py:190} INFO - [2025-03-09T15:50:54.282+0000] {dag.py:3239} INFO - Sync 1 DAGs
[2025-03-09T15:50:54.298+0000] {logging_mixin.py:190} INFO - [2025-03-09T15:50:54.297+0000] {dag.py:4180} INFO - Setting next_dagrun for example_branch_python_operator_decorator to 2025-03-08 00:00:00+00:00, run_after=2025-03-09 00:00:00+00:00
[2025-03-09T15:50:54.310+0000] {processor.py:208} INFO - Processing /home/airflow/.local/lib/python3.12/site-packages/airflow/example_dags/example_branch_operator_decorator.py took 0.067 seconds
[2025-03-09T15:51:25.077+0000] {processor.py:186} INFO - Started process (PID=3692) to work on /home/airflow/.local/lib/python3.12/site-packages/airflow/example_dags/example_branch_operator_decorator.py
[2025-03-09T15:51:25.078+0000] {processor.py:914} INFO - Processing file /home/airflow/.local/lib/python3.12/site-packages/airflow/example_dags/example_branch_operator_decorator.py for tasks to queue
[2025-03-09T15:51:25.079+0000] {logging_mixin.py:190} INFO - [2025-03-09T15:51:25.079+0000] {dagbag.py:588} INFO - Filling up the DagBag from /home/airflow/.local/lib/python3.12/site-packages/airflow/example_dags/example_branch_operator_decorator.py
[2025-03-09T15:51:25.092+0000] {processor.py:925} INFO - DAG(s) 'example_branch_python_operator_decorator' retrieved from /home/airflow/.local/lib/python3.12/site-packages/airflow/example_dags/example_branch_operator_decorator.py
[2025-03-09T15:51:25.109+0000] {logging_mixin.py:190} INFO - [2025-03-09T15:51:25.109+0000] {dag.py:3239} INFO - Sync 1 DAGs
[2025-03-09T15:51:25.123+0000] {logging_mixin.py:190} INFO - [2025-03-09T15:51:25.123+0000] {dag.py:4180} INFO - Setting next_dagrun for example_branch_python_operator_decorator to 2025-03-08 00:00:00+00:00, run_after=2025-03-09 00:00:00+00:00
[2025-03-09T15:51:25.136+0000] {processor.py:208} INFO - Processing /home/airflow/.local/lib/python3.12/site-packages/airflow/example_dags/example_branch_operator_decorator.py took 0.063 seconds
[2025-03-09T15:51:56.030+0000] {processor.py:186} INFO - Started process (PID=4018) to work on /home/airflow/.local/lib/python3.12/site-packages/airflow/example_dags/example_branch_operator_decorator.py
[2025-03-09T15:51:56.031+0000] {processor.py:914} INFO - Processing file /home/airflow/.local/lib/python3.12/site-packages/airflow/example_dags/example_branch_operator_decorator.py for tasks to queue
[2025-03-09T15:51:56.032+0000] {logging_mixin.py:190} INFO - [2025-03-09T15:51:56.032+0000] {dagbag.py:588} INFO - Filling up the DagBag from /home/airflow/.local/lib/python3.12/site-packages/airflow/example_dags/example_branch_operator_decorator.py
[2025-03-09T15:51:56.044+0000] {processor.py:925} INFO - DAG(s) 'example_branch_python_operator_decorator' retrieved from /home/airflow/.local/lib/python3.12/site-packages/airflow/example_dags/example_branch_operator_decorator.py
[2025-03-09T15:51:56.066+0000] {logging_mixin.py:190} INFO - [2025-03-09T15:51:56.065+0000] {dag.py:3239} INFO - Sync 1 DAGs
[2025-03-09T15:51:56.087+0000] {logging_mixin.py:190} INFO - [2025-03-09T15:51:56.087+0000] {dag.py:4180} INFO - Setting next_dagrun for example_branch_python_operator_decorator to 2025-03-08 00:00:00+00:00, run_after=2025-03-09 00:00:00+00:00
[2025-03-09T15:51:56.103+0000] {processor.py:208} INFO - Processing /home/airflow/.local/lib/python3.12/site-packages/airflow/example_dags/example_branch_operator_decorator.py took 0.076 seconds
[2025-03-09T15:52:26.722+0000] {processor.py:186} INFO - Started process (PID=4344) to work on /home/airflow/.local/lib/python3.12/site-packages/airflow/example_dags/example_branch_operator_decorator.py
[2025-03-09T15:52:26.723+0000] {processor.py:914} INFO - Processing file /home/airflow/.local/lib/python3.12/site-packages/airflow/example_dags/example_branch_operator_decorator.py for tasks to queue
[2025-03-09T15:52:26.724+0000] {logging_mixin.py:190} INFO - [2025-03-09T15:52:26.724+0000] {dagbag.py:588} INFO - Filling up the DagBag from /home/airflow/.local/lib/python3.12/site-packages/airflow/example_dags/example_branch_operator_decorator.py
[2025-03-09T15:52:26.736+0000] {processor.py:925} INFO - DAG(s) 'example_branch_python_operator_decorator' retrieved from /home/airflow/.local/lib/python3.12/site-packages/airflow/example_dags/example_branch_operator_decorator.py
[2025-03-09T15:52:26.756+0000] {logging_mixin.py:190} INFO - [2025-03-09T15:52:26.756+0000] {dag.py:3239} INFO - Sync 1 DAGs
[2025-03-09T15:52:26.772+0000] {logging_mixin.py:190} INFO - [2025-03-09T15:52:26.771+0000] {dag.py:4180} INFO - Setting next_dagrun for example_branch_python_operator_decorator to 2025-03-08 00:00:00+00:00, run_after=2025-03-09 00:00:00+00:00
[2025-03-09T15:52:26.786+0000] {processor.py:208} INFO - Processing /home/airflow/.local/lib/python3.12/site-packages/airflow/example_dags/example_branch_operator_decorator.py took 0.069 seconds
[2025-03-09T15:52:57.386+0000] {processor.py:186} INFO - Started process (PID=4665) to work on /home/airflow/.local/lib/python3.12/site-packages/airflow/example_dags/example_branch_operator_decorator.py
[2025-03-09T15:52:57.387+0000] {processor.py:914} INFO - Processing file /home/airflow/.local/lib/python3.12/site-packages/airflow/example_dags/example_branch_operator_decorator.py for tasks to queue
[2025-03-09T15:52:57.388+0000] {logging_mixin.py:190} INFO - [2025-03-09T15:52:57.388+0000] {dagbag.py:588} INFO - Filling up the DagBag from /home/airflow/.local/lib/python3.12/site-packages/airflow/example_dags/example_branch_operator_decorator.py
[2025-03-09T15:52:57.401+0000] {processor.py:925} INFO - DAG(s) 'example_branch_python_operator_decorator' retrieved from /home/airflow/.local/lib/python3.12/site-packages/airflow/example_dags/example_branch_operator_decorator.py
[2025-03-09T15:52:57.418+0000] {logging_mixin.py:190} INFO - [2025-03-09T15:52:57.418+0000] {dag.py:3239} INFO - Sync 1 DAGs
[2025-03-09T15:52:57.433+0000] {logging_mixin.py:190} INFO - [2025-03-09T15:52:57.432+0000] {dag.py:4180} INFO - Setting next_dagrun for example_branch_python_operator_decorator to 2025-03-08 00:00:00+00:00, run_after=2025-03-09 00:00:00+00:00
[2025-03-09T15:52:57.444+0000] {processor.py:208} INFO - Processing /home/airflow/.local/lib/python3.12/site-packages/airflow/example_dags/example_branch_operator_decorator.py took 0.061 seconds
[2025-03-09T15:53:28.084+0000] {processor.py:186} INFO - Started process (PID=4996) to work on /home/airflow/.local/lib/python3.12/site-packages/airflow/example_dags/example_branch_operator_decorator.py
[2025-03-09T15:53:28.085+0000] {processor.py:914} INFO - Processing file /home/airflow/.local/lib/python3.12/site-packages/airflow/example_dags/example_branch_operator_decorator.py for tasks to queue
[2025-03-09T15:53:28.086+0000] {logging_mixin.py:190} INFO - [2025-03-09T15:53:28.086+0000] {dagbag.py:588} INFO - Filling up the DagBag from /home/airflow/.local/lib/python3.12/site-packages/airflow/example_dags/example_branch_operator_decorator.py
[2025-03-09T15:53:28.098+0000] {processor.py:925} INFO - DAG(s) 'example_branch_python_operator_decorator' retrieved from /home/airflow/.local/lib/python3.12/site-packages/airflow/example_dags/example_branch_operator_decorator.py
[2025-03-09T15:53:28.123+0000] {logging_mixin.py:190} INFO - [2025-03-09T15:53:28.123+0000] {dag.py:3239} INFO - Sync 1 DAGs
[2025-03-09T15:53:28.143+0000] {logging_mixin.py:190} INFO - [2025-03-09T15:53:28.143+0000] {dag.py:4180} INFO - Setting next_dagrun for example_branch_python_operator_decorator to 2025-03-08 00:00:00+00:00, run_after=2025-03-09 00:00:00+00:00
[2025-03-09T15:53:28.157+0000] {processor.py:208} INFO - Processing /home/airflow/.local/lib/python3.12/site-packages/airflow/example_dags/example_branch_operator_decorator.py took 0.076 seconds
[2025-03-09T15:53:58.920+0000] {processor.py:186} INFO - Started process (PID=5321) to work on /home/airflow/.local/lib/python3.12/site-packages/airflow/example_dags/example_branch_operator_decorator.py
[2025-03-09T15:53:58.920+0000] {processor.py:914} INFO - Processing file /home/airflow/.local/lib/python3.12/site-packages/airflow/example_dags/example_branch_operator_decorator.py for tasks to queue
[2025-03-09T15:53:58.921+0000] {logging_mixin.py:190} INFO - [2025-03-09T15:53:58.921+0000] {dagbag.py:588} INFO - Filling up the DagBag from /home/airflow/.local/lib/python3.12/site-packages/airflow/example_dags/example_branch_operator_decorator.py
[2025-03-09T15:53:58.934+0000] {processor.py:925} INFO - DAG(s) 'example_branch_python_operator_decorator' retrieved from /home/airflow/.local/lib/python3.12/site-packages/airflow/example_dags/example_branch_operator_decorator.py
[2025-03-09T15:53:58.957+0000] {logging_mixin.py:190} INFO - [2025-03-09T15:53:58.956+0000] {dag.py:3239} INFO - Sync 1 DAGs
[2025-03-09T15:53:58.972+0000] {logging_mixin.py:190} INFO - [2025-03-09T15:53:58.972+0000] {dag.py:4180} INFO - Setting next_dagrun for example_branch_python_operator_decorator to 2025-03-08 00:00:00+00:00, run_after=2025-03-09 00:00:00+00:00
[2025-03-09T15:53:58.986+0000] {processor.py:208} INFO - Processing /home/airflow/.local/lib/python3.12/site-packages/airflow/example_dags/example_branch_operator_decorator.py took 0.069 seconds
[2025-03-09T15:54:29.624+0000] {processor.py:186} INFO - Started process (PID=5644) to work on /home/airflow/.local/lib/python3.12/site-packages/airflow/example_dags/example_branch_operator_decorator.py
[2025-03-09T15:54:29.624+0000] {processor.py:914} INFO - Processing file /home/airflow/.local/lib/python3.12/site-packages/airflow/example_dags/example_branch_operator_decorator.py for tasks to queue
[2025-03-09T15:54:29.626+0000] {logging_mixin.py:190} INFO - [2025-03-09T15:54:29.626+0000] {dagbag.py:588} INFO - Filling up the DagBag from /home/airflow/.local/lib/python3.12/site-packages/airflow/example_dags/example_branch_operator_decorator.py
[2025-03-09T15:54:29.639+0000] {processor.py:925} INFO - DAG(s) 'example_branch_python_operator_decorator' retrieved from /home/airflow/.local/lib/python3.12/site-packages/airflow/example_dags/example_branch_operator_decorator.py
[2025-03-09T15:54:29.667+0000] {logging_mixin.py:190} INFO - [2025-03-09T15:54:29.667+0000] {dag.py:3239} INFO - Sync 1 DAGs
[2025-03-09T15:54:29.682+0000] {logging_mixin.py:190} INFO - [2025-03-09T15:54:29.682+0000] {dag.py:4180} INFO - Setting next_dagrun for example_branch_python_operator_decorator to 2025-03-08 00:00:00+00:00, run_after=2025-03-09 00:00:00+00:00
[2025-03-09T15:54:29.702+0000] {processor.py:208} INFO - Processing /home/airflow/.local/lib/python3.12/site-packages/airflow/example_dags/example_branch_operator_decorator.py took 0.082 seconds
[2025-03-09T15:55:00.301+0000] {processor.py:186} INFO - Started process (PID=5970) to work on /home/airflow/.local/lib/python3.12/site-packages/airflow/example_dags/example_branch_operator_decorator.py
[2025-03-09T15:55:00.302+0000] {processor.py:914} INFO - Processing file /home/airflow/.local/lib/python3.12/site-packages/airflow/example_dags/example_branch_operator_decorator.py for tasks to queue
[2025-03-09T15:55:00.303+0000] {logging_mixin.py:190} INFO - [2025-03-09T15:55:00.303+0000] {dagbag.py:588} INFO - Filling up the DagBag from /home/airflow/.local/lib/python3.12/site-packages/airflow/example_dags/example_branch_operator_decorator.py
[2025-03-09T15:55:00.317+0000] {processor.py:925} INFO - DAG(s) 'example_branch_python_operator_decorator' retrieved from /home/airflow/.local/lib/python3.12/site-packages/airflow/example_dags/example_branch_operator_decorator.py
[2025-03-09T15:55:00.334+0000] {logging_mixin.py:190} INFO - [2025-03-09T15:55:00.334+0000] {dag.py:3239} INFO - Sync 1 DAGs
[2025-03-09T15:55:00.348+0000] {logging_mixin.py:190} INFO - [2025-03-09T15:55:00.348+0000] {dag.py:4180} INFO - Setting next_dagrun for example_branch_python_operator_decorator to 2025-03-08 00:00:00+00:00, run_after=2025-03-09 00:00:00+00:00
[2025-03-09T15:55:00.361+0000] {processor.py:208} INFO - Processing /home/airflow/.local/lib/python3.12/site-packages/airflow/example_dags/example_branch_operator_decorator.py took 0.065 seconds
[2025-03-09T15:55:31.442+0000] {processor.py:186} INFO - Started process (PID=6296) to work on /home/airflow/.local/lib/python3.12/site-packages/airflow/example_dags/example_branch_operator_decorator.py
[2025-03-09T15:55:31.443+0000] {processor.py:914} INFO - Processing file /home/airflow/.local/lib/python3.12/site-packages/airflow/example_dags/example_branch_operator_decorator.py for tasks to queue
[2025-03-09T15:55:31.444+0000] {logging_mixin.py:190} INFO - [2025-03-09T15:55:31.444+0000] {dagbag.py:588} INFO - Filling up the DagBag from /home/airflow/.local/lib/python3.12/site-packages/airflow/example_dags/example_branch_operator_decorator.py
[2025-03-09T15:55:31.458+0000] {processor.py:925} INFO - DAG(s) 'example_branch_python_operator_decorator' retrieved from /home/airflow/.local/lib/python3.12/site-packages/airflow/example_dags/example_branch_operator_decorator.py
[2025-03-09T15:55:31.479+0000] {logging_mixin.py:190} INFO - [2025-03-09T15:55:31.478+0000] {dag.py:3239} INFO - Sync 1 DAGs
[2025-03-09T15:55:31.498+0000] {logging_mixin.py:190} INFO - [2025-03-09T15:55:31.498+0000] {dag.py:4180} INFO - Setting next_dagrun for example_branch_python_operator_decorator to 2025-03-08 00:00:00+00:00, run_after=2025-03-09 00:00:00+00:00
[2025-03-09T15:55:31.512+0000] {processor.py:208} INFO - Processing /home/airflow/.local/lib/python3.12/site-packages/airflow/example_dags/example_branch_operator_decorator.py took 0.073 seconds
[2025-03-09T15:56:02.203+0000] {processor.py:186} INFO - Started process (PID=6620) to work on /home/airflow/.local/lib/python3.12/site-packages/airflow/example_dags/example_branch_operator_decorator.py
[2025-03-09T15:56:02.203+0000] {processor.py:914} INFO - Processing file /home/airflow/.local/lib/python3.12/site-packages/airflow/example_dags/example_branch_operator_decorator.py for tasks to queue
[2025-03-09T15:56:02.204+0000] {logging_mixin.py:190} INFO - [2025-03-09T15:56:02.204+0000] {dagbag.py:588} INFO - Filling up the DagBag from /home/airflow/.local/lib/python3.12/site-packages/airflow/example_dags/example_branch_operator_decorator.py
[2025-03-09T15:56:02.217+0000] {processor.py:925} INFO - DAG(s) 'example_branch_python_operator_decorator' retrieved from /home/airflow/.local/lib/python3.12/site-packages/airflow/example_dags/example_branch_operator_decorator.py
[2025-03-09T15:56:02.236+0000] {logging_mixin.py:190} INFO - [2025-03-09T15:56:02.236+0000] {dag.py:3239} INFO - Sync 1 DAGs
[2025-03-09T15:56:02.258+0000] {logging_mixin.py:190} INFO - [2025-03-09T15:56:02.257+0000] {dag.py:4180} INFO - Setting next_dagrun for example_branch_python_operator_decorator to 2025-03-08 00:00:00+00:00, run_after=2025-03-09 00:00:00+00:00
[2025-03-09T15:56:02.269+0000] {processor.py:208} INFO - Processing /home/airflow/.local/lib/python3.12/site-packages/airflow/example_dags/example_branch_operator_decorator.py took 0.070 seconds
[2025-03-09T15:56:33.020+0000] {processor.py:186} INFO - Started process (PID=6951) to work on /home/airflow/.local/lib/python3.12/site-packages/airflow/example_dags/example_branch_operator_decorator.py
[2025-03-09T15:56:33.020+0000] {processor.py:914} INFO - Processing file /home/airflow/.local/lib/python3.12/site-packages/airflow/example_dags/example_branch_operator_decorator.py for tasks to queue
[2025-03-09T15:56:33.021+0000] {logging_mixin.py:190} INFO - [2025-03-09T15:56:33.021+0000] {dagbag.py:588} INFO - Filling up the DagBag from /home/airflow/.local/lib/python3.12/site-packages/airflow/example_dags/example_branch_operator_decorator.py
[2025-03-09T15:56:33.034+0000] {processor.py:925} INFO - DAG(s) 'example_branch_python_operator_decorator' retrieved from /home/airflow/.local/lib/python3.12/site-packages/airflow/example_dags/example_branch_operator_decorator.py
[2025-03-09T15:56:33.055+0000] {logging_mixin.py:190} INFO - [2025-03-09T15:56:33.055+0000] {dag.py:3239} INFO - Sync 1 DAGs
[2025-03-09T15:56:33.072+0000] {logging_mixin.py:190} INFO - [2025-03-09T15:56:33.072+0000] {dag.py:4180} INFO - Setting next_dagrun for example_branch_python_operator_decorator to 2025-03-08 00:00:00+00:00, run_after=2025-03-09 00:00:00+00:00
[2025-03-09T15:56:33.086+0000] {processor.py:208} INFO - Processing /home/airflow/.local/lib/python3.12/site-packages/airflow/example_dags/example_branch_operator_decorator.py took 0.070 seconds
[2025-03-09T15:57:03.854+0000] {processor.py:186} INFO - Started process (PID=7272) to work on /home/airflow/.local/lib/python3.12/site-packages/airflow/example_dags/example_branch_operator_decorator.py
[2025-03-09T15:57:03.854+0000] {processor.py:914} INFO - Processing file /home/airflow/.local/lib/python3.12/site-packages/airflow/example_dags/example_branch_operator_decorator.py for tasks to queue
[2025-03-09T15:57:03.856+0000] {logging_mixin.py:190} INFO - [2025-03-09T15:57:03.856+0000] {dagbag.py:588} INFO - Filling up the DagBag from /home/airflow/.local/lib/python3.12/site-packages/airflow/example_dags/example_branch_operator_decorator.py
[2025-03-09T15:57:03.870+0000] {processor.py:925} INFO - DAG(s) 'example_branch_python_operator_decorator' retrieved from /home/airflow/.local/lib/python3.12/site-packages/airflow/example_dags/example_branch_operator_decorator.py
[2025-03-09T15:57:03.890+0000] {logging_mixin.py:190} INFO - [2025-03-09T15:57:03.890+0000] {dag.py:3239} INFO - Sync 1 DAGs
[2025-03-09T15:57:03.910+0000] {logging_mixin.py:190} INFO - [2025-03-09T15:57:03.910+0000] {dag.py:4180} INFO - Setting next_dagrun for example_branch_python_operator_decorator to 2025-03-08 00:00:00+00:00, run_after=2025-03-09 00:00:00+00:00
[2025-03-09T15:57:03.927+0000] {processor.py:208} INFO - Processing /home/airflow/.local/lib/python3.12/site-packages/airflow/example_dags/example_branch_operator_decorator.py took 0.079 seconds
[2025-03-09T15:57:34.942+0000] {processor.py:186} INFO - Started process (PID=7603) to work on /home/airflow/.local/lib/python3.12/site-packages/airflow/example_dags/example_branch_operator_decorator.py
[2025-03-09T15:57:34.942+0000] {processor.py:914} INFO - Processing file /home/airflow/.local/lib/python3.12/site-packages/airflow/example_dags/example_branch_operator_decorator.py for tasks to queue
[2025-03-09T15:57:34.944+0000] {logging_mixin.py:190} INFO - [2025-03-09T15:57:34.943+0000] {dagbag.py:588} INFO - Filling up the DagBag from /home/airflow/.local/lib/python3.12/site-packages/airflow/example_dags/example_branch_operator_decorator.py
[2025-03-09T15:57:34.956+0000] {processor.py:925} INFO - DAG(s) 'example_branch_python_operator_decorator' retrieved from /home/airflow/.local/lib/python3.12/site-packages/airflow/example_dags/example_branch_operator_decorator.py
[2025-03-09T15:57:34.982+0000] {logging_mixin.py:190} INFO - [2025-03-09T15:57:34.981+0000] {dag.py:3239} INFO - Sync 1 DAGs
[2025-03-09T15:57:34.999+0000] {logging_mixin.py:190} INFO - [2025-03-09T15:57:34.999+0000] {dag.py:4180} INFO - Setting next_dagrun for example_branch_python_operator_decorator to 2025-03-08 00:00:00+00:00, run_after=2025-03-09 00:00:00+00:00
[2025-03-09T15:57:35.012+0000] {processor.py:208} INFO - Processing /home/airflow/.local/lib/python3.12/site-packages/airflow/example_dags/example_branch_operator_decorator.py took 0.075 seconds
[2025-03-09T15:58:05.812+0000] {processor.py:186} INFO - Started process (PID=7924) to work on /home/airflow/.local/lib/python3.12/site-packages/airflow/example_dags/example_branch_operator_decorator.py
[2025-03-09T15:58:05.812+0000] {processor.py:914} INFO - Processing file /home/airflow/.local/lib/python3.12/site-packages/airflow/example_dags/example_branch_operator_decorator.py for tasks to queue
[2025-03-09T15:58:05.813+0000] {logging_mixin.py:190} INFO - [2025-03-09T15:58:05.813+0000] {dagbag.py:588} INFO - Filling up the DagBag from /home/airflow/.local/lib/python3.12/site-packages/airflow/example_dags/example_branch_operator_decorator.py
[2025-03-09T15:58:05.826+0000] {processor.py:925} INFO - DAG(s) 'example_branch_python_operator_decorator' retrieved from /home/airflow/.local/lib/python3.12/site-packages/airflow/example_dags/example_branch_operator_decorator.py
[2025-03-09T15:58:05.845+0000] {logging_mixin.py:190} INFO - [2025-03-09T15:58:05.845+0000] {dag.py:3239} INFO - Sync 1 DAGs
[2025-03-09T15:58:05.860+0000] {logging_mixin.py:190} INFO - [2025-03-09T15:58:05.860+0000] {dag.py:4180} INFO - Setting next_dagrun for example_branch_python_operator_decorator to 2025-03-08 00:00:00+00:00, run_after=2025-03-09 00:00:00+00:00
[2025-03-09T15:58:05.874+0000] {processor.py:208} INFO - Processing /home/airflow/.local/lib/python3.12/site-packages/airflow/example_dags/example_branch_operator_decorator.py took 0.066 seconds
[2025-03-09T15:58:36.958+0000] {processor.py:186} INFO - Started process (PID=8250) to work on /home/airflow/.local/lib/python3.12/site-packages/airflow/example_dags/example_branch_operator_decorator.py
[2025-03-09T15:58:36.959+0000] {processor.py:914} INFO - Processing file /home/airflow/.local/lib/python3.12/site-packages/airflow/example_dags/example_branch_operator_decorator.py for tasks to queue
[2025-03-09T15:58:36.960+0000] {logging_mixin.py:190} INFO - [2025-03-09T15:58:36.960+0000] {dagbag.py:588} INFO - Filling up the DagBag from /home/airflow/.local/lib/python3.12/site-packages/airflow/example_dags/example_branch_operator_decorator.py
[2025-03-09T15:58:36.974+0000] {processor.py:925} INFO - DAG(s) 'example_branch_python_operator_decorator' retrieved from /home/airflow/.local/lib/python3.12/site-packages/airflow/example_dags/example_branch_operator_decorator.py
[2025-03-09T15:58:36.996+0000] {logging_mixin.py:190} INFO - [2025-03-09T15:58:36.996+0000] {dag.py:3239} INFO - Sync 1 DAGs
[2025-03-09T15:58:37.018+0000] {logging_mixin.py:190} INFO - [2025-03-09T15:58:37.018+0000] {dag.py:4180} INFO - Setting next_dagrun for example_branch_python_operator_decorator to 2025-03-08 00:00:00+00:00, run_after=2025-03-09 00:00:00+00:00
[2025-03-09T15:58:37.037+0000] {processor.py:208} INFO - Processing /home/airflow/.local/lib/python3.12/site-packages/airflow/example_dags/example_branch_operator_decorator.py took 0.083 seconds
[2025-03-09T15:59:08.442+0000] {processor.py:186} INFO - Started process (PID=8581) to work on /home/airflow/.local/lib/python3.12/site-packages/airflow/example_dags/example_branch_operator_decorator.py
[2025-03-09T15:59:08.443+0000] {processor.py:914} INFO - Processing file /home/airflow/.local/lib/python3.12/site-packages/airflow/example_dags/example_branch_operator_decorator.py for tasks to queue
[2025-03-09T15:59:08.444+0000] {logging_mixin.py:190} INFO - [2025-03-09T15:59:08.444+0000] {dagbag.py:588} INFO - Filling up the DagBag from /home/airflow/.local/lib/python3.12/site-packages/airflow/example_dags/example_branch_operator_decorator.py
[2025-03-09T15:59:08.457+0000] {processor.py:925} INFO - DAG(s) 'example_branch_python_operator_decorator' retrieved from /home/airflow/.local/lib/python3.12/site-packages/airflow/example_dags/example_branch_operator_decorator.py
[2025-03-09T15:59:08.476+0000] {logging_mixin.py:190} INFO - [2025-03-09T15:59:08.476+0000] {dag.py:3239} INFO - Sync 1 DAGs
[2025-03-09T15:59:08.493+0000] {logging_mixin.py:190} INFO - [2025-03-09T15:59:08.492+0000] {dag.py:4180} INFO - Setting next_dagrun for example_branch_python_operator_decorator to 2025-03-08 00:00:00+00:00, run_after=2025-03-09 00:00:00+00:00
[2025-03-09T15:59:08.504+0000] {processor.py:208} INFO - Processing /home/airflow/.local/lib/python3.12/site-packages/airflow/example_dags/example_branch_operator_decorator.py took 0.066 seconds
[2025-03-09T15:59:39.343+0000] {processor.py:186} INFO - Started process (PID=8907) to work on /home/airflow/.local/lib/python3.12/site-packages/airflow/example_dags/example_branch_operator_decorator.py
[2025-03-09T15:59:39.344+0000] {processor.py:914} INFO - Processing file /home/airflow/.local/lib/python3.12/site-packages/airflow/example_dags/example_branch_operator_decorator.py for tasks to queue
[2025-03-09T15:59:39.346+0000] {logging_mixin.py:190} INFO - [2025-03-09T15:59:39.345+0000] {dagbag.py:588} INFO - Filling up the DagBag from /home/airflow/.local/lib/python3.12/site-packages/airflow/example_dags/example_branch_operator_decorator.py
[2025-03-09T15:59:39.360+0000] {processor.py:925} INFO - DAG(s) 'example_branch_python_operator_decorator' retrieved from /home/airflow/.local/lib/python3.12/site-packages/airflow/example_dags/example_branch_operator_decorator.py
[2025-03-09T15:59:39.380+0000] {logging_mixin.py:190} INFO - [2025-03-09T15:59:39.380+0000] {dag.py:3239} INFO - Sync 1 DAGs
[2025-03-09T15:59:39.400+0000] {logging_mixin.py:190} INFO - [2025-03-09T15:59:39.400+0000] {dag.py:4180} INFO - Setting next_dagrun for example_branch_python_operator_decorator to 2025-03-08 00:00:00+00:00, run_after=2025-03-09 00:00:00+00:00
[2025-03-09T15:59:39.415+0000] {processor.py:208} INFO - Processing /home/airflow/.local/lib/python3.12/site-packages/airflow/example_dags/example_branch_operator_decorator.py took 0.076 seconds
[2025-03-09T16:00:09.741+0000] {processor.py:186} INFO - Started process (PID=9233) to work on /home/airflow/.local/lib/python3.12/site-packages/airflow/example_dags/example_branch_operator_decorator.py
[2025-03-09T16:00:09.742+0000] {processor.py:914} INFO - Processing file /home/airflow/.local/lib/python3.12/site-packages/airflow/example_dags/example_branch_operator_decorator.py for tasks to queue
[2025-03-09T16:00:09.743+0000] {logging_mixin.py:190} INFO - [2025-03-09T16:00:09.743+0000] {dagbag.py:588} INFO - Filling up the DagBag from /home/airflow/.local/lib/python3.12/site-packages/airflow/example_dags/example_branch_operator_decorator.py
[2025-03-09T16:00:09.760+0000] {processor.py:925} INFO - DAG(s) 'example_branch_python_operator_decorator' retrieved from /home/airflow/.local/lib/python3.12/site-packages/airflow/example_dags/example_branch_operator_decorator.py
[2025-03-09T16:00:09.777+0000] {logging_mixin.py:190} INFO - [2025-03-09T16:00:09.777+0000] {dag.py:3239} INFO - Sync 1 DAGs
[2025-03-09T16:00:09.793+0000] {logging_mixin.py:190} INFO - [2025-03-09T16:00:09.793+0000] {dag.py:4180} INFO - Setting next_dagrun for example_branch_python_operator_decorator to 2025-03-08 00:00:00+00:00, run_after=2025-03-09 00:00:00+00:00
[2025-03-09T16:00:09.805+0000] {processor.py:208} INFO - Processing /home/airflow/.local/lib/python3.12/site-packages/airflow/example_dags/example_branch_operator_decorator.py took 0.068 seconds
[2025-03-09T16:00:40.430+0000] {processor.py:186} INFO - Started process (PID=9559) to work on /home/airflow/.local/lib/python3.12/site-packages/airflow/example_dags/example_branch_operator_decorator.py
[2025-03-09T16:00:40.431+0000] {processor.py:914} INFO - Processing file /home/airflow/.local/lib/python3.12/site-packages/airflow/example_dags/example_branch_operator_decorator.py for tasks to queue
[2025-03-09T16:00:40.432+0000] {logging_mixin.py:190} INFO - [2025-03-09T16:00:40.432+0000] {dagbag.py:588} INFO - Filling up the DagBag from /home/airflow/.local/lib/python3.12/site-packages/airflow/example_dags/example_branch_operator_decorator.py
[2025-03-09T16:00:40.445+0000] {processor.py:925} INFO - DAG(s) 'example_branch_python_operator_decorator' retrieved from /home/airflow/.local/lib/python3.12/site-packages/airflow/example_dags/example_branch_operator_decorator.py
[2025-03-09T16:00:40.461+0000] {logging_mixin.py:190} INFO - [2025-03-09T16:00:40.461+0000] {dag.py:3239} INFO - Sync 1 DAGs
[2025-03-09T16:00:40.476+0000] {logging_mixin.py:190} INFO - [2025-03-09T16:00:40.476+0000] {dag.py:4180} INFO - Setting next_dagrun for example_branch_python_operator_decorator to 2025-03-08 00:00:00+00:00, run_after=2025-03-09 00:00:00+00:00
[2025-03-09T16:00:40.489+0000] {processor.py:208} INFO - Processing /home/airflow/.local/lib/python3.12/site-packages/airflow/example_dags/example_branch_operator_decorator.py took 0.062 seconds
[2025-03-09T16:01:10.807+0000] {processor.py:186} INFO - Started process (PID=9885) to work on /home/airflow/.local/lib/python3.12/site-packages/airflow/example_dags/example_branch_operator_decorator.py
[2025-03-09T16:01:10.808+0000] {processor.py:914} INFO - Processing file /home/airflow/.local/lib/python3.12/site-packages/airflow/example_dags/example_branch_operator_decorator.py for tasks to queue
[2025-03-09T16:01:10.810+0000] {logging_mixin.py:190} INFO - [2025-03-09T16:01:10.809+0000] {dagbag.py:588} INFO - Filling up the DagBag from /home/airflow/.local/lib/python3.12/site-packages/airflow/example_dags/example_branch_operator_decorator.py
[2025-03-09T16:01:10.822+0000] {processor.py:925} INFO - DAG(s) 'example_branch_python_operator_decorator' retrieved from /home/airflow/.local/lib/python3.12/site-packages/airflow/example_dags/example_branch_operator_decorator.py
[2025-03-09T16:01:10.843+0000] {logging_mixin.py:190} INFO - [2025-03-09T16:01:10.843+0000] {dag.py:3239} INFO - Sync 1 DAGs
[2025-03-09T16:01:10.864+0000] {logging_mixin.py:190} INFO - [2025-03-09T16:01:10.863+0000] {dag.py:4180} INFO - Setting next_dagrun for example_branch_python_operator_decorator to 2025-03-08 00:00:00+00:00, run_after=2025-03-09 00:00:00+00:00
[2025-03-09T16:01:10.882+0000] {processor.py:208} INFO - Processing /home/airflow/.local/lib/python3.12/site-packages/airflow/example_dags/example_branch_operator_decorator.py took 0.080 seconds
[2025-03-09T16:01:41.334+0000] {processor.py:186} INFO - Started process (PID=10206) to work on /home/airflow/.local/lib/python3.12/site-packages/airflow/example_dags/example_branch_operator_decorator.py
[2025-03-09T16:01:41.334+0000] {processor.py:914} INFO - Processing file /home/airflow/.local/lib/python3.12/site-packages/airflow/example_dags/example_branch_operator_decorator.py for tasks to queue
[2025-03-09T16:01:41.336+0000] {logging_mixin.py:190} INFO - [2025-03-09T16:01:41.335+0000] {dagbag.py:588} INFO - Filling up the DagBag from /home/airflow/.local/lib/python3.12/site-packages/airflow/example_dags/example_branch_operator_decorator.py
[2025-03-09T16:01:41.348+0000] {processor.py:925} INFO - DAG(s) 'example_branch_python_operator_decorator' retrieved from /home/airflow/.local/lib/python3.12/site-packages/airflow/example_dags/example_branch_operator_decorator.py
[2025-03-09T16:01:41.367+0000] {logging_mixin.py:190} INFO - [2025-03-09T16:01:41.367+0000] {dag.py:3239} INFO - Sync 1 DAGs
[2025-03-09T16:01:41.383+0000] {logging_mixin.py:190} INFO - [2025-03-09T16:01:41.383+0000] {dag.py:4180} INFO - Setting next_dagrun for example_branch_python_operator_decorator to 2025-03-08 00:00:00+00:00, run_after=2025-03-09 00:00:00+00:00
[2025-03-09T16:01:41.397+0000] {processor.py:208} INFO - Processing /home/airflow/.local/lib/python3.12/site-packages/airflow/example_dags/example_branch_operator_decorator.py took 0.066 seconds
[2025-03-09T16:02:11.877+0000] {processor.py:186} INFO - Started process (PID=10532) to work on /home/airflow/.local/lib/python3.12/site-packages/airflow/example_dags/example_branch_operator_decorator.py
[2025-03-09T16:02:11.878+0000] {processor.py:914} INFO - Processing file /home/airflow/.local/lib/python3.12/site-packages/airflow/example_dags/example_branch_operator_decorator.py for tasks to queue
[2025-03-09T16:02:11.879+0000] {logging_mixin.py:190} INFO - [2025-03-09T16:02:11.879+0000] {dagbag.py:588} INFO - Filling up the DagBag from /home/airflow/.local/lib/python3.12/site-packages/airflow/example_dags/example_branch_operator_decorator.py
[2025-03-09T16:02:11.893+0000] {processor.py:925} INFO - DAG(s) 'example_branch_python_operator_decorator' retrieved from /home/airflow/.local/lib/python3.12/site-packages/airflow/example_dags/example_branch_operator_decorator.py
[2025-03-09T16:02:11.914+0000] {logging_mixin.py:190} INFO - [2025-03-09T16:02:11.914+0000] {dag.py:3239} INFO - Sync 1 DAGs
[2025-03-09T16:02:11.929+0000] {logging_mixin.py:190} INFO - [2025-03-09T16:02:11.928+0000] {dag.py:4180} INFO - Setting next_dagrun for example_branch_python_operator_decorator to 2025-03-08 00:00:00+00:00, run_after=2025-03-09 00:00:00+00:00
[2025-03-09T16:02:11.945+0000] {processor.py:208} INFO - Processing /home/airflow/.local/lib/python3.12/site-packages/airflow/example_dags/example_branch_operator_decorator.py took 0.073 seconds
[2025-03-09T16:02:42.635+0000] {processor.py:186} INFO - Started process (PID=10858) to work on /home/airflow/.local/lib/python3.12/site-packages/airflow/example_dags/example_branch_operator_decorator.py
[2025-03-09T16:02:42.635+0000] {processor.py:914} INFO - Processing file /home/airflow/.local/lib/python3.12/site-packages/airflow/example_dags/example_branch_operator_decorator.py for tasks to queue
[2025-03-09T16:02:42.636+0000] {logging_mixin.py:190} INFO - [2025-03-09T16:02:42.636+0000] {dagbag.py:588} INFO - Filling up the DagBag from /home/airflow/.local/lib/python3.12/site-packages/airflow/example_dags/example_branch_operator_decorator.py
[2025-03-09T16:02:42.649+0000] {processor.py:925} INFO - DAG(s) 'example_branch_python_operator_decorator' retrieved from /home/airflow/.local/lib/python3.12/site-packages/airflow/example_dags/example_branch_operator_decorator.py
[2025-03-09T16:02:42.669+0000] {logging_mixin.py:190} INFO - [2025-03-09T16:02:42.669+0000] {dag.py:3239} INFO - Sync 1 DAGs
[2025-03-09T16:02:42.686+0000] {logging_mixin.py:190} INFO - [2025-03-09T16:02:42.686+0000] {dag.py:4180} INFO - Setting next_dagrun for example_branch_python_operator_decorator to 2025-03-08 00:00:00+00:00, run_after=2025-03-09 00:00:00+00:00
[2025-03-09T16:02:42.700+0000] {processor.py:208} INFO - Processing /home/airflow/.local/lib/python3.12/site-packages/airflow/example_dags/example_branch_operator_decorator.py took 0.070 seconds
[2025-03-09T16:03:13.693+0000] {processor.py:186} INFO - Started process (PID=11189) to work on /home/airflow/.local/lib/python3.12/site-packages/airflow/example_dags/example_branch_operator_decorator.py
[2025-03-09T16:03:13.694+0000] {processor.py:914} INFO - Processing file /home/airflow/.local/lib/python3.12/site-packages/airflow/example_dags/example_branch_operator_decorator.py for tasks to queue
[2025-03-09T16:03:13.695+0000] {logging_mixin.py:190} INFO - [2025-03-09T16:03:13.694+0000] {dagbag.py:588} INFO - Filling up the DagBag from /home/airflow/.local/lib/python3.12/site-packages/airflow/example_dags/example_branch_operator_decorator.py
[2025-03-09T16:03:13.707+0000] {processor.py:925} INFO - DAG(s) 'example_branch_python_operator_decorator' retrieved from /home/airflow/.local/lib/python3.12/site-packages/airflow/example_dags/example_branch_operator_decorator.py
[2025-03-09T16:03:13.727+0000] {logging_mixin.py:190} INFO - [2025-03-09T16:03:13.727+0000] {dag.py:3239} INFO - Sync 1 DAGs
[2025-03-09T16:03:13.742+0000] {logging_mixin.py:190} INFO - [2025-03-09T16:03:13.742+0000] {dag.py:4180} INFO - Setting next_dagrun for example_branch_python_operator_decorator to 2025-03-08 00:00:00+00:00, run_after=2025-03-09 00:00:00+00:00
[2025-03-09T16:03:13.754+0000] {processor.py:208} INFO - Processing /home/airflow/.local/lib/python3.12/site-packages/airflow/example_dags/example_branch_operator_decorator.py took 0.064 seconds
[2025-03-09T16:03:44.351+0000] {processor.py:186} INFO - Started process (PID=11515) to work on /home/airflow/.local/lib/python3.12/site-packages/airflow/example_dags/example_branch_operator_decorator.py
[2025-03-09T16:03:44.352+0000] {processor.py:914} INFO - Processing file /home/airflow/.local/lib/python3.12/site-packages/airflow/example_dags/example_branch_operator_decorator.py for tasks to queue
[2025-03-09T16:03:44.353+0000] {logging_mixin.py:190} INFO - [2025-03-09T16:03:44.353+0000] {dagbag.py:588} INFO - Filling up the DagBag from /home/airflow/.local/lib/python3.12/site-packages/airflow/example_dags/example_branch_operator_decorator.py
[2025-03-09T16:03:44.368+0000] {processor.py:925} INFO - DAG(s) 'example_branch_python_operator_decorator' retrieved from /home/airflow/.local/lib/python3.12/site-packages/airflow/example_dags/example_branch_operator_decorator.py
[2025-03-09T16:03:44.389+0000] {logging_mixin.py:190} INFO - [2025-03-09T16:03:44.389+0000] {dag.py:3239} INFO - Sync 1 DAGs
[2025-03-09T16:03:44.407+0000] {logging_mixin.py:190} INFO - [2025-03-09T16:03:44.407+0000] {dag.py:4180} INFO - Setting next_dagrun for example_branch_python_operator_decorator to 2025-03-08 00:00:00+00:00, run_after=2025-03-09 00:00:00+00:00
[2025-03-09T16:03:44.422+0000] {processor.py:208} INFO - Processing /home/airflow/.local/lib/python3.12/site-packages/airflow/example_dags/example_branch_operator_decorator.py took 0.076 seconds
[2025-03-09T16:04:15.333+0000] {processor.py:186} INFO - Started process (PID=11841) to work on /home/airflow/.local/lib/python3.12/site-packages/airflow/example_dags/example_branch_operator_decorator.py
[2025-03-09T16:04:15.333+0000] {processor.py:914} INFO - Processing file /home/airflow/.local/lib/python3.12/site-packages/airflow/example_dags/example_branch_operator_decorator.py for tasks to queue
[2025-03-09T16:04:15.335+0000] {logging_mixin.py:190} INFO - [2025-03-09T16:04:15.334+0000] {dagbag.py:588} INFO - Filling up the DagBag from /home/airflow/.local/lib/python3.12/site-packages/airflow/example_dags/example_branch_operator_decorator.py
[2025-03-09T16:04:15.347+0000] {processor.py:925} INFO - DAG(s) 'example_branch_python_operator_decorator' retrieved from /home/airflow/.local/lib/python3.12/site-packages/airflow/example_dags/example_branch_operator_decorator.py
[2025-03-09T16:04:15.364+0000] {logging_mixin.py:190} INFO - [2025-03-09T16:04:15.364+0000] {dag.py:3239} INFO - Sync 1 DAGs
[2025-03-09T16:04:15.378+0000] {logging_mixin.py:190} INFO - [2025-03-09T16:04:15.378+0000] {dag.py:4180} INFO - Setting next_dagrun for example_branch_python_operator_decorator to 2025-03-08 00:00:00+00:00, run_after=2025-03-09 00:00:00+00:00
[2025-03-09T16:04:15.391+0000] {processor.py:208} INFO - Processing /home/airflow/.local/lib/python3.12/site-packages/airflow/example_dags/example_branch_operator_decorator.py took 0.062 seconds
[2025-03-09T16:04:46.212+0000] {processor.py:186} INFO - Started process (PID=12167) to work on /home/airflow/.local/lib/python3.12/site-packages/airflow/example_dags/example_branch_operator_decorator.py
[2025-03-09T16:04:46.212+0000] {processor.py:914} INFO - Processing file /home/airflow/.local/lib/python3.12/site-packages/airflow/example_dags/example_branch_operator_decorator.py for tasks to queue
[2025-03-09T16:04:46.214+0000] {logging_mixin.py:190} INFO - [2025-03-09T16:04:46.213+0000] {dagbag.py:588} INFO - Filling up the DagBag from /home/airflow/.local/lib/python3.12/site-packages/airflow/example_dags/example_branch_operator_decorator.py
[2025-03-09T16:04:46.226+0000] {processor.py:925} INFO - DAG(s) 'example_branch_python_operator_decorator' retrieved from /home/airflow/.local/lib/python3.12/site-packages/airflow/example_dags/example_branch_operator_decorator.py
[2025-03-09T16:04:46.243+0000] {logging_mixin.py:190} INFO - [2025-03-09T16:04:46.243+0000] {dag.py:3239} INFO - Sync 1 DAGs
[2025-03-09T16:04:46.259+0000] {logging_mixin.py:190} INFO - [2025-03-09T16:04:46.259+0000] {dag.py:4180} INFO - Setting next_dagrun for example_branch_python_operator_decorator to 2025-03-08 00:00:00+00:00, run_after=2025-03-09 00:00:00+00:00
[2025-03-09T16:04:46.275+0000] {processor.py:208} INFO - Processing /home/airflow/.local/lib/python3.12/site-packages/airflow/example_dags/example_branch_operator_decorator.py took 0.067 seconds
[2025-03-09T16:05:16.915+0000] {processor.py:186} INFO - Started process (PID=12493) to work on /home/airflow/.local/lib/python3.12/site-packages/airflow/example_dags/example_branch_operator_decorator.py
[2025-03-09T16:05:16.915+0000] {processor.py:914} INFO - Processing file /home/airflow/.local/lib/python3.12/site-packages/airflow/example_dags/example_branch_operator_decorator.py for tasks to queue
[2025-03-09T16:05:16.917+0000] {logging_mixin.py:190} INFO - [2025-03-09T16:05:16.917+0000] {dagbag.py:588} INFO - Filling up the DagBag from /home/airflow/.local/lib/python3.12/site-packages/airflow/example_dags/example_branch_operator_decorator.py
[2025-03-09T16:05:16.929+0000] {processor.py:925} INFO - DAG(s) 'example_branch_python_operator_decorator' retrieved from /home/airflow/.local/lib/python3.12/site-packages/airflow/example_dags/example_branch_operator_decorator.py
[2025-03-09T16:05:16.946+0000] {logging_mixin.py:190} INFO - [2025-03-09T16:05:16.946+0000] {dag.py:3239} INFO - Sync 1 DAGs
[2025-03-09T16:05:16.960+0000] {logging_mixin.py:190} INFO - [2025-03-09T16:05:16.960+0000] {dag.py:4180} INFO - Setting next_dagrun for example_branch_python_operator_decorator to 2025-03-08 00:00:00+00:00, run_after=2025-03-09 00:00:00+00:00
[2025-03-09T16:05:16.973+0000] {processor.py:208} INFO - Processing /home/airflow/.local/lib/python3.12/site-packages/airflow/example_dags/example_branch_operator_decorator.py took 0.062 seconds
[2025-03-09T16:05:47.552+0000] {processor.py:186} INFO - Started process (PID=12819) to work on /home/airflow/.local/lib/python3.12/site-packages/airflow/example_dags/example_branch_operator_decorator.py
[2025-03-09T16:05:47.553+0000] {processor.py:914} INFO - Processing file /home/airflow/.local/lib/python3.12/site-packages/airflow/example_dags/example_branch_operator_decorator.py for tasks to queue
[2025-03-09T16:05:47.554+0000] {logging_mixin.py:190} INFO - [2025-03-09T16:05:47.554+0000] {dagbag.py:588} INFO - Filling up the DagBag from /home/airflow/.local/lib/python3.12/site-packages/airflow/example_dags/example_branch_operator_decorator.py
[2025-03-09T16:05:47.568+0000] {processor.py:925} INFO - DAG(s) 'example_branch_python_operator_decorator' retrieved from /home/airflow/.local/lib/python3.12/site-packages/airflow/example_dags/example_branch_operator_decorator.py
[2025-03-09T16:05:47.590+0000] {logging_mixin.py:190} INFO - [2025-03-09T16:05:47.590+0000] {dag.py:3239} INFO - Sync 1 DAGs
[2025-03-09T16:05:47.612+0000] {logging_mixin.py:190} INFO - [2025-03-09T16:05:47.612+0000] {dag.py:4180} INFO - Setting next_dagrun for example_branch_python_operator_decorator to 2025-03-08 00:00:00+00:00, run_after=2025-03-09 00:00:00+00:00
[2025-03-09T16:05:47.628+0000] {processor.py:208} INFO - Processing /home/airflow/.local/lib/python3.12/site-packages/airflow/example_dags/example_branch_operator_decorator.py took 0.082 seconds
[2025-03-09T16:06:17.942+0000] {processor.py:186} INFO - Started process (PID=13146) to work on /home/airflow/.local/lib/python3.12/site-packages/airflow/example_dags/example_branch_operator_decorator.py
[2025-03-09T16:06:17.942+0000] {processor.py:914} INFO - Processing file /home/airflow/.local/lib/python3.12/site-packages/airflow/example_dags/example_branch_operator_decorator.py for tasks to queue
[2025-03-09T16:06:17.944+0000] {logging_mixin.py:190} INFO - [2025-03-09T16:06:17.944+0000] {dagbag.py:588} INFO - Filling up the DagBag from /home/airflow/.local/lib/python3.12/site-packages/airflow/example_dags/example_branch_operator_decorator.py
[2025-03-09T16:06:17.961+0000] {processor.py:925} INFO - DAG(s) 'example_branch_python_operator_decorator' retrieved from /home/airflow/.local/lib/python3.12/site-packages/airflow/example_dags/example_branch_operator_decorator.py
[2025-03-09T16:06:17.979+0000] {logging_mixin.py:190} INFO - [2025-03-09T16:06:17.979+0000] {dag.py:3239} INFO - Sync 1 DAGs
[2025-03-09T16:06:17.994+0000] {logging_mixin.py:190} INFO - [2025-03-09T16:06:17.994+0000] {dag.py:4180} INFO - Setting next_dagrun for example_branch_python_operator_decorator to 2025-03-08 00:00:00+00:00, run_after=2025-03-09 00:00:00+00:00
[2025-03-09T16:06:18.007+0000] {processor.py:208} INFO - Processing /home/airflow/.local/lib/python3.12/site-packages/airflow/example_dags/example_branch_operator_decorator.py took 0.070 seconds
[2025-03-09T16:06:48.490+0000] {processor.py:186} INFO - Started process (PID=13472) to work on /home/airflow/.local/lib/python3.12/site-packages/airflow/example_dags/example_branch_operator_decorator.py
[2025-03-09T16:06:48.491+0000] {processor.py:914} INFO - Processing file /home/airflow/.local/lib/python3.12/site-packages/airflow/example_dags/example_branch_operator_decorator.py for tasks to queue
[2025-03-09T16:06:48.492+0000] {logging_mixin.py:190} INFO - [2025-03-09T16:06:48.492+0000] {dagbag.py:588} INFO - Filling up the DagBag from /home/airflow/.local/lib/python3.12/site-packages/airflow/example_dags/example_branch_operator_decorator.py
[2025-03-09T16:06:48.506+0000] {processor.py:925} INFO - DAG(s) 'example_branch_python_operator_decorator' retrieved from /home/airflow/.local/lib/python3.12/site-packages/airflow/example_dags/example_branch_operator_decorator.py
[2025-03-09T16:06:48.522+0000] {logging_mixin.py:190} INFO - [2025-03-09T16:06:48.522+0000] {dag.py:3239} INFO - Sync 1 DAGs
[2025-03-09T16:06:48.536+0000] {logging_mixin.py:190} INFO - [2025-03-09T16:06:48.536+0000] {dag.py:4180} INFO - Setting next_dagrun for example_branch_python_operator_decorator to 2025-03-08 00:00:00+00:00, run_after=2025-03-09 00:00:00+00:00
[2025-03-09T16:06:48.549+0000] {processor.py:208} INFO - Processing /home/airflow/.local/lib/python3.12/site-packages/airflow/example_dags/example_branch_operator_decorator.py took 0.064 seconds
[2025-03-09T16:07:19.244+0000] {processor.py:186} INFO - Started process (PID=13800) to work on /home/airflow/.local/lib/python3.12/site-packages/airflow/example_dags/example_branch_operator_decorator.py
[2025-03-09T16:07:19.244+0000] {processor.py:914} INFO - Processing file /home/airflow/.local/lib/python3.12/site-packages/airflow/example_dags/example_branch_operator_decorator.py for tasks to queue
[2025-03-09T16:07:19.246+0000] {logging_mixin.py:190} INFO - [2025-03-09T16:07:19.246+0000] {dagbag.py:588} INFO - Filling up the DagBag from /home/airflow/.local/lib/python3.12/site-packages/airflow/example_dags/example_branch_operator_decorator.py
[2025-03-09T16:07:19.258+0000] {processor.py:925} INFO - DAG(s) 'example_branch_python_operator_decorator' retrieved from /home/airflow/.local/lib/python3.12/site-packages/airflow/example_dags/example_branch_operator_decorator.py
[2025-03-09T16:07:19.284+0000] {logging_mixin.py:190} INFO - [2025-03-09T16:07:19.284+0000] {dag.py:3239} INFO - Sync 1 DAGs
[2025-03-09T16:07:19.302+0000] {logging_mixin.py:190} INFO - [2025-03-09T16:07:19.302+0000] {dag.py:4180} INFO - Setting next_dagrun for example_branch_python_operator_decorator to 2025-03-08 00:00:00+00:00, run_after=2025-03-09 00:00:00+00:00
[2025-03-09T16:07:19.316+0000] {processor.py:208} INFO - Processing /home/airflow/.local/lib/python3.12/site-packages/airflow/example_dags/example_branch_operator_decorator.py took 0.076 seconds
[2025-03-09T16:07:49.773+0000] {processor.py:186} INFO - Started process (PID=14125) to work on /home/airflow/.local/lib/python3.12/site-packages/airflow/example_dags/example_branch_operator_decorator.py
[2025-03-09T16:07:49.774+0000] {processor.py:914} INFO - Processing file /home/airflow/.local/lib/python3.12/site-packages/airflow/example_dags/example_branch_operator_decorator.py for tasks to queue
[2025-03-09T16:07:49.776+0000] {logging_mixin.py:190} INFO - [2025-03-09T16:07:49.776+0000] {dagbag.py:588} INFO - Filling up the DagBag from /home/airflow/.local/lib/python3.12/site-packages/airflow/example_dags/example_branch_operator_decorator.py
[2025-03-09T16:07:49.791+0000] {processor.py:925} INFO - DAG(s) 'example_branch_python_operator_decorator' retrieved from /home/airflow/.local/lib/python3.12/site-packages/airflow/example_dags/example_branch_operator_decorator.py
[2025-03-09T16:07:49.811+0000] {logging_mixin.py:190} INFO - [2025-03-09T16:07:49.811+0000] {dag.py:3239} INFO - Sync 1 DAGs
[2025-03-09T16:07:49.831+0000] {logging_mixin.py:190} INFO - [2025-03-09T16:07:49.830+0000] {dag.py:4180} INFO - Setting next_dagrun for example_branch_python_operator_decorator to 2025-03-08 00:00:00+00:00, run_after=2025-03-09 00:00:00+00:00
[2025-03-09T16:07:49.846+0000] {processor.py:208} INFO - Processing /home/airflow/.local/lib/python3.12/site-packages/airflow/example_dags/example_branch_operator_decorator.py took 0.078 seconds
[2025-03-09T16:08:20.782+0000] {processor.py:186} INFO - Started process (PID=14451) to work on /home/airflow/.local/lib/python3.12/site-packages/airflow/example_dags/example_branch_operator_decorator.py
[2025-03-09T16:08:20.783+0000] {processor.py:914} INFO - Processing file /home/airflow/.local/lib/python3.12/site-packages/airflow/example_dags/example_branch_operator_decorator.py for tasks to queue
[2025-03-09T16:08:20.784+0000] {logging_mixin.py:190} INFO - [2025-03-09T16:08:20.784+0000] {dagbag.py:588} INFO - Filling up the DagBag from /home/airflow/.local/lib/python3.12/site-packages/airflow/example_dags/example_branch_operator_decorator.py
[2025-03-09T16:08:20.795+0000] {processor.py:925} INFO - DAG(s) 'example_branch_python_operator_decorator' retrieved from /home/airflow/.local/lib/python3.12/site-packages/airflow/example_dags/example_branch_operator_decorator.py
[2025-03-09T16:08:20.817+0000] {logging_mixin.py:190} INFO - [2025-03-09T16:08:20.817+0000] {dag.py:3239} INFO - Sync 1 DAGs
[2025-03-09T16:08:20.834+0000] {logging_mixin.py:190} INFO - [2025-03-09T16:08:20.833+0000] {dag.py:4180} INFO - Setting next_dagrun for example_branch_python_operator_decorator to 2025-03-08 00:00:00+00:00, run_after=2025-03-09 00:00:00+00:00
[2025-03-09T16:08:20.846+0000] {processor.py:208} INFO - Processing /home/airflow/.local/lib/python3.12/site-packages/airflow/example_dags/example_branch_operator_decorator.py took 0.068 seconds
[2025-03-09T16:08:52.135+0000] {processor.py:186} INFO - Started process (PID=14784) to work on /home/airflow/.local/lib/python3.12/site-packages/airflow/example_dags/example_branch_operator_decorator.py
[2025-03-09T16:08:52.136+0000] {processor.py:914} INFO - Processing file /home/airflow/.local/lib/python3.12/site-packages/airflow/example_dags/example_branch_operator_decorator.py for tasks to queue
[2025-03-09T16:08:52.137+0000] {logging_mixin.py:190} INFO - [2025-03-09T16:08:52.137+0000] {dagbag.py:588} INFO - Filling up the DagBag from /home/airflow/.local/lib/python3.12/site-packages/airflow/example_dags/example_branch_operator_decorator.py
[2025-03-09T16:08:52.149+0000] {processor.py:925} INFO - DAG(s) 'example_branch_python_operator_decorator' retrieved from /home/airflow/.local/lib/python3.12/site-packages/airflow/example_dags/example_branch_operator_decorator.py
[2025-03-09T16:08:52.165+0000] {logging_mixin.py:190} INFO - [2025-03-09T16:08:52.165+0000] {dag.py:3239} INFO - Sync 1 DAGs
[2025-03-09T16:08:52.180+0000] {logging_mixin.py:190} INFO - [2025-03-09T16:08:52.179+0000] {dag.py:4180} INFO - Setting next_dagrun for example_branch_python_operator_decorator to 2025-03-08 00:00:00+00:00, run_after=2025-03-09 00:00:00+00:00
[2025-03-09T16:08:52.192+0000] {processor.py:208} INFO - Processing /home/airflow/.local/lib/python3.12/site-packages/airflow/example_dags/example_branch_operator_decorator.py took 0.060 seconds
[2025-03-09T16:09:22.970+0000] {processor.py:186} INFO - Started process (PID=15108) to work on /home/airflow/.local/lib/python3.12/site-packages/airflow/example_dags/example_branch_operator_decorator.py
[2025-03-09T16:09:22.970+0000] {processor.py:914} INFO - Processing file /home/airflow/.local/lib/python3.12/site-packages/airflow/example_dags/example_branch_operator_decorator.py for tasks to queue
[2025-03-09T16:09:22.972+0000] {logging_mixin.py:190} INFO - [2025-03-09T16:09:22.971+0000] {dagbag.py:588} INFO - Filling up the DagBag from /home/airflow/.local/lib/python3.12/site-packages/airflow/example_dags/example_branch_operator_decorator.py
[2025-03-09T16:09:22.984+0000] {processor.py:925} INFO - DAG(s) 'example_branch_python_operator_decorator' retrieved from /home/airflow/.local/lib/python3.12/site-packages/airflow/example_dags/example_branch_operator_decorator.py
[2025-03-09T16:09:23.001+0000] {logging_mixin.py:190} INFO - [2025-03-09T16:09:23.001+0000] {dag.py:3239} INFO - Sync 1 DAGs
[2025-03-09T16:09:23.016+0000] {logging_mixin.py:190} INFO - [2025-03-09T16:09:23.016+0000] {dag.py:4180} INFO - Setting next_dagrun for example_branch_python_operator_decorator to 2025-03-08 00:00:00+00:00, run_after=2025-03-09 00:00:00+00:00
[2025-03-09T16:09:23.030+0000] {processor.py:208} INFO - Processing /home/airflow/.local/lib/python3.12/site-packages/airflow/example_dags/example_branch_operator_decorator.py took 0.064 seconds
[2025-03-09T16:09:53.853+0000] {processor.py:186} INFO - Started process (PID=15434) to work on /home/airflow/.local/lib/python3.12/site-packages/airflow/example_dags/example_branch_operator_decorator.py
[2025-03-09T16:09:53.854+0000] {processor.py:914} INFO - Processing file /home/airflow/.local/lib/python3.12/site-packages/airflow/example_dags/example_branch_operator_decorator.py for tasks to queue
[2025-03-09T16:09:53.855+0000] {logging_mixin.py:190} INFO - [2025-03-09T16:09:53.854+0000] {dagbag.py:588} INFO - Filling up the DagBag from /home/airflow/.local/lib/python3.12/site-packages/airflow/example_dags/example_branch_operator_decorator.py
[2025-03-09T16:09:53.867+0000] {processor.py:925} INFO - DAG(s) 'example_branch_python_operator_decorator' retrieved from /home/airflow/.local/lib/python3.12/site-packages/airflow/example_dags/example_branch_operator_decorator.py
[2025-03-09T16:09:53.884+0000] {logging_mixin.py:190} INFO - [2025-03-09T16:09:53.884+0000] {dag.py:3239} INFO - Sync 1 DAGs
[2025-03-09T16:09:53.898+0000] {logging_mixin.py:190} INFO - [2025-03-09T16:09:53.898+0000] {dag.py:4180} INFO - Setting next_dagrun for example_branch_python_operator_decorator to 2025-03-08 00:00:00+00:00, run_after=2025-03-09 00:00:00+00:00
[2025-03-09T16:09:53.910+0000] {processor.py:208} INFO - Processing /home/airflow/.local/lib/python3.12/site-packages/airflow/example_dags/example_branch_operator_decorator.py took 0.061 seconds
[2025-03-09T16:10:24.377+0000] {processor.py:186} INFO - Started process (PID=15760) to work on /home/airflow/.local/lib/python3.12/site-packages/airflow/example_dags/example_branch_operator_decorator.py
[2025-03-09T16:10:24.377+0000] {processor.py:914} INFO - Processing file /home/airflow/.local/lib/python3.12/site-packages/airflow/example_dags/example_branch_operator_decorator.py for tasks to queue
[2025-03-09T16:10:24.379+0000] {logging_mixin.py:190} INFO - [2025-03-09T16:10:24.378+0000] {dagbag.py:588} INFO - Filling up the DagBag from /home/airflow/.local/lib/python3.12/site-packages/airflow/example_dags/example_branch_operator_decorator.py
[2025-03-09T16:10:24.391+0000] {processor.py:925} INFO - DAG(s) 'example_branch_python_operator_decorator' retrieved from /home/airflow/.local/lib/python3.12/site-packages/airflow/example_dags/example_branch_operator_decorator.py
[2025-03-09T16:10:24.411+0000] {logging_mixin.py:190} INFO - [2025-03-09T16:10:24.410+0000] {dag.py:3239} INFO - Sync 1 DAGs
[2025-03-09T16:10:24.426+0000] {logging_mixin.py:190} INFO - [2025-03-09T16:10:24.426+0000] {dag.py:4180} INFO - Setting next_dagrun for example_branch_python_operator_decorator to 2025-03-08 00:00:00+00:00, run_after=2025-03-09 00:00:00+00:00
[2025-03-09T16:10:24.439+0000] {processor.py:208} INFO - Processing /home/airflow/.local/lib/python3.12/site-packages/airflow/example_dags/example_branch_operator_decorator.py took 0.065 seconds
[2025-03-09T16:10:54.650+0000] {processor.py:186} INFO - Started process (PID=16086) to work on /home/airflow/.local/lib/python3.12/site-packages/airflow/example_dags/example_branch_operator_decorator.py
[2025-03-09T16:10:54.650+0000] {processor.py:914} INFO - Processing file /home/airflow/.local/lib/python3.12/site-packages/airflow/example_dags/example_branch_operator_decorator.py for tasks to queue
[2025-03-09T16:10:54.653+0000] {logging_mixin.py:190} INFO - [2025-03-09T16:10:54.652+0000] {dagbag.py:588} INFO - Filling up the DagBag from /home/airflow/.local/lib/python3.12/site-packages/airflow/example_dags/example_branch_operator_decorator.py
[2025-03-09T16:10:54.666+0000] {processor.py:925} INFO - DAG(s) 'example_branch_python_operator_decorator' retrieved from /home/airflow/.local/lib/python3.12/site-packages/airflow/example_dags/example_branch_operator_decorator.py
[2025-03-09T16:10:54.686+0000] {logging_mixin.py:190} INFO - [2025-03-09T16:10:54.685+0000] {dag.py:3239} INFO - Sync 1 DAGs
[2025-03-09T16:10:54.700+0000] {logging_mixin.py:190} INFO - [2025-03-09T16:10:54.700+0000] {dag.py:4180} INFO - Setting next_dagrun for example_branch_python_operator_decorator to 2025-03-08 00:00:00+00:00, run_after=2025-03-09 00:00:00+00:00
[2025-03-09T16:10:54.716+0000] {processor.py:208} INFO - Processing /home/airflow/.local/lib/python3.12/site-packages/airflow/example_dags/example_branch_operator_decorator.py took 0.070 seconds
[2025-03-09T16:11:24.763+0000] {processor.py:186} INFO - Started process (PID=16409) to work on /home/airflow/.local/lib/python3.12/site-packages/airflow/example_dags/example_branch_operator_decorator.py
[2025-03-09T16:11:24.764+0000] {processor.py:914} INFO - Processing file /home/airflow/.local/lib/python3.12/site-packages/airflow/example_dags/example_branch_operator_decorator.py for tasks to queue
[2025-03-09T16:11:24.765+0000] {logging_mixin.py:190} INFO - [2025-03-09T16:11:24.765+0000] {dagbag.py:588} INFO - Filling up the DagBag from /home/airflow/.local/lib/python3.12/site-packages/airflow/example_dags/example_branch_operator_decorator.py
[2025-03-09T16:11:24.780+0000] {processor.py:925} INFO - DAG(s) 'example_branch_python_operator_decorator' retrieved from /home/airflow/.local/lib/python3.12/site-packages/airflow/example_dags/example_branch_operator_decorator.py
[2025-03-09T16:11:24.801+0000] {logging_mixin.py:190} INFO - [2025-03-09T16:11:24.801+0000] {dag.py:3239} INFO - Sync 1 DAGs
[2025-03-09T16:11:24.818+0000] {logging_mixin.py:190} INFO - [2025-03-09T16:11:24.817+0000] {dag.py:4180} INFO - Setting next_dagrun for example_branch_python_operator_decorator to 2025-03-08 00:00:00+00:00, run_after=2025-03-09 00:00:00+00:00
[2025-03-09T16:11:24.833+0000] {processor.py:208} INFO - Processing /home/airflow/.local/lib/python3.12/site-packages/airflow/example_dags/example_branch_operator_decorator.py took 0.073 seconds
[2025-03-09T16:11:55.067+0000] {processor.py:186} INFO - Started process (PID=16733) to work on /home/airflow/.local/lib/python3.12/site-packages/airflow/example_dags/example_branch_operator_decorator.py
[2025-03-09T16:11:55.068+0000] {processor.py:914} INFO - Processing file /home/airflow/.local/lib/python3.12/site-packages/airflow/example_dags/example_branch_operator_decorator.py for tasks to queue
[2025-03-09T16:11:55.069+0000] {logging_mixin.py:190} INFO - [2025-03-09T16:11:55.069+0000] {dagbag.py:588} INFO - Filling up the DagBag from /home/airflow/.local/lib/python3.12/site-packages/airflow/example_dags/example_branch_operator_decorator.py
[2025-03-09T16:11:55.082+0000] {processor.py:925} INFO - DAG(s) 'example_branch_python_operator_decorator' retrieved from /home/airflow/.local/lib/python3.12/site-packages/airflow/example_dags/example_branch_operator_decorator.py
[2025-03-09T16:11:55.099+0000] {logging_mixin.py:190} INFO - [2025-03-09T16:11:55.099+0000] {dag.py:3239} INFO - Sync 1 DAGs
[2025-03-09T16:11:55.114+0000] {logging_mixin.py:190} INFO - [2025-03-09T16:11:55.114+0000] {dag.py:4180} INFO - Setting next_dagrun for example_branch_python_operator_decorator to 2025-03-08 00:00:00+00:00, run_after=2025-03-09 00:00:00+00:00
[2025-03-09T16:11:55.126+0000] {processor.py:208} INFO - Processing /home/airflow/.local/lib/python3.12/site-packages/airflow/example_dags/example_branch_operator_decorator.py took 0.062 seconds
[2025-03-09T16:12:26.251+0000] {processor.py:186} INFO - Started process (PID=17061) to work on /home/airflow/.local/lib/python3.12/site-packages/airflow/example_dags/example_branch_operator_decorator.py
[2025-03-09T16:12:26.251+0000] {processor.py:914} INFO - Processing file /home/airflow/.local/lib/python3.12/site-packages/airflow/example_dags/example_branch_operator_decorator.py for tasks to queue
[2025-03-09T16:12:26.252+0000] {logging_mixin.py:190} INFO - [2025-03-09T16:12:26.252+0000] {dagbag.py:588} INFO - Filling up the DagBag from /home/airflow/.local/lib/python3.12/site-packages/airflow/example_dags/example_branch_operator_decorator.py
[2025-03-09T16:12:26.265+0000] {processor.py:925} INFO - DAG(s) 'example_branch_python_operator_decorator' retrieved from /home/airflow/.local/lib/python3.12/site-packages/airflow/example_dags/example_branch_operator_decorator.py
[2025-03-09T16:12:26.281+0000] {logging_mixin.py:190} INFO - [2025-03-09T16:12:26.281+0000] {dag.py:3239} INFO - Sync 1 DAGs
[2025-03-09T16:12:26.295+0000] {logging_mixin.py:190} INFO - [2025-03-09T16:12:26.295+0000] {dag.py:4180} INFO - Setting next_dagrun for example_branch_python_operator_decorator to 2025-03-08 00:00:00+00:00, run_after=2025-03-09 00:00:00+00:00
[2025-03-09T16:12:26.308+0000] {processor.py:208} INFO - Processing /home/airflow/.local/lib/python3.12/site-packages/airflow/example_dags/example_branch_operator_decorator.py took 0.061 seconds
[2025-03-09T16:12:56.426+0000] {processor.py:186} INFO - Started process (PID=17385) to work on /home/airflow/.local/lib/python3.12/site-packages/airflow/example_dags/example_branch_operator_decorator.py
[2025-03-09T16:12:56.427+0000] {processor.py:914} INFO - Processing file /home/airflow/.local/lib/python3.12/site-packages/airflow/example_dags/example_branch_operator_decorator.py for tasks to queue
[2025-03-09T16:12:56.428+0000] {logging_mixin.py:190} INFO - [2025-03-09T16:12:56.428+0000] {dagbag.py:588} INFO - Filling up the DagBag from /home/airflow/.local/lib/python3.12/site-packages/airflow/example_dags/example_branch_operator_decorator.py
[2025-03-09T16:12:56.441+0000] {processor.py:925} INFO - DAG(s) 'example_branch_python_operator_decorator' retrieved from /home/airflow/.local/lib/python3.12/site-packages/airflow/example_dags/example_branch_operator_decorator.py
[2025-03-09T16:12:56.461+0000] {logging_mixin.py:190} INFO - [2025-03-09T16:12:56.461+0000] {dag.py:3239} INFO - Sync 1 DAGs
[2025-03-09T16:12:56.476+0000] {logging_mixin.py:190} INFO - [2025-03-09T16:12:56.476+0000] {dag.py:4180} INFO - Setting next_dagrun for example_branch_python_operator_decorator to 2025-03-08 00:00:00+00:00, run_after=2025-03-09 00:00:00+00:00
[2025-03-09T16:12:56.490+0000] {processor.py:208} INFO - Processing /home/airflow/.local/lib/python3.12/site-packages/airflow/example_dags/example_branch_operator_decorator.py took 0.067 seconds
[2025-03-09T16:13:27.422+0000] {processor.py:186} INFO - Started process (PID=17713) to work on /home/airflow/.local/lib/python3.12/site-packages/airflow/example_dags/example_branch_operator_decorator.py
[2025-03-09T16:13:27.423+0000] {processor.py:914} INFO - Processing file /home/airflow/.local/lib/python3.12/site-packages/airflow/example_dags/example_branch_operator_decorator.py for tasks to queue
[2025-03-09T16:13:27.424+0000] {logging_mixin.py:190} INFO - [2025-03-09T16:13:27.424+0000] {dagbag.py:588} INFO - Filling up the DagBag from /home/airflow/.local/lib/python3.12/site-packages/airflow/example_dags/example_branch_operator_decorator.py
[2025-03-09T16:13:27.437+0000] {processor.py:925} INFO - DAG(s) 'example_branch_python_operator_decorator' retrieved from /home/airflow/.local/lib/python3.12/site-packages/airflow/example_dags/example_branch_operator_decorator.py
[2025-03-09T16:13:27.463+0000] {logging_mixin.py:190} INFO - [2025-03-09T16:13:27.463+0000] {dag.py:3239} INFO - Sync 1 DAGs
[2025-03-09T16:13:27.478+0000] {logging_mixin.py:190} INFO - [2025-03-09T16:13:27.478+0000] {dag.py:4180} INFO - Setting next_dagrun for example_branch_python_operator_decorator to 2025-03-08 00:00:00+00:00, run_after=2025-03-09 00:00:00+00:00
[2025-03-09T16:13:27.489+0000] {processor.py:208} INFO - Processing /home/airflow/.local/lib/python3.12/site-packages/airflow/example_dags/example_branch_operator_decorator.py took 0.072 seconds
[2025-03-09T16:13:58.417+0000] {processor.py:186} INFO - Started process (PID=18037) to work on /home/airflow/.local/lib/python3.12/site-packages/airflow/example_dags/example_branch_operator_decorator.py
[2025-03-09T16:13:58.418+0000] {processor.py:914} INFO - Processing file /home/airflow/.local/lib/python3.12/site-packages/airflow/example_dags/example_branch_operator_decorator.py for tasks to queue
[2025-03-09T16:13:58.419+0000] {logging_mixin.py:190} INFO - [2025-03-09T16:13:58.419+0000] {dagbag.py:588} INFO - Filling up the DagBag from /home/airflow/.local/lib/python3.12/site-packages/airflow/example_dags/example_branch_operator_decorator.py
[2025-03-09T16:13:58.434+0000] {processor.py:925} INFO - DAG(s) 'example_branch_python_operator_decorator' retrieved from /home/airflow/.local/lib/python3.12/site-packages/airflow/example_dags/example_branch_operator_decorator.py
[2025-03-09T16:13:58.453+0000] {logging_mixin.py:190} INFO - [2025-03-09T16:13:58.453+0000] {dag.py:3239} INFO - Sync 1 DAGs
[2025-03-09T16:13:58.468+0000] {logging_mixin.py:190} INFO - [2025-03-09T16:13:58.468+0000] {dag.py:4180} INFO - Setting next_dagrun for example_branch_python_operator_decorator to 2025-03-08 00:00:00+00:00, run_after=2025-03-09 00:00:00+00:00
[2025-03-09T16:13:58.482+0000] {processor.py:208} INFO - Processing /home/airflow/.local/lib/python3.12/site-packages/airflow/example_dags/example_branch_operator_decorator.py took 0.069 seconds
[2025-03-09T16:14:29.049+0000] {processor.py:186} INFO - Started process (PID=18363) to work on /home/airflow/.local/lib/python3.12/site-packages/airflow/example_dags/example_branch_operator_decorator.py
[2025-03-09T16:14:29.049+0000] {processor.py:914} INFO - Processing file /home/airflow/.local/lib/python3.12/site-packages/airflow/example_dags/example_branch_operator_decorator.py for tasks to queue
[2025-03-09T16:14:29.051+0000] {logging_mixin.py:190} INFO - [2025-03-09T16:14:29.051+0000] {dagbag.py:588} INFO - Filling up the DagBag from /home/airflow/.local/lib/python3.12/site-packages/airflow/example_dags/example_branch_operator_decorator.py
[2025-03-09T16:14:29.064+0000] {processor.py:925} INFO - DAG(s) 'example_branch_python_operator_decorator' retrieved from /home/airflow/.local/lib/python3.12/site-packages/airflow/example_dags/example_branch_operator_decorator.py
[2025-03-09T16:14:29.083+0000] {logging_mixin.py:190} INFO - [2025-03-09T16:14:29.083+0000] {dag.py:3239} INFO - Sync 1 DAGs
[2025-03-09T16:14:29.099+0000] {logging_mixin.py:190} INFO - [2025-03-09T16:14:29.099+0000] {dag.py:4180} INFO - Setting next_dagrun for example_branch_python_operator_decorator to 2025-03-08 00:00:00+00:00, run_after=2025-03-09 00:00:00+00:00
[2025-03-09T16:14:29.111+0000] {processor.py:208} INFO - Processing /home/airflow/.local/lib/python3.12/site-packages/airflow/example_dags/example_branch_operator_decorator.py took 0.066 seconds
[2025-03-09T16:14:59.943+0000] {processor.py:186} INFO - Started process (PID=18689) to work on /home/airflow/.local/lib/python3.12/site-packages/airflow/example_dags/example_branch_operator_decorator.py
[2025-03-09T16:14:59.944+0000] {processor.py:914} INFO - Processing file /home/airflow/.local/lib/python3.12/site-packages/airflow/example_dags/example_branch_operator_decorator.py for tasks to queue
[2025-03-09T16:14:59.945+0000] {logging_mixin.py:190} INFO - [2025-03-09T16:14:59.945+0000] {dagbag.py:588} INFO - Filling up the DagBag from /home/airflow/.local/lib/python3.12/site-packages/airflow/example_dags/example_branch_operator_decorator.py
[2025-03-09T16:14:59.958+0000] {processor.py:925} INFO - DAG(s) 'example_branch_python_operator_decorator' retrieved from /home/airflow/.local/lib/python3.12/site-packages/airflow/example_dags/example_branch_operator_decorator.py
[2025-03-09T16:14:59.977+0000] {logging_mixin.py:190} INFO - [2025-03-09T16:14:59.976+0000] {dag.py:3239} INFO - Sync 1 DAGs
[2025-03-09T16:14:59.995+0000] {logging_mixin.py:190} INFO - [2025-03-09T16:14:59.994+0000] {dag.py:4180} INFO - Setting next_dagrun for example_branch_python_operator_decorator to 2025-03-08 00:00:00+00:00, run_after=2025-03-09 00:00:00+00:00
[2025-03-09T16:15:00.010+0000] {processor.py:208} INFO - Processing /home/airflow/.local/lib/python3.12/site-packages/airflow/example_dags/example_branch_operator_decorator.py took 0.070 seconds
[2025-03-09T16:15:30.761+0000] {processor.py:186} INFO - Started process (PID=19015) to work on /home/airflow/.local/lib/python3.12/site-packages/airflow/example_dags/example_branch_operator_decorator.py
[2025-03-09T16:15:30.762+0000] {processor.py:914} INFO - Processing file /home/airflow/.local/lib/python3.12/site-packages/airflow/example_dags/example_branch_operator_decorator.py for tasks to queue
[2025-03-09T16:15:30.763+0000] {logging_mixin.py:190} INFO - [2025-03-09T16:15:30.763+0000] {dagbag.py:588} INFO - Filling up the DagBag from /home/airflow/.local/lib/python3.12/site-packages/airflow/example_dags/example_branch_operator_decorator.py
[2025-03-09T16:15:30.777+0000] {processor.py:925} INFO - DAG(s) 'example_branch_python_operator_decorator' retrieved from /home/airflow/.local/lib/python3.12/site-packages/airflow/example_dags/example_branch_operator_decorator.py
[2025-03-09T16:15:30.796+0000] {logging_mixin.py:190} INFO - [2025-03-09T16:15:30.796+0000] {dag.py:3239} INFO - Sync 1 DAGs
[2025-03-09T16:15:30.813+0000] {logging_mixin.py:190} INFO - [2025-03-09T16:15:30.813+0000] {dag.py:4180} INFO - Setting next_dagrun for example_branch_python_operator_decorator to 2025-03-08 00:00:00+00:00, run_after=2025-03-09 00:00:00+00:00
[2025-03-09T16:15:30.831+0000] {processor.py:208} INFO - Processing /home/airflow/.local/lib/python3.12/site-packages/airflow/example_dags/example_branch_operator_decorator.py took 0.075 seconds
[2025-03-09T16:16:01.808+0000] {processor.py:186} INFO - Started process (PID=19341) to work on /home/airflow/.local/lib/python3.12/site-packages/airflow/example_dags/example_branch_operator_decorator.py
[2025-03-09T16:16:01.809+0000] {processor.py:914} INFO - Processing file /home/airflow/.local/lib/python3.12/site-packages/airflow/example_dags/example_branch_operator_decorator.py for tasks to queue
[2025-03-09T16:16:01.810+0000] {logging_mixin.py:190} INFO - [2025-03-09T16:16:01.809+0000] {dagbag.py:588} INFO - Filling up the DagBag from /home/airflow/.local/lib/python3.12/site-packages/airflow/example_dags/example_branch_operator_decorator.py
[2025-03-09T16:16:01.824+0000] {processor.py:925} INFO - DAG(s) 'example_branch_python_operator_decorator' retrieved from /home/airflow/.local/lib/python3.12/site-packages/airflow/example_dags/example_branch_operator_decorator.py
[2025-03-09T16:16:01.846+0000] {logging_mixin.py:190} INFO - [2025-03-09T16:16:01.845+0000] {dag.py:3239} INFO - Sync 1 DAGs
[2025-03-09T16:16:01.863+0000] {logging_mixin.py:190} INFO - [2025-03-09T16:16:01.863+0000] {dag.py:4180} INFO - Setting next_dagrun for example_branch_python_operator_decorator to 2025-03-08 00:00:00+00:00, run_after=2025-03-09 00:00:00+00:00
[2025-03-09T16:16:01.875+0000] {processor.py:208} INFO - Processing /home/airflow/.local/lib/python3.12/site-packages/airflow/example_dags/example_branch_operator_decorator.py took 0.070 seconds
[2025-03-09T16:16:33.160+0000] {processor.py:186} INFO - Started process (PID=19667) to work on /home/airflow/.local/lib/python3.12/site-packages/airflow/example_dags/example_branch_operator_decorator.py
[2025-03-09T16:16:33.160+0000] {processor.py:914} INFO - Processing file /home/airflow/.local/lib/python3.12/site-packages/airflow/example_dags/example_branch_operator_decorator.py for tasks to queue
[2025-03-09T16:16:33.161+0000] {logging_mixin.py:190} INFO - [2025-03-09T16:16:33.161+0000] {dagbag.py:588} INFO - Filling up the DagBag from /home/airflow/.local/lib/python3.12/site-packages/airflow/example_dags/example_branch_operator_decorator.py
[2025-03-09T16:16:33.174+0000] {processor.py:925} INFO - DAG(s) 'example_branch_python_operator_decorator' retrieved from /home/airflow/.local/lib/python3.12/site-packages/airflow/example_dags/example_branch_operator_decorator.py
[2025-03-09T16:16:33.196+0000] {logging_mixin.py:190} INFO - [2025-03-09T16:16:33.195+0000] {dag.py:3239} INFO - Sync 1 DAGs
[2025-03-09T16:16:33.210+0000] {logging_mixin.py:190} INFO - [2025-03-09T16:16:33.210+0000] {dag.py:4180} INFO - Setting next_dagrun for example_branch_python_operator_decorator to 2025-03-08 00:00:00+00:00, run_after=2025-03-09 00:00:00+00:00
[2025-03-09T16:16:33.223+0000] {processor.py:208} INFO - Processing /home/airflow/.local/lib/python3.12/site-packages/airflow/example_dags/example_branch_operator_decorator.py took 0.066 seconds
[2025-03-09T16:17:04.407+0000] {processor.py:186} INFO - Started process (PID=19993) to work on /home/airflow/.local/lib/python3.12/site-packages/airflow/example_dags/example_branch_operator_decorator.py
[2025-03-09T16:17:04.409+0000] {processor.py:914} INFO - Processing file /home/airflow/.local/lib/python3.12/site-packages/airflow/example_dags/example_branch_operator_decorator.py for tasks to queue
[2025-03-09T16:17:04.410+0000] {logging_mixin.py:190} INFO - [2025-03-09T16:17:04.410+0000] {dagbag.py:588} INFO - Filling up the DagBag from /home/airflow/.local/lib/python3.12/site-packages/airflow/example_dags/example_branch_operator_decorator.py
[2025-03-09T16:17:04.422+0000] {processor.py:925} INFO - DAG(s) 'example_branch_python_operator_decorator' retrieved from /home/airflow/.local/lib/python3.12/site-packages/airflow/example_dags/example_branch_operator_decorator.py
[2025-03-09T16:17:04.443+0000] {logging_mixin.py:190} INFO - [2025-03-09T16:17:04.443+0000] {dag.py:3239} INFO - Sync 1 DAGs
[2025-03-09T16:17:04.464+0000] {logging_mixin.py:190} INFO - [2025-03-09T16:17:04.464+0000] {dag.py:4180} INFO - Setting next_dagrun for example_branch_python_operator_decorator to 2025-03-08 00:00:00+00:00, run_after=2025-03-09 00:00:00+00:00
[2025-03-09T16:17:04.481+0000] {processor.py:208} INFO - Processing /home/airflow/.local/lib/python3.12/site-packages/airflow/example_dags/example_branch_operator_decorator.py took 0.081 seconds
[2025-03-09T16:17:35.487+0000] {processor.py:186} INFO - Started process (PID=20321) to work on /home/airflow/.local/lib/python3.12/site-packages/airflow/example_dags/example_branch_operator_decorator.py
[2025-03-09T16:17:35.487+0000] {processor.py:914} INFO - Processing file /home/airflow/.local/lib/python3.12/site-packages/airflow/example_dags/example_branch_operator_decorator.py for tasks to queue
[2025-03-09T16:17:35.489+0000] {logging_mixin.py:190} INFO - [2025-03-09T16:17:35.488+0000] {dagbag.py:588} INFO - Filling up the DagBag from /home/airflow/.local/lib/python3.12/site-packages/airflow/example_dags/example_branch_operator_decorator.py
[2025-03-09T16:17:35.502+0000] {processor.py:925} INFO - DAG(s) 'example_branch_python_operator_decorator' retrieved from /home/airflow/.local/lib/python3.12/site-packages/airflow/example_dags/example_branch_operator_decorator.py
[2025-03-09T16:17:35.519+0000] {logging_mixin.py:190} INFO - [2025-03-09T16:17:35.519+0000] {dag.py:3239} INFO - Sync 1 DAGs
[2025-03-09T16:17:35.533+0000] {logging_mixin.py:190} INFO - [2025-03-09T16:17:35.533+0000] {dag.py:4180} INFO - Setting next_dagrun for example_branch_python_operator_decorator to 2025-03-08 00:00:00+00:00, run_after=2025-03-09 00:00:00+00:00
[2025-03-09T16:17:35.545+0000] {processor.py:208} INFO - Processing /home/airflow/.local/lib/python3.12/site-packages/airflow/example_dags/example_branch_operator_decorator.py took 0.062 seconds
[2025-03-09T16:18:06.535+0000] {processor.py:186} INFO - Started process (PID=20647) to work on /home/airflow/.local/lib/python3.12/site-packages/airflow/example_dags/example_branch_operator_decorator.py
[2025-03-09T16:18:06.536+0000] {processor.py:914} INFO - Processing file /home/airflow/.local/lib/python3.12/site-packages/airflow/example_dags/example_branch_operator_decorator.py for tasks to queue
[2025-03-09T16:18:06.538+0000] {logging_mixin.py:190} INFO - [2025-03-09T16:18:06.538+0000] {dagbag.py:588} INFO - Filling up the DagBag from /home/airflow/.local/lib/python3.12/site-packages/airflow/example_dags/example_branch_operator_decorator.py
[2025-03-09T16:18:06.553+0000] {processor.py:925} INFO - DAG(s) 'example_branch_python_operator_decorator' retrieved from /home/airflow/.local/lib/python3.12/site-packages/airflow/example_dags/example_branch_operator_decorator.py
[2025-03-09T16:18:06.569+0000] {logging_mixin.py:190} INFO - [2025-03-09T16:18:06.569+0000] {dag.py:3239} INFO - Sync 1 DAGs
[2025-03-09T16:18:06.584+0000] {logging_mixin.py:190} INFO - [2025-03-09T16:18:06.584+0000] {dag.py:4180} INFO - Setting next_dagrun for example_branch_python_operator_decorator to 2025-03-08 00:00:00+00:00, run_after=2025-03-09 00:00:00+00:00
[2025-03-09T16:18:06.714+0000] {processor.py:208} INFO - Processing /home/airflow/.local/lib/python3.12/site-packages/airflow/example_dags/example_branch_operator_decorator.py took 0.184 seconds
[2025-03-09T16:18:36.861+0000] {processor.py:186} INFO - Started process (PID=20971) to work on /home/airflow/.local/lib/python3.12/site-packages/airflow/example_dags/example_branch_operator_decorator.py
[2025-03-09T16:18:36.861+0000] {processor.py:914} INFO - Processing file /home/airflow/.local/lib/python3.12/site-packages/airflow/example_dags/example_branch_operator_decorator.py for tasks to queue
[2025-03-09T16:18:36.863+0000] {logging_mixin.py:190} INFO - [2025-03-09T16:18:36.863+0000] {dagbag.py:588} INFO - Filling up the DagBag from /home/airflow/.local/lib/python3.12/site-packages/airflow/example_dags/example_branch_operator_decorator.py
[2025-03-09T16:18:36.876+0000] {processor.py:925} INFO - DAG(s) 'example_branch_python_operator_decorator' retrieved from /home/airflow/.local/lib/python3.12/site-packages/airflow/example_dags/example_branch_operator_decorator.py
[2025-03-09T16:18:36.894+0000] {logging_mixin.py:190} INFO - [2025-03-09T16:18:36.893+0000] {dag.py:3239} INFO - Sync 1 DAGs
[2025-03-09T16:18:36.911+0000] {logging_mixin.py:190} INFO - [2025-03-09T16:18:36.911+0000] {dag.py:4180} INFO - Setting next_dagrun for example_branch_python_operator_decorator to 2025-03-08 00:00:00+00:00, run_after=2025-03-09 00:00:00+00:00
[2025-03-09T16:18:36.926+0000] {processor.py:208} INFO - Processing /home/airflow/.local/lib/python3.12/site-packages/airflow/example_dags/example_branch_operator_decorator.py took 0.073 seconds
[2025-03-09T16:19:08.045+0000] {processor.py:186} INFO - Started process (PID=21299) to work on /home/airflow/.local/lib/python3.12/site-packages/airflow/example_dags/example_branch_operator_decorator.py
[2025-03-09T16:19:08.046+0000] {processor.py:914} INFO - Processing file /home/airflow/.local/lib/python3.12/site-packages/airflow/example_dags/example_branch_operator_decorator.py for tasks to queue
[2025-03-09T16:19:08.049+0000] {logging_mixin.py:190} INFO - [2025-03-09T16:19:08.049+0000] {dagbag.py:588} INFO - Filling up the DagBag from /home/airflow/.local/lib/python3.12/site-packages/airflow/example_dags/example_branch_operator_decorator.py
[2025-03-09T16:19:08.064+0000] {processor.py:925} INFO - DAG(s) 'example_branch_python_operator_decorator' retrieved from /home/airflow/.local/lib/python3.12/site-packages/airflow/example_dags/example_branch_operator_decorator.py
[2025-03-09T16:19:08.096+0000] {logging_mixin.py:190} INFO - [2025-03-09T16:19:08.095+0000] {dag.py:3239} INFO - Sync 1 DAGs
[2025-03-09T16:19:08.111+0000] {logging_mixin.py:190} INFO - [2025-03-09T16:19:08.111+0000] {dag.py:4180} INFO - Setting next_dagrun for example_branch_python_operator_decorator to 2025-03-08 00:00:00+00:00, run_after=2025-03-09 00:00:00+00:00
[2025-03-09T16:19:08.124+0000] {processor.py:208} INFO - Processing /home/airflow/.local/lib/python3.12/site-packages/airflow/example_dags/example_branch_operator_decorator.py took 0.087 seconds
[2025-03-09T16:19:38.417+0000] {processor.py:186} INFO - Started process (PID=21623) to work on /home/airflow/.local/lib/python3.12/site-packages/airflow/example_dags/example_branch_operator_decorator.py
[2025-03-09T16:19:38.418+0000] {processor.py:914} INFO - Processing file /home/airflow/.local/lib/python3.12/site-packages/airflow/example_dags/example_branch_operator_decorator.py for tasks to queue
[2025-03-09T16:19:38.419+0000] {logging_mixin.py:190} INFO - [2025-03-09T16:19:38.419+0000] {dagbag.py:588} INFO - Filling up the DagBag from /home/airflow/.local/lib/python3.12/site-packages/airflow/example_dags/example_branch_operator_decorator.py
[2025-03-09T16:19:38.432+0000] {processor.py:925} INFO - DAG(s) 'example_branch_python_operator_decorator' retrieved from /home/airflow/.local/lib/python3.12/site-packages/airflow/example_dags/example_branch_operator_decorator.py
[2025-03-09T16:19:38.449+0000] {logging_mixin.py:190} INFO - [2025-03-09T16:19:38.449+0000] {dag.py:3239} INFO - Sync 1 DAGs
[2025-03-09T16:19:38.464+0000] {logging_mixin.py:190} INFO - [2025-03-09T16:19:38.464+0000] {dag.py:4180} INFO - Setting next_dagrun for example_branch_python_operator_decorator to 2025-03-08 00:00:00+00:00, run_after=2025-03-09 00:00:00+00:00
[2025-03-09T16:19:38.479+0000] {processor.py:208} INFO - Processing /home/airflow/.local/lib/python3.12/site-packages/airflow/example_dags/example_branch_operator_decorator.py took 0.065 seconds
