[2025-03-09T15:46:13.908+0000] {processor.py:186} INFO - Started process (PID=295) to work on /home/airflow/.local/lib/python3.12/site-packages/airflow/example_dags/example_display_name.py
[2025-03-09T15:46:13.908+0000] {processor.py:914} INFO - Processing file /home/airflow/.local/lib/python3.12/site-packages/airflow/example_dags/example_display_name.py for tasks to queue
[2025-03-09T15:46:13.910+0000] {logging_mixin.py:190} INFO - [2025-03-09T15:46:13.909+0000] {dagbag.py:588} INFO - Filling up the DagBag from /home/airflow/.local/lib/python3.12/site-packages/airflow/example_dags/example_display_name.py
[2025-03-09T15:46:13.916+0000] {processor.py:925} INFO - DAG(s) 'example_display_name' retrieved from /home/airflow/.local/lib/python3.12/site-packages/airflow/example_dags/example_display_name.py
[2025-03-09T15:46:13.937+0000] {logging_mixin.py:190} INFO - [2025-03-09T15:46:13.937+0000] {dag.py:3239} INFO - Sync 1 DAGs
[2025-03-09T15:46:13.949+0000] {logging_mixin.py:190} INFO - [2025-03-09T15:46:13.949+0000] {dag.py:4180} INFO - Setting next_dagrun for example_display_name to None, run_after=None
[2025-03-09T15:46:13.969+0000] {processor.py:208} INFO - Processing /home/airflow/.local/lib/python3.12/site-packages/airflow/example_dags/example_display_name.py took 0.065 seconds
[2025-03-09T15:46:44.635+0000] {processor.py:186} INFO - Started process (PID=629) to work on /home/airflow/.local/lib/python3.12/site-packages/airflow/example_dags/example_display_name.py
[2025-03-09T15:46:44.636+0000] {processor.py:914} INFO - Processing file /home/airflow/.local/lib/python3.12/site-packages/airflow/example_dags/example_display_name.py for tasks to queue
[2025-03-09T15:46:44.637+0000] {logging_mixin.py:190} INFO - [2025-03-09T15:46:44.637+0000] {dagbag.py:588} INFO - Filling up the DagBag from /home/airflow/.local/lib/python3.12/site-packages/airflow/example_dags/example_display_name.py
[2025-03-09T15:46:44.642+0000] {processor.py:925} INFO - DAG(s) 'example_display_name' retrieved from /home/airflow/.local/lib/python3.12/site-packages/airflow/example_dags/example_display_name.py
[2025-03-09T15:46:44.664+0000] {logging_mixin.py:190} INFO - [2025-03-09T15:46:44.663+0000] {dag.py:3239} INFO - Sync 1 DAGs
[2025-03-09T15:46:44.683+0000] {logging_mixin.py:190} INFO - [2025-03-09T15:46:44.683+0000] {dag.py:4180} INFO - Setting next_dagrun for example_display_name to None, run_after=None
[2025-03-09T15:46:44.705+0000] {processor.py:208} INFO - Processing /home/airflow/.local/lib/python3.12/site-packages/airflow/example_dags/example_display_name.py took 0.076 seconds
[2025-03-09T15:47:14.909+0000] {processor.py:186} INFO - Started process (PID=953) to work on /home/airflow/.local/lib/python3.12/site-packages/airflow/example_dags/example_display_name.py
[2025-03-09T15:47:14.910+0000] {processor.py:914} INFO - Processing file /home/airflow/.local/lib/python3.12/site-packages/airflow/example_dags/example_display_name.py for tasks to queue
[2025-03-09T15:47:14.911+0000] {logging_mixin.py:190} INFO - [2025-03-09T15:47:14.911+0000] {dagbag.py:588} INFO - Filling up the DagBag from /home/airflow/.local/lib/python3.12/site-packages/airflow/example_dags/example_display_name.py
[2025-03-09T15:47:14.916+0000] {processor.py:925} INFO - DAG(s) 'example_display_name' retrieved from /home/airflow/.local/lib/python3.12/site-packages/airflow/example_dags/example_display_name.py
[2025-03-09T15:47:14.931+0000] {logging_mixin.py:190} INFO - [2025-03-09T15:47:14.930+0000] {dag.py:3239} INFO - Sync 1 DAGs
[2025-03-09T15:47:14.939+0000] {logging_mixin.py:190} INFO - [2025-03-09T15:47:14.939+0000] {dag.py:4180} INFO - Setting next_dagrun for example_display_name to None, run_after=None
[2025-03-09T15:47:14.953+0000] {processor.py:208} INFO - Processing /home/airflow/.local/lib/python3.12/site-packages/airflow/example_dags/example_display_name.py took 0.049 seconds
[2025-03-09T15:47:45.854+0000] {processor.py:186} INFO - Started process (PID=1285) to work on /home/airflow/.local/lib/python3.12/site-packages/airflow/example_dags/example_display_name.py
[2025-03-09T15:47:45.854+0000] {processor.py:914} INFO - Processing file /home/airflow/.local/lib/python3.12/site-packages/airflow/example_dags/example_display_name.py for tasks to queue
[2025-03-09T15:47:45.856+0000] {logging_mixin.py:190} INFO - [2025-03-09T15:47:45.855+0000] {dagbag.py:588} INFO - Filling up the DagBag from /home/airflow/.local/lib/python3.12/site-packages/airflow/example_dags/example_display_name.py
[2025-03-09T15:47:45.860+0000] {processor.py:925} INFO - DAG(s) 'example_display_name' retrieved from /home/airflow/.local/lib/python3.12/site-packages/airflow/example_dags/example_display_name.py
[2025-03-09T15:47:45.874+0000] {logging_mixin.py:190} INFO - [2025-03-09T15:47:45.874+0000] {dag.py:3239} INFO - Sync 1 DAGs
[2025-03-09T15:47:45.882+0000] {logging_mixin.py:190} INFO - [2025-03-09T15:47:45.882+0000] {dag.py:4180} INFO - Setting next_dagrun for example_display_name to None, run_after=None
[2025-03-09T15:47:45.896+0000] {processor.py:208} INFO - Processing /home/airflow/.local/lib/python3.12/site-packages/airflow/example_dags/example_display_name.py took 0.046 seconds
[2025-03-09T15:48:16.715+0000] {processor.py:186} INFO - Started process (PID=1611) to work on /home/airflow/.local/lib/python3.12/site-packages/airflow/example_dags/example_display_name.py
[2025-03-09T15:48:16.716+0000] {processor.py:914} INFO - Processing file /home/airflow/.local/lib/python3.12/site-packages/airflow/example_dags/example_display_name.py for tasks to queue
[2025-03-09T15:48:16.717+0000] {logging_mixin.py:190} INFO - [2025-03-09T15:48:16.717+0000] {dagbag.py:588} INFO - Filling up the DagBag from /home/airflow/.local/lib/python3.12/site-packages/airflow/example_dags/example_display_name.py
[2025-03-09T15:48:16.721+0000] {processor.py:925} INFO - DAG(s) 'example_display_name' retrieved from /home/airflow/.local/lib/python3.12/site-packages/airflow/example_dags/example_display_name.py
[2025-03-09T15:48:16.733+0000] {logging_mixin.py:190} INFO - [2025-03-09T15:48:16.733+0000] {dag.py:3239} INFO - Sync 1 DAGs
[2025-03-09T15:48:16.742+0000] {logging_mixin.py:190} INFO - [2025-03-09T15:48:16.742+0000] {dag.py:4180} INFO - Setting next_dagrun for example_display_name to None, run_after=None
[2025-03-09T15:48:16.758+0000] {processor.py:208} INFO - Processing /home/airflow/.local/lib/python3.12/site-packages/airflow/example_dags/example_display_name.py took 0.047 seconds
[2025-03-09T15:48:47.556+0000] {processor.py:186} INFO - Started process (PID=1937) to work on /home/airflow/.local/lib/python3.12/site-packages/airflow/example_dags/example_display_name.py
[2025-03-09T15:48:47.556+0000] {processor.py:914} INFO - Processing file /home/airflow/.local/lib/python3.12/site-packages/airflow/example_dags/example_display_name.py for tasks to queue
[2025-03-09T15:48:47.558+0000] {logging_mixin.py:190} INFO - [2025-03-09T15:48:47.557+0000] {dagbag.py:588} INFO - Filling up the DagBag from /home/airflow/.local/lib/python3.12/site-packages/airflow/example_dags/example_display_name.py
[2025-03-09T15:48:47.563+0000] {processor.py:925} INFO - DAG(s) 'example_display_name' retrieved from /home/airflow/.local/lib/python3.12/site-packages/airflow/example_dags/example_display_name.py
[2025-03-09T15:48:47.575+0000] {logging_mixin.py:190} INFO - [2025-03-09T15:48:47.575+0000] {dag.py:3239} INFO - Sync 1 DAGs
[2025-03-09T15:48:47.584+0000] {logging_mixin.py:190} INFO - [2025-03-09T15:48:47.584+0000] {dag.py:4180} INFO - Setting next_dagrun for example_display_name to None, run_after=None
[2025-03-09T15:48:47.597+0000] {processor.py:208} INFO - Processing /home/airflow/.local/lib/python3.12/site-packages/airflow/example_dags/example_display_name.py took 0.045 seconds
[2025-03-09T15:49:18.488+0000] {processor.py:186} INFO - Started process (PID=2263) to work on /home/airflow/.local/lib/python3.12/site-packages/airflow/example_dags/example_display_name.py
[2025-03-09T15:49:18.489+0000] {processor.py:914} INFO - Processing file /home/airflow/.local/lib/python3.12/site-packages/airflow/example_dags/example_display_name.py for tasks to queue
[2025-03-09T15:49:18.490+0000] {logging_mixin.py:190} INFO - [2025-03-09T15:49:18.490+0000] {dagbag.py:588} INFO - Filling up the DagBag from /home/airflow/.local/lib/python3.12/site-packages/airflow/example_dags/example_display_name.py
[2025-03-09T15:49:18.495+0000] {processor.py:925} INFO - DAG(s) 'example_display_name' retrieved from /home/airflow/.local/lib/python3.12/site-packages/airflow/example_dags/example_display_name.py
[2025-03-09T15:49:18.508+0000] {logging_mixin.py:190} INFO - [2025-03-09T15:49:18.508+0000] {dag.py:3239} INFO - Sync 1 DAGs
[2025-03-09T15:49:18.517+0000] {logging_mixin.py:190} INFO - [2025-03-09T15:49:18.517+0000] {dag.py:4180} INFO - Setting next_dagrun for example_display_name to None, run_after=None
[2025-03-09T15:49:18.529+0000] {processor.py:208} INFO - Processing /home/airflow/.local/lib/python3.12/site-packages/airflow/example_dags/example_display_name.py took 0.045 seconds
[2025-03-09T15:49:49.264+0000] {processor.py:186} INFO - Started process (PID=2589) to work on /home/airflow/.local/lib/python3.12/site-packages/airflow/example_dags/example_display_name.py
[2025-03-09T15:49:49.265+0000] {processor.py:914} INFO - Processing file /home/airflow/.local/lib/python3.12/site-packages/airflow/example_dags/example_display_name.py for tasks to queue
[2025-03-09T15:49:49.266+0000] {logging_mixin.py:190} INFO - [2025-03-09T15:49:49.266+0000] {dagbag.py:588} INFO - Filling up the DagBag from /home/airflow/.local/lib/python3.12/site-packages/airflow/example_dags/example_display_name.py
[2025-03-09T15:49:49.272+0000] {processor.py:925} INFO - DAG(s) 'example_display_name' retrieved from /home/airflow/.local/lib/python3.12/site-packages/airflow/example_dags/example_display_name.py
[2025-03-09T15:49:49.287+0000] {logging_mixin.py:190} INFO - [2025-03-09T15:49:49.287+0000] {dag.py:3239} INFO - Sync 1 DAGs
[2025-03-09T15:49:49.297+0000] {logging_mixin.py:190} INFO - [2025-03-09T15:49:49.297+0000] {dag.py:4180} INFO - Setting next_dagrun for example_display_name to None, run_after=None
[2025-03-09T15:49:49.313+0000] {processor.py:208} INFO - Processing /home/airflow/.local/lib/python3.12/site-packages/airflow/example_dags/example_display_name.py took 0.052 seconds
[2025-03-09T15:50:20.225+0000] {processor.py:186} INFO - Started process (PID=2915) to work on /home/airflow/.local/lib/python3.12/site-packages/airflow/example_dags/example_display_name.py
[2025-03-09T15:50:20.225+0000] {processor.py:914} INFO - Processing file /home/airflow/.local/lib/python3.12/site-packages/airflow/example_dags/example_display_name.py for tasks to queue
[2025-03-09T15:50:20.226+0000] {logging_mixin.py:190} INFO - [2025-03-09T15:50:20.226+0000] {dagbag.py:588} INFO - Filling up the DagBag from /home/airflow/.local/lib/python3.12/site-packages/airflow/example_dags/example_display_name.py
[2025-03-09T15:50:20.231+0000] {processor.py:925} INFO - DAG(s) 'example_display_name' retrieved from /home/airflow/.local/lib/python3.12/site-packages/airflow/example_dags/example_display_name.py
[2025-03-09T15:50:20.243+0000] {logging_mixin.py:190} INFO - [2025-03-09T15:50:20.243+0000] {dag.py:3239} INFO - Sync 1 DAGs
[2025-03-09T15:50:20.251+0000] {logging_mixin.py:190} INFO - [2025-03-09T15:50:20.251+0000] {dag.py:4180} INFO - Setting next_dagrun for example_display_name to None, run_after=None
[2025-03-09T15:50:20.262+0000] {processor.py:208} INFO - Processing /home/airflow/.local/lib/python3.12/site-packages/airflow/example_dags/example_display_name.py took 0.041 seconds
[2025-03-09T15:50:51.207+0000] {processor.py:186} INFO - Started process (PID=3241) to work on /home/airflow/.local/lib/python3.12/site-packages/airflow/example_dags/example_display_name.py
[2025-03-09T15:50:51.207+0000] {processor.py:914} INFO - Processing file /home/airflow/.local/lib/python3.12/site-packages/airflow/example_dags/example_display_name.py for tasks to queue
[2025-03-09T15:50:51.209+0000] {logging_mixin.py:190} INFO - [2025-03-09T15:50:51.209+0000] {dagbag.py:588} INFO - Filling up the DagBag from /home/airflow/.local/lib/python3.12/site-packages/airflow/example_dags/example_display_name.py
[2025-03-09T15:50:51.214+0000] {processor.py:925} INFO - DAG(s) 'example_display_name' retrieved from /home/airflow/.local/lib/python3.12/site-packages/airflow/example_dags/example_display_name.py
[2025-03-09T15:50:51.228+0000] {logging_mixin.py:190} INFO - [2025-03-09T15:50:51.227+0000] {dag.py:3239} INFO - Sync 1 DAGs
[2025-03-09T15:50:51.238+0000] {logging_mixin.py:190} INFO - [2025-03-09T15:50:51.237+0000] {dag.py:4180} INFO - Setting next_dagrun for example_display_name to None, run_after=None
[2025-03-09T15:50:51.256+0000] {processor.py:208} INFO - Processing /home/airflow/.local/lib/python3.12/site-packages/airflow/example_dags/example_display_name.py took 0.054 seconds
[2025-03-09T15:51:22.172+0000] {processor.py:186} INFO - Started process (PID=3567) to work on /home/airflow/.local/lib/python3.12/site-packages/airflow/example_dags/example_display_name.py
[2025-03-09T15:51:22.173+0000] {processor.py:914} INFO - Processing file /home/airflow/.local/lib/python3.12/site-packages/airflow/example_dags/example_display_name.py for tasks to queue
[2025-03-09T15:51:22.174+0000] {logging_mixin.py:190} INFO - [2025-03-09T15:51:22.174+0000] {dagbag.py:588} INFO - Filling up the DagBag from /home/airflow/.local/lib/python3.12/site-packages/airflow/example_dags/example_display_name.py
[2025-03-09T15:51:22.180+0000] {processor.py:925} INFO - DAG(s) 'example_display_name' retrieved from /home/airflow/.local/lib/python3.12/site-packages/airflow/example_dags/example_display_name.py
[2025-03-09T15:51:22.194+0000] {logging_mixin.py:190} INFO - [2025-03-09T15:51:22.194+0000] {dag.py:3239} INFO - Sync 1 DAGs
[2025-03-09T15:51:22.203+0000] {logging_mixin.py:190} INFO - [2025-03-09T15:51:22.203+0000] {dag.py:4180} INFO - Setting next_dagrun for example_display_name to None, run_after=None
[2025-03-09T15:51:22.218+0000] {processor.py:208} INFO - Processing /home/airflow/.local/lib/python3.12/site-packages/airflow/example_dags/example_display_name.py took 0.050 seconds
[2025-03-09T15:51:53.105+0000] {processor.py:186} INFO - Started process (PID=3895) to work on /home/airflow/.local/lib/python3.12/site-packages/airflow/example_dags/example_display_name.py
[2025-03-09T15:51:53.106+0000] {processor.py:914} INFO - Processing file /home/airflow/.local/lib/python3.12/site-packages/airflow/example_dags/example_display_name.py for tasks to queue
[2025-03-09T15:51:53.108+0000] {logging_mixin.py:190} INFO - [2025-03-09T15:51:53.108+0000] {dagbag.py:588} INFO - Filling up the DagBag from /home/airflow/.local/lib/python3.12/site-packages/airflow/example_dags/example_display_name.py
[2025-03-09T15:51:53.114+0000] {processor.py:925} INFO - DAG(s) 'example_display_name' retrieved from /home/airflow/.local/lib/python3.12/site-packages/airflow/example_dags/example_display_name.py
[2025-03-09T15:51:53.127+0000] {logging_mixin.py:190} INFO - [2025-03-09T15:51:53.127+0000] {dag.py:3239} INFO - Sync 1 DAGs
[2025-03-09T15:51:53.137+0000] {logging_mixin.py:190} INFO - [2025-03-09T15:51:53.137+0000] {dag.py:4180} INFO - Setting next_dagrun for example_display_name to None, run_after=None
[2025-03-09T15:51:53.149+0000] {processor.py:208} INFO - Processing /home/airflow/.local/lib/python3.12/site-packages/airflow/example_dags/example_display_name.py took 0.049 seconds
[2025-03-09T15:52:24.066+0000] {processor.py:186} INFO - Started process (PID=4219) to work on /home/airflow/.local/lib/python3.12/site-packages/airflow/example_dags/example_display_name.py
[2025-03-09T15:52:24.067+0000] {processor.py:914} INFO - Processing file /home/airflow/.local/lib/python3.12/site-packages/airflow/example_dags/example_display_name.py for tasks to queue
[2025-03-09T15:52:24.068+0000] {logging_mixin.py:190} INFO - [2025-03-09T15:52:24.068+0000] {dagbag.py:588} INFO - Filling up the DagBag from /home/airflow/.local/lib/python3.12/site-packages/airflow/example_dags/example_display_name.py
[2025-03-09T15:52:24.072+0000] {processor.py:925} INFO - DAG(s) 'example_display_name' retrieved from /home/airflow/.local/lib/python3.12/site-packages/airflow/example_dags/example_display_name.py
[2025-03-09T15:52:24.087+0000] {logging_mixin.py:190} INFO - [2025-03-09T15:52:24.087+0000] {dag.py:3239} INFO - Sync 1 DAGs
[2025-03-09T15:52:24.096+0000] {logging_mixin.py:190} INFO - [2025-03-09T15:52:24.096+0000] {dag.py:4180} INFO - Setting next_dagrun for example_display_name to None, run_after=None
[2025-03-09T15:52:24.108+0000] {processor.py:208} INFO - Processing /home/airflow/.local/lib/python3.12/site-packages/airflow/example_dags/example_display_name.py took 0.046 seconds
[2025-03-09T15:52:54.883+0000] {processor.py:186} INFO - Started process (PID=4545) to work on /home/airflow/.local/lib/python3.12/site-packages/airflow/example_dags/example_display_name.py
[2025-03-09T15:52:54.884+0000] {processor.py:914} INFO - Processing file /home/airflow/.local/lib/python3.12/site-packages/airflow/example_dags/example_display_name.py for tasks to queue
[2025-03-09T15:52:54.885+0000] {logging_mixin.py:190} INFO - [2025-03-09T15:52:54.885+0000] {dagbag.py:588} INFO - Filling up the DagBag from /home/airflow/.local/lib/python3.12/site-packages/airflow/example_dags/example_display_name.py
[2025-03-09T15:52:54.889+0000] {processor.py:925} INFO - DAG(s) 'example_display_name' retrieved from /home/airflow/.local/lib/python3.12/site-packages/airflow/example_dags/example_display_name.py
[2025-03-09T15:52:54.904+0000] {logging_mixin.py:190} INFO - [2025-03-09T15:52:54.904+0000] {dag.py:3239} INFO - Sync 1 DAGs
[2025-03-09T15:52:54.913+0000] {logging_mixin.py:190} INFO - [2025-03-09T15:52:54.913+0000] {dag.py:4180} INFO - Setting next_dagrun for example_display_name to None, run_after=None
[2025-03-09T15:52:54.925+0000] {processor.py:208} INFO - Processing /home/airflow/.local/lib/python3.12/site-packages/airflow/example_dags/example_display_name.py took 0.047 seconds
[2025-03-09T15:53:25.504+0000] {processor.py:186} INFO - Started process (PID=4871) to work on /home/airflow/.local/lib/python3.12/site-packages/airflow/example_dags/example_display_name.py
[2025-03-09T15:53:25.505+0000] {processor.py:914} INFO - Processing file /home/airflow/.local/lib/python3.12/site-packages/airflow/example_dags/example_display_name.py for tasks to queue
[2025-03-09T15:53:25.506+0000] {logging_mixin.py:190} INFO - [2025-03-09T15:53:25.506+0000] {dagbag.py:588} INFO - Filling up the DagBag from /home/airflow/.local/lib/python3.12/site-packages/airflow/example_dags/example_display_name.py
[2025-03-09T15:53:25.511+0000] {processor.py:925} INFO - DAG(s) 'example_display_name' retrieved from /home/airflow/.local/lib/python3.12/site-packages/airflow/example_dags/example_display_name.py
[2025-03-09T15:53:25.522+0000] {logging_mixin.py:190} INFO - [2025-03-09T15:53:25.522+0000] {dag.py:3239} INFO - Sync 1 DAGs
[2025-03-09T15:53:25.531+0000] {logging_mixin.py:190} INFO - [2025-03-09T15:53:25.530+0000] {dag.py:4180} INFO - Setting next_dagrun for example_display_name to None, run_after=None
[2025-03-09T15:53:25.542+0000] {processor.py:208} INFO - Processing /home/airflow/.local/lib/python3.12/site-packages/airflow/example_dags/example_display_name.py took 0.041 seconds
[2025-03-09T15:53:56.177+0000] {processor.py:186} INFO - Started process (PID=5196) to work on /home/airflow/.local/lib/python3.12/site-packages/airflow/example_dags/example_display_name.py
[2025-03-09T15:53:56.177+0000] {processor.py:914} INFO - Processing file /home/airflow/.local/lib/python3.12/site-packages/airflow/example_dags/example_display_name.py for tasks to queue
[2025-03-09T15:53:56.179+0000] {logging_mixin.py:190} INFO - [2025-03-09T15:53:56.179+0000] {dagbag.py:588} INFO - Filling up the DagBag from /home/airflow/.local/lib/python3.12/site-packages/airflow/example_dags/example_display_name.py
[2025-03-09T15:53:56.184+0000] {processor.py:925} INFO - DAG(s) 'example_display_name' retrieved from /home/airflow/.local/lib/python3.12/site-packages/airflow/example_dags/example_display_name.py
[2025-03-09T15:53:56.200+0000] {logging_mixin.py:190} INFO - [2025-03-09T15:53:56.199+0000] {dag.py:3239} INFO - Sync 1 DAGs
[2025-03-09T15:53:56.212+0000] {logging_mixin.py:190} INFO - [2025-03-09T15:53:56.212+0000] {dag.py:4180} INFO - Setting next_dagrun for example_display_name to None, run_after=None
[2025-03-09T15:53:56.224+0000] {processor.py:208} INFO - Processing /home/airflow/.local/lib/python3.12/site-packages/airflow/example_dags/example_display_name.py took 0.051 seconds
[2025-03-09T15:54:27.089+0000] {processor.py:186} INFO - Started process (PID=5522) to work on /home/airflow/.local/lib/python3.12/site-packages/airflow/example_dags/example_display_name.py
[2025-03-09T15:54:27.090+0000] {processor.py:914} INFO - Processing file /home/airflow/.local/lib/python3.12/site-packages/airflow/example_dags/example_display_name.py for tasks to queue
[2025-03-09T15:54:27.091+0000] {logging_mixin.py:190} INFO - [2025-03-09T15:54:27.091+0000] {dagbag.py:588} INFO - Filling up the DagBag from /home/airflow/.local/lib/python3.12/site-packages/airflow/example_dags/example_display_name.py
[2025-03-09T15:54:27.096+0000] {processor.py:925} INFO - DAG(s) 'example_display_name' retrieved from /home/airflow/.local/lib/python3.12/site-packages/airflow/example_dags/example_display_name.py
[2025-03-09T15:54:27.108+0000] {logging_mixin.py:190} INFO - [2025-03-09T15:54:27.108+0000] {dag.py:3239} INFO - Sync 1 DAGs
[2025-03-09T15:54:27.122+0000] {logging_mixin.py:190} INFO - [2025-03-09T15:54:27.122+0000] {dag.py:4180} INFO - Setting next_dagrun for example_display_name to None, run_after=None
[2025-03-09T15:54:27.140+0000] {processor.py:208} INFO - Processing /home/airflow/.local/lib/python3.12/site-packages/airflow/example_dags/example_display_name.py took 0.055 seconds
[2025-03-09T15:54:57.768+0000] {processor.py:186} INFO - Started process (PID=5848) to work on /home/airflow/.local/lib/python3.12/site-packages/airflow/example_dags/example_display_name.py
[2025-03-09T15:54:57.768+0000] {processor.py:914} INFO - Processing file /home/airflow/.local/lib/python3.12/site-packages/airflow/example_dags/example_display_name.py for tasks to queue
[2025-03-09T15:54:57.769+0000] {logging_mixin.py:190} INFO - [2025-03-09T15:54:57.769+0000] {dagbag.py:588} INFO - Filling up the DagBag from /home/airflow/.local/lib/python3.12/site-packages/airflow/example_dags/example_display_name.py
[2025-03-09T15:54:57.774+0000] {processor.py:925} INFO - DAG(s) 'example_display_name' retrieved from /home/airflow/.local/lib/python3.12/site-packages/airflow/example_dags/example_display_name.py
[2025-03-09T15:54:57.786+0000] {logging_mixin.py:190} INFO - [2025-03-09T15:54:57.786+0000] {dag.py:3239} INFO - Sync 1 DAGs
[2025-03-09T15:54:57.795+0000] {logging_mixin.py:190} INFO - [2025-03-09T15:54:57.795+0000] {dag.py:4180} INFO - Setting next_dagrun for example_display_name to None, run_after=None
[2025-03-09T15:54:57.808+0000] {processor.py:208} INFO - Processing /home/airflow/.local/lib/python3.12/site-packages/airflow/example_dags/example_display_name.py took 0.044 seconds
[2025-03-09T15:55:28.538+0000] {processor.py:186} INFO - Started process (PID=6174) to work on /home/airflow/.local/lib/python3.12/site-packages/airflow/example_dags/example_display_name.py
[2025-03-09T15:55:28.538+0000] {processor.py:914} INFO - Processing file /home/airflow/.local/lib/python3.12/site-packages/airflow/example_dags/example_display_name.py for tasks to queue
[2025-03-09T15:55:28.539+0000] {logging_mixin.py:190} INFO - [2025-03-09T15:55:28.539+0000] {dagbag.py:588} INFO - Filling up the DagBag from /home/airflow/.local/lib/python3.12/site-packages/airflow/example_dags/example_display_name.py
[2025-03-09T15:55:28.544+0000] {processor.py:925} INFO - DAG(s) 'example_display_name' retrieved from /home/airflow/.local/lib/python3.12/site-packages/airflow/example_dags/example_display_name.py
[2025-03-09T15:55:28.558+0000] {logging_mixin.py:190} INFO - [2025-03-09T15:55:28.558+0000] {dag.py:3239} INFO - Sync 1 DAGs
[2025-03-09T15:55:28.568+0000] {logging_mixin.py:190} INFO - [2025-03-09T15:55:28.568+0000] {dag.py:4180} INFO - Setting next_dagrun for example_display_name to None, run_after=None
[2025-03-09T15:55:28.582+0000] {processor.py:208} INFO - Processing /home/airflow/.local/lib/python3.12/site-packages/airflow/example_dags/example_display_name.py took 0.048 seconds
[2025-03-09T15:55:59.722+0000] {processor.py:186} INFO - Started process (PID=6500) to work on /home/airflow/.local/lib/python3.12/site-packages/airflow/example_dags/example_display_name.py
[2025-03-09T15:55:59.723+0000] {processor.py:914} INFO - Processing file /home/airflow/.local/lib/python3.12/site-packages/airflow/example_dags/example_display_name.py for tasks to queue
[2025-03-09T15:55:59.724+0000] {logging_mixin.py:190} INFO - [2025-03-09T15:55:59.724+0000] {dagbag.py:588} INFO - Filling up the DagBag from /home/airflow/.local/lib/python3.12/site-packages/airflow/example_dags/example_display_name.py
[2025-03-09T15:55:59.729+0000] {processor.py:925} INFO - DAG(s) 'example_display_name' retrieved from /home/airflow/.local/lib/python3.12/site-packages/airflow/example_dags/example_display_name.py
[2025-03-09T15:55:59.743+0000] {logging_mixin.py:190} INFO - [2025-03-09T15:55:59.743+0000] {dag.py:3239} INFO - Sync 1 DAGs
[2025-03-09T15:55:59.751+0000] {logging_mixin.py:190} INFO - [2025-03-09T15:55:59.751+0000] {dag.py:4180} INFO - Setting next_dagrun for example_display_name to None, run_after=None
[2025-03-09T15:55:59.764+0000] {processor.py:208} INFO - Processing /home/airflow/.local/lib/python3.12/site-packages/airflow/example_dags/example_display_name.py took 0.045 seconds
[2025-03-09T15:56:30.428+0000] {processor.py:186} INFO - Started process (PID=6826) to work on /home/airflow/.local/lib/python3.12/site-packages/airflow/example_dags/example_display_name.py
[2025-03-09T15:56:30.429+0000] {processor.py:914} INFO - Processing file /home/airflow/.local/lib/python3.12/site-packages/airflow/example_dags/example_display_name.py for tasks to queue
[2025-03-09T15:56:30.430+0000] {logging_mixin.py:190} INFO - [2025-03-09T15:56:30.430+0000] {dagbag.py:588} INFO - Filling up the DagBag from /home/airflow/.local/lib/python3.12/site-packages/airflow/example_dags/example_display_name.py
[2025-03-09T15:56:30.435+0000] {processor.py:925} INFO - DAG(s) 'example_display_name' retrieved from /home/airflow/.local/lib/python3.12/site-packages/airflow/example_dags/example_display_name.py
[2025-03-09T15:56:30.450+0000] {logging_mixin.py:190} INFO - [2025-03-09T15:56:30.450+0000] {dag.py:3239} INFO - Sync 1 DAGs
[2025-03-09T15:56:30.460+0000] {logging_mixin.py:190} INFO - [2025-03-09T15:56:30.459+0000] {dag.py:4180} INFO - Setting next_dagrun for example_display_name to None, run_after=None
[2025-03-09T15:56:30.478+0000] {processor.py:208} INFO - Processing /home/airflow/.local/lib/python3.12/site-packages/airflow/example_dags/example_display_name.py took 0.055 seconds
[2025-03-09T15:57:01.201+0000] {processor.py:186} INFO - Started process (PID=7152) to work on /home/airflow/.local/lib/python3.12/site-packages/airflow/example_dags/example_display_name.py
[2025-03-09T15:57:01.202+0000] {processor.py:914} INFO - Processing file /home/airflow/.local/lib/python3.12/site-packages/airflow/example_dags/example_display_name.py for tasks to queue
[2025-03-09T15:57:01.204+0000] {logging_mixin.py:190} INFO - [2025-03-09T15:57:01.203+0000] {dagbag.py:588} INFO - Filling up the DagBag from /home/airflow/.local/lib/python3.12/site-packages/airflow/example_dags/example_display_name.py
[2025-03-09T15:57:01.209+0000] {processor.py:925} INFO - DAG(s) 'example_display_name' retrieved from /home/airflow/.local/lib/python3.12/site-packages/airflow/example_dags/example_display_name.py
[2025-03-09T15:57:01.221+0000] {logging_mixin.py:190} INFO - [2025-03-09T15:57:01.221+0000] {dag.py:3239} INFO - Sync 1 DAGs
[2025-03-09T15:57:01.229+0000] {logging_mixin.py:190} INFO - [2025-03-09T15:57:01.229+0000] {dag.py:4180} INFO - Setting next_dagrun for example_display_name to None, run_after=None
[2025-03-09T15:57:01.239+0000] {processor.py:208} INFO - Processing /home/airflow/.local/lib/python3.12/site-packages/airflow/example_dags/example_display_name.py took 0.043 seconds
[2025-03-09T15:57:32.046+0000] {processor.py:186} INFO - Started process (PID=7478) to work on /home/airflow/.local/lib/python3.12/site-packages/airflow/example_dags/example_display_name.py
[2025-03-09T15:57:32.047+0000] {processor.py:914} INFO - Processing file /home/airflow/.local/lib/python3.12/site-packages/airflow/example_dags/example_display_name.py for tasks to queue
[2025-03-09T15:57:32.048+0000] {logging_mixin.py:190} INFO - [2025-03-09T15:57:32.048+0000] {dagbag.py:588} INFO - Filling up the DagBag from /home/airflow/.local/lib/python3.12/site-packages/airflow/example_dags/example_display_name.py
[2025-03-09T15:57:32.052+0000] {processor.py:925} INFO - DAG(s) 'example_display_name' retrieved from /home/airflow/.local/lib/python3.12/site-packages/airflow/example_dags/example_display_name.py
[2025-03-09T15:57:32.068+0000] {logging_mixin.py:190} INFO - [2025-03-09T15:57:32.068+0000] {dag.py:3239} INFO - Sync 1 DAGs
[2025-03-09T15:57:32.079+0000] {logging_mixin.py:190} INFO - [2025-03-09T15:57:32.079+0000] {dag.py:4180} INFO - Setting next_dagrun for example_display_name to None, run_after=None
[2025-03-09T15:57:32.096+0000] {processor.py:208} INFO - Processing /home/airflow/.local/lib/python3.12/site-packages/airflow/example_dags/example_display_name.py took 0.053 seconds
[2025-03-09T15:58:03.042+0000] {processor.py:186} INFO - Started process (PID=7804) to work on /home/airflow/.local/lib/python3.12/site-packages/airflow/example_dags/example_display_name.py
[2025-03-09T15:58:03.042+0000] {processor.py:914} INFO - Processing file /home/airflow/.local/lib/python3.12/site-packages/airflow/example_dags/example_display_name.py for tasks to queue
[2025-03-09T15:58:03.043+0000] {logging_mixin.py:190} INFO - [2025-03-09T15:58:03.043+0000] {dagbag.py:588} INFO - Filling up the DagBag from /home/airflow/.local/lib/python3.12/site-packages/airflow/example_dags/example_display_name.py
[2025-03-09T15:58:03.048+0000] {processor.py:925} INFO - DAG(s) 'example_display_name' retrieved from /home/airflow/.local/lib/python3.12/site-packages/airflow/example_dags/example_display_name.py
[2025-03-09T15:58:03.064+0000] {logging_mixin.py:190} INFO - [2025-03-09T15:58:03.063+0000] {dag.py:3239} INFO - Sync 1 DAGs
[2025-03-09T15:58:03.075+0000] {logging_mixin.py:190} INFO - [2025-03-09T15:58:03.074+0000] {dag.py:4180} INFO - Setting next_dagrun for example_display_name to None, run_after=None
[2025-03-09T15:58:03.090+0000] {processor.py:208} INFO - Processing /home/airflow/.local/lib/python3.12/site-packages/airflow/example_dags/example_display_name.py took 0.053 seconds
[2025-03-09T15:58:33.964+0000] {processor.py:186} INFO - Started process (PID=8130) to work on /home/airflow/.local/lib/python3.12/site-packages/airflow/example_dags/example_display_name.py
[2025-03-09T15:58:33.965+0000] {processor.py:914} INFO - Processing file /home/airflow/.local/lib/python3.12/site-packages/airflow/example_dags/example_display_name.py for tasks to queue
[2025-03-09T15:58:33.966+0000] {logging_mixin.py:190} INFO - [2025-03-09T15:58:33.965+0000] {dagbag.py:588} INFO - Filling up the DagBag from /home/airflow/.local/lib/python3.12/site-packages/airflow/example_dags/example_display_name.py
[2025-03-09T15:58:33.970+0000] {processor.py:925} INFO - DAG(s) 'example_display_name' retrieved from /home/airflow/.local/lib/python3.12/site-packages/airflow/example_dags/example_display_name.py
[2025-03-09T15:58:33.985+0000] {logging_mixin.py:190} INFO - [2025-03-09T15:58:33.984+0000] {dag.py:3239} INFO - Sync 1 DAGs
[2025-03-09T15:58:33.998+0000] {logging_mixin.py:190} INFO - [2025-03-09T15:58:33.998+0000] {dag.py:4180} INFO - Setting next_dagrun for example_display_name to None, run_after=None
[2025-03-09T15:58:34.017+0000] {processor.py:208} INFO - Processing /home/airflow/.local/lib/python3.12/site-packages/airflow/example_dags/example_display_name.py took 0.056 seconds
[2025-03-09T15:59:04.059+0000] {processor.py:186} INFO - Started process (PID=8456) to work on /home/airflow/.local/lib/python3.12/site-packages/airflow/example_dags/example_display_name.py
[2025-03-09T15:59:04.060+0000] {processor.py:914} INFO - Processing file /home/airflow/.local/lib/python3.12/site-packages/airflow/example_dags/example_display_name.py for tasks to queue
[2025-03-09T15:59:04.061+0000] {logging_mixin.py:190} INFO - [2025-03-09T15:59:04.061+0000] {dagbag.py:588} INFO - Filling up the DagBag from /home/airflow/.local/lib/python3.12/site-packages/airflow/example_dags/example_display_name.py
[2025-03-09T15:59:04.066+0000] {processor.py:925} INFO - DAG(s) 'example_display_name' retrieved from /home/airflow/.local/lib/python3.12/site-packages/airflow/example_dags/example_display_name.py
[2025-03-09T15:59:04.080+0000] {logging_mixin.py:190} INFO - [2025-03-09T15:59:04.080+0000] {dag.py:3239} INFO - Sync 1 DAGs
[2025-03-09T15:59:04.089+0000] {logging_mixin.py:190} INFO - [2025-03-09T15:59:04.089+0000] {dag.py:4180} INFO - Setting next_dagrun for example_display_name to None, run_after=None
[2025-03-09T15:59:04.104+0000] {processor.py:208} INFO - Processing /home/airflow/.local/lib/python3.12/site-packages/airflow/example_dags/example_display_name.py took 0.050 seconds
[2025-03-09T15:59:34.193+0000] {processor.py:186} INFO - Started process (PID=8777) to work on /home/airflow/.local/lib/python3.12/site-packages/airflow/example_dags/example_display_name.py
[2025-03-09T15:59:34.194+0000] {processor.py:914} INFO - Processing file /home/airflow/.local/lib/python3.12/site-packages/airflow/example_dags/example_display_name.py for tasks to queue
[2025-03-09T15:59:34.195+0000] {logging_mixin.py:190} INFO - [2025-03-09T15:59:34.195+0000] {dagbag.py:588} INFO - Filling up the DagBag from /home/airflow/.local/lib/python3.12/site-packages/airflow/example_dags/example_display_name.py
[2025-03-09T15:59:34.200+0000] {processor.py:925} INFO - DAG(s) 'example_display_name' retrieved from /home/airflow/.local/lib/python3.12/site-packages/airflow/example_dags/example_display_name.py
[2025-03-09T15:59:34.215+0000] {logging_mixin.py:190} INFO - [2025-03-09T15:59:34.215+0000] {dag.py:3239} INFO - Sync 1 DAGs
[2025-03-09T15:59:34.223+0000] {logging_mixin.py:190} INFO - [2025-03-09T15:59:34.223+0000] {dag.py:4180} INFO - Setting next_dagrun for example_display_name to None, run_after=None
[2025-03-09T15:59:34.237+0000] {processor.py:208} INFO - Processing /home/airflow/.local/lib/python3.12/site-packages/airflow/example_dags/example_display_name.py took 0.048 seconds
[2025-03-09T16:00:05.005+0000] {processor.py:186} INFO - Started process (PID=9105) to work on /home/airflow/.local/lib/python3.12/site-packages/airflow/example_dags/example_display_name.py
[2025-03-09T16:00:05.005+0000] {processor.py:914} INFO - Processing file /home/airflow/.local/lib/python3.12/site-packages/airflow/example_dags/example_display_name.py for tasks to queue
[2025-03-09T16:00:05.007+0000] {logging_mixin.py:190} INFO - [2025-03-09T16:00:05.006+0000] {dagbag.py:588} INFO - Filling up the DagBag from /home/airflow/.local/lib/python3.12/site-packages/airflow/example_dags/example_display_name.py
[2025-03-09T16:00:05.012+0000] {processor.py:925} INFO - DAG(s) 'example_display_name' retrieved from /home/airflow/.local/lib/python3.12/site-packages/airflow/example_dags/example_display_name.py
[2025-03-09T16:00:05.024+0000] {logging_mixin.py:190} INFO - [2025-03-09T16:00:05.024+0000] {dag.py:3239} INFO - Sync 1 DAGs
[2025-03-09T16:00:05.033+0000] {logging_mixin.py:190} INFO - [2025-03-09T16:00:05.033+0000] {dag.py:4180} INFO - Setting next_dagrun for example_display_name to None, run_after=None
[2025-03-09T16:00:05.045+0000] {processor.py:208} INFO - Processing /home/airflow/.local/lib/python3.12/site-packages/airflow/example_dags/example_display_name.py took 0.044 seconds
[2025-03-09T16:00:35.441+0000] {processor.py:186} INFO - Started process (PID=9429) to work on /home/airflow/.local/lib/python3.12/site-packages/airflow/example_dags/example_display_name.py
[2025-03-09T16:00:35.441+0000] {processor.py:914} INFO - Processing file /home/airflow/.local/lib/python3.12/site-packages/airflow/example_dags/example_display_name.py for tasks to queue
[2025-03-09T16:00:35.443+0000] {logging_mixin.py:190} INFO - [2025-03-09T16:00:35.442+0000] {dagbag.py:588} INFO - Filling up the DagBag from /home/airflow/.local/lib/python3.12/site-packages/airflow/example_dags/example_display_name.py
[2025-03-09T16:00:35.447+0000] {processor.py:925} INFO - DAG(s) 'example_display_name' retrieved from /home/airflow/.local/lib/python3.12/site-packages/airflow/example_dags/example_display_name.py
[2025-03-09T16:00:35.463+0000] {logging_mixin.py:190} INFO - [2025-03-09T16:00:35.462+0000] {dag.py:3239} INFO - Sync 1 DAGs
[2025-03-09T16:00:35.473+0000] {logging_mixin.py:190} INFO - [2025-03-09T16:00:35.473+0000] {dag.py:4180} INFO - Setting next_dagrun for example_display_name to None, run_after=None
[2025-03-09T16:00:35.489+0000] {processor.py:208} INFO - Processing /home/airflow/.local/lib/python3.12/site-packages/airflow/example_dags/example_display_name.py took 0.052 seconds
[2025-03-09T16:01:06.027+0000] {processor.py:186} INFO - Started process (PID=9754) to work on /home/airflow/.local/lib/python3.12/site-packages/airflow/example_dags/example_display_name.py
[2025-03-09T16:01:06.028+0000] {processor.py:914} INFO - Processing file /home/airflow/.local/lib/python3.12/site-packages/airflow/example_dags/example_display_name.py for tasks to queue
[2025-03-09T16:01:06.029+0000] {logging_mixin.py:190} INFO - [2025-03-09T16:01:06.029+0000] {dagbag.py:588} INFO - Filling up the DagBag from /home/airflow/.local/lib/python3.12/site-packages/airflow/example_dags/example_display_name.py
[2025-03-09T16:01:06.033+0000] {processor.py:925} INFO - DAG(s) 'example_display_name' retrieved from /home/airflow/.local/lib/python3.12/site-packages/airflow/example_dags/example_display_name.py
[2025-03-09T16:01:06.045+0000] {logging_mixin.py:190} INFO - [2025-03-09T16:01:06.045+0000] {dag.py:3239} INFO - Sync 1 DAGs
[2025-03-09T16:01:06.053+0000] {logging_mixin.py:190} INFO - [2025-03-09T16:01:06.053+0000] {dag.py:4180} INFO - Setting next_dagrun for example_display_name to None, run_after=None
[2025-03-09T16:01:06.070+0000] {processor.py:208} INFO - Processing /home/airflow/.local/lib/python3.12/site-packages/airflow/example_dags/example_display_name.py took 0.046 seconds
[2025-03-09T16:01:36.696+0000] {processor.py:186} INFO - Started process (PID=10083) to work on /home/airflow/.local/lib/python3.12/site-packages/airflow/example_dags/example_display_name.py
[2025-03-09T16:01:36.697+0000] {processor.py:914} INFO - Processing file /home/airflow/.local/lib/python3.12/site-packages/airflow/example_dags/example_display_name.py for tasks to queue
[2025-03-09T16:01:36.700+0000] {logging_mixin.py:190} INFO - [2025-03-09T16:01:36.700+0000] {dagbag.py:588} INFO - Filling up the DagBag from /home/airflow/.local/lib/python3.12/site-packages/airflow/example_dags/example_display_name.py
[2025-03-09T16:01:36.707+0000] {processor.py:925} INFO - DAG(s) 'example_display_name' retrieved from /home/airflow/.local/lib/python3.12/site-packages/airflow/example_dags/example_display_name.py
[2025-03-09T16:01:36.732+0000] {logging_mixin.py:190} INFO - [2025-03-09T16:01:36.731+0000] {dag.py:3239} INFO - Sync 1 DAGs
[2025-03-09T16:01:36.753+0000] {logging_mixin.py:190} INFO - [2025-03-09T16:01:36.753+0000] {dag.py:4180} INFO - Setting next_dagrun for example_display_name to None, run_after=None
[2025-03-09T16:01:36.773+0000] {processor.py:208} INFO - Processing /home/airflow/.local/lib/python3.12/site-packages/airflow/example_dags/example_display_name.py took 0.084 seconds
[2025-03-09T16:02:07.232+0000] {processor.py:186} INFO - Started process (PID=10409) to work on /home/airflow/.local/lib/python3.12/site-packages/airflow/example_dags/example_display_name.py
[2025-03-09T16:02:07.232+0000] {processor.py:914} INFO - Processing file /home/airflow/.local/lib/python3.12/site-packages/airflow/example_dags/example_display_name.py for tasks to queue
[2025-03-09T16:02:07.234+0000] {logging_mixin.py:190} INFO - [2025-03-09T16:02:07.234+0000] {dagbag.py:588} INFO - Filling up the DagBag from /home/airflow/.local/lib/python3.12/site-packages/airflow/example_dags/example_display_name.py
[2025-03-09T16:02:07.239+0000] {processor.py:925} INFO - DAG(s) 'example_display_name' retrieved from /home/airflow/.local/lib/python3.12/site-packages/airflow/example_dags/example_display_name.py
[2025-03-09T16:02:07.251+0000] {logging_mixin.py:190} INFO - [2025-03-09T16:02:07.251+0000] {dag.py:3239} INFO - Sync 1 DAGs
[2025-03-09T16:02:07.259+0000] {logging_mixin.py:190} INFO - [2025-03-09T16:02:07.259+0000] {dag.py:4180} INFO - Setting next_dagrun for example_display_name to None, run_after=None
[2025-03-09T16:02:07.275+0000] {processor.py:208} INFO - Processing /home/airflow/.local/lib/python3.12/site-packages/airflow/example_dags/example_display_name.py took 0.047 seconds
[2025-03-09T16:02:37.793+0000] {processor.py:186} INFO - Started process (PID=10735) to work on /home/airflow/.local/lib/python3.12/site-packages/airflow/example_dags/example_display_name.py
[2025-03-09T16:02:37.793+0000] {processor.py:914} INFO - Processing file /home/airflow/.local/lib/python3.12/site-packages/airflow/example_dags/example_display_name.py for tasks to queue
[2025-03-09T16:02:37.794+0000] {logging_mixin.py:190} INFO - [2025-03-09T16:02:37.794+0000] {dagbag.py:588} INFO - Filling up the DagBag from /home/airflow/.local/lib/python3.12/site-packages/airflow/example_dags/example_display_name.py
[2025-03-09T16:02:37.799+0000] {processor.py:925} INFO - DAG(s) 'example_display_name' retrieved from /home/airflow/.local/lib/python3.12/site-packages/airflow/example_dags/example_display_name.py
[2025-03-09T16:02:37.823+0000] {logging_mixin.py:190} INFO - [2025-03-09T16:02:37.823+0000] {dag.py:3239} INFO - Sync 1 DAGs
[2025-03-09T16:02:37.839+0000] {logging_mixin.py:190} INFO - [2025-03-09T16:02:37.839+0000] {dag.py:4180} INFO - Setting next_dagrun for example_display_name to None, run_after=None
[2025-03-09T16:02:37.855+0000] {processor.py:208} INFO - Processing /home/airflow/.local/lib/python3.12/site-packages/airflow/example_dags/example_display_name.py took 0.066 seconds
[2025-03-09T16:03:08.540+0000] {processor.py:186} INFO - Started process (PID=11061) to work on /home/airflow/.local/lib/python3.12/site-packages/airflow/example_dags/example_display_name.py
[2025-03-09T16:03:08.541+0000] {processor.py:914} INFO - Processing file /home/airflow/.local/lib/python3.12/site-packages/airflow/example_dags/example_display_name.py for tasks to queue
[2025-03-09T16:03:08.543+0000] {logging_mixin.py:190} INFO - [2025-03-09T16:03:08.542+0000] {dagbag.py:588} INFO - Filling up the DagBag from /home/airflow/.local/lib/python3.12/site-packages/airflow/example_dags/example_display_name.py
[2025-03-09T16:03:08.552+0000] {processor.py:925} INFO - DAG(s) 'example_display_name' retrieved from /home/airflow/.local/lib/python3.12/site-packages/airflow/example_dags/example_display_name.py
[2025-03-09T16:03:08.581+0000] {logging_mixin.py:190} INFO - [2025-03-09T16:03:08.581+0000] {dag.py:3239} INFO - Sync 1 DAGs
[2025-03-09T16:03:08.590+0000] {logging_mixin.py:190} INFO - [2025-03-09T16:03:08.590+0000] {dag.py:4180} INFO - Setting next_dagrun for example_display_name to None, run_after=None
[2025-03-09T16:03:08.601+0000] {processor.py:208} INFO - Processing /home/airflow/.local/lib/python3.12/site-packages/airflow/example_dags/example_display_name.py took 0.067 seconds
[2025-03-09T16:03:39.487+0000] {processor.py:186} INFO - Started process (PID=11387) to work on /home/airflow/.local/lib/python3.12/site-packages/airflow/example_dags/example_display_name.py
[2025-03-09T16:03:39.488+0000] {processor.py:914} INFO - Processing file /home/airflow/.local/lib/python3.12/site-packages/airflow/example_dags/example_display_name.py for tasks to queue
[2025-03-09T16:03:39.490+0000] {logging_mixin.py:190} INFO - [2025-03-09T16:03:39.489+0000] {dagbag.py:588} INFO - Filling up the DagBag from /home/airflow/.local/lib/python3.12/site-packages/airflow/example_dags/example_display_name.py
[2025-03-09T16:03:39.495+0000] {processor.py:925} INFO - DAG(s) 'example_display_name' retrieved from /home/airflow/.local/lib/python3.12/site-packages/airflow/example_dags/example_display_name.py
[2025-03-09T16:03:39.520+0000] {logging_mixin.py:190} INFO - [2025-03-09T16:03:39.520+0000] {dag.py:3239} INFO - Sync 1 DAGs
[2025-03-09T16:03:39.539+0000] {logging_mixin.py:190} INFO - [2025-03-09T16:03:39.538+0000] {dag.py:4180} INFO - Setting next_dagrun for example_display_name to None, run_after=None
[2025-03-09T16:03:39.560+0000] {processor.py:208} INFO - Processing /home/airflow/.local/lib/python3.12/site-packages/airflow/example_dags/example_display_name.py took 0.079 seconds
[2025-03-09T16:04:10.166+0000] {processor.py:186} INFO - Started process (PID=11711) to work on /home/airflow/.local/lib/python3.12/site-packages/airflow/example_dags/example_display_name.py
[2025-03-09T16:04:10.167+0000] {processor.py:914} INFO - Processing file /home/airflow/.local/lib/python3.12/site-packages/airflow/example_dags/example_display_name.py for tasks to queue
[2025-03-09T16:04:10.168+0000] {logging_mixin.py:190} INFO - [2025-03-09T16:04:10.168+0000] {dagbag.py:588} INFO - Filling up the DagBag from /home/airflow/.local/lib/python3.12/site-packages/airflow/example_dags/example_display_name.py
[2025-03-09T16:04:10.172+0000] {processor.py:925} INFO - DAG(s) 'example_display_name' retrieved from /home/airflow/.local/lib/python3.12/site-packages/airflow/example_dags/example_display_name.py
[2025-03-09T16:04:10.186+0000] {logging_mixin.py:190} INFO - [2025-03-09T16:04:10.186+0000] {dag.py:3239} INFO - Sync 1 DAGs
[2025-03-09T16:04:10.197+0000] {logging_mixin.py:190} INFO - [2025-03-09T16:04:10.197+0000] {dag.py:4180} INFO - Setting next_dagrun for example_display_name to None, run_after=None
[2025-03-09T16:04:10.209+0000] {processor.py:208} INFO - Processing /home/airflow/.local/lib/python3.12/site-packages/airflow/example_dags/example_display_name.py took 0.047 seconds
[2025-03-09T16:04:41.057+0000] {processor.py:186} INFO - Started process (PID=12037) to work on /home/airflow/.local/lib/python3.12/site-packages/airflow/example_dags/example_display_name.py
[2025-03-09T16:04:41.057+0000] {processor.py:914} INFO - Processing file /home/airflow/.local/lib/python3.12/site-packages/airflow/example_dags/example_display_name.py for tasks to queue
[2025-03-09T16:04:41.058+0000] {logging_mixin.py:190} INFO - [2025-03-09T16:04:41.058+0000] {dagbag.py:588} INFO - Filling up the DagBag from /home/airflow/.local/lib/python3.12/site-packages/airflow/example_dags/example_display_name.py
[2025-03-09T16:04:41.063+0000] {processor.py:925} INFO - DAG(s) 'example_display_name' retrieved from /home/airflow/.local/lib/python3.12/site-packages/airflow/example_dags/example_display_name.py
[2025-03-09T16:04:41.078+0000] {logging_mixin.py:190} INFO - [2025-03-09T16:04:41.077+0000] {dag.py:3239} INFO - Sync 1 DAGs
[2025-03-09T16:04:41.087+0000] {logging_mixin.py:190} INFO - [2025-03-09T16:04:41.087+0000] {dag.py:4180} INFO - Setting next_dagrun for example_display_name to None, run_after=None
[2025-03-09T16:04:41.104+0000] {processor.py:208} INFO - Processing /home/airflow/.local/lib/python3.12/site-packages/airflow/example_dags/example_display_name.py took 0.052 seconds
[2025-03-09T16:05:12.039+0000] {processor.py:186} INFO - Started process (PID=12365) to work on /home/airflow/.local/lib/python3.12/site-packages/airflow/example_dags/example_display_name.py
[2025-03-09T16:05:12.040+0000] {processor.py:914} INFO - Processing file /home/airflow/.local/lib/python3.12/site-packages/airflow/example_dags/example_display_name.py for tasks to queue
[2025-03-09T16:05:12.041+0000] {logging_mixin.py:190} INFO - [2025-03-09T16:05:12.041+0000] {dagbag.py:588} INFO - Filling up the DagBag from /home/airflow/.local/lib/python3.12/site-packages/airflow/example_dags/example_display_name.py
[2025-03-09T16:05:12.046+0000] {processor.py:925} INFO - DAG(s) 'example_display_name' retrieved from /home/airflow/.local/lib/python3.12/site-packages/airflow/example_dags/example_display_name.py
[2025-03-09T16:05:12.059+0000] {logging_mixin.py:190} INFO - [2025-03-09T16:05:12.059+0000] {dag.py:3239} INFO - Sync 1 DAGs
[2025-03-09T16:05:12.067+0000] {logging_mixin.py:190} INFO - [2025-03-09T16:05:12.067+0000] {dag.py:4180} INFO - Setting next_dagrun for example_display_name to None, run_after=None
[2025-03-09T16:05:12.080+0000] {processor.py:208} INFO - Processing /home/airflow/.local/lib/python3.12/site-packages/airflow/example_dags/example_display_name.py took 0.046 seconds
[2025-03-09T16:05:42.730+0000] {processor.py:186} INFO - Started process (PID=12691) to work on /home/airflow/.local/lib/python3.12/site-packages/airflow/example_dags/example_display_name.py
[2025-03-09T16:05:42.731+0000] {processor.py:914} INFO - Processing file /home/airflow/.local/lib/python3.12/site-packages/airflow/example_dags/example_display_name.py for tasks to queue
[2025-03-09T16:05:42.732+0000] {logging_mixin.py:190} INFO - [2025-03-09T16:05:42.732+0000] {dagbag.py:588} INFO - Filling up the DagBag from /home/airflow/.local/lib/python3.12/site-packages/airflow/example_dags/example_display_name.py
[2025-03-09T16:05:42.741+0000] {processor.py:925} INFO - DAG(s) 'example_display_name' retrieved from /home/airflow/.local/lib/python3.12/site-packages/airflow/example_dags/example_display_name.py
[2025-03-09T16:05:42.767+0000] {logging_mixin.py:190} INFO - [2025-03-09T16:05:42.767+0000] {dag.py:3239} INFO - Sync 1 DAGs
[2025-03-09T16:05:42.789+0000] {logging_mixin.py:190} INFO - [2025-03-09T16:05:42.789+0000] {dag.py:4180} INFO - Setting next_dagrun for example_display_name to None, run_after=None
[2025-03-09T16:05:42.812+0000] {processor.py:208} INFO - Processing /home/airflow/.local/lib/python3.12/site-packages/airflow/example_dags/example_display_name.py took 0.088 seconds
[2025-03-09T16:06:13.316+0000] {processor.py:186} INFO - Started process (PID=13015) to work on /home/airflow/.local/lib/python3.12/site-packages/airflow/example_dags/example_display_name.py
[2025-03-09T16:06:13.316+0000] {processor.py:914} INFO - Processing file /home/airflow/.local/lib/python3.12/site-packages/airflow/example_dags/example_display_name.py for tasks to queue
[2025-03-09T16:06:13.317+0000] {logging_mixin.py:190} INFO - [2025-03-09T16:06:13.317+0000] {dagbag.py:588} INFO - Filling up the DagBag from /home/airflow/.local/lib/python3.12/site-packages/airflow/example_dags/example_display_name.py
[2025-03-09T16:06:13.322+0000] {processor.py:925} INFO - DAG(s) 'example_display_name' retrieved from /home/airflow/.local/lib/python3.12/site-packages/airflow/example_dags/example_display_name.py
[2025-03-09T16:06:13.335+0000] {logging_mixin.py:190} INFO - [2025-03-09T16:06:13.335+0000] {dag.py:3239} INFO - Sync 1 DAGs
[2025-03-09T16:06:13.350+0000] {logging_mixin.py:190} INFO - [2025-03-09T16:06:13.349+0000] {dag.py:4180} INFO - Setting next_dagrun for example_display_name to None, run_after=None
[2025-03-09T16:06:13.369+0000] {processor.py:208} INFO - Processing /home/airflow/.local/lib/python3.12/site-packages/airflow/example_dags/example_display_name.py took 0.057 seconds
[2025-03-09T16:06:43.831+0000] {processor.py:186} INFO - Started process (PID=13341) to work on /home/airflow/.local/lib/python3.12/site-packages/airflow/example_dags/example_display_name.py
[2025-03-09T16:06:43.832+0000] {processor.py:914} INFO - Processing file /home/airflow/.local/lib/python3.12/site-packages/airflow/example_dags/example_display_name.py for tasks to queue
[2025-03-09T16:06:43.834+0000] {logging_mixin.py:190} INFO - [2025-03-09T16:06:43.833+0000] {dagbag.py:588} INFO - Filling up the DagBag from /home/airflow/.local/lib/python3.12/site-packages/airflow/example_dags/example_display_name.py
[2025-03-09T16:06:43.839+0000] {processor.py:925} INFO - DAG(s) 'example_display_name' retrieved from /home/airflow/.local/lib/python3.12/site-packages/airflow/example_dags/example_display_name.py
[2025-03-09T16:06:43.858+0000] {logging_mixin.py:190} INFO - [2025-03-09T16:06:43.858+0000] {dag.py:3239} INFO - Sync 1 DAGs
[2025-03-09T16:06:43.870+0000] {logging_mixin.py:190} INFO - [2025-03-09T16:06:43.870+0000] {dag.py:4180} INFO - Setting next_dagrun for example_display_name to None, run_after=None
[2025-03-09T16:06:43.890+0000] {processor.py:208} INFO - Processing /home/airflow/.local/lib/python3.12/site-packages/airflow/example_dags/example_display_name.py took 0.065 seconds
[2025-03-09T16:07:14.516+0000] {processor.py:186} INFO - Started process (PID=13669) to work on /home/airflow/.local/lib/python3.12/site-packages/airflow/example_dags/example_display_name.py
[2025-03-09T16:07:14.517+0000] {processor.py:914} INFO - Processing file /home/airflow/.local/lib/python3.12/site-packages/airflow/example_dags/example_display_name.py for tasks to queue
[2025-03-09T16:07:14.519+0000] {logging_mixin.py:190} INFO - [2025-03-09T16:07:14.518+0000] {dagbag.py:588} INFO - Filling up the DagBag from /home/airflow/.local/lib/python3.12/site-packages/airflow/example_dags/example_display_name.py
[2025-03-09T16:07:14.523+0000] {processor.py:925} INFO - DAG(s) 'example_display_name' retrieved from /home/airflow/.local/lib/python3.12/site-packages/airflow/example_dags/example_display_name.py
[2025-03-09T16:07:14.540+0000] {logging_mixin.py:190} INFO - [2025-03-09T16:07:14.540+0000] {dag.py:3239} INFO - Sync 1 DAGs
[2025-03-09T16:07:14.558+0000] {logging_mixin.py:190} INFO - [2025-03-09T16:07:14.558+0000] {dag.py:4180} INFO - Setting next_dagrun for example_display_name to None, run_after=None
[2025-03-09T16:07:14.581+0000] {processor.py:208} INFO - Processing /home/airflow/.local/lib/python3.12/site-packages/airflow/example_dags/example_display_name.py took 0.069 seconds
[2025-03-09T16:07:44.813+0000] {processor.py:186} INFO - Started process (PID=13995) to work on /home/airflow/.local/lib/python3.12/site-packages/airflow/example_dags/example_display_name.py
[2025-03-09T16:07:44.814+0000] {processor.py:914} INFO - Processing file /home/airflow/.local/lib/python3.12/site-packages/airflow/example_dags/example_display_name.py for tasks to queue
[2025-03-09T16:07:44.816+0000] {logging_mixin.py:190} INFO - [2025-03-09T16:07:44.816+0000] {dagbag.py:588} INFO - Filling up the DagBag from /home/airflow/.local/lib/python3.12/site-packages/airflow/example_dags/example_display_name.py
[2025-03-09T16:07:44.825+0000] {processor.py:925} INFO - DAG(s) 'example_display_name' retrieved from /home/airflow/.local/lib/python3.12/site-packages/airflow/example_dags/example_display_name.py
[2025-03-09T16:07:44.846+0000] {logging_mixin.py:190} INFO - [2025-03-09T16:07:44.846+0000] {dag.py:3239} INFO - Sync 1 DAGs
[2025-03-09T16:07:44.859+0000] {logging_mixin.py:190} INFO - [2025-03-09T16:07:44.859+0000] {dag.py:4180} INFO - Setting next_dagrun for example_display_name to None, run_after=None
[2025-03-09T16:07:44.871+0000] {processor.py:208} INFO - Processing /home/airflow/.local/lib/python3.12/site-packages/airflow/example_dags/example_display_name.py took 0.065 seconds
[2025-03-09T16:08:14.991+0000] {processor.py:186} INFO - Started process (PID=14320) to work on /home/airflow/.local/lib/python3.12/site-packages/airflow/example_dags/example_display_name.py
[2025-03-09T16:08:14.992+0000] {processor.py:914} INFO - Processing file /home/airflow/.local/lib/python3.12/site-packages/airflow/example_dags/example_display_name.py for tasks to queue
[2025-03-09T16:08:14.993+0000] {logging_mixin.py:190} INFO - [2025-03-09T16:08:14.993+0000] {dagbag.py:588} INFO - Filling up the DagBag from /home/airflow/.local/lib/python3.12/site-packages/airflow/example_dags/example_display_name.py
[2025-03-09T16:08:14.998+0000] {processor.py:925} INFO - DAG(s) 'example_display_name' retrieved from /home/airflow/.local/lib/python3.12/site-packages/airflow/example_dags/example_display_name.py
[2025-03-09T16:08:15.012+0000] {logging_mixin.py:190} INFO - [2025-03-09T16:08:15.012+0000] {dag.py:3239} INFO - Sync 1 DAGs
[2025-03-09T16:08:15.024+0000] {logging_mixin.py:190} INFO - [2025-03-09T16:08:15.023+0000] {dag.py:4180} INFO - Setting next_dagrun for example_display_name to None, run_after=None
[2025-03-09T16:08:15.041+0000] {processor.py:208} INFO - Processing /home/airflow/.local/lib/python3.12/site-packages/airflow/example_dags/example_display_name.py took 0.057 seconds
[2025-03-09T16:08:45.660+0000] {processor.py:186} INFO - Started process (PID=14645) to work on /home/airflow/.local/lib/python3.12/site-packages/airflow/example_dags/example_display_name.py
[2025-03-09T16:08:45.661+0000] {processor.py:914} INFO - Processing file /home/airflow/.local/lib/python3.12/site-packages/airflow/example_dags/example_display_name.py for tasks to queue
[2025-03-09T16:08:45.663+0000] {logging_mixin.py:190} INFO - [2025-03-09T16:08:45.662+0000] {dagbag.py:588} INFO - Filling up the DagBag from /home/airflow/.local/lib/python3.12/site-packages/airflow/example_dags/example_display_name.py
[2025-03-09T16:08:45.667+0000] {processor.py:925} INFO - DAG(s) 'example_display_name' retrieved from /home/airflow/.local/lib/python3.12/site-packages/airflow/example_dags/example_display_name.py
[2025-03-09T16:08:45.678+0000] {logging_mixin.py:190} INFO - [2025-03-09T16:08:45.678+0000] {dag.py:3239} INFO - Sync 1 DAGs
[2025-03-09T16:08:45.687+0000] {logging_mixin.py:190} INFO - [2025-03-09T16:08:45.687+0000] {dag.py:4180} INFO - Setting next_dagrun for example_display_name to None, run_after=None
[2025-03-09T16:08:45.699+0000] {processor.py:208} INFO - Processing /home/airflow/.local/lib/python3.12/site-packages/airflow/example_dags/example_display_name.py took 0.042 seconds
[2025-03-09T16:09:15.800+0000] {processor.py:186} INFO - Started process (PID=14972) to work on /home/airflow/.local/lib/python3.12/site-packages/airflow/example_dags/example_display_name.py
[2025-03-09T16:09:15.800+0000] {processor.py:914} INFO - Processing file /home/airflow/.local/lib/python3.12/site-packages/airflow/example_dags/example_display_name.py for tasks to queue
[2025-03-09T16:09:15.801+0000] {logging_mixin.py:190} INFO - [2025-03-09T16:09:15.801+0000] {dagbag.py:588} INFO - Filling up the DagBag from /home/airflow/.local/lib/python3.12/site-packages/airflow/example_dags/example_display_name.py
[2025-03-09T16:09:15.805+0000] {processor.py:925} INFO - DAG(s) 'example_display_name' retrieved from /home/airflow/.local/lib/python3.12/site-packages/airflow/example_dags/example_display_name.py
[2025-03-09T16:09:15.819+0000] {logging_mixin.py:190} INFO - [2025-03-09T16:09:15.818+0000] {dag.py:3239} INFO - Sync 1 DAGs
[2025-03-09T16:09:15.828+0000] {logging_mixin.py:190} INFO - [2025-03-09T16:09:15.828+0000] {dag.py:4180} INFO - Setting next_dagrun for example_display_name to None, run_after=None
[2025-03-09T16:09:15.841+0000] {processor.py:208} INFO - Processing /home/airflow/.local/lib/python3.12/site-packages/airflow/example_dags/example_display_name.py took 0.047 seconds
[2025-03-09T16:09:45.940+0000] {processor.py:186} INFO - Started process (PID=15298) to work on /home/airflow/.local/lib/python3.12/site-packages/airflow/example_dags/example_display_name.py
[2025-03-09T16:09:45.941+0000] {processor.py:914} INFO - Processing file /home/airflow/.local/lib/python3.12/site-packages/airflow/example_dags/example_display_name.py for tasks to queue
[2025-03-09T16:09:45.942+0000] {logging_mixin.py:190} INFO - [2025-03-09T16:09:45.942+0000] {dagbag.py:588} INFO - Filling up the DagBag from /home/airflow/.local/lib/python3.12/site-packages/airflow/example_dags/example_display_name.py
[2025-03-09T16:09:45.947+0000] {processor.py:925} INFO - DAG(s) 'example_display_name' retrieved from /home/airflow/.local/lib/python3.12/site-packages/airflow/example_dags/example_display_name.py
[2025-03-09T16:09:45.958+0000] {logging_mixin.py:190} INFO - [2025-03-09T16:09:45.958+0000] {dag.py:3239} INFO - Sync 1 DAGs
[2025-03-09T16:09:45.966+0000] {logging_mixin.py:190} INFO - [2025-03-09T16:09:45.966+0000] {dag.py:4180} INFO - Setting next_dagrun for example_display_name to None, run_after=None
[2025-03-09T16:09:45.979+0000] {processor.py:208} INFO - Processing /home/airflow/.local/lib/python3.12/site-packages/airflow/example_dags/example_display_name.py took 0.043 seconds
[2025-03-09T16:10:16.687+0000] {processor.py:186} INFO - Started process (PID=15626) to work on /home/airflow/.local/lib/python3.12/site-packages/airflow/example_dags/example_display_name.py
[2025-03-09T16:10:16.688+0000] {processor.py:914} INFO - Processing file /home/airflow/.local/lib/python3.12/site-packages/airflow/example_dags/example_display_name.py for tasks to queue
[2025-03-09T16:10:16.690+0000] {logging_mixin.py:190} INFO - [2025-03-09T16:10:16.690+0000] {dagbag.py:588} INFO - Filling up the DagBag from /home/airflow/.local/lib/python3.12/site-packages/airflow/example_dags/example_display_name.py
[2025-03-09T16:10:16.696+0000] {processor.py:925} INFO - DAG(s) 'example_display_name' retrieved from /home/airflow/.local/lib/python3.12/site-packages/airflow/example_dags/example_display_name.py
[2025-03-09T16:10:16.709+0000] {logging_mixin.py:190} INFO - [2025-03-09T16:10:16.709+0000] {dag.py:3239} INFO - Sync 1 DAGs
[2025-03-09T16:10:16.721+0000] {logging_mixin.py:190} INFO - [2025-03-09T16:10:16.721+0000] {dag.py:4180} INFO - Setting next_dagrun for example_display_name to None, run_after=None
[2025-03-09T16:10:16.741+0000] {processor.py:208} INFO - Processing /home/airflow/.local/lib/python3.12/site-packages/airflow/example_dags/example_display_name.py took 0.060 seconds
[2025-03-09T16:10:47.138+0000] {processor.py:186} INFO - Started process (PID=15952) to work on /home/airflow/.local/lib/python3.12/site-packages/airflow/example_dags/example_display_name.py
[2025-03-09T16:10:47.138+0000] {processor.py:914} INFO - Processing file /home/airflow/.local/lib/python3.12/site-packages/airflow/example_dags/example_display_name.py for tasks to queue
[2025-03-09T16:10:47.139+0000] {logging_mixin.py:190} INFO - [2025-03-09T16:10:47.139+0000] {dagbag.py:588} INFO - Filling up the DagBag from /home/airflow/.local/lib/python3.12/site-packages/airflow/example_dags/example_display_name.py
[2025-03-09T16:10:47.144+0000] {processor.py:925} INFO - DAG(s) 'example_display_name' retrieved from /home/airflow/.local/lib/python3.12/site-packages/airflow/example_dags/example_display_name.py
[2025-03-09T16:10:47.159+0000] {logging_mixin.py:190} INFO - [2025-03-09T16:10:47.159+0000] {dag.py:3239} INFO - Sync 1 DAGs
[2025-03-09T16:10:47.167+0000] {logging_mixin.py:190} INFO - [2025-03-09T16:10:47.167+0000] {dag.py:4180} INFO - Setting next_dagrun for example_display_name to None, run_after=None
[2025-03-09T16:10:47.178+0000] {processor.py:208} INFO - Processing /home/airflow/.local/lib/python3.12/site-packages/airflow/example_dags/example_display_name.py took 0.045 seconds
[2025-03-09T16:11:17.800+0000] {processor.py:186} INFO - Started process (PID=16278) to work on /home/airflow/.local/lib/python3.12/site-packages/airflow/example_dags/example_display_name.py
[2025-03-09T16:11:17.800+0000] {processor.py:914} INFO - Processing file /home/airflow/.local/lib/python3.12/site-packages/airflow/example_dags/example_display_name.py for tasks to queue
[2025-03-09T16:11:17.802+0000] {logging_mixin.py:190} INFO - [2025-03-09T16:11:17.801+0000] {dagbag.py:588} INFO - Filling up the DagBag from /home/airflow/.local/lib/python3.12/site-packages/airflow/example_dags/example_display_name.py
[2025-03-09T16:11:17.807+0000] {processor.py:925} INFO - DAG(s) 'example_display_name' retrieved from /home/airflow/.local/lib/python3.12/site-packages/airflow/example_dags/example_display_name.py
[2025-03-09T16:11:17.820+0000] {logging_mixin.py:190} INFO - [2025-03-09T16:11:17.820+0000] {dag.py:3239} INFO - Sync 1 DAGs
[2025-03-09T16:11:17.833+0000] {logging_mixin.py:190} INFO - [2025-03-09T16:11:17.833+0000] {dag.py:4180} INFO - Setting next_dagrun for example_display_name to None, run_after=None
[2025-03-09T16:11:17.852+0000] {processor.py:208} INFO - Processing /home/airflow/.local/lib/python3.12/site-packages/airflow/example_dags/example_display_name.py took 0.059 seconds
[2025-03-09T16:11:48.247+0000] {processor.py:186} INFO - Started process (PID=16602) to work on /home/airflow/.local/lib/python3.12/site-packages/airflow/example_dags/example_display_name.py
[2025-03-09T16:11:48.247+0000] {processor.py:914} INFO - Processing file /home/airflow/.local/lib/python3.12/site-packages/airflow/example_dags/example_display_name.py for tasks to queue
[2025-03-09T16:11:48.249+0000] {logging_mixin.py:190} INFO - [2025-03-09T16:11:48.248+0000] {dagbag.py:588} INFO - Filling up the DagBag from /home/airflow/.local/lib/python3.12/site-packages/airflow/example_dags/example_display_name.py
[2025-03-09T16:11:48.253+0000] {processor.py:925} INFO - DAG(s) 'example_display_name' retrieved from /home/airflow/.local/lib/python3.12/site-packages/airflow/example_dags/example_display_name.py
[2025-03-09T16:11:48.271+0000] {logging_mixin.py:190} INFO - [2025-03-09T16:11:48.270+0000] {dag.py:3239} INFO - Sync 1 DAGs
[2025-03-09T16:11:48.279+0000] {logging_mixin.py:190} INFO - [2025-03-09T16:11:48.279+0000] {dag.py:4180} INFO - Setting next_dagrun for example_display_name to None, run_after=None
[2025-03-09T16:11:48.291+0000] {processor.py:208} INFO - Processing /home/airflow/.local/lib/python3.12/site-packages/airflow/example_dags/example_display_name.py took 0.050 seconds
[2025-03-09T16:12:19.095+0000] {processor.py:186} INFO - Started process (PID=16934) to work on /home/airflow/.local/lib/python3.12/site-packages/airflow/example_dags/example_display_name.py
[2025-03-09T16:12:19.096+0000] {processor.py:914} INFO - Processing file /home/airflow/.local/lib/python3.12/site-packages/airflow/example_dags/example_display_name.py for tasks to queue
[2025-03-09T16:12:19.097+0000] {logging_mixin.py:190} INFO - [2025-03-09T16:12:19.096+0000] {dagbag.py:588} INFO - Filling up the DagBag from /home/airflow/.local/lib/python3.12/site-packages/airflow/example_dags/example_display_name.py
[2025-03-09T16:12:19.101+0000] {processor.py:925} INFO - DAG(s) 'example_display_name' retrieved from /home/airflow/.local/lib/python3.12/site-packages/airflow/example_dags/example_display_name.py
[2025-03-09T16:12:19.114+0000] {logging_mixin.py:190} INFO - [2025-03-09T16:12:19.114+0000] {dag.py:3239} INFO - Sync 1 DAGs
[2025-03-09T16:12:19.122+0000] {logging_mixin.py:190} INFO - [2025-03-09T16:12:19.122+0000] {dag.py:4180} INFO - Setting next_dagrun for example_display_name to None, run_after=None
[2025-03-09T16:12:19.137+0000] {processor.py:208} INFO - Processing /home/airflow/.local/lib/python3.12/site-packages/airflow/example_dags/example_display_name.py took 0.045 seconds
[2025-03-09T16:12:49.270+0000] {processor.py:186} INFO - Started process (PID=17260) to work on /home/airflow/.local/lib/python3.12/site-packages/airflow/example_dags/example_display_name.py
[2025-03-09T16:12:49.270+0000] {processor.py:914} INFO - Processing file /home/airflow/.local/lib/python3.12/site-packages/airflow/example_dags/example_display_name.py for tasks to queue
[2025-03-09T16:12:49.272+0000] {logging_mixin.py:190} INFO - [2025-03-09T16:12:49.272+0000] {dagbag.py:588} INFO - Filling up the DagBag from /home/airflow/.local/lib/python3.12/site-packages/airflow/example_dags/example_display_name.py
[2025-03-09T16:12:49.280+0000] {processor.py:925} INFO - DAG(s) 'example_display_name' retrieved from /home/airflow/.local/lib/python3.12/site-packages/airflow/example_dags/example_display_name.py
[2025-03-09T16:12:49.303+0000] {logging_mixin.py:190} INFO - [2025-03-09T16:12:49.302+0000] {dag.py:3239} INFO - Sync 1 DAGs
[2025-03-09T16:12:49.318+0000] {logging_mixin.py:190} INFO - [2025-03-09T16:12:49.318+0000] {dag.py:4180} INFO - Setting next_dagrun for example_display_name to None, run_after=None
[2025-03-09T16:12:49.340+0000] {processor.py:208} INFO - Processing /home/airflow/.local/lib/python3.12/site-packages/airflow/example_dags/example_display_name.py took 0.076 seconds
[2025-03-09T16:13:19.522+0000] {processor.py:186} INFO - Started process (PID=17588) to work on /home/airflow/.local/lib/python3.12/site-packages/airflow/example_dags/example_display_name.py
[2025-03-09T16:13:19.522+0000] {processor.py:914} INFO - Processing file /home/airflow/.local/lib/python3.12/site-packages/airflow/example_dags/example_display_name.py for tasks to queue
[2025-03-09T16:13:19.524+0000] {logging_mixin.py:190} INFO - [2025-03-09T16:13:19.523+0000] {dagbag.py:588} INFO - Filling up the DagBag from /home/airflow/.local/lib/python3.12/site-packages/airflow/example_dags/example_display_name.py
[2025-03-09T16:13:19.528+0000] {processor.py:925} INFO - DAG(s) 'example_display_name' retrieved from /home/airflow/.local/lib/python3.12/site-packages/airflow/example_dags/example_display_name.py
[2025-03-09T16:13:19.539+0000] {logging_mixin.py:190} INFO - [2025-03-09T16:13:19.539+0000] {dag.py:3239} INFO - Sync 1 DAGs
[2025-03-09T16:13:19.548+0000] {logging_mixin.py:190} INFO - [2025-03-09T16:13:19.548+0000] {dag.py:4180} INFO - Setting next_dagrun for example_display_name to None, run_after=None
[2025-03-09T16:13:19.560+0000] {processor.py:208} INFO - Processing /home/airflow/.local/lib/python3.12/site-packages/airflow/example_dags/example_display_name.py took 0.042 seconds
[2025-03-09T16:13:50.450+0000] {processor.py:186} INFO - Started process (PID=17912) to work on /home/airflow/.local/lib/python3.12/site-packages/airflow/example_dags/example_display_name.py
[2025-03-09T16:13:50.451+0000] {processor.py:914} INFO - Processing file /home/airflow/.local/lib/python3.12/site-packages/airflow/example_dags/example_display_name.py for tasks to queue
[2025-03-09T16:13:50.452+0000] {logging_mixin.py:190} INFO - [2025-03-09T16:13:50.452+0000] {dagbag.py:588} INFO - Filling up the DagBag from /home/airflow/.local/lib/python3.12/site-packages/airflow/example_dags/example_display_name.py
[2025-03-09T16:13:50.457+0000] {processor.py:925} INFO - DAG(s) 'example_display_name' retrieved from /home/airflow/.local/lib/python3.12/site-packages/airflow/example_dags/example_display_name.py
[2025-03-09T16:13:50.468+0000] {logging_mixin.py:190} INFO - [2025-03-09T16:13:50.468+0000] {dag.py:3239} INFO - Sync 1 DAGs
[2025-03-09T16:13:50.477+0000] {logging_mixin.py:190} INFO - [2025-03-09T16:13:50.477+0000] {dag.py:4180} INFO - Setting next_dagrun for example_display_name to None, run_after=None
[2025-03-09T16:13:50.489+0000] {processor.py:208} INFO - Processing /home/airflow/.local/lib/python3.12/site-packages/airflow/example_dags/example_display_name.py took 0.043 seconds
[2025-03-09T16:14:21.335+0000] {processor.py:186} INFO - Started process (PID=18238) to work on /home/airflow/.local/lib/python3.12/site-packages/airflow/example_dags/example_display_name.py
[2025-03-09T16:14:21.336+0000] {processor.py:914} INFO - Processing file /home/airflow/.local/lib/python3.12/site-packages/airflow/example_dags/example_display_name.py for tasks to queue
[2025-03-09T16:14:21.337+0000] {logging_mixin.py:190} INFO - [2025-03-09T16:14:21.337+0000] {dagbag.py:588} INFO - Filling up the DagBag from /home/airflow/.local/lib/python3.12/site-packages/airflow/example_dags/example_display_name.py
[2025-03-09T16:14:21.343+0000] {processor.py:925} INFO - DAG(s) 'example_display_name' retrieved from /home/airflow/.local/lib/python3.12/site-packages/airflow/example_dags/example_display_name.py
[2025-03-09T16:14:21.356+0000] {logging_mixin.py:190} INFO - [2025-03-09T16:14:21.356+0000] {dag.py:3239} INFO - Sync 1 DAGs
[2025-03-09T16:14:21.365+0000] {logging_mixin.py:190} INFO - [2025-03-09T16:14:21.365+0000] {dag.py:4180} INFO - Setting next_dagrun for example_display_name to None, run_after=None
[2025-03-09T16:14:21.380+0000] {processor.py:208} INFO - Processing /home/airflow/.local/lib/python3.12/site-packages/airflow/example_dags/example_display_name.py took 0.049 seconds
[2025-03-09T16:14:52.018+0000] {processor.py:186} INFO - Started process (PID=18566) to work on /home/airflow/.local/lib/python3.12/site-packages/airflow/example_dags/example_display_name.py
[2025-03-09T16:14:52.018+0000] {processor.py:914} INFO - Processing file /home/airflow/.local/lib/python3.12/site-packages/airflow/example_dags/example_display_name.py for tasks to queue
[2025-03-09T16:14:52.020+0000] {logging_mixin.py:190} INFO - [2025-03-09T16:14:52.019+0000] {dagbag.py:588} INFO - Filling up the DagBag from /home/airflow/.local/lib/python3.12/site-packages/airflow/example_dags/example_display_name.py
[2025-03-09T16:14:52.025+0000] {processor.py:925} INFO - DAG(s) 'example_display_name' retrieved from /home/airflow/.local/lib/python3.12/site-packages/airflow/example_dags/example_display_name.py
[2025-03-09T16:14:52.038+0000] {logging_mixin.py:190} INFO - [2025-03-09T16:14:52.038+0000] {dag.py:3239} INFO - Sync 1 DAGs
[2025-03-09T16:14:52.047+0000] {logging_mixin.py:190} INFO - [2025-03-09T16:14:52.047+0000] {dag.py:4180} INFO - Setting next_dagrun for example_display_name to None, run_after=None
[2025-03-09T16:14:52.059+0000] {processor.py:208} INFO - Processing /home/airflow/.local/lib/python3.12/site-packages/airflow/example_dags/example_display_name.py took 0.045 seconds
[2025-03-09T16:15:22.963+0000] {processor.py:186} INFO - Started process (PID=18890) to work on /home/airflow/.local/lib/python3.12/site-packages/airflow/example_dags/example_display_name.py
[2025-03-09T16:15:22.964+0000] {processor.py:914} INFO - Processing file /home/airflow/.local/lib/python3.12/site-packages/airflow/example_dags/example_display_name.py for tasks to queue
[2025-03-09T16:15:22.965+0000] {logging_mixin.py:190} INFO - [2025-03-09T16:15:22.965+0000] {dagbag.py:588} INFO - Filling up the DagBag from /home/airflow/.local/lib/python3.12/site-packages/airflow/example_dags/example_display_name.py
[2025-03-09T16:15:22.969+0000] {processor.py:925} INFO - DAG(s) 'example_display_name' retrieved from /home/airflow/.local/lib/python3.12/site-packages/airflow/example_dags/example_display_name.py
[2025-03-09T16:15:22.983+0000] {logging_mixin.py:190} INFO - [2025-03-09T16:15:22.983+0000] {dag.py:3239} INFO - Sync 1 DAGs
[2025-03-09T16:15:22.993+0000] {logging_mixin.py:190} INFO - [2025-03-09T16:15:22.993+0000] {dag.py:4180} INFO - Setting next_dagrun for example_display_name to None, run_after=None
[2025-03-09T16:15:23.009+0000] {processor.py:208} INFO - Processing /home/airflow/.local/lib/python3.12/site-packages/airflow/example_dags/example_display_name.py took 0.049 seconds
[2025-03-09T16:15:53.746+0000] {processor.py:186} INFO - Started process (PID=19216) to work on /home/airflow/.local/lib/python3.12/site-packages/airflow/example_dags/example_display_name.py
[2025-03-09T16:15:53.747+0000] {processor.py:914} INFO - Processing file /home/airflow/.local/lib/python3.12/site-packages/airflow/example_dags/example_display_name.py for tasks to queue
[2025-03-09T16:15:53.748+0000] {logging_mixin.py:190} INFO - [2025-03-09T16:15:53.748+0000] {dagbag.py:588} INFO - Filling up the DagBag from /home/airflow/.local/lib/python3.12/site-packages/airflow/example_dags/example_display_name.py
[2025-03-09T16:15:53.753+0000] {processor.py:925} INFO - DAG(s) 'example_display_name' retrieved from /home/airflow/.local/lib/python3.12/site-packages/airflow/example_dags/example_display_name.py
[2025-03-09T16:15:53.767+0000] {logging_mixin.py:190} INFO - [2025-03-09T16:15:53.767+0000] {dag.py:3239} INFO - Sync 1 DAGs
[2025-03-09T16:15:53.775+0000] {logging_mixin.py:190} INFO - [2025-03-09T16:15:53.775+0000] {dag.py:4180} INFO - Setting next_dagrun for example_display_name to None, run_after=None
[2025-03-09T16:15:53.789+0000] {processor.py:208} INFO - Processing /home/airflow/.local/lib/python3.12/site-packages/airflow/example_dags/example_display_name.py took 0.048 seconds
[2025-03-09T16:16:24.144+0000] {processor.py:186} INFO - Started process (PID=19544) to work on /home/airflow/.local/lib/python3.12/site-packages/airflow/example_dags/example_display_name.py
[2025-03-09T16:16:24.145+0000] {processor.py:914} INFO - Processing file /home/airflow/.local/lib/python3.12/site-packages/airflow/example_dags/example_display_name.py for tasks to queue
[2025-03-09T16:16:24.147+0000] {logging_mixin.py:190} INFO - [2025-03-09T16:16:24.147+0000] {dagbag.py:588} INFO - Filling up the DagBag from /home/airflow/.local/lib/python3.12/site-packages/airflow/example_dags/example_display_name.py
[2025-03-09T16:16:24.152+0000] {processor.py:925} INFO - DAG(s) 'example_display_name' retrieved from /home/airflow/.local/lib/python3.12/site-packages/airflow/example_dags/example_display_name.py
[2025-03-09T16:16:24.176+0000] {logging_mixin.py:190} INFO - [2025-03-09T16:16:24.175+0000] {dag.py:3239} INFO - Sync 1 DAGs
[2025-03-09T16:16:24.191+0000] {logging_mixin.py:190} INFO - [2025-03-09T16:16:24.191+0000] {dag.py:4180} INFO - Setting next_dagrun for example_display_name to None, run_after=None
[2025-03-09T16:16:24.205+0000] {processor.py:208} INFO - Processing /home/airflow/.local/lib/python3.12/site-packages/airflow/example_dags/example_display_name.py took 0.070 seconds
[2025-03-09T16:16:54.277+0000] {processor.py:186} INFO - Started process (PID=19870) to work on /home/airflow/.local/lib/python3.12/site-packages/airflow/example_dags/example_display_name.py
[2025-03-09T16:16:54.277+0000] {processor.py:914} INFO - Processing file /home/airflow/.local/lib/python3.12/site-packages/airflow/example_dags/example_display_name.py for tasks to queue
[2025-03-09T16:16:54.278+0000] {logging_mixin.py:190} INFO - [2025-03-09T16:16:54.278+0000] {dagbag.py:588} INFO - Filling up the DagBag from /home/airflow/.local/lib/python3.12/site-packages/airflow/example_dags/example_display_name.py
[2025-03-09T16:16:54.283+0000] {processor.py:925} INFO - DAG(s) 'example_display_name' retrieved from /home/airflow/.local/lib/python3.12/site-packages/airflow/example_dags/example_display_name.py
[2025-03-09T16:16:54.299+0000] {logging_mixin.py:190} INFO - [2025-03-09T16:16:54.299+0000] {dag.py:3239} INFO - Sync 1 DAGs
[2025-03-09T16:16:54.313+0000] {logging_mixin.py:190} INFO - [2025-03-09T16:16:54.312+0000] {dag.py:4180} INFO - Setting next_dagrun for example_display_name to None, run_after=None
[2025-03-09T16:16:54.328+0000] {processor.py:208} INFO - Processing /home/airflow/.local/lib/python3.12/site-packages/airflow/example_dags/example_display_name.py took 0.055 seconds
[2025-03-09T16:17:24.385+0000] {processor.py:186} INFO - Started process (PID=20194) to work on /home/airflow/.local/lib/python3.12/site-packages/airflow/example_dags/example_display_name.py
[2025-03-09T16:17:24.386+0000] {processor.py:914} INFO - Processing file /home/airflow/.local/lib/python3.12/site-packages/airflow/example_dags/example_display_name.py for tasks to queue
[2025-03-09T16:17:24.387+0000] {logging_mixin.py:190} INFO - [2025-03-09T16:17:24.387+0000] {dagbag.py:588} INFO - Filling up the DagBag from /home/airflow/.local/lib/python3.12/site-packages/airflow/example_dags/example_display_name.py
[2025-03-09T16:17:24.393+0000] {processor.py:925} INFO - DAG(s) 'example_display_name' retrieved from /home/airflow/.local/lib/python3.12/site-packages/airflow/example_dags/example_display_name.py
[2025-03-09T16:17:24.412+0000] {logging_mixin.py:190} INFO - [2025-03-09T16:17:24.412+0000] {dag.py:3239} INFO - Sync 1 DAGs
[2025-03-09T16:17:24.424+0000] {logging_mixin.py:190} INFO - [2025-03-09T16:17:24.424+0000] {dag.py:4180} INFO - Setting next_dagrun for example_display_name to None, run_after=None
[2025-03-09T16:17:24.436+0000] {processor.py:208} INFO - Processing /home/airflow/.local/lib/python3.12/site-packages/airflow/example_dags/example_display_name.py took 0.056 seconds
[2025-03-09T16:17:55.389+0000] {processor.py:186} INFO - Started process (PID=20520) to work on /home/airflow/.local/lib/python3.12/site-packages/airflow/example_dags/example_display_name.py
[2025-03-09T16:17:55.390+0000] {processor.py:914} INFO - Processing file /home/airflow/.local/lib/python3.12/site-packages/airflow/example_dags/example_display_name.py for tasks to queue
[2025-03-09T16:17:55.392+0000] {logging_mixin.py:190} INFO - [2025-03-09T16:17:55.391+0000] {dagbag.py:588} INFO - Filling up the DagBag from /home/airflow/.local/lib/python3.12/site-packages/airflow/example_dags/example_display_name.py
[2025-03-09T16:17:55.397+0000] {processor.py:925} INFO - DAG(s) 'example_display_name' retrieved from /home/airflow/.local/lib/python3.12/site-packages/airflow/example_dags/example_display_name.py
[2025-03-09T16:17:55.411+0000] {logging_mixin.py:190} INFO - [2025-03-09T16:17:55.411+0000] {dag.py:3239} INFO - Sync 1 DAGs
[2025-03-09T16:17:55.420+0000] {logging_mixin.py:190} INFO - [2025-03-09T16:17:55.420+0000] {dag.py:4180} INFO - Setting next_dagrun for example_display_name to None, run_after=None
[2025-03-09T16:17:55.432+0000] {processor.py:208} INFO - Processing /home/airflow/.local/lib/python3.12/site-packages/airflow/example_dags/example_display_name.py took 0.048 seconds
[2025-03-09T16:18:25.853+0000] {processor.py:186} INFO - Started process (PID=20847) to work on /home/airflow/.local/lib/python3.12/site-packages/airflow/example_dags/example_display_name.py
[2025-03-09T16:18:25.853+0000] {processor.py:914} INFO - Processing file /home/airflow/.local/lib/python3.12/site-packages/airflow/example_dags/example_display_name.py for tasks to queue
[2025-03-09T16:18:25.855+0000] {logging_mixin.py:190} INFO - [2025-03-09T16:18:25.854+0000] {dagbag.py:588} INFO - Filling up the DagBag from /home/airflow/.local/lib/python3.12/site-packages/airflow/example_dags/example_display_name.py
[2025-03-09T16:18:25.860+0000] {processor.py:925} INFO - DAG(s) 'example_display_name' retrieved from /home/airflow/.local/lib/python3.12/site-packages/airflow/example_dags/example_display_name.py
[2025-03-09T16:18:25.882+0000] {logging_mixin.py:190} INFO - [2025-03-09T16:18:25.882+0000] {dag.py:3239} INFO - Sync 1 DAGs
[2025-03-09T16:18:25.895+0000] {logging_mixin.py:190} INFO - [2025-03-09T16:18:25.895+0000] {dag.py:4180} INFO - Setting next_dagrun for example_display_name to None, run_after=None
[2025-03-09T16:18:25.913+0000] {processor.py:208} INFO - Processing /home/airflow/.local/lib/python3.12/site-packages/airflow/example_dags/example_display_name.py took 0.065 seconds
[2025-03-09T16:18:56.115+0000] {processor.py:186} INFO - Started process (PID=21172) to work on /home/airflow/.local/lib/python3.12/site-packages/airflow/example_dags/example_display_name.py
[2025-03-09T16:18:56.116+0000] {processor.py:914} INFO - Processing file /home/airflow/.local/lib/python3.12/site-packages/airflow/example_dags/example_display_name.py for tasks to queue
[2025-03-09T16:18:56.117+0000] {logging_mixin.py:190} INFO - [2025-03-09T16:18:56.117+0000] {dagbag.py:588} INFO - Filling up the DagBag from /home/airflow/.local/lib/python3.12/site-packages/airflow/example_dags/example_display_name.py
[2025-03-09T16:18:56.121+0000] {processor.py:925} INFO - DAG(s) 'example_display_name' retrieved from /home/airflow/.local/lib/python3.12/site-packages/airflow/example_dags/example_display_name.py
[2025-03-09T16:18:56.134+0000] {logging_mixin.py:190} INFO - [2025-03-09T16:18:56.134+0000] {dag.py:3239} INFO - Sync 1 DAGs
[2025-03-09T16:18:56.143+0000] {logging_mixin.py:190} INFO - [2025-03-09T16:18:56.143+0000] {dag.py:4180} INFO - Setting next_dagrun for example_display_name to None, run_after=None
[2025-03-09T16:18:56.156+0000] {processor.py:208} INFO - Processing /home/airflow/.local/lib/python3.12/site-packages/airflow/example_dags/example_display_name.py took 0.045 seconds
[2025-03-09T16:19:27.271+0000] {processor.py:186} INFO - Started process (PID=21498) to work on /home/airflow/.local/lib/python3.12/site-packages/airflow/example_dags/example_display_name.py
[2025-03-09T16:19:27.272+0000] {processor.py:914} INFO - Processing file /home/airflow/.local/lib/python3.12/site-packages/airflow/example_dags/example_display_name.py for tasks to queue
[2025-03-09T16:19:27.273+0000] {logging_mixin.py:190} INFO - [2025-03-09T16:19:27.273+0000] {dagbag.py:588} INFO - Filling up the DagBag from /home/airflow/.local/lib/python3.12/site-packages/airflow/example_dags/example_display_name.py
[2025-03-09T16:19:27.278+0000] {processor.py:925} INFO - DAG(s) 'example_display_name' retrieved from /home/airflow/.local/lib/python3.12/site-packages/airflow/example_dags/example_display_name.py
[2025-03-09T16:19:27.293+0000] {logging_mixin.py:190} INFO - [2025-03-09T16:19:27.293+0000] {dag.py:3239} INFO - Sync 1 DAGs
[2025-03-09T16:19:27.425+0000] {logging_mixin.py:190} INFO - [2025-03-09T16:19:27.425+0000] {dag.py:4180} INFO - Setting next_dagrun for example_display_name to None, run_after=None
[2025-03-09T16:19:27.440+0000] {processor.py:208} INFO - Processing /home/airflow/.local/lib/python3.12/site-packages/airflow/example_dags/example_display_name.py took 0.173 seconds
