[2025-03-09T15:46:13.992+0000] {processor.py:186} INFO - Started process (PID=302) to work on /home/airflow/.local/lib/python3.12/site-packages/airflow/example_dags/example_latest_only_with_trigger.py
[2025-03-09T15:46:13.993+0000] {processor.py:914} INFO - Processing file /home/airflow/.local/lib/python3.12/site-packages/airflow/example_dags/example_latest_only_with_trigger.py for tasks to queue
[2025-03-09T15:46:13.994+0000] {logging_mixin.py:190} INFO - [2025-03-09T15:46:13.994+0000] {dagbag.py:588} INFO - Filling up the DagBag from /home/airflow/.local/lib/python3.12/site-packages/airflow/example_dags/example_latest_only_with_trigger.py
[2025-03-09T15:46:14.001+0000] {processor.py:925} INFO - DAG(s) 'latest_only_with_trigger' retrieved from /home/airflow/.local/lib/python3.12/site-packages/airflow/example_dags/example_latest_only_with_trigger.py
[2025-03-09T15:46:14.025+0000] {logging_mixin.py:190} INFO - [2025-03-09T15:46:14.025+0000] {dag.py:3239} INFO - Sync 1 DAGs
[2025-03-09T15:46:14.044+0000] {logging_mixin.py:190} INFO - [2025-03-09T15:46:14.044+0000] {dag.py:4180} INFO - Setting next_dagrun for latest_only_with_trigger to 2025-03-09 08:00:00+00:00, run_after=2025-03-09 12:00:00+00:00
[2025-03-09T15:46:14.057+0000] {processor.py:208} INFO - Processing /home/airflow/.local/lib/python3.12/site-packages/airflow/example_dags/example_latest_only_with_trigger.py took 0.070 seconds
[2025-03-09T15:46:44.740+0000] {processor.py:186} INFO - Started process (PID=634) to work on /home/airflow/.local/lib/python3.12/site-packages/airflow/example_dags/example_latest_only_with_trigger.py
[2025-03-09T15:46:44.741+0000] {processor.py:914} INFO - Processing file /home/airflow/.local/lib/python3.12/site-packages/airflow/example_dags/example_latest_only_with_trigger.py for tasks to queue
[2025-03-09T15:46:44.742+0000] {logging_mixin.py:190} INFO - [2025-03-09T15:46:44.742+0000] {dagbag.py:588} INFO - Filling up the DagBag from /home/airflow/.local/lib/python3.12/site-packages/airflow/example_dags/example_latest_only_with_trigger.py
[2025-03-09T15:46:44.749+0000] {processor.py:925} INFO - DAG(s) 'latest_only_with_trigger' retrieved from /home/airflow/.local/lib/python3.12/site-packages/airflow/example_dags/example_latest_only_with_trigger.py
[2025-03-09T15:46:44.764+0000] {logging_mixin.py:190} INFO - [2025-03-09T15:46:44.764+0000] {dag.py:3239} INFO - Sync 1 DAGs
[2025-03-09T15:46:44.778+0000] {logging_mixin.py:190} INFO - [2025-03-09T15:46:44.778+0000] {dag.py:4180} INFO - Setting next_dagrun for latest_only_with_trigger to 2025-03-09 08:00:00+00:00, run_after=2025-03-09 12:00:00+00:00
[2025-03-09T15:46:44.791+0000] {processor.py:208} INFO - Processing /home/airflow/.local/lib/python3.12/site-packages/airflow/example_dags/example_latest_only_with_trigger.py took 0.057 seconds
[2025-03-09T15:47:14.945+0000] {processor.py:186} INFO - Started process (PID=958) to work on /home/airflow/.local/lib/python3.12/site-packages/airflow/example_dags/example_latest_only_with_trigger.py
[2025-03-09T15:47:14.945+0000] {processor.py:914} INFO - Processing file /home/airflow/.local/lib/python3.12/site-packages/airflow/example_dags/example_latest_only_with_trigger.py for tasks to queue
[2025-03-09T15:47:14.947+0000] {logging_mixin.py:190} INFO - [2025-03-09T15:47:14.946+0000] {dagbag.py:588} INFO - Filling up the DagBag from /home/airflow/.local/lib/python3.12/site-packages/airflow/example_dags/example_latest_only_with_trigger.py
[2025-03-09T15:47:14.951+0000] {processor.py:925} INFO - DAG(s) 'latest_only_with_trigger' retrieved from /home/airflow/.local/lib/python3.12/site-packages/airflow/example_dags/example_latest_only_with_trigger.py
[2025-03-09T15:47:14.968+0000] {logging_mixin.py:190} INFO - [2025-03-09T15:47:14.967+0000] {dag.py:3239} INFO - Sync 1 DAGs
[2025-03-09T15:47:14.983+0000] {logging_mixin.py:190} INFO - [2025-03-09T15:47:14.983+0000] {dag.py:4180} INFO - Setting next_dagrun for latest_only_with_trigger to 2025-03-09 08:00:00+00:00, run_after=2025-03-09 12:00:00+00:00
[2025-03-09T15:47:14.998+0000] {processor.py:208} INFO - Processing /home/airflow/.local/lib/python3.12/site-packages/airflow/example_dags/example_latest_only_with_trigger.py took 0.056 seconds
[2025-03-09T15:47:45.889+0000] {processor.py:186} INFO - Started process (PID=1290) to work on /home/airflow/.local/lib/python3.12/site-packages/airflow/example_dags/example_latest_only_with_trigger.py
[2025-03-09T15:47:45.889+0000] {processor.py:914} INFO - Processing file /home/airflow/.local/lib/python3.12/site-packages/airflow/example_dags/example_latest_only_with_trigger.py for tasks to queue
[2025-03-09T15:47:45.890+0000] {logging_mixin.py:190} INFO - [2025-03-09T15:47:45.890+0000] {dagbag.py:588} INFO - Filling up the DagBag from /home/airflow/.local/lib/python3.12/site-packages/airflow/example_dags/example_latest_only_with_trigger.py
[2025-03-09T15:47:45.895+0000] {processor.py:925} INFO - DAG(s) 'latest_only_with_trigger' retrieved from /home/airflow/.local/lib/python3.12/site-packages/airflow/example_dags/example_latest_only_with_trigger.py
[2025-03-09T15:47:45.913+0000] {logging_mixin.py:190} INFO - [2025-03-09T15:47:45.913+0000] {dag.py:3239} INFO - Sync 1 DAGs
[2025-03-09T15:47:45.934+0000] {logging_mixin.py:190} INFO - [2025-03-09T15:47:45.934+0000] {dag.py:4180} INFO - Setting next_dagrun for latest_only_with_trigger to 2025-03-09 08:00:00+00:00, run_after=2025-03-09 12:00:00+00:00
[2025-03-09T15:47:45.948+0000] {processor.py:208} INFO - Processing /home/airflow/.local/lib/python3.12/site-packages/airflow/example_dags/example_latest_only_with_trigger.py took 0.063 seconds
[2025-03-09T15:48:16.754+0000] {processor.py:186} INFO - Started process (PID=1616) to work on /home/airflow/.local/lib/python3.12/site-packages/airflow/example_dags/example_latest_only_with_trigger.py
[2025-03-09T15:48:16.755+0000] {processor.py:914} INFO - Processing file /home/airflow/.local/lib/python3.12/site-packages/airflow/example_dags/example_latest_only_with_trigger.py for tasks to queue
[2025-03-09T15:48:16.756+0000] {logging_mixin.py:190} INFO - [2025-03-09T15:48:16.755+0000] {dagbag.py:588} INFO - Filling up the DagBag from /home/airflow/.local/lib/python3.12/site-packages/airflow/example_dags/example_latest_only_with_trigger.py
[2025-03-09T15:48:16.760+0000] {processor.py:925} INFO - DAG(s) 'latest_only_with_trigger' retrieved from /home/airflow/.local/lib/python3.12/site-packages/airflow/example_dags/example_latest_only_with_trigger.py
[2025-03-09T15:48:16.774+0000] {logging_mixin.py:190} INFO - [2025-03-09T15:48:16.774+0000] {dag.py:3239} INFO - Sync 1 DAGs
[2025-03-09T15:48:16.789+0000] {logging_mixin.py:190} INFO - [2025-03-09T15:48:16.788+0000] {dag.py:4180} INFO - Setting next_dagrun for latest_only_with_trigger to 2025-03-09 08:00:00+00:00, run_after=2025-03-09 12:00:00+00:00
[2025-03-09T15:48:16.803+0000] {processor.py:208} INFO - Processing /home/airflow/.local/lib/python3.12/site-packages/airflow/example_dags/example_latest_only_with_trigger.py took 0.053 seconds
[2025-03-09T15:48:47.618+0000] {processor.py:186} INFO - Started process (PID=1944) to work on /home/airflow/.local/lib/python3.12/site-packages/airflow/example_dags/example_latest_only_with_trigger.py
[2025-03-09T15:48:47.619+0000] {processor.py:914} INFO - Processing file /home/airflow/.local/lib/python3.12/site-packages/airflow/example_dags/example_latest_only_with_trigger.py for tasks to queue
[2025-03-09T15:48:47.620+0000] {logging_mixin.py:190} INFO - [2025-03-09T15:48:47.620+0000] {dagbag.py:588} INFO - Filling up the DagBag from /home/airflow/.local/lib/python3.12/site-packages/airflow/example_dags/example_latest_only_with_trigger.py
[2025-03-09T15:48:47.626+0000] {processor.py:925} INFO - DAG(s) 'latest_only_with_trigger' retrieved from /home/airflow/.local/lib/python3.12/site-packages/airflow/example_dags/example_latest_only_with_trigger.py
[2025-03-09T15:48:47.640+0000] {logging_mixin.py:190} INFO - [2025-03-09T15:48:47.640+0000] {dag.py:3239} INFO - Sync 1 DAGs
[2025-03-09T15:48:47.655+0000] {logging_mixin.py:190} INFO - [2025-03-09T15:48:47.655+0000] {dag.py:4180} INFO - Setting next_dagrun for latest_only_with_trigger to 2025-03-09 08:00:00+00:00, run_after=2025-03-09 12:00:00+00:00
[2025-03-09T15:48:47.667+0000] {processor.py:208} INFO - Processing /home/airflow/.local/lib/python3.12/site-packages/airflow/example_dags/example_latest_only_with_trigger.py took 0.052 seconds
[2025-03-09T15:49:18.515+0000] {processor.py:186} INFO - Started process (PID=2268) to work on /home/airflow/.local/lib/python3.12/site-packages/airflow/example_dags/example_latest_only_with_trigger.py
[2025-03-09T15:49:18.515+0000] {processor.py:914} INFO - Processing file /home/airflow/.local/lib/python3.12/site-packages/airflow/example_dags/example_latest_only_with_trigger.py for tasks to queue
[2025-03-09T15:49:18.516+0000] {logging_mixin.py:190} INFO - [2025-03-09T15:49:18.516+0000] {dagbag.py:588} INFO - Filling up the DagBag from /home/airflow/.local/lib/python3.12/site-packages/airflow/example_dags/example_latest_only_with_trigger.py
[2025-03-09T15:49:18.520+0000] {processor.py:925} INFO - DAG(s) 'latest_only_with_trigger' retrieved from /home/airflow/.local/lib/python3.12/site-packages/airflow/example_dags/example_latest_only_with_trigger.py
[2025-03-09T15:49:18.532+0000] {logging_mixin.py:190} INFO - [2025-03-09T15:49:18.532+0000] {dag.py:3239} INFO - Sync 1 DAGs
[2025-03-09T15:49:18.546+0000] {logging_mixin.py:190} INFO - [2025-03-09T15:49:18.546+0000] {dag.py:4180} INFO - Setting next_dagrun for latest_only_with_trigger to 2025-03-09 08:00:00+00:00, run_after=2025-03-09 12:00:00+00:00
[2025-03-09T15:49:18.557+0000] {processor.py:208} INFO - Processing /home/airflow/.local/lib/python3.12/site-packages/airflow/example_dags/example_latest_only_with_trigger.py took 0.047 seconds
[2025-03-09T15:49:49.324+0000] {processor.py:186} INFO - Started process (PID=2595) to work on /home/airflow/.local/lib/python3.12/site-packages/airflow/example_dags/example_latest_only_with_trigger.py
[2025-03-09T15:49:49.324+0000] {processor.py:914} INFO - Processing file /home/airflow/.local/lib/python3.12/site-packages/airflow/example_dags/example_latest_only_with_trigger.py for tasks to queue
[2025-03-09T15:49:49.326+0000] {logging_mixin.py:190} INFO - [2025-03-09T15:49:49.326+0000] {dagbag.py:588} INFO - Filling up the DagBag from /home/airflow/.local/lib/python3.12/site-packages/airflow/example_dags/example_latest_only_with_trigger.py
[2025-03-09T15:49:49.331+0000] {processor.py:925} INFO - DAG(s) 'latest_only_with_trigger' retrieved from /home/airflow/.local/lib/python3.12/site-packages/airflow/example_dags/example_latest_only_with_trigger.py
[2025-03-09T15:49:49.345+0000] {logging_mixin.py:190} INFO - [2025-03-09T15:49:49.345+0000] {dag.py:3239} INFO - Sync 1 DAGs
[2025-03-09T15:49:49.361+0000] {logging_mixin.py:190} INFO - [2025-03-09T15:49:49.361+0000] {dag.py:4180} INFO - Setting next_dagrun for latest_only_with_trigger to 2025-03-09 08:00:00+00:00, run_after=2025-03-09 12:00:00+00:00
[2025-03-09T15:49:49.374+0000] {processor.py:208} INFO - Processing /home/airflow/.local/lib/python3.12/site-packages/airflow/example_dags/example_latest_only_with_trigger.py took 0.056 seconds
[2025-03-09T15:50:20.276+0000] {processor.py:186} INFO - Started process (PID=2922) to work on /home/airflow/.local/lib/python3.12/site-packages/airflow/example_dags/example_latest_only_with_trigger.py
[2025-03-09T15:50:20.276+0000] {processor.py:914} INFO - Processing file /home/airflow/.local/lib/python3.12/site-packages/airflow/example_dags/example_latest_only_with_trigger.py for tasks to queue
[2025-03-09T15:50:20.277+0000] {logging_mixin.py:190} INFO - [2025-03-09T15:50:20.277+0000] {dagbag.py:588} INFO - Filling up the DagBag from /home/airflow/.local/lib/python3.12/site-packages/airflow/example_dags/example_latest_only_with_trigger.py
[2025-03-09T15:50:20.282+0000] {processor.py:925} INFO - DAG(s) 'latest_only_with_trigger' retrieved from /home/airflow/.local/lib/python3.12/site-packages/airflow/example_dags/example_latest_only_with_trigger.py
[2025-03-09T15:50:20.296+0000] {logging_mixin.py:190} INFO - [2025-03-09T15:50:20.296+0000] {dag.py:3239} INFO - Sync 1 DAGs
[2025-03-09T15:50:20.313+0000] {logging_mixin.py:190} INFO - [2025-03-09T15:50:20.313+0000] {dag.py:4180} INFO - Setting next_dagrun for latest_only_with_trigger to 2025-03-09 08:00:00+00:00, run_after=2025-03-09 12:00:00+00:00
[2025-03-09T15:50:20.331+0000] {processor.py:208} INFO - Processing /home/airflow/.local/lib/python3.12/site-packages/airflow/example_dags/example_latest_only_with_trigger.py took 0.059 seconds
[2025-03-09T15:50:51.244+0000] {processor.py:186} INFO - Started process (PID=3246) to work on /home/airflow/.local/lib/python3.12/site-packages/airflow/example_dags/example_latest_only_with_trigger.py
[2025-03-09T15:50:51.244+0000] {processor.py:914} INFO - Processing file /home/airflow/.local/lib/python3.12/site-packages/airflow/example_dags/example_latest_only_with_trigger.py for tasks to queue
[2025-03-09T15:50:51.246+0000] {logging_mixin.py:190} INFO - [2025-03-09T15:50:51.245+0000] {dagbag.py:588} INFO - Filling up the DagBag from /home/airflow/.local/lib/python3.12/site-packages/airflow/example_dags/example_latest_only_with_trigger.py
[2025-03-09T15:50:51.250+0000] {processor.py:925} INFO - DAG(s) 'latest_only_with_trigger' retrieved from /home/airflow/.local/lib/python3.12/site-packages/airflow/example_dags/example_latest_only_with_trigger.py
[2025-03-09T15:50:51.264+0000] {logging_mixin.py:190} INFO - [2025-03-09T15:50:51.264+0000] {dag.py:3239} INFO - Sync 1 DAGs
[2025-03-09T15:50:51.281+0000] {logging_mixin.py:190} INFO - [2025-03-09T15:50:51.281+0000] {dag.py:4180} INFO - Setting next_dagrun for latest_only_with_trigger to 2025-03-09 08:00:00+00:00, run_after=2025-03-09 12:00:00+00:00
[2025-03-09T15:50:51.294+0000] {processor.py:208} INFO - Processing /home/airflow/.local/lib/python3.12/site-packages/airflow/example_dags/example_latest_only_with_trigger.py took 0.055 seconds
[2025-03-09T15:51:22.235+0000] {processor.py:186} INFO - Started process (PID=3574) to work on /home/airflow/.local/lib/python3.12/site-packages/airflow/example_dags/example_latest_only_with_trigger.py
[2025-03-09T15:51:22.235+0000] {processor.py:914} INFO - Processing file /home/airflow/.local/lib/python3.12/site-packages/airflow/example_dags/example_latest_only_with_trigger.py for tasks to queue
[2025-03-09T15:51:22.237+0000] {logging_mixin.py:190} INFO - [2025-03-09T15:51:22.236+0000] {dagbag.py:588} INFO - Filling up the DagBag from /home/airflow/.local/lib/python3.12/site-packages/airflow/example_dags/example_latest_only_with_trigger.py
[2025-03-09T15:51:22.241+0000] {processor.py:925} INFO - DAG(s) 'latest_only_with_trigger' retrieved from /home/airflow/.local/lib/python3.12/site-packages/airflow/example_dags/example_latest_only_with_trigger.py
[2025-03-09T15:51:22.255+0000] {logging_mixin.py:190} INFO - [2025-03-09T15:51:22.255+0000] {dag.py:3239} INFO - Sync 1 DAGs
[2025-03-09T15:51:22.269+0000] {logging_mixin.py:190} INFO - [2025-03-09T15:51:22.269+0000] {dag.py:4180} INFO - Setting next_dagrun for latest_only_with_trigger to 2025-03-09 08:00:00+00:00, run_after=2025-03-09 12:00:00+00:00
[2025-03-09T15:51:22.287+0000] {processor.py:208} INFO - Processing /home/airflow/.local/lib/python3.12/site-packages/airflow/example_dags/example_latest_only_with_trigger.py took 0.058 seconds
[2025-03-09T15:51:53.113+0000] {processor.py:186} INFO - Started process (PID=3898) to work on /home/airflow/.local/lib/python3.12/site-packages/airflow/example_dags/example_latest_only_with_trigger.py
[2025-03-09T15:51:53.113+0000] {processor.py:914} INFO - Processing file /home/airflow/.local/lib/python3.12/site-packages/airflow/example_dags/example_latest_only_with_trigger.py for tasks to queue
[2025-03-09T15:51:53.114+0000] {logging_mixin.py:190} INFO - [2025-03-09T15:51:53.114+0000] {dagbag.py:588} INFO - Filling up the DagBag from /home/airflow/.local/lib/python3.12/site-packages/airflow/example_dags/example_latest_only_with_trigger.py
[2025-03-09T15:51:53.119+0000] {processor.py:925} INFO - DAG(s) 'latest_only_with_trigger' retrieved from /home/airflow/.local/lib/python3.12/site-packages/airflow/example_dags/example_latest_only_with_trigger.py
[2025-03-09T15:51:53.132+0000] {logging_mixin.py:190} INFO - [2025-03-09T15:51:53.132+0000] {dag.py:3239} INFO - Sync 1 DAGs
[2025-03-09T15:51:53.146+0000] {logging_mixin.py:190} INFO - [2025-03-09T15:51:53.146+0000] {dag.py:4180} INFO - Setting next_dagrun for latest_only_with_trigger to 2025-03-09 08:00:00+00:00, run_after=2025-03-09 12:00:00+00:00
[2025-03-09T15:51:53.158+0000] {processor.py:208} INFO - Processing /home/airflow/.local/lib/python3.12/site-packages/airflow/example_dags/example_latest_only_with_trigger.py took 0.050 seconds
[2025-03-09T15:52:24.129+0000] {processor.py:186} INFO - Started process (PID=4226) to work on /home/airflow/.local/lib/python3.12/site-packages/airflow/example_dags/example_latest_only_with_trigger.py
[2025-03-09T15:52:24.130+0000] {processor.py:914} INFO - Processing file /home/airflow/.local/lib/python3.12/site-packages/airflow/example_dags/example_latest_only_with_trigger.py for tasks to queue
[2025-03-09T15:52:24.133+0000] {logging_mixin.py:190} INFO - [2025-03-09T15:52:24.132+0000] {dagbag.py:588} INFO - Filling up the DagBag from /home/airflow/.local/lib/python3.12/site-packages/airflow/example_dags/example_latest_only_with_trigger.py
[2025-03-09T15:52:24.141+0000] {processor.py:925} INFO - DAG(s) 'latest_only_with_trigger' retrieved from /home/airflow/.local/lib/python3.12/site-packages/airflow/example_dags/example_latest_only_with_trigger.py
[2025-03-09T15:52:24.159+0000] {logging_mixin.py:190} INFO - [2025-03-09T15:52:24.158+0000] {dag.py:3239} INFO - Sync 1 DAGs
[2025-03-09T15:52:24.180+0000] {logging_mixin.py:190} INFO - [2025-03-09T15:52:24.180+0000] {dag.py:4180} INFO - Setting next_dagrun for latest_only_with_trigger to 2025-03-09 08:00:00+00:00, run_after=2025-03-09 12:00:00+00:00
[2025-03-09T15:52:24.194+0000] {processor.py:208} INFO - Processing /home/airflow/.local/lib/python3.12/site-packages/airflow/example_dags/example_latest_only_with_trigger.py took 0.071 seconds
[2025-03-09T15:52:54.901+0000] {processor.py:186} INFO - Started process (PID=4550) to work on /home/airflow/.local/lib/python3.12/site-packages/airflow/example_dags/example_latest_only_with_trigger.py
[2025-03-09T15:52:54.901+0000] {processor.py:914} INFO - Processing file /home/airflow/.local/lib/python3.12/site-packages/airflow/example_dags/example_latest_only_with_trigger.py for tasks to queue
[2025-03-09T15:52:54.902+0000] {logging_mixin.py:190} INFO - [2025-03-09T15:52:54.902+0000] {dagbag.py:588} INFO - Filling up the DagBag from /home/airflow/.local/lib/python3.12/site-packages/airflow/example_dags/example_latest_only_with_trigger.py
[2025-03-09T15:52:54.907+0000] {processor.py:925} INFO - DAG(s) 'latest_only_with_trigger' retrieved from /home/airflow/.local/lib/python3.12/site-packages/airflow/example_dags/example_latest_only_with_trigger.py
[2025-03-09T15:52:54.922+0000] {logging_mixin.py:190} INFO - [2025-03-09T15:52:54.922+0000] {dag.py:3239} INFO - Sync 1 DAGs
[2025-03-09T15:52:54.937+0000] {logging_mixin.py:190} INFO - [2025-03-09T15:52:54.936+0000] {dag.py:4180} INFO - Setting next_dagrun for latest_only_with_trigger to 2025-03-09 08:00:00+00:00, run_after=2025-03-09 12:00:00+00:00
[2025-03-09T15:52:54.950+0000] {processor.py:208} INFO - Processing /home/airflow/.local/lib/python3.12/site-packages/airflow/example_dags/example_latest_only_with_trigger.py took 0.053 seconds
[2025-03-09T15:53:25.544+0000] {processor.py:186} INFO - Started process (PID=4876) to work on /home/airflow/.local/lib/python3.12/site-packages/airflow/example_dags/example_latest_only_with_trigger.py
[2025-03-09T15:53:25.544+0000] {processor.py:914} INFO - Processing file /home/airflow/.local/lib/python3.12/site-packages/airflow/example_dags/example_latest_only_with_trigger.py for tasks to queue
[2025-03-09T15:53:25.546+0000] {logging_mixin.py:190} INFO - [2025-03-09T15:53:25.546+0000] {dagbag.py:588} INFO - Filling up the DagBag from /home/airflow/.local/lib/python3.12/site-packages/airflow/example_dags/example_latest_only_with_trigger.py
[2025-03-09T15:53:25.551+0000] {processor.py:925} INFO - DAG(s) 'latest_only_with_trigger' retrieved from /home/airflow/.local/lib/python3.12/site-packages/airflow/example_dags/example_latest_only_with_trigger.py
[2025-03-09T15:53:25.573+0000] {logging_mixin.py:190} INFO - [2025-03-09T15:53:25.573+0000] {dag.py:3239} INFO - Sync 1 DAGs
[2025-03-09T15:53:25.590+0000] {logging_mixin.py:190} INFO - [2025-03-09T15:53:25.590+0000] {dag.py:4180} INFO - Setting next_dagrun for latest_only_with_trigger to 2025-03-09 08:00:00+00:00, run_after=2025-03-09 12:00:00+00:00
[2025-03-09T15:53:25.605+0000] {processor.py:208} INFO - Processing /home/airflow/.local/lib/python3.12/site-packages/airflow/example_dags/example_latest_only_with_trigger.py took 0.066 seconds
[2025-03-09T15:53:56.206+0000] {processor.py:186} INFO - Started process (PID=5201) to work on /home/airflow/.local/lib/python3.12/site-packages/airflow/example_dags/example_latest_only_with_trigger.py
[2025-03-09T15:53:56.207+0000] {processor.py:914} INFO - Processing file /home/airflow/.local/lib/python3.12/site-packages/airflow/example_dags/example_latest_only_with_trigger.py for tasks to queue
[2025-03-09T15:53:56.208+0000] {logging_mixin.py:190} INFO - [2025-03-09T15:53:56.208+0000] {dagbag.py:588} INFO - Filling up the DagBag from /home/airflow/.local/lib/python3.12/site-packages/airflow/example_dags/example_latest_only_with_trigger.py
[2025-03-09T15:53:56.213+0000] {processor.py:925} INFO - DAG(s) 'latest_only_with_trigger' retrieved from /home/airflow/.local/lib/python3.12/site-packages/airflow/example_dags/example_latest_only_with_trigger.py
[2025-03-09T15:53:56.227+0000] {logging_mixin.py:190} INFO - [2025-03-09T15:53:56.227+0000] {dag.py:3239} INFO - Sync 1 DAGs
[2025-03-09T15:53:56.244+0000] {logging_mixin.py:190} INFO - [2025-03-09T15:53:56.243+0000] {dag.py:4180} INFO - Setting next_dagrun for latest_only_with_trigger to 2025-03-09 08:00:00+00:00, run_after=2025-03-09 12:00:00+00:00
[2025-03-09T15:53:56.257+0000] {processor.py:208} INFO - Processing /home/airflow/.local/lib/python3.12/site-packages/airflow/example_dags/example_latest_only_with_trigger.py took 0.055 seconds
[2025-03-09T15:54:27.130+0000] {processor.py:186} INFO - Started process (PID=5527) to work on /home/airflow/.local/lib/python3.12/site-packages/airflow/example_dags/example_latest_only_with_trigger.py
[2025-03-09T15:54:27.131+0000] {processor.py:914} INFO - Processing file /home/airflow/.local/lib/python3.12/site-packages/airflow/example_dags/example_latest_only_with_trigger.py for tasks to queue
[2025-03-09T15:54:27.132+0000] {logging_mixin.py:190} INFO - [2025-03-09T15:54:27.132+0000] {dagbag.py:588} INFO - Filling up the DagBag from /home/airflow/.local/lib/python3.12/site-packages/airflow/example_dags/example_latest_only_with_trigger.py
[2025-03-09T15:54:27.137+0000] {processor.py:925} INFO - DAG(s) 'latest_only_with_trigger' retrieved from /home/airflow/.local/lib/python3.12/site-packages/airflow/example_dags/example_latest_only_with_trigger.py
[2025-03-09T15:54:27.150+0000] {logging_mixin.py:190} INFO - [2025-03-09T15:54:27.150+0000] {dag.py:3239} INFO - Sync 1 DAGs
[2025-03-09T15:54:27.164+0000] {logging_mixin.py:190} INFO - [2025-03-09T15:54:27.164+0000] {dag.py:4180} INFO - Setting next_dagrun for latest_only_with_trigger to 2025-03-09 08:00:00+00:00, run_after=2025-03-09 12:00:00+00:00
[2025-03-09T15:54:27.177+0000] {processor.py:208} INFO - Processing /home/airflow/.local/lib/python3.12/site-packages/airflow/example_dags/example_latest_only_with_trigger.py took 0.051 seconds
[2025-03-09T15:54:57.804+0000] {processor.py:186} INFO - Started process (PID=5853) to work on /home/airflow/.local/lib/python3.12/site-packages/airflow/example_dags/example_latest_only_with_trigger.py
[2025-03-09T15:54:57.804+0000] {processor.py:914} INFO - Processing file /home/airflow/.local/lib/python3.12/site-packages/airflow/example_dags/example_latest_only_with_trigger.py for tasks to queue
[2025-03-09T15:54:57.805+0000] {logging_mixin.py:190} INFO - [2025-03-09T15:54:57.805+0000] {dagbag.py:588} INFO - Filling up the DagBag from /home/airflow/.local/lib/python3.12/site-packages/airflow/example_dags/example_latest_only_with_trigger.py
[2025-03-09T15:54:57.810+0000] {processor.py:925} INFO - DAG(s) 'latest_only_with_trigger' retrieved from /home/airflow/.local/lib/python3.12/site-packages/airflow/example_dags/example_latest_only_with_trigger.py
[2025-03-09T15:54:57.824+0000] {logging_mixin.py:190} INFO - [2025-03-09T15:54:57.824+0000] {dag.py:3239} INFO - Sync 1 DAGs
[2025-03-09T15:54:57.839+0000] {logging_mixin.py:190} INFO - [2025-03-09T15:54:57.839+0000] {dag.py:4180} INFO - Setting next_dagrun for latest_only_with_trigger to 2025-03-09 08:00:00+00:00, run_after=2025-03-09 12:00:00+00:00
[2025-03-09T15:54:57.854+0000] {processor.py:208} INFO - Processing /home/airflow/.local/lib/python3.12/site-packages/airflow/example_dags/example_latest_only_with_trigger.py took 0.053 seconds
[2025-03-09T15:55:28.560+0000] {processor.py:186} INFO - Started process (PID=6179) to work on /home/airflow/.local/lib/python3.12/site-packages/airflow/example_dags/example_latest_only_with_trigger.py
[2025-03-09T15:55:28.561+0000] {processor.py:914} INFO - Processing file /home/airflow/.local/lib/python3.12/site-packages/airflow/example_dags/example_latest_only_with_trigger.py for tasks to queue
[2025-03-09T15:55:28.562+0000] {logging_mixin.py:190} INFO - [2025-03-09T15:55:28.562+0000] {dagbag.py:588} INFO - Filling up the DagBag from /home/airflow/.local/lib/python3.12/site-packages/airflow/example_dags/example_latest_only_with_trigger.py
[2025-03-09T15:55:28.567+0000] {processor.py:925} INFO - DAG(s) 'latest_only_with_trigger' retrieved from /home/airflow/.local/lib/python3.12/site-packages/airflow/example_dags/example_latest_only_with_trigger.py
[2025-03-09T15:55:28.584+0000] {logging_mixin.py:190} INFO - [2025-03-09T15:55:28.584+0000] {dag.py:3239} INFO - Sync 1 DAGs
[2025-03-09T15:55:28.599+0000] {logging_mixin.py:190} INFO - [2025-03-09T15:55:28.599+0000] {dag.py:4180} INFO - Setting next_dagrun for latest_only_with_trigger to 2025-03-09 08:00:00+00:00, run_after=2025-03-09 12:00:00+00:00
[2025-03-09T15:55:28.616+0000] {processor.py:208} INFO - Processing /home/airflow/.local/lib/python3.12/site-packages/airflow/example_dags/example_latest_only_with_trigger.py took 0.062 seconds
[2025-03-09T15:55:59.792+0000] {processor.py:186} INFO - Started process (PID=6505) to work on /home/airflow/.local/lib/python3.12/site-packages/airflow/example_dags/example_latest_only_with_trigger.py
[2025-03-09T15:55:59.793+0000] {processor.py:914} INFO - Processing file /home/airflow/.local/lib/python3.12/site-packages/airflow/example_dags/example_latest_only_with_trigger.py for tasks to queue
[2025-03-09T15:55:59.795+0000] {logging_mixin.py:190} INFO - [2025-03-09T15:55:59.794+0000] {dagbag.py:588} INFO - Filling up the DagBag from /home/airflow/.local/lib/python3.12/site-packages/airflow/example_dags/example_latest_only_with_trigger.py
[2025-03-09T15:55:59.800+0000] {processor.py:925} INFO - DAG(s) 'latest_only_with_trigger' retrieved from /home/airflow/.local/lib/python3.12/site-packages/airflow/example_dags/example_latest_only_with_trigger.py
[2025-03-09T15:55:59.814+0000] {logging_mixin.py:190} INFO - [2025-03-09T15:55:59.814+0000] {dag.py:3239} INFO - Sync 1 DAGs
[2025-03-09T15:55:59.828+0000] {logging_mixin.py:190} INFO - [2025-03-09T15:55:59.828+0000] {dag.py:4180} INFO - Setting next_dagrun for latest_only_with_trigger to 2025-03-09 08:00:00+00:00, run_after=2025-03-09 12:00:00+00:00
[2025-03-09T15:55:59.843+0000] {processor.py:208} INFO - Processing /home/airflow/.local/lib/python3.12/site-packages/airflow/example_dags/example_latest_only_with_trigger.py took 0.057 seconds
[2025-03-09T15:56:30.506+0000] {processor.py:186} INFO - Started process (PID=6833) to work on /home/airflow/.local/lib/python3.12/site-packages/airflow/example_dags/example_latest_only_with_trigger.py
[2025-03-09T15:56:30.507+0000] {processor.py:914} INFO - Processing file /home/airflow/.local/lib/python3.12/site-packages/airflow/example_dags/example_latest_only_with_trigger.py for tasks to queue
[2025-03-09T15:56:30.509+0000] {logging_mixin.py:190} INFO - [2025-03-09T15:56:30.509+0000] {dagbag.py:588} INFO - Filling up the DagBag from /home/airflow/.local/lib/python3.12/site-packages/airflow/example_dags/example_latest_only_with_trigger.py
[2025-03-09T15:56:30.519+0000] {processor.py:925} INFO - DAG(s) 'latest_only_with_trigger' retrieved from /home/airflow/.local/lib/python3.12/site-packages/airflow/example_dags/example_latest_only_with_trigger.py
[2025-03-09T15:56:30.541+0000] {logging_mixin.py:190} INFO - [2025-03-09T15:56:30.541+0000] {dag.py:3239} INFO - Sync 1 DAGs
[2025-03-09T15:56:30.555+0000] {logging_mixin.py:190} INFO - [2025-03-09T15:56:30.554+0000] {dag.py:4180} INFO - Setting next_dagrun for latest_only_with_trigger to 2025-03-09 08:00:00+00:00, run_after=2025-03-09 12:00:00+00:00
[2025-03-09T15:56:30.567+0000] {processor.py:208} INFO - Processing /home/airflow/.local/lib/python3.12/site-packages/airflow/example_dags/example_latest_only_with_trigger.py took 0.068 seconds
[2025-03-09T15:57:01.259+0000] {processor.py:186} INFO - Started process (PID=7159) to work on /home/airflow/.local/lib/python3.12/site-packages/airflow/example_dags/example_latest_only_with_trigger.py
[2025-03-09T15:57:01.260+0000] {processor.py:914} INFO - Processing file /home/airflow/.local/lib/python3.12/site-packages/airflow/example_dags/example_latest_only_with_trigger.py for tasks to queue
[2025-03-09T15:57:01.261+0000] {logging_mixin.py:190} INFO - [2025-03-09T15:57:01.261+0000] {dagbag.py:588} INFO - Filling up the DagBag from /home/airflow/.local/lib/python3.12/site-packages/airflow/example_dags/example_latest_only_with_trigger.py
[2025-03-09T15:57:01.265+0000] {processor.py:925} INFO - DAG(s) 'latest_only_with_trigger' retrieved from /home/airflow/.local/lib/python3.12/site-packages/airflow/example_dags/example_latest_only_with_trigger.py
[2025-03-09T15:57:01.279+0000] {logging_mixin.py:190} INFO - [2025-03-09T15:57:01.278+0000] {dag.py:3239} INFO - Sync 1 DAGs
[2025-03-09T15:57:01.293+0000] {logging_mixin.py:190} INFO - [2025-03-09T15:57:01.292+0000] {dag.py:4180} INFO - Setting next_dagrun for latest_only_with_trigger to 2025-03-09 08:00:00+00:00, run_after=2025-03-09 12:00:00+00:00
[2025-03-09T15:57:01.305+0000] {processor.py:208} INFO - Processing /home/airflow/.local/lib/python3.12/site-packages/airflow/example_dags/example_latest_only_with_trigger.py took 0.049 seconds
[2025-03-09T15:57:32.123+0000] {processor.py:186} INFO - Started process (PID=7483) to work on /home/airflow/.local/lib/python3.12/site-packages/airflow/example_dags/example_latest_only_with_trigger.py
[2025-03-09T15:57:32.124+0000] {processor.py:914} INFO - Processing file /home/airflow/.local/lib/python3.12/site-packages/airflow/example_dags/example_latest_only_with_trigger.py for tasks to queue
[2025-03-09T15:57:32.126+0000] {logging_mixin.py:190} INFO - [2025-03-09T15:57:32.125+0000] {dagbag.py:588} INFO - Filling up the DagBag from /home/airflow/.local/lib/python3.12/site-packages/airflow/example_dags/example_latest_only_with_trigger.py
[2025-03-09T15:57:32.131+0000] {processor.py:925} INFO - DAG(s) 'latest_only_with_trigger' retrieved from /home/airflow/.local/lib/python3.12/site-packages/airflow/example_dags/example_latest_only_with_trigger.py
[2025-03-09T15:57:32.143+0000] {logging_mixin.py:190} INFO - [2025-03-09T15:57:32.143+0000] {dag.py:3239} INFO - Sync 1 DAGs
[2025-03-09T15:57:32.156+0000] {logging_mixin.py:190} INFO - [2025-03-09T15:57:32.156+0000] {dag.py:4180} INFO - Setting next_dagrun for latest_only_with_trigger to 2025-03-09 08:00:00+00:00, run_after=2025-03-09 12:00:00+00:00
[2025-03-09T15:57:32.169+0000] {processor.py:208} INFO - Processing /home/airflow/.local/lib/python3.12/site-packages/airflow/example_dags/example_latest_only_with_trigger.py took 0.052 seconds
[2025-03-09T15:58:03.115+0000] {processor.py:186} INFO - Started process (PID=7809) to work on /home/airflow/.local/lib/python3.12/site-packages/airflow/example_dags/example_latest_only_with_trigger.py
[2025-03-09T15:58:03.115+0000] {processor.py:914} INFO - Processing file /home/airflow/.local/lib/python3.12/site-packages/airflow/example_dags/example_latest_only_with_trigger.py for tasks to queue
[2025-03-09T15:58:03.116+0000] {logging_mixin.py:190} INFO - [2025-03-09T15:58:03.116+0000] {dagbag.py:588} INFO - Filling up the DagBag from /home/airflow/.local/lib/python3.12/site-packages/airflow/example_dags/example_latest_only_with_trigger.py
[2025-03-09T15:58:03.121+0000] {processor.py:925} INFO - DAG(s) 'latest_only_with_trigger' retrieved from /home/airflow/.local/lib/python3.12/site-packages/airflow/example_dags/example_latest_only_with_trigger.py
[2025-03-09T15:58:03.134+0000] {logging_mixin.py:190} INFO - [2025-03-09T15:58:03.134+0000] {dag.py:3239} INFO - Sync 1 DAGs
[2025-03-09T15:58:03.151+0000] {logging_mixin.py:190} INFO - [2025-03-09T15:58:03.151+0000] {dag.py:4180} INFO - Setting next_dagrun for latest_only_with_trigger to 2025-03-09 08:00:00+00:00, run_after=2025-03-09 12:00:00+00:00
[2025-03-09T15:58:03.166+0000] {processor.py:208} INFO - Processing /home/airflow/.local/lib/python3.12/site-packages/airflow/example_dags/example_latest_only_with_trigger.py took 0.055 seconds
[2025-03-09T15:58:34.049+0000] {processor.py:186} INFO - Started process (PID=8137) to work on /home/airflow/.local/lib/python3.12/site-packages/airflow/example_dags/example_latest_only_with_trigger.py
[2025-03-09T15:58:34.050+0000] {processor.py:914} INFO - Processing file /home/airflow/.local/lib/python3.12/site-packages/airflow/example_dags/example_latest_only_with_trigger.py for tasks to queue
[2025-03-09T15:58:34.053+0000] {logging_mixin.py:190} INFO - [2025-03-09T15:58:34.052+0000] {dagbag.py:588} INFO - Filling up the DagBag from /home/airflow/.local/lib/python3.12/site-packages/airflow/example_dags/example_latest_only_with_trigger.py
[2025-03-09T15:58:34.060+0000] {processor.py:925} INFO - DAG(s) 'latest_only_with_trigger' retrieved from /home/airflow/.local/lib/python3.12/site-packages/airflow/example_dags/example_latest_only_with_trigger.py
[2025-03-09T15:58:34.084+0000] {logging_mixin.py:190} INFO - [2025-03-09T15:58:34.083+0000] {dag.py:3239} INFO - Sync 1 DAGs
[2025-03-09T15:58:34.110+0000] {logging_mixin.py:190} INFO - [2025-03-09T15:58:34.110+0000] {dag.py:4180} INFO - Setting next_dagrun for latest_only_with_trigger to 2025-03-09 08:00:00+00:00, run_after=2025-03-09 12:00:00+00:00
[2025-03-09T15:58:34.131+0000] {processor.py:208} INFO - Processing /home/airflow/.local/lib/python3.12/site-packages/airflow/example_dags/example_latest_only_with_trigger.py took 0.091 seconds
[2025-03-09T15:59:04.482+0000] {processor.py:186} INFO - Started process (PID=8463) to work on /home/airflow/.local/lib/python3.12/site-packages/airflow/example_dags/example_latest_only_with_trigger.py
[2025-03-09T15:59:04.482+0000] {processor.py:914} INFO - Processing file /home/airflow/.local/lib/python3.12/site-packages/airflow/example_dags/example_latest_only_with_trigger.py for tasks to queue
[2025-03-09T15:59:04.484+0000] {logging_mixin.py:190} INFO - [2025-03-09T15:59:04.484+0000] {dagbag.py:588} INFO - Filling up the DagBag from /home/airflow/.local/lib/python3.12/site-packages/airflow/example_dags/example_latest_only_with_trigger.py
[2025-03-09T15:59:04.488+0000] {processor.py:925} INFO - DAG(s) 'latest_only_with_trigger' retrieved from /home/airflow/.local/lib/python3.12/site-packages/airflow/example_dags/example_latest_only_with_trigger.py
[2025-03-09T15:59:04.503+0000] {logging_mixin.py:190} INFO - [2025-03-09T15:59:04.503+0000] {dag.py:3239} INFO - Sync 1 DAGs
[2025-03-09T15:59:04.522+0000] {logging_mixin.py:190} INFO - [2025-03-09T15:59:04.522+0000] {dag.py:4180} INFO - Setting next_dagrun for latest_only_with_trigger to 2025-03-09 08:00:00+00:00, run_after=2025-03-09 12:00:00+00:00
[2025-03-09T15:59:04.537+0000] {processor.py:208} INFO - Processing /home/airflow/.local/lib/python3.12/site-packages/airflow/example_dags/example_latest_only_with_trigger.py took 0.060 seconds
[2025-03-09T15:59:35.271+0000] {processor.py:186} INFO - Started process (PID=8787) to work on /home/airflow/.local/lib/python3.12/site-packages/airflow/example_dags/example_latest_only_with_trigger.py
[2025-03-09T15:59:35.272+0000] {processor.py:914} INFO - Processing file /home/airflow/.local/lib/python3.12/site-packages/airflow/example_dags/example_latest_only_with_trigger.py for tasks to queue
[2025-03-09T15:59:35.273+0000] {logging_mixin.py:190} INFO - [2025-03-09T15:59:35.273+0000] {dagbag.py:588} INFO - Filling up the DagBag from /home/airflow/.local/lib/python3.12/site-packages/airflow/example_dags/example_latest_only_with_trigger.py
[2025-03-09T15:59:35.278+0000] {processor.py:925} INFO - DAG(s) 'latest_only_with_trigger' retrieved from /home/airflow/.local/lib/python3.12/site-packages/airflow/example_dags/example_latest_only_with_trigger.py
[2025-03-09T15:59:35.290+0000] {logging_mixin.py:190} INFO - [2025-03-09T15:59:35.290+0000] {dag.py:3239} INFO - Sync 1 DAGs
[2025-03-09T15:59:35.303+0000] {logging_mixin.py:190} INFO - [2025-03-09T15:59:35.303+0000] {dag.py:4180} INFO - Setting next_dagrun for latest_only_with_trigger to 2025-03-09 08:00:00+00:00, run_after=2025-03-09 12:00:00+00:00
[2025-03-09T15:59:35.319+0000] {processor.py:208} INFO - Processing /home/airflow/.local/lib/python3.12/site-packages/airflow/example_dags/example_latest_only_with_trigger.py took 0.052 seconds
[2025-03-09T16:00:06.020+0000] {processor.py:186} INFO - Started process (PID=9113) to work on /home/airflow/.local/lib/python3.12/site-packages/airflow/example_dags/example_latest_only_with_trigger.py
[2025-03-09T16:00:06.026+0000] {processor.py:914} INFO - Processing file /home/airflow/.local/lib/python3.12/site-packages/airflow/example_dags/example_latest_only_with_trigger.py for tasks to queue
[2025-03-09T16:00:06.027+0000] {logging_mixin.py:190} INFO - [2025-03-09T16:00:06.027+0000] {dagbag.py:588} INFO - Filling up the DagBag from /home/airflow/.local/lib/python3.12/site-packages/airflow/example_dags/example_latest_only_with_trigger.py
[2025-03-09T16:00:06.032+0000] {processor.py:925} INFO - DAG(s) 'latest_only_with_trigger' retrieved from /home/airflow/.local/lib/python3.12/site-packages/airflow/example_dags/example_latest_only_with_trigger.py
[2025-03-09T16:00:06.048+0000] {logging_mixin.py:190} INFO - [2025-03-09T16:00:06.048+0000] {dag.py:3239} INFO - Sync 1 DAGs
[2025-03-09T16:00:06.063+0000] {logging_mixin.py:190} INFO - [2025-03-09T16:00:06.063+0000] {dag.py:4180} INFO - Setting next_dagrun for latest_only_with_trigger to 2025-03-09 12:00:00+00:00, run_after=2025-03-09 16:00:00+00:00
[2025-03-09T16:00:06.076+0000] {processor.py:208} INFO - Processing /home/airflow/.local/lib/python3.12/site-packages/airflow/example_dags/example_latest_only_with_trigger.py took 0.059 seconds
[2025-03-09T16:00:36.518+0000] {processor.py:186} INFO - Started process (PID=9439) to work on /home/airflow/.local/lib/python3.12/site-packages/airflow/example_dags/example_latest_only_with_trigger.py
[2025-03-09T16:00:36.524+0000] {processor.py:914} INFO - Processing file /home/airflow/.local/lib/python3.12/site-packages/airflow/example_dags/example_latest_only_with_trigger.py for tasks to queue
[2025-03-09T16:00:36.525+0000] {logging_mixin.py:190} INFO - [2025-03-09T16:00:36.525+0000] {dagbag.py:588} INFO - Filling up the DagBag from /home/airflow/.local/lib/python3.12/site-packages/airflow/example_dags/example_latest_only_with_trigger.py
[2025-03-09T16:00:36.530+0000] {processor.py:925} INFO - DAG(s) 'latest_only_with_trigger' retrieved from /home/airflow/.local/lib/python3.12/site-packages/airflow/example_dags/example_latest_only_with_trigger.py
[2025-03-09T16:00:36.544+0000] {logging_mixin.py:190} INFO - [2025-03-09T16:00:36.544+0000] {dag.py:3239} INFO - Sync 1 DAGs
[2025-03-09T16:00:36.558+0000] {logging_mixin.py:190} INFO - [2025-03-09T16:00:36.558+0000] {dag.py:4180} INFO - Setting next_dagrun for latest_only_with_trigger to 2025-03-09 12:00:00+00:00, run_after=2025-03-09 16:00:00+00:00
[2025-03-09T16:00:36.572+0000] {processor.py:208} INFO - Processing /home/airflow/.local/lib/python3.12/site-packages/airflow/example_dags/example_latest_only_with_trigger.py took 0.058 seconds
[2025-03-09T16:01:07.114+0000] {processor.py:186} INFO - Started process (PID=9765) to work on /home/airflow/.local/lib/python3.12/site-packages/airflow/example_dags/example_latest_only_with_trigger.py
[2025-03-09T16:01:07.115+0000] {processor.py:914} INFO - Processing file /home/airflow/.local/lib/python3.12/site-packages/airflow/example_dags/example_latest_only_with_trigger.py for tasks to queue
[2025-03-09T16:01:07.116+0000] {logging_mixin.py:190} INFO - [2025-03-09T16:01:07.116+0000] {dagbag.py:588} INFO - Filling up the DagBag from /home/airflow/.local/lib/python3.12/site-packages/airflow/example_dags/example_latest_only_with_trigger.py
[2025-03-09T16:01:07.121+0000] {processor.py:925} INFO - DAG(s) 'latest_only_with_trigger' retrieved from /home/airflow/.local/lib/python3.12/site-packages/airflow/example_dags/example_latest_only_with_trigger.py
[2025-03-09T16:01:07.134+0000] {logging_mixin.py:190} INFO - [2025-03-09T16:01:07.134+0000] {dag.py:3239} INFO - Sync 1 DAGs
[2025-03-09T16:01:07.148+0000] {logging_mixin.py:190} INFO - [2025-03-09T16:01:07.148+0000] {dag.py:4180} INFO - Setting next_dagrun for latest_only_with_trigger to 2025-03-09 12:00:00+00:00, run_after=2025-03-09 16:00:00+00:00
[2025-03-09T16:01:07.165+0000] {processor.py:208} INFO - Processing /home/airflow/.local/lib/python3.12/site-packages/airflow/example_dags/example_latest_only_with_trigger.py took 0.057 seconds
[2025-03-09T16:01:37.723+0000] {processor.py:186} INFO - Started process (PID=10091) to work on /home/airflow/.local/lib/python3.12/site-packages/airflow/example_dags/example_latest_only_with_trigger.py
[2025-03-09T16:01:37.727+0000] {processor.py:914} INFO - Processing file /home/airflow/.local/lib/python3.12/site-packages/airflow/example_dags/example_latest_only_with_trigger.py for tasks to queue
[2025-03-09T16:01:37.728+0000] {logging_mixin.py:190} INFO - [2025-03-09T16:01:37.728+0000] {dagbag.py:588} INFO - Filling up the DagBag from /home/airflow/.local/lib/python3.12/site-packages/airflow/example_dags/example_latest_only_with_trigger.py
[2025-03-09T16:01:37.733+0000] {processor.py:925} INFO - DAG(s) 'latest_only_with_trigger' retrieved from /home/airflow/.local/lib/python3.12/site-packages/airflow/example_dags/example_latest_only_with_trigger.py
[2025-03-09T16:01:37.752+0000] {logging_mixin.py:190} INFO - [2025-03-09T16:01:37.751+0000] {dag.py:3239} INFO - Sync 1 DAGs
[2025-03-09T16:01:37.770+0000] {logging_mixin.py:190} INFO - [2025-03-09T16:01:37.770+0000] {dag.py:4180} INFO - Setting next_dagrun for latest_only_with_trigger to 2025-03-09 12:00:00+00:00, run_after=2025-03-09 16:00:00+00:00
[2025-03-09T16:01:37.785+0000] {processor.py:208} INFO - Processing /home/airflow/.local/lib/python3.12/site-packages/airflow/example_dags/example_latest_only_with_trigger.py took 0.068 seconds
[2025-03-09T16:02:08.265+0000] {processor.py:186} INFO - Started process (PID=10417) to work on /home/airflow/.local/lib/python3.12/site-packages/airflow/example_dags/example_latest_only_with_trigger.py
[2025-03-09T16:02:08.272+0000] {processor.py:914} INFO - Processing file /home/airflow/.local/lib/python3.12/site-packages/airflow/example_dags/example_latest_only_with_trigger.py for tasks to queue
[2025-03-09T16:02:08.275+0000] {logging_mixin.py:190} INFO - [2025-03-09T16:02:08.275+0000] {dagbag.py:588} INFO - Filling up the DagBag from /home/airflow/.local/lib/python3.12/site-packages/airflow/example_dags/example_latest_only_with_trigger.py
[2025-03-09T16:02:08.284+0000] {processor.py:925} INFO - DAG(s) 'latest_only_with_trigger' retrieved from /home/airflow/.local/lib/python3.12/site-packages/airflow/example_dags/example_latest_only_with_trigger.py
[2025-03-09T16:02:08.297+0000] {logging_mixin.py:190} INFO - [2025-03-09T16:02:08.297+0000] {dag.py:3239} INFO - Sync 1 DAGs
[2025-03-09T16:02:08.313+0000] {logging_mixin.py:190} INFO - [2025-03-09T16:02:08.312+0000] {dag.py:4180} INFO - Setting next_dagrun for latest_only_with_trigger to 2025-03-09 12:00:00+00:00, run_after=2025-03-09 16:00:00+00:00
[2025-03-09T16:02:08.331+0000] {processor.py:208} INFO - Processing /home/airflow/.local/lib/python3.12/site-packages/airflow/example_dags/example_latest_only_with_trigger.py took 0.074 seconds
[2025-03-09T16:02:38.819+0000] {processor.py:186} INFO - Started process (PID=10743) to work on /home/airflow/.local/lib/python3.12/site-packages/airflow/example_dags/example_latest_only_with_trigger.py
[2025-03-09T16:02:38.819+0000] {processor.py:914} INFO - Processing file /home/airflow/.local/lib/python3.12/site-packages/airflow/example_dags/example_latest_only_with_trigger.py for tasks to queue
[2025-03-09T16:02:38.821+0000] {logging_mixin.py:190} INFO - [2025-03-09T16:02:38.821+0000] {dagbag.py:588} INFO - Filling up the DagBag from /home/airflow/.local/lib/python3.12/site-packages/airflow/example_dags/example_latest_only_with_trigger.py
[2025-03-09T16:02:38.825+0000] {processor.py:925} INFO - DAG(s) 'latest_only_with_trigger' retrieved from /home/airflow/.local/lib/python3.12/site-packages/airflow/example_dags/example_latest_only_with_trigger.py
[2025-03-09T16:02:38.840+0000] {logging_mixin.py:190} INFO - [2025-03-09T16:02:38.840+0000] {dag.py:3239} INFO - Sync 1 DAGs
[2025-03-09T16:02:38.856+0000] {logging_mixin.py:190} INFO - [2025-03-09T16:02:38.856+0000] {dag.py:4180} INFO - Setting next_dagrun for latest_only_with_trigger to 2025-03-09 12:00:00+00:00, run_after=2025-03-09 16:00:00+00:00
[2025-03-09T16:02:38.869+0000] {processor.py:208} INFO - Processing /home/airflow/.local/lib/python3.12/site-packages/airflow/example_dags/example_latest_only_with_trigger.py took 0.057 seconds
[2025-03-09T16:03:09.568+0000] {processor.py:186} INFO - Started process (PID=11069) to work on /home/airflow/.local/lib/python3.12/site-packages/airflow/example_dags/example_latest_only_with_trigger.py
[2025-03-09T16:03:09.570+0000] {processor.py:914} INFO - Processing file /home/airflow/.local/lib/python3.12/site-packages/airflow/example_dags/example_latest_only_with_trigger.py for tasks to queue
[2025-03-09T16:03:09.572+0000] {logging_mixin.py:190} INFO - [2025-03-09T16:03:09.572+0000] {dagbag.py:588} INFO - Filling up the DagBag from /home/airflow/.local/lib/python3.12/site-packages/airflow/example_dags/example_latest_only_with_trigger.py
[2025-03-09T16:03:09.581+0000] {processor.py:925} INFO - DAG(s) 'latest_only_with_trigger' retrieved from /home/airflow/.local/lib/python3.12/site-packages/airflow/example_dags/example_latest_only_with_trigger.py
[2025-03-09T16:03:09.596+0000] {logging_mixin.py:190} INFO - [2025-03-09T16:03:09.596+0000] {dag.py:3239} INFO - Sync 1 DAGs
[2025-03-09T16:03:09.611+0000] {logging_mixin.py:190} INFO - [2025-03-09T16:03:09.610+0000] {dag.py:4180} INFO - Setting next_dagrun for latest_only_with_trigger to 2025-03-09 12:00:00+00:00, run_after=2025-03-09 16:00:00+00:00
[2025-03-09T16:03:09.623+0000] {processor.py:208} INFO - Processing /home/airflow/.local/lib/python3.12/site-packages/airflow/example_dags/example_latest_only_with_trigger.py took 0.065 seconds
[2025-03-09T16:03:40.519+0000] {processor.py:186} INFO - Started process (PID=11395) to work on /home/airflow/.local/lib/python3.12/site-packages/airflow/example_dags/example_latest_only_with_trigger.py
[2025-03-09T16:03:40.521+0000] {processor.py:914} INFO - Processing file /home/airflow/.local/lib/python3.12/site-packages/airflow/example_dags/example_latest_only_with_trigger.py for tasks to queue
[2025-03-09T16:03:40.523+0000] {logging_mixin.py:190} INFO - [2025-03-09T16:03:40.523+0000] {dagbag.py:588} INFO - Filling up the DagBag from /home/airflow/.local/lib/python3.12/site-packages/airflow/example_dags/example_latest_only_with_trigger.py
[2025-03-09T16:03:40.529+0000] {processor.py:925} INFO - DAG(s) 'latest_only_with_trigger' retrieved from /home/airflow/.local/lib/python3.12/site-packages/airflow/example_dags/example_latest_only_with_trigger.py
[2025-03-09T16:03:40.543+0000] {logging_mixin.py:190} INFO - [2025-03-09T16:03:40.543+0000] {dag.py:3239} INFO - Sync 1 DAGs
[2025-03-09T16:03:40.556+0000] {logging_mixin.py:190} INFO - [2025-03-09T16:03:40.556+0000] {dag.py:4180} INFO - Setting next_dagrun for latest_only_with_trigger to 2025-03-09 12:00:00+00:00, run_after=2025-03-09 16:00:00+00:00
[2025-03-09T16:03:40.571+0000] {processor.py:208} INFO - Processing /home/airflow/.local/lib/python3.12/site-packages/airflow/example_dags/example_latest_only_with_trigger.py took 0.060 seconds
[2025-03-09T16:04:11.189+0000] {processor.py:186} INFO - Started process (PID=11721) to work on /home/airflow/.local/lib/python3.12/site-packages/airflow/example_dags/example_latest_only_with_trigger.py
[2025-03-09T16:04:11.197+0000] {processor.py:914} INFO - Processing file /home/airflow/.local/lib/python3.12/site-packages/airflow/example_dags/example_latest_only_with_trigger.py for tasks to queue
[2025-03-09T16:04:11.199+0000] {logging_mixin.py:190} INFO - [2025-03-09T16:04:11.199+0000] {dagbag.py:588} INFO - Filling up the DagBag from /home/airflow/.local/lib/python3.12/site-packages/airflow/example_dags/example_latest_only_with_trigger.py
[2025-03-09T16:04:11.205+0000] {processor.py:925} INFO - DAG(s) 'latest_only_with_trigger' retrieved from /home/airflow/.local/lib/python3.12/site-packages/airflow/example_dags/example_latest_only_with_trigger.py
[2025-03-09T16:04:11.218+0000] {logging_mixin.py:190} INFO - [2025-03-09T16:04:11.217+0000] {dag.py:3239} INFO - Sync 1 DAGs
[2025-03-09T16:04:11.232+0000] {logging_mixin.py:190} INFO - [2025-03-09T16:04:11.232+0000] {dag.py:4180} INFO - Setting next_dagrun for latest_only_with_trigger to 2025-03-09 12:00:00+00:00, run_after=2025-03-09 16:00:00+00:00
[2025-03-09T16:04:11.245+0000] {processor.py:208} INFO - Processing /home/airflow/.local/lib/python3.12/site-packages/airflow/example_dags/example_latest_only_with_trigger.py took 0.060 seconds
[2025-03-09T16:04:42.090+0000] {processor.py:186} INFO - Started process (PID=12047) to work on /home/airflow/.local/lib/python3.12/site-packages/airflow/example_dags/example_latest_only_with_trigger.py
[2025-03-09T16:04:42.091+0000] {processor.py:914} INFO - Processing file /home/airflow/.local/lib/python3.12/site-packages/airflow/example_dags/example_latest_only_with_trigger.py for tasks to queue
[2025-03-09T16:04:42.093+0000] {logging_mixin.py:190} INFO - [2025-03-09T16:04:42.093+0000] {dagbag.py:588} INFO - Filling up the DagBag from /home/airflow/.local/lib/python3.12/site-packages/airflow/example_dags/example_latest_only_with_trigger.py
[2025-03-09T16:04:42.099+0000] {processor.py:925} INFO - DAG(s) 'latest_only_with_trigger' retrieved from /home/airflow/.local/lib/python3.12/site-packages/airflow/example_dags/example_latest_only_with_trigger.py
[2025-03-09T16:04:42.113+0000] {logging_mixin.py:190} INFO - [2025-03-09T16:04:42.113+0000] {dag.py:3239} INFO - Sync 1 DAGs
[2025-03-09T16:04:42.127+0000] {logging_mixin.py:190} INFO - [2025-03-09T16:04:42.126+0000] {dag.py:4180} INFO - Setting next_dagrun for latest_only_with_trigger to 2025-03-09 12:00:00+00:00, run_after=2025-03-09 16:00:00+00:00
[2025-03-09T16:04:42.142+0000] {processor.py:208} INFO - Processing /home/airflow/.local/lib/python3.12/site-packages/airflow/example_dags/example_latest_only_with_trigger.py took 0.060 seconds
[2025-03-09T16:05:13.055+0000] {processor.py:186} INFO - Started process (PID=12373) to work on /home/airflow/.local/lib/python3.12/site-packages/airflow/example_dags/example_latest_only_with_trigger.py
[2025-03-09T16:05:13.059+0000] {processor.py:914} INFO - Processing file /home/airflow/.local/lib/python3.12/site-packages/airflow/example_dags/example_latest_only_with_trigger.py for tasks to queue
[2025-03-09T16:05:13.061+0000] {logging_mixin.py:190} INFO - [2025-03-09T16:05:13.061+0000] {dagbag.py:588} INFO - Filling up the DagBag from /home/airflow/.local/lib/python3.12/site-packages/airflow/example_dags/example_latest_only_with_trigger.py
[2025-03-09T16:05:13.066+0000] {processor.py:925} INFO - DAG(s) 'latest_only_with_trigger' retrieved from /home/airflow/.local/lib/python3.12/site-packages/airflow/example_dags/example_latest_only_with_trigger.py
[2025-03-09T16:05:13.083+0000] {logging_mixin.py:190} INFO - [2025-03-09T16:05:13.083+0000] {dag.py:3239} INFO - Sync 1 DAGs
[2025-03-09T16:05:13.100+0000] {logging_mixin.py:190} INFO - [2025-03-09T16:05:13.100+0000] {dag.py:4180} INFO - Setting next_dagrun for latest_only_with_trigger to 2025-03-09 12:00:00+00:00, run_after=2025-03-09 16:00:00+00:00
[2025-03-09T16:05:13.118+0000] {processor.py:208} INFO - Processing /home/airflow/.local/lib/python3.12/site-packages/airflow/example_dags/example_latest_only_with_trigger.py took 0.067 seconds
[2025-03-09T16:05:43.739+0000] {processor.py:186} INFO - Started process (PID=12699) to work on /home/airflow/.local/lib/python3.12/site-packages/airflow/example_dags/example_latest_only_with_trigger.py
[2025-03-09T16:05:43.747+0000] {processor.py:914} INFO - Processing file /home/airflow/.local/lib/python3.12/site-packages/airflow/example_dags/example_latest_only_with_trigger.py for tasks to queue
[2025-03-09T16:05:43.749+0000] {logging_mixin.py:190} INFO - [2025-03-09T16:05:43.748+0000] {dagbag.py:588} INFO - Filling up the DagBag from /home/airflow/.local/lib/python3.12/site-packages/airflow/example_dags/example_latest_only_with_trigger.py
[2025-03-09T16:05:43.753+0000] {processor.py:925} INFO - DAG(s) 'latest_only_with_trigger' retrieved from /home/airflow/.local/lib/python3.12/site-packages/airflow/example_dags/example_latest_only_with_trigger.py
[2025-03-09T16:05:43.768+0000] {logging_mixin.py:190} INFO - [2025-03-09T16:05:43.767+0000] {dag.py:3239} INFO - Sync 1 DAGs
[2025-03-09T16:05:43.782+0000] {logging_mixin.py:190} INFO - [2025-03-09T16:05:43.782+0000] {dag.py:4180} INFO - Setting next_dagrun for latest_only_with_trigger to 2025-03-09 12:00:00+00:00, run_after=2025-03-09 16:00:00+00:00
[2025-03-09T16:05:43.796+0000] {processor.py:208} INFO - Processing /home/airflow/.local/lib/python3.12/site-packages/airflow/example_dags/example_latest_only_with_trigger.py took 0.060 seconds
[2025-03-09T16:06:14.358+0000] {processor.py:186} INFO - Started process (PID=13025) to work on /home/airflow/.local/lib/python3.12/site-packages/airflow/example_dags/example_latest_only_with_trigger.py
[2025-03-09T16:06:14.359+0000] {processor.py:914} INFO - Processing file /home/airflow/.local/lib/python3.12/site-packages/airflow/example_dags/example_latest_only_with_trigger.py for tasks to queue
[2025-03-09T16:06:14.361+0000] {logging_mixin.py:190} INFO - [2025-03-09T16:06:14.361+0000] {dagbag.py:588} INFO - Filling up the DagBag from /home/airflow/.local/lib/python3.12/site-packages/airflow/example_dags/example_latest_only_with_trigger.py
[2025-03-09T16:06:14.366+0000] {processor.py:925} INFO - DAG(s) 'latest_only_with_trigger' retrieved from /home/airflow/.local/lib/python3.12/site-packages/airflow/example_dags/example_latest_only_with_trigger.py
[2025-03-09T16:06:14.379+0000] {logging_mixin.py:190} INFO - [2025-03-09T16:06:14.379+0000] {dag.py:3239} INFO - Sync 1 DAGs
[2025-03-09T16:06:14.394+0000] {logging_mixin.py:190} INFO - [2025-03-09T16:06:14.393+0000] {dag.py:4180} INFO - Setting next_dagrun for latest_only_with_trigger to 2025-03-09 12:00:00+00:00, run_after=2025-03-09 16:00:00+00:00
[2025-03-09T16:06:14.407+0000] {processor.py:208} INFO - Processing /home/airflow/.local/lib/python3.12/site-packages/airflow/example_dags/example_latest_only_with_trigger.py took 0.053 seconds
[2025-03-09T16:06:44.863+0000] {processor.py:186} INFO - Started process (PID=13351) to work on /home/airflow/.local/lib/python3.12/site-packages/airflow/example_dags/example_latest_only_with_trigger.py
[2025-03-09T16:06:44.867+0000] {processor.py:914} INFO - Processing file /home/airflow/.local/lib/python3.12/site-packages/airflow/example_dags/example_latest_only_with_trigger.py for tasks to queue
[2025-03-09T16:06:44.869+0000] {logging_mixin.py:190} INFO - [2025-03-09T16:06:44.869+0000] {dagbag.py:588} INFO - Filling up the DagBag from /home/airflow/.local/lib/python3.12/site-packages/airflow/example_dags/example_latest_only_with_trigger.py
[2025-03-09T16:06:44.874+0000] {processor.py:925} INFO - DAG(s) 'latest_only_with_trigger' retrieved from /home/airflow/.local/lib/python3.12/site-packages/airflow/example_dags/example_latest_only_with_trigger.py
[2025-03-09T16:06:44.887+0000] {logging_mixin.py:190} INFO - [2025-03-09T16:06:44.887+0000] {dag.py:3239} INFO - Sync 1 DAGs
[2025-03-09T16:06:44.901+0000] {logging_mixin.py:190} INFO - [2025-03-09T16:06:44.901+0000] {dag.py:4180} INFO - Setting next_dagrun for latest_only_with_trigger to 2025-03-09 12:00:00+00:00, run_after=2025-03-09 16:00:00+00:00
[2025-03-09T16:06:44.913+0000] {processor.py:208} INFO - Processing /home/airflow/.local/lib/python3.12/site-packages/airflow/example_dags/example_latest_only_with_trigger.py took 0.055 seconds
[2025-03-09T16:07:15.546+0000] {processor.py:186} INFO - Started process (PID=13677) to work on /home/airflow/.local/lib/python3.12/site-packages/airflow/example_dags/example_latest_only_with_trigger.py
[2025-03-09T16:07:15.547+0000] {processor.py:914} INFO - Processing file /home/airflow/.local/lib/python3.12/site-packages/airflow/example_dags/example_latest_only_with_trigger.py for tasks to queue
[2025-03-09T16:07:15.550+0000] {logging_mixin.py:190} INFO - [2025-03-09T16:07:15.549+0000] {dagbag.py:588} INFO - Filling up the DagBag from /home/airflow/.local/lib/python3.12/site-packages/airflow/example_dags/example_latest_only_with_trigger.py
[2025-03-09T16:07:15.556+0000] {processor.py:925} INFO - DAG(s) 'latest_only_with_trigger' retrieved from /home/airflow/.local/lib/python3.12/site-packages/airflow/example_dags/example_latest_only_with_trigger.py
[2025-03-09T16:07:15.568+0000] {logging_mixin.py:190} INFO - [2025-03-09T16:07:15.568+0000] {dag.py:3239} INFO - Sync 1 DAGs
[2025-03-09T16:07:15.583+0000] {logging_mixin.py:190} INFO - [2025-03-09T16:07:15.583+0000] {dag.py:4180} INFO - Setting next_dagrun for latest_only_with_trigger to 2025-03-09 12:00:00+00:00, run_after=2025-03-09 16:00:00+00:00
[2025-03-09T16:07:15.596+0000] {processor.py:208} INFO - Processing /home/airflow/.local/lib/python3.12/site-packages/airflow/example_dags/example_latest_only_with_trigger.py took 0.059 seconds
[2025-03-09T16:07:45.831+0000] {processor.py:186} INFO - Started process (PID=14000) to work on /home/airflow/.local/lib/python3.12/site-packages/airflow/example_dags/example_latest_only_with_trigger.py
[2025-03-09T16:07:45.841+0000] {processor.py:914} INFO - Processing file /home/airflow/.local/lib/python3.12/site-packages/airflow/example_dags/example_latest_only_with_trigger.py for tasks to queue
[2025-03-09T16:07:45.844+0000] {logging_mixin.py:190} INFO - [2025-03-09T16:07:45.843+0000] {dagbag.py:588} INFO - Filling up the DagBag from /home/airflow/.local/lib/python3.12/site-packages/airflow/example_dags/example_latest_only_with_trigger.py
[2025-03-09T16:07:45.850+0000] {processor.py:925} INFO - DAG(s) 'latest_only_with_trigger' retrieved from /home/airflow/.local/lib/python3.12/site-packages/airflow/example_dags/example_latest_only_with_trigger.py
[2025-03-09T16:07:45.866+0000] {logging_mixin.py:190} INFO - [2025-03-09T16:07:45.866+0000] {dag.py:3239} INFO - Sync 1 DAGs
[2025-03-09T16:07:45.879+0000] {logging_mixin.py:190} INFO - [2025-03-09T16:07:45.879+0000] {dag.py:4180} INFO - Setting next_dagrun for latest_only_with_trigger to 2025-03-09 12:00:00+00:00, run_after=2025-03-09 16:00:00+00:00
[2025-03-09T16:07:45.891+0000] {processor.py:208} INFO - Processing /home/airflow/.local/lib/python3.12/site-packages/airflow/example_dags/example_latest_only_with_trigger.py took 0.064 seconds
[2025-03-09T16:08:16.008+0000] {processor.py:186} INFO - Started process (PID=14327) to work on /home/airflow/.local/lib/python3.12/site-packages/airflow/example_dags/example_latest_only_with_trigger.py
[2025-03-09T16:08:16.009+0000] {processor.py:914} INFO - Processing file /home/airflow/.local/lib/python3.12/site-packages/airflow/example_dags/example_latest_only_with_trigger.py for tasks to queue
[2025-03-09T16:08:16.011+0000] {logging_mixin.py:190} INFO - [2025-03-09T16:08:16.011+0000] {dagbag.py:588} INFO - Filling up the DagBag from /home/airflow/.local/lib/python3.12/site-packages/airflow/example_dags/example_latest_only_with_trigger.py
[2025-03-09T16:08:16.017+0000] {processor.py:925} INFO - DAG(s) 'latest_only_with_trigger' retrieved from /home/airflow/.local/lib/python3.12/site-packages/airflow/example_dags/example_latest_only_with_trigger.py
[2025-03-09T16:08:16.030+0000] {logging_mixin.py:190} INFO - [2025-03-09T16:08:16.030+0000] {dag.py:3239} INFO - Sync 1 DAGs
[2025-03-09T16:08:16.045+0000] {logging_mixin.py:190} INFO - [2025-03-09T16:08:16.045+0000] {dag.py:4180} INFO - Setting next_dagrun for latest_only_with_trigger to 2025-03-09 12:00:00+00:00, run_after=2025-03-09 16:00:00+00:00
[2025-03-09T16:08:16.059+0000] {processor.py:208} INFO - Processing /home/airflow/.local/lib/python3.12/site-packages/airflow/example_dags/example_latest_only_with_trigger.py took 0.056 seconds
[2025-03-09T16:08:46.738+0000] {processor.py:186} INFO - Started process (PID=14653) to work on /home/airflow/.local/lib/python3.12/site-packages/airflow/example_dags/example_latest_only_with_trigger.py
[2025-03-09T16:08:46.738+0000] {processor.py:914} INFO - Processing file /home/airflow/.local/lib/python3.12/site-packages/airflow/example_dags/example_latest_only_with_trigger.py for tasks to queue
[2025-03-09T16:08:46.739+0000] {logging_mixin.py:190} INFO - [2025-03-09T16:08:46.739+0000] {dagbag.py:588} INFO - Filling up the DagBag from /home/airflow/.local/lib/python3.12/site-packages/airflow/example_dags/example_latest_only_with_trigger.py
[2025-03-09T16:08:46.744+0000] {processor.py:925} INFO - DAG(s) 'latest_only_with_trigger' retrieved from /home/airflow/.local/lib/python3.12/site-packages/airflow/example_dags/example_latest_only_with_trigger.py
[2025-03-09T16:08:46.760+0000] {logging_mixin.py:190} INFO - [2025-03-09T16:08:46.760+0000] {dag.py:3239} INFO - Sync 1 DAGs
[2025-03-09T16:08:46.779+0000] {logging_mixin.py:190} INFO - [2025-03-09T16:08:46.779+0000] {dag.py:4180} INFO - Setting next_dagrun for latest_only_with_trigger to 2025-03-09 12:00:00+00:00, run_after=2025-03-09 16:00:00+00:00
[2025-03-09T16:08:46.792+0000] {processor.py:208} INFO - Processing /home/airflow/.local/lib/python3.12/site-packages/airflow/example_dags/example_latest_only_with_trigger.py took 0.058 seconds
[2025-03-09T16:09:16.875+0000] {processor.py:186} INFO - Started process (PID=14979) to work on /home/airflow/.local/lib/python3.12/site-packages/airflow/example_dags/example_latest_only_with_trigger.py
[2025-03-09T16:09:16.876+0000] {processor.py:914} INFO - Processing file /home/airflow/.local/lib/python3.12/site-packages/airflow/example_dags/example_latest_only_with_trigger.py for tasks to queue
[2025-03-09T16:09:16.877+0000] {logging_mixin.py:190} INFO - [2025-03-09T16:09:16.877+0000] {dagbag.py:588} INFO - Filling up the DagBag from /home/airflow/.local/lib/python3.12/site-packages/airflow/example_dags/example_latest_only_with_trigger.py
[2025-03-09T16:09:16.882+0000] {processor.py:925} INFO - DAG(s) 'latest_only_with_trigger' retrieved from /home/airflow/.local/lib/python3.12/site-packages/airflow/example_dags/example_latest_only_with_trigger.py
[2025-03-09T16:09:16.895+0000] {logging_mixin.py:190} INFO - [2025-03-09T16:09:16.895+0000] {dag.py:3239} INFO - Sync 1 DAGs
[2025-03-09T16:09:16.909+0000] {logging_mixin.py:190} INFO - [2025-03-09T16:09:16.909+0000] {dag.py:4180} INFO - Setting next_dagrun for latest_only_with_trigger to 2025-03-09 12:00:00+00:00, run_after=2025-03-09 16:00:00+00:00
[2025-03-09T16:09:16.920+0000] {processor.py:208} INFO - Processing /home/airflow/.local/lib/python3.12/site-packages/airflow/example_dags/example_latest_only_with_trigger.py took 0.050 seconds
[2025-03-09T16:09:46.959+0000] {processor.py:186} INFO - Started process (PID=15305) to work on /home/airflow/.local/lib/python3.12/site-packages/airflow/example_dags/example_latest_only_with_trigger.py
[2025-03-09T16:09:46.960+0000] {processor.py:914} INFO - Processing file /home/airflow/.local/lib/python3.12/site-packages/airflow/example_dags/example_latest_only_with_trigger.py for tasks to queue
[2025-03-09T16:09:46.961+0000] {logging_mixin.py:190} INFO - [2025-03-09T16:09:46.961+0000] {dagbag.py:588} INFO - Filling up the DagBag from /home/airflow/.local/lib/python3.12/site-packages/airflow/example_dags/example_latest_only_with_trigger.py
[2025-03-09T16:09:46.967+0000] {processor.py:925} INFO - DAG(s) 'latest_only_with_trigger' retrieved from /home/airflow/.local/lib/python3.12/site-packages/airflow/example_dags/example_latest_only_with_trigger.py
[2025-03-09T16:09:46.985+0000] {logging_mixin.py:190} INFO - [2025-03-09T16:09:46.984+0000] {dag.py:3239} INFO - Sync 1 DAGs
[2025-03-09T16:09:47.008+0000] {logging_mixin.py:190} INFO - [2025-03-09T16:09:47.008+0000] {dag.py:4180} INFO - Setting next_dagrun for latest_only_with_trigger to 2025-03-09 12:00:00+00:00, run_after=2025-03-09 16:00:00+00:00
[2025-03-09T16:09:47.022+0000] {processor.py:208} INFO - Processing /home/airflow/.local/lib/python3.12/site-packages/airflow/example_dags/example_latest_only_with_trigger.py took 0.067 seconds
[2025-03-09T16:10:17.704+0000] {processor.py:186} INFO - Started process (PID=15631) to work on /home/airflow/.local/lib/python3.12/site-packages/airflow/example_dags/example_latest_only_with_trigger.py
[2025-03-09T16:10:17.714+0000] {processor.py:914} INFO - Processing file /home/airflow/.local/lib/python3.12/site-packages/airflow/example_dags/example_latest_only_with_trigger.py for tasks to queue
[2025-03-09T16:10:17.717+0000] {logging_mixin.py:190} INFO - [2025-03-09T16:10:17.717+0000] {dagbag.py:588} INFO - Filling up the DagBag from /home/airflow/.local/lib/python3.12/site-packages/airflow/example_dags/example_latest_only_with_trigger.py
[2025-03-09T16:10:17.723+0000] {processor.py:925} INFO - DAG(s) 'latest_only_with_trigger' retrieved from /home/airflow/.local/lib/python3.12/site-packages/airflow/example_dags/example_latest_only_with_trigger.py
[2025-03-09T16:10:17.739+0000] {logging_mixin.py:190} INFO - [2025-03-09T16:10:17.739+0000] {dag.py:3239} INFO - Sync 1 DAGs
[2025-03-09T16:10:17.753+0000] {logging_mixin.py:190} INFO - [2025-03-09T16:10:17.753+0000] {dag.py:4180} INFO - Setting next_dagrun for latest_only_with_trigger to 2025-03-09 12:00:00+00:00, run_after=2025-03-09 16:00:00+00:00
[2025-03-09T16:10:17.770+0000] {processor.py:208} INFO - Processing /home/airflow/.local/lib/python3.12/site-packages/airflow/example_dags/example_latest_only_with_trigger.py took 0.070 seconds
[2025-03-09T16:10:48.150+0000] {processor.py:186} INFO - Started process (PID=15957) to work on /home/airflow/.local/lib/python3.12/site-packages/airflow/example_dags/example_latest_only_with_trigger.py
[2025-03-09T16:10:48.151+0000] {processor.py:914} INFO - Processing file /home/airflow/.local/lib/python3.12/site-packages/airflow/example_dags/example_latest_only_with_trigger.py for tasks to queue
[2025-03-09T16:10:48.153+0000] {logging_mixin.py:190} INFO - [2025-03-09T16:10:48.153+0000] {dagbag.py:588} INFO - Filling up the DagBag from /home/airflow/.local/lib/python3.12/site-packages/airflow/example_dags/example_latest_only_with_trigger.py
[2025-03-09T16:10:48.158+0000] {processor.py:925} INFO - DAG(s) 'latest_only_with_trigger' retrieved from /home/airflow/.local/lib/python3.12/site-packages/airflow/example_dags/example_latest_only_with_trigger.py
[2025-03-09T16:10:48.173+0000] {logging_mixin.py:190} INFO - [2025-03-09T16:10:48.173+0000] {dag.py:3239} INFO - Sync 1 DAGs
[2025-03-09T16:10:48.192+0000] {logging_mixin.py:190} INFO - [2025-03-09T16:10:48.192+0000] {dag.py:4180} INFO - Setting next_dagrun for latest_only_with_trigger to 2025-03-09 12:00:00+00:00, run_after=2025-03-09 16:00:00+00:00
[2025-03-09T16:10:48.209+0000] {processor.py:208} INFO - Processing /home/airflow/.local/lib/python3.12/site-packages/airflow/example_dags/example_latest_only_with_trigger.py took 0.063 seconds
[2025-03-09T16:11:18.808+0000] {processor.py:186} INFO - Started process (PID=16289) to work on /home/airflow/.local/lib/python3.12/site-packages/airflow/example_dags/example_latest_only_with_trigger.py
[2025-03-09T16:11:18.817+0000] {processor.py:914} INFO - Processing file /home/airflow/.local/lib/python3.12/site-packages/airflow/example_dags/example_latest_only_with_trigger.py for tasks to queue
[2025-03-09T16:11:18.819+0000] {logging_mixin.py:190} INFO - [2025-03-09T16:11:18.818+0000] {dagbag.py:588} INFO - Filling up the DagBag from /home/airflow/.local/lib/python3.12/site-packages/airflow/example_dags/example_latest_only_with_trigger.py
[2025-03-09T16:11:18.823+0000] {processor.py:925} INFO - DAG(s) 'latest_only_with_trigger' retrieved from /home/airflow/.local/lib/python3.12/site-packages/airflow/example_dags/example_latest_only_with_trigger.py
[2025-03-09T16:11:18.841+0000] {logging_mixin.py:190} INFO - [2025-03-09T16:11:18.840+0000] {dag.py:3239} INFO - Sync 1 DAGs
[2025-03-09T16:11:18.860+0000] {logging_mixin.py:190} INFO - [2025-03-09T16:11:18.860+0000] {dag.py:4180} INFO - Setting next_dagrun for latest_only_with_trigger to 2025-03-09 12:00:00+00:00, run_after=2025-03-09 16:00:00+00:00
[2025-03-09T16:11:18.874+0000] {processor.py:208} INFO - Processing /home/airflow/.local/lib/python3.12/site-packages/airflow/example_dags/example_latest_only_with_trigger.py took 0.070 seconds
[2025-03-09T16:11:49.323+0000] {processor.py:186} INFO - Started process (PID=16615) to work on /home/airflow/.local/lib/python3.12/site-packages/airflow/example_dags/example_latest_only_with_trigger.py
[2025-03-09T16:11:49.334+0000] {processor.py:914} INFO - Processing file /home/airflow/.local/lib/python3.12/site-packages/airflow/example_dags/example_latest_only_with_trigger.py for tasks to queue
[2025-03-09T16:11:49.335+0000] {logging_mixin.py:190} INFO - [2025-03-09T16:11:49.335+0000] {dagbag.py:588} INFO - Filling up the DagBag from /home/airflow/.local/lib/python3.12/site-packages/airflow/example_dags/example_latest_only_with_trigger.py
[2025-03-09T16:11:49.339+0000] {processor.py:925} INFO - DAG(s) 'latest_only_with_trigger' retrieved from /home/airflow/.local/lib/python3.12/site-packages/airflow/example_dags/example_latest_only_with_trigger.py
[2025-03-09T16:11:49.353+0000] {logging_mixin.py:190} INFO - [2025-03-09T16:11:49.353+0000] {dag.py:3239} INFO - Sync 1 DAGs
[2025-03-09T16:11:49.367+0000] {logging_mixin.py:190} INFO - [2025-03-09T16:11:49.367+0000] {dag.py:4180} INFO - Setting next_dagrun for latest_only_with_trigger to 2025-03-09 12:00:00+00:00, run_after=2025-03-09 16:00:00+00:00
[2025-03-09T16:11:49.379+0000] {processor.py:208} INFO - Processing /home/airflow/.local/lib/python3.12/site-packages/airflow/example_dags/example_latest_only_with_trigger.py took 0.060 seconds
[2025-03-09T16:12:20.160+0000] {processor.py:186} INFO - Started process (PID=16941) to work on /home/airflow/.local/lib/python3.12/site-packages/airflow/example_dags/example_latest_only_with_trigger.py
[2025-03-09T16:12:20.170+0000] {processor.py:914} INFO - Processing file /home/airflow/.local/lib/python3.12/site-packages/airflow/example_dags/example_latest_only_with_trigger.py for tasks to queue
[2025-03-09T16:12:20.171+0000] {logging_mixin.py:190} INFO - [2025-03-09T16:12:20.171+0000] {dagbag.py:588} INFO - Filling up the DagBag from /home/airflow/.local/lib/python3.12/site-packages/airflow/example_dags/example_latest_only_with_trigger.py
[2025-03-09T16:12:20.176+0000] {processor.py:925} INFO - DAG(s) 'latest_only_with_trigger' retrieved from /home/airflow/.local/lib/python3.12/site-packages/airflow/example_dags/example_latest_only_with_trigger.py
[2025-03-09T16:12:20.195+0000] {logging_mixin.py:190} INFO - [2025-03-09T16:12:20.195+0000] {dag.py:3239} INFO - Sync 1 DAGs
[2025-03-09T16:12:20.213+0000] {logging_mixin.py:190} INFO - [2025-03-09T16:12:20.213+0000] {dag.py:4180} INFO - Setting next_dagrun for latest_only_with_trigger to 2025-03-09 12:00:00+00:00, run_after=2025-03-09 16:00:00+00:00
[2025-03-09T16:12:20.226+0000] {processor.py:208} INFO - Processing /home/airflow/.local/lib/python3.12/site-packages/airflow/example_dags/example_latest_only_with_trigger.py took 0.070 seconds
[2025-03-09T16:12:50.347+0000] {processor.py:186} INFO - Started process (PID=17267) to work on /home/airflow/.local/lib/python3.12/site-packages/airflow/example_dags/example_latest_only_with_trigger.py
[2025-03-09T16:12:50.347+0000] {processor.py:914} INFO - Processing file /home/airflow/.local/lib/python3.12/site-packages/airflow/example_dags/example_latest_only_with_trigger.py for tasks to queue
[2025-03-09T16:12:50.349+0000] {logging_mixin.py:190} INFO - [2025-03-09T16:12:50.348+0000] {dagbag.py:588} INFO - Filling up the DagBag from /home/airflow/.local/lib/python3.12/site-packages/airflow/example_dags/example_latest_only_with_trigger.py
[2025-03-09T16:12:50.354+0000] {processor.py:925} INFO - DAG(s) 'latest_only_with_trigger' retrieved from /home/airflow/.local/lib/python3.12/site-packages/airflow/example_dags/example_latest_only_with_trigger.py
[2025-03-09T16:12:50.371+0000] {logging_mixin.py:190} INFO - [2025-03-09T16:12:50.371+0000] {dag.py:3239} INFO - Sync 1 DAGs
[2025-03-09T16:12:50.386+0000] {logging_mixin.py:190} INFO - [2025-03-09T16:12:50.386+0000] {dag.py:4180} INFO - Setting next_dagrun for latest_only_with_trigger to 2025-03-09 12:00:00+00:00, run_after=2025-03-09 16:00:00+00:00
[2025-03-09T16:12:50.402+0000] {processor.py:208} INFO - Processing /home/airflow/.local/lib/python3.12/site-packages/airflow/example_dags/example_latest_only_with_trigger.py took 0.058 seconds
[2025-03-09T16:13:20.544+0000] {processor.py:186} INFO - Started process (PID=17593) to work on /home/airflow/.local/lib/python3.12/site-packages/airflow/example_dags/example_latest_only_with_trigger.py
[2025-03-09T16:13:20.545+0000] {processor.py:914} INFO - Processing file /home/airflow/.local/lib/python3.12/site-packages/airflow/example_dags/example_latest_only_with_trigger.py for tasks to queue
[2025-03-09T16:13:20.546+0000] {logging_mixin.py:190} INFO - [2025-03-09T16:13:20.546+0000] {dagbag.py:588} INFO - Filling up the DagBag from /home/airflow/.local/lib/python3.12/site-packages/airflow/example_dags/example_latest_only_with_trigger.py
[2025-03-09T16:13:20.551+0000] {processor.py:925} INFO - DAG(s) 'latest_only_with_trigger' retrieved from /home/airflow/.local/lib/python3.12/site-packages/airflow/example_dags/example_latest_only_with_trigger.py
[2025-03-09T16:13:20.568+0000] {logging_mixin.py:190} INFO - [2025-03-09T16:13:20.568+0000] {dag.py:3239} INFO - Sync 1 DAGs
[2025-03-09T16:13:20.583+0000] {logging_mixin.py:190} INFO - [2025-03-09T16:13:20.583+0000] {dag.py:4180} INFO - Setting next_dagrun for latest_only_with_trigger to 2025-03-09 12:00:00+00:00, run_after=2025-03-09 16:00:00+00:00
[2025-03-09T16:13:20.599+0000] {processor.py:208} INFO - Processing /home/airflow/.local/lib/python3.12/site-packages/airflow/example_dags/example_latest_only_with_trigger.py took 0.060 seconds
[2025-03-09T16:13:51.526+0000] {processor.py:186} INFO - Started process (PID=17919) to work on /home/airflow/.local/lib/python3.12/site-packages/airflow/example_dags/example_latest_only_with_trigger.py
[2025-03-09T16:13:51.536+0000] {processor.py:914} INFO - Processing file /home/airflow/.local/lib/python3.12/site-packages/airflow/example_dags/example_latest_only_with_trigger.py for tasks to queue
[2025-03-09T16:13:51.537+0000] {logging_mixin.py:190} INFO - [2025-03-09T16:13:51.537+0000] {dagbag.py:588} INFO - Filling up the DagBag from /home/airflow/.local/lib/python3.12/site-packages/airflow/example_dags/example_latest_only_with_trigger.py
[2025-03-09T16:13:51.542+0000] {processor.py:925} INFO - DAG(s) 'latest_only_with_trigger' retrieved from /home/airflow/.local/lib/python3.12/site-packages/airflow/example_dags/example_latest_only_with_trigger.py
[2025-03-09T16:13:51.555+0000] {logging_mixin.py:190} INFO - [2025-03-09T16:13:51.555+0000] {dag.py:3239} INFO - Sync 1 DAGs
[2025-03-09T16:13:51.569+0000] {logging_mixin.py:190} INFO - [2025-03-09T16:13:51.569+0000] {dag.py:4180} INFO - Setting next_dagrun for latest_only_with_trigger to 2025-03-09 12:00:00+00:00, run_after=2025-03-09 16:00:00+00:00
[2025-03-09T16:13:51.585+0000] {processor.py:208} INFO - Processing /home/airflow/.local/lib/python3.12/site-packages/airflow/example_dags/example_latest_only_with_trigger.py took 0.063 seconds
[2025-03-09T16:14:22.361+0000] {processor.py:186} INFO - Started process (PID=18245) to work on /home/airflow/.local/lib/python3.12/site-packages/airflow/example_dags/example_latest_only_with_trigger.py
[2025-03-09T16:14:22.371+0000] {processor.py:914} INFO - Processing file /home/airflow/.local/lib/python3.12/site-packages/airflow/example_dags/example_latest_only_with_trigger.py for tasks to queue
[2025-03-09T16:14:22.374+0000] {logging_mixin.py:190} INFO - [2025-03-09T16:14:22.374+0000] {dagbag.py:588} INFO - Filling up the DagBag from /home/airflow/.local/lib/python3.12/site-packages/airflow/example_dags/example_latest_only_with_trigger.py
[2025-03-09T16:14:22.381+0000] {processor.py:925} INFO - DAG(s) 'latest_only_with_trigger' retrieved from /home/airflow/.local/lib/python3.12/site-packages/airflow/example_dags/example_latest_only_with_trigger.py
[2025-03-09T16:14:22.394+0000] {logging_mixin.py:190} INFO - [2025-03-09T16:14:22.394+0000] {dag.py:3239} INFO - Sync 1 DAGs
[2025-03-09T16:14:22.408+0000] {logging_mixin.py:190} INFO - [2025-03-09T16:14:22.408+0000] {dag.py:4180} INFO - Setting next_dagrun for latest_only_with_trigger to 2025-03-09 12:00:00+00:00, run_after=2025-03-09 16:00:00+00:00
[2025-03-09T16:14:22.422+0000] {processor.py:208} INFO - Processing /home/airflow/.local/lib/python3.12/site-packages/airflow/example_dags/example_latest_only_with_trigger.py took 0.068 seconds
[2025-03-09T16:14:53.043+0000] {processor.py:186} INFO - Started process (PID=18571) to work on /home/airflow/.local/lib/python3.12/site-packages/airflow/example_dags/example_latest_only_with_trigger.py
[2025-03-09T16:14:53.053+0000] {processor.py:914} INFO - Processing file /home/airflow/.local/lib/python3.12/site-packages/airflow/example_dags/example_latest_only_with_trigger.py for tasks to queue
[2025-03-09T16:14:53.056+0000] {logging_mixin.py:190} INFO - [2025-03-09T16:14:53.055+0000] {dagbag.py:588} INFO - Filling up the DagBag from /home/airflow/.local/lib/python3.12/site-packages/airflow/example_dags/example_latest_only_with_trigger.py
[2025-03-09T16:14:53.063+0000] {processor.py:925} INFO - DAG(s) 'latest_only_with_trigger' retrieved from /home/airflow/.local/lib/python3.12/site-packages/airflow/example_dags/example_latest_only_with_trigger.py
[2025-03-09T16:14:53.079+0000] {logging_mixin.py:190} INFO - [2025-03-09T16:14:53.079+0000] {dag.py:3239} INFO - Sync 1 DAGs
[2025-03-09T16:14:53.094+0000] {logging_mixin.py:190} INFO - [2025-03-09T16:14:53.094+0000] {dag.py:4180} INFO - Setting next_dagrun for latest_only_with_trigger to 2025-03-09 12:00:00+00:00, run_after=2025-03-09 16:00:00+00:00
[2025-03-09T16:14:53.111+0000] {processor.py:208} INFO - Processing /home/airflow/.local/lib/python3.12/site-packages/airflow/example_dags/example_latest_only_with_trigger.py took 0.076 seconds
[2025-03-09T16:15:24.019+0000] {processor.py:186} INFO - Started process (PID=18897) to work on /home/airflow/.local/lib/python3.12/site-packages/airflow/example_dags/example_latest_only_with_trigger.py
[2025-03-09T16:15:24.022+0000] {processor.py:914} INFO - Processing file /home/airflow/.local/lib/python3.12/site-packages/airflow/example_dags/example_latest_only_with_trigger.py for tasks to queue
[2025-03-09T16:15:24.024+0000] {logging_mixin.py:190} INFO - [2025-03-09T16:15:24.023+0000] {dagbag.py:588} INFO - Filling up the DagBag from /home/airflow/.local/lib/python3.12/site-packages/airflow/example_dags/example_latest_only_with_trigger.py
[2025-03-09T16:15:24.029+0000] {processor.py:925} INFO - DAG(s) 'latest_only_with_trigger' retrieved from /home/airflow/.local/lib/python3.12/site-packages/airflow/example_dags/example_latest_only_with_trigger.py
[2025-03-09T16:15:24.048+0000] {logging_mixin.py:190} INFO - [2025-03-09T16:15:24.048+0000] {dag.py:3239} INFO - Sync 1 DAGs
[2025-03-09T16:15:24.065+0000] {logging_mixin.py:190} INFO - [2025-03-09T16:15:24.065+0000] {dag.py:4180} INFO - Setting next_dagrun for latest_only_with_trigger to 2025-03-09 12:00:00+00:00, run_after=2025-03-09 16:00:00+00:00
[2025-03-09T16:15:24.081+0000] {processor.py:208} INFO - Processing /home/airflow/.local/lib/python3.12/site-packages/airflow/example_dags/example_latest_only_with_trigger.py took 0.066 seconds
[2025-03-09T16:15:54.818+0000] {processor.py:186} INFO - Started process (PID=19223) to work on /home/airflow/.local/lib/python3.12/site-packages/airflow/example_dags/example_latest_only_with_trigger.py
[2025-03-09T16:15:54.829+0000] {processor.py:914} INFO - Processing file /home/airflow/.local/lib/python3.12/site-packages/airflow/example_dags/example_latest_only_with_trigger.py for tasks to queue
[2025-03-09T16:15:54.831+0000] {logging_mixin.py:190} INFO - [2025-03-09T16:15:54.831+0000] {dagbag.py:588} INFO - Filling up the DagBag from /home/airflow/.local/lib/python3.12/site-packages/airflow/example_dags/example_latest_only_with_trigger.py
[2025-03-09T16:15:54.837+0000] {processor.py:925} INFO - DAG(s) 'latest_only_with_trigger' retrieved from /home/airflow/.local/lib/python3.12/site-packages/airflow/example_dags/example_latest_only_with_trigger.py
[2025-03-09T16:15:54.849+0000] {logging_mixin.py:190} INFO - [2025-03-09T16:15:54.849+0000] {dag.py:3239} INFO - Sync 1 DAGs
[2025-03-09T16:15:54.863+0000] {logging_mixin.py:190} INFO - [2025-03-09T16:15:54.863+0000] {dag.py:4180} INFO - Setting next_dagrun for latest_only_with_trigger to 2025-03-09 12:00:00+00:00, run_after=2025-03-09 16:00:00+00:00
[2025-03-09T16:15:54.879+0000] {processor.py:208} INFO - Processing /home/airflow/.local/lib/python3.12/site-packages/airflow/example_dags/example_latest_only_with_trigger.py took 0.071 seconds
[2025-03-09T16:16:25.150+0000] {processor.py:186} INFO - Started process (PID=19549) to work on /home/airflow/.local/lib/python3.12/site-packages/airflow/example_dags/example_latest_only_with_trigger.py
[2025-03-09T16:16:25.160+0000] {processor.py:914} INFO - Processing file /home/airflow/.local/lib/python3.12/site-packages/airflow/example_dags/example_latest_only_with_trigger.py for tasks to queue
[2025-03-09T16:16:25.162+0000] {logging_mixin.py:190} INFO - [2025-03-09T16:16:25.162+0000] {dagbag.py:588} INFO - Filling up the DagBag from /home/airflow/.local/lib/python3.12/site-packages/airflow/example_dags/example_latest_only_with_trigger.py
[2025-03-09T16:16:25.171+0000] {processor.py:925} INFO - DAG(s) 'latest_only_with_trigger' retrieved from /home/airflow/.local/lib/python3.12/site-packages/airflow/example_dags/example_latest_only_with_trigger.py
[2025-03-09T16:16:25.203+0000] {logging_mixin.py:190} INFO - [2025-03-09T16:16:25.202+0000] {dag.py:3239} INFO - Sync 1 DAGs
[2025-03-09T16:16:25.221+0000] {logging_mixin.py:190} INFO - [2025-03-09T16:16:25.221+0000] {dag.py:4180} INFO - Setting next_dagrun for latest_only_with_trigger to 2025-03-09 12:00:00+00:00, run_after=2025-03-09 16:00:00+00:00
[2025-03-09T16:16:25.235+0000] {processor.py:208} INFO - Processing /home/airflow/.local/lib/python3.12/site-packages/airflow/example_dags/example_latest_only_with_trigger.py took 0.089 seconds
[2025-03-09T16:16:55.295+0000] {processor.py:186} INFO - Started process (PID=19875) to work on /home/airflow/.local/lib/python3.12/site-packages/airflow/example_dags/example_latest_only_with_trigger.py
[2025-03-09T16:16:55.305+0000] {processor.py:914} INFO - Processing file /home/airflow/.local/lib/python3.12/site-packages/airflow/example_dags/example_latest_only_with_trigger.py for tasks to queue
[2025-03-09T16:16:55.308+0000] {logging_mixin.py:190} INFO - [2025-03-09T16:16:55.308+0000] {dagbag.py:588} INFO - Filling up the DagBag from /home/airflow/.local/lib/python3.12/site-packages/airflow/example_dags/example_latest_only_with_trigger.py
[2025-03-09T16:16:55.319+0000] {processor.py:925} INFO - DAG(s) 'latest_only_with_trigger' retrieved from /home/airflow/.local/lib/python3.12/site-packages/airflow/example_dags/example_latest_only_with_trigger.py
[2025-03-09T16:16:55.338+0000] {logging_mixin.py:190} INFO - [2025-03-09T16:16:55.338+0000] {dag.py:3239} INFO - Sync 1 DAGs
[2025-03-09T16:16:55.353+0000] {logging_mixin.py:190} INFO - [2025-03-09T16:16:55.352+0000] {dag.py:4180} INFO - Setting next_dagrun for latest_only_with_trigger to 2025-03-09 12:00:00+00:00, run_after=2025-03-09 16:00:00+00:00
[2025-03-09T16:16:55.366+0000] {processor.py:208} INFO - Processing /home/airflow/.local/lib/python3.12/site-packages/airflow/example_dags/example_latest_only_with_trigger.py took 0.075 seconds
[2025-03-09T16:17:25.455+0000] {processor.py:186} INFO - Started process (PID=20201) to work on /home/airflow/.local/lib/python3.12/site-packages/airflow/example_dags/example_latest_only_with_trigger.py
[2025-03-09T16:17:25.466+0000] {processor.py:914} INFO - Processing file /home/airflow/.local/lib/python3.12/site-packages/airflow/example_dags/example_latest_only_with_trigger.py for tasks to queue
[2025-03-09T16:17:25.469+0000] {logging_mixin.py:190} INFO - [2025-03-09T16:17:25.468+0000] {dagbag.py:588} INFO - Filling up the DagBag from /home/airflow/.local/lib/python3.12/site-packages/airflow/example_dags/example_latest_only_with_trigger.py
[2025-03-09T16:17:25.477+0000] {processor.py:925} INFO - DAG(s) 'latest_only_with_trigger' retrieved from /home/airflow/.local/lib/python3.12/site-packages/airflow/example_dags/example_latest_only_with_trigger.py
[2025-03-09T16:17:25.492+0000] {logging_mixin.py:190} INFO - [2025-03-09T16:17:25.492+0000] {dag.py:3239} INFO - Sync 1 DAGs
[2025-03-09T16:17:25.505+0000] {logging_mixin.py:190} INFO - [2025-03-09T16:17:25.505+0000] {dag.py:4180} INFO - Setting next_dagrun for latest_only_with_trigger to 2025-03-09 12:00:00+00:00, run_after=2025-03-09 16:00:00+00:00
[2025-03-09T16:17:25.516+0000] {processor.py:208} INFO - Processing /home/airflow/.local/lib/python3.12/site-packages/airflow/example_dags/example_latest_only_with_trigger.py took 0.066 seconds
[2025-03-09T16:17:56.443+0000] {processor.py:186} INFO - Started process (PID=20527) to work on /home/airflow/.local/lib/python3.12/site-packages/airflow/example_dags/example_latest_only_with_trigger.py
[2025-03-09T16:17:56.444+0000] {processor.py:914} INFO - Processing file /home/airflow/.local/lib/python3.12/site-packages/airflow/example_dags/example_latest_only_with_trigger.py for tasks to queue
[2025-03-09T16:17:56.445+0000] {logging_mixin.py:190} INFO - [2025-03-09T16:17:56.445+0000] {dagbag.py:588} INFO - Filling up the DagBag from /home/airflow/.local/lib/python3.12/site-packages/airflow/example_dags/example_latest_only_with_trigger.py
[2025-03-09T16:17:56.450+0000] {processor.py:925} INFO - DAG(s) 'latest_only_with_trigger' retrieved from /home/airflow/.local/lib/python3.12/site-packages/airflow/example_dags/example_latest_only_with_trigger.py
[2025-03-09T16:17:56.463+0000] {logging_mixin.py:190} INFO - [2025-03-09T16:17:56.463+0000] {dag.py:3239} INFO - Sync 1 DAGs
[2025-03-09T16:17:56.477+0000] {logging_mixin.py:190} INFO - [2025-03-09T16:17:56.477+0000] {dag.py:4180} INFO - Setting next_dagrun for latest_only_with_trigger to 2025-03-09 12:00:00+00:00, run_after=2025-03-09 16:00:00+00:00
[2025-03-09T16:17:56.491+0000] {processor.py:208} INFO - Processing /home/airflow/.local/lib/python3.12/site-packages/airflow/example_dags/example_latest_only_with_trigger.py took 0.052 seconds
[2025-03-09T16:18:26.879+0000] {processor.py:186} INFO - Started process (PID=20853) to work on /home/airflow/.local/lib/python3.12/site-packages/airflow/example_dags/example_latest_only_with_trigger.py
[2025-03-09T16:18:26.889+0000] {processor.py:914} INFO - Processing file /home/airflow/.local/lib/python3.12/site-packages/airflow/example_dags/example_latest_only_with_trigger.py for tasks to queue
[2025-03-09T16:18:26.890+0000] {logging_mixin.py:190} INFO - [2025-03-09T16:18:26.890+0000] {dagbag.py:588} INFO - Filling up the DagBag from /home/airflow/.local/lib/python3.12/site-packages/airflow/example_dags/example_latest_only_with_trigger.py
[2025-03-09T16:18:26.895+0000] {processor.py:925} INFO - DAG(s) 'latest_only_with_trigger' retrieved from /home/airflow/.local/lib/python3.12/site-packages/airflow/example_dags/example_latest_only_with_trigger.py
[2025-03-09T16:18:26.909+0000] {logging_mixin.py:190} INFO - [2025-03-09T16:18:26.908+0000] {dag.py:3239} INFO - Sync 1 DAGs
[2025-03-09T16:18:26.923+0000] {logging_mixin.py:190} INFO - [2025-03-09T16:18:26.923+0000] {dag.py:4180} INFO - Setting next_dagrun for latest_only_with_trigger to 2025-03-09 12:00:00+00:00, run_after=2025-03-09 16:00:00+00:00
[2025-03-09T16:18:26.935+0000] {processor.py:208} INFO - Processing /home/airflow/.local/lib/python3.12/site-packages/airflow/example_dags/example_latest_only_with_trigger.py took 0.059 seconds
[2025-03-09T16:18:57.172+0000] {processor.py:186} INFO - Started process (PID=21179) to work on /home/airflow/.local/lib/python3.12/site-packages/airflow/example_dags/example_latest_only_with_trigger.py
[2025-03-09T16:18:57.182+0000] {processor.py:914} INFO - Processing file /home/airflow/.local/lib/python3.12/site-packages/airflow/example_dags/example_latest_only_with_trigger.py for tasks to queue
[2025-03-09T16:18:57.183+0000] {logging_mixin.py:190} INFO - [2025-03-09T16:18:57.183+0000] {dagbag.py:588} INFO - Filling up the DagBag from /home/airflow/.local/lib/python3.12/site-packages/airflow/example_dags/example_latest_only_with_trigger.py
[2025-03-09T16:18:57.188+0000] {processor.py:925} INFO - DAG(s) 'latest_only_with_trigger' retrieved from /home/airflow/.local/lib/python3.12/site-packages/airflow/example_dags/example_latest_only_with_trigger.py
[2025-03-09T16:18:57.201+0000] {logging_mixin.py:190} INFO - [2025-03-09T16:18:57.201+0000] {dag.py:3239} INFO - Sync 1 DAGs
[2025-03-09T16:18:57.215+0000] {logging_mixin.py:190} INFO - [2025-03-09T16:18:57.215+0000] {dag.py:4180} INFO - Setting next_dagrun for latest_only_with_trigger to 2025-03-09 12:00:00+00:00, run_after=2025-03-09 16:00:00+00:00
[2025-03-09T16:18:57.228+0000] {processor.py:208} INFO - Processing /home/airflow/.local/lib/python3.12/site-packages/airflow/example_dags/example_latest_only_with_trigger.py took 0.061 seconds
[2025-03-09T16:19:27.452+0000] {processor.py:186} INFO - Started process (PID=21505) to work on /home/airflow/.local/lib/python3.12/site-packages/airflow/example_dags/example_latest_only_with_trigger.py
[2025-03-09T16:19:27.453+0000] {processor.py:914} INFO - Processing file /home/airflow/.local/lib/python3.12/site-packages/airflow/example_dags/example_latest_only_with_trigger.py for tasks to queue
[2025-03-09T16:19:27.454+0000] {logging_mixin.py:190} INFO - [2025-03-09T16:19:27.454+0000] {dagbag.py:588} INFO - Filling up the DagBag from /home/airflow/.local/lib/python3.12/site-packages/airflow/example_dags/example_latest_only_with_trigger.py
[2025-03-09T16:19:27.459+0000] {processor.py:925} INFO - DAG(s) 'latest_only_with_trigger' retrieved from /home/airflow/.local/lib/python3.12/site-packages/airflow/example_dags/example_latest_only_with_trigger.py
[2025-03-09T16:19:27.476+0000] {logging_mixin.py:190} INFO - [2025-03-09T16:19:27.476+0000] {dag.py:3239} INFO - Sync 1 DAGs
[2025-03-09T16:19:27.612+0000] {logging_mixin.py:190} INFO - [2025-03-09T16:19:27.612+0000] {dag.py:4180} INFO - Setting next_dagrun for latest_only_with_trigger to 2025-03-09 12:00:00+00:00, run_after=2025-03-09 16:00:00+00:00
[2025-03-09T16:19:27.635+0000] {processor.py:208} INFO - Processing /home/airflow/.local/lib/python3.12/site-packages/airflow/example_dags/example_latest_only_with_trigger.py took 0.186 seconds
