[2025-03-09T15:46:15.738+0000] {processor.py:186} INFO - Started process (PID=437) to work on /home/airflow/.local/lib/python3.12/site-packages/airflow/example_dags/example_branch_python_dop_operator_3.py
[2025-03-09T15:46:15.739+0000] {processor.py:914} INFO - Processing file /home/airflow/.local/lib/python3.12/site-packages/airflow/example_dags/example_branch_python_dop_operator_3.py for tasks to queue
[2025-03-09T15:46:15.740+0000] {logging_mixin.py:190} INFO - [2025-03-09T15:46:15.739+0000] {dagbag.py:588} INFO - Filling up the DagBag from /home/airflow/.local/lib/python3.12/site-packages/airflow/example_dags/example_branch_python_dop_operator_3.py
[2025-03-09T15:46:15.747+0000] {processor.py:925} INFO - DAG(s) 'example_branch_dop_operator_v3' retrieved from /home/airflow/.local/lib/python3.12/site-packages/airflow/example_dags/example_branch_python_dop_operator_3.py
[2025-03-09T15:46:15.759+0000] {logging_mixin.py:190} INFO - [2025-03-09T15:46:15.759+0000] {dag.py:3239} INFO - Sync 1 DAGs
[2025-03-09T15:46:15.775+0000] {logging_mixin.py:190} INFO - [2025-03-09T15:46:15.775+0000] {dag.py:4180} INFO - Setting next_dagrun for example_branch_dop_operator_v3 to 2025-03-09 15:45:00+00:00, run_after=2025-03-09 15:46:00+00:00
[2025-03-09T15:46:15.789+0000] {processor.py:208} INFO - Processing /home/airflow/.local/lib/python3.12/site-packages/airflow/example_dags/example_branch_python_dop_operator_3.py took 0.055 seconds
[2025-03-09T15:46:46.805+0000] {processor.py:186} INFO - Started process (PID=763) to work on /home/airflow/.local/lib/python3.12/site-packages/airflow/example_dags/example_branch_python_dop_operator_3.py
[2025-03-09T15:46:46.806+0000] {processor.py:914} INFO - Processing file /home/airflow/.local/lib/python3.12/site-packages/airflow/example_dags/example_branch_python_dop_operator_3.py for tasks to queue
[2025-03-09T15:46:46.808+0000] {logging_mixin.py:190} INFO - [2025-03-09T15:46:46.807+0000] {dagbag.py:588} INFO - Filling up the DagBag from /home/airflow/.local/lib/python3.12/site-packages/airflow/example_dags/example_branch_python_dop_operator_3.py
[2025-03-09T15:46:46.815+0000] {processor.py:925} INFO - DAG(s) 'example_branch_dop_operator_v3' retrieved from /home/airflow/.local/lib/python3.12/site-packages/airflow/example_dags/example_branch_python_dop_operator_3.py
[2025-03-09T15:46:46.831+0000] {logging_mixin.py:190} INFO - [2025-03-09T15:46:46.831+0000] {dag.py:3239} INFO - Sync 1 DAGs
[2025-03-09T15:46:46.848+0000] {logging_mixin.py:190} INFO - [2025-03-09T15:46:46.848+0000] {dag.py:4180} INFO - Setting next_dagrun for example_branch_dop_operator_v3 to 2025-03-09 15:45:00+00:00, run_after=2025-03-09 15:46:00+00:00
[2025-03-09T15:46:46.866+0000] {processor.py:208} INFO - Processing /home/airflow/.local/lib/python3.12/site-packages/airflow/example_dags/example_branch_python_dop_operator_3.py took 0.066 seconds
[2025-03-09T15:47:18.035+0000] {processor.py:186} INFO - Started process (PID=1089) to work on /home/airflow/.local/lib/python3.12/site-packages/airflow/example_dags/example_branch_python_dop_operator_3.py
[2025-03-09T15:47:18.036+0000] {processor.py:914} INFO - Processing file /home/airflow/.local/lib/python3.12/site-packages/airflow/example_dags/example_branch_python_dop_operator_3.py for tasks to queue
[2025-03-09T15:47:18.037+0000] {logging_mixin.py:190} INFO - [2025-03-09T15:47:18.037+0000] {dagbag.py:588} INFO - Filling up the DagBag from /home/airflow/.local/lib/python3.12/site-packages/airflow/example_dags/example_branch_python_dop_operator_3.py
[2025-03-09T15:47:18.043+0000] {processor.py:925} INFO - DAG(s) 'example_branch_dop_operator_v3' retrieved from /home/airflow/.local/lib/python3.12/site-packages/airflow/example_dags/example_branch_python_dop_operator_3.py
[2025-03-09T15:47:18.056+0000] {logging_mixin.py:190} INFO - [2025-03-09T15:47:18.056+0000] {dag.py:3239} INFO - Sync 1 DAGs
[2025-03-09T15:47:18.072+0000] {logging_mixin.py:190} INFO - [2025-03-09T15:47:18.072+0000] {dag.py:4180} INFO - Setting next_dagrun for example_branch_dop_operator_v3 to 2025-03-09 15:46:00+00:00, run_after=2025-03-09 15:47:00+00:00
[2025-03-09T15:47:18.085+0000] {processor.py:208} INFO - Processing /home/airflow/.local/lib/python3.12/site-packages/airflow/example_dags/example_branch_python_dop_operator_3.py took 0.054 seconds
[2025-03-09T15:47:48.855+0000] {processor.py:186} INFO - Started process (PID=1415) to work on /home/airflow/.local/lib/python3.12/site-packages/airflow/example_dags/example_branch_python_dop_operator_3.py
[2025-03-09T15:47:48.856+0000] {processor.py:914} INFO - Processing file /home/airflow/.local/lib/python3.12/site-packages/airflow/example_dags/example_branch_python_dop_operator_3.py for tasks to queue
[2025-03-09T15:47:48.857+0000] {logging_mixin.py:190} INFO - [2025-03-09T15:47:48.857+0000] {dagbag.py:588} INFO - Filling up the DagBag from /home/airflow/.local/lib/python3.12/site-packages/airflow/example_dags/example_branch_python_dop_operator_3.py
[2025-03-09T15:47:48.863+0000] {processor.py:925} INFO - DAG(s) 'example_branch_dop_operator_v3' retrieved from /home/airflow/.local/lib/python3.12/site-packages/airflow/example_dags/example_branch_python_dop_operator_3.py
[2025-03-09T15:47:48.876+0000] {logging_mixin.py:190} INFO - [2025-03-09T15:47:48.876+0000] {dag.py:3239} INFO - Sync 1 DAGs
[2025-03-09T15:47:48.891+0000] {logging_mixin.py:190} INFO - [2025-03-09T15:47:48.890+0000] {dag.py:4180} INFO - Setting next_dagrun for example_branch_dop_operator_v3 to 2025-03-09 15:46:00+00:00, run_after=2025-03-09 15:47:00+00:00
[2025-03-09T15:47:48.905+0000] {processor.py:208} INFO - Processing /home/airflow/.local/lib/python3.12/site-packages/airflow/example_dags/example_branch_python_dop_operator_3.py took 0.057 seconds
[2025-03-09T15:48:19.753+0000] {processor.py:186} INFO - Started process (PID=1741) to work on /home/airflow/.local/lib/python3.12/site-packages/airflow/example_dags/example_branch_python_dop_operator_3.py
[2025-03-09T15:48:19.753+0000] {processor.py:914} INFO - Processing file /home/airflow/.local/lib/python3.12/site-packages/airflow/example_dags/example_branch_python_dop_operator_3.py for tasks to queue
[2025-03-09T15:48:19.755+0000] {logging_mixin.py:190} INFO - [2025-03-09T15:48:19.755+0000] {dagbag.py:588} INFO - Filling up the DagBag from /home/airflow/.local/lib/python3.12/site-packages/airflow/example_dags/example_branch_python_dop_operator_3.py
[2025-03-09T15:48:19.761+0000] {processor.py:925} INFO - DAG(s) 'example_branch_dop_operator_v3' retrieved from /home/airflow/.local/lib/python3.12/site-packages/airflow/example_dags/example_branch_python_dop_operator_3.py
[2025-03-09T15:48:19.775+0000] {logging_mixin.py:190} INFO - [2025-03-09T15:48:19.774+0000] {dag.py:3239} INFO - Sync 1 DAGs
[2025-03-09T15:48:19.790+0000] {logging_mixin.py:190} INFO - [2025-03-09T15:48:19.790+0000] {dag.py:4180} INFO - Setting next_dagrun for example_branch_dop_operator_v3 to 2025-03-09 15:47:00+00:00, run_after=2025-03-09 15:48:00+00:00
[2025-03-09T15:48:19.802+0000] {processor.py:208} INFO - Processing /home/airflow/.local/lib/python3.12/site-packages/airflow/example_dags/example_branch_python_dop_operator_3.py took 0.054 seconds
[2025-03-09T15:48:50.702+0000] {processor.py:186} INFO - Started process (PID=2067) to work on /home/airflow/.local/lib/python3.12/site-packages/airflow/example_dags/example_branch_python_dop_operator_3.py
[2025-03-09T15:48:50.702+0000] {processor.py:914} INFO - Processing file /home/airflow/.local/lib/python3.12/site-packages/airflow/example_dags/example_branch_python_dop_operator_3.py for tasks to queue
[2025-03-09T15:48:50.704+0000] {logging_mixin.py:190} INFO - [2025-03-09T15:48:50.703+0000] {dagbag.py:588} INFO - Filling up the DagBag from /home/airflow/.local/lib/python3.12/site-packages/airflow/example_dags/example_branch_python_dop_operator_3.py
[2025-03-09T15:48:50.710+0000] {processor.py:925} INFO - DAG(s) 'example_branch_dop_operator_v3' retrieved from /home/airflow/.local/lib/python3.12/site-packages/airflow/example_dags/example_branch_python_dop_operator_3.py
[2025-03-09T15:48:50.727+0000] {logging_mixin.py:190} INFO - [2025-03-09T15:48:50.727+0000] {dag.py:3239} INFO - Sync 1 DAGs
[2025-03-09T15:48:50.744+0000] {logging_mixin.py:190} INFO - [2025-03-09T15:48:50.744+0000] {dag.py:4180} INFO - Setting next_dagrun for example_branch_dop_operator_v3 to 2025-03-09 15:47:00+00:00, run_after=2025-03-09 15:48:00+00:00
[2025-03-09T15:48:50.758+0000] {processor.py:208} INFO - Processing /home/airflow/.local/lib/python3.12/site-packages/airflow/example_dags/example_branch_python_dop_operator_3.py took 0.060 seconds
[2025-03-09T15:49:21.404+0000] {processor.py:186} INFO - Started process (PID=2393) to work on /home/airflow/.local/lib/python3.12/site-packages/airflow/example_dags/example_branch_python_dop_operator_3.py
[2025-03-09T15:49:21.405+0000] {processor.py:914} INFO - Processing file /home/airflow/.local/lib/python3.12/site-packages/airflow/example_dags/example_branch_python_dop_operator_3.py for tasks to queue
[2025-03-09T15:49:21.406+0000] {logging_mixin.py:190} INFO - [2025-03-09T15:49:21.406+0000] {dagbag.py:588} INFO - Filling up the DagBag from /home/airflow/.local/lib/python3.12/site-packages/airflow/example_dags/example_branch_python_dop_operator_3.py
[2025-03-09T15:49:21.412+0000] {processor.py:925} INFO - DAG(s) 'example_branch_dop_operator_v3' retrieved from /home/airflow/.local/lib/python3.12/site-packages/airflow/example_dags/example_branch_python_dop_operator_3.py
[2025-03-09T15:49:21.425+0000] {logging_mixin.py:190} INFO - [2025-03-09T15:49:21.424+0000] {dag.py:3239} INFO - Sync 1 DAGs
[2025-03-09T15:49:21.439+0000] {logging_mixin.py:190} INFO - [2025-03-09T15:49:21.439+0000] {dag.py:4180} INFO - Setting next_dagrun for example_branch_dop_operator_v3 to 2025-03-09 15:48:00+00:00, run_after=2025-03-09 15:49:00+00:00
[2025-03-09T15:49:21.453+0000] {processor.py:208} INFO - Processing /home/airflow/.local/lib/python3.12/site-packages/airflow/example_dags/example_branch_python_dop_operator_3.py took 0.053 seconds
[2025-03-09T15:49:52.415+0000] {processor.py:186} INFO - Started process (PID=2719) to work on /home/airflow/.local/lib/python3.12/site-packages/airflow/example_dags/example_branch_python_dop_operator_3.py
[2025-03-09T15:49:52.416+0000] {processor.py:914} INFO - Processing file /home/airflow/.local/lib/python3.12/site-packages/airflow/example_dags/example_branch_python_dop_operator_3.py for tasks to queue
[2025-03-09T15:49:52.417+0000] {logging_mixin.py:190} INFO - [2025-03-09T15:49:52.417+0000] {dagbag.py:588} INFO - Filling up the DagBag from /home/airflow/.local/lib/python3.12/site-packages/airflow/example_dags/example_branch_python_dop_operator_3.py
[2025-03-09T15:49:52.424+0000] {processor.py:925} INFO - DAG(s) 'example_branch_dop_operator_v3' retrieved from /home/airflow/.local/lib/python3.12/site-packages/airflow/example_dags/example_branch_python_dop_operator_3.py
[2025-03-09T15:49:52.439+0000] {logging_mixin.py:190} INFO - [2025-03-09T15:49:52.439+0000] {dag.py:3239} INFO - Sync 1 DAGs
[2025-03-09T15:49:52.457+0000] {logging_mixin.py:190} INFO - [2025-03-09T15:49:52.457+0000] {dag.py:4180} INFO - Setting next_dagrun for example_branch_dop_operator_v3 to 2025-03-09 15:48:00+00:00, run_after=2025-03-09 15:49:00+00:00
[2025-03-09T15:49:52.474+0000] {processor.py:208} INFO - Processing /home/airflow/.local/lib/python3.12/site-packages/airflow/example_dags/example_branch_python_dop_operator_3.py took 0.062 seconds
[2025-03-09T15:50:23.300+0000] {processor.py:186} INFO - Started process (PID=3045) to work on /home/airflow/.local/lib/python3.12/site-packages/airflow/example_dags/example_branch_python_dop_operator_3.py
[2025-03-09T15:50:23.301+0000] {processor.py:914} INFO - Processing file /home/airflow/.local/lib/python3.12/site-packages/airflow/example_dags/example_branch_python_dop_operator_3.py for tasks to queue
[2025-03-09T15:50:23.302+0000] {logging_mixin.py:190} INFO - [2025-03-09T15:50:23.302+0000] {dagbag.py:588} INFO - Filling up the DagBag from /home/airflow/.local/lib/python3.12/site-packages/airflow/example_dags/example_branch_python_dop_operator_3.py
[2025-03-09T15:50:23.308+0000] {processor.py:925} INFO - DAG(s) 'example_branch_dop_operator_v3' retrieved from /home/airflow/.local/lib/python3.12/site-packages/airflow/example_dags/example_branch_python_dop_operator_3.py
[2025-03-09T15:50:23.322+0000] {logging_mixin.py:190} INFO - [2025-03-09T15:50:23.322+0000] {dag.py:3239} INFO - Sync 1 DAGs
[2025-03-09T15:50:23.337+0000] {logging_mixin.py:190} INFO - [2025-03-09T15:50:23.336+0000] {dag.py:4180} INFO - Setting next_dagrun for example_branch_dop_operator_v3 to 2025-03-09 15:49:00+00:00, run_after=2025-03-09 15:50:00+00:00
[2025-03-09T15:50:23.349+0000] {processor.py:208} INFO - Processing /home/airflow/.local/lib/python3.12/site-packages/airflow/example_dags/example_branch_python_dop_operator_3.py took 0.053 seconds
[2025-03-09T15:50:54.302+0000] {processor.py:186} INFO - Started process (PID=3371) to work on /home/airflow/.local/lib/python3.12/site-packages/airflow/example_dags/example_branch_python_dop_operator_3.py
[2025-03-09T15:50:54.303+0000] {processor.py:914} INFO - Processing file /home/airflow/.local/lib/python3.12/site-packages/airflow/example_dags/example_branch_python_dop_operator_3.py for tasks to queue
[2025-03-09T15:50:54.304+0000] {logging_mixin.py:190} INFO - [2025-03-09T15:50:54.304+0000] {dagbag.py:588} INFO - Filling up the DagBag from /home/airflow/.local/lib/python3.12/site-packages/airflow/example_dags/example_branch_python_dop_operator_3.py
[2025-03-09T15:50:54.311+0000] {processor.py:925} INFO - DAG(s) 'example_branch_dop_operator_v3' retrieved from /home/airflow/.local/lib/python3.12/site-packages/airflow/example_dags/example_branch_python_dop_operator_3.py
[2025-03-09T15:50:54.323+0000] {logging_mixin.py:190} INFO - [2025-03-09T15:50:54.323+0000] {dag.py:3239} INFO - Sync 1 DAGs
[2025-03-09T15:50:54.340+0000] {logging_mixin.py:190} INFO - [2025-03-09T15:50:54.340+0000] {dag.py:4180} INFO - Setting next_dagrun for example_branch_dop_operator_v3 to 2025-03-09 15:49:00+00:00, run_after=2025-03-09 15:50:00+00:00
[2025-03-09T15:50:54.352+0000] {processor.py:208} INFO - Processing /home/airflow/.local/lib/python3.12/site-packages/airflow/example_dags/example_branch_python_dop_operator_3.py took 0.052 seconds
[2025-03-09T15:51:25.155+0000] {processor.py:186} INFO - Started process (PID=3699) to work on /home/airflow/.local/lib/python3.12/site-packages/airflow/example_dags/example_branch_python_dop_operator_3.py
[2025-03-09T15:51:25.156+0000] {processor.py:914} INFO - Processing file /home/airflow/.local/lib/python3.12/site-packages/airflow/example_dags/example_branch_python_dop_operator_3.py for tasks to queue
[2025-03-09T15:51:25.157+0000] {logging_mixin.py:190} INFO - [2025-03-09T15:51:25.157+0000] {dagbag.py:588} INFO - Filling up the DagBag from /home/airflow/.local/lib/python3.12/site-packages/airflow/example_dags/example_branch_python_dop_operator_3.py
[2025-03-09T15:51:25.165+0000] {processor.py:925} INFO - DAG(s) 'example_branch_dop_operator_v3' retrieved from /home/airflow/.local/lib/python3.12/site-packages/airflow/example_dags/example_branch_python_dop_operator_3.py
[2025-03-09T15:51:25.176+0000] {logging_mixin.py:190} INFO - [2025-03-09T15:51:25.176+0000] {dag.py:3239} INFO - Sync 1 DAGs
[2025-03-09T15:51:25.192+0000] {logging_mixin.py:190} INFO - [2025-03-09T15:51:25.191+0000] {dag.py:4180} INFO - Setting next_dagrun for example_branch_dop_operator_v3 to 2025-03-09 15:50:00+00:00, run_after=2025-03-09 15:51:00+00:00
[2025-03-09T15:51:25.206+0000] {processor.py:208} INFO - Processing /home/airflow/.local/lib/python3.12/site-packages/airflow/example_dags/example_branch_python_dop_operator_3.py took 0.054 seconds
[2025-03-09T15:51:56.128+0000] {processor.py:186} INFO - Started process (PID=4023) to work on /home/airflow/.local/lib/python3.12/site-packages/airflow/example_dags/example_branch_python_dop_operator_3.py
[2025-03-09T15:51:56.129+0000] {processor.py:914} INFO - Processing file /home/airflow/.local/lib/python3.12/site-packages/airflow/example_dags/example_branch_python_dop_operator_3.py for tasks to queue
[2025-03-09T15:51:56.131+0000] {logging_mixin.py:190} INFO - [2025-03-09T15:51:56.131+0000] {dagbag.py:588} INFO - Filling up the DagBag from /home/airflow/.local/lib/python3.12/site-packages/airflow/example_dags/example_branch_python_dop_operator_3.py
[2025-03-09T15:51:56.137+0000] {processor.py:925} INFO - DAG(s) 'example_branch_dop_operator_v3' retrieved from /home/airflow/.local/lib/python3.12/site-packages/airflow/example_dags/example_branch_python_dop_operator_3.py
[2025-03-09T15:51:56.154+0000] {logging_mixin.py:190} INFO - [2025-03-09T15:51:56.154+0000] {dag.py:3239} INFO - Sync 1 DAGs
[2025-03-09T15:51:56.175+0000] {logging_mixin.py:190} INFO - [2025-03-09T15:51:56.175+0000] {dag.py:4180} INFO - Setting next_dagrun for example_branch_dop_operator_v3 to 2025-03-09 15:50:00+00:00, run_after=2025-03-09 15:51:00+00:00
[2025-03-09T15:51:56.196+0000] {processor.py:208} INFO - Processing /home/airflow/.local/lib/python3.12/site-packages/airflow/example_dags/example_branch_python_dop_operator_3.py took 0.074 seconds
[2025-03-09T15:52:26.805+0000] {processor.py:186} INFO - Started process (PID=4349) to work on /home/airflow/.local/lib/python3.12/site-packages/airflow/example_dags/example_branch_python_dop_operator_3.py
[2025-03-09T15:52:26.806+0000] {processor.py:914} INFO - Processing file /home/airflow/.local/lib/python3.12/site-packages/airflow/example_dags/example_branch_python_dop_operator_3.py for tasks to queue
[2025-03-09T15:52:26.807+0000] {logging_mixin.py:190} INFO - [2025-03-09T15:52:26.807+0000] {dagbag.py:588} INFO - Filling up the DagBag from /home/airflow/.local/lib/python3.12/site-packages/airflow/example_dags/example_branch_python_dop_operator_3.py
[2025-03-09T15:52:26.814+0000] {processor.py:925} INFO - DAG(s) 'example_branch_dop_operator_v3' retrieved from /home/airflow/.local/lib/python3.12/site-packages/airflow/example_dags/example_branch_python_dop_operator_3.py
[2025-03-09T15:52:26.826+0000] {logging_mixin.py:190} INFO - [2025-03-09T15:52:26.825+0000] {dag.py:3239} INFO - Sync 1 DAGs
[2025-03-09T15:52:26.841+0000] {logging_mixin.py:190} INFO - [2025-03-09T15:52:26.841+0000] {dag.py:4180} INFO - Setting next_dagrun for example_branch_dop_operator_v3 to 2025-03-09 15:51:00+00:00, run_after=2025-03-09 15:52:00+00:00
[2025-03-09T15:52:26.855+0000] {processor.py:208} INFO - Processing /home/airflow/.local/lib/python3.12/site-packages/airflow/example_dags/example_branch_python_dop_operator_3.py took 0.053 seconds
[2025-03-09T15:52:57.465+0000] {processor.py:186} INFO - Started process (PID=4675) to work on /home/airflow/.local/lib/python3.12/site-packages/airflow/example_dags/example_branch_python_dop_operator_3.py
[2025-03-09T15:52:57.466+0000] {processor.py:914} INFO - Processing file /home/airflow/.local/lib/python3.12/site-packages/airflow/example_dags/example_branch_python_dop_operator_3.py for tasks to queue
[2025-03-09T15:52:57.467+0000] {logging_mixin.py:190} INFO - [2025-03-09T15:52:57.467+0000] {dagbag.py:588} INFO - Filling up the DagBag from /home/airflow/.local/lib/python3.12/site-packages/airflow/example_dags/example_branch_python_dop_operator_3.py
[2025-03-09T15:52:57.473+0000] {processor.py:925} INFO - DAG(s) 'example_branch_dop_operator_v3' retrieved from /home/airflow/.local/lib/python3.12/site-packages/airflow/example_dags/example_branch_python_dop_operator_3.py
[2025-03-09T15:52:57.486+0000] {logging_mixin.py:190} INFO - [2025-03-09T15:52:57.485+0000] {dag.py:3239} INFO - Sync 1 DAGs
[2025-03-09T15:52:57.502+0000] {logging_mixin.py:190} INFO - [2025-03-09T15:52:57.502+0000] {dag.py:4180} INFO - Setting next_dagrun for example_branch_dop_operator_v3 to 2025-03-09 15:51:00+00:00, run_after=2025-03-09 15:52:00+00:00
[2025-03-09T15:52:57.516+0000] {processor.py:208} INFO - Processing /home/airflow/.local/lib/python3.12/site-packages/airflow/example_dags/example_branch_python_dop_operator_3.py took 0.054 seconds
[2025-03-09T15:53:28.178+0000] {processor.py:186} INFO - Started process (PID=5001) to work on /home/airflow/.local/lib/python3.12/site-packages/airflow/example_dags/example_branch_python_dop_operator_3.py
[2025-03-09T15:53:28.178+0000] {processor.py:914} INFO - Processing file /home/airflow/.local/lib/python3.12/site-packages/airflow/example_dags/example_branch_python_dop_operator_3.py for tasks to queue
[2025-03-09T15:53:28.179+0000] {logging_mixin.py:190} INFO - [2025-03-09T15:53:28.179+0000] {dagbag.py:588} INFO - Filling up the DagBag from /home/airflow/.local/lib/python3.12/site-packages/airflow/example_dags/example_branch_python_dop_operator_3.py
[2025-03-09T15:53:28.186+0000] {processor.py:925} INFO - DAG(s) 'example_branch_dop_operator_v3' retrieved from /home/airflow/.local/lib/python3.12/site-packages/airflow/example_dags/example_branch_python_dop_operator_3.py
[2025-03-09T15:53:28.201+0000] {logging_mixin.py:190} INFO - [2025-03-09T15:53:28.200+0000] {dag.py:3239} INFO - Sync 1 DAGs
[2025-03-09T15:53:28.218+0000] {logging_mixin.py:190} INFO - [2025-03-09T15:53:28.217+0000] {dag.py:4180} INFO - Setting next_dagrun for example_branch_dop_operator_v3 to 2025-03-09 15:52:00+00:00, run_after=2025-03-09 15:53:00+00:00
[2025-03-09T15:53:28.230+0000] {processor.py:208} INFO - Processing /home/airflow/.local/lib/python3.12/site-packages/airflow/example_dags/example_branch_python_dop_operator_3.py took 0.056 seconds
[2025-03-09T15:53:59.010+0000] {processor.py:186} INFO - Started process (PID=5326) to work on /home/airflow/.local/lib/python3.12/site-packages/airflow/example_dags/example_branch_python_dop_operator_3.py
[2025-03-09T15:53:59.011+0000] {processor.py:914} INFO - Processing file /home/airflow/.local/lib/python3.12/site-packages/airflow/example_dags/example_branch_python_dop_operator_3.py for tasks to queue
[2025-03-09T15:53:59.012+0000] {logging_mixin.py:190} INFO - [2025-03-09T15:53:59.012+0000] {dagbag.py:588} INFO - Filling up the DagBag from /home/airflow/.local/lib/python3.12/site-packages/airflow/example_dags/example_branch_python_dop_operator_3.py
[2025-03-09T15:53:59.019+0000] {processor.py:925} INFO - DAG(s) 'example_branch_dop_operator_v3' retrieved from /home/airflow/.local/lib/python3.12/site-packages/airflow/example_dags/example_branch_python_dop_operator_3.py
[2025-03-09T15:53:59.033+0000] {logging_mixin.py:190} INFO - [2025-03-09T15:53:59.033+0000] {dag.py:3239} INFO - Sync 1 DAGs
[2025-03-09T15:53:59.050+0000] {logging_mixin.py:190} INFO - [2025-03-09T15:53:59.050+0000] {dag.py:4180} INFO - Setting next_dagrun for example_branch_dop_operator_v3 to 2025-03-09 15:52:00+00:00, run_after=2025-03-09 15:53:00+00:00
[2025-03-09T15:53:59.063+0000] {processor.py:208} INFO - Processing /home/airflow/.local/lib/python3.12/site-packages/airflow/example_dags/example_branch_python_dop_operator_3.py took 0.058 seconds
[2025-03-09T15:54:29.738+0000] {processor.py:186} INFO - Started process (PID=5652) to work on /home/airflow/.local/lib/python3.12/site-packages/airflow/example_dags/example_branch_python_dop_operator_3.py
[2025-03-09T15:54:29.738+0000] {processor.py:914} INFO - Processing file /home/airflow/.local/lib/python3.12/site-packages/airflow/example_dags/example_branch_python_dop_operator_3.py for tasks to queue
[2025-03-09T15:54:29.739+0000] {logging_mixin.py:190} INFO - [2025-03-09T15:54:29.739+0000] {dagbag.py:588} INFO - Filling up the DagBag from /home/airflow/.local/lib/python3.12/site-packages/airflow/example_dags/example_branch_python_dop_operator_3.py
[2025-03-09T15:54:29.745+0000] {processor.py:925} INFO - DAG(s) 'example_branch_dop_operator_v3' retrieved from /home/airflow/.local/lib/python3.12/site-packages/airflow/example_dags/example_branch_python_dop_operator_3.py
[2025-03-09T15:54:29.757+0000] {logging_mixin.py:190} INFO - [2025-03-09T15:54:29.757+0000] {dag.py:3239} INFO - Sync 1 DAGs
[2025-03-09T15:54:29.774+0000] {logging_mixin.py:190} INFO - [2025-03-09T15:54:29.774+0000] {dag.py:4180} INFO - Setting next_dagrun for example_branch_dop_operator_v3 to 2025-03-09 15:53:00+00:00, run_after=2025-03-09 15:54:00+00:00
[2025-03-09T15:54:29.788+0000] {processor.py:208} INFO - Processing /home/airflow/.local/lib/python3.12/site-packages/airflow/example_dags/example_branch_python_dop_operator_3.py took 0.055 seconds
[2025-03-09T15:55:00.389+0000] {processor.py:186} INFO - Started process (PID=5975) to work on /home/airflow/.local/lib/python3.12/site-packages/airflow/example_dags/example_branch_python_dop_operator_3.py
[2025-03-09T15:55:00.390+0000] {processor.py:914} INFO - Processing file /home/airflow/.local/lib/python3.12/site-packages/airflow/example_dags/example_branch_python_dop_operator_3.py for tasks to queue
[2025-03-09T15:55:00.392+0000] {logging_mixin.py:190} INFO - [2025-03-09T15:55:00.392+0000] {dagbag.py:588} INFO - Filling up the DagBag from /home/airflow/.local/lib/python3.12/site-packages/airflow/example_dags/example_branch_python_dop_operator_3.py
[2025-03-09T15:55:00.399+0000] {processor.py:925} INFO - DAG(s) 'example_branch_dop_operator_v3' retrieved from /home/airflow/.local/lib/python3.12/site-packages/airflow/example_dags/example_branch_python_dop_operator_3.py
[2025-03-09T15:55:00.423+0000] {logging_mixin.py:190} INFO - [2025-03-09T15:55:00.422+0000] {dag.py:3239} INFO - Sync 1 DAGs
[2025-03-09T15:55:00.449+0000] {logging_mixin.py:190} INFO - [2025-03-09T15:55:00.448+0000] {dag.py:4180} INFO - Setting next_dagrun for example_branch_dop_operator_v3 to 2025-03-09 15:54:00+00:00, run_after=2025-03-09 15:55:00+00:00
[2025-03-09T15:55:00.461+0000] {processor.py:208} INFO - Processing /home/airflow/.local/lib/python3.12/site-packages/airflow/example_dags/example_branch_python_dop_operator_3.py took 0.080 seconds
[2025-03-09T15:55:31.545+0000] {processor.py:186} INFO - Started process (PID=6304) to work on /home/airflow/.local/lib/python3.12/site-packages/airflow/example_dags/example_branch_python_dop_operator_3.py
[2025-03-09T15:55:31.546+0000] {processor.py:914} INFO - Processing file /home/airflow/.local/lib/python3.12/site-packages/airflow/example_dags/example_branch_python_dop_operator_3.py for tasks to queue
[2025-03-09T15:55:31.547+0000] {logging_mixin.py:190} INFO - [2025-03-09T15:55:31.547+0000] {dagbag.py:588} INFO - Filling up the DagBag from /home/airflow/.local/lib/python3.12/site-packages/airflow/example_dags/example_branch_python_dop_operator_3.py
[2025-03-09T15:55:31.553+0000] {processor.py:925} INFO - DAG(s) 'example_branch_dop_operator_v3' retrieved from /home/airflow/.local/lib/python3.12/site-packages/airflow/example_dags/example_branch_python_dop_operator_3.py
[2025-03-09T15:55:31.566+0000] {logging_mixin.py:190} INFO - [2025-03-09T15:55:31.565+0000] {dag.py:3239} INFO - Sync 1 DAGs
[2025-03-09T15:55:31.582+0000] {logging_mixin.py:190} INFO - [2025-03-09T15:55:31.582+0000] {dag.py:4180} INFO - Setting next_dagrun for example_branch_dop_operator_v3 to 2025-03-09 15:54:00+00:00, run_after=2025-03-09 15:55:00+00:00
[2025-03-09T15:55:31.595+0000] {processor.py:208} INFO - Processing /home/airflow/.local/lib/python3.12/site-packages/airflow/example_dags/example_branch_python_dop_operator_3.py took 0.055 seconds
[2025-03-09T15:56:02.242+0000] {processor.py:186} INFO - Started process (PID=6625) to work on /home/airflow/.local/lib/python3.12/site-packages/airflow/example_dags/example_branch_python_dop_operator_3.py
[2025-03-09T15:56:02.244+0000] {processor.py:914} INFO - Processing file /home/airflow/.local/lib/python3.12/site-packages/airflow/example_dags/example_branch_python_dop_operator_3.py for tasks to queue
[2025-03-09T15:56:02.245+0000] {logging_mixin.py:190} INFO - [2025-03-09T15:56:02.245+0000] {dagbag.py:588} INFO - Filling up the DagBag from /home/airflow/.local/lib/python3.12/site-packages/airflow/example_dags/example_branch_python_dop_operator_3.py
[2025-03-09T15:56:02.253+0000] {processor.py:925} INFO - DAG(s) 'example_branch_dop_operator_v3' retrieved from /home/airflow/.local/lib/python3.12/site-packages/airflow/example_dags/example_branch_python_dop_operator_3.py
[2025-03-09T15:56:02.267+0000] {logging_mixin.py:190} INFO - [2025-03-09T15:56:02.267+0000] {dag.py:3239} INFO - Sync 1 DAGs
[2025-03-09T15:56:02.284+0000] {logging_mixin.py:190} INFO - [2025-03-09T15:56:02.284+0000] {dag.py:4180} INFO - Setting next_dagrun for example_branch_dop_operator_v3 to 2025-03-09 15:55:00+00:00, run_after=2025-03-09 15:56:00+00:00
[2025-03-09T15:56:02.302+0000] {processor.py:208} INFO - Processing /home/airflow/.local/lib/python3.12/site-packages/airflow/example_dags/example_branch_python_dop_operator_3.py took 0.065 seconds
[2025-03-09T15:56:33.109+0000] {processor.py:186} INFO - Started process (PID=6956) to work on /home/airflow/.local/lib/python3.12/site-packages/airflow/example_dags/example_branch_python_dop_operator_3.py
[2025-03-09T15:56:33.109+0000] {processor.py:914} INFO - Processing file /home/airflow/.local/lib/python3.12/site-packages/airflow/example_dags/example_branch_python_dop_operator_3.py for tasks to queue
[2025-03-09T15:56:33.111+0000] {logging_mixin.py:190} INFO - [2025-03-09T15:56:33.110+0000] {dagbag.py:588} INFO - Filling up the DagBag from /home/airflow/.local/lib/python3.12/site-packages/airflow/example_dags/example_branch_python_dop_operator_3.py
[2025-03-09T15:56:33.117+0000] {processor.py:925} INFO - DAG(s) 'example_branch_dop_operator_v3' retrieved from /home/airflow/.local/lib/python3.12/site-packages/airflow/example_dags/example_branch_python_dop_operator_3.py
[2025-03-09T15:56:33.135+0000] {logging_mixin.py:190} INFO - [2025-03-09T15:56:33.134+0000] {dag.py:3239} INFO - Sync 1 DAGs
[2025-03-09T15:56:33.149+0000] {logging_mixin.py:190} INFO - [2025-03-09T15:56:33.149+0000] {dag.py:4180} INFO - Setting next_dagrun for example_branch_dop_operator_v3 to 2025-03-09 15:55:00+00:00, run_after=2025-03-09 15:56:00+00:00
[2025-03-09T15:56:33.164+0000] {processor.py:208} INFO - Processing /home/airflow/.local/lib/python3.12/site-packages/airflow/example_dags/example_branch_python_dop_operator_3.py took 0.059 seconds
[2025-03-09T15:57:03.917+0000] {processor.py:186} INFO - Started process (PID=7277) to work on /home/airflow/.local/lib/python3.12/site-packages/airflow/example_dags/example_branch_python_dop_operator_3.py
[2025-03-09T15:57:03.918+0000] {processor.py:914} INFO - Processing file /home/airflow/.local/lib/python3.12/site-packages/airflow/example_dags/example_branch_python_dop_operator_3.py for tasks to queue
[2025-03-09T15:57:03.919+0000] {logging_mixin.py:190} INFO - [2025-03-09T15:57:03.919+0000] {dagbag.py:588} INFO - Filling up the DagBag from /home/airflow/.local/lib/python3.12/site-packages/airflow/example_dags/example_branch_python_dop_operator_3.py
[2025-03-09T15:57:03.925+0000] {processor.py:925} INFO - DAG(s) 'example_branch_dop_operator_v3' retrieved from /home/airflow/.local/lib/python3.12/site-packages/airflow/example_dags/example_branch_python_dop_operator_3.py
[2025-03-09T15:57:03.942+0000] {logging_mixin.py:190} INFO - [2025-03-09T15:57:03.942+0000] {dag.py:3239} INFO - Sync 1 DAGs
[2025-03-09T15:57:03.968+0000] {logging_mixin.py:190} INFO - [2025-03-09T15:57:03.968+0000] {dag.py:4180} INFO - Setting next_dagrun for example_branch_dop_operator_v3 to 2025-03-09 15:56:00+00:00, run_after=2025-03-09 15:57:00+00:00
[2025-03-09T15:57:03.987+0000] {processor.py:208} INFO - Processing /home/airflow/.local/lib/python3.12/site-packages/airflow/example_dags/example_branch_python_dop_operator_3.py took 0.075 seconds
[2025-03-09T15:57:35.036+0000] {processor.py:186} INFO - Started process (PID=7608) to work on /home/airflow/.local/lib/python3.12/site-packages/airflow/example_dags/example_branch_python_dop_operator_3.py
[2025-03-09T15:57:35.036+0000] {processor.py:914} INFO - Processing file /home/airflow/.local/lib/python3.12/site-packages/airflow/example_dags/example_branch_python_dop_operator_3.py for tasks to queue
[2025-03-09T15:57:35.038+0000] {logging_mixin.py:190} INFO - [2025-03-09T15:57:35.037+0000] {dagbag.py:588} INFO - Filling up the DagBag from /home/airflow/.local/lib/python3.12/site-packages/airflow/example_dags/example_branch_python_dop_operator_3.py
[2025-03-09T15:57:35.044+0000] {processor.py:925} INFO - DAG(s) 'example_branch_dop_operator_v3' retrieved from /home/airflow/.local/lib/python3.12/site-packages/airflow/example_dags/example_branch_python_dop_operator_3.py
[2025-03-09T15:57:35.057+0000] {logging_mixin.py:190} INFO - [2025-03-09T15:57:35.057+0000] {dag.py:3239} INFO - Sync 1 DAGs
[2025-03-09T15:57:35.073+0000] {logging_mixin.py:190} INFO - [2025-03-09T15:57:35.072+0000] {dag.py:4180} INFO - Setting next_dagrun for example_branch_dop_operator_v3 to 2025-03-09 15:56:00+00:00, run_after=2025-03-09 15:57:00+00:00
[2025-03-09T15:57:35.083+0000] {processor.py:208} INFO - Processing /home/airflow/.local/lib/python3.12/site-packages/airflow/example_dags/example_branch_python_dop_operator_3.py took 0.052 seconds
[2025-03-09T15:58:05.897+0000] {processor.py:186} INFO - Started process (PID=7934) to work on /home/airflow/.local/lib/python3.12/site-packages/airflow/example_dags/example_branch_python_dop_operator_3.py
[2025-03-09T15:58:05.898+0000] {processor.py:914} INFO - Processing file /home/airflow/.local/lib/python3.12/site-packages/airflow/example_dags/example_branch_python_dop_operator_3.py for tasks to queue
[2025-03-09T15:58:05.899+0000] {logging_mixin.py:190} INFO - [2025-03-09T15:58:05.899+0000] {dagbag.py:588} INFO - Filling up the DagBag from /home/airflow/.local/lib/python3.12/site-packages/airflow/example_dags/example_branch_python_dop_operator_3.py
[2025-03-09T15:58:05.905+0000] {processor.py:925} INFO - DAG(s) 'example_branch_dop_operator_v3' retrieved from /home/airflow/.local/lib/python3.12/site-packages/airflow/example_dags/example_branch_python_dop_operator_3.py
[2025-03-09T15:58:05.920+0000] {logging_mixin.py:190} INFO - [2025-03-09T15:58:05.920+0000] {dag.py:3239} INFO - Sync 1 DAGs
[2025-03-09T15:58:05.936+0000] {logging_mixin.py:190} INFO - [2025-03-09T15:58:05.935+0000] {dag.py:4180} INFO - Setting next_dagrun for example_branch_dop_operator_v3 to 2025-03-09 15:57:00+00:00, run_after=2025-03-09 15:58:00+00:00
[2025-03-09T15:58:05.948+0000] {processor.py:208} INFO - Processing /home/airflow/.local/lib/python3.12/site-packages/airflow/example_dags/example_branch_python_dop_operator_3.py took 0.054 seconds
[2025-03-09T15:58:37.024+0000] {processor.py:186} INFO - Started process (PID=8255) to work on /home/airflow/.local/lib/python3.12/site-packages/airflow/example_dags/example_branch_python_dop_operator_3.py
[2025-03-09T15:58:37.025+0000] {processor.py:914} INFO - Processing file /home/airflow/.local/lib/python3.12/site-packages/airflow/example_dags/example_branch_python_dop_operator_3.py for tasks to queue
[2025-03-09T15:58:37.027+0000] {logging_mixin.py:190} INFO - [2025-03-09T15:58:37.027+0000] {dagbag.py:588} INFO - Filling up the DagBag from /home/airflow/.local/lib/python3.12/site-packages/airflow/example_dags/example_branch_python_dop_operator_3.py
[2025-03-09T15:58:37.034+0000] {processor.py:925} INFO - DAG(s) 'example_branch_dop_operator_v3' retrieved from /home/airflow/.local/lib/python3.12/site-packages/airflow/example_dags/example_branch_python_dop_operator_3.py
[2025-03-09T15:58:37.054+0000] {logging_mixin.py:190} INFO - [2025-03-09T15:58:37.054+0000] {dag.py:3239} INFO - Sync 1 DAGs
[2025-03-09T15:58:37.084+0000] {logging_mixin.py:190} INFO - [2025-03-09T15:58:37.084+0000] {dag.py:4180} INFO - Setting next_dagrun for example_branch_dop_operator_v3 to 2025-03-09 15:57:00+00:00, run_after=2025-03-09 15:58:00+00:00
[2025-03-09T15:58:37.109+0000] {processor.py:208} INFO - Processing /home/airflow/.local/lib/python3.12/site-packages/airflow/example_dags/example_branch_python_dop_operator_3.py took 0.089 seconds
[2025-03-09T15:59:08.508+0000] {processor.py:186} INFO - Started process (PID=8586) to work on /home/airflow/.local/lib/python3.12/site-packages/airflow/example_dags/example_branch_python_dop_operator_3.py
[2025-03-09T15:59:08.509+0000] {processor.py:914} INFO - Processing file /home/airflow/.local/lib/python3.12/site-packages/airflow/example_dags/example_branch_python_dop_operator_3.py for tasks to queue
[2025-03-09T15:59:08.510+0000] {logging_mixin.py:190} INFO - [2025-03-09T15:59:08.510+0000] {dagbag.py:588} INFO - Filling up the DagBag from /home/airflow/.local/lib/python3.12/site-packages/airflow/example_dags/example_branch_python_dop_operator_3.py
[2025-03-09T15:59:08.517+0000] {processor.py:925} INFO - DAG(s) 'example_branch_dop_operator_v3' retrieved from /home/airflow/.local/lib/python3.12/site-packages/airflow/example_dags/example_branch_python_dop_operator_3.py
[2025-03-09T15:59:08.533+0000] {logging_mixin.py:190} INFO - [2025-03-09T15:59:08.532+0000] {dag.py:3239} INFO - Sync 1 DAGs
[2025-03-09T15:59:08.552+0000] {logging_mixin.py:190} INFO - [2025-03-09T15:59:08.552+0000] {dag.py:4180} INFO - Setting next_dagrun for example_branch_dop_operator_v3 to 2025-03-09 15:58:00+00:00, run_after=2025-03-09 15:59:00+00:00
[2025-03-09T15:59:08.565+0000] {processor.py:208} INFO - Processing /home/airflow/.local/lib/python3.12/site-packages/airflow/example_dags/example_branch_python_dop_operator_3.py took 0.062 seconds
[2025-03-09T15:59:39.374+0000] {processor.py:186} INFO - Started process (PID=8912) to work on /home/airflow/.local/lib/python3.12/site-packages/airflow/example_dags/example_branch_python_dop_operator_3.py
[2025-03-09T15:59:39.375+0000] {processor.py:914} INFO - Processing file /home/airflow/.local/lib/python3.12/site-packages/airflow/example_dags/example_branch_python_dop_operator_3.py for tasks to queue
[2025-03-09T15:59:39.376+0000] {logging_mixin.py:190} INFO - [2025-03-09T15:59:39.376+0000] {dagbag.py:588} INFO - Filling up the DagBag from /home/airflow/.local/lib/python3.12/site-packages/airflow/example_dags/example_branch_python_dop_operator_3.py
[2025-03-09T15:59:39.383+0000] {processor.py:925} INFO - DAG(s) 'example_branch_dop_operator_v3' retrieved from /home/airflow/.local/lib/python3.12/site-packages/airflow/example_dags/example_branch_python_dop_operator_3.py
[2025-03-09T15:59:39.398+0000] {logging_mixin.py:190} INFO - [2025-03-09T15:59:39.397+0000] {dag.py:3239} INFO - Sync 1 DAGs
[2025-03-09T15:59:39.414+0000] {logging_mixin.py:190} INFO - [2025-03-09T15:59:39.414+0000] {dag.py:4180} INFO - Setting next_dagrun for example_branch_dop_operator_v3 to 2025-03-09 15:58:00+00:00, run_after=2025-03-09 15:59:00+00:00
[2025-03-09T15:59:39.426+0000] {processor.py:208} INFO - Processing /home/airflow/.local/lib/python3.12/site-packages/airflow/example_dags/example_branch_python_dop_operator_3.py took 0.055 seconds
[2025-03-09T16:00:09.827+0000] {processor.py:186} INFO - Started process (PID=9238) to work on /home/airflow/.local/lib/python3.12/site-packages/airflow/example_dags/example_branch_python_dop_operator_3.py
[2025-03-09T16:00:09.828+0000] {processor.py:914} INFO - Processing file /home/airflow/.local/lib/python3.12/site-packages/airflow/example_dags/example_branch_python_dop_operator_3.py for tasks to queue
[2025-03-09T16:00:09.829+0000] {logging_mixin.py:190} INFO - [2025-03-09T16:00:09.829+0000] {dagbag.py:588} INFO - Filling up the DagBag from /home/airflow/.local/lib/python3.12/site-packages/airflow/example_dags/example_branch_python_dop_operator_3.py
[2025-03-09T16:00:09.835+0000] {processor.py:925} INFO - DAG(s) 'example_branch_dop_operator_v3' retrieved from /home/airflow/.local/lib/python3.12/site-packages/airflow/example_dags/example_branch_python_dop_operator_3.py
[2025-03-09T16:00:09.851+0000] {logging_mixin.py:190} INFO - [2025-03-09T16:00:09.850+0000] {dag.py:3239} INFO - Sync 1 DAGs
[2025-03-09T16:00:09.869+0000] {logging_mixin.py:190} INFO - [2025-03-09T16:00:09.869+0000] {dag.py:4180} INFO - Setting next_dagrun for example_branch_dop_operator_v3 to 2025-03-09 15:59:00+00:00, run_after=2025-03-09 16:00:00+00:00
[2025-03-09T16:00:09.884+0000] {processor.py:208} INFO - Processing /home/airflow/.local/lib/python3.12/site-packages/airflow/example_dags/example_branch_python_dop_operator_3.py took 0.061 seconds
[2025-03-09T16:00:40.505+0000] {processor.py:186} INFO - Started process (PID=9566) to work on /home/airflow/.local/lib/python3.12/site-packages/airflow/example_dags/example_branch_python_dop_operator_3.py
[2025-03-09T16:00:40.506+0000] {processor.py:914} INFO - Processing file /home/airflow/.local/lib/python3.12/site-packages/airflow/example_dags/example_branch_python_dop_operator_3.py for tasks to queue
[2025-03-09T16:00:40.507+0000] {logging_mixin.py:190} INFO - [2025-03-09T16:00:40.507+0000] {dagbag.py:588} INFO - Filling up the DagBag from /home/airflow/.local/lib/python3.12/site-packages/airflow/example_dags/example_branch_python_dop_operator_3.py
[2025-03-09T16:00:40.513+0000] {processor.py:925} INFO - DAG(s) 'example_branch_dop_operator_v3' retrieved from /home/airflow/.local/lib/python3.12/site-packages/airflow/example_dags/example_branch_python_dop_operator_3.py
[2025-03-09T16:00:40.528+0000] {logging_mixin.py:190} INFO - [2025-03-09T16:00:40.528+0000] {dag.py:3239} INFO - Sync 1 DAGs
[2025-03-09T16:00:40.547+0000] {logging_mixin.py:190} INFO - [2025-03-09T16:00:40.547+0000] {dag.py:4180} INFO - Setting next_dagrun for example_branch_dop_operator_v3 to 2025-03-09 15:59:00+00:00, run_after=2025-03-09 16:00:00+00:00
[2025-03-09T16:00:40.562+0000] {processor.py:208} INFO - Processing /home/airflow/.local/lib/python3.12/site-packages/airflow/example_dags/example_branch_python_dop_operator_3.py took 0.062 seconds
[2025-03-09T16:01:10.916+0000] {processor.py:186} INFO - Started process (PID=9890) to work on /home/airflow/.local/lib/python3.12/site-packages/airflow/example_dags/example_branch_python_dop_operator_3.py
[2025-03-09T16:01:10.916+0000] {processor.py:914} INFO - Processing file /home/airflow/.local/lib/python3.12/site-packages/airflow/example_dags/example_branch_python_dop_operator_3.py for tasks to queue
[2025-03-09T16:01:10.918+0000] {logging_mixin.py:190} INFO - [2025-03-09T16:01:10.918+0000] {dagbag.py:588} INFO - Filling up the DagBag from /home/airflow/.local/lib/python3.12/site-packages/airflow/example_dags/example_branch_python_dop_operator_3.py
[2025-03-09T16:01:10.926+0000] {processor.py:925} INFO - DAG(s) 'example_branch_dop_operator_v3' retrieved from /home/airflow/.local/lib/python3.12/site-packages/airflow/example_dags/example_branch_python_dop_operator_3.py
[2025-03-09T16:01:10.945+0000] {logging_mixin.py:190} INFO - [2025-03-09T16:01:10.944+0000] {dag.py:3239} INFO - Sync 1 DAGs
[2025-03-09T16:01:10.971+0000] {logging_mixin.py:190} INFO - [2025-03-09T16:01:10.970+0000] {dag.py:4180} INFO - Setting next_dagrun for example_branch_dop_operator_v3 to 2025-03-09 16:00:00+00:00, run_after=2025-03-09 16:01:00+00:00
[2025-03-09T16:01:10.992+0000] {processor.py:208} INFO - Processing /home/airflow/.local/lib/python3.12/site-packages/airflow/example_dags/example_branch_python_dop_operator_3.py took 0.083 seconds
[2025-03-09T16:01:41.372+0000] {processor.py:186} INFO - Started process (PID=10211) to work on /home/airflow/.local/lib/python3.12/site-packages/airflow/example_dags/example_branch_python_dop_operator_3.py
[2025-03-09T16:01:41.373+0000] {processor.py:914} INFO - Processing file /home/airflow/.local/lib/python3.12/site-packages/airflow/example_dags/example_branch_python_dop_operator_3.py for tasks to queue
[2025-03-09T16:01:41.374+0000] {logging_mixin.py:190} INFO - [2025-03-09T16:01:41.374+0000] {dagbag.py:588} INFO - Filling up the DagBag from /home/airflow/.local/lib/python3.12/site-packages/airflow/example_dags/example_branch_python_dop_operator_3.py
[2025-03-09T16:01:41.381+0000] {processor.py:925} INFO - DAG(s) 'example_branch_dop_operator_v3' retrieved from /home/airflow/.local/lib/python3.12/site-packages/airflow/example_dags/example_branch_python_dop_operator_3.py
[2025-03-09T16:01:41.395+0000] {logging_mixin.py:190} INFO - [2025-03-09T16:01:41.395+0000] {dag.py:3239} INFO - Sync 1 DAGs
[2025-03-09T16:01:41.411+0000] {logging_mixin.py:190} INFO - [2025-03-09T16:01:41.411+0000] {dag.py:4180} INFO - Setting next_dagrun for example_branch_dop_operator_v3 to 2025-03-09 16:00:00+00:00, run_after=2025-03-09 16:01:00+00:00
[2025-03-09T16:01:41.428+0000] {processor.py:208} INFO - Processing /home/airflow/.local/lib/python3.12/site-packages/airflow/example_dags/example_branch_python_dop_operator_3.py took 0.060 seconds
[2025-03-09T16:02:11.902+0000] {processor.py:186} INFO - Started process (PID=10537) to work on /home/airflow/.local/lib/python3.12/site-packages/airflow/example_dags/example_branch_python_dop_operator_3.py
[2025-03-09T16:02:11.902+0000] {processor.py:914} INFO - Processing file /home/airflow/.local/lib/python3.12/site-packages/airflow/example_dags/example_branch_python_dop_operator_3.py for tasks to queue
[2025-03-09T16:02:11.904+0000] {logging_mixin.py:190} INFO - [2025-03-09T16:02:11.903+0000] {dagbag.py:588} INFO - Filling up the DagBag from /home/airflow/.local/lib/python3.12/site-packages/airflow/example_dags/example_branch_python_dop_operator_3.py
[2025-03-09T16:02:11.910+0000] {processor.py:925} INFO - DAG(s) 'example_branch_dop_operator_v3' retrieved from /home/airflow/.local/lib/python3.12/site-packages/airflow/example_dags/example_branch_python_dop_operator_3.py
[2025-03-09T16:02:11.923+0000] {logging_mixin.py:190} INFO - [2025-03-09T16:02:11.923+0000] {dag.py:3239} INFO - Sync 1 DAGs
[2025-03-09T16:02:11.939+0000] {logging_mixin.py:190} INFO - [2025-03-09T16:02:11.938+0000] {dag.py:4180} INFO - Setting next_dagrun for example_branch_dop_operator_v3 to 2025-03-09 16:01:00+00:00, run_after=2025-03-09 16:02:00+00:00
[2025-03-09T16:02:11.953+0000] {processor.py:208} INFO - Processing /home/airflow/.local/lib/python3.12/site-packages/airflow/example_dags/example_branch_python_dop_operator_3.py took 0.055 seconds
[2025-03-09T16:02:42.681+0000] {processor.py:186} INFO - Started process (PID=10863) to work on /home/airflow/.local/lib/python3.12/site-packages/airflow/example_dags/example_branch_python_dop_operator_3.py
[2025-03-09T16:02:42.681+0000] {processor.py:914} INFO - Processing file /home/airflow/.local/lib/python3.12/site-packages/airflow/example_dags/example_branch_python_dop_operator_3.py for tasks to queue
[2025-03-09T16:02:42.683+0000] {logging_mixin.py:190} INFO - [2025-03-09T16:02:42.683+0000] {dagbag.py:588} INFO - Filling up the DagBag from /home/airflow/.local/lib/python3.12/site-packages/airflow/example_dags/example_branch_python_dop_operator_3.py
[2025-03-09T16:02:42.689+0000] {processor.py:925} INFO - DAG(s) 'example_branch_dop_operator_v3' retrieved from /home/airflow/.local/lib/python3.12/site-packages/airflow/example_dags/example_branch_python_dop_operator_3.py
[2025-03-09T16:02:42.701+0000] {logging_mixin.py:190} INFO - [2025-03-09T16:02:42.701+0000] {dag.py:3239} INFO - Sync 1 DAGs
[2025-03-09T16:02:42.716+0000] {logging_mixin.py:190} INFO - [2025-03-09T16:02:42.716+0000] {dag.py:4180} INFO - Setting next_dagrun for example_branch_dop_operator_v3 to 2025-03-09 16:01:00+00:00, run_after=2025-03-09 16:02:00+00:00
[2025-03-09T16:02:42.733+0000] {processor.py:208} INFO - Processing /home/airflow/.local/lib/python3.12/site-packages/airflow/example_dags/example_branch_python_dop_operator_3.py took 0.055 seconds
[2025-03-09T16:03:13.717+0000] {processor.py:186} INFO - Started process (PID=11194) to work on /home/airflow/.local/lib/python3.12/site-packages/airflow/example_dags/example_branch_python_dop_operator_3.py
[2025-03-09T16:03:13.718+0000] {processor.py:914} INFO - Processing file /home/airflow/.local/lib/python3.12/site-packages/airflow/example_dags/example_branch_python_dop_operator_3.py for tasks to queue
[2025-03-09T16:03:13.719+0000] {logging_mixin.py:190} INFO - [2025-03-09T16:03:13.719+0000] {dagbag.py:588} INFO - Filling up the DagBag from /home/airflow/.local/lib/python3.12/site-packages/airflow/example_dags/example_branch_python_dop_operator_3.py
[2025-03-09T16:03:13.727+0000] {processor.py:925} INFO - DAG(s) 'example_branch_dop_operator_v3' retrieved from /home/airflow/.local/lib/python3.12/site-packages/airflow/example_dags/example_branch_python_dop_operator_3.py
[2025-03-09T16:03:13.742+0000] {logging_mixin.py:190} INFO - [2025-03-09T16:03:13.741+0000] {dag.py:3239} INFO - Sync 1 DAGs
[2025-03-09T16:03:13.759+0000] {logging_mixin.py:190} INFO - [2025-03-09T16:03:13.759+0000] {dag.py:4180} INFO - Setting next_dagrun for example_branch_dop_operator_v3 to 2025-03-09 16:02:00+00:00, run_after=2025-03-09 16:03:00+00:00
[2025-03-09T16:03:13.774+0000] {processor.py:208} INFO - Processing /home/airflow/.local/lib/python3.12/site-packages/airflow/example_dags/example_branch_python_dop_operator_3.py took 0.060 seconds
[2025-03-09T16:03:44.447+0000] {processor.py:186} INFO - Started process (PID=11520) to work on /home/airflow/.local/lib/python3.12/site-packages/airflow/example_dags/example_branch_python_dop_operator_3.py
[2025-03-09T16:03:44.447+0000] {processor.py:914} INFO - Processing file /home/airflow/.local/lib/python3.12/site-packages/airflow/example_dags/example_branch_python_dop_operator_3.py for tasks to queue
[2025-03-09T16:03:44.449+0000] {logging_mixin.py:190} INFO - [2025-03-09T16:03:44.448+0000] {dagbag.py:588} INFO - Filling up the DagBag from /home/airflow/.local/lib/python3.12/site-packages/airflow/example_dags/example_branch_python_dop_operator_3.py
[2025-03-09T16:03:44.455+0000] {processor.py:925} INFO - DAG(s) 'example_branch_dop_operator_v3' retrieved from /home/airflow/.local/lib/python3.12/site-packages/airflow/example_dags/example_branch_python_dop_operator_3.py
[2025-03-09T16:03:44.467+0000] {logging_mixin.py:190} INFO - [2025-03-09T16:03:44.467+0000] {dag.py:3239} INFO - Sync 1 DAGs
[2025-03-09T16:03:44.485+0000] {logging_mixin.py:190} INFO - [2025-03-09T16:03:44.484+0000] {dag.py:4180} INFO - Setting next_dagrun for example_branch_dop_operator_v3 to 2025-03-09 16:02:00+00:00, run_after=2025-03-09 16:03:00+00:00
[2025-03-09T16:03:44.499+0000] {processor.py:208} INFO - Processing /home/airflow/.local/lib/python3.12/site-packages/airflow/example_dags/example_branch_python_dop_operator_3.py took 0.055 seconds
[2025-03-09T16:04:15.412+0000] {processor.py:186} INFO - Started process (PID=11846) to work on /home/airflow/.local/lib/python3.12/site-packages/airflow/example_dags/example_branch_python_dop_operator_3.py
[2025-03-09T16:04:15.413+0000] {processor.py:914} INFO - Processing file /home/airflow/.local/lib/python3.12/site-packages/airflow/example_dags/example_branch_python_dop_operator_3.py for tasks to queue
[2025-03-09T16:04:15.414+0000] {logging_mixin.py:190} INFO - [2025-03-09T16:04:15.414+0000] {dagbag.py:588} INFO - Filling up the DagBag from /home/airflow/.local/lib/python3.12/site-packages/airflow/example_dags/example_branch_python_dop_operator_3.py
[2025-03-09T16:04:15.420+0000] {processor.py:925} INFO - DAG(s) 'example_branch_dop_operator_v3' retrieved from /home/airflow/.local/lib/python3.12/site-packages/airflow/example_dags/example_branch_python_dop_operator_3.py
[2025-03-09T16:04:15.433+0000] {logging_mixin.py:190} INFO - [2025-03-09T16:04:15.433+0000] {dag.py:3239} INFO - Sync 1 DAGs
[2025-03-09T16:04:15.448+0000] {logging_mixin.py:190} INFO - [2025-03-09T16:04:15.448+0000] {dag.py:4180} INFO - Setting next_dagrun for example_branch_dop_operator_v3 to 2025-03-09 16:03:00+00:00, run_after=2025-03-09 16:04:00+00:00
[2025-03-09T16:04:15.463+0000] {processor.py:208} INFO - Processing /home/airflow/.local/lib/python3.12/site-packages/airflow/example_dags/example_branch_python_dop_operator_3.py took 0.054 seconds
[2025-03-09T16:04:46.245+0000] {processor.py:186} INFO - Started process (PID=12172) to work on /home/airflow/.local/lib/python3.12/site-packages/airflow/example_dags/example_branch_python_dop_operator_3.py
[2025-03-09T16:04:46.246+0000] {processor.py:914} INFO - Processing file /home/airflow/.local/lib/python3.12/site-packages/airflow/example_dags/example_branch_python_dop_operator_3.py for tasks to queue
[2025-03-09T16:04:46.247+0000] {logging_mixin.py:190} INFO - [2025-03-09T16:04:46.246+0000] {dagbag.py:588} INFO - Filling up the DagBag from /home/airflow/.local/lib/python3.12/site-packages/airflow/example_dags/example_branch_python_dop_operator_3.py
[2025-03-09T16:04:46.253+0000] {processor.py:925} INFO - DAG(s) 'example_branch_dop_operator_v3' retrieved from /home/airflow/.local/lib/python3.12/site-packages/airflow/example_dags/example_branch_python_dop_operator_3.py
[2025-03-09T16:04:46.270+0000] {logging_mixin.py:190} INFO - [2025-03-09T16:04:46.270+0000] {dag.py:3239} INFO - Sync 1 DAGs
[2025-03-09T16:04:46.288+0000] {logging_mixin.py:190} INFO - [2025-03-09T16:04:46.288+0000] {dag.py:4180} INFO - Setting next_dagrun for example_branch_dop_operator_v3 to 2025-03-09 16:03:00+00:00, run_after=2025-03-09 16:04:00+00:00
[2025-03-09T16:04:46.299+0000] {processor.py:208} INFO - Processing /home/airflow/.local/lib/python3.12/site-packages/airflow/example_dags/example_branch_python_dop_operator_3.py took 0.058 seconds
[2025-03-09T16:05:16.998+0000] {processor.py:186} INFO - Started process (PID=12498) to work on /home/airflow/.local/lib/python3.12/site-packages/airflow/example_dags/example_branch_python_dop_operator_3.py
[2025-03-09T16:05:16.998+0000] {processor.py:914} INFO - Processing file /home/airflow/.local/lib/python3.12/site-packages/airflow/example_dags/example_branch_python_dop_operator_3.py for tasks to queue
[2025-03-09T16:05:16.999+0000] {logging_mixin.py:190} INFO - [2025-03-09T16:05:16.999+0000] {dagbag.py:588} INFO - Filling up the DagBag from /home/airflow/.local/lib/python3.12/site-packages/airflow/example_dags/example_branch_python_dop_operator_3.py
[2025-03-09T16:05:17.006+0000] {processor.py:925} INFO - DAG(s) 'example_branch_dop_operator_v3' retrieved from /home/airflow/.local/lib/python3.12/site-packages/airflow/example_dags/example_branch_python_dop_operator_3.py
[2025-03-09T16:05:17.019+0000] {logging_mixin.py:190} INFO - [2025-03-09T16:05:17.019+0000] {dag.py:3239} INFO - Sync 1 DAGs
[2025-03-09T16:05:17.035+0000] {logging_mixin.py:190} INFO - [2025-03-09T16:05:17.035+0000] {dag.py:4180} INFO - Setting next_dagrun for example_branch_dop_operator_v3 to 2025-03-09 16:04:00+00:00, run_after=2025-03-09 16:05:00+00:00
[2025-03-09T16:05:17.048+0000] {processor.py:208} INFO - Processing /home/airflow/.local/lib/python3.12/site-packages/airflow/example_dags/example_branch_python_dop_operator_3.py took 0.055 seconds
[2025-03-09T16:05:47.652+0000] {processor.py:186} INFO - Started process (PID=12824) to work on /home/airflow/.local/lib/python3.12/site-packages/airflow/example_dags/example_branch_python_dop_operator_3.py
[2025-03-09T16:05:47.653+0000] {processor.py:914} INFO - Processing file /home/airflow/.local/lib/python3.12/site-packages/airflow/example_dags/example_branch_python_dop_operator_3.py for tasks to queue
[2025-03-09T16:05:47.655+0000] {logging_mixin.py:190} INFO - [2025-03-09T16:05:47.654+0000] {dagbag.py:588} INFO - Filling up the DagBag from /home/airflow/.local/lib/python3.12/site-packages/airflow/example_dags/example_branch_python_dop_operator_3.py
[2025-03-09T16:05:47.661+0000] {processor.py:925} INFO - DAG(s) 'example_branch_dop_operator_v3' retrieved from /home/airflow/.local/lib/python3.12/site-packages/airflow/example_dags/example_branch_python_dop_operator_3.py
[2025-03-09T16:05:47.673+0000] {logging_mixin.py:190} INFO - [2025-03-09T16:05:47.673+0000] {dag.py:3239} INFO - Sync 1 DAGs
[2025-03-09T16:05:47.690+0000] {logging_mixin.py:190} INFO - [2025-03-09T16:05:47.690+0000] {dag.py:4180} INFO - Setting next_dagrun for example_branch_dop_operator_v3 to 2025-03-09 16:04:00+00:00, run_after=2025-03-09 16:05:00+00:00
[2025-03-09T16:05:47.704+0000] {processor.py:208} INFO - Processing /home/airflow/.local/lib/python3.12/site-packages/airflow/example_dags/example_branch_python_dop_operator_3.py took 0.057 seconds
[2025-03-09T16:06:18.027+0000] {processor.py:186} INFO - Started process (PID=13156) to work on /home/airflow/.local/lib/python3.12/site-packages/airflow/example_dags/example_branch_python_dop_operator_3.py
[2025-03-09T16:06:18.028+0000] {processor.py:914} INFO - Processing file /home/airflow/.local/lib/python3.12/site-packages/airflow/example_dags/example_branch_python_dop_operator_3.py for tasks to queue
[2025-03-09T16:06:18.029+0000] {logging_mixin.py:190} INFO - [2025-03-09T16:06:18.029+0000] {dagbag.py:588} INFO - Filling up the DagBag from /home/airflow/.local/lib/python3.12/site-packages/airflow/example_dags/example_branch_python_dop_operator_3.py
[2025-03-09T16:06:18.035+0000] {processor.py:925} INFO - DAG(s) 'example_branch_dop_operator_v3' retrieved from /home/airflow/.local/lib/python3.12/site-packages/airflow/example_dags/example_branch_python_dop_operator_3.py
[2025-03-09T16:06:18.051+0000] {logging_mixin.py:190} INFO - [2025-03-09T16:06:18.051+0000] {dag.py:3239} INFO - Sync 1 DAGs
[2025-03-09T16:06:18.067+0000] {logging_mixin.py:190} INFO - [2025-03-09T16:06:18.067+0000] {dag.py:4180} INFO - Setting next_dagrun for example_branch_dop_operator_v3 to 2025-03-09 16:05:00+00:00, run_after=2025-03-09 16:06:00+00:00
[2025-03-09T16:06:18.081+0000] {processor.py:208} INFO - Processing /home/airflow/.local/lib/python3.12/site-packages/airflow/example_dags/example_branch_python_dop_operator_3.py took 0.058 seconds
[2025-03-09T16:06:48.505+0000] {processor.py:186} INFO - Started process (PID=13477) to work on /home/airflow/.local/lib/python3.12/site-packages/airflow/example_dags/example_branch_python_dop_operator_3.py
[2025-03-09T16:06:48.506+0000] {processor.py:914} INFO - Processing file /home/airflow/.local/lib/python3.12/site-packages/airflow/example_dags/example_branch_python_dop_operator_3.py for tasks to queue
[2025-03-09T16:06:48.507+0000] {logging_mixin.py:190} INFO - [2025-03-09T16:06:48.507+0000] {dagbag.py:588} INFO - Filling up the DagBag from /home/airflow/.local/lib/python3.12/site-packages/airflow/example_dags/example_branch_python_dop_operator_3.py
[2025-03-09T16:06:48.513+0000] {processor.py:925} INFO - DAG(s) 'example_branch_dop_operator_v3' retrieved from /home/airflow/.local/lib/python3.12/site-packages/airflow/example_dags/example_branch_python_dop_operator_3.py
[2025-03-09T16:06:48.525+0000] {logging_mixin.py:190} INFO - [2025-03-09T16:06:48.524+0000] {dag.py:3239} INFO - Sync 1 DAGs
[2025-03-09T16:06:48.540+0000] {logging_mixin.py:190} INFO - [2025-03-09T16:06:48.540+0000] {dag.py:4180} INFO - Setting next_dagrun for example_branch_dop_operator_v3 to 2025-03-09 16:05:00+00:00, run_after=2025-03-09 16:06:00+00:00
[2025-03-09T16:06:48.555+0000] {processor.py:208} INFO - Processing /home/airflow/.local/lib/python3.12/site-packages/airflow/example_dags/example_branch_python_dop_operator_3.py took 0.054 seconds
[2025-03-09T16:07:19.340+0000] {processor.py:186} INFO - Started process (PID=13805) to work on /home/airflow/.local/lib/python3.12/site-packages/airflow/example_dags/example_branch_python_dop_operator_3.py
[2025-03-09T16:07:19.341+0000] {processor.py:914} INFO - Processing file /home/airflow/.local/lib/python3.12/site-packages/airflow/example_dags/example_branch_python_dop_operator_3.py for tasks to queue
[2025-03-09T16:07:19.342+0000] {logging_mixin.py:190} INFO - [2025-03-09T16:07:19.342+0000] {dagbag.py:588} INFO - Filling up the DagBag from /home/airflow/.local/lib/python3.12/site-packages/airflow/example_dags/example_branch_python_dop_operator_3.py
[2025-03-09T16:07:19.349+0000] {processor.py:925} INFO - DAG(s) 'example_branch_dop_operator_v3' retrieved from /home/airflow/.local/lib/python3.12/site-packages/airflow/example_dags/example_branch_python_dop_operator_3.py
[2025-03-09T16:07:19.362+0000] {logging_mixin.py:190} INFO - [2025-03-09T16:07:19.362+0000] {dag.py:3239} INFO - Sync 1 DAGs
[2025-03-09T16:07:19.379+0000] {logging_mixin.py:190} INFO - [2025-03-09T16:07:19.379+0000] {dag.py:4180} INFO - Setting next_dagrun for example_branch_dop_operator_v3 to 2025-03-09 16:06:00+00:00, run_after=2025-03-09 16:07:00+00:00
[2025-03-09T16:07:19.392+0000] {processor.py:208} INFO - Processing /home/airflow/.local/lib/python3.12/site-packages/airflow/example_dags/example_branch_python_dop_operator_3.py took 0.056 seconds
[2025-03-09T16:07:49.796+0000] {processor.py:186} INFO - Started process (PID=14130) to work on /home/airflow/.local/lib/python3.12/site-packages/airflow/example_dags/example_branch_python_dop_operator_3.py
[2025-03-09T16:07:49.797+0000] {processor.py:914} INFO - Processing file /home/airflow/.local/lib/python3.12/site-packages/airflow/example_dags/example_branch_python_dop_operator_3.py for tasks to queue
[2025-03-09T16:07:49.799+0000] {logging_mixin.py:190} INFO - [2025-03-09T16:07:49.798+0000] {dagbag.py:588} INFO - Filling up the DagBag from /home/airflow/.local/lib/python3.12/site-packages/airflow/example_dags/example_branch_python_dop_operator_3.py
[2025-03-09T16:07:49.807+0000] {processor.py:925} INFO - DAG(s) 'example_branch_dop_operator_v3' retrieved from /home/airflow/.local/lib/python3.12/site-packages/airflow/example_dags/example_branch_python_dop_operator_3.py
[2025-03-09T16:07:49.826+0000] {logging_mixin.py:190} INFO - [2025-03-09T16:07:49.825+0000] {dag.py:3239} INFO - Sync 1 DAGs
[2025-03-09T16:07:49.843+0000] {logging_mixin.py:190} INFO - [2025-03-09T16:07:49.843+0000] {dag.py:4180} INFO - Setting next_dagrun for example_branch_dop_operator_v3 to 2025-03-09 16:06:00+00:00, run_after=2025-03-09 16:07:00+00:00
[2025-03-09T16:07:49.855+0000] {processor.py:208} INFO - Processing /home/airflow/.local/lib/python3.12/site-packages/airflow/example_dags/example_branch_python_dop_operator_3.py took 0.064 seconds
[2025-03-09T16:08:20.832+0000] {processor.py:186} INFO - Started process (PID=14456) to work on /home/airflow/.local/lib/python3.12/site-packages/airflow/example_dags/example_branch_python_dop_operator_3.py
[2025-03-09T16:08:20.832+0000] {processor.py:914} INFO - Processing file /home/airflow/.local/lib/python3.12/site-packages/airflow/example_dags/example_branch_python_dop_operator_3.py for tasks to queue
[2025-03-09T16:08:20.834+0000] {logging_mixin.py:190} INFO - [2025-03-09T16:08:20.833+0000] {dagbag.py:588} INFO - Filling up the DagBag from /home/airflow/.local/lib/python3.12/site-packages/airflow/example_dags/example_branch_python_dop_operator_3.py
[2025-03-09T16:08:20.840+0000] {processor.py:925} INFO - DAG(s) 'example_branch_dop_operator_v3' retrieved from /home/airflow/.local/lib/python3.12/site-packages/airflow/example_dags/example_branch_python_dop_operator_3.py
[2025-03-09T16:08:20.854+0000] {logging_mixin.py:190} INFO - [2025-03-09T16:08:20.854+0000] {dag.py:3239} INFO - Sync 1 DAGs
[2025-03-09T16:08:20.872+0000] {logging_mixin.py:190} INFO - [2025-03-09T16:08:20.872+0000] {dag.py:4180} INFO - Setting next_dagrun for example_branch_dop_operator_v3 to 2025-03-09 16:07:00+00:00, run_after=2025-03-09 16:08:00+00:00
[2025-03-09T16:08:20.885+0000] {processor.py:208} INFO - Processing /home/airflow/.local/lib/python3.12/site-packages/airflow/example_dags/example_branch_python_dop_operator_3.py took 0.057 seconds
[2025-03-09T16:08:52.140+0000] {processor.py:186} INFO - Started process (PID=14787) to work on /home/airflow/.local/lib/python3.12/site-packages/airflow/example_dags/example_branch_python_dop_operator_3.py
[2025-03-09T16:08:52.140+0000] {processor.py:914} INFO - Processing file /home/airflow/.local/lib/python3.12/site-packages/airflow/example_dags/example_branch_python_dop_operator_3.py for tasks to queue
[2025-03-09T16:08:52.141+0000] {logging_mixin.py:190} INFO - [2025-03-09T16:08:52.141+0000] {dagbag.py:588} INFO - Filling up the DagBag from /home/airflow/.local/lib/python3.12/site-packages/airflow/example_dags/example_branch_python_dop_operator_3.py
[2025-03-09T16:08:52.148+0000] {processor.py:925} INFO - DAG(s) 'example_branch_dop_operator_v3' retrieved from /home/airflow/.local/lib/python3.12/site-packages/airflow/example_dags/example_branch_python_dop_operator_3.py
[2025-03-09T16:08:52.160+0000] {logging_mixin.py:190} INFO - [2025-03-09T16:08:52.159+0000] {dag.py:3239} INFO - Sync 1 DAGs
[2025-03-09T16:08:52.175+0000] {logging_mixin.py:190} INFO - [2025-03-09T16:08:52.175+0000] {dag.py:4180} INFO - Setting next_dagrun for example_branch_dop_operator_v3 to 2025-03-09 16:07:00+00:00, run_after=2025-03-09 16:08:00+00:00
[2025-03-09T16:08:52.188+0000] {processor.py:208} INFO - Processing /home/airflow/.local/lib/python3.12/site-packages/airflow/example_dags/example_branch_python_dop_operator_3.py took 0.052 seconds
[2025-03-09T16:09:23.050+0000] {processor.py:186} INFO - Started process (PID=15113) to work on /home/airflow/.local/lib/python3.12/site-packages/airflow/example_dags/example_branch_python_dop_operator_3.py
[2025-03-09T16:09:23.050+0000] {processor.py:914} INFO - Processing file /home/airflow/.local/lib/python3.12/site-packages/airflow/example_dags/example_branch_python_dop_operator_3.py for tasks to queue
[2025-03-09T16:09:23.051+0000] {logging_mixin.py:190} INFO - [2025-03-09T16:09:23.051+0000] {dagbag.py:588} INFO - Filling up the DagBag from /home/airflow/.local/lib/python3.12/site-packages/airflow/example_dags/example_branch_python_dop_operator_3.py
[2025-03-09T16:09:23.058+0000] {processor.py:925} INFO - DAG(s) 'example_branch_dop_operator_v3' retrieved from /home/airflow/.local/lib/python3.12/site-packages/airflow/example_dags/example_branch_python_dop_operator_3.py
[2025-03-09T16:09:23.072+0000] {logging_mixin.py:190} INFO - [2025-03-09T16:09:23.072+0000] {dag.py:3239} INFO - Sync 1 DAGs
[2025-03-09T16:09:23.089+0000] {logging_mixin.py:190} INFO - [2025-03-09T16:09:23.089+0000] {dag.py:4180} INFO - Setting next_dagrun for example_branch_dop_operator_v3 to 2025-03-09 16:08:00+00:00, run_after=2025-03-09 16:09:00+00:00
[2025-03-09T16:09:23.104+0000] {processor.py:208} INFO - Processing /home/airflow/.local/lib/python3.12/site-packages/airflow/example_dags/example_branch_python_dop_operator_3.py took 0.057 seconds
[2025-03-09T16:09:53.934+0000] {processor.py:186} INFO - Started process (PID=15439) to work on /home/airflow/.local/lib/python3.12/site-packages/airflow/example_dags/example_branch_python_dop_operator_3.py
[2025-03-09T16:09:53.935+0000] {processor.py:914} INFO - Processing file /home/airflow/.local/lib/python3.12/site-packages/airflow/example_dags/example_branch_python_dop_operator_3.py for tasks to queue
[2025-03-09T16:09:53.936+0000] {logging_mixin.py:190} INFO - [2025-03-09T16:09:53.936+0000] {dagbag.py:588} INFO - Filling up the DagBag from /home/airflow/.local/lib/python3.12/site-packages/airflow/example_dags/example_branch_python_dop_operator_3.py
[2025-03-09T16:09:53.943+0000] {processor.py:925} INFO - DAG(s) 'example_branch_dop_operator_v3' retrieved from /home/airflow/.local/lib/python3.12/site-packages/airflow/example_dags/example_branch_python_dop_operator_3.py
[2025-03-09T16:09:53.957+0000] {logging_mixin.py:190} INFO - [2025-03-09T16:09:53.957+0000] {dag.py:3239} INFO - Sync 1 DAGs
[2025-03-09T16:09:53.973+0000] {logging_mixin.py:190} INFO - [2025-03-09T16:09:53.973+0000] {dag.py:4180} INFO - Setting next_dagrun for example_branch_dop_operator_v3 to 2025-03-09 16:08:00+00:00, run_after=2025-03-09 16:09:00+00:00
[2025-03-09T16:09:53.985+0000] {processor.py:208} INFO - Processing /home/airflow/.local/lib/python3.12/site-packages/airflow/example_dags/example_branch_python_dop_operator_3.py took 0.054 seconds
[2025-03-09T16:10:24.460+0000] {processor.py:186} INFO - Started process (PID=15765) to work on /home/airflow/.local/lib/python3.12/site-packages/airflow/example_dags/example_branch_python_dop_operator_3.py
[2025-03-09T16:10:24.461+0000] {processor.py:914} INFO - Processing file /home/airflow/.local/lib/python3.12/site-packages/airflow/example_dags/example_branch_python_dop_operator_3.py for tasks to queue
[2025-03-09T16:10:24.462+0000] {logging_mixin.py:190} INFO - [2025-03-09T16:10:24.462+0000] {dagbag.py:588} INFO - Filling up the DagBag from /home/airflow/.local/lib/python3.12/site-packages/airflow/example_dags/example_branch_python_dop_operator_3.py
[2025-03-09T16:10:24.468+0000] {processor.py:925} INFO - DAG(s) 'example_branch_dop_operator_v3' retrieved from /home/airflow/.local/lib/python3.12/site-packages/airflow/example_dags/example_branch_python_dop_operator_3.py
[2025-03-09T16:10:24.482+0000] {logging_mixin.py:190} INFO - [2025-03-09T16:10:24.482+0000] {dag.py:3239} INFO - Sync 1 DAGs
[2025-03-09T16:10:24.497+0000] {logging_mixin.py:190} INFO - [2025-03-09T16:10:24.497+0000] {dag.py:4180} INFO - Setting next_dagrun for example_branch_dop_operator_v3 to 2025-03-09 16:09:00+00:00, run_after=2025-03-09 16:10:00+00:00
[2025-03-09T16:10:24.511+0000] {processor.py:208} INFO - Processing /home/airflow/.local/lib/python3.12/site-packages/airflow/example_dags/example_branch_python_dop_operator_3.py took 0.054 seconds
[2025-03-09T16:10:54.740+0000] {processor.py:186} INFO - Started process (PID=16091) to work on /home/airflow/.local/lib/python3.12/site-packages/airflow/example_dags/example_branch_python_dop_operator_3.py
[2025-03-09T16:10:54.741+0000] {processor.py:914} INFO - Processing file /home/airflow/.local/lib/python3.12/site-packages/airflow/example_dags/example_branch_python_dop_operator_3.py for tasks to queue
[2025-03-09T16:10:54.742+0000] {logging_mixin.py:190} INFO - [2025-03-09T16:10:54.742+0000] {dagbag.py:588} INFO - Filling up the DagBag from /home/airflow/.local/lib/python3.12/site-packages/airflow/example_dags/example_branch_python_dop_operator_3.py
[2025-03-09T16:10:54.749+0000] {processor.py:925} INFO - DAG(s) 'example_branch_dop_operator_v3' retrieved from /home/airflow/.local/lib/python3.12/site-packages/airflow/example_dags/example_branch_python_dop_operator_3.py
[2025-03-09T16:10:54.764+0000] {logging_mixin.py:190} INFO - [2025-03-09T16:10:54.764+0000] {dag.py:3239} INFO - Sync 1 DAGs
[2025-03-09T16:10:54.780+0000] {logging_mixin.py:190} INFO - [2025-03-09T16:10:54.779+0000] {dag.py:4180} INFO - Setting next_dagrun for example_branch_dop_operator_v3 to 2025-03-09 16:09:00+00:00, run_after=2025-03-09 16:10:00+00:00
[2025-03-09T16:10:54.795+0000] {processor.py:208} INFO - Processing /home/airflow/.local/lib/python3.12/site-packages/airflow/example_dags/example_branch_python_dop_operator_3.py took 0.060 seconds
[2025-03-09T16:11:24.862+0000] {processor.py:186} INFO - Started process (PID=16414) to work on /home/airflow/.local/lib/python3.12/site-packages/airflow/example_dags/example_branch_python_dop_operator_3.py
[2025-03-09T16:11:24.863+0000] {processor.py:914} INFO - Processing file /home/airflow/.local/lib/python3.12/site-packages/airflow/example_dags/example_branch_python_dop_operator_3.py for tasks to queue
[2025-03-09T16:11:24.865+0000] {logging_mixin.py:190} INFO - [2025-03-09T16:11:24.864+0000] {dagbag.py:588} INFO - Filling up the DagBag from /home/airflow/.local/lib/python3.12/site-packages/airflow/example_dags/example_branch_python_dop_operator_3.py
[2025-03-09T16:11:24.876+0000] {processor.py:925} INFO - DAG(s) 'example_branch_dop_operator_v3' retrieved from /home/airflow/.local/lib/python3.12/site-packages/airflow/example_dags/example_branch_python_dop_operator_3.py
[2025-03-09T16:11:24.887+0000] {logging_mixin.py:190} INFO - [2025-03-09T16:11:24.887+0000] {dag.py:3239} INFO - Sync 1 DAGs
[2025-03-09T16:11:24.903+0000] {logging_mixin.py:190} INFO - [2025-03-09T16:11:24.903+0000] {dag.py:4180} INFO - Setting next_dagrun for example_branch_dop_operator_v3 to 2025-03-09 16:10:00+00:00, run_after=2025-03-09 16:11:00+00:00
[2025-03-09T16:11:24.919+0000] {processor.py:208} INFO - Processing /home/airflow/.local/lib/python3.12/site-packages/airflow/example_dags/example_branch_python_dop_operator_3.py took 0.063 seconds
[2025-03-09T16:11:55.143+0000] {processor.py:186} INFO - Started process (PID=16740) to work on /home/airflow/.local/lib/python3.12/site-packages/airflow/example_dags/example_branch_python_dop_operator_3.py
[2025-03-09T16:11:55.144+0000] {processor.py:914} INFO - Processing file /home/airflow/.local/lib/python3.12/site-packages/airflow/example_dags/example_branch_python_dop_operator_3.py for tasks to queue
[2025-03-09T16:11:55.145+0000] {logging_mixin.py:190} INFO - [2025-03-09T16:11:55.145+0000] {dagbag.py:588} INFO - Filling up the DagBag from /home/airflow/.local/lib/python3.12/site-packages/airflow/example_dags/example_branch_python_dop_operator_3.py
[2025-03-09T16:11:55.151+0000] {processor.py:925} INFO - DAG(s) 'example_branch_dop_operator_v3' retrieved from /home/airflow/.local/lib/python3.12/site-packages/airflow/example_dags/example_branch_python_dop_operator_3.py
[2025-03-09T16:11:55.167+0000] {logging_mixin.py:190} INFO - [2025-03-09T16:11:55.166+0000] {dag.py:3239} INFO - Sync 1 DAGs
[2025-03-09T16:11:55.189+0000] {logging_mixin.py:190} INFO - [2025-03-09T16:11:55.189+0000] {dag.py:4180} INFO - Setting next_dagrun for example_branch_dop_operator_v3 to 2025-03-09 16:10:00+00:00, run_after=2025-03-09 16:11:00+00:00
[2025-03-09T16:11:55.202+0000] {processor.py:208} INFO - Processing /home/airflow/.local/lib/python3.12/site-packages/airflow/example_dags/example_branch_python_dop_operator_3.py took 0.063 seconds
[2025-03-09T16:12:26.254+0000] {processor.py:186} INFO - Started process (PID=17064) to work on /home/airflow/.local/lib/python3.12/site-packages/airflow/example_dags/example_branch_python_dop_operator_3.py
[2025-03-09T16:12:26.254+0000] {processor.py:914} INFO - Processing file /home/airflow/.local/lib/python3.12/site-packages/airflow/example_dags/example_branch_python_dop_operator_3.py for tasks to queue
[2025-03-09T16:12:26.256+0000] {logging_mixin.py:190} INFO - [2025-03-09T16:12:26.255+0000] {dagbag.py:588} INFO - Filling up the DagBag from /home/airflow/.local/lib/python3.12/site-packages/airflow/example_dags/example_branch_python_dop_operator_3.py
[2025-03-09T16:12:26.262+0000] {processor.py:925} INFO - DAG(s) 'example_branch_dop_operator_v3' retrieved from /home/airflow/.local/lib/python3.12/site-packages/airflow/example_dags/example_branch_python_dop_operator_3.py
[2025-03-09T16:12:26.275+0000] {logging_mixin.py:190} INFO - [2025-03-09T16:12:26.275+0000] {dag.py:3239} INFO - Sync 1 DAGs
[2025-03-09T16:12:26.291+0000] {logging_mixin.py:190} INFO - [2025-03-09T16:12:26.291+0000] {dag.py:4180} INFO - Setting next_dagrun for example_branch_dop_operator_v3 to 2025-03-09 16:11:00+00:00, run_after=2025-03-09 16:12:00+00:00
[2025-03-09T16:12:26.307+0000] {processor.py:208} INFO - Processing /home/airflow/.local/lib/python3.12/site-packages/airflow/example_dags/example_branch_python_dop_operator_3.py took 0.056 seconds
[2025-03-09T16:12:56.450+0000] {processor.py:186} INFO - Started process (PID=17390) to work on /home/airflow/.local/lib/python3.12/site-packages/airflow/example_dags/example_branch_python_dop_operator_3.py
[2025-03-09T16:12:56.450+0000] {processor.py:914} INFO - Processing file /home/airflow/.local/lib/python3.12/site-packages/airflow/example_dags/example_branch_python_dop_operator_3.py for tasks to queue
[2025-03-09T16:12:56.451+0000] {logging_mixin.py:190} INFO - [2025-03-09T16:12:56.451+0000] {dagbag.py:588} INFO - Filling up the DagBag from /home/airflow/.local/lib/python3.12/site-packages/airflow/example_dags/example_branch_python_dop_operator_3.py
[2025-03-09T16:12:56.457+0000] {processor.py:925} INFO - DAG(s) 'example_branch_dop_operator_v3' retrieved from /home/airflow/.local/lib/python3.12/site-packages/airflow/example_dags/example_branch_python_dop_operator_3.py
[2025-03-09T16:12:56.474+0000] {logging_mixin.py:190} INFO - [2025-03-09T16:12:56.473+0000] {dag.py:3239} INFO - Sync 1 DAGs
[2025-03-09T16:12:56.492+0000] {logging_mixin.py:190} INFO - [2025-03-09T16:12:56.492+0000] {dag.py:4180} INFO - Setting next_dagrun for example_branch_dop_operator_v3 to 2025-03-09 16:11:00+00:00, run_after=2025-03-09 16:12:00+00:00
[2025-03-09T16:12:56.505+0000] {processor.py:208} INFO - Processing /home/airflow/.local/lib/python3.12/site-packages/airflow/example_dags/example_branch_python_dop_operator_3.py took 0.060 seconds
[2025-03-09T16:13:27.510+0000] {processor.py:186} INFO - Started process (PID=17718) to work on /home/airflow/.local/lib/python3.12/site-packages/airflow/example_dags/example_branch_python_dop_operator_3.py
[2025-03-09T16:13:27.511+0000] {processor.py:914} INFO - Processing file /home/airflow/.local/lib/python3.12/site-packages/airflow/example_dags/example_branch_python_dop_operator_3.py for tasks to queue
[2025-03-09T16:13:27.512+0000] {logging_mixin.py:190} INFO - [2025-03-09T16:13:27.512+0000] {dagbag.py:588} INFO - Filling up the DagBag from /home/airflow/.local/lib/python3.12/site-packages/airflow/example_dags/example_branch_python_dop_operator_3.py
[2025-03-09T16:13:27.518+0000] {processor.py:925} INFO - DAG(s) 'example_branch_dop_operator_v3' retrieved from /home/airflow/.local/lib/python3.12/site-packages/airflow/example_dags/example_branch_python_dop_operator_3.py
[2025-03-09T16:13:27.536+0000] {logging_mixin.py:190} INFO - [2025-03-09T16:13:27.535+0000] {dag.py:3239} INFO - Sync 1 DAGs
[2025-03-09T16:13:27.554+0000] {logging_mixin.py:190} INFO - [2025-03-09T16:13:27.554+0000] {dag.py:4180} INFO - Setting next_dagrun for example_branch_dop_operator_v3 to 2025-03-09 16:12:00+00:00, run_after=2025-03-09 16:13:00+00:00
[2025-03-09T16:13:27.567+0000] {processor.py:208} INFO - Processing /home/airflow/.local/lib/python3.12/site-packages/airflow/example_dags/example_branch_python_dop_operator_3.py took 0.061 seconds
[2025-03-09T16:13:58.449+0000] {processor.py:186} INFO - Started process (PID=18042) to work on /home/airflow/.local/lib/python3.12/site-packages/airflow/example_dags/example_branch_python_dop_operator_3.py
[2025-03-09T16:13:58.449+0000] {processor.py:914} INFO - Processing file /home/airflow/.local/lib/python3.12/site-packages/airflow/example_dags/example_branch_python_dop_operator_3.py for tasks to queue
[2025-03-09T16:13:58.450+0000] {logging_mixin.py:190} INFO - [2025-03-09T16:13:58.450+0000] {dagbag.py:588} INFO - Filling up the DagBag from /home/airflow/.local/lib/python3.12/site-packages/airflow/example_dags/example_branch_python_dop_operator_3.py
[2025-03-09T16:13:58.456+0000] {processor.py:925} INFO - DAG(s) 'example_branch_dop_operator_v3' retrieved from /home/airflow/.local/lib/python3.12/site-packages/airflow/example_dags/example_branch_python_dop_operator_3.py
[2025-03-09T16:13:58.468+0000] {logging_mixin.py:190} INFO - [2025-03-09T16:13:58.467+0000] {dag.py:3239} INFO - Sync 1 DAGs
[2025-03-09T16:13:58.483+0000] {logging_mixin.py:190} INFO - [2025-03-09T16:13:58.483+0000] {dag.py:4180} INFO - Setting next_dagrun for example_branch_dop_operator_v3 to 2025-03-09 16:12:00+00:00, run_after=2025-03-09 16:13:00+00:00
[2025-03-09T16:13:58.495+0000] {processor.py:208} INFO - Processing /home/airflow/.local/lib/python3.12/site-packages/airflow/example_dags/example_branch_python_dop_operator_3.py took 0.051 seconds
[2025-03-09T16:14:29.097+0000] {processor.py:186} INFO - Started process (PID=18368) to work on /home/airflow/.local/lib/python3.12/site-packages/airflow/example_dags/example_branch_python_dop_operator_3.py
[2025-03-09T16:14:29.097+0000] {processor.py:914} INFO - Processing file /home/airflow/.local/lib/python3.12/site-packages/airflow/example_dags/example_branch_python_dop_operator_3.py for tasks to queue
[2025-03-09T16:14:29.098+0000] {logging_mixin.py:190} INFO - [2025-03-09T16:14:29.098+0000] {dagbag.py:588} INFO - Filling up the DagBag from /home/airflow/.local/lib/python3.12/site-packages/airflow/example_dags/example_branch_python_dop_operator_3.py
[2025-03-09T16:14:29.104+0000] {processor.py:925} INFO - DAG(s) 'example_branch_dop_operator_v3' retrieved from /home/airflow/.local/lib/python3.12/site-packages/airflow/example_dags/example_branch_python_dop_operator_3.py
[2025-03-09T16:14:29.118+0000] {logging_mixin.py:190} INFO - [2025-03-09T16:14:29.117+0000] {dag.py:3239} INFO - Sync 1 DAGs
[2025-03-09T16:14:29.133+0000] {logging_mixin.py:190} INFO - [2025-03-09T16:14:29.133+0000] {dag.py:4180} INFO - Setting next_dagrun for example_branch_dop_operator_v3 to 2025-03-09 16:13:00+00:00, run_after=2025-03-09 16:14:00+00:00
[2025-03-09T16:14:29.152+0000] {processor.py:208} INFO - Processing /home/airflow/.local/lib/python3.12/site-packages/airflow/example_dags/example_branch_python_dop_operator_3.py took 0.059 seconds
[2025-03-09T16:14:59.995+0000] {processor.py:186} INFO - Started process (PID=18694) to work on /home/airflow/.local/lib/python3.12/site-packages/airflow/example_dags/example_branch_python_dop_operator_3.py
[2025-03-09T16:14:59.996+0000] {processor.py:914} INFO - Processing file /home/airflow/.local/lib/python3.12/site-packages/airflow/example_dags/example_branch_python_dop_operator_3.py for tasks to queue
[2025-03-09T16:14:59.997+0000] {logging_mixin.py:190} INFO - [2025-03-09T16:14:59.996+0000] {dagbag.py:588} INFO - Filling up the DagBag from /home/airflow/.local/lib/python3.12/site-packages/airflow/example_dags/example_branch_python_dop_operator_3.py
[2025-03-09T16:15:00.003+0000] {processor.py:925} INFO - DAG(s) 'example_branch_dop_operator_v3' retrieved from /home/airflow/.local/lib/python3.12/site-packages/airflow/example_dags/example_branch_python_dop_operator_3.py
[2025-03-09T16:15:00.018+0000] {logging_mixin.py:190} INFO - [2025-03-09T16:15:00.018+0000] {dag.py:3239} INFO - Sync 1 DAGs
[2025-03-09T16:15:00.034+0000] {logging_mixin.py:190} INFO - [2025-03-09T16:15:00.034+0000] {dag.py:4180} INFO - Setting next_dagrun for example_branch_dop_operator_v3 to 2025-03-09 16:14:00+00:00, run_after=2025-03-09 16:15:00+00:00
[2025-03-09T16:15:00.049+0000] {processor.py:208} INFO - Processing /home/airflow/.local/lib/python3.12/site-packages/airflow/example_dags/example_branch_python_dop_operator_3.py took 0.057 seconds
[2025-03-09T16:15:30.790+0000] {processor.py:186} INFO - Started process (PID=19020) to work on /home/airflow/.local/lib/python3.12/site-packages/airflow/example_dags/example_branch_python_dop_operator_3.py
[2025-03-09T16:15:30.791+0000] {processor.py:914} INFO - Processing file /home/airflow/.local/lib/python3.12/site-packages/airflow/example_dags/example_branch_python_dop_operator_3.py for tasks to queue
[2025-03-09T16:15:30.793+0000] {logging_mixin.py:190} INFO - [2025-03-09T16:15:30.793+0000] {dagbag.py:588} INFO - Filling up the DagBag from /home/airflow/.local/lib/python3.12/site-packages/airflow/example_dags/example_branch_python_dop_operator_3.py
[2025-03-09T16:15:30.799+0000] {processor.py:925} INFO - DAG(s) 'example_branch_dop_operator_v3' retrieved from /home/airflow/.local/lib/python3.12/site-packages/airflow/example_dags/example_branch_python_dop_operator_3.py
[2025-03-09T16:15:30.815+0000] {logging_mixin.py:190} INFO - [2025-03-09T16:15:30.815+0000] {dag.py:3239} INFO - Sync 1 DAGs
[2025-03-09T16:15:30.833+0000] {logging_mixin.py:190} INFO - [2025-03-09T16:15:30.833+0000] {dag.py:4180} INFO - Setting next_dagrun for example_branch_dop_operator_v3 to 2025-03-09 16:14:00+00:00, run_after=2025-03-09 16:15:00+00:00
[2025-03-09T16:15:30.847+0000] {processor.py:208} INFO - Processing /home/airflow/.local/lib/python3.12/site-packages/airflow/example_dags/example_branch_python_dop_operator_3.py took 0.062 seconds
[2025-03-09T16:16:01.893+0000] {processor.py:186} INFO - Started process (PID=19348) to work on /home/airflow/.local/lib/python3.12/site-packages/airflow/example_dags/example_branch_python_dop_operator_3.py
[2025-03-09T16:16:01.894+0000] {processor.py:914} INFO - Processing file /home/airflow/.local/lib/python3.12/site-packages/airflow/example_dags/example_branch_python_dop_operator_3.py for tasks to queue
[2025-03-09T16:16:01.895+0000] {logging_mixin.py:190} INFO - [2025-03-09T16:16:01.895+0000] {dagbag.py:588} INFO - Filling up the DagBag from /home/airflow/.local/lib/python3.12/site-packages/airflow/example_dags/example_branch_python_dop_operator_3.py
[2025-03-09T16:16:01.902+0000] {processor.py:925} INFO - DAG(s) 'example_branch_dop_operator_v3' retrieved from /home/airflow/.local/lib/python3.12/site-packages/airflow/example_dags/example_branch_python_dop_operator_3.py
[2025-03-09T16:16:01.915+0000] {logging_mixin.py:190} INFO - [2025-03-09T16:16:01.915+0000] {dag.py:3239} INFO - Sync 1 DAGs
[2025-03-09T16:16:01.933+0000] {logging_mixin.py:190} INFO - [2025-03-09T16:16:01.933+0000] {dag.py:4180} INFO - Setting next_dagrun for example_branch_dop_operator_v3 to 2025-03-09 16:15:00+00:00, run_after=2025-03-09 16:16:00+00:00
[2025-03-09T16:16:01.946+0000] {processor.py:208} INFO - Processing /home/airflow/.local/lib/python3.12/site-packages/airflow/example_dags/example_branch_python_dop_operator_3.py took 0.056 seconds
[2025-03-09T16:16:33.210+0000] {processor.py:186} INFO - Started process (PID=19672) to work on /home/airflow/.local/lib/python3.12/site-packages/airflow/example_dags/example_branch_python_dop_operator_3.py
[2025-03-09T16:16:33.210+0000] {processor.py:914} INFO - Processing file /home/airflow/.local/lib/python3.12/site-packages/airflow/example_dags/example_branch_python_dop_operator_3.py for tasks to queue
[2025-03-09T16:16:33.211+0000] {logging_mixin.py:190} INFO - [2025-03-09T16:16:33.211+0000] {dagbag.py:588} INFO - Filling up the DagBag from /home/airflow/.local/lib/python3.12/site-packages/airflow/example_dags/example_branch_python_dop_operator_3.py
[2025-03-09T16:16:33.218+0000] {processor.py:925} INFO - DAG(s) 'example_branch_dop_operator_v3' retrieved from /home/airflow/.local/lib/python3.12/site-packages/airflow/example_dags/example_branch_python_dop_operator_3.py
[2025-03-09T16:16:33.231+0000] {logging_mixin.py:190} INFO - [2025-03-09T16:16:33.231+0000] {dag.py:3239} INFO - Sync 1 DAGs
[2025-03-09T16:16:33.247+0000] {logging_mixin.py:190} INFO - [2025-03-09T16:16:33.247+0000] {dag.py:4180} INFO - Setting next_dagrun for example_branch_dop_operator_v3 to 2025-03-09 16:15:00+00:00, run_after=2025-03-09 16:16:00+00:00
[2025-03-09T16:16:33.261+0000] {processor.py:208} INFO - Processing /home/airflow/.local/lib/python3.12/site-packages/airflow/example_dags/example_branch_python_dop_operator_3.py took 0.055 seconds
[2025-03-09T16:17:04.474+0000] {processor.py:186} INFO - Started process (PID=19998) to work on /home/airflow/.local/lib/python3.12/site-packages/airflow/example_dags/example_branch_python_dop_operator_3.py
[2025-03-09T16:17:04.475+0000] {processor.py:914} INFO - Processing file /home/airflow/.local/lib/python3.12/site-packages/airflow/example_dags/example_branch_python_dop_operator_3.py for tasks to queue
[2025-03-09T16:17:04.476+0000] {logging_mixin.py:190} INFO - [2025-03-09T16:17:04.476+0000] {dagbag.py:588} INFO - Filling up the DagBag from /home/airflow/.local/lib/python3.12/site-packages/airflow/example_dags/example_branch_python_dop_operator_3.py
[2025-03-09T16:17:04.482+0000] {processor.py:925} INFO - DAG(s) 'example_branch_dop_operator_v3' retrieved from /home/airflow/.local/lib/python3.12/site-packages/airflow/example_dags/example_branch_python_dop_operator_3.py
[2025-03-09T16:17:04.499+0000] {logging_mixin.py:190} INFO - [2025-03-09T16:17:04.498+0000] {dag.py:3239} INFO - Sync 1 DAGs
[2025-03-09T16:17:04.521+0000] {logging_mixin.py:190} INFO - [2025-03-09T16:17:04.521+0000] {dag.py:4180} INFO - Setting next_dagrun for example_branch_dop_operator_v3 to 2025-03-09 16:16:00+00:00, run_after=2025-03-09 16:17:00+00:00
[2025-03-09T16:17:04.541+0000] {processor.py:208} INFO - Processing /home/airflow/.local/lib/python3.12/site-packages/airflow/example_dags/example_branch_python_dop_operator_3.py took 0.071 seconds
[2025-03-09T16:17:35.490+0000] {processor.py:186} INFO - Started process (PID=20324) to work on /home/airflow/.local/lib/python3.12/site-packages/airflow/example_dags/example_branch_python_dop_operator_3.py
[2025-03-09T16:17:35.491+0000] {processor.py:914} INFO - Processing file /home/airflow/.local/lib/python3.12/site-packages/airflow/example_dags/example_branch_python_dop_operator_3.py for tasks to queue
[2025-03-09T16:17:35.492+0000] {logging_mixin.py:190} INFO - [2025-03-09T16:17:35.492+0000] {dagbag.py:588} INFO - Filling up the DagBag from /home/airflow/.local/lib/python3.12/site-packages/airflow/example_dags/example_branch_python_dop_operator_3.py
[2025-03-09T16:17:35.498+0000] {processor.py:925} INFO - DAG(s) 'example_branch_dop_operator_v3' retrieved from /home/airflow/.local/lib/python3.12/site-packages/airflow/example_dags/example_branch_python_dop_operator_3.py
[2025-03-09T16:17:35.512+0000] {logging_mixin.py:190} INFO - [2025-03-09T16:17:35.511+0000] {dag.py:3239} INFO - Sync 1 DAGs
[2025-03-09T16:17:35.527+0000] {logging_mixin.py:190} INFO - [2025-03-09T16:17:35.527+0000] {dag.py:4180} INFO - Setting next_dagrun for example_branch_dop_operator_v3 to 2025-03-09 16:16:00+00:00, run_after=2025-03-09 16:17:00+00:00
[2025-03-09T16:17:35.541+0000] {processor.py:208} INFO - Processing /home/airflow/.local/lib/python3.12/site-packages/airflow/example_dags/example_branch_python_dop_operator_3.py took 0.054 seconds
[2025-03-09T16:18:06.542+0000] {processor.py:186} INFO - Started process (PID=20650) to work on /home/airflow/.local/lib/python3.12/site-packages/airflow/example_dags/example_branch_python_dop_operator_3.py
[2025-03-09T16:18:06.543+0000] {processor.py:914} INFO - Processing file /home/airflow/.local/lib/python3.12/site-packages/airflow/example_dags/example_branch_python_dop_operator_3.py for tasks to queue
[2025-03-09T16:18:06.544+0000] {logging_mixin.py:190} INFO - [2025-03-09T16:18:06.544+0000] {dagbag.py:588} INFO - Filling up the DagBag from /home/airflow/.local/lib/python3.12/site-packages/airflow/example_dags/example_branch_python_dop_operator_3.py
[2025-03-09T16:18:06.550+0000] {processor.py:925} INFO - DAG(s) 'example_branch_dop_operator_v3' retrieved from /home/airflow/.local/lib/python3.12/site-packages/airflow/example_dags/example_branch_python_dop_operator_3.py
[2025-03-09T16:18:06.563+0000] {logging_mixin.py:190} INFO - [2025-03-09T16:18:06.563+0000] {dag.py:3239} INFO - Sync 1 DAGs
[2025-03-09T16:18:06.580+0000] {logging_mixin.py:190} INFO - [2025-03-09T16:18:06.579+0000] {dag.py:4180} INFO - Setting next_dagrun for example_branch_dop_operator_v3 to 2025-03-09 16:17:00+00:00, run_after=2025-03-09 16:18:00+00:00
[2025-03-09T16:18:06.596+0000] {processor.py:208} INFO - Processing /home/airflow/.local/lib/python3.12/site-packages/airflow/example_dags/example_branch_python_dop_operator_3.py took 0.061 seconds
[2025-03-09T16:18:36.909+0000] {processor.py:186} INFO - Started process (PID=20976) to work on /home/airflow/.local/lib/python3.12/site-packages/airflow/example_dags/example_branch_python_dop_operator_3.py
[2025-03-09T16:18:36.910+0000] {processor.py:914} INFO - Processing file /home/airflow/.local/lib/python3.12/site-packages/airflow/example_dags/example_branch_python_dop_operator_3.py for tasks to queue
[2025-03-09T16:18:36.911+0000] {logging_mixin.py:190} INFO - [2025-03-09T16:18:36.911+0000] {dagbag.py:588} INFO - Filling up the DagBag from /home/airflow/.local/lib/python3.12/site-packages/airflow/example_dags/example_branch_python_dop_operator_3.py
[2025-03-09T16:18:36.917+0000] {processor.py:925} INFO - DAG(s) 'example_branch_dop_operator_v3' retrieved from /home/airflow/.local/lib/python3.12/site-packages/airflow/example_dags/example_branch_python_dop_operator_3.py
[2025-03-09T16:18:36.931+0000] {logging_mixin.py:190} INFO - [2025-03-09T16:18:36.931+0000] {dag.py:3239} INFO - Sync 1 DAGs
[2025-03-09T16:18:36.947+0000] {logging_mixin.py:190} INFO - [2025-03-09T16:18:36.946+0000] {dag.py:4180} INFO - Setting next_dagrun for example_branch_dop_operator_v3 to 2025-03-09 16:17:00+00:00, run_after=2025-03-09 16:18:00+00:00
[2025-03-09T16:18:36.959+0000] {processor.py:208} INFO - Processing /home/airflow/.local/lib/python3.12/site-packages/airflow/example_dags/example_branch_python_dop_operator_3.py took 0.054 seconds
[2025-03-09T16:19:08.155+0000] {processor.py:186} INFO - Started process (PID=21304) to work on /home/airflow/.local/lib/python3.12/site-packages/airflow/example_dags/example_branch_python_dop_operator_3.py
[2025-03-09T16:19:08.156+0000] {processor.py:914} INFO - Processing file /home/airflow/.local/lib/python3.12/site-packages/airflow/example_dags/example_branch_python_dop_operator_3.py for tasks to queue
[2025-03-09T16:19:08.158+0000] {logging_mixin.py:190} INFO - [2025-03-09T16:19:08.157+0000] {dagbag.py:588} INFO - Filling up the DagBag from /home/airflow/.local/lib/python3.12/site-packages/airflow/example_dags/example_branch_python_dop_operator_3.py
[2025-03-09T16:19:08.165+0000] {processor.py:925} INFO - DAG(s) 'example_branch_dop_operator_v3' retrieved from /home/airflow/.local/lib/python3.12/site-packages/airflow/example_dags/example_branch_python_dop_operator_3.py
[2025-03-09T16:19:08.178+0000] {logging_mixin.py:190} INFO - [2025-03-09T16:19:08.178+0000] {dag.py:3239} INFO - Sync 1 DAGs
[2025-03-09T16:19:08.196+0000] {logging_mixin.py:190} INFO - [2025-03-09T16:19:08.196+0000] {dag.py:4180} INFO - Setting next_dagrun for example_branch_dop_operator_v3 to 2025-03-09 16:18:00+00:00, run_after=2025-03-09 16:19:00+00:00
[2025-03-09T16:19:08.211+0000] {processor.py:208} INFO - Processing /home/airflow/.local/lib/python3.12/site-packages/airflow/example_dags/example_branch_python_dop_operator_3.py took 0.060 seconds
[2025-03-09T16:19:38.462+0000] {processor.py:186} INFO - Started process (PID=21628) to work on /home/airflow/.local/lib/python3.12/site-packages/airflow/example_dags/example_branch_python_dop_operator_3.py
[2025-03-09T16:19:38.462+0000] {processor.py:914} INFO - Processing file /home/airflow/.local/lib/python3.12/site-packages/airflow/example_dags/example_branch_python_dop_operator_3.py for tasks to queue
[2025-03-09T16:19:38.464+0000] {logging_mixin.py:190} INFO - [2025-03-09T16:19:38.463+0000] {dagbag.py:588} INFO - Filling up the DagBag from /home/airflow/.local/lib/python3.12/site-packages/airflow/example_dags/example_branch_python_dop_operator_3.py
[2025-03-09T16:19:38.470+0000] {processor.py:925} INFO - DAG(s) 'example_branch_dop_operator_v3' retrieved from /home/airflow/.local/lib/python3.12/site-packages/airflow/example_dags/example_branch_python_dop_operator_3.py
[2025-03-09T16:19:38.488+0000] {logging_mixin.py:190} INFO - [2025-03-09T16:19:38.488+0000] {dag.py:3239} INFO - Sync 1 DAGs
[2025-03-09T16:19:38.510+0000] {logging_mixin.py:190} INFO - [2025-03-09T16:19:38.510+0000] {dag.py:4180} INFO - Setting next_dagrun for example_branch_dop_operator_v3 to 2025-03-09 16:18:00+00:00, run_after=2025-03-09 16:19:00+00:00
[2025-03-09T16:19:38.524+0000] {processor.py:208} INFO - Processing /home/airflow/.local/lib/python3.12/site-packages/airflow/example_dags/example_branch_python_dop_operator_3.py took 0.065 seconds
