[2025-03-09T15:46:14.755+0000] {processor.py:186} INFO - Started process (PID=344) to work on /home/airflow/.local/lib/python3.12/site-packages/airflow/example_dags/tutorial_taskflow_api.py
[2025-03-09T15:46:14.756+0000] {processor.py:914} INFO - Processing file /home/airflow/.local/lib/python3.12/site-packages/airflow/example_dags/tutorial_taskflow_api.py for tasks to queue
[2025-03-09T15:46:14.757+0000] {logging_mixin.py:190} INFO - [2025-03-09T15:46:14.757+0000] {dagbag.py:588} INFO - Filling up the DagBag from /home/airflow/.local/lib/python3.12/site-packages/airflow/example_dags/tutorial_taskflow_api.py
[2025-03-09T15:46:14.765+0000] {processor.py:925} INFO - DAG(s) 'tutorial_taskflow_api' retrieved from /home/airflow/.local/lib/python3.12/site-packages/airflow/example_dags/tutorial_taskflow_api.py
[2025-03-09T15:46:14.789+0000] {logging_mixin.py:190} INFO - [2025-03-09T15:46:14.788+0000] {dag.py:3239} INFO - Sync 1 DAGs
[2025-03-09T15:46:14.801+0000] {logging_mixin.py:190} INFO - [2025-03-09T15:46:14.801+0000] {dag.py:4180} INFO - Setting next_dagrun for tutorial_taskflow_api to None, run_after=None
[2025-03-09T15:46:14.815+0000] {processor.py:208} INFO - Processing /home/airflow/.local/lib/python3.12/site-packages/airflow/example_dags/tutorial_taskflow_api.py took 0.066 seconds
[2025-03-09T15:46:45.880+0000] {processor.py:186} INFO - Started process (PID=678) to work on /home/airflow/.local/lib/python3.12/site-packages/airflow/example_dags/tutorial_taskflow_api.py
[2025-03-09T15:46:45.881+0000] {processor.py:914} INFO - Processing file /home/airflow/.local/lib/python3.12/site-packages/airflow/example_dags/tutorial_taskflow_api.py for tasks to queue
[2025-03-09T15:46:45.882+0000] {logging_mixin.py:190} INFO - [2025-03-09T15:46:45.882+0000] {dagbag.py:588} INFO - Filling up the DagBag from /home/airflow/.local/lib/python3.12/site-packages/airflow/example_dags/tutorial_taskflow_api.py
[2025-03-09T15:46:45.887+0000] {processor.py:925} INFO - DAG(s) 'tutorial_taskflow_api' retrieved from /home/airflow/.local/lib/python3.12/site-packages/airflow/example_dags/tutorial_taskflow_api.py
[2025-03-09T15:46:45.905+0000] {logging_mixin.py:190} INFO - [2025-03-09T15:46:45.904+0000] {dag.py:3239} INFO - Sync 1 DAGs
[2025-03-09T15:46:45.923+0000] {logging_mixin.py:190} INFO - [2025-03-09T15:46:45.923+0000] {dag.py:4180} INFO - Setting next_dagrun for tutorial_taskflow_api to None, run_after=None
[2025-03-09T15:46:45.956+0000] {processor.py:208} INFO - Processing /home/airflow/.local/lib/python3.12/site-packages/airflow/example_dags/tutorial_taskflow_api.py took 0.079 seconds
[2025-03-09T15:47:17.042+0000] {processor.py:186} INFO - Started process (PID=1003) to work on /home/airflow/.local/lib/python3.12/site-packages/airflow/example_dags/tutorial_taskflow_api.py
[2025-03-09T15:47:17.043+0000] {processor.py:914} INFO - Processing file /home/airflow/.local/lib/python3.12/site-packages/airflow/example_dags/tutorial_taskflow_api.py for tasks to queue
[2025-03-09T15:47:17.044+0000] {logging_mixin.py:190} INFO - [2025-03-09T15:47:17.044+0000] {dagbag.py:588} INFO - Filling up the DagBag from /home/airflow/.local/lib/python3.12/site-packages/airflow/example_dags/tutorial_taskflow_api.py
[2025-03-09T15:47:17.049+0000] {processor.py:925} INFO - DAG(s) 'tutorial_taskflow_api' retrieved from /home/airflow/.local/lib/python3.12/site-packages/airflow/example_dags/tutorial_taskflow_api.py
[2025-03-09T15:47:17.068+0000] {logging_mixin.py:190} INFO - [2025-03-09T15:47:17.068+0000] {dag.py:3239} INFO - Sync 1 DAGs
[2025-03-09T15:47:17.077+0000] {logging_mixin.py:190} INFO - [2025-03-09T15:47:17.077+0000] {dag.py:4180} INFO - Setting next_dagrun for tutorial_taskflow_api to None, run_after=None
[2025-03-09T15:47:17.088+0000] {processor.py:208} INFO - Processing /home/airflow/.local/lib/python3.12/site-packages/airflow/example_dags/tutorial_taskflow_api.py took 0.050 seconds
[2025-03-09T15:47:47.934+0000] {processor.py:186} INFO - Started process (PID=1330) to work on /home/airflow/.local/lib/python3.12/site-packages/airflow/example_dags/tutorial_taskflow_api.py
[2025-03-09T15:47:47.935+0000] {processor.py:914} INFO - Processing file /home/airflow/.local/lib/python3.12/site-packages/airflow/example_dags/tutorial_taskflow_api.py for tasks to queue
[2025-03-09T15:47:47.937+0000] {logging_mixin.py:190} INFO - [2025-03-09T15:47:47.936+0000] {dagbag.py:588} INFO - Filling up the DagBag from /home/airflow/.local/lib/python3.12/site-packages/airflow/example_dags/tutorial_taskflow_api.py
[2025-03-09T15:47:47.942+0000] {processor.py:925} INFO - DAG(s) 'tutorial_taskflow_api' retrieved from /home/airflow/.local/lib/python3.12/site-packages/airflow/example_dags/tutorial_taskflow_api.py
[2025-03-09T15:47:47.959+0000] {logging_mixin.py:190} INFO - [2025-03-09T15:47:47.959+0000] {dag.py:3239} INFO - Sync 1 DAGs
[2025-03-09T15:47:47.973+0000] {logging_mixin.py:190} INFO - [2025-03-09T15:47:47.972+0000] {dag.py:4180} INFO - Setting next_dagrun for tutorial_taskflow_api to None, run_after=None
[2025-03-09T15:47:47.993+0000] {processor.py:208} INFO - Processing /home/airflow/.local/lib/python3.12/site-packages/airflow/example_dags/tutorial_taskflow_api.py took 0.063 seconds
[2025-03-09T15:48:18.822+0000] {processor.py:186} INFO - Started process (PID=1656) to work on /home/airflow/.local/lib/python3.12/site-packages/airflow/example_dags/tutorial_taskflow_api.py
[2025-03-09T15:48:18.823+0000] {processor.py:914} INFO - Processing file /home/airflow/.local/lib/python3.12/site-packages/airflow/example_dags/tutorial_taskflow_api.py for tasks to queue
[2025-03-09T15:48:18.824+0000] {logging_mixin.py:190} INFO - [2025-03-09T15:48:18.824+0000] {dagbag.py:588} INFO - Filling up the DagBag from /home/airflow/.local/lib/python3.12/site-packages/airflow/example_dags/tutorial_taskflow_api.py
[2025-03-09T15:48:18.829+0000] {processor.py:925} INFO - DAG(s) 'tutorial_taskflow_api' retrieved from /home/airflow/.local/lib/python3.12/site-packages/airflow/example_dags/tutorial_taskflow_api.py
[2025-03-09T15:48:18.841+0000] {logging_mixin.py:190} INFO - [2025-03-09T15:48:18.841+0000] {dag.py:3239} INFO - Sync 1 DAGs
[2025-03-09T15:48:18.851+0000] {logging_mixin.py:190} INFO - [2025-03-09T15:48:18.850+0000] {dag.py:4180} INFO - Setting next_dagrun for tutorial_taskflow_api to None, run_after=None
[2025-03-09T15:48:18.863+0000] {processor.py:208} INFO - Processing /home/airflow/.local/lib/python3.12/site-packages/airflow/example_dags/tutorial_taskflow_api.py took 0.043 seconds
[2025-03-09T15:48:49.736+0000] {processor.py:186} INFO - Started process (PID=1982) to work on /home/airflow/.local/lib/python3.12/site-packages/airflow/example_dags/tutorial_taskflow_api.py
[2025-03-09T15:48:49.737+0000] {processor.py:914} INFO - Processing file /home/airflow/.local/lib/python3.12/site-packages/airflow/example_dags/tutorial_taskflow_api.py for tasks to queue
[2025-03-09T15:48:49.739+0000] {logging_mixin.py:190} INFO - [2025-03-09T15:48:49.738+0000] {dagbag.py:588} INFO - Filling up the DagBag from /home/airflow/.local/lib/python3.12/site-packages/airflow/example_dags/tutorial_taskflow_api.py
[2025-03-09T15:48:49.745+0000] {processor.py:925} INFO - DAG(s) 'tutorial_taskflow_api' retrieved from /home/airflow/.local/lib/python3.12/site-packages/airflow/example_dags/tutorial_taskflow_api.py
[2025-03-09T15:48:49.759+0000] {logging_mixin.py:190} INFO - [2025-03-09T15:48:49.759+0000] {dag.py:3239} INFO - Sync 1 DAGs
[2025-03-09T15:48:49.767+0000] {logging_mixin.py:190} INFO - [2025-03-09T15:48:49.767+0000] {dag.py:4180} INFO - Setting next_dagrun for tutorial_taskflow_api to None, run_after=None
[2025-03-09T15:48:49.780+0000] {processor.py:208} INFO - Processing /home/airflow/.local/lib/python3.12/site-packages/airflow/example_dags/tutorial_taskflow_api.py took 0.049 seconds
[2025-03-09T15:49:20.526+0000] {processor.py:186} INFO - Started process (PID=2308) to work on /home/airflow/.local/lib/python3.12/site-packages/airflow/example_dags/tutorial_taskflow_api.py
[2025-03-09T15:49:20.527+0000] {processor.py:914} INFO - Processing file /home/airflow/.local/lib/python3.12/site-packages/airflow/example_dags/tutorial_taskflow_api.py for tasks to queue
[2025-03-09T15:49:20.529+0000] {logging_mixin.py:190} INFO - [2025-03-09T15:49:20.529+0000] {dagbag.py:588} INFO - Filling up the DagBag from /home/airflow/.local/lib/python3.12/site-packages/airflow/example_dags/tutorial_taskflow_api.py
[2025-03-09T15:49:20.535+0000] {processor.py:925} INFO - DAG(s) 'tutorial_taskflow_api' retrieved from /home/airflow/.local/lib/python3.12/site-packages/airflow/example_dags/tutorial_taskflow_api.py
[2025-03-09T15:49:20.550+0000] {logging_mixin.py:190} INFO - [2025-03-09T15:49:20.550+0000] {dag.py:3239} INFO - Sync 1 DAGs
[2025-03-09T15:49:20.562+0000] {logging_mixin.py:190} INFO - [2025-03-09T15:49:20.562+0000] {dag.py:4180} INFO - Setting next_dagrun for tutorial_taskflow_api to None, run_after=None
[2025-03-09T15:49:20.583+0000] {processor.py:208} INFO - Processing /home/airflow/.local/lib/python3.12/site-packages/airflow/example_dags/tutorial_taskflow_api.py took 0.061 seconds
[2025-03-09T15:49:51.406+0000] {processor.py:186} INFO - Started process (PID=2634) to work on /home/airflow/.local/lib/python3.12/site-packages/airflow/example_dags/tutorial_taskflow_api.py
[2025-03-09T15:49:51.407+0000] {processor.py:914} INFO - Processing file /home/airflow/.local/lib/python3.12/site-packages/airflow/example_dags/tutorial_taskflow_api.py for tasks to queue
[2025-03-09T15:49:51.409+0000] {logging_mixin.py:190} INFO - [2025-03-09T15:49:51.408+0000] {dagbag.py:588} INFO - Filling up the DagBag from /home/airflow/.local/lib/python3.12/site-packages/airflow/example_dags/tutorial_taskflow_api.py
[2025-03-09T15:49:51.414+0000] {processor.py:925} INFO - DAG(s) 'tutorial_taskflow_api' retrieved from /home/airflow/.local/lib/python3.12/site-packages/airflow/example_dags/tutorial_taskflow_api.py
[2025-03-09T15:49:51.428+0000] {logging_mixin.py:190} INFO - [2025-03-09T15:49:51.428+0000] {dag.py:3239} INFO - Sync 1 DAGs
[2025-03-09T15:49:51.438+0000] {logging_mixin.py:190} INFO - [2025-03-09T15:49:51.437+0000] {dag.py:4180} INFO - Setting next_dagrun for tutorial_taskflow_api to None, run_after=None
[2025-03-09T15:49:51.450+0000] {processor.py:208} INFO - Processing /home/airflow/.local/lib/python3.12/site-packages/airflow/example_dags/tutorial_taskflow_api.py took 0.051 seconds
[2025-03-09T15:50:22.370+0000] {processor.py:186} INFO - Started process (PID=2960) to work on /home/airflow/.local/lib/python3.12/site-packages/airflow/example_dags/tutorial_taskflow_api.py
[2025-03-09T15:50:22.371+0000] {processor.py:914} INFO - Processing file /home/airflow/.local/lib/python3.12/site-packages/airflow/example_dags/tutorial_taskflow_api.py for tasks to queue
[2025-03-09T15:50:22.372+0000] {logging_mixin.py:190} INFO - [2025-03-09T15:50:22.372+0000] {dagbag.py:588} INFO - Filling up the DagBag from /home/airflow/.local/lib/python3.12/site-packages/airflow/example_dags/tutorial_taskflow_api.py
[2025-03-09T15:50:22.377+0000] {processor.py:925} INFO - DAG(s) 'tutorial_taskflow_api' retrieved from /home/airflow/.local/lib/python3.12/site-packages/airflow/example_dags/tutorial_taskflow_api.py
[2025-03-09T15:50:22.390+0000] {logging_mixin.py:190} INFO - [2025-03-09T15:50:22.390+0000] {dag.py:3239} INFO - Sync 1 DAGs
[2025-03-09T15:50:22.399+0000] {logging_mixin.py:190} INFO - [2025-03-09T15:50:22.399+0000] {dag.py:4180} INFO - Setting next_dagrun for tutorial_taskflow_api to None, run_after=None
[2025-03-09T15:50:22.411+0000] {processor.py:208} INFO - Processing /home/airflow/.local/lib/python3.12/site-packages/airflow/example_dags/tutorial_taskflow_api.py took 0.044 seconds
[2025-03-09T15:50:53.310+0000] {processor.py:186} INFO - Started process (PID=3286) to work on /home/airflow/.local/lib/python3.12/site-packages/airflow/example_dags/tutorial_taskflow_api.py
[2025-03-09T15:50:53.310+0000] {processor.py:914} INFO - Processing file /home/airflow/.local/lib/python3.12/site-packages/airflow/example_dags/tutorial_taskflow_api.py for tasks to queue
[2025-03-09T15:50:53.312+0000] {logging_mixin.py:190} INFO - [2025-03-09T15:50:53.312+0000] {dagbag.py:588} INFO - Filling up the DagBag from /home/airflow/.local/lib/python3.12/site-packages/airflow/example_dags/tutorial_taskflow_api.py
[2025-03-09T15:50:53.316+0000] {processor.py:925} INFO - DAG(s) 'tutorial_taskflow_api' retrieved from /home/airflow/.local/lib/python3.12/site-packages/airflow/example_dags/tutorial_taskflow_api.py
[2025-03-09T15:50:53.333+0000] {logging_mixin.py:190} INFO - [2025-03-09T15:50:53.332+0000] {dag.py:3239} INFO - Sync 1 DAGs
[2025-03-09T15:50:53.342+0000] {logging_mixin.py:190} INFO - [2025-03-09T15:50:53.341+0000] {dag.py:4180} INFO - Setting next_dagrun for tutorial_taskflow_api to None, run_after=None
[2025-03-09T15:50:53.354+0000] {processor.py:208} INFO - Processing /home/airflow/.local/lib/python3.12/site-packages/airflow/example_dags/tutorial_taskflow_api.py took 0.047 seconds
[2025-03-09T15:51:23.927+0000] {processor.py:186} INFO - Started process (PID=3612) to work on /home/airflow/.local/lib/python3.12/site-packages/airflow/example_dags/tutorial_taskflow_api.py
[2025-03-09T15:51:23.928+0000] {processor.py:914} INFO - Processing file /home/airflow/.local/lib/python3.12/site-packages/airflow/example_dags/tutorial_taskflow_api.py for tasks to queue
[2025-03-09T15:51:23.929+0000] {logging_mixin.py:190} INFO - [2025-03-09T15:51:23.929+0000] {dagbag.py:588} INFO - Filling up the DagBag from /home/airflow/.local/lib/python3.12/site-packages/airflow/example_dags/tutorial_taskflow_api.py
[2025-03-09T15:51:23.934+0000] {processor.py:925} INFO - DAG(s) 'tutorial_taskflow_api' retrieved from /home/airflow/.local/lib/python3.12/site-packages/airflow/example_dags/tutorial_taskflow_api.py
[2025-03-09T15:51:23.948+0000] {logging_mixin.py:190} INFO - [2025-03-09T15:51:23.948+0000] {dag.py:3239} INFO - Sync 1 DAGs
[2025-03-09T15:51:23.956+0000] {logging_mixin.py:190} INFO - [2025-03-09T15:51:23.956+0000] {dag.py:4180} INFO - Setting next_dagrun for tutorial_taskflow_api to None, run_after=None
[2025-03-09T15:51:23.971+0000] {processor.py:208} INFO - Processing /home/airflow/.local/lib/python3.12/site-packages/airflow/example_dags/tutorial_taskflow_api.py took 0.048 seconds
[2025-03-09T15:51:54.850+0000] {processor.py:186} INFO - Started process (PID=3935) to work on /home/airflow/.local/lib/python3.12/site-packages/airflow/example_dags/tutorial_taskflow_api.py
[2025-03-09T15:51:54.850+0000] {processor.py:914} INFO - Processing file /home/airflow/.local/lib/python3.12/site-packages/airflow/example_dags/tutorial_taskflow_api.py for tasks to queue
[2025-03-09T15:51:54.852+0000] {logging_mixin.py:190} INFO - [2025-03-09T15:51:54.851+0000] {dagbag.py:588} INFO - Filling up the DagBag from /home/airflow/.local/lib/python3.12/site-packages/airflow/example_dags/tutorial_taskflow_api.py
[2025-03-09T15:51:54.857+0000] {processor.py:925} INFO - DAG(s) 'tutorial_taskflow_api' retrieved from /home/airflow/.local/lib/python3.12/site-packages/airflow/example_dags/tutorial_taskflow_api.py
[2025-03-09T15:51:54.870+0000] {logging_mixin.py:190} INFO - [2025-03-09T15:51:54.870+0000] {dag.py:3239} INFO - Sync 1 DAGs
[2025-03-09T15:51:54.879+0000] {logging_mixin.py:190} INFO - [2025-03-09T15:51:54.879+0000] {dag.py:4180} INFO - Setting next_dagrun for tutorial_taskflow_api to None, run_after=None
[2025-03-09T15:51:54.893+0000] {processor.py:208} INFO - Processing /home/airflow/.local/lib/python3.12/site-packages/airflow/example_dags/tutorial_taskflow_api.py took 0.047 seconds
[2025-03-09T15:52:25.839+0000] {processor.py:186} INFO - Started process (PID=4261) to work on /home/airflow/.local/lib/python3.12/site-packages/airflow/example_dags/tutorial_taskflow_api.py
[2025-03-09T15:52:25.839+0000] {processor.py:914} INFO - Processing file /home/airflow/.local/lib/python3.12/site-packages/airflow/example_dags/tutorial_taskflow_api.py for tasks to queue
[2025-03-09T15:52:25.841+0000] {logging_mixin.py:190} INFO - [2025-03-09T15:52:25.841+0000] {dagbag.py:588} INFO - Filling up the DagBag from /home/airflow/.local/lib/python3.12/site-packages/airflow/example_dags/tutorial_taskflow_api.py
[2025-03-09T15:52:25.847+0000] {processor.py:925} INFO - DAG(s) 'tutorial_taskflow_api' retrieved from /home/airflow/.local/lib/python3.12/site-packages/airflow/example_dags/tutorial_taskflow_api.py
[2025-03-09T15:52:25.859+0000] {logging_mixin.py:190} INFO - [2025-03-09T15:52:25.859+0000] {dag.py:3239} INFO - Sync 1 DAGs
[2025-03-09T15:52:25.867+0000] {logging_mixin.py:190} INFO - [2025-03-09T15:52:25.867+0000] {dag.py:4180} INFO - Setting next_dagrun for tutorial_taskflow_api to None, run_after=None
[2025-03-09T15:52:25.880+0000] {processor.py:208} INFO - Processing /home/airflow/.local/lib/python3.12/site-packages/airflow/example_dags/tutorial_taskflow_api.py took 0.048 seconds
[2025-03-09T15:52:56.522+0000] {processor.py:186} INFO - Started process (PID=4585) to work on /home/airflow/.local/lib/python3.12/site-packages/airflow/example_dags/tutorial_taskflow_api.py
[2025-03-09T15:52:56.522+0000] {processor.py:914} INFO - Processing file /home/airflow/.local/lib/python3.12/site-packages/airflow/example_dags/tutorial_taskflow_api.py for tasks to queue
[2025-03-09T15:52:56.524+0000] {logging_mixin.py:190} INFO - [2025-03-09T15:52:56.524+0000] {dagbag.py:588} INFO - Filling up the DagBag from /home/airflow/.local/lib/python3.12/site-packages/airflow/example_dags/tutorial_taskflow_api.py
[2025-03-09T15:52:56.529+0000] {processor.py:925} INFO - DAG(s) 'tutorial_taskflow_api' retrieved from /home/airflow/.local/lib/python3.12/site-packages/airflow/example_dags/tutorial_taskflow_api.py
[2025-03-09T15:52:56.542+0000] {logging_mixin.py:190} INFO - [2025-03-09T15:52:56.542+0000] {dag.py:3239} INFO - Sync 1 DAGs
[2025-03-09T15:52:56.551+0000] {logging_mixin.py:190} INFO - [2025-03-09T15:52:56.551+0000] {dag.py:4180} INFO - Setting next_dagrun for tutorial_taskflow_api to None, run_after=None
[2025-03-09T15:52:56.563+0000] {processor.py:208} INFO - Processing /home/airflow/.local/lib/python3.12/site-packages/airflow/example_dags/tutorial_taskflow_api.py took 0.044 seconds
[2025-03-09T15:53:27.268+0000] {processor.py:186} INFO - Started process (PID=4913) to work on /home/airflow/.local/lib/python3.12/site-packages/airflow/example_dags/tutorial_taskflow_api.py
[2025-03-09T15:53:27.269+0000] {processor.py:914} INFO - Processing file /home/airflow/.local/lib/python3.12/site-packages/airflow/example_dags/tutorial_taskflow_api.py for tasks to queue
[2025-03-09T15:53:27.271+0000] {logging_mixin.py:190} INFO - [2025-03-09T15:53:27.270+0000] {dagbag.py:588} INFO - Filling up the DagBag from /home/airflow/.local/lib/python3.12/site-packages/airflow/example_dags/tutorial_taskflow_api.py
[2025-03-09T15:53:27.281+0000] {processor.py:925} INFO - DAG(s) 'tutorial_taskflow_api' retrieved from /home/airflow/.local/lib/python3.12/site-packages/airflow/example_dags/tutorial_taskflow_api.py
[2025-03-09T15:53:27.294+0000] {logging_mixin.py:190} INFO - [2025-03-09T15:53:27.294+0000] {dag.py:3239} INFO - Sync 1 DAGs
[2025-03-09T15:53:27.303+0000] {logging_mixin.py:190} INFO - [2025-03-09T15:53:27.303+0000] {dag.py:4180} INFO - Setting next_dagrun for tutorial_taskflow_api to None, run_after=None
[2025-03-09T15:53:27.318+0000] {processor.py:208} INFO - Processing /home/airflow/.local/lib/python3.12/site-packages/airflow/example_dags/tutorial_taskflow_api.py took 0.056 seconds
[2025-03-09T15:53:57.941+0000] {processor.py:186} INFO - Started process (PID=5238) to work on /home/airflow/.local/lib/python3.12/site-packages/airflow/example_dags/tutorial_taskflow_api.py
[2025-03-09T15:53:57.942+0000] {processor.py:914} INFO - Processing file /home/airflow/.local/lib/python3.12/site-packages/airflow/example_dags/tutorial_taskflow_api.py for tasks to queue
[2025-03-09T15:53:57.944+0000] {logging_mixin.py:190} INFO - [2025-03-09T15:53:57.943+0000] {dagbag.py:588} INFO - Filling up the DagBag from /home/airflow/.local/lib/python3.12/site-packages/airflow/example_dags/tutorial_taskflow_api.py
[2025-03-09T15:53:57.951+0000] {processor.py:925} INFO - DAG(s) 'tutorial_taskflow_api' retrieved from /home/airflow/.local/lib/python3.12/site-packages/airflow/example_dags/tutorial_taskflow_api.py
[2025-03-09T15:53:57.970+0000] {logging_mixin.py:190} INFO - [2025-03-09T15:53:57.969+0000] {dag.py:3239} INFO - Sync 1 DAGs
[2025-03-09T15:53:57.981+0000] {logging_mixin.py:190} INFO - [2025-03-09T15:53:57.980+0000] {dag.py:4180} INFO - Setting next_dagrun for tutorial_taskflow_api to None, run_after=None
[2025-03-09T15:53:57.997+0000] {processor.py:208} INFO - Processing /home/airflow/.local/lib/python3.12/site-packages/airflow/example_dags/tutorial_taskflow_api.py took 0.061 seconds
[2025-03-09T15:54:28.825+0000] {processor.py:186} INFO - Started process (PID=5564) to work on /home/airflow/.local/lib/python3.12/site-packages/airflow/example_dags/tutorial_taskflow_api.py
[2025-03-09T15:54:28.826+0000] {processor.py:914} INFO - Processing file /home/airflow/.local/lib/python3.12/site-packages/airflow/example_dags/tutorial_taskflow_api.py for tasks to queue
[2025-03-09T15:54:28.827+0000] {logging_mixin.py:190} INFO - [2025-03-09T15:54:28.827+0000] {dagbag.py:588} INFO - Filling up the DagBag from /home/airflow/.local/lib/python3.12/site-packages/airflow/example_dags/tutorial_taskflow_api.py
[2025-03-09T15:54:28.832+0000] {processor.py:925} INFO - DAG(s) 'tutorial_taskflow_api' retrieved from /home/airflow/.local/lib/python3.12/site-packages/airflow/example_dags/tutorial_taskflow_api.py
[2025-03-09T15:54:28.848+0000] {logging_mixin.py:190} INFO - [2025-03-09T15:54:28.848+0000] {dag.py:3239} INFO - Sync 1 DAGs
[2025-03-09T15:54:28.856+0000] {logging_mixin.py:190} INFO - [2025-03-09T15:54:28.856+0000] {dag.py:4180} INFO - Setting next_dagrun for tutorial_taskflow_api to None, run_after=None
[2025-03-09T15:54:28.868+0000] {processor.py:208} INFO - Processing /home/airflow/.local/lib/python3.12/site-packages/airflow/example_dags/tutorial_taskflow_api.py took 0.047 seconds
[2025-03-09T15:54:59.481+0000] {processor.py:186} INFO - Started process (PID=5890) to work on /home/airflow/.local/lib/python3.12/site-packages/airflow/example_dags/tutorial_taskflow_api.py
[2025-03-09T15:54:59.482+0000] {processor.py:914} INFO - Processing file /home/airflow/.local/lib/python3.12/site-packages/airflow/example_dags/tutorial_taskflow_api.py for tasks to queue
[2025-03-09T15:54:59.485+0000] {logging_mixin.py:190} INFO - [2025-03-09T15:54:59.484+0000] {dagbag.py:588} INFO - Filling up the DagBag from /home/airflow/.local/lib/python3.12/site-packages/airflow/example_dags/tutorial_taskflow_api.py
[2025-03-09T15:54:59.492+0000] {processor.py:925} INFO - DAG(s) 'tutorial_taskflow_api' retrieved from /home/airflow/.local/lib/python3.12/site-packages/airflow/example_dags/tutorial_taskflow_api.py
[2025-03-09T15:54:59.508+0000] {logging_mixin.py:190} INFO - [2025-03-09T15:54:59.507+0000] {dag.py:3239} INFO - Sync 1 DAGs
[2025-03-09T15:54:59.516+0000] {logging_mixin.py:190} INFO - [2025-03-09T15:54:59.516+0000] {dag.py:4180} INFO - Setting next_dagrun for tutorial_taskflow_api to None, run_after=None
[2025-03-09T15:54:59.530+0000] {processor.py:208} INFO - Processing /home/airflow/.local/lib/python3.12/site-packages/airflow/example_dags/tutorial_taskflow_api.py took 0.056 seconds
[2025-03-09T15:55:30.252+0000] {processor.py:186} INFO - Started process (PID=6216) to work on /home/airflow/.local/lib/python3.12/site-packages/airflow/example_dags/tutorial_taskflow_api.py
[2025-03-09T15:55:30.253+0000] {processor.py:914} INFO - Processing file /home/airflow/.local/lib/python3.12/site-packages/airflow/example_dags/tutorial_taskflow_api.py for tasks to queue
[2025-03-09T15:55:30.255+0000] {logging_mixin.py:190} INFO - [2025-03-09T15:55:30.254+0000] {dagbag.py:588} INFO - Filling up the DagBag from /home/airflow/.local/lib/python3.12/site-packages/airflow/example_dags/tutorial_taskflow_api.py
[2025-03-09T15:55:30.260+0000] {processor.py:925} INFO - DAG(s) 'tutorial_taskflow_api' retrieved from /home/airflow/.local/lib/python3.12/site-packages/airflow/example_dags/tutorial_taskflow_api.py
[2025-03-09T15:55:30.272+0000] {logging_mixin.py:190} INFO - [2025-03-09T15:55:30.272+0000] {dag.py:3239} INFO - Sync 1 DAGs
[2025-03-09T15:55:30.281+0000] {logging_mixin.py:190} INFO - [2025-03-09T15:55:30.281+0000] {dag.py:4180} INFO - Setting next_dagrun for tutorial_taskflow_api to None, run_after=None
[2025-03-09T15:55:30.295+0000] {processor.py:208} INFO - Processing /home/airflow/.local/lib/python3.12/site-packages/airflow/example_dags/tutorial_taskflow_api.py took 0.048 seconds
[2025-03-09T15:56:01.499+0000] {processor.py:186} INFO - Started process (PID=6545) to work on /home/airflow/.local/lib/python3.12/site-packages/airflow/example_dags/tutorial_taskflow_api.py
[2025-03-09T15:56:01.499+0000] {processor.py:914} INFO - Processing file /home/airflow/.local/lib/python3.12/site-packages/airflow/example_dags/tutorial_taskflow_api.py for tasks to queue
[2025-03-09T15:56:01.501+0000] {logging_mixin.py:190} INFO - [2025-03-09T15:56:01.501+0000] {dagbag.py:588} INFO - Filling up the DagBag from /home/airflow/.local/lib/python3.12/site-packages/airflow/example_dags/tutorial_taskflow_api.py
[2025-03-09T15:56:01.505+0000] {processor.py:925} INFO - DAG(s) 'tutorial_taskflow_api' retrieved from /home/airflow/.local/lib/python3.12/site-packages/airflow/example_dags/tutorial_taskflow_api.py
[2025-03-09T15:56:01.518+0000] {logging_mixin.py:190} INFO - [2025-03-09T15:56:01.518+0000] {dag.py:3239} INFO - Sync 1 DAGs
[2025-03-09T15:56:01.527+0000] {logging_mixin.py:190} INFO - [2025-03-09T15:56:01.527+0000] {dag.py:4180} INFO - Setting next_dagrun for tutorial_taskflow_api to None, run_after=None
[2025-03-09T15:56:01.538+0000] {processor.py:208} INFO - Processing /home/airflow/.local/lib/python3.12/site-packages/airflow/example_dags/tutorial_taskflow_api.py took 0.043 seconds
[2025-03-09T15:56:32.197+0000] {processor.py:186} INFO - Started process (PID=6868) to work on /home/airflow/.local/lib/python3.12/site-packages/airflow/example_dags/tutorial_taskflow_api.py
[2025-03-09T15:56:32.198+0000] {processor.py:914} INFO - Processing file /home/airflow/.local/lib/python3.12/site-packages/airflow/example_dags/tutorial_taskflow_api.py for tasks to queue
[2025-03-09T15:56:32.199+0000] {logging_mixin.py:190} INFO - [2025-03-09T15:56:32.199+0000] {dagbag.py:588} INFO - Filling up the DagBag from /home/airflow/.local/lib/python3.12/site-packages/airflow/example_dags/tutorial_taskflow_api.py
[2025-03-09T15:56:32.204+0000] {processor.py:925} INFO - DAG(s) 'tutorial_taskflow_api' retrieved from /home/airflow/.local/lib/python3.12/site-packages/airflow/example_dags/tutorial_taskflow_api.py
[2025-03-09T15:56:32.219+0000] {logging_mixin.py:190} INFO - [2025-03-09T15:56:32.219+0000] {dag.py:3239} INFO - Sync 1 DAGs
[2025-03-09T15:56:32.228+0000] {logging_mixin.py:190} INFO - [2025-03-09T15:56:32.227+0000] {dag.py:4180} INFO - Setting next_dagrun for tutorial_taskflow_api to None, run_after=None
[2025-03-09T15:56:32.240+0000] {processor.py:208} INFO - Processing /home/airflow/.local/lib/python3.12/site-packages/airflow/example_dags/tutorial_taskflow_api.py took 0.046 seconds
[2025-03-09T15:57:02.969+0000] {processor.py:186} INFO - Started process (PID=7194) to work on /home/airflow/.local/lib/python3.12/site-packages/airflow/example_dags/tutorial_taskflow_api.py
[2025-03-09T15:57:02.970+0000] {processor.py:914} INFO - Processing file /home/airflow/.local/lib/python3.12/site-packages/airflow/example_dags/tutorial_taskflow_api.py for tasks to queue
[2025-03-09T15:57:02.972+0000] {logging_mixin.py:190} INFO - [2025-03-09T15:57:02.971+0000] {dagbag.py:588} INFO - Filling up the DagBag from /home/airflow/.local/lib/python3.12/site-packages/airflow/example_dags/tutorial_taskflow_api.py
[2025-03-09T15:57:02.979+0000] {processor.py:925} INFO - DAG(s) 'tutorial_taskflow_api' retrieved from /home/airflow/.local/lib/python3.12/site-packages/airflow/example_dags/tutorial_taskflow_api.py
[2025-03-09T15:57:02.997+0000] {logging_mixin.py:190} INFO - [2025-03-09T15:57:02.997+0000] {dag.py:3239} INFO - Sync 1 DAGs
[2025-03-09T15:57:03.011+0000] {logging_mixin.py:190} INFO - [2025-03-09T15:57:03.011+0000] {dag.py:4180} INFO - Setting next_dagrun for tutorial_taskflow_api to None, run_after=None
[2025-03-09T15:57:03.027+0000] {processor.py:208} INFO - Processing /home/airflow/.local/lib/python3.12/site-packages/airflow/example_dags/tutorial_taskflow_api.py took 0.064 seconds
[2025-03-09T15:57:33.804+0000] {processor.py:186} INFO - Started process (PID=7520) to work on /home/airflow/.local/lib/python3.12/site-packages/airflow/example_dags/tutorial_taskflow_api.py
[2025-03-09T15:57:33.804+0000] {processor.py:914} INFO - Processing file /home/airflow/.local/lib/python3.12/site-packages/airflow/example_dags/tutorial_taskflow_api.py for tasks to queue
[2025-03-09T15:57:33.805+0000] {logging_mixin.py:190} INFO - [2025-03-09T15:57:33.805+0000] {dagbag.py:588} INFO - Filling up the DagBag from /home/airflow/.local/lib/python3.12/site-packages/airflow/example_dags/tutorial_taskflow_api.py
[2025-03-09T15:57:33.810+0000] {processor.py:925} INFO - DAG(s) 'tutorial_taskflow_api' retrieved from /home/airflow/.local/lib/python3.12/site-packages/airflow/example_dags/tutorial_taskflow_api.py
[2025-03-09T15:57:33.826+0000] {logging_mixin.py:190} INFO - [2025-03-09T15:57:33.826+0000] {dag.py:3239} INFO - Sync 1 DAGs
[2025-03-09T15:57:33.835+0000] {logging_mixin.py:190} INFO - [2025-03-09T15:57:33.835+0000] {dag.py:4180} INFO - Setting next_dagrun for tutorial_taskflow_api to None, run_after=None
[2025-03-09T15:57:33.851+0000] {processor.py:208} INFO - Processing /home/airflow/.local/lib/python3.12/site-packages/airflow/example_dags/tutorial_taskflow_api.py took 0.051 seconds
[2025-03-09T15:58:04.832+0000] {processor.py:186} INFO - Started process (PID=7846) to work on /home/airflow/.local/lib/python3.12/site-packages/airflow/example_dags/tutorial_taskflow_api.py
[2025-03-09T15:58:04.833+0000] {processor.py:914} INFO - Processing file /home/airflow/.local/lib/python3.12/site-packages/airflow/example_dags/tutorial_taskflow_api.py for tasks to queue
[2025-03-09T15:58:04.834+0000] {logging_mixin.py:190} INFO - [2025-03-09T15:58:04.834+0000] {dagbag.py:588} INFO - Filling up the DagBag from /home/airflow/.local/lib/python3.12/site-packages/airflow/example_dags/tutorial_taskflow_api.py
[2025-03-09T15:58:04.841+0000] {processor.py:925} INFO - DAG(s) 'tutorial_taskflow_api' retrieved from /home/airflow/.local/lib/python3.12/site-packages/airflow/example_dags/tutorial_taskflow_api.py
[2025-03-09T15:58:04.858+0000] {logging_mixin.py:190} INFO - [2025-03-09T15:58:04.857+0000] {dag.py:3239} INFO - Sync 1 DAGs
[2025-03-09T15:58:04.870+0000] {logging_mixin.py:190} INFO - [2025-03-09T15:58:04.870+0000] {dag.py:4180} INFO - Setting next_dagrun for tutorial_taskflow_api to None, run_after=None
[2025-03-09T15:58:04.883+0000] {processor.py:208} INFO - Processing /home/airflow/.local/lib/python3.12/site-packages/airflow/example_dags/tutorial_taskflow_api.py took 0.055 seconds
[2025-03-09T15:58:35.752+0000] {processor.py:186} INFO - Started process (PID=8170) to work on /home/airflow/.local/lib/python3.12/site-packages/airflow/example_dags/tutorial_taskflow_api.py
[2025-03-09T15:58:35.754+0000] {processor.py:914} INFO - Processing file /home/airflow/.local/lib/python3.12/site-packages/airflow/example_dags/tutorial_taskflow_api.py for tasks to queue
[2025-03-09T15:58:35.755+0000] {logging_mixin.py:190} INFO - [2025-03-09T15:58:35.754+0000] {dagbag.py:588} INFO - Filling up the DagBag from /home/airflow/.local/lib/python3.12/site-packages/airflow/example_dags/tutorial_taskflow_api.py
[2025-03-09T15:58:35.760+0000] {processor.py:925} INFO - DAG(s) 'tutorial_taskflow_api' retrieved from /home/airflow/.local/lib/python3.12/site-packages/airflow/example_dags/tutorial_taskflow_api.py
[2025-03-09T15:58:35.774+0000] {logging_mixin.py:190} INFO - [2025-03-09T15:58:35.774+0000] {dag.py:3239} INFO - Sync 1 DAGs
[2025-03-09T15:58:35.786+0000] {logging_mixin.py:190} INFO - [2025-03-09T15:58:35.786+0000] {dag.py:4180} INFO - Setting next_dagrun for tutorial_taskflow_api to None, run_after=None
[2025-03-09T15:58:35.812+0000] {processor.py:208} INFO - Processing /home/airflow/.local/lib/python3.12/site-packages/airflow/example_dags/tutorial_taskflow_api.py took 0.064 seconds
[2025-03-09T15:59:07.547+0000] {processor.py:186} INFO - Started process (PID=8501) to work on /home/airflow/.local/lib/python3.12/site-packages/airflow/example_dags/tutorial_taskflow_api.py
[2025-03-09T15:59:07.548+0000] {processor.py:914} INFO - Processing file /home/airflow/.local/lib/python3.12/site-packages/airflow/example_dags/tutorial_taskflow_api.py for tasks to queue
[2025-03-09T15:59:07.549+0000] {logging_mixin.py:190} INFO - [2025-03-09T15:59:07.549+0000] {dagbag.py:588} INFO - Filling up the DagBag from /home/airflow/.local/lib/python3.12/site-packages/airflow/example_dags/tutorial_taskflow_api.py
[2025-03-09T15:59:07.554+0000] {processor.py:925} INFO - DAG(s) 'tutorial_taskflow_api' retrieved from /home/airflow/.local/lib/python3.12/site-packages/airflow/example_dags/tutorial_taskflow_api.py
[2025-03-09T15:59:07.572+0000] {logging_mixin.py:190} INFO - [2025-03-09T15:59:07.572+0000] {dag.py:3239} INFO - Sync 1 DAGs
[2025-03-09T15:59:07.585+0000] {logging_mixin.py:190} INFO - [2025-03-09T15:59:07.584+0000] {dag.py:4180} INFO - Setting next_dagrun for tutorial_taskflow_api to None, run_after=None
[2025-03-09T15:59:07.598+0000] {processor.py:208} INFO - Processing /home/airflow/.local/lib/python3.12/site-packages/airflow/example_dags/tutorial_taskflow_api.py took 0.055 seconds
[2025-03-09T15:59:38.455+0000] {processor.py:186} INFO - Started process (PID=8827) to work on /home/airflow/.local/lib/python3.12/site-packages/airflow/example_dags/tutorial_taskflow_api.py
[2025-03-09T15:59:38.455+0000] {processor.py:914} INFO - Processing file /home/airflow/.local/lib/python3.12/site-packages/airflow/example_dags/tutorial_taskflow_api.py for tasks to queue
[2025-03-09T15:59:38.456+0000] {logging_mixin.py:190} INFO - [2025-03-09T15:59:38.456+0000] {dagbag.py:588} INFO - Filling up the DagBag from /home/airflow/.local/lib/python3.12/site-packages/airflow/example_dags/tutorial_taskflow_api.py
[2025-03-09T15:59:38.462+0000] {processor.py:925} INFO - DAG(s) 'tutorial_taskflow_api' retrieved from /home/airflow/.local/lib/python3.12/site-packages/airflow/example_dags/tutorial_taskflow_api.py
[2025-03-09T15:59:38.479+0000] {logging_mixin.py:190} INFO - [2025-03-09T15:59:38.478+0000] {dag.py:3239} INFO - Sync 1 DAGs
[2025-03-09T15:59:38.488+0000] {logging_mixin.py:190} INFO - [2025-03-09T15:59:38.488+0000] {dag.py:4180} INFO - Setting next_dagrun for tutorial_taskflow_api to None, run_after=None
[2025-03-09T15:59:38.501+0000] {processor.py:208} INFO - Processing /home/airflow/.local/lib/python3.12/site-packages/airflow/example_dags/tutorial_taskflow_api.py took 0.051 seconds
[2025-03-09T16:00:08.870+0000] {processor.py:186} INFO - Started process (PID=9153) to work on /home/airflow/.local/lib/python3.12/site-packages/airflow/example_dags/tutorial_taskflow_api.py
[2025-03-09T16:00:08.870+0000] {processor.py:914} INFO - Processing file /home/airflow/.local/lib/python3.12/site-packages/airflow/example_dags/tutorial_taskflow_api.py for tasks to queue
[2025-03-09T16:00:08.872+0000] {logging_mixin.py:190} INFO - [2025-03-09T16:00:08.872+0000] {dagbag.py:588} INFO - Filling up the DagBag from /home/airflow/.local/lib/python3.12/site-packages/airflow/example_dags/tutorial_taskflow_api.py
[2025-03-09T16:00:08.877+0000] {processor.py:925} INFO - DAG(s) 'tutorial_taskflow_api' retrieved from /home/airflow/.local/lib/python3.12/site-packages/airflow/example_dags/tutorial_taskflow_api.py
[2025-03-09T16:00:08.889+0000] {logging_mixin.py:190} INFO - [2025-03-09T16:00:08.889+0000] {dag.py:3239} INFO - Sync 1 DAGs
[2025-03-09T16:00:08.898+0000] {logging_mixin.py:190} INFO - [2025-03-09T16:00:08.898+0000] {dag.py:4180} INFO - Setting next_dagrun for tutorial_taskflow_api to None, run_after=None
[2025-03-09T16:00:08.915+0000] {processor.py:208} INFO - Processing /home/airflow/.local/lib/python3.12/site-packages/airflow/example_dags/tutorial_taskflow_api.py took 0.049 seconds
[2025-03-09T16:00:39.385+0000] {processor.py:186} INFO - Started process (PID=9476) to work on /home/airflow/.local/lib/python3.12/site-packages/airflow/example_dags/tutorial_taskflow_api.py
[2025-03-09T16:00:39.386+0000] {processor.py:914} INFO - Processing file /home/airflow/.local/lib/python3.12/site-packages/airflow/example_dags/tutorial_taskflow_api.py for tasks to queue
[2025-03-09T16:00:39.388+0000] {logging_mixin.py:190} INFO - [2025-03-09T16:00:39.388+0000] {dagbag.py:588} INFO - Filling up the DagBag from /home/airflow/.local/lib/python3.12/site-packages/airflow/example_dags/tutorial_taskflow_api.py
[2025-03-09T16:00:39.392+0000] {processor.py:925} INFO - DAG(s) 'tutorial_taskflow_api' retrieved from /home/airflow/.local/lib/python3.12/site-packages/airflow/example_dags/tutorial_taskflow_api.py
[2025-03-09T16:00:39.405+0000] {logging_mixin.py:190} INFO - [2025-03-09T16:00:39.405+0000] {dag.py:3239} INFO - Sync 1 DAGs
[2025-03-09T16:00:39.414+0000] {logging_mixin.py:190} INFO - [2025-03-09T16:00:39.414+0000] {dag.py:4180} INFO - Setting next_dagrun for tutorial_taskflow_api to None, run_after=None
[2025-03-09T16:00:39.428+0000] {processor.py:208} INFO - Processing /home/airflow/.local/lib/python3.12/site-packages/airflow/example_dags/tutorial_taskflow_api.py took 0.047 seconds
[2025-03-09T16:01:09.977+0000] {processor.py:186} INFO - Started process (PID=9805) to work on /home/airflow/.local/lib/python3.12/site-packages/airflow/example_dags/tutorial_taskflow_api.py
[2025-03-09T16:01:09.978+0000] {processor.py:914} INFO - Processing file /home/airflow/.local/lib/python3.12/site-packages/airflow/example_dags/tutorial_taskflow_api.py for tasks to queue
[2025-03-09T16:01:09.979+0000] {logging_mixin.py:190} INFO - [2025-03-09T16:01:09.979+0000] {dagbag.py:588} INFO - Filling up the DagBag from /home/airflow/.local/lib/python3.12/site-packages/airflow/example_dags/tutorial_taskflow_api.py
[2025-03-09T16:01:09.984+0000] {processor.py:925} INFO - DAG(s) 'tutorial_taskflow_api' retrieved from /home/airflow/.local/lib/python3.12/site-packages/airflow/example_dags/tutorial_taskflow_api.py
[2025-03-09T16:01:10.000+0000] {logging_mixin.py:190} INFO - [2025-03-09T16:01:10.000+0000] {dag.py:3239} INFO - Sync 1 DAGs
[2025-03-09T16:01:10.012+0000] {logging_mixin.py:190} INFO - [2025-03-09T16:01:10.011+0000] {dag.py:4180} INFO - Setting next_dagrun for tutorial_taskflow_api to None, run_after=None
[2025-03-09T16:01:10.029+0000] {processor.py:208} INFO - Processing /home/airflow/.local/lib/python3.12/site-packages/airflow/example_dags/tutorial_taskflow_api.py took 0.058 seconds
[2025-03-09T16:01:40.604+0000] {processor.py:186} INFO - Started process (PID=10131) to work on /home/airflow/.local/lib/python3.12/site-packages/airflow/example_dags/tutorial_taskflow_api.py
[2025-03-09T16:01:40.605+0000] {processor.py:914} INFO - Processing file /home/airflow/.local/lib/python3.12/site-packages/airflow/example_dags/tutorial_taskflow_api.py for tasks to queue
[2025-03-09T16:01:40.606+0000] {logging_mixin.py:190} INFO - [2025-03-09T16:01:40.606+0000] {dagbag.py:588} INFO - Filling up the DagBag from /home/airflow/.local/lib/python3.12/site-packages/airflow/example_dags/tutorial_taskflow_api.py
[2025-03-09T16:01:40.611+0000] {processor.py:925} INFO - DAG(s) 'tutorial_taskflow_api' retrieved from /home/airflow/.local/lib/python3.12/site-packages/airflow/example_dags/tutorial_taskflow_api.py
[2025-03-09T16:01:40.626+0000] {logging_mixin.py:190} INFO - [2025-03-09T16:01:40.626+0000] {dag.py:3239} INFO - Sync 1 DAGs
[2025-03-09T16:01:40.635+0000] {logging_mixin.py:190} INFO - [2025-03-09T16:01:40.635+0000] {dag.py:4180} INFO - Setting next_dagrun for tutorial_taskflow_api to None, run_after=None
[2025-03-09T16:01:40.650+0000] {processor.py:208} INFO - Processing /home/airflow/.local/lib/python3.12/site-packages/airflow/example_dags/tutorial_taskflow_api.py took 0.049 seconds
[2025-03-09T16:02:11.065+0000] {processor.py:186} INFO - Started process (PID=10452) to work on /home/airflow/.local/lib/python3.12/site-packages/airflow/example_dags/tutorial_taskflow_api.py
[2025-03-09T16:02:11.066+0000] {processor.py:914} INFO - Processing file /home/airflow/.local/lib/python3.12/site-packages/airflow/example_dags/tutorial_taskflow_api.py for tasks to queue
[2025-03-09T16:02:11.067+0000] {logging_mixin.py:190} INFO - [2025-03-09T16:02:11.067+0000] {dagbag.py:588} INFO - Filling up the DagBag from /home/airflow/.local/lib/python3.12/site-packages/airflow/example_dags/tutorial_taskflow_api.py
[2025-03-09T16:02:11.072+0000] {processor.py:925} INFO - DAG(s) 'tutorial_taskflow_api' retrieved from /home/airflow/.local/lib/python3.12/site-packages/airflow/example_dags/tutorial_taskflow_api.py
[2025-03-09T16:02:11.087+0000] {logging_mixin.py:190} INFO - [2025-03-09T16:02:11.087+0000] {dag.py:3239} INFO - Sync 1 DAGs
[2025-03-09T16:02:11.097+0000] {logging_mixin.py:190} INFO - [2025-03-09T16:02:11.096+0000] {dag.py:4180} INFO - Setting next_dagrun for tutorial_taskflow_api to None, run_after=None
[2025-03-09T16:02:11.110+0000] {processor.py:208} INFO - Processing /home/airflow/.local/lib/python3.12/site-packages/airflow/example_dags/tutorial_taskflow_api.py took 0.049 seconds
[2025-03-09T16:02:41.903+0000] {processor.py:186} INFO - Started process (PID=10780) to work on /home/airflow/.local/lib/python3.12/site-packages/airflow/example_dags/tutorial_taskflow_api.py
[2025-03-09T16:02:41.903+0000] {processor.py:914} INFO - Processing file /home/airflow/.local/lib/python3.12/site-packages/airflow/example_dags/tutorial_taskflow_api.py for tasks to queue
[2025-03-09T16:02:41.904+0000] {logging_mixin.py:190} INFO - [2025-03-09T16:02:41.904+0000] {dagbag.py:588} INFO - Filling up the DagBag from /home/airflow/.local/lib/python3.12/site-packages/airflow/example_dags/tutorial_taskflow_api.py
[2025-03-09T16:02:41.909+0000] {processor.py:925} INFO - DAG(s) 'tutorial_taskflow_api' retrieved from /home/airflow/.local/lib/python3.12/site-packages/airflow/example_dags/tutorial_taskflow_api.py
[2025-03-09T16:02:41.923+0000] {logging_mixin.py:190} INFO - [2025-03-09T16:02:41.923+0000] {dag.py:3239} INFO - Sync 1 DAGs
[2025-03-09T16:02:41.932+0000] {logging_mixin.py:190} INFO - [2025-03-09T16:02:41.931+0000] {dag.py:4180} INFO - Setting next_dagrun for tutorial_taskflow_api to None, run_after=None
[2025-03-09T16:02:41.945+0000] {processor.py:208} INFO - Processing /home/airflow/.local/lib/python3.12/site-packages/airflow/example_dags/tutorial_taskflow_api.py took 0.046 seconds
[2025-03-09T16:03:12.412+0000] {processor.py:186} INFO - Started process (PID=11106) to work on /home/airflow/.local/lib/python3.12/site-packages/airflow/example_dags/tutorial_taskflow_api.py
[2025-03-09T16:03:12.413+0000] {processor.py:914} INFO - Processing file /home/airflow/.local/lib/python3.12/site-packages/airflow/example_dags/tutorial_taskflow_api.py for tasks to queue
[2025-03-09T16:03:12.415+0000] {logging_mixin.py:190} INFO - [2025-03-09T16:03:12.414+0000] {dagbag.py:588} INFO - Filling up the DagBag from /home/airflow/.local/lib/python3.12/site-packages/airflow/example_dags/tutorial_taskflow_api.py
[2025-03-09T16:03:12.420+0000] {processor.py:925} INFO - DAG(s) 'tutorial_taskflow_api' retrieved from /home/airflow/.local/lib/python3.12/site-packages/airflow/example_dags/tutorial_taskflow_api.py
[2025-03-09T16:03:12.435+0000] {logging_mixin.py:190} INFO - [2025-03-09T16:03:12.435+0000] {dag.py:3239} INFO - Sync 1 DAGs
[2025-03-09T16:03:12.445+0000] {logging_mixin.py:190} INFO - [2025-03-09T16:03:12.444+0000] {dag.py:4180} INFO - Setting next_dagrun for tutorial_taskflow_api to None, run_after=None
[2025-03-09T16:03:12.456+0000] {processor.py:208} INFO - Processing /home/airflow/.local/lib/python3.12/site-packages/airflow/example_dags/tutorial_taskflow_api.py took 0.048 seconds
[2025-03-09T16:03:43.368+0000] {processor.py:186} INFO - Started process (PID=11432) to work on /home/airflow/.local/lib/python3.12/site-packages/airflow/example_dags/tutorial_taskflow_api.py
[2025-03-09T16:03:43.369+0000] {processor.py:914} INFO - Processing file /home/airflow/.local/lib/python3.12/site-packages/airflow/example_dags/tutorial_taskflow_api.py for tasks to queue
[2025-03-09T16:03:43.371+0000] {logging_mixin.py:190} INFO - [2025-03-09T16:03:43.371+0000] {dagbag.py:588} INFO - Filling up the DagBag from /home/airflow/.local/lib/python3.12/site-packages/airflow/example_dags/tutorial_taskflow_api.py
[2025-03-09T16:03:43.377+0000] {processor.py:925} INFO - DAG(s) 'tutorial_taskflow_api' retrieved from /home/airflow/.local/lib/python3.12/site-packages/airflow/example_dags/tutorial_taskflow_api.py
[2025-03-09T16:03:43.391+0000] {logging_mixin.py:190} INFO - [2025-03-09T16:03:43.391+0000] {dag.py:3239} INFO - Sync 1 DAGs
[2025-03-09T16:03:43.402+0000] {logging_mixin.py:190} INFO - [2025-03-09T16:03:43.402+0000] {dag.py:4180} INFO - Setting next_dagrun for tutorial_taskflow_api to None, run_after=None
[2025-03-09T16:03:43.415+0000] {processor.py:208} INFO - Processing /home/airflow/.local/lib/python3.12/site-packages/airflow/example_dags/tutorial_taskflow_api.py took 0.051 seconds
[2025-03-09T16:04:14.058+0000] {processor.py:186} INFO - Started process (PID=11758) to work on /home/airflow/.local/lib/python3.12/site-packages/airflow/example_dags/tutorial_taskflow_api.py
[2025-03-09T16:04:14.059+0000] {processor.py:914} INFO - Processing file /home/airflow/.local/lib/python3.12/site-packages/airflow/example_dags/tutorial_taskflow_api.py for tasks to queue
[2025-03-09T16:04:14.061+0000] {logging_mixin.py:190} INFO - [2025-03-09T16:04:14.061+0000] {dagbag.py:588} INFO - Filling up the DagBag from /home/airflow/.local/lib/python3.12/site-packages/airflow/example_dags/tutorial_taskflow_api.py
[2025-03-09T16:04:14.066+0000] {processor.py:925} INFO - DAG(s) 'tutorial_taskflow_api' retrieved from /home/airflow/.local/lib/python3.12/site-packages/airflow/example_dags/tutorial_taskflow_api.py
[2025-03-09T16:04:14.081+0000] {logging_mixin.py:190} INFO - [2025-03-09T16:04:14.080+0000] {dag.py:3239} INFO - Sync 1 DAGs
[2025-03-09T16:04:14.090+0000] {logging_mixin.py:190} INFO - [2025-03-09T16:04:14.090+0000] {dag.py:4180} INFO - Setting next_dagrun for tutorial_taskflow_api to None, run_after=None
[2025-03-09T16:04:14.102+0000] {processor.py:208} INFO - Processing /home/airflow/.local/lib/python3.12/site-packages/airflow/example_dags/tutorial_taskflow_api.py took 0.051 seconds
[2025-03-09T16:04:44.945+0000] {processor.py:186} INFO - Started process (PID=12084) to work on /home/airflow/.local/lib/python3.12/site-packages/airflow/example_dags/tutorial_taskflow_api.py
[2025-03-09T16:04:44.946+0000] {processor.py:914} INFO - Processing file /home/airflow/.local/lib/python3.12/site-packages/airflow/example_dags/tutorial_taskflow_api.py for tasks to queue
[2025-03-09T16:04:44.947+0000] {logging_mixin.py:190} INFO - [2025-03-09T16:04:44.947+0000] {dagbag.py:588} INFO - Filling up the DagBag from /home/airflow/.local/lib/python3.12/site-packages/airflow/example_dags/tutorial_taskflow_api.py
[2025-03-09T16:04:44.952+0000] {processor.py:925} INFO - DAG(s) 'tutorial_taskflow_api' retrieved from /home/airflow/.local/lib/python3.12/site-packages/airflow/example_dags/tutorial_taskflow_api.py
[2025-03-09T16:04:44.969+0000] {logging_mixin.py:190} INFO - [2025-03-09T16:04:44.969+0000] {dag.py:3239} INFO - Sync 1 DAGs
[2025-03-09T16:04:44.980+0000] {logging_mixin.py:190} INFO - [2025-03-09T16:04:44.980+0000] {dag.py:4180} INFO - Setting next_dagrun for tutorial_taskflow_api to None, run_after=None
[2025-03-09T16:04:44.997+0000] {processor.py:208} INFO - Processing /home/airflow/.local/lib/python3.12/site-packages/airflow/example_dags/tutorial_taskflow_api.py took 0.058 seconds
[2025-03-09T16:05:15.944+0000] {processor.py:186} INFO - Started process (PID=12410) to work on /home/airflow/.local/lib/python3.12/site-packages/airflow/example_dags/tutorial_taskflow_api.py
[2025-03-09T16:05:15.944+0000] {processor.py:914} INFO - Processing file /home/airflow/.local/lib/python3.12/site-packages/airflow/example_dags/tutorial_taskflow_api.py for tasks to queue
[2025-03-09T16:05:15.946+0000] {logging_mixin.py:190} INFO - [2025-03-09T16:05:15.946+0000] {dagbag.py:588} INFO - Filling up the DagBag from /home/airflow/.local/lib/python3.12/site-packages/airflow/example_dags/tutorial_taskflow_api.py
[2025-03-09T16:05:15.951+0000] {processor.py:925} INFO - DAG(s) 'tutorial_taskflow_api' retrieved from /home/airflow/.local/lib/python3.12/site-packages/airflow/example_dags/tutorial_taskflow_api.py
[2025-03-09T16:05:15.963+0000] {logging_mixin.py:190} INFO - [2025-03-09T16:05:15.963+0000] {dag.py:3239} INFO - Sync 1 DAGs
[2025-03-09T16:05:15.973+0000] {logging_mixin.py:190} INFO - [2025-03-09T16:05:15.972+0000] {dag.py:4180} INFO - Setting next_dagrun for tutorial_taskflow_api to None, run_after=None
[2025-03-09T16:05:15.988+0000] {processor.py:208} INFO - Processing /home/airflow/.local/lib/python3.12/site-packages/airflow/example_dags/tutorial_taskflow_api.py took 0.048 seconds
[2025-03-09T16:05:46.653+0000] {processor.py:186} INFO - Started process (PID=12736) to work on /home/airflow/.local/lib/python3.12/site-packages/airflow/example_dags/tutorial_taskflow_api.py
[2025-03-09T16:05:46.653+0000] {processor.py:914} INFO - Processing file /home/airflow/.local/lib/python3.12/site-packages/airflow/example_dags/tutorial_taskflow_api.py for tasks to queue
[2025-03-09T16:05:46.655+0000] {logging_mixin.py:190} INFO - [2025-03-09T16:05:46.655+0000] {dagbag.py:588} INFO - Filling up the DagBag from /home/airflow/.local/lib/python3.12/site-packages/airflow/example_dags/tutorial_taskflow_api.py
[2025-03-09T16:05:46.660+0000] {processor.py:925} INFO - DAG(s) 'tutorial_taskflow_api' retrieved from /home/airflow/.local/lib/python3.12/site-packages/airflow/example_dags/tutorial_taskflow_api.py
[2025-03-09T16:05:46.673+0000] {logging_mixin.py:190} INFO - [2025-03-09T16:05:46.673+0000] {dag.py:3239} INFO - Sync 1 DAGs
[2025-03-09T16:05:46.681+0000] {logging_mixin.py:190} INFO - [2025-03-09T16:05:46.681+0000] {dag.py:4180} INFO - Setting next_dagrun for tutorial_taskflow_api to None, run_after=None
[2025-03-09T16:05:46.695+0000] {processor.py:208} INFO - Processing /home/airflow/.local/lib/python3.12/site-packages/airflow/example_dags/tutorial_taskflow_api.py took 0.048 seconds
[2025-03-09T16:06:17.211+0000] {processor.py:186} INFO - Started process (PID=13065) to work on /home/airflow/.local/lib/python3.12/site-packages/airflow/example_dags/tutorial_taskflow_api.py
[2025-03-09T16:06:17.212+0000] {processor.py:914} INFO - Processing file /home/airflow/.local/lib/python3.12/site-packages/airflow/example_dags/tutorial_taskflow_api.py for tasks to queue
[2025-03-09T16:06:17.214+0000] {logging_mixin.py:190} INFO - [2025-03-09T16:06:17.213+0000] {dagbag.py:588} INFO - Filling up the DagBag from /home/airflow/.local/lib/python3.12/site-packages/airflow/example_dags/tutorial_taskflow_api.py
[2025-03-09T16:06:17.221+0000] {processor.py:925} INFO - DAG(s) 'tutorial_taskflow_api' retrieved from /home/airflow/.local/lib/python3.12/site-packages/airflow/example_dags/tutorial_taskflow_api.py
[2025-03-09T16:06:17.235+0000] {logging_mixin.py:190} INFO - [2025-03-09T16:06:17.235+0000] {dag.py:3239} INFO - Sync 1 DAGs
[2025-03-09T16:06:17.243+0000] {logging_mixin.py:190} INFO - [2025-03-09T16:06:17.243+0000] {dag.py:4180} INFO - Setting next_dagrun for tutorial_taskflow_api to None, run_after=None
[2025-03-09T16:06:17.255+0000] {processor.py:208} INFO - Processing /home/airflow/.local/lib/python3.12/site-packages/airflow/example_dags/tutorial_taskflow_api.py took 0.049 seconds
[2025-03-09T16:06:47.703+0000] {processor.py:186} INFO - Started process (PID=13388) to work on /home/airflow/.local/lib/python3.12/site-packages/airflow/example_dags/tutorial_taskflow_api.py
[2025-03-09T16:06:47.704+0000] {processor.py:914} INFO - Processing file /home/airflow/.local/lib/python3.12/site-packages/airflow/example_dags/tutorial_taskflow_api.py for tasks to queue
[2025-03-09T16:06:47.706+0000] {logging_mixin.py:190} INFO - [2025-03-09T16:06:47.705+0000] {dagbag.py:588} INFO - Filling up the DagBag from /home/airflow/.local/lib/python3.12/site-packages/airflow/example_dags/tutorial_taskflow_api.py
[2025-03-09T16:06:47.711+0000] {processor.py:925} INFO - DAG(s) 'tutorial_taskflow_api' retrieved from /home/airflow/.local/lib/python3.12/site-packages/airflow/example_dags/tutorial_taskflow_api.py
[2025-03-09T16:06:47.724+0000] {logging_mixin.py:190} INFO - [2025-03-09T16:06:47.723+0000] {dag.py:3239} INFO - Sync 1 DAGs
[2025-03-09T16:06:47.732+0000] {logging_mixin.py:190} INFO - [2025-03-09T16:06:47.732+0000] {dag.py:4180} INFO - Setting next_dagrun for tutorial_taskflow_api to None, run_after=None
[2025-03-09T16:06:47.748+0000] {processor.py:208} INFO - Processing /home/airflow/.local/lib/python3.12/site-packages/airflow/example_dags/tutorial_taskflow_api.py took 0.049 seconds
[2025-03-09T16:07:18.377+0000] {processor.py:186} INFO - Started process (PID=13720) to work on /home/airflow/.local/lib/python3.12/site-packages/airflow/example_dags/tutorial_taskflow_api.py
[2025-03-09T16:07:18.378+0000] {processor.py:914} INFO - Processing file /home/airflow/.local/lib/python3.12/site-packages/airflow/example_dags/tutorial_taskflow_api.py for tasks to queue
[2025-03-09T16:07:18.379+0000] {logging_mixin.py:190} INFO - [2025-03-09T16:07:18.379+0000] {dagbag.py:588} INFO - Filling up the DagBag from /home/airflow/.local/lib/python3.12/site-packages/airflow/example_dags/tutorial_taskflow_api.py
[2025-03-09T16:07:18.384+0000] {processor.py:925} INFO - DAG(s) 'tutorial_taskflow_api' retrieved from /home/airflow/.local/lib/python3.12/site-packages/airflow/example_dags/tutorial_taskflow_api.py
[2025-03-09T16:07:18.398+0000] {logging_mixin.py:190} INFO - [2025-03-09T16:07:18.398+0000] {dag.py:3239} INFO - Sync 1 DAGs
[2025-03-09T16:07:18.406+0000] {logging_mixin.py:190} INFO - [2025-03-09T16:07:18.406+0000] {dag.py:4180} INFO - Setting next_dagrun for tutorial_taskflow_api to None, run_after=None
[2025-03-09T16:07:18.419+0000] {processor.py:208} INFO - Processing /home/airflow/.local/lib/python3.12/site-packages/airflow/example_dags/tutorial_taskflow_api.py took 0.046 seconds
[2025-03-09T16:07:48.971+0000] {processor.py:186} INFO - Started process (PID=14047) to work on /home/airflow/.local/lib/python3.12/site-packages/airflow/example_dags/tutorial_taskflow_api.py
[2025-03-09T16:07:48.971+0000] {processor.py:914} INFO - Processing file /home/airflow/.local/lib/python3.12/site-packages/airflow/example_dags/tutorial_taskflow_api.py for tasks to queue
[2025-03-09T16:07:48.973+0000] {logging_mixin.py:190} INFO - [2025-03-09T16:07:48.973+0000] {dagbag.py:588} INFO - Filling up the DagBag from /home/airflow/.local/lib/python3.12/site-packages/airflow/example_dags/tutorial_taskflow_api.py
[2025-03-09T16:07:48.978+0000] {processor.py:925} INFO - DAG(s) 'tutorial_taskflow_api' retrieved from /home/airflow/.local/lib/python3.12/site-packages/airflow/example_dags/tutorial_taskflow_api.py
[2025-03-09T16:07:48.990+0000] {logging_mixin.py:190} INFO - [2025-03-09T16:07:48.989+0000] {dag.py:3239} INFO - Sync 1 DAGs
[2025-03-09T16:07:48.998+0000] {logging_mixin.py:190} INFO - [2025-03-09T16:07:48.997+0000] {dag.py:4180} INFO - Setting next_dagrun for tutorial_taskflow_api to None, run_after=None
[2025-03-09T16:07:49.009+0000] {processor.py:208} INFO - Processing /home/airflow/.local/lib/python3.12/site-packages/airflow/example_dags/tutorial_taskflow_api.py took 0.046 seconds
[2025-03-09T16:08:19.817+0000] {processor.py:186} INFO - Started process (PID=14373) to work on /home/airflow/.local/lib/python3.12/site-packages/airflow/example_dags/tutorial_taskflow_api.py
[2025-03-09T16:08:19.818+0000] {processor.py:914} INFO - Processing file /home/airflow/.local/lib/python3.12/site-packages/airflow/example_dags/tutorial_taskflow_api.py for tasks to queue
[2025-03-09T16:08:19.821+0000] {logging_mixin.py:190} INFO - [2025-03-09T16:08:19.821+0000] {dagbag.py:588} INFO - Filling up the DagBag from /home/airflow/.local/lib/python3.12/site-packages/airflow/example_dags/tutorial_taskflow_api.py
[2025-03-09T16:08:19.827+0000] {processor.py:925} INFO - DAG(s) 'tutorial_taskflow_api' retrieved from /home/airflow/.local/lib/python3.12/site-packages/airflow/example_dags/tutorial_taskflow_api.py
[2025-03-09T16:08:19.846+0000] {logging_mixin.py:190} INFO - [2025-03-09T16:08:19.846+0000] {dag.py:3239} INFO - Sync 1 DAGs
[2025-03-09T16:08:19.857+0000] {logging_mixin.py:190} INFO - [2025-03-09T16:08:19.856+0000] {dag.py:4180} INFO - Setting next_dagrun for tutorial_taskflow_api to None, run_after=None
[2025-03-09T16:08:19.871+0000] {processor.py:208} INFO - Processing /home/airflow/.local/lib/python3.12/site-packages/airflow/example_dags/tutorial_taskflow_api.py took 0.061 seconds
[2025-03-09T16:08:50.486+0000] {processor.py:186} INFO - Started process (PID=14697) to work on /home/airflow/.local/lib/python3.12/site-packages/airflow/example_dags/tutorial_taskflow_api.py
[2025-03-09T16:08:50.486+0000] {processor.py:914} INFO - Processing file /home/airflow/.local/lib/python3.12/site-packages/airflow/example_dags/tutorial_taskflow_api.py for tasks to queue
[2025-03-09T16:08:50.488+0000] {logging_mixin.py:190} INFO - [2025-03-09T16:08:50.488+0000] {dagbag.py:588} INFO - Filling up the DagBag from /home/airflow/.local/lib/python3.12/site-packages/airflow/example_dags/tutorial_taskflow_api.py
[2025-03-09T16:08:50.495+0000] {processor.py:925} INFO - DAG(s) 'tutorial_taskflow_api' retrieved from /home/airflow/.local/lib/python3.12/site-packages/airflow/example_dags/tutorial_taskflow_api.py
[2025-03-09T16:08:50.512+0000] {logging_mixin.py:190} INFO - [2025-03-09T16:08:50.512+0000] {dag.py:3239} INFO - Sync 1 DAGs
[2025-03-09T16:08:50.527+0000] {logging_mixin.py:190} INFO - [2025-03-09T16:08:50.526+0000] {dag.py:4180} INFO - Setting next_dagrun for tutorial_taskflow_api to None, run_after=None
[2025-03-09T16:08:50.540+0000] {processor.py:208} INFO - Processing /home/airflow/.local/lib/python3.12/site-packages/airflow/example_dags/tutorial_taskflow_api.py took 0.064 seconds
[2025-03-09T16:09:21.083+0000] {processor.py:186} INFO - Started process (PID=15025) to work on /home/airflow/.local/lib/python3.12/site-packages/airflow/example_dags/tutorial_taskflow_api.py
[2025-03-09T16:09:21.084+0000] {processor.py:914} INFO - Processing file /home/airflow/.local/lib/python3.12/site-packages/airflow/example_dags/tutorial_taskflow_api.py for tasks to queue
[2025-03-09T16:09:21.086+0000] {logging_mixin.py:190} INFO - [2025-03-09T16:09:21.086+0000] {dagbag.py:588} INFO - Filling up the DagBag from /home/airflow/.local/lib/python3.12/site-packages/airflow/example_dags/tutorial_taskflow_api.py
[2025-03-09T16:09:21.092+0000] {processor.py:925} INFO - DAG(s) 'tutorial_taskflow_api' retrieved from /home/airflow/.local/lib/python3.12/site-packages/airflow/example_dags/tutorial_taskflow_api.py
[2025-03-09T16:09:21.104+0000] {logging_mixin.py:190} INFO - [2025-03-09T16:09:21.104+0000] {dag.py:3239} INFO - Sync 1 DAGs
[2025-03-09T16:09:21.112+0000] {logging_mixin.py:190} INFO - [2025-03-09T16:09:21.112+0000] {dag.py:4180} INFO - Setting next_dagrun for tutorial_taskflow_api to None, run_after=None
[2025-03-09T16:09:21.124+0000] {processor.py:208} INFO - Processing /home/airflow/.local/lib/python3.12/site-packages/airflow/example_dags/tutorial_taskflow_api.py took 0.048 seconds
[2025-03-09T16:09:51.836+0000] {processor.py:186} INFO - Started process (PID=15351) to work on /home/airflow/.local/lib/python3.12/site-packages/airflow/example_dags/tutorial_taskflow_api.py
[2025-03-09T16:09:51.836+0000] {processor.py:914} INFO - Processing file /home/airflow/.local/lib/python3.12/site-packages/airflow/example_dags/tutorial_taskflow_api.py for tasks to queue
[2025-03-09T16:09:51.838+0000] {logging_mixin.py:190} INFO - [2025-03-09T16:09:51.838+0000] {dagbag.py:588} INFO - Filling up the DagBag from /home/airflow/.local/lib/python3.12/site-packages/airflow/example_dags/tutorial_taskflow_api.py
[2025-03-09T16:09:51.842+0000] {processor.py:925} INFO - DAG(s) 'tutorial_taskflow_api' retrieved from /home/airflow/.local/lib/python3.12/site-packages/airflow/example_dags/tutorial_taskflow_api.py
[2025-03-09T16:09:51.858+0000] {logging_mixin.py:190} INFO - [2025-03-09T16:09:51.858+0000] {dag.py:3239} INFO - Sync 1 DAGs
[2025-03-09T16:09:51.868+0000] {logging_mixin.py:190} INFO - [2025-03-09T16:09:51.868+0000] {dag.py:4180} INFO - Setting next_dagrun for tutorial_taskflow_api to None, run_after=None
[2025-03-09T16:09:51.880+0000] {processor.py:208} INFO - Processing /home/airflow/.local/lib/python3.12/site-packages/airflow/example_dags/tutorial_taskflow_api.py took 0.047 seconds
[2025-03-09T16:10:22.426+0000] {processor.py:186} INFO - Started process (PID=15677) to work on /home/airflow/.local/lib/python3.12/site-packages/airflow/example_dags/tutorial_taskflow_api.py
[2025-03-09T16:10:22.427+0000] {processor.py:914} INFO - Processing file /home/airflow/.local/lib/python3.12/site-packages/airflow/example_dags/tutorial_taskflow_api.py for tasks to queue
[2025-03-09T16:10:22.430+0000] {logging_mixin.py:190} INFO - [2025-03-09T16:10:22.429+0000] {dagbag.py:588} INFO - Filling up the DagBag from /home/airflow/.local/lib/python3.12/site-packages/airflow/example_dags/tutorial_taskflow_api.py
[2025-03-09T16:10:22.437+0000] {processor.py:925} INFO - DAG(s) 'tutorial_taskflow_api' retrieved from /home/airflow/.local/lib/python3.12/site-packages/airflow/example_dags/tutorial_taskflow_api.py
[2025-03-09T16:10:22.456+0000] {logging_mixin.py:190} INFO - [2025-03-09T16:10:22.456+0000] {dag.py:3239} INFO - Sync 1 DAGs
[2025-03-09T16:10:22.465+0000] {logging_mixin.py:190} INFO - [2025-03-09T16:10:22.464+0000] {dag.py:4180} INFO - Setting next_dagrun for tutorial_taskflow_api to None, run_after=None
[2025-03-09T16:10:22.479+0000] {processor.py:208} INFO - Processing /home/airflow/.local/lib/python3.12/site-packages/airflow/example_dags/tutorial_taskflow_api.py took 0.059 seconds
[2025-03-09T16:10:52.961+0000] {processor.py:186} INFO - Started process (PID=16003) to work on /home/airflow/.local/lib/python3.12/site-packages/airflow/example_dags/tutorial_taskflow_api.py
[2025-03-09T16:10:52.961+0000] {processor.py:914} INFO - Processing file /home/airflow/.local/lib/python3.12/site-packages/airflow/example_dags/tutorial_taskflow_api.py for tasks to queue
[2025-03-09T16:10:52.963+0000] {logging_mixin.py:190} INFO - [2025-03-09T16:10:52.963+0000] {dagbag.py:588} INFO - Filling up the DagBag from /home/airflow/.local/lib/python3.12/site-packages/airflow/example_dags/tutorial_taskflow_api.py
[2025-03-09T16:10:52.968+0000] {processor.py:925} INFO - DAG(s) 'tutorial_taskflow_api' retrieved from /home/airflow/.local/lib/python3.12/site-packages/airflow/example_dags/tutorial_taskflow_api.py
[2025-03-09T16:10:52.980+0000] {logging_mixin.py:190} INFO - [2025-03-09T16:10:52.980+0000] {dag.py:3239} INFO - Sync 1 DAGs
[2025-03-09T16:10:52.989+0000] {logging_mixin.py:190} INFO - [2025-03-09T16:10:52.989+0000] {dag.py:4180} INFO - Setting next_dagrun for tutorial_taskflow_api to None, run_after=None
[2025-03-09T16:10:53.000+0000] {processor.py:208} INFO - Processing /home/airflow/.local/lib/python3.12/site-packages/airflow/example_dags/tutorial_taskflow_api.py took 0.043 seconds
[2025-03-09T16:11:23.623+0000] {processor.py:186} INFO - Started process (PID=16329) to work on /home/airflow/.local/lib/python3.12/site-packages/airflow/example_dags/tutorial_taskflow_api.py
[2025-03-09T16:11:23.623+0000] {processor.py:914} INFO - Processing file /home/airflow/.local/lib/python3.12/site-packages/airflow/example_dags/tutorial_taskflow_api.py for tasks to queue
[2025-03-09T16:11:23.625+0000] {logging_mixin.py:190} INFO - [2025-03-09T16:11:23.624+0000] {dagbag.py:588} INFO - Filling up the DagBag from /home/airflow/.local/lib/python3.12/site-packages/airflow/example_dags/tutorial_taskflow_api.py
[2025-03-09T16:11:23.630+0000] {processor.py:925} INFO - DAG(s) 'tutorial_taskflow_api' retrieved from /home/airflow/.local/lib/python3.12/site-packages/airflow/example_dags/tutorial_taskflow_api.py
[2025-03-09T16:11:23.642+0000] {logging_mixin.py:190} INFO - [2025-03-09T16:11:23.642+0000] {dag.py:3239} INFO - Sync 1 DAGs
[2025-03-09T16:11:23.651+0000] {logging_mixin.py:190} INFO - [2025-03-09T16:11:23.651+0000] {dag.py:4180} INFO - Setting next_dagrun for tutorial_taskflow_api to None, run_after=None
[2025-03-09T16:11:23.665+0000] {processor.py:208} INFO - Processing /home/airflow/.local/lib/python3.12/site-packages/airflow/example_dags/tutorial_taskflow_api.py took 0.046 seconds
[2025-03-09T16:11:54.132+0000] {processor.py:186} INFO - Started process (PID=16655) to work on /home/airflow/.local/lib/python3.12/site-packages/airflow/example_dags/tutorial_taskflow_api.py
[2025-03-09T16:11:54.133+0000] {processor.py:914} INFO - Processing file /home/airflow/.local/lib/python3.12/site-packages/airflow/example_dags/tutorial_taskflow_api.py for tasks to queue
[2025-03-09T16:11:54.134+0000] {logging_mixin.py:190} INFO - [2025-03-09T16:11:54.134+0000] {dagbag.py:588} INFO - Filling up the DagBag from /home/airflow/.local/lib/python3.12/site-packages/airflow/example_dags/tutorial_taskflow_api.py
[2025-03-09T16:11:54.140+0000] {processor.py:925} INFO - DAG(s) 'tutorial_taskflow_api' retrieved from /home/airflow/.local/lib/python3.12/site-packages/airflow/example_dags/tutorial_taskflow_api.py
[2025-03-09T16:11:54.155+0000] {logging_mixin.py:190} INFO - [2025-03-09T16:11:54.155+0000] {dag.py:3239} INFO - Sync 1 DAGs
[2025-03-09T16:11:54.163+0000] {logging_mixin.py:190} INFO - [2025-03-09T16:11:54.163+0000] {dag.py:4180} INFO - Setting next_dagrun for tutorial_taskflow_api to None, run_after=None
[2025-03-09T16:11:54.181+0000] {processor.py:208} INFO - Processing /home/airflow/.local/lib/python3.12/site-packages/airflow/example_dags/tutorial_taskflow_api.py took 0.056 seconds
[2025-03-09T16:12:25.082+0000] {processor.py:186} INFO - Started process (PID=16981) to work on /home/airflow/.local/lib/python3.12/site-packages/airflow/example_dags/tutorial_taskflow_api.py
[2025-03-09T16:12:25.083+0000] {processor.py:914} INFO - Processing file /home/airflow/.local/lib/python3.12/site-packages/airflow/example_dags/tutorial_taskflow_api.py for tasks to queue
[2025-03-09T16:12:25.085+0000] {logging_mixin.py:190} INFO - [2025-03-09T16:12:25.085+0000] {dagbag.py:588} INFO - Filling up the DagBag from /home/airflow/.local/lib/python3.12/site-packages/airflow/example_dags/tutorial_taskflow_api.py
[2025-03-09T16:12:25.091+0000] {processor.py:925} INFO - DAG(s) 'tutorial_taskflow_api' retrieved from /home/airflow/.local/lib/python3.12/site-packages/airflow/example_dags/tutorial_taskflow_api.py
[2025-03-09T16:12:25.109+0000] {logging_mixin.py:190} INFO - [2025-03-09T16:12:25.109+0000] {dag.py:3239} INFO - Sync 1 DAGs
[2025-03-09T16:12:25.120+0000] {logging_mixin.py:190} INFO - [2025-03-09T16:12:25.120+0000] {dag.py:4180} INFO - Setting next_dagrun for tutorial_taskflow_api to None, run_after=None
[2025-03-09T16:12:25.136+0000] {processor.py:208} INFO - Processing /home/airflow/.local/lib/python3.12/site-packages/airflow/example_dags/tutorial_taskflow_api.py took 0.060 seconds
[2025-03-09T16:12:55.474+0000] {processor.py:186} INFO - Started process (PID=17305) to work on /home/airflow/.local/lib/python3.12/site-packages/airflow/example_dags/tutorial_taskflow_api.py
[2025-03-09T16:12:55.475+0000] {processor.py:914} INFO - Processing file /home/airflow/.local/lib/python3.12/site-packages/airflow/example_dags/tutorial_taskflow_api.py for tasks to queue
[2025-03-09T16:12:55.476+0000] {logging_mixin.py:190} INFO - [2025-03-09T16:12:55.475+0000] {dagbag.py:588} INFO - Filling up the DagBag from /home/airflow/.local/lib/python3.12/site-packages/airflow/example_dags/tutorial_taskflow_api.py
[2025-03-09T16:12:55.481+0000] {processor.py:925} INFO - DAG(s) 'tutorial_taskflow_api' retrieved from /home/airflow/.local/lib/python3.12/site-packages/airflow/example_dags/tutorial_taskflow_api.py
[2025-03-09T16:12:55.494+0000] {logging_mixin.py:190} INFO - [2025-03-09T16:12:55.494+0000] {dag.py:3239} INFO - Sync 1 DAGs
[2025-03-09T16:12:55.504+0000] {logging_mixin.py:190} INFO - [2025-03-09T16:12:55.504+0000] {dag.py:4180} INFO - Setting next_dagrun for tutorial_taskflow_api to None, run_after=None
[2025-03-09T16:12:55.518+0000] {processor.py:208} INFO - Processing /home/airflow/.local/lib/python3.12/site-packages/airflow/example_dags/tutorial_taskflow_api.py took 0.048 seconds
[2025-03-09T16:13:26.309+0000] {processor.py:186} INFO - Started process (PID=17628) to work on /home/airflow/.local/lib/python3.12/site-packages/airflow/example_dags/tutorial_taskflow_api.py
[2025-03-09T16:13:26.310+0000] {processor.py:914} INFO - Processing file /home/airflow/.local/lib/python3.12/site-packages/airflow/example_dags/tutorial_taskflow_api.py for tasks to queue
[2025-03-09T16:13:26.312+0000] {logging_mixin.py:190} INFO - [2025-03-09T16:13:26.311+0000] {dagbag.py:588} INFO - Filling up the DagBag from /home/airflow/.local/lib/python3.12/site-packages/airflow/example_dags/tutorial_taskflow_api.py
[2025-03-09T16:13:26.317+0000] {processor.py:925} INFO - DAG(s) 'tutorial_taskflow_api' retrieved from /home/airflow/.local/lib/python3.12/site-packages/airflow/example_dags/tutorial_taskflow_api.py
[2025-03-09T16:13:26.332+0000] {logging_mixin.py:190} INFO - [2025-03-09T16:13:26.331+0000] {dag.py:3239} INFO - Sync 1 DAGs
[2025-03-09T16:13:26.342+0000] {logging_mixin.py:190} INFO - [2025-03-09T16:13:26.342+0000] {dag.py:4180} INFO - Setting next_dagrun for tutorial_taskflow_api to None, run_after=None
[2025-03-09T16:13:26.353+0000] {processor.py:208} INFO - Processing /home/airflow/.local/lib/python3.12/site-packages/airflow/example_dags/tutorial_taskflow_api.py took 0.048 seconds
[2025-03-09T16:13:57.263+0000] {processor.py:186} INFO - Started process (PID=17954) to work on /home/airflow/.local/lib/python3.12/site-packages/airflow/example_dags/tutorial_taskflow_api.py
[2025-03-09T16:13:57.263+0000] {processor.py:914} INFO - Processing file /home/airflow/.local/lib/python3.12/site-packages/airflow/example_dags/tutorial_taskflow_api.py for tasks to queue
[2025-03-09T16:13:57.265+0000] {logging_mixin.py:190} INFO - [2025-03-09T16:13:57.264+0000] {dagbag.py:588} INFO - Filling up the DagBag from /home/airflow/.local/lib/python3.12/site-packages/airflow/example_dags/tutorial_taskflow_api.py
[2025-03-09T16:13:57.272+0000] {processor.py:925} INFO - DAG(s) 'tutorial_taskflow_api' retrieved from /home/airflow/.local/lib/python3.12/site-packages/airflow/example_dags/tutorial_taskflow_api.py
[2025-03-09T16:13:57.287+0000] {logging_mixin.py:190} INFO - [2025-03-09T16:13:57.287+0000] {dag.py:3239} INFO - Sync 1 DAGs
[2025-03-09T16:13:57.296+0000] {logging_mixin.py:190} INFO - [2025-03-09T16:13:57.296+0000] {dag.py:4180} INFO - Setting next_dagrun for tutorial_taskflow_api to None, run_after=None
[2025-03-09T16:13:57.307+0000] {processor.py:208} INFO - Processing /home/airflow/.local/lib/python3.12/site-packages/airflow/example_dags/tutorial_taskflow_api.py took 0.048 seconds
[2025-03-09T16:14:28.033+0000] {processor.py:186} INFO - Started process (PID=18278) to work on /home/airflow/.local/lib/python3.12/site-packages/airflow/example_dags/tutorial_taskflow_api.py
[2025-03-09T16:14:28.034+0000] {processor.py:914} INFO - Processing file /home/airflow/.local/lib/python3.12/site-packages/airflow/example_dags/tutorial_taskflow_api.py for tasks to queue
[2025-03-09T16:14:28.035+0000] {logging_mixin.py:190} INFO - [2025-03-09T16:14:28.035+0000] {dagbag.py:588} INFO - Filling up the DagBag from /home/airflow/.local/lib/python3.12/site-packages/airflow/example_dags/tutorial_taskflow_api.py
[2025-03-09T16:14:28.040+0000] {processor.py:925} INFO - DAG(s) 'tutorial_taskflow_api' retrieved from /home/airflow/.local/lib/python3.12/site-packages/airflow/example_dags/tutorial_taskflow_api.py
[2025-03-09T16:14:28.054+0000] {logging_mixin.py:190} INFO - [2025-03-09T16:14:28.054+0000] {dag.py:3239} INFO - Sync 1 DAGs
[2025-03-09T16:14:28.064+0000] {logging_mixin.py:190} INFO - [2025-03-09T16:14:28.064+0000] {dag.py:4180} INFO - Setting next_dagrun for tutorial_taskflow_api to None, run_after=None
[2025-03-09T16:14:28.077+0000] {processor.py:208} INFO - Processing /home/airflow/.local/lib/python3.12/site-packages/airflow/example_dags/tutorial_taskflow_api.py took 0.048 seconds
[2025-03-09T16:14:58.733+0000] {processor.py:186} INFO - Started process (PID=18606) to work on /home/airflow/.local/lib/python3.12/site-packages/airflow/example_dags/tutorial_taskflow_api.py
[2025-03-09T16:14:58.734+0000] {processor.py:914} INFO - Processing file /home/airflow/.local/lib/python3.12/site-packages/airflow/example_dags/tutorial_taskflow_api.py for tasks to queue
[2025-03-09T16:14:58.736+0000] {logging_mixin.py:190} INFO - [2025-03-09T16:14:58.736+0000] {dagbag.py:588} INFO - Filling up the DagBag from /home/airflow/.local/lib/python3.12/site-packages/airflow/example_dags/tutorial_taskflow_api.py
[2025-03-09T16:14:58.745+0000] {processor.py:925} INFO - DAG(s) 'tutorial_taskflow_api' retrieved from /home/airflow/.local/lib/python3.12/site-packages/airflow/example_dags/tutorial_taskflow_api.py
[2025-03-09T16:14:58.760+0000] {logging_mixin.py:190} INFO - [2025-03-09T16:14:58.760+0000] {dag.py:3239} INFO - Sync 1 DAGs
[2025-03-09T16:14:58.768+0000] {logging_mixin.py:190} INFO - [2025-03-09T16:14:58.768+0000] {dag.py:4180} INFO - Setting next_dagrun for tutorial_taskflow_api to None, run_after=None
[2025-03-09T16:14:58.782+0000] {processor.py:208} INFO - Processing /home/airflow/.local/lib/python3.12/site-packages/airflow/example_dags/tutorial_taskflow_api.py took 0.053 seconds
[2025-03-09T16:15:29.706+0000] {processor.py:186} INFO - Started process (PID=18930) to work on /home/airflow/.local/lib/python3.12/site-packages/airflow/example_dags/tutorial_taskflow_api.py
[2025-03-09T16:15:29.706+0000] {processor.py:914} INFO - Processing file /home/airflow/.local/lib/python3.12/site-packages/airflow/example_dags/tutorial_taskflow_api.py for tasks to queue
[2025-03-09T16:15:29.708+0000] {logging_mixin.py:190} INFO - [2025-03-09T16:15:29.708+0000] {dagbag.py:588} INFO - Filling up the DagBag from /home/airflow/.local/lib/python3.12/site-packages/airflow/example_dags/tutorial_taskflow_api.py
[2025-03-09T16:15:29.714+0000] {processor.py:925} INFO - DAG(s) 'tutorial_taskflow_api' retrieved from /home/airflow/.local/lib/python3.12/site-packages/airflow/example_dags/tutorial_taskflow_api.py
[2025-03-09T16:15:29.729+0000] {logging_mixin.py:190} INFO - [2025-03-09T16:15:29.728+0000] {dag.py:3239} INFO - Sync 1 DAGs
[2025-03-09T16:15:29.737+0000] {logging_mixin.py:190} INFO - [2025-03-09T16:15:29.737+0000] {dag.py:4180} INFO - Setting next_dagrun for tutorial_taskflow_api to None, run_after=None
[2025-03-09T16:15:29.752+0000] {processor.py:208} INFO - Processing /home/airflow/.local/lib/python3.12/site-packages/airflow/example_dags/tutorial_taskflow_api.py took 0.050 seconds
[2025-03-09T16:16:00.500+0000] {processor.py:186} INFO - Started process (PID=19258) to work on /home/airflow/.local/lib/python3.12/site-packages/airflow/example_dags/tutorial_taskflow_api.py
[2025-03-09T16:16:00.501+0000] {processor.py:914} INFO - Processing file /home/airflow/.local/lib/python3.12/site-packages/airflow/example_dags/tutorial_taskflow_api.py for tasks to queue
[2025-03-09T16:16:00.502+0000] {logging_mixin.py:190} INFO - [2025-03-09T16:16:00.502+0000] {dagbag.py:588} INFO - Filling up the DagBag from /home/airflow/.local/lib/python3.12/site-packages/airflow/example_dags/tutorial_taskflow_api.py
[2025-03-09T16:16:00.509+0000] {processor.py:925} INFO - DAG(s) 'tutorial_taskflow_api' retrieved from /home/airflow/.local/lib/python3.12/site-packages/airflow/example_dags/tutorial_taskflow_api.py
[2025-03-09T16:16:00.524+0000] {logging_mixin.py:190} INFO - [2025-03-09T16:16:00.524+0000] {dag.py:3239} INFO - Sync 1 DAGs
[2025-03-09T16:16:00.535+0000] {logging_mixin.py:190} INFO - [2025-03-09T16:16:00.535+0000] {dag.py:4180} INFO - Setting next_dagrun for tutorial_taskflow_api to None, run_after=None
[2025-03-09T16:16:00.553+0000] {processor.py:208} INFO - Processing /home/airflow/.local/lib/python3.12/site-packages/airflow/example_dags/tutorial_taskflow_api.py took 0.057 seconds
[2025-03-09T16:16:32.281+0000] {processor.py:186} INFO - Started process (PID=19587) to work on /home/airflow/.local/lib/python3.12/site-packages/airflow/example_dags/tutorial_taskflow_api.py
[2025-03-09T16:16:32.281+0000] {processor.py:914} INFO - Processing file /home/airflow/.local/lib/python3.12/site-packages/airflow/example_dags/tutorial_taskflow_api.py for tasks to queue
[2025-03-09T16:16:32.282+0000] {logging_mixin.py:190} INFO - [2025-03-09T16:16:32.282+0000] {dagbag.py:588} INFO - Filling up the DagBag from /home/airflow/.local/lib/python3.12/site-packages/airflow/example_dags/tutorial_taskflow_api.py
[2025-03-09T16:16:32.288+0000] {processor.py:925} INFO - DAG(s) 'tutorial_taskflow_api' retrieved from /home/airflow/.local/lib/python3.12/site-packages/airflow/example_dags/tutorial_taskflow_api.py
[2025-03-09T16:16:32.302+0000] {logging_mixin.py:190} INFO - [2025-03-09T16:16:32.302+0000] {dag.py:3239} INFO - Sync 1 DAGs
[2025-03-09T16:16:32.311+0000] {logging_mixin.py:190} INFO - [2025-03-09T16:16:32.311+0000] {dag.py:4180} INFO - Setting next_dagrun for tutorial_taskflow_api to None, run_after=None
[2025-03-09T16:16:32.325+0000] {processor.py:208} INFO - Processing /home/airflow/.local/lib/python3.12/site-packages/airflow/example_dags/tutorial_taskflow_api.py took 0.048 seconds
[2025-03-09T16:17:03.434+0000] {processor.py:186} INFO - Started process (PID=19913) to work on /home/airflow/.local/lib/python3.12/site-packages/airflow/example_dags/tutorial_taskflow_api.py
[2025-03-09T16:17:03.435+0000] {processor.py:914} INFO - Processing file /home/airflow/.local/lib/python3.12/site-packages/airflow/example_dags/tutorial_taskflow_api.py for tasks to queue
[2025-03-09T16:17:03.436+0000] {logging_mixin.py:190} INFO - [2025-03-09T16:17:03.436+0000] {dagbag.py:588} INFO - Filling up the DagBag from /home/airflow/.local/lib/python3.12/site-packages/airflow/example_dags/tutorial_taskflow_api.py
[2025-03-09T16:17:03.444+0000] {processor.py:925} INFO - DAG(s) 'tutorial_taskflow_api' retrieved from /home/airflow/.local/lib/python3.12/site-packages/airflow/example_dags/tutorial_taskflow_api.py
[2025-03-09T16:17:03.466+0000] {logging_mixin.py:190} INFO - [2025-03-09T16:17:03.466+0000] {dag.py:3239} INFO - Sync 1 DAGs
[2025-03-09T16:17:03.475+0000] {logging_mixin.py:190} INFO - [2025-03-09T16:17:03.474+0000] {dag.py:4180} INFO - Setting next_dagrun for tutorial_taskflow_api to None, run_after=None
[2025-03-09T16:17:03.487+0000] {processor.py:208} INFO - Processing /home/airflow/.local/lib/python3.12/site-packages/airflow/example_dags/tutorial_taskflow_api.py took 0.058 seconds
[2025-03-09T16:17:34.622+0000] {processor.py:186} INFO - Started process (PID=20239) to work on /home/airflow/.local/lib/python3.12/site-packages/airflow/example_dags/tutorial_taskflow_api.py
[2025-03-09T16:17:34.623+0000] {processor.py:914} INFO - Processing file /home/airflow/.local/lib/python3.12/site-packages/airflow/example_dags/tutorial_taskflow_api.py for tasks to queue
[2025-03-09T16:17:34.624+0000] {logging_mixin.py:190} INFO - [2025-03-09T16:17:34.624+0000] {dagbag.py:588} INFO - Filling up the DagBag from /home/airflow/.local/lib/python3.12/site-packages/airflow/example_dags/tutorial_taskflow_api.py
[2025-03-09T16:17:34.629+0000] {processor.py:925} INFO - DAG(s) 'tutorial_taskflow_api' retrieved from /home/airflow/.local/lib/python3.12/site-packages/airflow/example_dags/tutorial_taskflow_api.py
[2025-03-09T16:17:34.643+0000] {logging_mixin.py:190} INFO - [2025-03-09T16:17:34.643+0000] {dag.py:3239} INFO - Sync 1 DAGs
[2025-03-09T16:17:34.652+0000] {logging_mixin.py:190} INFO - [2025-03-09T16:17:34.652+0000] {dag.py:4180} INFO - Setting next_dagrun for tutorial_taskflow_api to None, run_after=None
[2025-03-09T16:17:34.668+0000] {processor.py:208} INFO - Processing /home/airflow/.local/lib/python3.12/site-packages/airflow/example_dags/tutorial_taskflow_api.py took 0.049 seconds
[2025-03-09T16:18:05.600+0000] {processor.py:186} INFO - Started process (PID=20570) to work on /home/airflow/.local/lib/python3.12/site-packages/airflow/example_dags/tutorial_taskflow_api.py
[2025-03-09T16:18:05.600+0000] {processor.py:914} INFO - Processing file /home/airflow/.local/lib/python3.12/site-packages/airflow/example_dags/tutorial_taskflow_api.py for tasks to queue
[2025-03-09T16:18:05.601+0000] {logging_mixin.py:190} INFO - [2025-03-09T16:18:05.601+0000] {dagbag.py:588} INFO - Filling up the DagBag from /home/airflow/.local/lib/python3.12/site-packages/airflow/example_dags/tutorial_taskflow_api.py
[2025-03-09T16:18:05.607+0000] {processor.py:925} INFO - DAG(s) 'tutorial_taskflow_api' retrieved from /home/airflow/.local/lib/python3.12/site-packages/airflow/example_dags/tutorial_taskflow_api.py
[2025-03-09T16:18:05.621+0000] {logging_mixin.py:190} INFO - [2025-03-09T16:18:05.621+0000] {dag.py:3239} INFO - Sync 1 DAGs
[2025-03-09T16:18:05.631+0000] {logging_mixin.py:190} INFO - [2025-03-09T16:18:05.631+0000] {dag.py:4180} INFO - Setting next_dagrun for tutorial_taskflow_api to None, run_after=None
[2025-03-09T16:18:05.644+0000] {processor.py:208} INFO - Processing /home/airflow/.local/lib/python3.12/site-packages/airflow/example_dags/tutorial_taskflow_api.py took 0.048 seconds
[2025-03-09T16:18:36.125+0000] {processor.py:186} INFO - Started process (PID=20896) to work on /home/airflow/.local/lib/python3.12/site-packages/airflow/example_dags/tutorial_taskflow_api.py
[2025-03-09T16:18:36.125+0000] {processor.py:914} INFO - Processing file /home/airflow/.local/lib/python3.12/site-packages/airflow/example_dags/tutorial_taskflow_api.py for tasks to queue
[2025-03-09T16:18:36.126+0000] {logging_mixin.py:190} INFO - [2025-03-09T16:18:36.126+0000] {dagbag.py:588} INFO - Filling up the DagBag from /home/airflow/.local/lib/python3.12/site-packages/airflow/example_dags/tutorial_taskflow_api.py
[2025-03-09T16:18:36.132+0000] {processor.py:925} INFO - DAG(s) 'tutorial_taskflow_api' retrieved from /home/airflow/.local/lib/python3.12/site-packages/airflow/example_dags/tutorial_taskflow_api.py
[2025-03-09T16:18:36.149+0000] {logging_mixin.py:190} INFO - [2025-03-09T16:18:36.149+0000] {dag.py:3239} INFO - Sync 1 DAGs
[2025-03-09T16:18:36.158+0000] {logging_mixin.py:190} INFO - [2025-03-09T16:18:36.158+0000] {dag.py:4180} INFO - Setting next_dagrun for tutorial_taskflow_api to None, run_after=None
[2025-03-09T16:18:36.170+0000] {processor.py:208} INFO - Processing /home/airflow/.local/lib/python3.12/site-packages/airflow/example_dags/tutorial_taskflow_api.py took 0.049 seconds
[2025-03-09T16:19:06.944+0000] {processor.py:186} INFO - Started process (PID=21217) to work on /home/airflow/.local/lib/python3.12/site-packages/airflow/example_dags/tutorial_taskflow_api.py
[2025-03-09T16:19:06.945+0000] {processor.py:914} INFO - Processing file /home/airflow/.local/lib/python3.12/site-packages/airflow/example_dags/tutorial_taskflow_api.py for tasks to queue
[2025-03-09T16:19:06.947+0000] {logging_mixin.py:190} INFO - [2025-03-09T16:19:06.947+0000] {dagbag.py:588} INFO - Filling up the DagBag from /home/airflow/.local/lib/python3.12/site-packages/airflow/example_dags/tutorial_taskflow_api.py
[2025-03-09T16:19:06.953+0000] {processor.py:925} INFO - DAG(s) 'tutorial_taskflow_api' retrieved from /home/airflow/.local/lib/python3.12/site-packages/airflow/example_dags/tutorial_taskflow_api.py
[2025-03-09T16:19:06.966+0000] {logging_mixin.py:190} INFO - [2025-03-09T16:19:06.966+0000] {dag.py:3239} INFO - Sync 1 DAGs
[2025-03-09T16:19:06.976+0000] {logging_mixin.py:190} INFO - [2025-03-09T16:19:06.976+0000] {dag.py:4180} INFO - Setting next_dagrun for tutorial_taskflow_api to None, run_after=None
[2025-03-09T16:19:06.991+0000] {processor.py:208} INFO - Processing /home/airflow/.local/lib/python3.12/site-packages/airflow/example_dags/tutorial_taskflow_api.py took 0.051 seconds
[2025-03-09T16:19:37.467+0000] {processor.py:186} INFO - Started process (PID=21543) to work on /home/airflow/.local/lib/python3.12/site-packages/airflow/example_dags/tutorial_taskflow_api.py
[2025-03-09T16:19:37.467+0000] {processor.py:914} INFO - Processing file /home/airflow/.local/lib/python3.12/site-packages/airflow/example_dags/tutorial_taskflow_api.py for tasks to queue
[2025-03-09T16:19:37.469+0000] {logging_mixin.py:190} INFO - [2025-03-09T16:19:37.469+0000] {dagbag.py:588} INFO - Filling up the DagBag from /home/airflow/.local/lib/python3.12/site-packages/airflow/example_dags/tutorial_taskflow_api.py
[2025-03-09T16:19:37.474+0000] {processor.py:925} INFO - DAG(s) 'tutorial_taskflow_api' retrieved from /home/airflow/.local/lib/python3.12/site-packages/airflow/example_dags/tutorial_taskflow_api.py
[2025-03-09T16:19:37.490+0000] {logging_mixin.py:190} INFO - [2025-03-09T16:19:37.490+0000] {dag.py:3239} INFO - Sync 1 DAGs
[2025-03-09T16:19:37.499+0000] {logging_mixin.py:190} INFO - [2025-03-09T16:19:37.499+0000] {dag.py:4180} INFO - Setting next_dagrun for tutorial_taskflow_api to None, run_after=None
[2025-03-09T16:19:37.514+0000] {processor.py:208} INFO - Processing /home/airflow/.local/lib/python3.12/site-packages/airflow/example_dags/tutorial_taskflow_api.py took 0.052 seconds
