[2025-03-09T15:46:14.084+0000] {processor.py:186} INFO - Started process (PID=307) to work on /home/airflow/.local/lib/python3.12/site-packages/airflow/example_dags/tutorial_dag.py
[2025-03-09T15:46:14.085+0000] {processor.py:914} INFO - Processing file /home/airflow/.local/lib/python3.12/site-packages/airflow/example_dags/tutorial_dag.py for tasks to queue
[2025-03-09T15:46:14.086+0000] {logging_mixin.py:190} INFO - [2025-03-09T15:46:14.086+0000] {dagbag.py:588} INFO - Filling up the DagBag from /home/airflow/.local/lib/python3.12/site-packages/airflow/example_dags/tutorial_dag.py
[2025-03-09T15:46:14.091+0000] {processor.py:925} INFO - DAG(s) 'tutorial_dag' retrieved from /home/airflow/.local/lib/python3.12/site-packages/airflow/example_dags/tutorial_dag.py
[2025-03-09T15:46:14.114+0000] {logging_mixin.py:190} INFO - [2025-03-09T15:46:14.113+0000] {dag.py:3239} INFO - Sync 1 DAGs
[2025-03-09T15:46:14.123+0000] {logging_mixin.py:190} INFO - [2025-03-09T15:46:14.123+0000] {dag.py:4180} INFO - Setting next_dagrun for tutorial_dag to None, run_after=None
[2025-03-09T15:46:14.141+0000] {processor.py:208} INFO - Processing /home/airflow/.local/lib/python3.12/site-packages/airflow/example_dags/tutorial_dag.py took 0.062 seconds
[2025-03-09T15:46:44.747+0000] {processor.py:186} INFO - Started process (PID=637) to work on /home/airflow/.local/lib/python3.12/site-packages/airflow/example_dags/tutorial_dag.py
[2025-03-09T15:46:44.747+0000] {processor.py:914} INFO - Processing file /home/airflow/.local/lib/python3.12/site-packages/airflow/example_dags/tutorial_dag.py for tasks to queue
[2025-03-09T15:46:44.749+0000] {logging_mixin.py:190} INFO - [2025-03-09T15:46:44.749+0000] {dagbag.py:588} INFO - Filling up the DagBag from /home/airflow/.local/lib/python3.12/site-packages/airflow/example_dags/tutorial_dag.py
[2025-03-09T15:46:44.754+0000] {processor.py:925} INFO - DAG(s) 'tutorial_dag' retrieved from /home/airflow/.local/lib/python3.12/site-packages/airflow/example_dags/tutorial_dag.py
[2025-03-09T15:46:44.770+0000] {logging_mixin.py:190} INFO - [2025-03-09T15:46:44.770+0000] {dag.py:3239} INFO - Sync 1 DAGs
[2025-03-09T15:46:44.779+0000] {logging_mixin.py:190} INFO - [2025-03-09T15:46:44.779+0000] {dag.py:4180} INFO - Setting next_dagrun for tutorial_dag to None, run_after=None
[2025-03-09T15:46:44.793+0000] {processor.py:208} INFO - Processing /home/airflow/.local/lib/python3.12/site-packages/airflow/example_dags/tutorial_dag.py took 0.052 seconds
[2025-03-09T15:47:14.977+0000] {processor.py:186} INFO - Started process (PID=963) to work on /home/airflow/.local/lib/python3.12/site-packages/airflow/example_dags/tutorial_dag.py
[2025-03-09T15:47:14.978+0000] {processor.py:914} INFO - Processing file /home/airflow/.local/lib/python3.12/site-packages/airflow/example_dags/tutorial_dag.py for tasks to queue
[2025-03-09T15:47:14.979+0000] {logging_mixin.py:190} INFO - [2025-03-09T15:47:14.979+0000] {dagbag.py:588} INFO - Filling up the DagBag from /home/airflow/.local/lib/python3.12/site-packages/airflow/example_dags/tutorial_dag.py
[2025-03-09T15:47:14.983+0000] {processor.py:925} INFO - DAG(s) 'tutorial_dag' retrieved from /home/airflow/.local/lib/python3.12/site-packages/airflow/example_dags/tutorial_dag.py
[2025-03-09T15:47:14.997+0000] {logging_mixin.py:190} INFO - [2025-03-09T15:47:14.997+0000] {dag.py:3239} INFO - Sync 1 DAGs
[2025-03-09T15:47:15.006+0000] {logging_mixin.py:190} INFO - [2025-03-09T15:47:15.006+0000] {dag.py:4180} INFO - Setting next_dagrun for tutorial_dag to None, run_after=None
[2025-03-09T15:47:15.018+0000] {processor.py:208} INFO - Processing /home/airflow/.local/lib/python3.12/site-packages/airflow/example_dags/tutorial_dag.py took 0.045 seconds
[2025-03-09T15:47:45.926+0000] {processor.py:186} INFO - Started process (PID=1295) to work on /home/airflow/.local/lib/python3.12/site-packages/airflow/example_dags/tutorial_dag.py
[2025-03-09T15:47:45.927+0000] {processor.py:914} INFO - Processing file /home/airflow/.local/lib/python3.12/site-packages/airflow/example_dags/tutorial_dag.py for tasks to queue
[2025-03-09T15:47:45.929+0000] {logging_mixin.py:190} INFO - [2025-03-09T15:47:45.928+0000] {dagbag.py:588} INFO - Filling up the DagBag from /home/airflow/.local/lib/python3.12/site-packages/airflow/example_dags/tutorial_dag.py
[2025-03-09T15:47:45.933+0000] {processor.py:925} INFO - DAG(s) 'tutorial_dag' retrieved from /home/airflow/.local/lib/python3.12/site-packages/airflow/example_dags/tutorial_dag.py
[2025-03-09T15:47:45.949+0000] {logging_mixin.py:190} INFO - [2025-03-09T15:47:45.949+0000] {dag.py:3239} INFO - Sync 1 DAGs
[2025-03-09T15:47:45.959+0000] {logging_mixin.py:190} INFO - [2025-03-09T15:47:45.959+0000] {dag.py:4180} INFO - Setting next_dagrun for tutorial_dag to None, run_after=None
[2025-03-09T15:47:45.973+0000] {processor.py:208} INFO - Processing /home/airflow/.local/lib/python3.12/site-packages/airflow/example_dags/tutorial_dag.py took 0.053 seconds
[2025-03-09T15:48:16.781+0000] {processor.py:186} INFO - Started process (PID=1621) to work on /home/airflow/.local/lib/python3.12/site-packages/airflow/example_dags/tutorial_dag.py
[2025-03-09T15:48:16.781+0000] {processor.py:914} INFO - Processing file /home/airflow/.local/lib/python3.12/site-packages/airflow/example_dags/tutorial_dag.py for tasks to queue
[2025-03-09T15:48:16.782+0000] {logging_mixin.py:190} INFO - [2025-03-09T15:48:16.782+0000] {dagbag.py:588} INFO - Filling up the DagBag from /home/airflow/.local/lib/python3.12/site-packages/airflow/example_dags/tutorial_dag.py
[2025-03-09T15:48:16.787+0000] {processor.py:925} INFO - DAG(s) 'tutorial_dag' retrieved from /home/airflow/.local/lib/python3.12/site-packages/airflow/example_dags/tutorial_dag.py
[2025-03-09T15:48:16.801+0000] {logging_mixin.py:190} INFO - [2025-03-09T15:48:16.801+0000] {dag.py:3239} INFO - Sync 1 DAGs
[2025-03-09T15:48:16.812+0000] {logging_mixin.py:190} INFO - [2025-03-09T15:48:16.811+0000] {dag.py:4180} INFO - Setting next_dagrun for tutorial_dag to None, run_after=None
[2025-03-09T15:48:16.823+0000] {processor.py:208} INFO - Processing /home/airflow/.local/lib/python3.12/site-packages/airflow/example_dags/tutorial_dag.py took 0.047 seconds
[2025-03-09T15:48:47.625+0000] {processor.py:186} INFO - Started process (PID=1947) to work on /home/airflow/.local/lib/python3.12/site-packages/airflow/example_dags/tutorial_dag.py
[2025-03-09T15:48:47.626+0000] {processor.py:914} INFO - Processing file /home/airflow/.local/lib/python3.12/site-packages/airflow/example_dags/tutorial_dag.py for tasks to queue
[2025-03-09T15:48:47.627+0000] {logging_mixin.py:190} INFO - [2025-03-09T15:48:47.627+0000] {dagbag.py:588} INFO - Filling up the DagBag from /home/airflow/.local/lib/python3.12/site-packages/airflow/example_dags/tutorial_dag.py
[2025-03-09T15:48:47.631+0000] {processor.py:925} INFO - DAG(s) 'tutorial_dag' retrieved from /home/airflow/.local/lib/python3.12/site-packages/airflow/example_dags/tutorial_dag.py
[2025-03-09T15:48:47.649+0000] {logging_mixin.py:190} INFO - [2025-03-09T15:48:47.649+0000] {dag.py:3239} INFO - Sync 1 DAGs
[2025-03-09T15:48:47.659+0000] {logging_mixin.py:190} INFO - [2025-03-09T15:48:47.659+0000] {dag.py:4180} INFO - Setting next_dagrun for tutorial_dag to None, run_after=None
[2025-03-09T15:48:47.673+0000] {processor.py:208} INFO - Processing /home/airflow/.local/lib/python3.12/site-packages/airflow/example_dags/tutorial_dag.py took 0.052 seconds
[2025-03-09T15:49:18.551+0000] {processor.py:186} INFO - Started process (PID=2273) to work on /home/airflow/.local/lib/python3.12/site-packages/airflow/example_dags/tutorial_dag.py
[2025-03-09T15:49:18.551+0000] {processor.py:914} INFO - Processing file /home/airflow/.local/lib/python3.12/site-packages/airflow/example_dags/tutorial_dag.py for tasks to queue
[2025-03-09T15:49:18.552+0000] {logging_mixin.py:190} INFO - [2025-03-09T15:49:18.552+0000] {dagbag.py:588} INFO - Filling up the DagBag from /home/airflow/.local/lib/python3.12/site-packages/airflow/example_dags/tutorial_dag.py
[2025-03-09T15:49:18.557+0000] {processor.py:925} INFO - DAG(s) 'tutorial_dag' retrieved from /home/airflow/.local/lib/python3.12/site-packages/airflow/example_dags/tutorial_dag.py
[2025-03-09T15:49:18.569+0000] {logging_mixin.py:190} INFO - [2025-03-09T15:49:18.569+0000] {dag.py:3239} INFO - Sync 1 DAGs
[2025-03-09T15:49:18.580+0000] {logging_mixin.py:190} INFO - [2025-03-09T15:49:18.580+0000] {dag.py:4180} INFO - Setting next_dagrun for tutorial_dag to None, run_after=None
[2025-03-09T15:49:18.594+0000] {processor.py:208} INFO - Processing /home/airflow/.local/lib/python3.12/site-packages/airflow/example_dags/tutorial_dag.py took 0.048 seconds
[2025-03-09T15:49:49.340+0000] {processor.py:186} INFO - Started process (PID=2599) to work on /home/airflow/.local/lib/python3.12/site-packages/airflow/example_dags/tutorial_dag.py
[2025-03-09T15:49:49.341+0000] {processor.py:914} INFO - Processing file /home/airflow/.local/lib/python3.12/site-packages/airflow/example_dags/tutorial_dag.py for tasks to queue
[2025-03-09T15:49:49.343+0000] {logging_mixin.py:190} INFO - [2025-03-09T15:49:49.343+0000] {dagbag.py:588} INFO - Filling up the DagBag from /home/airflow/.local/lib/python3.12/site-packages/airflow/example_dags/tutorial_dag.py
[2025-03-09T15:49:49.348+0000] {processor.py:925} INFO - DAG(s) 'tutorial_dag' retrieved from /home/airflow/.local/lib/python3.12/site-packages/airflow/example_dags/tutorial_dag.py
[2025-03-09T15:49:49.362+0000] {logging_mixin.py:190} INFO - [2025-03-09T15:49:49.361+0000] {dag.py:3239} INFO - Sync 1 DAGs
[2025-03-09T15:49:49.370+0000] {logging_mixin.py:190} INFO - [2025-03-09T15:49:49.370+0000] {dag.py:4180} INFO - Setting next_dagrun for tutorial_dag to None, run_after=None
[2025-03-09T15:49:49.384+0000] {processor.py:208} INFO - Processing /home/airflow/.local/lib/python3.12/site-packages/airflow/example_dags/tutorial_dag.py took 0.050 seconds
[2025-03-09T15:50:20.286+0000] {processor.py:186} INFO - Started process (PID=2925) to work on /home/airflow/.local/lib/python3.12/site-packages/airflow/example_dags/tutorial_dag.py
[2025-03-09T15:50:20.287+0000] {processor.py:914} INFO - Processing file /home/airflow/.local/lib/python3.12/site-packages/airflow/example_dags/tutorial_dag.py for tasks to queue
[2025-03-09T15:50:20.288+0000] {logging_mixin.py:190} INFO - [2025-03-09T15:50:20.288+0000] {dagbag.py:588} INFO - Filling up the DagBag from /home/airflow/.local/lib/python3.12/site-packages/airflow/example_dags/tutorial_dag.py
[2025-03-09T15:50:20.293+0000] {processor.py:925} INFO - DAG(s) 'tutorial_dag' retrieved from /home/airflow/.local/lib/python3.12/site-packages/airflow/example_dags/tutorial_dag.py
[2025-03-09T15:50:20.308+0000] {logging_mixin.py:190} INFO - [2025-03-09T15:50:20.308+0000] {dag.py:3239} INFO - Sync 1 DAGs
[2025-03-09T15:50:20.317+0000] {logging_mixin.py:190} INFO - [2025-03-09T15:50:20.317+0000] {dag.py:4180} INFO - Setting next_dagrun for tutorial_dag to None, run_after=None
[2025-03-09T15:50:20.333+0000] {processor.py:208} INFO - Processing /home/airflow/.local/lib/python3.12/site-packages/airflow/example_dags/tutorial_dag.py took 0.050 seconds
[2025-03-09T15:50:51.281+0000] {processor.py:186} INFO - Started process (PID=3251) to work on /home/airflow/.local/lib/python3.12/site-packages/airflow/example_dags/tutorial_dag.py
[2025-03-09T15:50:51.281+0000] {processor.py:914} INFO - Processing file /home/airflow/.local/lib/python3.12/site-packages/airflow/example_dags/tutorial_dag.py for tasks to queue
[2025-03-09T15:50:51.282+0000] {logging_mixin.py:190} INFO - [2025-03-09T15:50:51.282+0000] {dagbag.py:588} INFO - Filling up the DagBag from /home/airflow/.local/lib/python3.12/site-packages/airflow/example_dags/tutorial_dag.py
[2025-03-09T15:50:51.286+0000] {processor.py:925} INFO - DAG(s) 'tutorial_dag' retrieved from /home/airflow/.local/lib/python3.12/site-packages/airflow/example_dags/tutorial_dag.py
[2025-03-09T15:50:51.300+0000] {logging_mixin.py:190} INFO - [2025-03-09T15:50:51.300+0000] {dag.py:3239} INFO - Sync 1 DAGs
[2025-03-09T15:50:51.308+0000] {logging_mixin.py:190} INFO - [2025-03-09T15:50:51.308+0000] {dag.py:4180} INFO - Setting next_dagrun for tutorial_dag to None, run_after=None
[2025-03-09T15:50:51.326+0000] {processor.py:208} INFO - Processing /home/airflow/.local/lib/python3.12/site-packages/airflow/example_dags/tutorial_dag.py took 0.049 seconds
[2025-03-09T15:51:22.242+0000] {processor.py:186} INFO - Started process (PID=3577) to work on /home/airflow/.local/lib/python3.12/site-packages/airflow/example_dags/tutorial_dag.py
[2025-03-09T15:51:22.242+0000] {processor.py:914} INFO - Processing file /home/airflow/.local/lib/python3.12/site-packages/airflow/example_dags/tutorial_dag.py for tasks to queue
[2025-03-09T15:51:22.243+0000] {logging_mixin.py:190} INFO - [2025-03-09T15:51:22.243+0000] {dagbag.py:588} INFO - Filling up the DagBag from /home/airflow/.local/lib/python3.12/site-packages/airflow/example_dags/tutorial_dag.py
[2025-03-09T15:51:22.248+0000] {processor.py:925} INFO - DAG(s) 'tutorial_dag' retrieved from /home/airflow/.local/lib/python3.12/site-packages/airflow/example_dags/tutorial_dag.py
[2025-03-09T15:51:22.261+0000] {logging_mixin.py:190} INFO - [2025-03-09T15:51:22.261+0000] {dag.py:3239} INFO - Sync 1 DAGs
[2025-03-09T15:51:22.269+0000] {logging_mixin.py:190} INFO - [2025-03-09T15:51:22.269+0000] {dag.py:4180} INFO - Setting next_dagrun for tutorial_dag to None, run_after=None
[2025-03-09T15:51:22.281+0000] {processor.py:208} INFO - Processing /home/airflow/.local/lib/python3.12/site-packages/airflow/example_dags/tutorial_dag.py took 0.043 seconds
[2025-03-09T15:51:53.170+0000] {processor.py:186} INFO - Started process (PID=3905) to work on /home/airflow/.local/lib/python3.12/site-packages/airflow/example_dags/tutorial_dag.py
[2025-03-09T15:51:53.171+0000] {processor.py:914} INFO - Processing file /home/airflow/.local/lib/python3.12/site-packages/airflow/example_dags/tutorial_dag.py for tasks to queue
[2025-03-09T15:51:53.172+0000] {logging_mixin.py:190} INFO - [2025-03-09T15:51:53.172+0000] {dagbag.py:588} INFO - Filling up the DagBag from /home/airflow/.local/lib/python3.12/site-packages/airflow/example_dags/tutorial_dag.py
[2025-03-09T15:51:53.177+0000] {processor.py:925} INFO - DAG(s) 'tutorial_dag' retrieved from /home/airflow/.local/lib/python3.12/site-packages/airflow/example_dags/tutorial_dag.py
[2025-03-09T15:51:53.191+0000] {logging_mixin.py:190} INFO - [2025-03-09T15:51:53.191+0000] {dag.py:3239} INFO - Sync 1 DAGs
[2025-03-09T15:51:53.200+0000] {logging_mixin.py:190} INFO - [2025-03-09T15:51:53.199+0000] {dag.py:4180} INFO - Setting next_dagrun for tutorial_dag to None, run_after=None
[2025-03-09T15:51:53.215+0000] {processor.py:208} INFO - Processing /home/airflow/.local/lib/python3.12/site-packages/airflow/example_dags/tutorial_dag.py took 0.048 seconds
[2025-03-09T15:52:24.220+0000] {processor.py:186} INFO - Started process (PID=4231) to work on /home/airflow/.local/lib/python3.12/site-packages/airflow/example_dags/tutorial_dag.py
[2025-03-09T15:52:24.221+0000] {processor.py:914} INFO - Processing file /home/airflow/.local/lib/python3.12/site-packages/airflow/example_dags/tutorial_dag.py for tasks to queue
[2025-03-09T15:52:24.222+0000] {logging_mixin.py:190} INFO - [2025-03-09T15:52:24.222+0000] {dagbag.py:588} INFO - Filling up the DagBag from /home/airflow/.local/lib/python3.12/site-packages/airflow/example_dags/tutorial_dag.py
[2025-03-09T15:52:24.226+0000] {processor.py:925} INFO - DAG(s) 'tutorial_dag' retrieved from /home/airflow/.local/lib/python3.12/site-packages/airflow/example_dags/tutorial_dag.py
[2025-03-09T15:52:24.242+0000] {logging_mixin.py:190} INFO - [2025-03-09T15:52:24.242+0000] {dag.py:3239} INFO - Sync 1 DAGs
[2025-03-09T15:52:24.252+0000] {logging_mixin.py:190} INFO - [2025-03-09T15:52:24.252+0000] {dag.py:4180} INFO - Setting next_dagrun for tutorial_dag to None, run_after=None
[2025-03-09T15:52:24.264+0000] {processor.py:208} INFO - Processing /home/airflow/.local/lib/python3.12/site-packages/airflow/example_dags/tutorial_dag.py took 0.048 seconds
[2025-03-09T15:52:54.951+0000] {processor.py:186} INFO - Started process (PID=4555) to work on /home/airflow/.local/lib/python3.12/site-packages/airflow/example_dags/tutorial_dag.py
[2025-03-09T15:52:54.951+0000] {processor.py:914} INFO - Processing file /home/airflow/.local/lib/python3.12/site-packages/airflow/example_dags/tutorial_dag.py for tasks to queue
[2025-03-09T15:52:54.953+0000] {logging_mixin.py:190} INFO - [2025-03-09T15:52:54.952+0000] {dagbag.py:588} INFO - Filling up the DagBag from /home/airflow/.local/lib/python3.12/site-packages/airflow/example_dags/tutorial_dag.py
[2025-03-09T15:52:54.957+0000] {processor.py:925} INFO - DAG(s) 'tutorial_dag' retrieved from /home/airflow/.local/lib/python3.12/site-packages/airflow/example_dags/tutorial_dag.py
[2025-03-09T15:52:54.970+0000] {logging_mixin.py:190} INFO - [2025-03-09T15:52:54.970+0000] {dag.py:3239} INFO - Sync 1 DAGs
[2025-03-09T15:52:54.980+0000] {logging_mixin.py:190} INFO - [2025-03-09T15:52:54.980+0000] {dag.py:4180} INFO - Setting next_dagrun for tutorial_dag to None, run_after=None
[2025-03-09T15:52:54.992+0000] {processor.py:208} INFO - Processing /home/airflow/.local/lib/python3.12/site-packages/airflow/example_dags/tutorial_dag.py took 0.045 seconds
[2025-03-09T15:53:25.574+0000] {processor.py:186} INFO - Started process (PID=4881) to work on /home/airflow/.local/lib/python3.12/site-packages/airflow/example_dags/tutorial_dag.py
[2025-03-09T15:53:25.575+0000] {processor.py:914} INFO - Processing file /home/airflow/.local/lib/python3.12/site-packages/airflow/example_dags/tutorial_dag.py for tasks to queue
[2025-03-09T15:53:25.576+0000] {logging_mixin.py:190} INFO - [2025-03-09T15:53:25.576+0000] {dagbag.py:588} INFO - Filling up the DagBag from /home/airflow/.local/lib/python3.12/site-packages/airflow/example_dags/tutorial_dag.py
[2025-03-09T15:53:25.581+0000] {processor.py:925} INFO - DAG(s) 'tutorial_dag' retrieved from /home/airflow/.local/lib/python3.12/site-packages/airflow/example_dags/tutorial_dag.py
[2025-03-09T15:53:25.594+0000] {logging_mixin.py:190} INFO - [2025-03-09T15:53:25.594+0000] {dag.py:3239} INFO - Sync 1 DAGs
[2025-03-09T15:53:25.603+0000] {logging_mixin.py:190} INFO - [2025-03-09T15:53:25.603+0000] {dag.py:4180} INFO - Setting next_dagrun for tutorial_dag to None, run_after=None
[2025-03-09T15:53:25.617+0000] {processor.py:208} INFO - Processing /home/airflow/.local/lib/python3.12/site-packages/airflow/example_dags/tutorial_dag.py took 0.049 seconds
[2025-03-09T15:53:56.250+0000] {processor.py:186} INFO - Started process (PID=5206) to work on /home/airflow/.local/lib/python3.12/site-packages/airflow/example_dags/tutorial_dag.py
[2025-03-09T15:53:56.251+0000] {processor.py:914} INFO - Processing file /home/airflow/.local/lib/python3.12/site-packages/airflow/example_dags/tutorial_dag.py for tasks to queue
[2025-03-09T15:53:56.252+0000] {logging_mixin.py:190} INFO - [2025-03-09T15:53:56.252+0000] {dagbag.py:588} INFO - Filling up the DagBag from /home/airflow/.local/lib/python3.12/site-packages/airflow/example_dags/tutorial_dag.py
[2025-03-09T15:53:56.256+0000] {processor.py:925} INFO - DAG(s) 'tutorial_dag' retrieved from /home/airflow/.local/lib/python3.12/site-packages/airflow/example_dags/tutorial_dag.py
[2025-03-09T15:53:56.274+0000] {logging_mixin.py:190} INFO - [2025-03-09T15:53:56.274+0000] {dag.py:3239} INFO - Sync 1 DAGs
[2025-03-09T15:53:56.289+0000] {logging_mixin.py:190} INFO - [2025-03-09T15:53:56.289+0000] {dag.py:4180} INFO - Setting next_dagrun for tutorial_dag to None, run_after=None
[2025-03-09T15:53:56.304+0000] {processor.py:208} INFO - Processing /home/airflow/.local/lib/python3.12/site-packages/airflow/example_dags/tutorial_dag.py took 0.058 seconds
[2025-03-09T15:54:27.164+0000] {processor.py:186} INFO - Started process (PID=5532) to work on /home/airflow/.local/lib/python3.12/site-packages/airflow/example_dags/tutorial_dag.py
[2025-03-09T15:54:27.164+0000] {processor.py:914} INFO - Processing file /home/airflow/.local/lib/python3.12/site-packages/airflow/example_dags/tutorial_dag.py for tasks to queue
[2025-03-09T15:54:27.165+0000] {logging_mixin.py:190} INFO - [2025-03-09T15:54:27.165+0000] {dagbag.py:588} INFO - Filling up the DagBag from /home/airflow/.local/lib/python3.12/site-packages/airflow/example_dags/tutorial_dag.py
[2025-03-09T15:54:27.170+0000] {processor.py:925} INFO - DAG(s) 'tutorial_dag' retrieved from /home/airflow/.local/lib/python3.12/site-packages/airflow/example_dags/tutorial_dag.py
[2025-03-09T15:54:27.187+0000] {logging_mixin.py:190} INFO - [2025-03-09T15:54:27.187+0000] {dag.py:3239} INFO - Sync 1 DAGs
[2025-03-09T15:54:27.197+0000] {logging_mixin.py:190} INFO - [2025-03-09T15:54:27.196+0000] {dag.py:4180} INFO - Setting next_dagrun for tutorial_dag to None, run_after=None
[2025-03-09T15:54:27.212+0000] {processor.py:208} INFO - Processing /home/airflow/.local/lib/python3.12/site-packages/airflow/example_dags/tutorial_dag.py took 0.052 seconds
[2025-03-09T15:54:57.831+0000] {processor.py:186} INFO - Started process (PID=5858) to work on /home/airflow/.local/lib/python3.12/site-packages/airflow/example_dags/tutorial_dag.py
[2025-03-09T15:54:57.831+0000] {processor.py:914} INFO - Processing file /home/airflow/.local/lib/python3.12/site-packages/airflow/example_dags/tutorial_dag.py for tasks to queue
[2025-03-09T15:54:57.832+0000] {logging_mixin.py:190} INFO - [2025-03-09T15:54:57.832+0000] {dagbag.py:588} INFO - Filling up the DagBag from /home/airflow/.local/lib/python3.12/site-packages/airflow/example_dags/tutorial_dag.py
[2025-03-09T15:54:57.837+0000] {processor.py:925} INFO - DAG(s) 'tutorial_dag' retrieved from /home/airflow/.local/lib/python3.12/site-packages/airflow/example_dags/tutorial_dag.py
[2025-03-09T15:54:57.854+0000] {logging_mixin.py:190} INFO - [2025-03-09T15:54:57.853+0000] {dag.py:3239} INFO - Sync 1 DAGs
[2025-03-09T15:54:57.864+0000] {logging_mixin.py:190} INFO - [2025-03-09T15:54:57.864+0000] {dag.py:4180} INFO - Setting next_dagrun for tutorial_dag to None, run_after=None
[2025-03-09T15:54:57.887+0000] {processor.py:208} INFO - Processing /home/airflow/.local/lib/python3.12/site-packages/airflow/example_dags/tutorial_dag.py took 0.060 seconds
[2025-03-09T15:55:28.604+0000] {processor.py:186} INFO - Started process (PID=6184) to work on /home/airflow/.local/lib/python3.12/site-packages/airflow/example_dags/tutorial_dag.py
[2025-03-09T15:55:28.605+0000] {processor.py:914} INFO - Processing file /home/airflow/.local/lib/python3.12/site-packages/airflow/example_dags/tutorial_dag.py for tasks to queue
[2025-03-09T15:55:28.606+0000] {logging_mixin.py:190} INFO - [2025-03-09T15:55:28.606+0000] {dagbag.py:588} INFO - Filling up the DagBag from /home/airflow/.local/lib/python3.12/site-packages/airflow/example_dags/tutorial_dag.py
[2025-03-09T15:55:28.612+0000] {processor.py:925} INFO - DAG(s) 'tutorial_dag' retrieved from /home/airflow/.local/lib/python3.12/site-packages/airflow/example_dags/tutorial_dag.py
[2025-03-09T15:55:28.625+0000] {logging_mixin.py:190} INFO - [2025-03-09T15:55:28.625+0000] {dag.py:3239} INFO - Sync 1 DAGs
[2025-03-09T15:55:28.634+0000] {logging_mixin.py:190} INFO - [2025-03-09T15:55:28.634+0000] {dag.py:4180} INFO - Setting next_dagrun for tutorial_dag to None, run_after=None
[2025-03-09T15:55:28.646+0000] {processor.py:208} INFO - Processing /home/airflow/.local/lib/python3.12/site-packages/airflow/example_dags/tutorial_dag.py took 0.045 seconds
[2025-03-09T15:55:59.819+0000] {processor.py:186} INFO - Started process (PID=6510) to work on /home/airflow/.local/lib/python3.12/site-packages/airflow/example_dags/tutorial_dag.py
[2025-03-09T15:55:59.820+0000] {processor.py:914} INFO - Processing file /home/airflow/.local/lib/python3.12/site-packages/airflow/example_dags/tutorial_dag.py for tasks to queue
[2025-03-09T15:55:59.821+0000] {logging_mixin.py:190} INFO - [2025-03-09T15:55:59.821+0000] {dagbag.py:588} INFO - Filling up the DagBag from /home/airflow/.local/lib/python3.12/site-packages/airflow/example_dags/tutorial_dag.py
[2025-03-09T15:55:59.826+0000] {processor.py:925} INFO - DAG(s) 'tutorial_dag' retrieved from /home/airflow/.local/lib/python3.12/site-packages/airflow/example_dags/tutorial_dag.py
[2025-03-09T15:55:59.840+0000] {logging_mixin.py:190} INFO - [2025-03-09T15:55:59.840+0000] {dag.py:3239} INFO - Sync 1 DAGs
[2025-03-09T15:55:59.849+0000] {logging_mixin.py:190} INFO - [2025-03-09T15:55:59.849+0000] {dag.py:4180} INFO - Setting next_dagrun for tutorial_dag to None, run_after=None
[2025-03-09T15:55:59.862+0000] {processor.py:208} INFO - Processing /home/airflow/.local/lib/python3.12/site-packages/airflow/example_dags/tutorial_dag.py took 0.046 seconds
[2025-03-09T15:56:30.597+0000] {processor.py:186} INFO - Started process (PID=6838) to work on /home/airflow/.local/lib/python3.12/site-packages/airflow/example_dags/tutorial_dag.py
[2025-03-09T15:56:30.597+0000] {processor.py:914} INFO - Processing file /home/airflow/.local/lib/python3.12/site-packages/airflow/example_dags/tutorial_dag.py for tasks to queue
[2025-03-09T15:56:30.599+0000] {logging_mixin.py:190} INFO - [2025-03-09T15:56:30.599+0000] {dagbag.py:588} INFO - Filling up the DagBag from /home/airflow/.local/lib/python3.12/site-packages/airflow/example_dags/tutorial_dag.py
[2025-03-09T15:56:30.605+0000] {processor.py:925} INFO - DAG(s) 'tutorial_dag' retrieved from /home/airflow/.local/lib/python3.12/site-packages/airflow/example_dags/tutorial_dag.py
[2025-03-09T15:56:30.623+0000] {logging_mixin.py:190} INFO - [2025-03-09T15:56:30.623+0000] {dag.py:3239} INFO - Sync 1 DAGs
[2025-03-09T15:56:30.632+0000] {logging_mixin.py:190} INFO - [2025-03-09T15:56:30.632+0000] {dag.py:4180} INFO - Setting next_dagrun for tutorial_dag to None, run_after=None
[2025-03-09T15:56:30.645+0000] {processor.py:208} INFO - Processing /home/airflow/.local/lib/python3.12/site-packages/airflow/example_dags/tutorial_dag.py took 0.054 seconds
[2025-03-09T15:57:01.268+0000] {processor.py:186} INFO - Started process (PID=7162) to work on /home/airflow/.local/lib/python3.12/site-packages/airflow/example_dags/tutorial_dag.py
[2025-03-09T15:57:01.269+0000] {processor.py:914} INFO - Processing file /home/airflow/.local/lib/python3.12/site-packages/airflow/example_dags/tutorial_dag.py for tasks to queue
[2025-03-09T15:57:01.270+0000] {logging_mixin.py:190} INFO - [2025-03-09T15:57:01.270+0000] {dagbag.py:588} INFO - Filling up the DagBag from /home/airflow/.local/lib/python3.12/site-packages/airflow/example_dags/tutorial_dag.py
[2025-03-09T15:57:01.274+0000] {processor.py:925} INFO - DAG(s) 'tutorial_dag' retrieved from /home/airflow/.local/lib/python3.12/site-packages/airflow/example_dags/tutorial_dag.py
[2025-03-09T15:57:01.290+0000] {logging_mixin.py:190} INFO - [2025-03-09T15:57:01.290+0000] {dag.py:3239} INFO - Sync 1 DAGs
[2025-03-09T15:57:01.299+0000] {logging_mixin.py:190} INFO - [2025-03-09T15:57:01.298+0000] {dag.py:4180} INFO - Setting next_dagrun for tutorial_dag to None, run_after=None
[2025-03-09T15:57:01.311+0000] {processor.py:208} INFO - Processing /home/airflow/.local/lib/python3.12/site-packages/airflow/example_dags/tutorial_dag.py took 0.047 seconds
[2025-03-09T15:57:32.142+0000] {processor.py:186} INFO - Started process (PID=7488) to work on /home/airflow/.local/lib/python3.12/site-packages/airflow/example_dags/tutorial_dag.py
[2025-03-09T15:57:32.143+0000] {processor.py:914} INFO - Processing file /home/airflow/.local/lib/python3.12/site-packages/airflow/example_dags/tutorial_dag.py for tasks to queue
[2025-03-09T15:57:32.144+0000] {logging_mixin.py:190} INFO - [2025-03-09T15:57:32.144+0000] {dagbag.py:588} INFO - Filling up the DagBag from /home/airflow/.local/lib/python3.12/site-packages/airflow/example_dags/tutorial_dag.py
[2025-03-09T15:57:32.149+0000] {processor.py:925} INFO - DAG(s) 'tutorial_dag' retrieved from /home/airflow/.local/lib/python3.12/site-packages/airflow/example_dags/tutorial_dag.py
[2025-03-09T15:57:32.160+0000] {logging_mixin.py:190} INFO - [2025-03-09T15:57:32.160+0000] {dag.py:3239} INFO - Sync 1 DAGs
[2025-03-09T15:57:32.169+0000] {logging_mixin.py:190} INFO - [2025-03-09T15:57:32.169+0000] {dag.py:4180} INFO - Setting next_dagrun for tutorial_dag to None, run_after=None
[2025-03-09T15:57:32.182+0000] {processor.py:208} INFO - Processing /home/airflow/.local/lib/python3.12/site-packages/airflow/example_dags/tutorial_dag.py took 0.044 seconds
[2025-03-09T15:58:03.143+0000] {processor.py:186} INFO - Started process (PID=7814) to work on /home/airflow/.local/lib/python3.12/site-packages/airflow/example_dags/tutorial_dag.py
[2025-03-09T15:58:03.144+0000] {processor.py:914} INFO - Processing file /home/airflow/.local/lib/python3.12/site-packages/airflow/example_dags/tutorial_dag.py for tasks to queue
[2025-03-09T15:58:03.145+0000] {logging_mixin.py:190} INFO - [2025-03-09T15:58:03.145+0000] {dagbag.py:588} INFO - Filling up the DagBag from /home/airflow/.local/lib/python3.12/site-packages/airflow/example_dags/tutorial_dag.py
[2025-03-09T15:58:03.150+0000] {processor.py:925} INFO - DAG(s) 'tutorial_dag' retrieved from /home/airflow/.local/lib/python3.12/site-packages/airflow/example_dags/tutorial_dag.py
[2025-03-09T15:58:03.167+0000] {logging_mixin.py:190} INFO - [2025-03-09T15:58:03.166+0000] {dag.py:3239} INFO - Sync 1 DAGs
[2025-03-09T15:58:03.183+0000] {logging_mixin.py:190} INFO - [2025-03-09T15:58:03.183+0000] {dag.py:4180} INFO - Setting next_dagrun for tutorial_dag to None, run_after=None
[2025-03-09T15:58:03.209+0000] {processor.py:208} INFO - Processing /home/airflow/.local/lib/python3.12/site-packages/airflow/example_dags/tutorial_dag.py took 0.072 seconds
[2025-03-09T15:58:34.176+0000] {processor.py:186} INFO - Started process (PID=8142) to work on /home/airflow/.local/lib/python3.12/site-packages/airflow/example_dags/tutorial_dag.py
[2025-03-09T15:58:34.178+0000] {processor.py:914} INFO - Processing file /home/airflow/.local/lib/python3.12/site-packages/airflow/example_dags/tutorial_dag.py for tasks to queue
[2025-03-09T15:58:34.179+0000] {logging_mixin.py:190} INFO - [2025-03-09T15:58:34.179+0000] {dagbag.py:588} INFO - Filling up the DagBag from /home/airflow/.local/lib/python3.12/site-packages/airflow/example_dags/tutorial_dag.py
[2025-03-09T15:58:34.184+0000] {processor.py:925} INFO - DAG(s) 'tutorial_dag' retrieved from /home/airflow/.local/lib/python3.12/site-packages/airflow/example_dags/tutorial_dag.py
[2025-03-09T15:58:34.201+0000] {logging_mixin.py:190} INFO - [2025-03-09T15:58:34.200+0000] {dag.py:3239} INFO - Sync 1 DAGs
[2025-03-09T15:58:34.210+0000] {logging_mixin.py:190} INFO - [2025-03-09T15:58:34.210+0000] {dag.py:4180} INFO - Setting next_dagrun for tutorial_dag to None, run_after=None
[2025-03-09T15:58:34.221+0000] {processor.py:208} INFO - Processing /home/airflow/.local/lib/python3.12/site-packages/airflow/example_dags/tutorial_dag.py took 0.054 seconds
[2025-03-09T15:59:04.486+0000] {processor.py:186} INFO - Started process (PID=8466) to work on /home/airflow/.local/lib/python3.12/site-packages/airflow/example_dags/tutorial_dag.py
[2025-03-09T15:59:04.487+0000] {processor.py:914} INFO - Processing file /home/airflow/.local/lib/python3.12/site-packages/airflow/example_dags/tutorial_dag.py for tasks to queue
[2025-03-09T15:59:04.488+0000] {logging_mixin.py:190} INFO - [2025-03-09T15:59:04.488+0000] {dagbag.py:588} INFO - Filling up the DagBag from /home/airflow/.local/lib/python3.12/site-packages/airflow/example_dags/tutorial_dag.py
[2025-03-09T15:59:04.494+0000] {processor.py:925} INFO - DAG(s) 'tutorial_dag' retrieved from /home/airflow/.local/lib/python3.12/site-packages/airflow/example_dags/tutorial_dag.py
[2025-03-09T15:59:04.510+0000] {logging_mixin.py:190} INFO - [2025-03-09T15:59:04.510+0000] {dag.py:3239} INFO - Sync 1 DAGs
[2025-03-09T15:59:04.522+0000] {logging_mixin.py:190} INFO - [2025-03-09T15:59:04.522+0000] {dag.py:4180} INFO - Setting next_dagrun for tutorial_dag to None, run_after=None
[2025-03-09T15:59:04.538+0000] {processor.py:208} INFO - Processing /home/airflow/.local/lib/python3.12/site-packages/airflow/example_dags/tutorial_dag.py took 0.056 seconds
[2025-03-09T15:59:35.341+0000] {processor.py:186} INFO - Started process (PID=8792) to work on /home/airflow/.local/lib/python3.12/site-packages/airflow/example_dags/tutorial_dag.py
[2025-03-09T15:59:35.342+0000] {processor.py:914} INFO - Processing file /home/airflow/.local/lib/python3.12/site-packages/airflow/example_dags/tutorial_dag.py for tasks to queue
[2025-03-09T15:59:35.343+0000] {logging_mixin.py:190} INFO - [2025-03-09T15:59:35.343+0000] {dagbag.py:588} INFO - Filling up the DagBag from /home/airflow/.local/lib/python3.12/site-packages/airflow/example_dags/tutorial_dag.py
[2025-03-09T15:59:35.347+0000] {processor.py:925} INFO - DAG(s) 'tutorial_dag' retrieved from /home/airflow/.local/lib/python3.12/site-packages/airflow/example_dags/tutorial_dag.py
[2025-03-09T15:59:35.360+0000] {logging_mixin.py:190} INFO - [2025-03-09T15:59:35.360+0000] {dag.py:3239} INFO - Sync 1 DAGs
[2025-03-09T15:59:35.369+0000] {logging_mixin.py:190} INFO - [2025-03-09T15:59:35.368+0000] {dag.py:4180} INFO - Setting next_dagrun for tutorial_dag to None, run_after=None
[2025-03-09T15:59:35.382+0000] {processor.py:208} INFO - Processing /home/airflow/.local/lib/python3.12/site-packages/airflow/example_dags/tutorial_dag.py took 0.045 seconds
[2025-03-09T16:00:06.100+0000] {processor.py:186} INFO - Started process (PID=9118) to work on /home/airflow/.local/lib/python3.12/site-packages/airflow/example_dags/tutorial_dag.py
[2025-03-09T16:00:06.100+0000] {processor.py:914} INFO - Processing file /home/airflow/.local/lib/python3.12/site-packages/airflow/example_dags/tutorial_dag.py for tasks to queue
[2025-03-09T16:00:06.101+0000] {logging_mixin.py:190} INFO - [2025-03-09T16:00:06.101+0000] {dagbag.py:588} INFO - Filling up the DagBag from /home/airflow/.local/lib/python3.12/site-packages/airflow/example_dags/tutorial_dag.py
[2025-03-09T16:00:06.106+0000] {processor.py:925} INFO - DAG(s) 'tutorial_dag' retrieved from /home/airflow/.local/lib/python3.12/site-packages/airflow/example_dags/tutorial_dag.py
[2025-03-09T16:00:06.119+0000] {logging_mixin.py:190} INFO - [2025-03-09T16:00:06.118+0000] {dag.py:3239} INFO - Sync 1 DAGs
[2025-03-09T16:00:06.128+0000] {logging_mixin.py:190} INFO - [2025-03-09T16:00:06.128+0000] {dag.py:4180} INFO - Setting next_dagrun for tutorial_dag to None, run_after=None
[2025-03-09T16:00:06.141+0000] {processor.py:208} INFO - Processing /home/airflow/.local/lib/python3.12/site-packages/airflow/example_dags/tutorial_dag.py took 0.045 seconds
[2025-03-09T16:00:36.598+0000] {processor.py:186} INFO - Started process (PID=9444) to work on /home/airflow/.local/lib/python3.12/site-packages/airflow/example_dags/tutorial_dag.py
[2025-03-09T16:00:36.599+0000] {processor.py:914} INFO - Processing file /home/airflow/.local/lib/python3.12/site-packages/airflow/example_dags/tutorial_dag.py for tasks to queue
[2025-03-09T16:00:36.600+0000] {logging_mixin.py:190} INFO - [2025-03-09T16:00:36.599+0000] {dagbag.py:588} INFO - Filling up the DagBag from /home/airflow/.local/lib/python3.12/site-packages/airflow/example_dags/tutorial_dag.py
[2025-03-09T16:00:36.604+0000] {processor.py:925} INFO - DAG(s) 'tutorial_dag' retrieved from /home/airflow/.local/lib/python3.12/site-packages/airflow/example_dags/tutorial_dag.py
[2025-03-09T16:00:36.617+0000] {logging_mixin.py:190} INFO - [2025-03-09T16:00:36.617+0000] {dag.py:3239} INFO - Sync 1 DAGs
[2025-03-09T16:00:36.626+0000] {logging_mixin.py:190} INFO - [2025-03-09T16:00:36.626+0000] {dag.py:4180} INFO - Setting next_dagrun for tutorial_dag to None, run_after=None
[2025-03-09T16:00:36.640+0000] {processor.py:208} INFO - Processing /home/airflow/.local/lib/python3.12/site-packages/airflow/example_dags/tutorial_dag.py took 0.047 seconds
[2025-03-09T16:01:07.187+0000] {processor.py:186} INFO - Started process (PID=9770) to work on /home/airflow/.local/lib/python3.12/site-packages/airflow/example_dags/tutorial_dag.py
[2025-03-09T16:01:07.188+0000] {processor.py:914} INFO - Processing file /home/airflow/.local/lib/python3.12/site-packages/airflow/example_dags/tutorial_dag.py for tasks to queue
[2025-03-09T16:01:07.189+0000] {logging_mixin.py:190} INFO - [2025-03-09T16:01:07.189+0000] {dagbag.py:588} INFO - Filling up the DagBag from /home/airflow/.local/lib/python3.12/site-packages/airflow/example_dags/tutorial_dag.py
[2025-03-09T16:01:07.193+0000] {processor.py:925} INFO - DAG(s) 'tutorial_dag' retrieved from /home/airflow/.local/lib/python3.12/site-packages/airflow/example_dags/tutorial_dag.py
[2025-03-09T16:01:07.208+0000] {logging_mixin.py:190} INFO - [2025-03-09T16:01:07.208+0000] {dag.py:3239} INFO - Sync 1 DAGs
[2025-03-09T16:01:07.218+0000] {logging_mixin.py:190} INFO - [2025-03-09T16:01:07.218+0000] {dag.py:4180} INFO - Setting next_dagrun for tutorial_dag to None, run_after=None
[2025-03-09T16:01:07.234+0000] {processor.py:208} INFO - Processing /home/airflow/.local/lib/python3.12/site-packages/airflow/example_dags/tutorial_dag.py took 0.050 seconds
[2025-03-09T16:01:37.805+0000] {processor.py:186} INFO - Started process (PID=10096) to work on /home/airflow/.local/lib/python3.12/site-packages/airflow/example_dags/tutorial_dag.py
[2025-03-09T16:01:37.806+0000] {processor.py:914} INFO - Processing file /home/airflow/.local/lib/python3.12/site-packages/airflow/example_dags/tutorial_dag.py for tasks to queue
[2025-03-09T16:01:37.807+0000] {logging_mixin.py:190} INFO - [2025-03-09T16:01:37.807+0000] {dagbag.py:588} INFO - Filling up the DagBag from /home/airflow/.local/lib/python3.12/site-packages/airflow/example_dags/tutorial_dag.py
[2025-03-09T16:01:37.811+0000] {processor.py:925} INFO - DAG(s) 'tutorial_dag' retrieved from /home/airflow/.local/lib/python3.12/site-packages/airflow/example_dags/tutorial_dag.py
[2025-03-09T16:01:37.826+0000] {logging_mixin.py:190} INFO - [2025-03-09T16:01:37.825+0000] {dag.py:3239} INFO - Sync 1 DAGs
[2025-03-09T16:01:37.834+0000] {logging_mixin.py:190} INFO - [2025-03-09T16:01:37.834+0000] {dag.py:4180} INFO - Setting next_dagrun for tutorial_dag to None, run_after=None
[2025-03-09T16:01:37.849+0000] {processor.py:208} INFO - Processing /home/airflow/.local/lib/python3.12/site-packages/airflow/example_dags/tutorial_dag.py took 0.047 seconds
[2025-03-09T16:02:08.353+0000] {processor.py:186} INFO - Started process (PID=10422) to work on /home/airflow/.local/lib/python3.12/site-packages/airflow/example_dags/tutorial_dag.py
[2025-03-09T16:02:08.354+0000] {processor.py:914} INFO - Processing file /home/airflow/.local/lib/python3.12/site-packages/airflow/example_dags/tutorial_dag.py for tasks to queue
[2025-03-09T16:02:08.355+0000] {logging_mixin.py:190} INFO - [2025-03-09T16:02:08.355+0000] {dagbag.py:588} INFO - Filling up the DagBag from /home/airflow/.local/lib/python3.12/site-packages/airflow/example_dags/tutorial_dag.py
[2025-03-09T16:02:08.359+0000] {processor.py:925} INFO - DAG(s) 'tutorial_dag' retrieved from /home/airflow/.local/lib/python3.12/site-packages/airflow/example_dags/tutorial_dag.py
[2025-03-09T16:02:08.371+0000] {logging_mixin.py:190} INFO - [2025-03-09T16:02:08.370+0000] {dag.py:3239} INFO - Sync 1 DAGs
[2025-03-09T16:02:08.379+0000] {logging_mixin.py:190} INFO - [2025-03-09T16:02:08.379+0000] {dag.py:4180} INFO - Setting next_dagrun for tutorial_dag to None, run_after=None
[2025-03-09T16:02:08.394+0000] {processor.py:208} INFO - Processing /home/airflow/.local/lib/python3.12/site-packages/airflow/example_dags/tutorial_dag.py took 0.045 seconds
[2025-03-09T16:02:39.240+0000] {processor.py:186} INFO - Started process (PID=10750) to work on /home/airflow/.local/lib/python3.12/site-packages/airflow/example_dags/tutorial_dag.py
[2025-03-09T16:02:39.242+0000] {processor.py:914} INFO - Processing file /home/airflow/.local/lib/python3.12/site-packages/airflow/example_dags/tutorial_dag.py for tasks to queue
[2025-03-09T16:02:39.243+0000] {logging_mixin.py:190} INFO - [2025-03-09T16:02:39.243+0000] {dagbag.py:588} INFO - Filling up the DagBag from /home/airflow/.local/lib/python3.12/site-packages/airflow/example_dags/tutorial_dag.py
[2025-03-09T16:02:39.249+0000] {processor.py:925} INFO - DAG(s) 'tutorial_dag' retrieved from /home/airflow/.local/lib/python3.12/site-packages/airflow/example_dags/tutorial_dag.py
[2025-03-09T16:02:39.266+0000] {logging_mixin.py:190} INFO - [2025-03-09T16:02:39.265+0000] {dag.py:3239} INFO - Sync 1 DAGs
[2025-03-09T16:02:39.275+0000] {logging_mixin.py:190} INFO - [2025-03-09T16:02:39.275+0000] {dag.py:4180} INFO - Setting next_dagrun for tutorial_dag to None, run_after=None
[2025-03-09T16:02:39.291+0000] {processor.py:208} INFO - Processing /home/airflow/.local/lib/python3.12/site-packages/airflow/example_dags/tutorial_dag.py took 0.054 seconds
[2025-03-09T16:03:09.646+0000] {processor.py:186} INFO - Started process (PID=11074) to work on /home/airflow/.local/lib/python3.12/site-packages/airflow/example_dags/tutorial_dag.py
[2025-03-09T16:03:09.646+0000] {processor.py:914} INFO - Processing file /home/airflow/.local/lib/python3.12/site-packages/airflow/example_dags/tutorial_dag.py for tasks to queue
[2025-03-09T16:03:09.647+0000] {logging_mixin.py:190} INFO - [2025-03-09T16:03:09.647+0000] {dagbag.py:588} INFO - Filling up the DagBag from /home/airflow/.local/lib/python3.12/site-packages/airflow/example_dags/tutorial_dag.py
[2025-03-09T16:03:09.652+0000] {processor.py:925} INFO - DAG(s) 'tutorial_dag' retrieved from /home/airflow/.local/lib/python3.12/site-packages/airflow/example_dags/tutorial_dag.py
[2025-03-09T16:03:09.666+0000] {logging_mixin.py:190} INFO - [2025-03-09T16:03:09.666+0000] {dag.py:3239} INFO - Sync 1 DAGs
[2025-03-09T16:03:09.676+0000] {logging_mixin.py:190} INFO - [2025-03-09T16:03:09.676+0000] {dag.py:4180} INFO - Setting next_dagrun for tutorial_dag to None, run_after=None
[2025-03-09T16:03:09.695+0000] {processor.py:208} INFO - Processing /home/airflow/.local/lib/python3.12/site-packages/airflow/example_dags/tutorial_dag.py took 0.052 seconds
[2025-03-09T16:03:40.591+0000] {processor.py:186} INFO - Started process (PID=11400) to work on /home/airflow/.local/lib/python3.12/site-packages/airflow/example_dags/tutorial_dag.py
[2025-03-09T16:03:40.591+0000] {processor.py:914} INFO - Processing file /home/airflow/.local/lib/python3.12/site-packages/airflow/example_dags/tutorial_dag.py for tasks to queue
[2025-03-09T16:03:40.592+0000] {logging_mixin.py:190} INFO - [2025-03-09T16:03:40.592+0000] {dagbag.py:588} INFO - Filling up the DagBag from /home/airflow/.local/lib/python3.12/site-packages/airflow/example_dags/tutorial_dag.py
[2025-03-09T16:03:40.597+0000] {processor.py:925} INFO - DAG(s) 'tutorial_dag' retrieved from /home/airflow/.local/lib/python3.12/site-packages/airflow/example_dags/tutorial_dag.py
[2025-03-09T16:03:40.612+0000] {logging_mixin.py:190} INFO - [2025-03-09T16:03:40.611+0000] {dag.py:3239} INFO - Sync 1 DAGs
[2025-03-09T16:03:40.620+0000] {logging_mixin.py:190} INFO - [2025-03-09T16:03:40.620+0000] {dag.py:4180} INFO - Setting next_dagrun for tutorial_dag to None, run_after=None
[2025-03-09T16:03:40.634+0000] {processor.py:208} INFO - Processing /home/airflow/.local/lib/python3.12/site-packages/airflow/example_dags/tutorial_dag.py took 0.047 seconds
[2025-03-09T16:04:11.267+0000] {processor.py:186} INFO - Started process (PID=11726) to work on /home/airflow/.local/lib/python3.12/site-packages/airflow/example_dags/tutorial_dag.py
[2025-03-09T16:04:11.267+0000] {processor.py:914} INFO - Processing file /home/airflow/.local/lib/python3.12/site-packages/airflow/example_dags/tutorial_dag.py for tasks to queue
[2025-03-09T16:04:11.269+0000] {logging_mixin.py:190} INFO - [2025-03-09T16:04:11.268+0000] {dagbag.py:588} INFO - Filling up the DagBag from /home/airflow/.local/lib/python3.12/site-packages/airflow/example_dags/tutorial_dag.py
[2025-03-09T16:04:11.273+0000] {processor.py:925} INFO - DAG(s) 'tutorial_dag' retrieved from /home/airflow/.local/lib/python3.12/site-packages/airflow/example_dags/tutorial_dag.py
[2025-03-09T16:04:11.287+0000] {logging_mixin.py:190} INFO - [2025-03-09T16:04:11.287+0000] {dag.py:3239} INFO - Sync 1 DAGs
[2025-03-09T16:04:11.295+0000] {logging_mixin.py:190} INFO - [2025-03-09T16:04:11.295+0000] {dag.py:4180} INFO - Setting next_dagrun for tutorial_dag to None, run_after=None
[2025-03-09T16:04:11.306+0000] {processor.py:208} INFO - Processing /home/airflow/.local/lib/python3.12/site-packages/airflow/example_dags/tutorial_dag.py took 0.043 seconds
[2025-03-09T16:04:42.163+0000] {processor.py:186} INFO - Started process (PID=12052) to work on /home/airflow/.local/lib/python3.12/site-packages/airflow/example_dags/tutorial_dag.py
[2025-03-09T16:04:42.163+0000] {processor.py:914} INFO - Processing file /home/airflow/.local/lib/python3.12/site-packages/airflow/example_dags/tutorial_dag.py for tasks to queue
[2025-03-09T16:04:42.164+0000] {logging_mixin.py:190} INFO - [2025-03-09T16:04:42.164+0000] {dagbag.py:588} INFO - Filling up the DagBag from /home/airflow/.local/lib/python3.12/site-packages/airflow/example_dags/tutorial_dag.py
[2025-03-09T16:04:42.169+0000] {processor.py:925} INFO - DAG(s) 'tutorial_dag' retrieved from /home/airflow/.local/lib/python3.12/site-packages/airflow/example_dags/tutorial_dag.py
[2025-03-09T16:04:42.181+0000] {logging_mixin.py:190} INFO - [2025-03-09T16:04:42.181+0000] {dag.py:3239} INFO - Sync 1 DAGs
[2025-03-09T16:04:42.191+0000] {logging_mixin.py:190} INFO - [2025-03-09T16:04:42.191+0000] {dag.py:4180} INFO - Setting next_dagrun for tutorial_dag to None, run_after=None
[2025-03-09T16:04:42.205+0000] {processor.py:208} INFO - Processing /home/airflow/.local/lib/python3.12/site-packages/airflow/example_dags/tutorial_dag.py took 0.046 seconds
[2025-03-09T16:05:13.142+0000] {processor.py:186} INFO - Started process (PID=12378) to work on /home/airflow/.local/lib/python3.12/site-packages/airflow/example_dags/tutorial_dag.py
[2025-03-09T16:05:13.143+0000] {processor.py:914} INFO - Processing file /home/airflow/.local/lib/python3.12/site-packages/airflow/example_dags/tutorial_dag.py for tasks to queue
[2025-03-09T16:05:13.144+0000] {logging_mixin.py:190} INFO - [2025-03-09T16:05:13.144+0000] {dagbag.py:588} INFO - Filling up the DagBag from /home/airflow/.local/lib/python3.12/site-packages/airflow/example_dags/tutorial_dag.py
[2025-03-09T16:05:13.148+0000] {processor.py:925} INFO - DAG(s) 'tutorial_dag' retrieved from /home/airflow/.local/lib/python3.12/site-packages/airflow/example_dags/tutorial_dag.py
[2025-03-09T16:05:13.161+0000] {logging_mixin.py:190} INFO - [2025-03-09T16:05:13.161+0000] {dag.py:3239} INFO - Sync 1 DAGs
[2025-03-09T16:05:13.171+0000] {logging_mixin.py:190} INFO - [2025-03-09T16:05:13.171+0000] {dag.py:4180} INFO - Setting next_dagrun for tutorial_dag to None, run_after=None
[2025-03-09T16:05:13.188+0000] {processor.py:208} INFO - Processing /home/airflow/.local/lib/python3.12/site-packages/airflow/example_dags/tutorial_dag.py took 0.050 seconds
[2025-03-09T16:05:43.820+0000] {processor.py:186} INFO - Started process (PID=12704) to work on /home/airflow/.local/lib/python3.12/site-packages/airflow/example_dags/tutorial_dag.py
[2025-03-09T16:05:43.820+0000] {processor.py:914} INFO - Processing file /home/airflow/.local/lib/python3.12/site-packages/airflow/example_dags/tutorial_dag.py for tasks to queue
[2025-03-09T16:05:43.822+0000] {logging_mixin.py:190} INFO - [2025-03-09T16:05:43.821+0000] {dagbag.py:588} INFO - Filling up the DagBag from /home/airflow/.local/lib/python3.12/site-packages/airflow/example_dags/tutorial_dag.py
[2025-03-09T16:05:43.826+0000] {processor.py:925} INFO - DAG(s) 'tutorial_dag' retrieved from /home/airflow/.local/lib/python3.12/site-packages/airflow/example_dags/tutorial_dag.py
[2025-03-09T16:05:43.842+0000] {logging_mixin.py:190} INFO - [2025-03-09T16:05:43.842+0000] {dag.py:3239} INFO - Sync 1 DAGs
[2025-03-09T16:05:43.852+0000] {logging_mixin.py:190} INFO - [2025-03-09T16:05:43.852+0000] {dag.py:4180} INFO - Setting next_dagrun for tutorial_dag to None, run_after=None
[2025-03-09T16:05:43.865+0000] {processor.py:208} INFO - Processing /home/airflow/.local/lib/python3.12/site-packages/airflow/example_dags/tutorial_dag.py took 0.050 seconds
[2025-03-09T16:06:14.427+0000] {processor.py:186} INFO - Started process (PID=13030) to work on /home/airflow/.local/lib/python3.12/site-packages/airflow/example_dags/tutorial_dag.py
[2025-03-09T16:06:14.428+0000] {processor.py:914} INFO - Processing file /home/airflow/.local/lib/python3.12/site-packages/airflow/example_dags/tutorial_dag.py for tasks to queue
[2025-03-09T16:06:14.429+0000] {logging_mixin.py:190} INFO - [2025-03-09T16:06:14.429+0000] {dagbag.py:588} INFO - Filling up the DagBag from /home/airflow/.local/lib/python3.12/site-packages/airflow/example_dags/tutorial_dag.py
[2025-03-09T16:06:14.433+0000] {processor.py:925} INFO - DAG(s) 'tutorial_dag' retrieved from /home/airflow/.local/lib/python3.12/site-packages/airflow/example_dags/tutorial_dag.py
[2025-03-09T16:06:14.448+0000] {logging_mixin.py:190} INFO - [2025-03-09T16:06:14.448+0000] {dag.py:3239} INFO - Sync 1 DAGs
[2025-03-09T16:06:14.458+0000] {logging_mixin.py:190} INFO - [2025-03-09T16:06:14.458+0000] {dag.py:4180} INFO - Setting next_dagrun for tutorial_dag to None, run_after=None
[2025-03-09T16:06:14.473+0000] {processor.py:208} INFO - Processing /home/airflow/.local/lib/python3.12/site-packages/airflow/example_dags/tutorial_dag.py took 0.049 seconds
[2025-03-09T16:06:44.932+0000] {processor.py:186} INFO - Started process (PID=13356) to work on /home/airflow/.local/lib/python3.12/site-packages/airflow/example_dags/tutorial_dag.py
[2025-03-09T16:06:44.933+0000] {processor.py:914} INFO - Processing file /home/airflow/.local/lib/python3.12/site-packages/airflow/example_dags/tutorial_dag.py for tasks to queue
[2025-03-09T16:06:44.934+0000] {logging_mixin.py:190} INFO - [2025-03-09T16:06:44.934+0000] {dagbag.py:588} INFO - Filling up the DagBag from /home/airflow/.local/lib/python3.12/site-packages/airflow/example_dags/tutorial_dag.py
[2025-03-09T16:06:44.938+0000] {processor.py:925} INFO - DAG(s) 'tutorial_dag' retrieved from /home/airflow/.local/lib/python3.12/site-packages/airflow/example_dags/tutorial_dag.py
[2025-03-09T16:06:44.951+0000] {logging_mixin.py:190} INFO - [2025-03-09T16:06:44.951+0000] {dag.py:3239} INFO - Sync 1 DAGs
[2025-03-09T16:06:44.960+0000] {logging_mixin.py:190} INFO - [2025-03-09T16:06:44.960+0000] {dag.py:4180} INFO - Setting next_dagrun for tutorial_dag to None, run_after=None
[2025-03-09T16:06:44.974+0000] {processor.py:208} INFO - Processing /home/airflow/.local/lib/python3.12/site-packages/airflow/example_dags/tutorial_dag.py took 0.045 seconds
[2025-03-09T16:07:15.614+0000] {processor.py:186} INFO - Started process (PID=13682) to work on /home/airflow/.local/lib/python3.12/site-packages/airflow/example_dags/tutorial_dag.py
[2025-03-09T16:07:15.614+0000] {processor.py:914} INFO - Processing file /home/airflow/.local/lib/python3.12/site-packages/airflow/example_dags/tutorial_dag.py for tasks to queue
[2025-03-09T16:07:15.616+0000] {logging_mixin.py:190} INFO - [2025-03-09T16:07:15.615+0000] {dagbag.py:588} INFO - Filling up the DagBag from /home/airflow/.local/lib/python3.12/site-packages/airflow/example_dags/tutorial_dag.py
[2025-03-09T16:07:15.620+0000] {processor.py:925} INFO - DAG(s) 'tutorial_dag' retrieved from /home/airflow/.local/lib/python3.12/site-packages/airflow/example_dags/tutorial_dag.py
[2025-03-09T16:07:15.633+0000] {logging_mixin.py:190} INFO - [2025-03-09T16:07:15.632+0000] {dag.py:3239} INFO - Sync 1 DAGs
[2025-03-09T16:07:15.641+0000] {logging_mixin.py:190} INFO - [2025-03-09T16:07:15.641+0000] {dag.py:4180} INFO - Setting next_dagrun for tutorial_dag to None, run_after=None
[2025-03-09T16:07:15.657+0000] {processor.py:208} INFO - Processing /home/airflow/.local/lib/python3.12/site-packages/airflow/example_dags/tutorial_dag.py took 0.046 seconds
[2025-03-09T16:07:45.838+0000] {processor.py:186} INFO - Started process (PID=14003) to work on /home/airflow/.local/lib/python3.12/site-packages/airflow/example_dags/tutorial_dag.py
[2025-03-09T16:07:45.841+0000] {processor.py:914} INFO - Processing file /home/airflow/.local/lib/python3.12/site-packages/airflow/example_dags/tutorial_dag.py for tasks to queue
[2025-03-09T16:07:45.844+0000] {logging_mixin.py:190} INFO - [2025-03-09T16:07:45.843+0000] {dagbag.py:588} INFO - Filling up the DagBag from /home/airflow/.local/lib/python3.12/site-packages/airflow/example_dags/tutorial_dag.py
[2025-03-09T16:07:45.850+0000] {processor.py:925} INFO - DAG(s) 'tutorial_dag' retrieved from /home/airflow/.local/lib/python3.12/site-packages/airflow/example_dags/tutorial_dag.py
[2025-03-09T16:07:45.864+0000] {logging_mixin.py:190} INFO - [2025-03-09T16:07:45.864+0000] {dag.py:3239} INFO - Sync 1 DAGs
[2025-03-09T16:07:45.872+0000] {logging_mixin.py:190} INFO - [2025-03-09T16:07:45.872+0000] {dag.py:4180} INFO - Setting next_dagrun for tutorial_dag to None, run_after=None
[2025-03-09T16:07:45.885+0000] {processor.py:208} INFO - Processing /home/airflow/.local/lib/python3.12/site-packages/airflow/example_dags/tutorial_dag.py took 0.052 seconds
[2025-03-09T16:08:16.012+0000] {processor.py:186} INFO - Started process (PID=14330) to work on /home/airflow/.local/lib/python3.12/site-packages/airflow/example_dags/tutorial_dag.py
[2025-03-09T16:08:16.013+0000] {processor.py:914} INFO - Processing file /home/airflow/.local/lib/python3.12/site-packages/airflow/example_dags/tutorial_dag.py for tasks to queue
[2025-03-09T16:08:16.014+0000] {logging_mixin.py:190} INFO - [2025-03-09T16:08:16.014+0000] {dagbag.py:588} INFO - Filling up the DagBag from /home/airflow/.local/lib/python3.12/site-packages/airflow/example_dags/tutorial_dag.py
[2025-03-09T16:08:16.019+0000] {processor.py:925} INFO - DAG(s) 'tutorial_dag' retrieved from /home/airflow/.local/lib/python3.12/site-packages/airflow/example_dags/tutorial_dag.py
[2025-03-09T16:08:16.033+0000] {logging_mixin.py:190} INFO - [2025-03-09T16:08:16.033+0000] {dag.py:3239} INFO - Sync 1 DAGs
[2025-03-09T16:08:16.044+0000] {logging_mixin.py:190} INFO - [2025-03-09T16:08:16.044+0000] {dag.py:4180} INFO - Setting next_dagrun for tutorial_dag to None, run_after=None
[2025-03-09T16:08:16.059+0000] {processor.py:208} INFO - Processing /home/airflow/.local/lib/python3.12/site-packages/airflow/example_dags/tutorial_dag.py took 0.052 seconds
[2025-03-09T16:08:46.742+0000] {processor.py:186} INFO - Started process (PID=14656) to work on /home/airflow/.local/lib/python3.12/site-packages/airflow/example_dags/tutorial_dag.py
[2025-03-09T16:08:46.742+0000] {processor.py:914} INFO - Processing file /home/airflow/.local/lib/python3.12/site-packages/airflow/example_dags/tutorial_dag.py for tasks to queue
[2025-03-09T16:08:46.743+0000] {logging_mixin.py:190} INFO - [2025-03-09T16:08:46.743+0000] {dagbag.py:588} INFO - Filling up the DagBag from /home/airflow/.local/lib/python3.12/site-packages/airflow/example_dags/tutorial_dag.py
[2025-03-09T16:08:46.748+0000] {processor.py:925} INFO - DAG(s) 'tutorial_dag' retrieved from /home/airflow/.local/lib/python3.12/site-packages/airflow/example_dags/tutorial_dag.py
[2025-03-09T16:08:46.761+0000] {logging_mixin.py:190} INFO - [2025-03-09T16:08:46.761+0000] {dag.py:3239} INFO - Sync 1 DAGs
[2025-03-09T16:08:46.770+0000] {logging_mixin.py:190} INFO - [2025-03-09T16:08:46.770+0000] {dag.py:4180} INFO - Setting next_dagrun for tutorial_dag to None, run_after=None
[2025-03-09T16:08:46.787+0000] {processor.py:208} INFO - Processing /home/airflow/.local/lib/python3.12/site-packages/airflow/example_dags/tutorial_dag.py took 0.049 seconds
[2025-03-09T16:09:16.879+0000] {processor.py:186} INFO - Started process (PID=14982) to work on /home/airflow/.local/lib/python3.12/site-packages/airflow/example_dags/tutorial_dag.py
[2025-03-09T16:09:16.880+0000] {processor.py:914} INFO - Processing file /home/airflow/.local/lib/python3.12/site-packages/airflow/example_dags/tutorial_dag.py for tasks to queue
[2025-03-09T16:09:16.881+0000] {logging_mixin.py:190} INFO - [2025-03-09T16:09:16.881+0000] {dagbag.py:588} INFO - Filling up the DagBag from /home/airflow/.local/lib/python3.12/site-packages/airflow/example_dags/tutorial_dag.py
[2025-03-09T16:09:16.885+0000] {processor.py:925} INFO - DAG(s) 'tutorial_dag' retrieved from /home/airflow/.local/lib/python3.12/site-packages/airflow/example_dags/tutorial_dag.py
[2025-03-09T16:09:16.899+0000] {logging_mixin.py:190} INFO - [2025-03-09T16:09:16.899+0000] {dag.py:3239} INFO - Sync 1 DAGs
[2025-03-09T16:09:16.907+0000] {logging_mixin.py:190} INFO - [2025-03-09T16:09:16.907+0000] {dag.py:4180} INFO - Setting next_dagrun for tutorial_dag to None, run_after=None
[2025-03-09T16:09:16.919+0000] {processor.py:208} INFO - Processing /home/airflow/.local/lib/python3.12/site-packages/airflow/example_dags/tutorial_dag.py took 0.045 seconds
[2025-03-09T16:09:46.964+0000] {processor.py:186} INFO - Started process (PID=15308) to work on /home/airflow/.local/lib/python3.12/site-packages/airflow/example_dags/tutorial_dag.py
[2025-03-09T16:09:46.964+0000] {processor.py:914} INFO - Processing file /home/airflow/.local/lib/python3.12/site-packages/airflow/example_dags/tutorial_dag.py for tasks to queue
[2025-03-09T16:09:46.966+0000] {logging_mixin.py:190} INFO - [2025-03-09T16:09:46.965+0000] {dagbag.py:588} INFO - Filling up the DagBag from /home/airflow/.local/lib/python3.12/site-packages/airflow/example_dags/tutorial_dag.py
[2025-03-09T16:09:46.970+0000] {processor.py:925} INFO - DAG(s) 'tutorial_dag' retrieved from /home/airflow/.local/lib/python3.12/site-packages/airflow/example_dags/tutorial_dag.py
[2025-03-09T16:09:46.984+0000] {logging_mixin.py:190} INFO - [2025-03-09T16:09:46.984+0000] {dag.py:3239} INFO - Sync 1 DAGs
[2025-03-09T16:09:47.003+0000] {logging_mixin.py:190} INFO - [2025-03-09T16:09:47.003+0000] {dag.py:4180} INFO - Setting next_dagrun for tutorial_dag to None, run_after=None
[2025-03-09T16:09:47.022+0000] {processor.py:208} INFO - Processing /home/airflow/.local/lib/python3.12/site-packages/airflow/example_dags/tutorial_dag.py took 0.062 seconds
[2025-03-09T16:10:17.710+0000] {processor.py:186} INFO - Started process (PID=15634) to work on /home/airflow/.local/lib/python3.12/site-packages/airflow/example_dags/tutorial_dag.py
[2025-03-09T16:10:17.714+0000] {processor.py:914} INFO - Processing file /home/airflow/.local/lib/python3.12/site-packages/airflow/example_dags/tutorial_dag.py for tasks to queue
[2025-03-09T16:10:17.717+0000] {logging_mixin.py:190} INFO - [2025-03-09T16:10:17.717+0000] {dagbag.py:588} INFO - Filling up the DagBag from /home/airflow/.local/lib/python3.12/site-packages/airflow/example_dags/tutorial_dag.py
[2025-03-09T16:10:17.723+0000] {processor.py:925} INFO - DAG(s) 'tutorial_dag' retrieved from /home/airflow/.local/lib/python3.12/site-packages/airflow/example_dags/tutorial_dag.py
[2025-03-09T16:10:17.740+0000] {logging_mixin.py:190} INFO - [2025-03-09T16:10:17.739+0000] {dag.py:3239} INFO - Sync 1 DAGs
[2025-03-09T16:10:17.748+0000] {logging_mixin.py:190} INFO - [2025-03-09T16:10:17.748+0000] {dag.py:4180} INFO - Setting next_dagrun for tutorial_dag to None, run_after=None
[2025-03-09T16:10:17.763+0000] {processor.py:208} INFO - Processing /home/airflow/.local/lib/python3.12/site-packages/airflow/example_dags/tutorial_dag.py took 0.059 seconds
[2025-03-09T16:10:48.154+0000] {processor.py:186} INFO - Started process (PID=15960) to work on /home/airflow/.local/lib/python3.12/site-packages/airflow/example_dags/tutorial_dag.py
[2025-03-09T16:10:48.155+0000] {processor.py:914} INFO - Processing file /home/airflow/.local/lib/python3.12/site-packages/airflow/example_dags/tutorial_dag.py for tasks to queue
[2025-03-09T16:10:48.156+0000] {logging_mixin.py:190} INFO - [2025-03-09T16:10:48.156+0000] {dagbag.py:588} INFO - Filling up the DagBag from /home/airflow/.local/lib/python3.12/site-packages/airflow/example_dags/tutorial_dag.py
[2025-03-09T16:10:48.161+0000] {processor.py:925} INFO - DAG(s) 'tutorial_dag' retrieved from /home/airflow/.local/lib/python3.12/site-packages/airflow/example_dags/tutorial_dag.py
[2025-03-09T16:10:48.175+0000] {logging_mixin.py:190} INFO - [2025-03-09T16:10:48.174+0000] {dag.py:3239} INFO - Sync 1 DAGs
[2025-03-09T16:10:48.187+0000] {logging_mixin.py:190} INFO - [2025-03-09T16:10:48.187+0000] {dag.py:4180} INFO - Setting next_dagrun for tutorial_dag to None, run_after=None
[2025-03-09T16:10:48.206+0000] {processor.py:208} INFO - Processing /home/airflow/.local/lib/python3.12/site-packages/airflow/example_dags/tutorial_dag.py took 0.056 seconds
[2025-03-09T16:11:18.810+0000] {processor.py:186} INFO - Started process (PID=16292) to work on /home/airflow/.local/lib/python3.12/site-packages/airflow/example_dags/tutorial_dag.py
[2025-03-09T16:11:18.817+0000] {processor.py:914} INFO - Processing file /home/airflow/.local/lib/python3.12/site-packages/airflow/example_dags/tutorial_dag.py for tasks to queue
[2025-03-09T16:11:18.819+0000] {logging_mixin.py:190} INFO - [2025-03-09T16:11:18.818+0000] {dagbag.py:588} INFO - Filling up the DagBag from /home/airflow/.local/lib/python3.12/site-packages/airflow/example_dags/tutorial_dag.py
[2025-03-09T16:11:18.823+0000] {processor.py:925} INFO - DAG(s) 'tutorial_dag' retrieved from /home/airflow/.local/lib/python3.12/site-packages/airflow/example_dags/tutorial_dag.py
[2025-03-09T16:11:18.840+0000] {logging_mixin.py:190} INFO - [2025-03-09T16:11:18.839+0000] {dag.py:3239} INFO - Sync 1 DAGs
[2025-03-09T16:11:18.851+0000] {logging_mixin.py:190} INFO - [2025-03-09T16:11:18.851+0000] {dag.py:4180} INFO - Setting next_dagrun for tutorial_dag to None, run_after=None
[2025-03-09T16:11:18.868+0000] {processor.py:208} INFO - Processing /home/airflow/.local/lib/python3.12/site-packages/airflow/example_dags/tutorial_dag.py took 0.062 seconds
[2025-03-09T16:11:49.326+0000] {processor.py:186} INFO - Started process (PID=16618) to work on /home/airflow/.local/lib/python3.12/site-packages/airflow/example_dags/tutorial_dag.py
[2025-03-09T16:11:49.334+0000] {processor.py:914} INFO - Processing file /home/airflow/.local/lib/python3.12/site-packages/airflow/example_dags/tutorial_dag.py for tasks to queue
[2025-03-09T16:11:49.335+0000] {logging_mixin.py:190} INFO - [2025-03-09T16:11:49.335+0000] {dagbag.py:588} INFO - Filling up the DagBag from /home/airflow/.local/lib/python3.12/site-packages/airflow/example_dags/tutorial_dag.py
[2025-03-09T16:11:49.339+0000] {processor.py:925} INFO - DAG(s) 'tutorial_dag' retrieved from /home/airflow/.local/lib/python3.12/site-packages/airflow/example_dags/tutorial_dag.py
[2025-03-09T16:11:49.352+0000] {logging_mixin.py:190} INFO - [2025-03-09T16:11:49.352+0000] {dag.py:3239} INFO - Sync 1 DAGs
[2025-03-09T16:11:49.360+0000] {logging_mixin.py:190} INFO - [2025-03-09T16:11:49.360+0000] {dag.py:4180} INFO - Setting next_dagrun for tutorial_dag to None, run_after=None
[2025-03-09T16:11:49.371+0000] {processor.py:208} INFO - Processing /home/airflow/.local/lib/python3.12/site-packages/airflow/example_dags/tutorial_dag.py took 0.049 seconds
[2025-03-09T16:12:20.168+0000] {processor.py:186} INFO - Started process (PID=16944) to work on /home/airflow/.local/lib/python3.12/site-packages/airflow/example_dags/tutorial_dag.py
[2025-03-09T16:12:20.170+0000] {processor.py:914} INFO - Processing file /home/airflow/.local/lib/python3.12/site-packages/airflow/example_dags/tutorial_dag.py for tasks to queue
[2025-03-09T16:12:20.171+0000] {logging_mixin.py:190} INFO - [2025-03-09T16:12:20.171+0000] {dagbag.py:588} INFO - Filling up the DagBag from /home/airflow/.local/lib/python3.12/site-packages/airflow/example_dags/tutorial_dag.py
[2025-03-09T16:12:20.176+0000] {processor.py:925} INFO - DAG(s) 'tutorial_dag' retrieved from /home/airflow/.local/lib/python3.12/site-packages/airflow/example_dags/tutorial_dag.py
[2025-03-09T16:12:20.192+0000] {logging_mixin.py:190} INFO - [2025-03-09T16:12:20.192+0000] {dag.py:3239} INFO - Sync 1 DAGs
[2025-03-09T16:12:20.207+0000] {logging_mixin.py:190} INFO - [2025-03-09T16:12:20.206+0000] {dag.py:4180} INFO - Setting next_dagrun for tutorial_dag to None, run_after=None
[2025-03-09T16:12:20.221+0000] {processor.py:208} INFO - Processing /home/airflow/.local/lib/python3.12/site-packages/airflow/example_dags/tutorial_dag.py took 0.057 seconds
[2025-03-09T16:12:50.354+0000] {processor.py:186} INFO - Started process (PID=17270) to work on /home/airflow/.local/lib/python3.12/site-packages/airflow/example_dags/tutorial_dag.py
[2025-03-09T16:12:50.354+0000] {processor.py:914} INFO - Processing file /home/airflow/.local/lib/python3.12/site-packages/airflow/example_dags/tutorial_dag.py for tasks to queue
[2025-03-09T16:12:50.356+0000] {logging_mixin.py:190} INFO - [2025-03-09T16:12:50.356+0000] {dagbag.py:588} INFO - Filling up the DagBag from /home/airflow/.local/lib/python3.12/site-packages/airflow/example_dags/tutorial_dag.py
[2025-03-09T16:12:50.362+0000] {processor.py:925} INFO - DAG(s) 'tutorial_dag' retrieved from /home/airflow/.local/lib/python3.12/site-packages/airflow/example_dags/tutorial_dag.py
[2025-03-09T16:12:50.376+0000] {logging_mixin.py:190} INFO - [2025-03-09T16:12:50.376+0000] {dag.py:3239} INFO - Sync 1 DAGs
[2025-03-09T16:12:50.385+0000] {logging_mixin.py:190} INFO - [2025-03-09T16:12:50.385+0000] {dag.py:4180} INFO - Setting next_dagrun for tutorial_dag to None, run_after=None
[2025-03-09T16:12:50.398+0000] {processor.py:208} INFO - Processing /home/airflow/.local/lib/python3.12/site-packages/airflow/example_dags/tutorial_dag.py took 0.051 seconds
[2025-03-09T16:13:20.549+0000] {processor.py:186} INFO - Started process (PID=17596) to work on /home/airflow/.local/lib/python3.12/site-packages/airflow/example_dags/tutorial_dag.py
[2025-03-09T16:13:20.550+0000] {processor.py:914} INFO - Processing file /home/airflow/.local/lib/python3.12/site-packages/airflow/example_dags/tutorial_dag.py for tasks to queue
[2025-03-09T16:13:20.551+0000] {logging_mixin.py:190} INFO - [2025-03-09T16:13:20.551+0000] {dagbag.py:588} INFO - Filling up the DagBag from /home/airflow/.local/lib/python3.12/site-packages/airflow/example_dags/tutorial_dag.py
[2025-03-09T16:13:20.555+0000] {processor.py:925} INFO - DAG(s) 'tutorial_dag' retrieved from /home/airflow/.local/lib/python3.12/site-packages/airflow/example_dags/tutorial_dag.py
[2025-03-09T16:13:20.567+0000] {logging_mixin.py:190} INFO - [2025-03-09T16:13:20.567+0000] {dag.py:3239} INFO - Sync 1 DAGs
[2025-03-09T16:13:20.577+0000] {logging_mixin.py:190} INFO - [2025-03-09T16:13:20.577+0000] {dag.py:4180} INFO - Setting next_dagrun for tutorial_dag to None, run_after=None
[2025-03-09T16:13:20.594+0000] {processor.py:208} INFO - Processing /home/airflow/.local/lib/python3.12/site-packages/airflow/example_dags/tutorial_dag.py took 0.048 seconds
[2025-03-09T16:13:51.531+0000] {processor.py:186} INFO - Started process (PID=17922) to work on /home/airflow/.local/lib/python3.12/site-packages/airflow/example_dags/tutorial_dag.py
[2025-03-09T16:13:51.536+0000] {processor.py:914} INFO - Processing file /home/airflow/.local/lib/python3.12/site-packages/airflow/example_dags/tutorial_dag.py for tasks to queue
[2025-03-09T16:13:51.538+0000] {logging_mixin.py:190} INFO - [2025-03-09T16:13:51.537+0000] {dagbag.py:588} INFO - Filling up the DagBag from /home/airflow/.local/lib/python3.12/site-packages/airflow/example_dags/tutorial_dag.py
[2025-03-09T16:13:51.542+0000] {processor.py:925} INFO - DAG(s) 'tutorial_dag' retrieved from /home/airflow/.local/lib/python3.12/site-packages/airflow/example_dags/tutorial_dag.py
[2025-03-09T16:13:51.555+0000] {logging_mixin.py:190} INFO - [2025-03-09T16:13:51.554+0000] {dag.py:3239} INFO - Sync 1 DAGs
[2025-03-09T16:13:51.564+0000] {logging_mixin.py:190} INFO - [2025-03-09T16:13:51.563+0000] {dag.py:4180} INFO - Setting next_dagrun for tutorial_dag to None, run_after=None
[2025-03-09T16:13:51.579+0000] {processor.py:208} INFO - Processing /home/airflow/.local/lib/python3.12/site-packages/airflow/example_dags/tutorial_dag.py took 0.052 seconds
[2025-03-09T16:14:22.366+0000] {processor.py:186} INFO - Started process (PID=18248) to work on /home/airflow/.local/lib/python3.12/site-packages/airflow/example_dags/tutorial_dag.py
[2025-03-09T16:14:22.371+0000] {processor.py:914} INFO - Processing file /home/airflow/.local/lib/python3.12/site-packages/airflow/example_dags/tutorial_dag.py for tasks to queue
[2025-03-09T16:14:22.374+0000] {logging_mixin.py:190} INFO - [2025-03-09T16:14:22.373+0000] {dagbag.py:588} INFO - Filling up the DagBag from /home/airflow/.local/lib/python3.12/site-packages/airflow/example_dags/tutorial_dag.py
[2025-03-09T16:14:22.381+0000] {processor.py:925} INFO - DAG(s) 'tutorial_dag' retrieved from /home/airflow/.local/lib/python3.12/site-packages/airflow/example_dags/tutorial_dag.py
[2025-03-09T16:14:22.392+0000] {logging_mixin.py:190} INFO - [2025-03-09T16:14:22.392+0000] {dag.py:3239} INFO - Sync 1 DAGs
[2025-03-09T16:14:22.401+0000] {logging_mixin.py:190} INFO - [2025-03-09T16:14:22.401+0000] {dag.py:4180} INFO - Setting next_dagrun for tutorial_dag to None, run_after=None
[2025-03-09T16:14:22.415+0000] {processor.py:208} INFO - Processing /home/airflow/.local/lib/python3.12/site-packages/airflow/example_dags/tutorial_dag.py took 0.054 seconds
[2025-03-09T16:14:53.052+0000] {processor.py:186} INFO - Started process (PID=18574) to work on /home/airflow/.local/lib/python3.12/site-packages/airflow/example_dags/tutorial_dag.py
[2025-03-09T16:14:53.053+0000] {processor.py:914} INFO - Processing file /home/airflow/.local/lib/python3.12/site-packages/airflow/example_dags/tutorial_dag.py for tasks to queue
[2025-03-09T16:14:53.057+0000] {logging_mixin.py:190} INFO - [2025-03-09T16:14:53.056+0000] {dagbag.py:588} INFO - Filling up the DagBag from /home/airflow/.local/lib/python3.12/site-packages/airflow/example_dags/tutorial_dag.py
[2025-03-09T16:14:53.064+0000] {processor.py:925} INFO - DAG(s) 'tutorial_dag' retrieved from /home/airflow/.local/lib/python3.12/site-packages/airflow/example_dags/tutorial_dag.py
[2025-03-09T16:14:53.078+0000] {logging_mixin.py:190} INFO - [2025-03-09T16:14:53.078+0000] {dag.py:3239} INFO - Sync 1 DAGs
[2025-03-09T16:14:53.087+0000] {logging_mixin.py:190} INFO - [2025-03-09T16:14:53.087+0000] {dag.py:4180} INFO - Setting next_dagrun for tutorial_dag to None, run_after=None
[2025-03-09T16:14:53.098+0000] {processor.py:208} INFO - Processing /home/airflow/.local/lib/python3.12/site-packages/airflow/example_dags/tutorial_dag.py took 0.056 seconds
[2025-03-09T16:15:24.023+0000] {processor.py:186} INFO - Started process (PID=18900) to work on /home/airflow/.local/lib/python3.12/site-packages/airflow/example_dags/tutorial_dag.py
[2025-03-09T16:15:24.024+0000] {processor.py:914} INFO - Processing file /home/airflow/.local/lib/python3.12/site-packages/airflow/example_dags/tutorial_dag.py for tasks to queue
[2025-03-09T16:15:24.026+0000] {logging_mixin.py:190} INFO - [2025-03-09T16:15:24.025+0000] {dagbag.py:588} INFO - Filling up the DagBag from /home/airflow/.local/lib/python3.12/site-packages/airflow/example_dags/tutorial_dag.py
[2025-03-09T16:15:24.030+0000] {processor.py:925} INFO - DAG(s) 'tutorial_dag' retrieved from /home/airflow/.local/lib/python3.12/site-packages/airflow/example_dags/tutorial_dag.py
[2025-03-09T16:15:24.048+0000] {logging_mixin.py:190} INFO - [2025-03-09T16:15:24.048+0000] {dag.py:3239} INFO - Sync 1 DAGs
[2025-03-09T16:15:24.058+0000] {logging_mixin.py:190} INFO - [2025-03-09T16:15:24.057+0000] {dag.py:4180} INFO - Setting next_dagrun for tutorial_dag to None, run_after=None
[2025-03-09T16:15:24.074+0000] {processor.py:208} INFO - Processing /home/airflow/.local/lib/python3.12/site-packages/airflow/example_dags/tutorial_dag.py took 0.054 seconds
[2025-03-09T16:15:54.826+0000] {processor.py:186} INFO - Started process (PID=19226) to work on /home/airflow/.local/lib/python3.12/site-packages/airflow/example_dags/tutorial_dag.py
[2025-03-09T16:15:54.829+0000] {processor.py:914} INFO - Processing file /home/airflow/.local/lib/python3.12/site-packages/airflow/example_dags/tutorial_dag.py for tasks to queue
[2025-03-09T16:15:54.831+0000] {logging_mixin.py:190} INFO - [2025-03-09T16:15:54.831+0000] {dagbag.py:588} INFO - Filling up the DagBag from /home/airflow/.local/lib/python3.12/site-packages/airflow/example_dags/tutorial_dag.py
[2025-03-09T16:15:54.837+0000] {processor.py:925} INFO - DAG(s) 'tutorial_dag' retrieved from /home/airflow/.local/lib/python3.12/site-packages/airflow/example_dags/tutorial_dag.py
[2025-03-09T16:15:54.849+0000] {logging_mixin.py:190} INFO - [2025-03-09T16:15:54.849+0000] {dag.py:3239} INFO - Sync 1 DAGs
[2025-03-09T16:15:54.857+0000] {logging_mixin.py:190} INFO - [2025-03-09T16:15:54.857+0000] {dag.py:4180} INFO - Setting next_dagrun for tutorial_dag to None, run_after=None
[2025-03-09T16:15:54.871+0000] {processor.py:208} INFO - Processing /home/airflow/.local/lib/python3.12/site-packages/airflow/example_dags/tutorial_dag.py took 0.056 seconds
[2025-03-09T16:16:25.153+0000] {processor.py:186} INFO - Started process (PID=19552) to work on /home/airflow/.local/lib/python3.12/site-packages/airflow/example_dags/tutorial_dag.py
[2025-03-09T16:16:25.160+0000] {processor.py:914} INFO - Processing file /home/airflow/.local/lib/python3.12/site-packages/airflow/example_dags/tutorial_dag.py for tasks to queue
[2025-03-09T16:16:25.162+0000] {logging_mixin.py:190} INFO - [2025-03-09T16:16:25.162+0000] {dagbag.py:588} INFO - Filling up the DagBag from /home/airflow/.local/lib/python3.12/site-packages/airflow/example_dags/tutorial_dag.py
[2025-03-09T16:16:25.170+0000] {processor.py:925} INFO - DAG(s) 'tutorial_dag' retrieved from /home/airflow/.local/lib/python3.12/site-packages/airflow/example_dags/tutorial_dag.py
[2025-03-09T16:16:25.203+0000] {logging_mixin.py:190} INFO - [2025-03-09T16:16:25.203+0000] {dag.py:3239} INFO - Sync 1 DAGs
[2025-03-09T16:16:25.213+0000] {logging_mixin.py:190} INFO - [2025-03-09T16:16:25.213+0000] {dag.py:4180} INFO - Setting next_dagrun for tutorial_dag to None, run_after=None
[2025-03-09T16:16:25.226+0000] {processor.py:208} INFO - Processing /home/airflow/.local/lib/python3.12/site-packages/airflow/example_dags/tutorial_dag.py took 0.076 seconds
[2025-03-09T16:16:55.300+0000] {processor.py:186} INFO - Started process (PID=19878) to work on /home/airflow/.local/lib/python3.12/site-packages/airflow/example_dags/tutorial_dag.py
[2025-03-09T16:16:55.305+0000] {processor.py:914} INFO - Processing file /home/airflow/.local/lib/python3.12/site-packages/airflow/example_dags/tutorial_dag.py for tasks to queue
[2025-03-09T16:16:55.308+0000] {logging_mixin.py:190} INFO - [2025-03-09T16:16:55.308+0000] {dagbag.py:588} INFO - Filling up the DagBag from /home/airflow/.local/lib/python3.12/site-packages/airflow/example_dags/tutorial_dag.py
[2025-03-09T16:16:55.319+0000] {processor.py:925} INFO - DAG(s) 'tutorial_dag' retrieved from /home/airflow/.local/lib/python3.12/site-packages/airflow/example_dags/tutorial_dag.py
[2025-03-09T16:16:55.332+0000] {logging_mixin.py:190} INFO - [2025-03-09T16:16:55.332+0000] {dag.py:3239} INFO - Sync 1 DAGs
[2025-03-09T16:16:55.341+0000] {logging_mixin.py:190} INFO - [2025-03-09T16:16:55.341+0000] {dag.py:4180} INFO - Setting next_dagrun for tutorial_dag to None, run_after=None
[2025-03-09T16:16:55.355+0000] {processor.py:208} INFO - Processing /home/airflow/.local/lib/python3.12/site-packages/airflow/example_dags/tutorial_dag.py took 0.060 seconds
[2025-03-09T16:17:25.457+0000] {processor.py:186} INFO - Started process (PID=20204) to work on /home/airflow/.local/lib/python3.12/site-packages/airflow/example_dags/tutorial_dag.py
[2025-03-09T16:17:25.465+0000] {processor.py:914} INFO - Processing file /home/airflow/.local/lib/python3.12/site-packages/airflow/example_dags/tutorial_dag.py for tasks to queue
[2025-03-09T16:17:25.468+0000] {logging_mixin.py:190} INFO - [2025-03-09T16:17:25.468+0000] {dagbag.py:588} INFO - Filling up the DagBag from /home/airflow/.local/lib/python3.12/site-packages/airflow/example_dags/tutorial_dag.py
[2025-03-09T16:17:25.477+0000] {processor.py:925} INFO - DAG(s) 'tutorial_dag' retrieved from /home/airflow/.local/lib/python3.12/site-packages/airflow/example_dags/tutorial_dag.py
[2025-03-09T16:17:25.492+0000] {logging_mixin.py:190} INFO - [2025-03-09T16:17:25.492+0000] {dag.py:3239} INFO - Sync 1 DAGs
[2025-03-09T16:17:25.500+0000] {logging_mixin.py:190} INFO - [2025-03-09T16:17:25.500+0000] {dag.py:4180} INFO - Setting next_dagrun for tutorial_dag to None, run_after=None
[2025-03-09T16:17:25.513+0000] {processor.py:208} INFO - Processing /home/airflow/.local/lib/python3.12/site-packages/airflow/example_dags/tutorial_dag.py took 0.058 seconds
[2025-03-09T16:17:56.450+0000] {processor.py:186} INFO - Started process (PID=20530) to work on /home/airflow/.local/lib/python3.12/site-packages/airflow/example_dags/tutorial_dag.py
[2025-03-09T16:17:56.451+0000] {processor.py:914} INFO - Processing file /home/airflow/.local/lib/python3.12/site-packages/airflow/example_dags/tutorial_dag.py for tasks to queue
[2025-03-09T16:17:56.452+0000] {logging_mixin.py:190} INFO - [2025-03-09T16:17:56.452+0000] {dagbag.py:588} INFO - Filling up the DagBag from /home/airflow/.local/lib/python3.12/site-packages/airflow/example_dags/tutorial_dag.py
[2025-03-09T16:17:56.457+0000] {processor.py:925} INFO - DAG(s) 'tutorial_dag' retrieved from /home/airflow/.local/lib/python3.12/site-packages/airflow/example_dags/tutorial_dag.py
[2025-03-09T16:17:56.468+0000] {logging_mixin.py:190} INFO - [2025-03-09T16:17:56.468+0000] {dag.py:3239} INFO - Sync 1 DAGs
[2025-03-09T16:17:56.477+0000] {logging_mixin.py:190} INFO - [2025-03-09T16:17:56.477+0000] {dag.py:4180} INFO - Setting next_dagrun for tutorial_dag to None, run_after=None
[2025-03-09T16:17:56.492+0000] {processor.py:208} INFO - Processing /home/airflow/.local/lib/python3.12/site-packages/airflow/example_dags/tutorial_dag.py took 0.047 seconds
[2025-03-09T16:18:26.883+0000] {processor.py:186} INFO - Started process (PID=20856) to work on /home/airflow/.local/lib/python3.12/site-packages/airflow/example_dags/tutorial_dag.py
[2025-03-09T16:18:26.889+0000] {processor.py:914} INFO - Processing file /home/airflow/.local/lib/python3.12/site-packages/airflow/example_dags/tutorial_dag.py for tasks to queue
[2025-03-09T16:18:26.890+0000] {logging_mixin.py:190} INFO - [2025-03-09T16:18:26.890+0000] {dagbag.py:588} INFO - Filling up the DagBag from /home/airflow/.local/lib/python3.12/site-packages/airflow/example_dags/tutorial_dag.py
[2025-03-09T16:18:26.895+0000] {processor.py:925} INFO - DAG(s) 'tutorial_dag' retrieved from /home/airflow/.local/lib/python3.12/site-packages/airflow/example_dags/tutorial_dag.py
[2025-03-09T16:18:26.908+0000] {logging_mixin.py:190} INFO - [2025-03-09T16:18:26.908+0000] {dag.py:3239} INFO - Sync 1 DAGs
[2025-03-09T16:18:26.917+0000] {logging_mixin.py:190} INFO - [2025-03-09T16:18:26.917+0000] {dag.py:4180} INFO - Setting next_dagrun for tutorial_dag to None, run_after=None
[2025-03-09T16:18:26.929+0000] {processor.py:208} INFO - Processing /home/airflow/.local/lib/python3.12/site-packages/airflow/example_dags/tutorial_dag.py took 0.050 seconds
[2025-03-09T16:18:57.174+0000] {processor.py:186} INFO - Started process (PID=21182) to work on /home/airflow/.local/lib/python3.12/site-packages/airflow/example_dags/tutorial_dag.py
[2025-03-09T16:18:57.182+0000] {processor.py:914} INFO - Processing file /home/airflow/.local/lib/python3.12/site-packages/airflow/example_dags/tutorial_dag.py for tasks to queue
[2025-03-09T16:18:57.183+0000] {logging_mixin.py:190} INFO - [2025-03-09T16:18:57.183+0000] {dagbag.py:588} INFO - Filling up the DagBag from /home/airflow/.local/lib/python3.12/site-packages/airflow/example_dags/tutorial_dag.py
[2025-03-09T16:18:57.188+0000] {processor.py:925} INFO - DAG(s) 'tutorial_dag' retrieved from /home/airflow/.local/lib/python3.12/site-packages/airflow/example_dags/tutorial_dag.py
[2025-03-09T16:18:57.202+0000] {logging_mixin.py:190} INFO - [2025-03-09T16:18:57.202+0000] {dag.py:3239} INFO - Sync 1 DAGs
[2025-03-09T16:18:57.212+0000] {logging_mixin.py:190} INFO - [2025-03-09T16:18:57.211+0000] {dag.py:4180} INFO - Setting next_dagrun for tutorial_dag to None, run_after=None
[2025-03-09T16:18:57.224+0000] {processor.py:208} INFO - Processing /home/airflow/.local/lib/python3.12/site-packages/airflow/example_dags/tutorial_dag.py took 0.054 seconds
[2025-03-09T16:19:27.467+0000] {processor.py:186} INFO - Started process (PID=21508) to work on /home/airflow/.local/lib/python3.12/site-packages/airflow/example_dags/tutorial_dag.py
[2025-03-09T16:19:27.467+0000] {processor.py:914} INFO - Processing file /home/airflow/.local/lib/python3.12/site-packages/airflow/example_dags/tutorial_dag.py for tasks to queue
[2025-03-09T16:19:27.469+0000] {logging_mixin.py:190} INFO - [2025-03-09T16:19:27.469+0000] {dagbag.py:588} INFO - Filling up the DagBag from /home/airflow/.local/lib/python3.12/site-packages/airflow/example_dags/tutorial_dag.py
[2025-03-09T16:19:27.475+0000] {processor.py:925} INFO - DAG(s) 'tutorial_dag' retrieved from /home/airflow/.local/lib/python3.12/site-packages/airflow/example_dags/tutorial_dag.py
[2025-03-09T16:19:27.492+0000] {logging_mixin.py:190} INFO - [2025-03-09T16:19:27.492+0000] {dag.py:3239} INFO - Sync 1 DAGs
[2025-03-09T16:19:27.614+0000] {logging_mixin.py:190} INFO - [2025-03-09T16:19:27.613+0000] {dag.py:4180} INFO - Setting next_dagrun for tutorial_dag to None, run_after=None
[2025-03-09T16:19:27.638+0000] {processor.py:208} INFO - Processing /home/airflow/.local/lib/python3.12/site-packages/airflow/example_dags/tutorial_dag.py took 0.177 seconds
