[2025-03-09T15:46:15.861+0000] {processor.py:186} INFO - Started process (PID=447) to work on /home/airflow/.local/lib/python3.12/site-packages/airflow/example_dags/tutorial_taskflow_templates.py
[2025-03-09T15:46:15.861+0000] {processor.py:914} INFO - Processing file /home/airflow/.local/lib/python3.12/site-packages/airflow/example_dags/tutorial_taskflow_templates.py for tasks to queue
[2025-03-09T15:46:15.862+0000] {logging_mixin.py:190} INFO - [2025-03-09T15:46:15.862+0000] {dagbag.py:588} INFO - Filling up the DagBag from /home/airflow/.local/lib/python3.12/site-packages/airflow/example_dags/tutorial_taskflow_templates.py
[2025-03-09T15:46:15.871+0000] {processor.py:925} INFO - DAG(s) 'tutorial_taskflow_templates' retrieved from /home/airflow/.local/lib/python3.12/site-packages/airflow/example_dags/tutorial_taskflow_templates.py
[2025-03-09T15:46:15.886+0000] {logging_mixin.py:190} INFO - [2025-03-09T15:46:15.886+0000] {dag.py:3239} INFO - Sync 1 DAGs
[2025-03-09T15:46:15.902+0000] {logging_mixin.py:190} INFO - [2025-03-09T15:46:15.902+0000] {dag.py:4180} INFO - Setting next_dagrun for tutorial_taskflow_templates to 2025-03-08 00:00:00+00:00, run_after=2025-03-09 00:00:00+00:00
[2025-03-09T15:46:15.919+0000] {processor.py:208} INFO - Processing /home/airflow/.local/lib/python3.12/site-packages/airflow/example_dags/tutorial_taskflow_templates.py took 0.062 seconds
[2025-03-09T15:46:46.896+0000] {processor.py:186} INFO - Started process (PID=773) to work on /home/airflow/.local/lib/python3.12/site-packages/airflow/example_dags/tutorial_taskflow_templates.py
[2025-03-09T15:46:46.897+0000] {processor.py:914} INFO - Processing file /home/airflow/.local/lib/python3.12/site-packages/airflow/example_dags/tutorial_taskflow_templates.py for tasks to queue
[2025-03-09T15:46:46.898+0000] {logging_mixin.py:190} INFO - [2025-03-09T15:46:46.898+0000] {dagbag.py:588} INFO - Filling up the DagBag from /home/airflow/.local/lib/python3.12/site-packages/airflow/example_dags/tutorial_taskflow_templates.py
[2025-03-09T15:46:46.908+0000] {processor.py:925} INFO - DAG(s) 'tutorial_taskflow_templates' retrieved from /home/airflow/.local/lib/python3.12/site-packages/airflow/example_dags/tutorial_taskflow_templates.py
[2025-03-09T15:46:46.920+0000] {logging_mixin.py:190} INFO - [2025-03-09T15:46:46.920+0000] {dag.py:3239} INFO - Sync 1 DAGs
[2025-03-09T15:46:46.936+0000] {logging_mixin.py:190} INFO - [2025-03-09T15:46:46.936+0000] {dag.py:4180} INFO - Setting next_dagrun for tutorial_taskflow_templates to 2025-03-08 00:00:00+00:00, run_after=2025-03-09 00:00:00+00:00
[2025-03-09T15:46:46.953+0000] {processor.py:208} INFO - Processing /home/airflow/.local/lib/python3.12/site-packages/airflow/example_dags/tutorial_taskflow_templates.py took 0.063 seconds
[2025-03-09T15:47:18.107+0000] {processor.py:186} INFO - Started process (PID=1101) to work on /home/airflow/.local/lib/python3.12/site-packages/airflow/example_dags/tutorial_taskflow_templates.py
[2025-03-09T15:47:18.108+0000] {processor.py:914} INFO - Processing file /home/airflow/.local/lib/python3.12/site-packages/airflow/example_dags/tutorial_taskflow_templates.py for tasks to queue
[2025-03-09T15:47:18.109+0000] {logging_mixin.py:190} INFO - [2025-03-09T15:47:18.109+0000] {dagbag.py:588} INFO - Filling up the DagBag from /home/airflow/.local/lib/python3.12/site-packages/airflow/example_dags/tutorial_taskflow_templates.py
[2025-03-09T15:47:18.119+0000] {processor.py:925} INFO - DAG(s) 'tutorial_taskflow_templates' retrieved from /home/airflow/.local/lib/python3.12/site-packages/airflow/example_dags/tutorial_taskflow_templates.py
[2025-03-09T15:47:18.135+0000] {logging_mixin.py:190} INFO - [2025-03-09T15:47:18.134+0000] {dag.py:3239} INFO - Sync 1 DAGs
[2025-03-09T15:47:18.152+0000] {logging_mixin.py:190} INFO - [2025-03-09T15:47:18.152+0000] {dag.py:4180} INFO - Setting next_dagrun for tutorial_taskflow_templates to 2025-03-08 00:00:00+00:00, run_after=2025-03-09 00:00:00+00:00
[2025-03-09T15:47:18.165+0000] {processor.py:208} INFO - Processing /home/airflow/.local/lib/python3.12/site-packages/airflow/example_dags/tutorial_taskflow_templates.py took 0.063 seconds
[2025-03-09T15:47:48.927+0000] {processor.py:186} INFO - Started process (PID=1425) to work on /home/airflow/.local/lib/python3.12/site-packages/airflow/example_dags/tutorial_taskflow_templates.py
[2025-03-09T15:47:48.927+0000] {processor.py:914} INFO - Processing file /home/airflow/.local/lib/python3.12/site-packages/airflow/example_dags/tutorial_taskflow_templates.py for tasks to queue
[2025-03-09T15:47:48.928+0000] {logging_mixin.py:190} INFO - [2025-03-09T15:47:48.928+0000] {dagbag.py:588} INFO - Filling up the DagBag from /home/airflow/.local/lib/python3.12/site-packages/airflow/example_dags/tutorial_taskflow_templates.py
[2025-03-09T15:47:48.937+0000] {processor.py:925} INFO - DAG(s) 'tutorial_taskflow_templates' retrieved from /home/airflow/.local/lib/python3.12/site-packages/airflow/example_dags/tutorial_taskflow_templates.py
[2025-03-09T15:47:48.950+0000] {logging_mixin.py:190} INFO - [2025-03-09T15:47:48.950+0000] {dag.py:3239} INFO - Sync 1 DAGs
[2025-03-09T15:47:48.965+0000] {logging_mixin.py:190} INFO - [2025-03-09T15:47:48.965+0000] {dag.py:4180} INFO - Setting next_dagrun for tutorial_taskflow_templates to 2025-03-08 00:00:00+00:00, run_after=2025-03-09 00:00:00+00:00
[2025-03-09T15:47:48.980+0000] {processor.py:208} INFO - Processing /home/airflow/.local/lib/python3.12/site-packages/airflow/example_dags/tutorial_taskflow_templates.py took 0.057 seconds
[2025-03-09T15:48:19.836+0000] {processor.py:186} INFO - Started process (PID=1751) to work on /home/airflow/.local/lib/python3.12/site-packages/airflow/example_dags/tutorial_taskflow_templates.py
[2025-03-09T15:48:19.837+0000] {processor.py:914} INFO - Processing file /home/airflow/.local/lib/python3.12/site-packages/airflow/example_dags/tutorial_taskflow_templates.py for tasks to queue
[2025-03-09T15:48:19.838+0000] {logging_mixin.py:190} INFO - [2025-03-09T15:48:19.837+0000] {dagbag.py:588} INFO - Filling up the DagBag from /home/airflow/.local/lib/python3.12/site-packages/airflow/example_dags/tutorial_taskflow_templates.py
[2025-03-09T15:48:19.845+0000] {processor.py:925} INFO - DAG(s) 'tutorial_taskflow_templates' retrieved from /home/airflow/.local/lib/python3.12/site-packages/airflow/example_dags/tutorial_taskflow_templates.py
[2025-03-09T15:48:19.862+0000] {logging_mixin.py:190} INFO - [2025-03-09T15:48:19.862+0000] {dag.py:3239} INFO - Sync 1 DAGs
[2025-03-09T15:48:19.877+0000] {logging_mixin.py:190} INFO - [2025-03-09T15:48:19.877+0000] {dag.py:4180} INFO - Setting next_dagrun for tutorial_taskflow_templates to 2025-03-08 00:00:00+00:00, run_after=2025-03-09 00:00:00+00:00
[2025-03-09T15:48:19.889+0000] {processor.py:208} INFO - Processing /home/airflow/.local/lib/python3.12/site-packages/airflow/example_dags/tutorial_taskflow_templates.py took 0.057 seconds
[2025-03-09T15:48:50.783+0000] {processor.py:186} INFO - Started process (PID=2077) to work on /home/airflow/.local/lib/python3.12/site-packages/airflow/example_dags/tutorial_taskflow_templates.py
[2025-03-09T15:48:50.783+0000] {processor.py:914} INFO - Processing file /home/airflow/.local/lib/python3.12/site-packages/airflow/example_dags/tutorial_taskflow_templates.py for tasks to queue
[2025-03-09T15:48:50.784+0000] {logging_mixin.py:190} INFO - [2025-03-09T15:48:50.784+0000] {dagbag.py:588} INFO - Filling up the DagBag from /home/airflow/.local/lib/python3.12/site-packages/airflow/example_dags/tutorial_taskflow_templates.py
[2025-03-09T15:48:50.792+0000] {processor.py:925} INFO - DAG(s) 'tutorial_taskflow_templates' retrieved from /home/airflow/.local/lib/python3.12/site-packages/airflow/example_dags/tutorial_taskflow_templates.py
[2025-03-09T15:48:50.807+0000] {logging_mixin.py:190} INFO - [2025-03-09T15:48:50.807+0000] {dag.py:3239} INFO - Sync 1 DAGs
[2025-03-09T15:48:50.823+0000] {logging_mixin.py:190} INFO - [2025-03-09T15:48:50.823+0000] {dag.py:4180} INFO - Setting next_dagrun for tutorial_taskflow_templates to 2025-03-08 00:00:00+00:00, run_after=2025-03-09 00:00:00+00:00
[2025-03-09T15:48:50.836+0000] {processor.py:208} INFO - Processing /home/airflow/.local/lib/python3.12/site-packages/airflow/example_dags/tutorial_taskflow_templates.py took 0.059 seconds
[2025-03-09T15:49:21.476+0000] {processor.py:186} INFO - Started process (PID=2403) to work on /home/airflow/.local/lib/python3.12/site-packages/airflow/example_dags/tutorial_taskflow_templates.py
[2025-03-09T15:49:21.477+0000] {processor.py:914} INFO - Processing file /home/airflow/.local/lib/python3.12/site-packages/airflow/example_dags/tutorial_taskflow_templates.py for tasks to queue
[2025-03-09T15:49:21.478+0000] {logging_mixin.py:190} INFO - [2025-03-09T15:49:21.478+0000] {dagbag.py:588} INFO - Filling up the DagBag from /home/airflow/.local/lib/python3.12/site-packages/airflow/example_dags/tutorial_taskflow_templates.py
[2025-03-09T15:49:21.485+0000] {processor.py:925} INFO - DAG(s) 'tutorial_taskflow_templates' retrieved from /home/airflow/.local/lib/python3.12/site-packages/airflow/example_dags/tutorial_taskflow_templates.py
[2025-03-09T15:49:21.497+0000] {logging_mixin.py:190} INFO - [2025-03-09T15:49:21.497+0000] {dag.py:3239} INFO - Sync 1 DAGs
[2025-03-09T15:49:21.511+0000] {logging_mixin.py:190} INFO - [2025-03-09T15:49:21.511+0000] {dag.py:4180} INFO - Setting next_dagrun for tutorial_taskflow_templates to 2025-03-08 00:00:00+00:00, run_after=2025-03-09 00:00:00+00:00
[2025-03-09T15:49:21.526+0000] {processor.py:208} INFO - Processing /home/airflow/.local/lib/python3.12/site-packages/airflow/example_dags/tutorial_taskflow_templates.py took 0.053 seconds
[2025-03-09T15:49:52.497+0000] {processor.py:186} INFO - Started process (PID=2729) to work on /home/airflow/.local/lib/python3.12/site-packages/airflow/example_dags/tutorial_taskflow_templates.py
[2025-03-09T15:49:52.498+0000] {processor.py:914} INFO - Processing file /home/airflow/.local/lib/python3.12/site-packages/airflow/example_dags/tutorial_taskflow_templates.py for tasks to queue
[2025-03-09T15:49:52.499+0000] {logging_mixin.py:190} INFO - [2025-03-09T15:49:52.499+0000] {dagbag.py:588} INFO - Filling up the DagBag from /home/airflow/.local/lib/python3.12/site-packages/airflow/example_dags/tutorial_taskflow_templates.py
[2025-03-09T15:49:52.507+0000] {processor.py:925} INFO - DAG(s) 'tutorial_taskflow_templates' retrieved from /home/airflow/.local/lib/python3.12/site-packages/airflow/example_dags/tutorial_taskflow_templates.py
[2025-03-09T15:49:52.519+0000] {logging_mixin.py:190} INFO - [2025-03-09T15:49:52.519+0000] {dag.py:3239} INFO - Sync 1 DAGs
[2025-03-09T15:49:52.535+0000] {logging_mixin.py:190} INFO - [2025-03-09T15:49:52.535+0000] {dag.py:4180} INFO - Setting next_dagrun for tutorial_taskflow_templates to 2025-03-08 00:00:00+00:00, run_after=2025-03-09 00:00:00+00:00
[2025-03-09T15:49:52.549+0000] {processor.py:208} INFO - Processing /home/airflow/.local/lib/python3.12/site-packages/airflow/example_dags/tutorial_taskflow_templates.py took 0.055 seconds
[2025-03-09T15:50:23.371+0000] {processor.py:186} INFO - Started process (PID=3055) to work on /home/airflow/.local/lib/python3.12/site-packages/airflow/example_dags/tutorial_taskflow_templates.py
[2025-03-09T15:50:23.372+0000] {processor.py:914} INFO - Processing file /home/airflow/.local/lib/python3.12/site-packages/airflow/example_dags/tutorial_taskflow_templates.py for tasks to queue
[2025-03-09T15:50:23.373+0000] {logging_mixin.py:190} INFO - [2025-03-09T15:50:23.373+0000] {dagbag.py:588} INFO - Filling up the DagBag from /home/airflow/.local/lib/python3.12/site-packages/airflow/example_dags/tutorial_taskflow_templates.py
[2025-03-09T15:50:23.381+0000] {processor.py:925} INFO - DAG(s) 'tutorial_taskflow_templates' retrieved from /home/airflow/.local/lib/python3.12/site-packages/airflow/example_dags/tutorial_taskflow_templates.py
[2025-03-09T15:50:23.395+0000] {logging_mixin.py:190} INFO - [2025-03-09T15:50:23.394+0000] {dag.py:3239} INFO - Sync 1 DAGs
[2025-03-09T15:50:23.411+0000] {logging_mixin.py:190} INFO - [2025-03-09T15:50:23.410+0000] {dag.py:4180} INFO - Setting next_dagrun for tutorial_taskflow_templates to 2025-03-08 00:00:00+00:00, run_after=2025-03-09 00:00:00+00:00
[2025-03-09T15:50:23.424+0000] {processor.py:208} INFO - Processing /home/airflow/.local/lib/python3.12/site-packages/airflow/example_dags/tutorial_taskflow_templates.py took 0.057 seconds
[2025-03-09T15:50:54.376+0000] {processor.py:186} INFO - Started process (PID=3381) to work on /home/airflow/.local/lib/python3.12/site-packages/airflow/example_dags/tutorial_taskflow_templates.py
[2025-03-09T15:50:54.377+0000] {processor.py:914} INFO - Processing file /home/airflow/.local/lib/python3.12/site-packages/airflow/example_dags/tutorial_taskflow_templates.py for tasks to queue
[2025-03-09T15:50:54.378+0000] {logging_mixin.py:190} INFO - [2025-03-09T15:50:54.378+0000] {dagbag.py:588} INFO - Filling up the DagBag from /home/airflow/.local/lib/python3.12/site-packages/airflow/example_dags/tutorial_taskflow_templates.py
[2025-03-09T15:50:54.387+0000] {processor.py:925} INFO - DAG(s) 'tutorial_taskflow_templates' retrieved from /home/airflow/.local/lib/python3.12/site-packages/airflow/example_dags/tutorial_taskflow_templates.py
[2025-03-09T15:50:54.405+0000] {logging_mixin.py:190} INFO - [2025-03-09T15:50:54.405+0000] {dag.py:3239} INFO - Sync 1 DAGs
[2025-03-09T15:50:54.422+0000] {logging_mixin.py:190} INFO - [2025-03-09T15:50:54.422+0000] {dag.py:4180} INFO - Setting next_dagrun for tutorial_taskflow_templates to 2025-03-08 00:00:00+00:00, run_after=2025-03-09 00:00:00+00:00
[2025-03-09T15:50:54.436+0000] {processor.py:208} INFO - Processing /home/airflow/.local/lib/python3.12/site-packages/airflow/example_dags/tutorial_taskflow_templates.py took 0.064 seconds
[2025-03-09T15:51:25.236+0000] {processor.py:186} INFO - Started process (PID=3707) to work on /home/airflow/.local/lib/python3.12/site-packages/airflow/example_dags/tutorial_taskflow_templates.py
[2025-03-09T15:51:25.236+0000] {processor.py:914} INFO - Processing file /home/airflow/.local/lib/python3.12/site-packages/airflow/example_dags/tutorial_taskflow_templates.py for tasks to queue
[2025-03-09T15:51:25.238+0000] {logging_mixin.py:190} INFO - [2025-03-09T15:51:25.237+0000] {dagbag.py:588} INFO - Filling up the DagBag from /home/airflow/.local/lib/python3.12/site-packages/airflow/example_dags/tutorial_taskflow_templates.py
[2025-03-09T15:51:25.246+0000] {processor.py:925} INFO - DAG(s) 'tutorial_taskflow_templates' retrieved from /home/airflow/.local/lib/python3.12/site-packages/airflow/example_dags/tutorial_taskflow_templates.py
[2025-03-09T15:51:25.258+0000] {logging_mixin.py:190} INFO - [2025-03-09T15:51:25.258+0000] {dag.py:3239} INFO - Sync 1 DAGs
[2025-03-09T15:51:25.272+0000] {logging_mixin.py:190} INFO - [2025-03-09T15:51:25.272+0000] {dag.py:4180} INFO - Setting next_dagrun for tutorial_taskflow_templates to 2025-03-08 00:00:00+00:00, run_after=2025-03-09 00:00:00+00:00
[2025-03-09T15:51:25.284+0000] {processor.py:208} INFO - Processing /home/airflow/.local/lib/python3.12/site-packages/airflow/example_dags/tutorial_taskflow_templates.py took 0.052 seconds
[2025-03-09T15:51:56.286+0000] {processor.py:186} INFO - Started process (PID=4033) to work on /home/airflow/.local/lib/python3.12/site-packages/airflow/example_dags/tutorial_taskflow_templates.py
[2025-03-09T15:51:56.286+0000] {processor.py:914} INFO - Processing file /home/airflow/.local/lib/python3.12/site-packages/airflow/example_dags/tutorial_taskflow_templates.py for tasks to queue
[2025-03-09T15:51:56.287+0000] {logging_mixin.py:190} INFO - [2025-03-09T15:51:56.287+0000] {dagbag.py:588} INFO - Filling up the DagBag from /home/airflow/.local/lib/python3.12/site-packages/airflow/example_dags/tutorial_taskflow_templates.py
[2025-03-09T15:51:56.295+0000] {processor.py:925} INFO - DAG(s) 'tutorial_taskflow_templates' retrieved from /home/airflow/.local/lib/python3.12/site-packages/airflow/example_dags/tutorial_taskflow_templates.py
[2025-03-09T15:51:56.312+0000] {logging_mixin.py:190} INFO - [2025-03-09T15:51:56.312+0000] {dag.py:3239} INFO - Sync 1 DAGs
[2025-03-09T15:51:56.327+0000] {logging_mixin.py:190} INFO - [2025-03-09T15:51:56.327+0000] {dag.py:4180} INFO - Setting next_dagrun for tutorial_taskflow_templates to 2025-03-08 00:00:00+00:00, run_after=2025-03-09 00:00:00+00:00
[2025-03-09T15:51:56.339+0000] {processor.py:208} INFO - Processing /home/airflow/.local/lib/python3.12/site-packages/airflow/example_dags/tutorial_taskflow_templates.py took 0.057 seconds
[2025-03-09T15:52:26.948+0000] {processor.py:186} INFO - Started process (PID=4359) to work on /home/airflow/.local/lib/python3.12/site-packages/airflow/example_dags/tutorial_taskflow_templates.py
[2025-03-09T15:52:26.949+0000] {processor.py:914} INFO - Processing file /home/airflow/.local/lib/python3.12/site-packages/airflow/example_dags/tutorial_taskflow_templates.py for tasks to queue
[2025-03-09T15:52:26.950+0000] {logging_mixin.py:190} INFO - [2025-03-09T15:52:26.950+0000] {dagbag.py:588} INFO - Filling up the DagBag from /home/airflow/.local/lib/python3.12/site-packages/airflow/example_dags/tutorial_taskflow_templates.py
[2025-03-09T15:52:26.958+0000] {processor.py:925} INFO - DAG(s) 'tutorial_taskflow_templates' retrieved from /home/airflow/.local/lib/python3.12/site-packages/airflow/example_dags/tutorial_taskflow_templates.py
[2025-03-09T15:52:26.977+0000] {logging_mixin.py:190} INFO - [2025-03-09T15:52:26.977+0000] {dag.py:3239} INFO - Sync 1 DAGs
[2025-03-09T15:52:26.992+0000] {logging_mixin.py:190} INFO - [2025-03-09T15:52:26.992+0000] {dag.py:4180} INFO - Setting next_dagrun for tutorial_taskflow_templates to 2025-03-08 00:00:00+00:00, run_after=2025-03-09 00:00:00+00:00
[2025-03-09T15:52:27.006+0000] {processor.py:208} INFO - Processing /home/airflow/.local/lib/python3.12/site-packages/airflow/example_dags/tutorial_taskflow_templates.py took 0.061 seconds
[2025-03-09T15:52:57.602+0000] {processor.py:186} INFO - Started process (PID=4685) to work on /home/airflow/.local/lib/python3.12/site-packages/airflow/example_dags/tutorial_taskflow_templates.py
[2025-03-09T15:52:57.602+0000] {processor.py:914} INFO - Processing file /home/airflow/.local/lib/python3.12/site-packages/airflow/example_dags/tutorial_taskflow_templates.py for tasks to queue
[2025-03-09T15:52:57.604+0000] {logging_mixin.py:190} INFO - [2025-03-09T15:52:57.603+0000] {dagbag.py:588} INFO - Filling up the DagBag from /home/airflow/.local/lib/python3.12/site-packages/airflow/example_dags/tutorial_taskflow_templates.py
[2025-03-09T15:52:57.611+0000] {processor.py:925} INFO - DAG(s) 'tutorial_taskflow_templates' retrieved from /home/airflow/.local/lib/python3.12/site-packages/airflow/example_dags/tutorial_taskflow_templates.py
[2025-03-09T15:52:57.626+0000] {logging_mixin.py:190} INFO - [2025-03-09T15:52:57.626+0000] {dag.py:3239} INFO - Sync 1 DAGs
[2025-03-09T15:52:57.641+0000] {logging_mixin.py:190} INFO - [2025-03-09T15:52:57.641+0000] {dag.py:4180} INFO - Setting next_dagrun for tutorial_taskflow_templates to 2025-03-08 00:00:00+00:00, run_after=2025-03-09 00:00:00+00:00
[2025-03-09T15:52:57.656+0000] {processor.py:208} INFO - Processing /home/airflow/.local/lib/python3.12/site-packages/airflow/example_dags/tutorial_taskflow_templates.py took 0.058 seconds
[2025-03-09T15:53:28.332+0000] {processor.py:186} INFO - Started process (PID=5011) to work on /home/airflow/.local/lib/python3.12/site-packages/airflow/example_dags/tutorial_taskflow_templates.py
[2025-03-09T15:53:28.332+0000] {processor.py:914} INFO - Processing file /home/airflow/.local/lib/python3.12/site-packages/airflow/example_dags/tutorial_taskflow_templates.py for tasks to queue
[2025-03-09T15:53:28.334+0000] {logging_mixin.py:190} INFO - [2025-03-09T15:53:28.333+0000] {dagbag.py:588} INFO - Filling up the DagBag from /home/airflow/.local/lib/python3.12/site-packages/airflow/example_dags/tutorial_taskflow_templates.py
[2025-03-09T15:53:28.342+0000] {processor.py:925} INFO - DAG(s) 'tutorial_taskflow_templates' retrieved from /home/airflow/.local/lib/python3.12/site-packages/airflow/example_dags/tutorial_taskflow_templates.py
[2025-03-09T15:53:28.358+0000] {logging_mixin.py:190} INFO - [2025-03-09T15:53:28.357+0000] {dag.py:3239} INFO - Sync 1 DAGs
[2025-03-09T15:53:28.373+0000] {logging_mixin.py:190} INFO - [2025-03-09T15:53:28.372+0000] {dag.py:4180} INFO - Setting next_dagrun for tutorial_taskflow_templates to 2025-03-08 00:00:00+00:00, run_after=2025-03-09 00:00:00+00:00
[2025-03-09T15:53:28.388+0000] {processor.py:208} INFO - Processing /home/airflow/.local/lib/python3.12/site-packages/airflow/example_dags/tutorial_taskflow_templates.py took 0.060 seconds
[2025-03-09T15:53:59.155+0000] {processor.py:186} INFO - Started process (PID=5336) to work on /home/airflow/.local/lib/python3.12/site-packages/airflow/example_dags/tutorial_taskflow_templates.py
[2025-03-09T15:53:59.156+0000] {processor.py:914} INFO - Processing file /home/airflow/.local/lib/python3.12/site-packages/airflow/example_dags/tutorial_taskflow_templates.py for tasks to queue
[2025-03-09T15:53:59.157+0000] {logging_mixin.py:190} INFO - [2025-03-09T15:53:59.157+0000] {dagbag.py:588} INFO - Filling up the DagBag from /home/airflow/.local/lib/python3.12/site-packages/airflow/example_dags/tutorial_taskflow_templates.py
[2025-03-09T15:53:59.165+0000] {processor.py:925} INFO - DAG(s) 'tutorial_taskflow_templates' retrieved from /home/airflow/.local/lib/python3.12/site-packages/airflow/example_dags/tutorial_taskflow_templates.py
[2025-03-09T15:53:59.177+0000] {logging_mixin.py:190} INFO - [2025-03-09T15:53:59.177+0000] {dag.py:3239} INFO - Sync 1 DAGs
[2025-03-09T15:53:59.190+0000] {logging_mixin.py:190} INFO - [2025-03-09T15:53:59.190+0000] {dag.py:4180} INFO - Setting next_dagrun for tutorial_taskflow_templates to 2025-03-08 00:00:00+00:00, run_after=2025-03-09 00:00:00+00:00
[2025-03-09T15:53:59.205+0000] {processor.py:208} INFO - Processing /home/airflow/.local/lib/python3.12/site-packages/airflow/example_dags/tutorial_taskflow_templates.py took 0.055 seconds
[2025-03-09T15:54:29.876+0000] {processor.py:186} INFO - Started process (PID=5662) to work on /home/airflow/.local/lib/python3.12/site-packages/airflow/example_dags/tutorial_taskflow_templates.py
[2025-03-09T15:54:29.876+0000] {processor.py:914} INFO - Processing file /home/airflow/.local/lib/python3.12/site-packages/airflow/example_dags/tutorial_taskflow_templates.py for tasks to queue
[2025-03-09T15:54:29.878+0000] {logging_mixin.py:190} INFO - [2025-03-09T15:54:29.877+0000] {dagbag.py:588} INFO - Filling up the DagBag from /home/airflow/.local/lib/python3.12/site-packages/airflow/example_dags/tutorial_taskflow_templates.py
[2025-03-09T15:54:29.885+0000] {processor.py:925} INFO - DAG(s) 'tutorial_taskflow_templates' retrieved from /home/airflow/.local/lib/python3.12/site-packages/airflow/example_dags/tutorial_taskflow_templates.py
[2025-03-09T15:54:29.903+0000] {logging_mixin.py:190} INFO - [2025-03-09T15:54:29.903+0000] {dag.py:3239} INFO - Sync 1 DAGs
[2025-03-09T15:54:29.919+0000] {logging_mixin.py:190} INFO - [2025-03-09T15:54:29.919+0000] {dag.py:4180} INFO - Setting next_dagrun for tutorial_taskflow_templates to 2025-03-08 00:00:00+00:00, run_after=2025-03-09 00:00:00+00:00
[2025-03-09T15:54:29.935+0000] {processor.py:208} INFO - Processing /home/airflow/.local/lib/python3.12/site-packages/airflow/example_dags/tutorial_taskflow_templates.py took 0.062 seconds
[2025-03-09T15:55:00.487+0000] {processor.py:186} INFO - Started process (PID=5985) to work on /home/airflow/.local/lib/python3.12/site-packages/airflow/example_dags/tutorial_taskflow_templates.py
[2025-03-09T15:55:00.488+0000] {processor.py:914} INFO - Processing file /home/airflow/.local/lib/python3.12/site-packages/airflow/example_dags/tutorial_taskflow_templates.py for tasks to queue
[2025-03-09T15:55:00.490+0000] {logging_mixin.py:190} INFO - [2025-03-09T15:55:00.490+0000] {dagbag.py:588} INFO - Filling up the DagBag from /home/airflow/.local/lib/python3.12/site-packages/airflow/example_dags/tutorial_taskflow_templates.py
[2025-03-09T15:55:00.501+0000] {processor.py:925} INFO - DAG(s) 'tutorial_taskflow_templates' retrieved from /home/airflow/.local/lib/python3.12/site-packages/airflow/example_dags/tutorial_taskflow_templates.py
[2025-03-09T15:55:00.514+0000] {logging_mixin.py:190} INFO - [2025-03-09T15:55:00.514+0000] {dag.py:3239} INFO - Sync 1 DAGs
[2025-03-09T15:55:00.528+0000] {logging_mixin.py:190} INFO - [2025-03-09T15:55:00.528+0000] {dag.py:4180} INFO - Setting next_dagrun for tutorial_taskflow_templates to 2025-03-08 00:00:00+00:00, run_after=2025-03-09 00:00:00+00:00
[2025-03-09T15:55:00.542+0000] {processor.py:208} INFO - Processing /home/airflow/.local/lib/python3.12/site-packages/airflow/example_dags/tutorial_taskflow_templates.py took 0.063 seconds
[2025-03-09T15:55:31.684+0000] {processor.py:186} INFO - Started process (PID=6314) to work on /home/airflow/.local/lib/python3.12/site-packages/airflow/example_dags/tutorial_taskflow_templates.py
[2025-03-09T15:55:31.684+0000] {processor.py:914} INFO - Processing file /home/airflow/.local/lib/python3.12/site-packages/airflow/example_dags/tutorial_taskflow_templates.py for tasks to queue
[2025-03-09T15:55:31.685+0000] {logging_mixin.py:190} INFO - [2025-03-09T15:55:31.685+0000] {dagbag.py:588} INFO - Filling up the DagBag from /home/airflow/.local/lib/python3.12/site-packages/airflow/example_dags/tutorial_taskflow_templates.py
[2025-03-09T15:55:31.693+0000] {processor.py:925} INFO - DAG(s) 'tutorial_taskflow_templates' retrieved from /home/airflow/.local/lib/python3.12/site-packages/airflow/example_dags/tutorial_taskflow_templates.py
[2025-03-09T15:55:31.706+0000] {logging_mixin.py:190} INFO - [2025-03-09T15:55:31.706+0000] {dag.py:3239} INFO - Sync 1 DAGs
[2025-03-09T15:55:31.721+0000] {logging_mixin.py:190} INFO - [2025-03-09T15:55:31.721+0000] {dag.py:4180} INFO - Setting next_dagrun for tutorial_taskflow_templates to 2025-03-08 00:00:00+00:00, run_after=2025-03-09 00:00:00+00:00
[2025-03-09T15:55:31.737+0000] {processor.py:208} INFO - Processing /home/airflow/.local/lib/python3.12/site-packages/airflow/example_dags/tutorial_taskflow_templates.py took 0.057 seconds
[2025-03-09T15:56:02.328+0000] {processor.py:186} INFO - Started process (PID=6635) to work on /home/airflow/.local/lib/python3.12/site-packages/airflow/example_dags/tutorial_taskflow_templates.py
[2025-03-09T15:56:02.329+0000] {processor.py:914} INFO - Processing file /home/airflow/.local/lib/python3.12/site-packages/airflow/example_dags/tutorial_taskflow_templates.py for tasks to queue
[2025-03-09T15:56:02.330+0000] {logging_mixin.py:190} INFO - [2025-03-09T15:56:02.330+0000] {dagbag.py:588} INFO - Filling up the DagBag from /home/airflow/.local/lib/python3.12/site-packages/airflow/example_dags/tutorial_taskflow_templates.py
[2025-03-09T15:56:02.338+0000] {processor.py:925} INFO - DAG(s) 'tutorial_taskflow_templates' retrieved from /home/airflow/.local/lib/python3.12/site-packages/airflow/example_dags/tutorial_taskflow_templates.py
[2025-03-09T15:56:02.353+0000] {logging_mixin.py:190} INFO - [2025-03-09T15:56:02.353+0000] {dag.py:3239} INFO - Sync 1 DAGs
[2025-03-09T15:56:02.369+0000] {logging_mixin.py:190} INFO - [2025-03-09T15:56:02.368+0000] {dag.py:4180} INFO - Setting next_dagrun for tutorial_taskflow_templates to 2025-03-08 00:00:00+00:00, run_after=2025-03-09 00:00:00+00:00
[2025-03-09T15:56:02.387+0000] {processor.py:208} INFO - Processing /home/airflow/.local/lib/python3.12/site-packages/airflow/example_dags/tutorial_taskflow_templates.py took 0.063 seconds
[2025-03-09T15:56:33.257+0000] {processor.py:186} INFO - Started process (PID=6966) to work on /home/airflow/.local/lib/python3.12/site-packages/airflow/example_dags/tutorial_taskflow_templates.py
[2025-03-09T15:56:33.257+0000] {processor.py:914} INFO - Processing file /home/airflow/.local/lib/python3.12/site-packages/airflow/example_dags/tutorial_taskflow_templates.py for tasks to queue
[2025-03-09T15:56:33.258+0000] {logging_mixin.py:190} INFO - [2025-03-09T15:56:33.258+0000] {dagbag.py:588} INFO - Filling up the DagBag from /home/airflow/.local/lib/python3.12/site-packages/airflow/example_dags/tutorial_taskflow_templates.py
[2025-03-09T15:56:33.267+0000] {processor.py:925} INFO - DAG(s) 'tutorial_taskflow_templates' retrieved from /home/airflow/.local/lib/python3.12/site-packages/airflow/example_dags/tutorial_taskflow_templates.py
[2025-03-09T15:56:33.281+0000] {logging_mixin.py:190} INFO - [2025-03-09T15:56:33.281+0000] {dag.py:3239} INFO - Sync 1 DAGs
[2025-03-09T15:56:33.296+0000] {logging_mixin.py:190} INFO - [2025-03-09T15:56:33.296+0000] {dag.py:4180} INFO - Setting next_dagrun for tutorial_taskflow_templates to 2025-03-08 00:00:00+00:00, run_after=2025-03-09 00:00:00+00:00
[2025-03-09T15:56:33.308+0000] {processor.py:208} INFO - Processing /home/airflow/.local/lib/python3.12/site-packages/airflow/example_dags/tutorial_taskflow_templates.py took 0.055 seconds
[2025-03-09T15:57:04.091+0000] {processor.py:186} INFO - Started process (PID=7292) to work on /home/airflow/.local/lib/python3.12/site-packages/airflow/example_dags/tutorial_taskflow_templates.py
[2025-03-09T15:57:04.092+0000] {processor.py:914} INFO - Processing file /home/airflow/.local/lib/python3.12/site-packages/airflow/example_dags/tutorial_taskflow_templates.py for tasks to queue
[2025-03-09T15:57:04.093+0000] {logging_mixin.py:190} INFO - [2025-03-09T15:57:04.093+0000] {dagbag.py:588} INFO - Filling up the DagBag from /home/airflow/.local/lib/python3.12/site-packages/airflow/example_dags/tutorial_taskflow_templates.py
[2025-03-09T15:57:04.102+0000] {processor.py:925} INFO - DAG(s) 'tutorial_taskflow_templates' retrieved from /home/airflow/.local/lib/python3.12/site-packages/airflow/example_dags/tutorial_taskflow_templates.py
[2025-03-09T15:57:04.120+0000] {logging_mixin.py:190} INFO - [2025-03-09T15:57:04.120+0000] {dag.py:3239} INFO - Sync 1 DAGs
[2025-03-09T15:57:04.136+0000] {logging_mixin.py:190} INFO - [2025-03-09T15:57:04.136+0000] {dag.py:4180} INFO - Setting next_dagrun for tutorial_taskflow_templates to 2025-03-08 00:00:00+00:00, run_after=2025-03-09 00:00:00+00:00
[2025-03-09T15:57:04.152+0000] {processor.py:208} INFO - Processing /home/airflow/.local/lib/python3.12/site-packages/airflow/example_dags/tutorial_taskflow_templates.py took 0.065 seconds
[2025-03-09T15:57:35.180+0000] {processor.py:186} INFO - Started process (PID=7618) to work on /home/airflow/.local/lib/python3.12/site-packages/airflow/example_dags/tutorial_taskflow_templates.py
[2025-03-09T15:57:35.181+0000] {processor.py:914} INFO - Processing file /home/airflow/.local/lib/python3.12/site-packages/airflow/example_dags/tutorial_taskflow_templates.py for tasks to queue
[2025-03-09T15:57:35.182+0000] {logging_mixin.py:190} INFO - [2025-03-09T15:57:35.182+0000] {dagbag.py:588} INFO - Filling up the DagBag from /home/airflow/.local/lib/python3.12/site-packages/airflow/example_dags/tutorial_taskflow_templates.py
[2025-03-09T15:57:35.190+0000] {processor.py:925} INFO - DAG(s) 'tutorial_taskflow_templates' retrieved from /home/airflow/.local/lib/python3.12/site-packages/airflow/example_dags/tutorial_taskflow_templates.py
[2025-03-09T15:57:35.206+0000] {logging_mixin.py:190} INFO - [2025-03-09T15:57:35.206+0000] {dag.py:3239} INFO - Sync 1 DAGs
[2025-03-09T15:57:35.222+0000] {logging_mixin.py:190} INFO - [2025-03-09T15:57:35.222+0000] {dag.py:4180} INFO - Setting next_dagrun for tutorial_taskflow_templates to 2025-03-08 00:00:00+00:00, run_after=2025-03-09 00:00:00+00:00
[2025-03-09T15:57:35.235+0000] {processor.py:208} INFO - Processing /home/airflow/.local/lib/python3.12/site-packages/airflow/example_dags/tutorial_taskflow_templates.py took 0.059 seconds
[2025-03-09T15:58:06.034+0000] {processor.py:186} INFO - Started process (PID=7944) to work on /home/airflow/.local/lib/python3.12/site-packages/airflow/example_dags/tutorial_taskflow_templates.py
[2025-03-09T15:58:06.034+0000] {processor.py:914} INFO - Processing file /home/airflow/.local/lib/python3.12/site-packages/airflow/example_dags/tutorial_taskflow_templates.py for tasks to queue
[2025-03-09T15:58:06.036+0000] {logging_mixin.py:190} INFO - [2025-03-09T15:58:06.035+0000] {dagbag.py:588} INFO - Filling up the DagBag from /home/airflow/.local/lib/python3.12/site-packages/airflow/example_dags/tutorial_taskflow_templates.py
[2025-03-09T15:58:06.043+0000] {processor.py:925} INFO - DAG(s) 'tutorial_taskflow_templates' retrieved from /home/airflow/.local/lib/python3.12/site-packages/airflow/example_dags/tutorial_taskflow_templates.py
[2025-03-09T15:58:06.059+0000] {logging_mixin.py:190} INFO - [2025-03-09T15:58:06.059+0000] {dag.py:3239} INFO - Sync 1 DAGs
[2025-03-09T15:58:06.074+0000] {logging_mixin.py:190} INFO - [2025-03-09T15:58:06.074+0000] {dag.py:4180} INFO - Setting next_dagrun for tutorial_taskflow_templates to 2025-03-08 00:00:00+00:00, run_after=2025-03-09 00:00:00+00:00
[2025-03-09T15:58:06.087+0000] {processor.py:208} INFO - Processing /home/airflow/.local/lib/python3.12/site-packages/airflow/example_dags/tutorial_taskflow_templates.py took 0.057 seconds
[2025-03-09T15:58:37.150+0000] {processor.py:186} INFO - Started process (PID=8270) to work on /home/airflow/.local/lib/python3.12/site-packages/airflow/example_dags/tutorial_taskflow_templates.py
[2025-03-09T15:58:37.151+0000] {processor.py:914} INFO - Processing file /home/airflow/.local/lib/python3.12/site-packages/airflow/example_dags/tutorial_taskflow_templates.py for tasks to queue
[2025-03-09T15:58:37.152+0000] {logging_mixin.py:190} INFO - [2025-03-09T15:58:37.152+0000] {dagbag.py:588} INFO - Filling up the DagBag from /home/airflow/.local/lib/python3.12/site-packages/airflow/example_dags/tutorial_taskflow_templates.py
[2025-03-09T15:58:37.160+0000] {processor.py:925} INFO - DAG(s) 'tutorial_taskflow_templates' retrieved from /home/airflow/.local/lib/python3.12/site-packages/airflow/example_dags/tutorial_taskflow_templates.py
[2025-03-09T15:58:37.172+0000] {logging_mixin.py:190} INFO - [2025-03-09T15:58:37.172+0000] {dag.py:3239} INFO - Sync 1 DAGs
[2025-03-09T15:58:37.187+0000] {logging_mixin.py:190} INFO - [2025-03-09T15:58:37.187+0000] {dag.py:4180} INFO - Setting next_dagrun for tutorial_taskflow_templates to 2025-03-08 00:00:00+00:00, run_after=2025-03-09 00:00:00+00:00
[2025-03-09T15:58:37.201+0000] {processor.py:208} INFO - Processing /home/airflow/.local/lib/python3.12/site-packages/airflow/example_dags/tutorial_taskflow_templates.py took 0.055 seconds
[2025-03-09T15:59:08.586+0000] {processor.py:186} INFO - Started process (PID=8598) to work on /home/airflow/.local/lib/python3.12/site-packages/airflow/example_dags/tutorial_taskflow_templates.py
[2025-03-09T15:59:08.586+0000] {processor.py:914} INFO - Processing file /home/airflow/.local/lib/python3.12/site-packages/airflow/example_dags/tutorial_taskflow_templates.py for tasks to queue
[2025-03-09T15:59:08.588+0000] {logging_mixin.py:190} INFO - [2025-03-09T15:59:08.587+0000] {dagbag.py:588} INFO - Filling up the DagBag from /home/airflow/.local/lib/python3.12/site-packages/airflow/example_dags/tutorial_taskflow_templates.py
[2025-03-09T15:59:08.596+0000] {processor.py:925} INFO - DAG(s) 'tutorial_taskflow_templates' retrieved from /home/airflow/.local/lib/python3.12/site-packages/airflow/example_dags/tutorial_taskflow_templates.py
[2025-03-09T15:59:08.609+0000] {logging_mixin.py:190} INFO - [2025-03-09T15:59:08.608+0000] {dag.py:3239} INFO - Sync 1 DAGs
[2025-03-09T15:59:08.626+0000] {logging_mixin.py:190} INFO - [2025-03-09T15:59:08.625+0000] {dag.py:4180} INFO - Setting next_dagrun for tutorial_taskflow_templates to 2025-03-08 00:00:00+00:00, run_after=2025-03-09 00:00:00+00:00
[2025-03-09T15:59:08.638+0000] {processor.py:208} INFO - Processing /home/airflow/.local/lib/python3.12/site-packages/airflow/example_dags/tutorial_taskflow_templates.py took 0.056 seconds
[2025-03-09T15:59:39.451+0000] {processor.py:186} INFO - Started process (PID=8922) to work on /home/airflow/.local/lib/python3.12/site-packages/airflow/example_dags/tutorial_taskflow_templates.py
[2025-03-09T15:59:39.451+0000] {processor.py:914} INFO - Processing file /home/airflow/.local/lib/python3.12/site-packages/airflow/example_dags/tutorial_taskflow_templates.py for tasks to queue
[2025-03-09T15:59:39.452+0000] {logging_mixin.py:190} INFO - [2025-03-09T15:59:39.452+0000] {dagbag.py:588} INFO - Filling up the DagBag from /home/airflow/.local/lib/python3.12/site-packages/airflow/example_dags/tutorial_taskflow_templates.py
[2025-03-09T15:59:39.460+0000] {processor.py:925} INFO - DAG(s) 'tutorial_taskflow_templates' retrieved from /home/airflow/.local/lib/python3.12/site-packages/airflow/example_dags/tutorial_taskflow_templates.py
[2025-03-09T15:59:39.476+0000] {logging_mixin.py:190} INFO - [2025-03-09T15:59:39.476+0000] {dag.py:3239} INFO - Sync 1 DAGs
[2025-03-09T15:59:39.494+0000] {logging_mixin.py:190} INFO - [2025-03-09T15:59:39.493+0000] {dag.py:4180} INFO - Setting next_dagrun for tutorial_taskflow_templates to 2025-03-08 00:00:00+00:00, run_after=2025-03-09 00:00:00+00:00
[2025-03-09T15:59:39.506+0000] {processor.py:208} INFO - Processing /home/airflow/.local/lib/python3.12/site-packages/airflow/example_dags/tutorial_taskflow_templates.py took 0.059 seconds
[2025-03-09T16:00:09.928+0000] {processor.py:186} INFO - Started process (PID=9248) to work on /home/airflow/.local/lib/python3.12/site-packages/airflow/example_dags/tutorial_taskflow_templates.py
[2025-03-09T16:00:09.929+0000] {processor.py:914} INFO - Processing file /home/airflow/.local/lib/python3.12/site-packages/airflow/example_dags/tutorial_taskflow_templates.py for tasks to queue
[2025-03-09T16:00:09.931+0000] {logging_mixin.py:190} INFO - [2025-03-09T16:00:09.930+0000] {dagbag.py:588} INFO - Filling up the DagBag from /home/airflow/.local/lib/python3.12/site-packages/airflow/example_dags/tutorial_taskflow_templates.py
[2025-03-09T16:00:09.938+0000] {processor.py:925} INFO - DAG(s) 'tutorial_taskflow_templates' retrieved from /home/airflow/.local/lib/python3.12/site-packages/airflow/example_dags/tutorial_taskflow_templates.py
[2025-03-09T16:00:09.953+0000] {logging_mixin.py:190} INFO - [2025-03-09T16:00:09.953+0000] {dag.py:3239} INFO - Sync 1 DAGs
[2025-03-09T16:00:09.979+0000] {logging_mixin.py:190} INFO - [2025-03-09T16:00:09.979+0000] {dag.py:4180} INFO - Setting next_dagrun for tutorial_taskflow_templates to 2025-03-08 00:00:00+00:00, run_after=2025-03-09 00:00:00+00:00
[2025-03-09T16:00:09.996+0000] {processor.py:208} INFO - Processing /home/airflow/.local/lib/python3.12/site-packages/airflow/example_dags/tutorial_taskflow_templates.py took 0.072 seconds
[2025-03-09T16:00:40.589+0000] {processor.py:186} INFO - Started process (PID=9574) to work on /home/airflow/.local/lib/python3.12/site-packages/airflow/example_dags/tutorial_taskflow_templates.py
[2025-03-09T16:00:40.589+0000] {processor.py:914} INFO - Processing file /home/airflow/.local/lib/python3.12/site-packages/airflow/example_dags/tutorial_taskflow_templates.py for tasks to queue
[2025-03-09T16:00:40.590+0000] {logging_mixin.py:190} INFO - [2025-03-09T16:00:40.590+0000] {dagbag.py:588} INFO - Filling up the DagBag from /home/airflow/.local/lib/python3.12/site-packages/airflow/example_dags/tutorial_taskflow_templates.py
[2025-03-09T16:00:40.598+0000] {processor.py:925} INFO - DAG(s) 'tutorial_taskflow_templates' retrieved from /home/airflow/.local/lib/python3.12/site-packages/airflow/example_dags/tutorial_taskflow_templates.py
[2025-03-09T16:00:40.611+0000] {logging_mixin.py:190} INFO - [2025-03-09T16:00:40.611+0000] {dag.py:3239} INFO - Sync 1 DAGs
[2025-03-09T16:00:40.627+0000] {logging_mixin.py:190} INFO - [2025-03-09T16:00:40.627+0000] {dag.py:4180} INFO - Setting next_dagrun for tutorial_taskflow_templates to 2025-03-08 00:00:00+00:00, run_after=2025-03-09 00:00:00+00:00
[2025-03-09T16:00:40.641+0000] {processor.py:208} INFO - Processing /home/airflow/.local/lib/python3.12/site-packages/airflow/example_dags/tutorial_taskflow_templates.py took 0.056 seconds
[2025-03-09T16:01:11.098+0000] {processor.py:186} INFO - Started process (PID=9900) to work on /home/airflow/.local/lib/python3.12/site-packages/airflow/example_dags/tutorial_taskflow_templates.py
[2025-03-09T16:01:11.099+0000] {processor.py:914} INFO - Processing file /home/airflow/.local/lib/python3.12/site-packages/airflow/example_dags/tutorial_taskflow_templates.py for tasks to queue
[2025-03-09T16:01:11.100+0000] {logging_mixin.py:190} INFO - [2025-03-09T16:01:11.100+0000] {dagbag.py:588} INFO - Filling up the DagBag from /home/airflow/.local/lib/python3.12/site-packages/airflow/example_dags/tutorial_taskflow_templates.py
[2025-03-09T16:01:11.109+0000] {processor.py:925} INFO - DAG(s) 'tutorial_taskflow_templates' retrieved from /home/airflow/.local/lib/python3.12/site-packages/airflow/example_dags/tutorial_taskflow_templates.py
[2025-03-09T16:01:11.128+0000] {logging_mixin.py:190} INFO - [2025-03-09T16:01:11.127+0000] {dag.py:3239} INFO - Sync 1 DAGs
[2025-03-09T16:01:11.150+0000] {logging_mixin.py:190} INFO - [2025-03-09T16:01:11.150+0000] {dag.py:4180} INFO - Setting next_dagrun for tutorial_taskflow_templates to 2025-03-08 00:00:00+00:00, run_after=2025-03-09 00:00:00+00:00
[2025-03-09T16:01:11.168+0000] {processor.py:208} INFO - Processing /home/airflow/.local/lib/python3.12/site-packages/airflow/example_dags/tutorial_taskflow_templates.py took 0.073 seconds
[2025-03-09T16:01:41.526+0000] {processor.py:186} INFO - Started process (PID=10226) to work on /home/airflow/.local/lib/python3.12/site-packages/airflow/example_dags/tutorial_taskflow_templates.py
[2025-03-09T16:01:41.527+0000] {processor.py:914} INFO - Processing file /home/airflow/.local/lib/python3.12/site-packages/airflow/example_dags/tutorial_taskflow_templates.py for tasks to queue
[2025-03-09T16:01:41.528+0000] {logging_mixin.py:190} INFO - [2025-03-09T16:01:41.528+0000] {dagbag.py:588} INFO - Filling up the DagBag from /home/airflow/.local/lib/python3.12/site-packages/airflow/example_dags/tutorial_taskflow_templates.py
[2025-03-09T16:01:41.535+0000] {processor.py:925} INFO - DAG(s) 'tutorial_taskflow_templates' retrieved from /home/airflow/.local/lib/python3.12/site-packages/airflow/example_dags/tutorial_taskflow_templates.py
[2025-03-09T16:01:41.547+0000] {logging_mixin.py:190} INFO - [2025-03-09T16:01:41.547+0000] {dag.py:3239} INFO - Sync 1 DAGs
[2025-03-09T16:01:41.562+0000] {logging_mixin.py:190} INFO - [2025-03-09T16:01:41.562+0000] {dag.py:4180} INFO - Setting next_dagrun for tutorial_taskflow_templates to 2025-03-08 00:00:00+00:00, run_after=2025-03-09 00:00:00+00:00
[2025-03-09T16:01:41.577+0000] {processor.py:208} INFO - Processing /home/airflow/.local/lib/python3.12/site-packages/airflow/example_dags/tutorial_taskflow_templates.py took 0.055 seconds
[2025-03-09T16:02:12.046+0000] {processor.py:186} INFO - Started process (PID=10552) to work on /home/airflow/.local/lib/python3.12/site-packages/airflow/example_dags/tutorial_taskflow_templates.py
[2025-03-09T16:02:12.047+0000] {processor.py:914} INFO - Processing file /home/airflow/.local/lib/python3.12/site-packages/airflow/example_dags/tutorial_taskflow_templates.py for tasks to queue
[2025-03-09T16:02:12.048+0000] {logging_mixin.py:190} INFO - [2025-03-09T16:02:12.048+0000] {dagbag.py:588} INFO - Filling up the DagBag from /home/airflow/.local/lib/python3.12/site-packages/airflow/example_dags/tutorial_taskflow_templates.py
[2025-03-09T16:02:12.056+0000] {processor.py:925} INFO - DAG(s) 'tutorial_taskflow_templates' retrieved from /home/airflow/.local/lib/python3.12/site-packages/airflow/example_dags/tutorial_taskflow_templates.py
[2025-03-09T16:02:12.068+0000] {logging_mixin.py:190} INFO - [2025-03-09T16:02:12.068+0000] {dag.py:3239} INFO - Sync 1 DAGs
[2025-03-09T16:02:12.083+0000] {logging_mixin.py:190} INFO - [2025-03-09T16:02:12.082+0000] {dag.py:4180} INFO - Setting next_dagrun for tutorial_taskflow_templates to 2025-03-08 00:00:00+00:00, run_after=2025-03-09 00:00:00+00:00
[2025-03-09T16:02:12.099+0000] {processor.py:208} INFO - Processing /home/airflow/.local/lib/python3.12/site-packages/airflow/example_dags/tutorial_taskflow_templates.py took 0.057 seconds
[2025-03-09T16:02:42.819+0000] {processor.py:186} INFO - Started process (PID=10878) to work on /home/airflow/.local/lib/python3.12/site-packages/airflow/example_dags/tutorial_taskflow_templates.py
[2025-03-09T16:02:42.820+0000] {processor.py:914} INFO - Processing file /home/airflow/.local/lib/python3.12/site-packages/airflow/example_dags/tutorial_taskflow_templates.py for tasks to queue
[2025-03-09T16:02:42.821+0000] {logging_mixin.py:190} INFO - [2025-03-09T16:02:42.821+0000] {dagbag.py:588} INFO - Filling up the DagBag from /home/airflow/.local/lib/python3.12/site-packages/airflow/example_dags/tutorial_taskflow_templates.py
[2025-03-09T16:02:42.828+0000] {processor.py:925} INFO - DAG(s) 'tutorial_taskflow_templates' retrieved from /home/airflow/.local/lib/python3.12/site-packages/airflow/example_dags/tutorial_taskflow_templates.py
[2025-03-09T16:02:42.848+0000] {logging_mixin.py:190} INFO - [2025-03-09T16:02:42.848+0000] {dag.py:3239} INFO - Sync 1 DAGs
[2025-03-09T16:02:42.864+0000] {logging_mixin.py:190} INFO - [2025-03-09T16:02:42.864+0000] {dag.py:4180} INFO - Setting next_dagrun for tutorial_taskflow_templates to 2025-03-08 00:00:00+00:00, run_after=2025-03-09 00:00:00+00:00
[2025-03-09T16:02:42.878+0000] {processor.py:208} INFO - Processing /home/airflow/.local/lib/python3.12/site-packages/airflow/example_dags/tutorial_taskflow_templates.py took 0.062 seconds
[2025-03-09T16:03:13.799+0000] {processor.py:186} INFO - Started process (PID=11204) to work on /home/airflow/.local/lib/python3.12/site-packages/airflow/example_dags/tutorial_taskflow_templates.py
[2025-03-09T16:03:13.799+0000] {processor.py:914} INFO - Processing file /home/airflow/.local/lib/python3.12/site-packages/airflow/example_dags/tutorial_taskflow_templates.py for tasks to queue
[2025-03-09T16:03:13.801+0000] {logging_mixin.py:190} INFO - [2025-03-09T16:03:13.800+0000] {dagbag.py:588} INFO - Filling up the DagBag from /home/airflow/.local/lib/python3.12/site-packages/airflow/example_dags/tutorial_taskflow_templates.py
[2025-03-09T16:03:13.809+0000] {processor.py:925} INFO - DAG(s) 'tutorial_taskflow_templates' retrieved from /home/airflow/.local/lib/python3.12/site-packages/airflow/example_dags/tutorial_taskflow_templates.py
[2025-03-09T16:03:13.822+0000] {logging_mixin.py:190} INFO - [2025-03-09T16:03:13.822+0000] {dag.py:3239} INFO - Sync 1 DAGs
[2025-03-09T16:03:13.838+0000] {logging_mixin.py:190} INFO - [2025-03-09T16:03:13.838+0000] {dag.py:4180} INFO - Setting next_dagrun for tutorial_taskflow_templates to 2025-03-08 00:00:00+00:00, run_after=2025-03-09 00:00:00+00:00
[2025-03-09T16:03:13.852+0000] {processor.py:208} INFO - Processing /home/airflow/.local/lib/python3.12/site-packages/airflow/example_dags/tutorial_taskflow_templates.py took 0.057 seconds
[2025-03-09T16:03:44.521+0000] {processor.py:186} INFO - Started process (PID=11530) to work on /home/airflow/.local/lib/python3.12/site-packages/airflow/example_dags/tutorial_taskflow_templates.py
[2025-03-09T16:03:44.522+0000] {processor.py:914} INFO - Processing file /home/airflow/.local/lib/python3.12/site-packages/airflow/example_dags/tutorial_taskflow_templates.py for tasks to queue
[2025-03-09T16:03:44.523+0000] {logging_mixin.py:190} INFO - [2025-03-09T16:03:44.522+0000] {dagbag.py:588} INFO - Filling up the DagBag from /home/airflow/.local/lib/python3.12/site-packages/airflow/example_dags/tutorial_taskflow_templates.py
[2025-03-09T16:03:44.530+0000] {processor.py:925} INFO - DAG(s) 'tutorial_taskflow_templates' retrieved from /home/airflow/.local/lib/python3.12/site-packages/airflow/example_dags/tutorial_taskflow_templates.py
[2025-03-09T16:03:44.545+0000] {logging_mixin.py:190} INFO - [2025-03-09T16:03:44.545+0000] {dag.py:3239} INFO - Sync 1 DAGs
[2025-03-09T16:03:44.561+0000] {logging_mixin.py:190} INFO - [2025-03-09T16:03:44.560+0000] {dag.py:4180} INFO - Setting next_dagrun for tutorial_taskflow_templates to 2025-03-08 00:00:00+00:00, run_after=2025-03-09 00:00:00+00:00
[2025-03-09T16:03:44.573+0000] {processor.py:208} INFO - Processing /home/airflow/.local/lib/python3.12/site-packages/airflow/example_dags/tutorial_taskflow_templates.py took 0.056 seconds
[2025-03-09T16:04:15.490+0000] {processor.py:186} INFO - Started process (PID=11856) to work on /home/airflow/.local/lib/python3.12/site-packages/airflow/example_dags/tutorial_taskflow_templates.py
[2025-03-09T16:04:15.491+0000] {processor.py:914} INFO - Processing file /home/airflow/.local/lib/python3.12/site-packages/airflow/example_dags/tutorial_taskflow_templates.py for tasks to queue
[2025-03-09T16:04:15.492+0000] {logging_mixin.py:190} INFO - [2025-03-09T16:04:15.492+0000] {dagbag.py:588} INFO - Filling up the DagBag from /home/airflow/.local/lib/python3.12/site-packages/airflow/example_dags/tutorial_taskflow_templates.py
[2025-03-09T16:04:15.500+0000] {processor.py:925} INFO - DAG(s) 'tutorial_taskflow_templates' retrieved from /home/airflow/.local/lib/python3.12/site-packages/airflow/example_dags/tutorial_taskflow_templates.py
[2025-03-09T16:04:15.515+0000] {logging_mixin.py:190} INFO - [2025-03-09T16:04:15.515+0000] {dag.py:3239} INFO - Sync 1 DAGs
[2025-03-09T16:04:15.530+0000] {logging_mixin.py:190} INFO - [2025-03-09T16:04:15.530+0000] {dag.py:4180} INFO - Setting next_dagrun for tutorial_taskflow_templates to 2025-03-08 00:00:00+00:00, run_after=2025-03-09 00:00:00+00:00
[2025-03-09T16:04:15.545+0000] {processor.py:208} INFO - Processing /home/airflow/.local/lib/python3.12/site-packages/airflow/example_dags/tutorial_taskflow_templates.py took 0.058 seconds
[2025-03-09T16:04:46.324+0000] {processor.py:186} INFO - Started process (PID=12182) to work on /home/airflow/.local/lib/python3.12/site-packages/airflow/example_dags/tutorial_taskflow_templates.py
[2025-03-09T16:04:46.325+0000] {processor.py:914} INFO - Processing file /home/airflow/.local/lib/python3.12/site-packages/airflow/example_dags/tutorial_taskflow_templates.py for tasks to queue
[2025-03-09T16:04:46.326+0000] {logging_mixin.py:190} INFO - [2025-03-09T16:04:46.326+0000] {dagbag.py:588} INFO - Filling up the DagBag from /home/airflow/.local/lib/python3.12/site-packages/airflow/example_dags/tutorial_taskflow_templates.py
[2025-03-09T16:04:46.344+0000] {processor.py:925} INFO - DAG(s) 'tutorial_taskflow_templates' retrieved from /home/airflow/.local/lib/python3.12/site-packages/airflow/example_dags/tutorial_taskflow_templates.py
[2025-03-09T16:04:46.368+0000] {logging_mixin.py:190} INFO - [2025-03-09T16:04:46.368+0000] {dag.py:3239} INFO - Sync 1 DAGs
[2025-03-09T16:04:46.392+0000] {logging_mixin.py:190} INFO - [2025-03-09T16:04:46.392+0000] {dag.py:4180} INFO - Setting next_dagrun for tutorial_taskflow_templates to 2025-03-08 00:00:00+00:00, run_after=2025-03-09 00:00:00+00:00
[2025-03-09T16:04:46.410+0000] {processor.py:208} INFO - Processing /home/airflow/.local/lib/python3.12/site-packages/airflow/example_dags/tutorial_taskflow_templates.py took 0.090 seconds
[2025-03-09T16:05:17.154+0000] {processor.py:186} INFO - Started process (PID=12510) to work on /home/airflow/.local/lib/python3.12/site-packages/airflow/example_dags/tutorial_taskflow_templates.py
[2025-03-09T16:05:17.155+0000] {processor.py:914} INFO - Processing file /home/airflow/.local/lib/python3.12/site-packages/airflow/example_dags/tutorial_taskflow_templates.py for tasks to queue
[2025-03-09T16:05:17.157+0000] {logging_mixin.py:190} INFO - [2025-03-09T16:05:17.157+0000] {dagbag.py:588} INFO - Filling up the DagBag from /home/airflow/.local/lib/python3.12/site-packages/airflow/example_dags/tutorial_taskflow_templates.py
[2025-03-09T16:05:17.166+0000] {processor.py:925} INFO - DAG(s) 'tutorial_taskflow_templates' retrieved from /home/airflow/.local/lib/python3.12/site-packages/airflow/example_dags/tutorial_taskflow_templates.py
[2025-03-09T16:05:17.182+0000] {logging_mixin.py:190} INFO - [2025-03-09T16:05:17.182+0000] {dag.py:3239} INFO - Sync 1 DAGs
[2025-03-09T16:05:17.201+0000] {logging_mixin.py:190} INFO - [2025-03-09T16:05:17.201+0000] {dag.py:4180} INFO - Setting next_dagrun for tutorial_taskflow_templates to 2025-03-08 00:00:00+00:00, run_after=2025-03-09 00:00:00+00:00
[2025-03-09T16:05:17.215+0000] {processor.py:208} INFO - Processing /home/airflow/.local/lib/python3.12/site-packages/airflow/example_dags/tutorial_taskflow_templates.py took 0.067 seconds
[2025-03-09T16:05:47.780+0000] {processor.py:186} INFO - Started process (PID=12834) to work on /home/airflow/.local/lib/python3.12/site-packages/airflow/example_dags/tutorial_taskflow_templates.py
[2025-03-09T16:05:47.781+0000] {processor.py:914} INFO - Processing file /home/airflow/.local/lib/python3.12/site-packages/airflow/example_dags/tutorial_taskflow_templates.py for tasks to queue
[2025-03-09T16:05:47.782+0000] {logging_mixin.py:190} INFO - [2025-03-09T16:05:47.782+0000] {dagbag.py:588} INFO - Filling up the DagBag from /home/airflow/.local/lib/python3.12/site-packages/airflow/example_dags/tutorial_taskflow_templates.py
[2025-03-09T16:05:47.790+0000] {processor.py:925} INFO - DAG(s) 'tutorial_taskflow_templates' retrieved from /home/airflow/.local/lib/python3.12/site-packages/airflow/example_dags/tutorial_taskflow_templates.py
[2025-03-09T16:05:47.803+0000] {logging_mixin.py:190} INFO - [2025-03-09T16:05:47.802+0000] {dag.py:3239} INFO - Sync 1 DAGs
[2025-03-09T16:05:47.818+0000] {logging_mixin.py:190} INFO - [2025-03-09T16:05:47.818+0000] {dag.py:4180} INFO - Setting next_dagrun for tutorial_taskflow_templates to 2025-03-08 00:00:00+00:00, run_after=2025-03-09 00:00:00+00:00
[2025-03-09T16:05:47.830+0000] {processor.py:208} INFO - Processing /home/airflow/.local/lib/python3.12/site-packages/airflow/example_dags/tutorial_taskflow_templates.py took 0.055 seconds
[2025-03-09T16:06:18.175+0000] {processor.py:186} INFO - Started process (PID=13166) to work on /home/airflow/.local/lib/python3.12/site-packages/airflow/example_dags/tutorial_taskflow_templates.py
[2025-03-09T16:06:18.176+0000] {processor.py:914} INFO - Processing file /home/airflow/.local/lib/python3.12/site-packages/airflow/example_dags/tutorial_taskflow_templates.py for tasks to queue
[2025-03-09T16:06:18.177+0000] {logging_mixin.py:190} INFO - [2025-03-09T16:06:18.177+0000] {dagbag.py:588} INFO - Filling up the DagBag from /home/airflow/.local/lib/python3.12/site-packages/airflow/example_dags/tutorial_taskflow_templates.py
[2025-03-09T16:06:18.185+0000] {processor.py:925} INFO - DAG(s) 'tutorial_taskflow_templates' retrieved from /home/airflow/.local/lib/python3.12/site-packages/airflow/example_dags/tutorial_taskflow_templates.py
[2025-03-09T16:06:18.203+0000] {logging_mixin.py:190} INFO - [2025-03-09T16:06:18.203+0000] {dag.py:3239} INFO - Sync 1 DAGs
[2025-03-09T16:06:18.219+0000] {logging_mixin.py:190} INFO - [2025-03-09T16:06:18.219+0000] {dag.py:4180} INFO - Setting next_dagrun for tutorial_taskflow_templates to 2025-03-08 00:00:00+00:00, run_after=2025-03-09 00:00:00+00:00
[2025-03-09T16:06:18.232+0000] {processor.py:208} INFO - Processing /home/airflow/.local/lib/python3.12/site-packages/airflow/example_dags/tutorial_taskflow_templates.py took 0.062 seconds
[2025-03-09T16:06:48.674+0000] {processor.py:186} INFO - Started process (PID=13489) to work on /home/airflow/.local/lib/python3.12/site-packages/airflow/example_dags/tutorial_taskflow_templates.py
[2025-03-09T16:06:48.675+0000] {processor.py:914} INFO - Processing file /home/airflow/.local/lib/python3.12/site-packages/airflow/example_dags/tutorial_taskflow_templates.py for tasks to queue
[2025-03-09T16:06:48.677+0000] {logging_mixin.py:190} INFO - [2025-03-09T16:06:48.677+0000] {dagbag.py:588} INFO - Filling up the DagBag from /home/airflow/.local/lib/python3.12/site-packages/airflow/example_dags/tutorial_taskflow_templates.py
[2025-03-09T16:06:48.689+0000] {processor.py:925} INFO - DAG(s) 'tutorial_taskflow_templates' retrieved from /home/airflow/.local/lib/python3.12/site-packages/airflow/example_dags/tutorial_taskflow_templates.py
[2025-03-09T16:06:48.701+0000] {logging_mixin.py:190} INFO - [2025-03-09T16:06:48.701+0000] {dag.py:3239} INFO - Sync 1 DAGs
[2025-03-09T16:06:48.717+0000] {logging_mixin.py:190} INFO - [2025-03-09T16:06:48.717+0000] {dag.py:4180} INFO - Setting next_dagrun for tutorial_taskflow_templates to 2025-03-08 00:00:00+00:00, run_after=2025-03-09 00:00:00+00:00
[2025-03-09T16:06:48.735+0000] {processor.py:208} INFO - Processing /home/airflow/.local/lib/python3.12/site-packages/airflow/example_dags/tutorial_taskflow_templates.py took 0.068 seconds
[2025-03-09T16:07:19.416+0000] {processor.py:186} INFO - Started process (PID=13815) to work on /home/airflow/.local/lib/python3.12/site-packages/airflow/example_dags/tutorial_taskflow_templates.py
[2025-03-09T16:07:19.417+0000] {processor.py:914} INFO - Processing file /home/airflow/.local/lib/python3.12/site-packages/airflow/example_dags/tutorial_taskflow_templates.py for tasks to queue
[2025-03-09T16:07:19.420+0000] {logging_mixin.py:190} INFO - [2025-03-09T16:07:19.420+0000] {dagbag.py:588} INFO - Filling up the DagBag from /home/airflow/.local/lib/python3.12/site-packages/airflow/example_dags/tutorial_taskflow_templates.py
[2025-03-09T16:07:19.435+0000] {processor.py:925} INFO - DAG(s) 'tutorial_taskflow_templates' retrieved from /home/airflow/.local/lib/python3.12/site-packages/airflow/example_dags/tutorial_taskflow_templates.py
[2025-03-09T16:07:19.448+0000] {logging_mixin.py:190} INFO - [2025-03-09T16:07:19.448+0000] {dag.py:3239} INFO - Sync 1 DAGs
[2025-03-09T16:07:19.477+0000] {logging_mixin.py:190} INFO - [2025-03-09T16:07:19.477+0000] {dag.py:4180} INFO - Setting next_dagrun for tutorial_taskflow_templates to 2025-03-08 00:00:00+00:00, run_after=2025-03-09 00:00:00+00:00
[2025-03-09T16:07:19.496+0000] {processor.py:208} INFO - Processing /home/airflow/.local/lib/python3.12/site-packages/airflow/example_dags/tutorial_taskflow_templates.py took 0.087 seconds
[2025-03-09T16:07:49.879+0000] {processor.py:186} INFO - Started process (PID=14140) to work on /home/airflow/.local/lib/python3.12/site-packages/airflow/example_dags/tutorial_taskflow_templates.py
[2025-03-09T16:07:49.879+0000] {processor.py:914} INFO - Processing file /home/airflow/.local/lib/python3.12/site-packages/airflow/example_dags/tutorial_taskflow_templates.py for tasks to queue
[2025-03-09T16:07:49.880+0000] {logging_mixin.py:190} INFO - [2025-03-09T16:07:49.880+0000] {dagbag.py:588} INFO - Filling up the DagBag from /home/airflow/.local/lib/python3.12/site-packages/airflow/example_dags/tutorial_taskflow_templates.py
[2025-03-09T16:07:49.888+0000] {processor.py:925} INFO - DAG(s) 'tutorial_taskflow_templates' retrieved from /home/airflow/.local/lib/python3.12/site-packages/airflow/example_dags/tutorial_taskflow_templates.py
[2025-03-09T16:07:49.908+0000] {logging_mixin.py:190} INFO - [2025-03-09T16:07:49.908+0000] {dag.py:3239} INFO - Sync 1 DAGs
[2025-03-09T16:07:49.932+0000] {logging_mixin.py:190} INFO - [2025-03-09T16:07:49.932+0000] {dag.py:4180} INFO - Setting next_dagrun for tutorial_taskflow_templates to 2025-03-08 00:00:00+00:00, run_after=2025-03-09 00:00:00+00:00
[2025-03-09T16:07:49.950+0000] {processor.py:208} INFO - Processing /home/airflow/.local/lib/python3.12/site-packages/airflow/example_dags/tutorial_taskflow_templates.py took 0.075 seconds
[2025-03-09T16:08:20.941+0000] {processor.py:186} INFO - Started process (PID=14471) to work on /home/airflow/.local/lib/python3.12/site-packages/airflow/example_dags/tutorial_taskflow_templates.py
[2025-03-09T16:08:20.942+0000] {processor.py:914} INFO - Processing file /home/airflow/.local/lib/python3.12/site-packages/airflow/example_dags/tutorial_taskflow_templates.py for tasks to queue
[2025-03-09T16:08:20.943+0000] {logging_mixin.py:190} INFO - [2025-03-09T16:08:20.943+0000] {dagbag.py:588} INFO - Filling up the DagBag from /home/airflow/.local/lib/python3.12/site-packages/airflow/example_dags/tutorial_taskflow_templates.py
[2025-03-09T16:08:20.951+0000] {processor.py:925} INFO - DAG(s) 'tutorial_taskflow_templates' retrieved from /home/airflow/.local/lib/python3.12/site-packages/airflow/example_dags/tutorial_taskflow_templates.py
[2025-03-09T16:08:20.963+0000] {logging_mixin.py:190} INFO - [2025-03-09T16:08:20.963+0000] {dag.py:3239} INFO - Sync 1 DAGs
[2025-03-09T16:08:20.979+0000] {logging_mixin.py:190} INFO - [2025-03-09T16:08:20.978+0000] {dag.py:4180} INFO - Setting next_dagrun for tutorial_taskflow_templates to 2025-03-08 00:00:00+00:00, run_after=2025-03-09 00:00:00+00:00
[2025-03-09T16:08:20.991+0000] {processor.py:208} INFO - Processing /home/airflow/.local/lib/python3.12/site-packages/airflow/example_dags/tutorial_taskflow_templates.py took 0.053 seconds
[2025-03-09T16:08:52.275+0000] {processor.py:186} INFO - Started process (PID=14799) to work on /home/airflow/.local/lib/python3.12/site-packages/airflow/example_dags/tutorial_taskflow_templates.py
[2025-03-09T16:08:52.276+0000] {processor.py:914} INFO - Processing file /home/airflow/.local/lib/python3.12/site-packages/airflow/example_dags/tutorial_taskflow_templates.py for tasks to queue
[2025-03-09T16:08:52.277+0000] {logging_mixin.py:190} INFO - [2025-03-09T16:08:52.277+0000] {dagbag.py:588} INFO - Filling up the DagBag from /home/airflow/.local/lib/python3.12/site-packages/airflow/example_dags/tutorial_taskflow_templates.py
[2025-03-09T16:08:52.285+0000] {processor.py:925} INFO - DAG(s) 'tutorial_taskflow_templates' retrieved from /home/airflow/.local/lib/python3.12/site-packages/airflow/example_dags/tutorial_taskflow_templates.py
[2025-03-09T16:08:52.300+0000] {logging_mixin.py:190} INFO - [2025-03-09T16:08:52.300+0000] {dag.py:3239} INFO - Sync 1 DAGs
[2025-03-09T16:08:52.321+0000] {logging_mixin.py:190} INFO - [2025-03-09T16:08:52.320+0000] {dag.py:4180} INFO - Setting next_dagrun for tutorial_taskflow_templates to 2025-03-08 00:00:00+00:00, run_after=2025-03-09 00:00:00+00:00
[2025-03-09T16:08:52.338+0000] {processor.py:208} INFO - Processing /home/airflow/.local/lib/python3.12/site-packages/airflow/example_dags/tutorial_taskflow_templates.py took 0.067 seconds
[2025-03-09T16:09:23.195+0000] {processor.py:186} INFO - Started process (PID=15125) to work on /home/airflow/.local/lib/python3.12/site-packages/airflow/example_dags/tutorial_taskflow_templates.py
[2025-03-09T16:09:23.196+0000] {processor.py:914} INFO - Processing file /home/airflow/.local/lib/python3.12/site-packages/airflow/example_dags/tutorial_taskflow_templates.py for tasks to queue
[2025-03-09T16:09:23.197+0000] {logging_mixin.py:190} INFO - [2025-03-09T16:09:23.197+0000] {dagbag.py:588} INFO - Filling up the DagBag from /home/airflow/.local/lib/python3.12/site-packages/airflow/example_dags/tutorial_taskflow_templates.py
[2025-03-09T16:09:23.208+0000] {processor.py:925} INFO - DAG(s) 'tutorial_taskflow_templates' retrieved from /home/airflow/.local/lib/python3.12/site-packages/airflow/example_dags/tutorial_taskflow_templates.py
[2025-03-09T16:09:23.239+0000] {logging_mixin.py:190} INFO - [2025-03-09T16:09:23.238+0000] {dag.py:3239} INFO - Sync 1 DAGs
[2025-03-09T16:09:23.258+0000] {logging_mixin.py:190} INFO - [2025-03-09T16:09:23.257+0000] {dag.py:4180} INFO - Setting next_dagrun for tutorial_taskflow_templates to 2025-03-08 00:00:00+00:00, run_after=2025-03-09 00:00:00+00:00
[2025-03-09T16:09:23.274+0000] {processor.py:208} INFO - Processing /home/airflow/.local/lib/python3.12/site-packages/airflow/example_dags/tutorial_taskflow_templates.py took 0.083 seconds
[2025-03-09T16:09:54.080+0000] {processor.py:186} INFO - Started process (PID=15449) to work on /home/airflow/.local/lib/python3.12/site-packages/airflow/example_dags/tutorial_taskflow_templates.py
[2025-03-09T16:09:54.081+0000] {processor.py:914} INFO - Processing file /home/airflow/.local/lib/python3.12/site-packages/airflow/example_dags/tutorial_taskflow_templates.py for tasks to queue
[2025-03-09T16:09:54.083+0000] {logging_mixin.py:190} INFO - [2025-03-09T16:09:54.082+0000] {dagbag.py:588} INFO - Filling up the DagBag from /home/airflow/.local/lib/python3.12/site-packages/airflow/example_dags/tutorial_taskflow_templates.py
[2025-03-09T16:09:54.097+0000] {processor.py:925} INFO - DAG(s) 'tutorial_taskflow_templates' retrieved from /home/airflow/.local/lib/python3.12/site-packages/airflow/example_dags/tutorial_taskflow_templates.py
[2025-03-09T16:09:54.123+0000] {logging_mixin.py:190} INFO - [2025-03-09T16:09:54.123+0000] {dag.py:3239} INFO - Sync 1 DAGs
[2025-03-09T16:09:54.143+0000] {logging_mixin.py:190} INFO - [2025-03-09T16:09:54.143+0000] {dag.py:4180} INFO - Setting next_dagrun for tutorial_taskflow_templates to 2025-03-08 00:00:00+00:00, run_after=2025-03-09 00:00:00+00:00
[2025-03-09T16:09:54.155+0000] {processor.py:208} INFO - Processing /home/airflow/.local/lib/python3.12/site-packages/airflow/example_dags/tutorial_taskflow_templates.py took 0.081 seconds
[2025-03-09T16:10:24.600+0000] {processor.py:186} INFO - Started process (PID=15776) to work on /home/airflow/.local/lib/python3.12/site-packages/airflow/example_dags/tutorial_taskflow_templates.py
[2025-03-09T16:10:24.601+0000] {processor.py:914} INFO - Processing file /home/airflow/.local/lib/python3.12/site-packages/airflow/example_dags/tutorial_taskflow_templates.py for tasks to queue
[2025-03-09T16:10:24.602+0000] {logging_mixin.py:190} INFO - [2025-03-09T16:10:24.602+0000] {dagbag.py:588} INFO - Filling up the DagBag from /home/airflow/.local/lib/python3.12/site-packages/airflow/example_dags/tutorial_taskflow_templates.py
[2025-03-09T16:10:24.612+0000] {processor.py:925} INFO - DAG(s) 'tutorial_taskflow_templates' retrieved from /home/airflow/.local/lib/python3.12/site-packages/airflow/example_dags/tutorial_taskflow_templates.py
[2025-03-09T16:10:24.628+0000] {logging_mixin.py:190} INFO - [2025-03-09T16:10:24.628+0000] {dag.py:3239} INFO - Sync 1 DAGs
[2025-03-09T16:10:24.643+0000] {logging_mixin.py:190} INFO - [2025-03-09T16:10:24.643+0000] {dag.py:4180} INFO - Setting next_dagrun for tutorial_taskflow_templates to 2025-03-08 00:00:00+00:00, run_after=2025-03-09 00:00:00+00:00
[2025-03-09T16:10:24.659+0000] {processor.py:208} INFO - Processing /home/airflow/.local/lib/python3.12/site-packages/airflow/example_dags/tutorial_taskflow_templates.py took 0.065 seconds
[2025-03-09T16:10:54.894+0000] {processor.py:186} INFO - Started process (PID=16101) to work on /home/airflow/.local/lib/python3.12/site-packages/airflow/example_dags/tutorial_taskflow_templates.py
[2025-03-09T16:10:54.895+0000] {processor.py:914} INFO - Processing file /home/airflow/.local/lib/python3.12/site-packages/airflow/example_dags/tutorial_taskflow_templates.py for tasks to queue
[2025-03-09T16:10:54.896+0000] {logging_mixin.py:190} INFO - [2025-03-09T16:10:54.896+0000] {dagbag.py:588} INFO - Filling up the DagBag from /home/airflow/.local/lib/python3.12/site-packages/airflow/example_dags/tutorial_taskflow_templates.py
[2025-03-09T16:10:54.905+0000] {processor.py:925} INFO - DAG(s) 'tutorial_taskflow_templates' retrieved from /home/airflow/.local/lib/python3.12/site-packages/airflow/example_dags/tutorial_taskflow_templates.py
[2025-03-09T16:10:54.917+0000] {logging_mixin.py:190} INFO - [2025-03-09T16:10:54.917+0000] {dag.py:3239} INFO - Sync 1 DAGs
[2025-03-09T16:10:54.931+0000] {logging_mixin.py:190} INFO - [2025-03-09T16:10:54.931+0000] {dag.py:4180} INFO - Setting next_dagrun for tutorial_taskflow_templates to 2025-03-08 00:00:00+00:00, run_after=2025-03-09 00:00:00+00:00
[2025-03-09T16:10:54.946+0000] {processor.py:208} INFO - Processing /home/airflow/.local/lib/python3.12/site-packages/airflow/example_dags/tutorial_taskflow_templates.py took 0.056 seconds
[2025-03-09T16:11:25.054+0000] {processor.py:186} INFO - Started process (PID=16424) to work on /home/airflow/.local/lib/python3.12/site-packages/airflow/example_dags/tutorial_taskflow_templates.py
[2025-03-09T16:11:25.054+0000] {processor.py:914} INFO - Processing file /home/airflow/.local/lib/python3.12/site-packages/airflow/example_dags/tutorial_taskflow_templates.py for tasks to queue
[2025-03-09T16:11:25.055+0000] {logging_mixin.py:190} INFO - [2025-03-09T16:11:25.055+0000] {dagbag.py:588} INFO - Filling up the DagBag from /home/airflow/.local/lib/python3.12/site-packages/airflow/example_dags/tutorial_taskflow_templates.py
[2025-03-09T16:11:25.063+0000] {processor.py:925} INFO - DAG(s) 'tutorial_taskflow_templates' retrieved from /home/airflow/.local/lib/python3.12/site-packages/airflow/example_dags/tutorial_taskflow_templates.py
[2025-03-09T16:11:25.076+0000] {logging_mixin.py:190} INFO - [2025-03-09T16:11:25.076+0000] {dag.py:3239} INFO - Sync 1 DAGs
[2025-03-09T16:11:25.090+0000] {logging_mixin.py:190} INFO - [2025-03-09T16:11:25.090+0000] {dag.py:4180} INFO - Setting next_dagrun for tutorial_taskflow_templates to 2025-03-08 00:00:00+00:00, run_after=2025-03-09 00:00:00+00:00
[2025-03-09T16:11:25.104+0000] {processor.py:208} INFO - Processing /home/airflow/.local/lib/python3.12/site-packages/airflow/example_dags/tutorial_taskflow_templates.py took 0.055 seconds
[2025-03-09T16:11:55.226+0000] {processor.py:186} INFO - Started process (PID=16748) to work on /home/airflow/.local/lib/python3.12/site-packages/airflow/example_dags/tutorial_taskflow_templates.py
[2025-03-09T16:11:55.226+0000] {processor.py:914} INFO - Processing file /home/airflow/.local/lib/python3.12/site-packages/airflow/example_dags/tutorial_taskflow_templates.py for tasks to queue
[2025-03-09T16:11:55.227+0000] {logging_mixin.py:190} INFO - [2025-03-09T16:11:55.227+0000] {dagbag.py:588} INFO - Filling up the DagBag from /home/airflow/.local/lib/python3.12/site-packages/airflow/example_dags/tutorial_taskflow_templates.py
[2025-03-09T16:11:55.235+0000] {processor.py:925} INFO - DAG(s) 'tutorial_taskflow_templates' retrieved from /home/airflow/.local/lib/python3.12/site-packages/airflow/example_dags/tutorial_taskflow_templates.py
[2025-03-09T16:11:55.247+0000] {logging_mixin.py:190} INFO - [2025-03-09T16:11:55.247+0000] {dag.py:3239} INFO - Sync 1 DAGs
[2025-03-09T16:11:55.261+0000] {logging_mixin.py:190} INFO - [2025-03-09T16:11:55.261+0000] {dag.py:4180} INFO - Setting next_dagrun for tutorial_taskflow_templates to 2025-03-08 00:00:00+00:00, run_after=2025-03-09 00:00:00+00:00
[2025-03-09T16:11:55.274+0000] {processor.py:208} INFO - Processing /home/airflow/.local/lib/python3.12/site-packages/airflow/example_dags/tutorial_taskflow_templates.py took 0.052 seconds
[2025-03-09T16:12:26.398+0000] {processor.py:186} INFO - Started process (PID=17076) to work on /home/airflow/.local/lib/python3.12/site-packages/airflow/example_dags/tutorial_taskflow_templates.py
[2025-03-09T16:12:26.398+0000] {processor.py:914} INFO - Processing file /home/airflow/.local/lib/python3.12/site-packages/airflow/example_dags/tutorial_taskflow_templates.py for tasks to queue
[2025-03-09T16:12:26.399+0000] {logging_mixin.py:190} INFO - [2025-03-09T16:12:26.399+0000] {dagbag.py:588} INFO - Filling up the DagBag from /home/airflow/.local/lib/python3.12/site-packages/airflow/example_dags/tutorial_taskflow_templates.py
[2025-03-09T16:12:26.408+0000] {processor.py:925} INFO - DAG(s) 'tutorial_taskflow_templates' retrieved from /home/airflow/.local/lib/python3.12/site-packages/airflow/example_dags/tutorial_taskflow_templates.py
[2025-03-09T16:12:26.425+0000] {logging_mixin.py:190} INFO - [2025-03-09T16:12:26.425+0000] {dag.py:3239} INFO - Sync 1 DAGs
[2025-03-09T16:12:26.441+0000] {logging_mixin.py:190} INFO - [2025-03-09T16:12:26.441+0000] {dag.py:4180} INFO - Setting next_dagrun for tutorial_taskflow_templates to 2025-03-08 00:00:00+00:00, run_after=2025-03-09 00:00:00+00:00
[2025-03-09T16:12:26.456+0000] {processor.py:208} INFO - Processing /home/airflow/.local/lib/python3.12/site-packages/airflow/example_dags/tutorial_taskflow_templates.py took 0.061 seconds
[2025-03-09T16:12:56.531+0000] {processor.py:186} INFO - Started process (PID=17400) to work on /home/airflow/.local/lib/python3.12/site-packages/airflow/example_dags/tutorial_taskflow_templates.py
[2025-03-09T16:12:56.532+0000] {processor.py:914} INFO - Processing file /home/airflow/.local/lib/python3.12/site-packages/airflow/example_dags/tutorial_taskflow_templates.py for tasks to queue
[2025-03-09T16:12:56.533+0000] {logging_mixin.py:190} INFO - [2025-03-09T16:12:56.533+0000] {dagbag.py:588} INFO - Filling up the DagBag from /home/airflow/.local/lib/python3.12/site-packages/airflow/example_dags/tutorial_taskflow_templates.py
[2025-03-09T16:12:56.541+0000] {processor.py:925} INFO - DAG(s) 'tutorial_taskflow_templates' retrieved from /home/airflow/.local/lib/python3.12/site-packages/airflow/example_dags/tutorial_taskflow_templates.py
[2025-03-09T16:12:56.555+0000] {logging_mixin.py:190} INFO - [2025-03-09T16:12:56.554+0000] {dag.py:3239} INFO - Sync 1 DAGs
[2025-03-09T16:12:56.568+0000] {logging_mixin.py:190} INFO - [2025-03-09T16:12:56.568+0000] {dag.py:4180} INFO - Setting next_dagrun for tutorial_taskflow_templates to 2025-03-08 00:00:00+00:00, run_after=2025-03-09 00:00:00+00:00
[2025-03-09T16:12:56.581+0000] {processor.py:208} INFO - Processing /home/airflow/.local/lib/python3.12/site-packages/airflow/example_dags/tutorial_taskflow_templates.py took 0.055 seconds
[2025-03-09T16:13:27.585+0000] {processor.py:186} INFO - Started process (PID=17728) to work on /home/airflow/.local/lib/python3.12/site-packages/airflow/example_dags/tutorial_taskflow_templates.py
[2025-03-09T16:13:27.586+0000] {processor.py:914} INFO - Processing file /home/airflow/.local/lib/python3.12/site-packages/airflow/example_dags/tutorial_taskflow_templates.py for tasks to queue
[2025-03-09T16:13:27.587+0000] {logging_mixin.py:190} INFO - [2025-03-09T16:13:27.587+0000] {dagbag.py:588} INFO - Filling up the DagBag from /home/airflow/.local/lib/python3.12/site-packages/airflow/example_dags/tutorial_taskflow_templates.py
[2025-03-09T16:13:27.595+0000] {processor.py:925} INFO - DAG(s) 'tutorial_taskflow_templates' retrieved from /home/airflow/.local/lib/python3.12/site-packages/airflow/example_dags/tutorial_taskflow_templates.py
[2025-03-09T16:13:27.614+0000] {logging_mixin.py:190} INFO - [2025-03-09T16:13:27.613+0000] {dag.py:3239} INFO - Sync 1 DAGs
[2025-03-09T16:13:27.629+0000] {logging_mixin.py:190} INFO - [2025-03-09T16:13:27.629+0000] {dag.py:4180} INFO - Setting next_dagrun for tutorial_taskflow_templates to 2025-03-08 00:00:00+00:00, run_after=2025-03-09 00:00:00+00:00
[2025-03-09T16:13:27.643+0000] {processor.py:208} INFO - Processing /home/airflow/.local/lib/python3.12/site-packages/airflow/example_dags/tutorial_taskflow_templates.py took 0.061 seconds
[2025-03-09T16:13:58.517+0000] {processor.py:186} INFO - Started process (PID=18052) to work on /home/airflow/.local/lib/python3.12/site-packages/airflow/example_dags/tutorial_taskflow_templates.py
[2025-03-09T16:13:58.517+0000] {processor.py:914} INFO - Processing file /home/airflow/.local/lib/python3.12/site-packages/airflow/example_dags/tutorial_taskflow_templates.py for tasks to queue
[2025-03-09T16:13:58.519+0000] {logging_mixin.py:190} INFO - [2025-03-09T16:13:58.518+0000] {dagbag.py:588} INFO - Filling up the DagBag from /home/airflow/.local/lib/python3.12/site-packages/airflow/example_dags/tutorial_taskflow_templates.py
[2025-03-09T16:13:58.527+0000] {processor.py:925} INFO - DAG(s) 'tutorial_taskflow_templates' retrieved from /home/airflow/.local/lib/python3.12/site-packages/airflow/example_dags/tutorial_taskflow_templates.py
[2025-03-09T16:13:58.543+0000] {logging_mixin.py:190} INFO - [2025-03-09T16:13:58.543+0000] {dag.py:3239} INFO - Sync 1 DAGs
[2025-03-09T16:13:58.559+0000] {logging_mixin.py:190} INFO - [2025-03-09T16:13:58.558+0000] {dag.py:4180} INFO - Setting next_dagrun for tutorial_taskflow_templates to 2025-03-08 00:00:00+00:00, run_after=2025-03-09 00:00:00+00:00
[2025-03-09T16:13:58.572+0000] {processor.py:208} INFO - Processing /home/airflow/.local/lib/python3.12/site-packages/airflow/example_dags/tutorial_taskflow_templates.py took 0.059 seconds
[2025-03-09T16:14:29.185+0000] {processor.py:186} INFO - Started process (PID=18378) to work on /home/airflow/.local/lib/python3.12/site-packages/airflow/example_dags/tutorial_taskflow_templates.py
[2025-03-09T16:14:29.186+0000] {processor.py:914} INFO - Processing file /home/airflow/.local/lib/python3.12/site-packages/airflow/example_dags/tutorial_taskflow_templates.py for tasks to queue
[2025-03-09T16:14:29.187+0000] {logging_mixin.py:190} INFO - [2025-03-09T16:14:29.187+0000] {dagbag.py:588} INFO - Filling up the DagBag from /home/airflow/.local/lib/python3.12/site-packages/airflow/example_dags/tutorial_taskflow_templates.py
[2025-03-09T16:14:29.195+0000] {processor.py:925} INFO - DAG(s) 'tutorial_taskflow_templates' retrieved from /home/airflow/.local/lib/python3.12/site-packages/airflow/example_dags/tutorial_taskflow_templates.py
[2025-03-09T16:14:29.211+0000] {logging_mixin.py:190} INFO - [2025-03-09T16:14:29.210+0000] {dag.py:3239} INFO - Sync 1 DAGs
[2025-03-09T16:14:29.233+0000] {logging_mixin.py:190} INFO - [2025-03-09T16:14:29.233+0000] {dag.py:4180} INFO - Setting next_dagrun for tutorial_taskflow_templates to 2025-03-08 00:00:00+00:00, run_after=2025-03-09 00:00:00+00:00
[2025-03-09T16:14:29.249+0000] {processor.py:208} INFO - Processing /home/airflow/.local/lib/python3.12/site-packages/airflow/example_dags/tutorial_taskflow_templates.py took 0.068 seconds
[2025-03-09T16:15:00.071+0000] {processor.py:186} INFO - Started process (PID=18704) to work on /home/airflow/.local/lib/python3.12/site-packages/airflow/example_dags/tutorial_taskflow_templates.py
[2025-03-09T16:15:00.072+0000] {processor.py:914} INFO - Processing file /home/airflow/.local/lib/python3.12/site-packages/airflow/example_dags/tutorial_taskflow_templates.py for tasks to queue
[2025-03-09T16:15:00.073+0000] {logging_mixin.py:190} INFO - [2025-03-09T16:15:00.073+0000] {dagbag.py:588} INFO - Filling up the DagBag from /home/airflow/.local/lib/python3.12/site-packages/airflow/example_dags/tutorial_taskflow_templates.py
[2025-03-09T16:15:00.081+0000] {processor.py:925} INFO - DAG(s) 'tutorial_taskflow_templates' retrieved from /home/airflow/.local/lib/python3.12/site-packages/airflow/example_dags/tutorial_taskflow_templates.py
[2025-03-09T16:15:00.096+0000] {logging_mixin.py:190} INFO - [2025-03-09T16:15:00.096+0000] {dag.py:3239} INFO - Sync 1 DAGs
[2025-03-09T16:15:00.111+0000] {logging_mixin.py:190} INFO - [2025-03-09T16:15:00.111+0000] {dag.py:4180} INFO - Setting next_dagrun for tutorial_taskflow_templates to 2025-03-08 00:00:00+00:00, run_after=2025-03-09 00:00:00+00:00
[2025-03-09T16:15:00.123+0000] {processor.py:208} INFO - Processing /home/airflow/.local/lib/python3.12/site-packages/airflow/example_dags/tutorial_taskflow_templates.py took 0.056 seconds
[2025-03-09T16:15:30.872+0000] {processor.py:186} INFO - Started process (PID=19030) to work on /home/airflow/.local/lib/python3.12/site-packages/airflow/example_dags/tutorial_taskflow_templates.py
[2025-03-09T16:15:30.873+0000] {processor.py:914} INFO - Processing file /home/airflow/.local/lib/python3.12/site-packages/airflow/example_dags/tutorial_taskflow_templates.py for tasks to queue
[2025-03-09T16:15:30.875+0000] {logging_mixin.py:190} INFO - [2025-03-09T16:15:30.874+0000] {dagbag.py:588} INFO - Filling up the DagBag from /home/airflow/.local/lib/python3.12/site-packages/airflow/example_dags/tutorial_taskflow_templates.py
[2025-03-09T16:15:30.883+0000] {processor.py:925} INFO - DAG(s) 'tutorial_taskflow_templates' retrieved from /home/airflow/.local/lib/python3.12/site-packages/airflow/example_dags/tutorial_taskflow_templates.py
[2025-03-09T16:15:30.898+0000] {logging_mixin.py:190} INFO - [2025-03-09T16:15:30.898+0000] {dag.py:3239} INFO - Sync 1 DAGs
[2025-03-09T16:15:30.913+0000] {logging_mixin.py:190} INFO - [2025-03-09T16:15:30.913+0000] {dag.py:4180} INFO - Setting next_dagrun for tutorial_taskflow_templates to 2025-03-08 00:00:00+00:00, run_after=2025-03-09 00:00:00+00:00
[2025-03-09T16:15:30.928+0000] {processor.py:208} INFO - Processing /home/airflow/.local/lib/python3.12/site-packages/airflow/example_dags/tutorial_taskflow_templates.py took 0.060 seconds
[2025-03-09T16:16:01.991+0000] {processor.py:186} INFO - Started process (PID=19356) to work on /home/airflow/.local/lib/python3.12/site-packages/airflow/example_dags/tutorial_taskflow_templates.py
[2025-03-09T16:16:01.992+0000] {processor.py:914} INFO - Processing file /home/airflow/.local/lib/python3.12/site-packages/airflow/example_dags/tutorial_taskflow_templates.py for tasks to queue
[2025-03-09T16:16:01.994+0000] {logging_mixin.py:190} INFO - [2025-03-09T16:16:01.993+0000] {dagbag.py:588} INFO - Filling up the DagBag from /home/airflow/.local/lib/python3.12/site-packages/airflow/example_dags/tutorial_taskflow_templates.py
[2025-03-09T16:16:02.003+0000] {processor.py:925} INFO - DAG(s) 'tutorial_taskflow_templates' retrieved from /home/airflow/.local/lib/python3.12/site-packages/airflow/example_dags/tutorial_taskflow_templates.py
[2025-03-09T16:16:02.017+0000] {logging_mixin.py:190} INFO - [2025-03-09T16:16:02.017+0000] {dag.py:3239} INFO - Sync 1 DAGs
[2025-03-09T16:16:02.032+0000] {logging_mixin.py:190} INFO - [2025-03-09T16:16:02.032+0000] {dag.py:4180} INFO - Setting next_dagrun for tutorial_taskflow_templates to 2025-03-08 00:00:00+00:00, run_after=2025-03-09 00:00:00+00:00
[2025-03-09T16:16:02.044+0000] {processor.py:208} INFO - Processing /home/airflow/.local/lib/python3.12/site-packages/airflow/example_dags/tutorial_taskflow_templates.py took 0.061 seconds
[2025-03-09T16:16:33.284+0000] {processor.py:186} INFO - Started process (PID=19682) to work on /home/airflow/.local/lib/python3.12/site-packages/airflow/example_dags/tutorial_taskflow_templates.py
[2025-03-09T16:16:33.284+0000] {processor.py:914} INFO - Processing file /home/airflow/.local/lib/python3.12/site-packages/airflow/example_dags/tutorial_taskflow_templates.py for tasks to queue
[2025-03-09T16:16:33.286+0000] {logging_mixin.py:190} INFO - [2025-03-09T16:16:33.285+0000] {dagbag.py:588} INFO - Filling up the DagBag from /home/airflow/.local/lib/python3.12/site-packages/airflow/example_dags/tutorial_taskflow_templates.py
[2025-03-09T16:16:33.293+0000] {processor.py:925} INFO - DAG(s) 'tutorial_taskflow_templates' retrieved from /home/airflow/.local/lib/python3.12/site-packages/airflow/example_dags/tutorial_taskflow_templates.py
[2025-03-09T16:16:33.306+0000] {logging_mixin.py:190} INFO - [2025-03-09T16:16:33.306+0000] {dag.py:3239} INFO - Sync 1 DAGs
[2025-03-09T16:16:33.322+0000] {logging_mixin.py:190} INFO - [2025-03-09T16:16:33.322+0000] {dag.py:4180} INFO - Setting next_dagrun for tutorial_taskflow_templates to 2025-03-08 00:00:00+00:00, run_after=2025-03-09 00:00:00+00:00
[2025-03-09T16:16:33.335+0000] {processor.py:208} INFO - Processing /home/airflow/.local/lib/python3.12/site-packages/airflow/example_dags/tutorial_taskflow_templates.py took 0.056 seconds
[2025-03-09T16:17:04.570+0000] {processor.py:186} INFO - Started process (PID=20008) to work on /home/airflow/.local/lib/python3.12/site-packages/airflow/example_dags/tutorial_taskflow_templates.py
[2025-03-09T16:17:04.571+0000] {processor.py:914} INFO - Processing file /home/airflow/.local/lib/python3.12/site-packages/airflow/example_dags/tutorial_taskflow_templates.py for tasks to queue
[2025-03-09T16:17:04.573+0000] {logging_mixin.py:190} INFO - [2025-03-09T16:17:04.573+0000] {dagbag.py:588} INFO - Filling up the DagBag from /home/airflow/.local/lib/python3.12/site-packages/airflow/example_dags/tutorial_taskflow_templates.py
[2025-03-09T16:17:04.583+0000] {processor.py:925} INFO - DAG(s) 'tutorial_taskflow_templates' retrieved from /home/airflow/.local/lib/python3.12/site-packages/airflow/example_dags/tutorial_taskflow_templates.py
[2025-03-09T16:17:04.597+0000] {logging_mixin.py:190} INFO - [2025-03-09T16:17:04.597+0000] {dag.py:3239} INFO - Sync 1 DAGs
[2025-03-09T16:17:04.612+0000] {logging_mixin.py:190} INFO - [2025-03-09T16:17:04.612+0000] {dag.py:4180} INFO - Setting next_dagrun for tutorial_taskflow_templates to 2025-03-08 00:00:00+00:00, run_after=2025-03-09 00:00:00+00:00
[2025-03-09T16:17:04.626+0000] {processor.py:208} INFO - Processing /home/airflow/.local/lib/python3.12/site-packages/airflow/example_dags/tutorial_taskflow_templates.py took 0.062 seconds
[2025-03-09T16:17:35.625+0000] {processor.py:186} INFO - Started process (PID=20336) to work on /home/airflow/.local/lib/python3.12/site-packages/airflow/example_dags/tutorial_taskflow_templates.py
[2025-03-09T16:17:35.625+0000] {processor.py:914} INFO - Processing file /home/airflow/.local/lib/python3.12/site-packages/airflow/example_dags/tutorial_taskflow_templates.py for tasks to queue
[2025-03-09T16:17:35.627+0000] {logging_mixin.py:190} INFO - [2025-03-09T16:17:35.627+0000] {dagbag.py:588} INFO - Filling up the DagBag from /home/airflow/.local/lib/python3.12/site-packages/airflow/example_dags/tutorial_taskflow_templates.py
[2025-03-09T16:17:35.635+0000] {processor.py:925} INFO - DAG(s) 'tutorial_taskflow_templates' retrieved from /home/airflow/.local/lib/python3.12/site-packages/airflow/example_dags/tutorial_taskflow_templates.py
[2025-03-09T16:17:35.647+0000] {logging_mixin.py:190} INFO - [2025-03-09T16:17:35.647+0000] {dag.py:3239} INFO - Sync 1 DAGs
[2025-03-09T16:17:35.663+0000] {logging_mixin.py:190} INFO - [2025-03-09T16:17:35.662+0000] {dag.py:4180} INFO - Setting next_dagrun for tutorial_taskflow_templates to 2025-03-08 00:00:00+00:00, run_after=2025-03-09 00:00:00+00:00
[2025-03-09T16:17:35.676+0000] {processor.py:208} INFO - Processing /home/airflow/.local/lib/python3.12/site-packages/airflow/example_dags/tutorial_taskflow_templates.py took 0.055 seconds
[2025-03-09T16:18:06.698+0000] {processor.py:186} INFO - Started process (PID=20660) to work on /home/airflow/.local/lib/python3.12/site-packages/airflow/example_dags/tutorial_taskflow_templates.py
[2025-03-09T16:18:06.698+0000] {processor.py:914} INFO - Processing file /home/airflow/.local/lib/python3.12/site-packages/airflow/example_dags/tutorial_taskflow_templates.py for tasks to queue
[2025-03-09T16:18:06.699+0000] {logging_mixin.py:190} INFO - [2025-03-09T16:18:06.699+0000] {dagbag.py:588} INFO - Filling up the DagBag from /home/airflow/.local/lib/python3.12/site-packages/airflow/example_dags/tutorial_taskflow_templates.py
[2025-03-09T16:18:06.708+0000] {processor.py:925} INFO - DAG(s) 'tutorial_taskflow_templates' retrieved from /home/airflow/.local/lib/python3.12/site-packages/airflow/example_dags/tutorial_taskflow_templates.py
[2025-03-09T16:18:06.724+0000] {logging_mixin.py:190} INFO - [2025-03-09T16:18:06.724+0000] {dag.py:3239} INFO - Sync 1 DAGs
[2025-03-09T16:18:06.740+0000] {logging_mixin.py:190} INFO - [2025-03-09T16:18:06.740+0000] {dag.py:4180} INFO - Setting next_dagrun for tutorial_taskflow_templates to 2025-03-08 00:00:00+00:00, run_after=2025-03-09 00:00:00+00:00
[2025-03-09T16:18:06.759+0000] {processor.py:208} INFO - Processing /home/airflow/.local/lib/python3.12/site-packages/airflow/example_dags/tutorial_taskflow_templates.py took 0.067 seconds
[2025-03-09T16:18:36.985+0000] {processor.py:186} INFO - Started process (PID=20986) to work on /home/airflow/.local/lib/python3.12/site-packages/airflow/example_dags/tutorial_taskflow_templates.py
[2025-03-09T16:18:36.985+0000] {processor.py:914} INFO - Processing file /home/airflow/.local/lib/python3.12/site-packages/airflow/example_dags/tutorial_taskflow_templates.py for tasks to queue
[2025-03-09T16:18:36.987+0000] {logging_mixin.py:190} INFO - [2025-03-09T16:18:36.986+0000] {dagbag.py:588} INFO - Filling up the DagBag from /home/airflow/.local/lib/python3.12/site-packages/airflow/example_dags/tutorial_taskflow_templates.py
[2025-03-09T16:18:36.995+0000] {processor.py:925} INFO - DAG(s) 'tutorial_taskflow_templates' retrieved from /home/airflow/.local/lib/python3.12/site-packages/airflow/example_dags/tutorial_taskflow_templates.py
[2025-03-09T16:18:37.009+0000] {logging_mixin.py:190} INFO - [2025-03-09T16:18:37.009+0000] {dag.py:3239} INFO - Sync 1 DAGs
[2025-03-09T16:18:37.024+0000] {logging_mixin.py:190} INFO - [2025-03-09T16:18:37.024+0000] {dag.py:4180} INFO - Setting next_dagrun for tutorial_taskflow_templates to 2025-03-08 00:00:00+00:00, run_after=2025-03-09 00:00:00+00:00
[2025-03-09T16:18:37.038+0000] {processor.py:208} INFO - Processing /home/airflow/.local/lib/python3.12/site-packages/airflow/example_dags/tutorial_taskflow_templates.py took 0.057 seconds
[2025-03-09T16:19:08.241+0000] {processor.py:186} INFO - Started process (PID=21314) to work on /home/airflow/.local/lib/python3.12/site-packages/airflow/example_dags/tutorial_taskflow_templates.py
[2025-03-09T16:19:08.242+0000] {processor.py:914} INFO - Processing file /home/airflow/.local/lib/python3.12/site-packages/airflow/example_dags/tutorial_taskflow_templates.py for tasks to queue
[2025-03-09T16:19:08.245+0000] {logging_mixin.py:190} INFO - [2025-03-09T16:19:08.244+0000] {dagbag.py:588} INFO - Filling up the DagBag from /home/airflow/.local/lib/python3.12/site-packages/airflow/example_dags/tutorial_taskflow_templates.py
[2025-03-09T16:19:08.259+0000] {processor.py:925} INFO - DAG(s) 'tutorial_taskflow_templates' retrieved from /home/airflow/.local/lib/python3.12/site-packages/airflow/example_dags/tutorial_taskflow_templates.py
[2025-03-09T16:19:08.283+0000] {logging_mixin.py:190} INFO - [2025-03-09T16:19:08.283+0000] {dag.py:3239} INFO - Sync 1 DAGs
[2025-03-09T16:19:08.298+0000] {logging_mixin.py:190} INFO - [2025-03-09T16:19:08.297+0000] {dag.py:4180} INFO - Setting next_dagrun for tutorial_taskflow_templates to 2025-03-08 00:00:00+00:00, run_after=2025-03-09 00:00:00+00:00
[2025-03-09T16:19:08.313+0000] {processor.py:208} INFO - Processing /home/airflow/.local/lib/python3.12/site-packages/airflow/example_dags/tutorial_taskflow_templates.py took 0.079 seconds
[2025-03-09T16:19:38.546+0000] {processor.py:186} INFO - Started process (PID=21638) to work on /home/airflow/.local/lib/python3.12/site-packages/airflow/example_dags/tutorial_taskflow_templates.py
[2025-03-09T16:19:38.546+0000] {processor.py:914} INFO - Processing file /home/airflow/.local/lib/python3.12/site-packages/airflow/example_dags/tutorial_taskflow_templates.py for tasks to queue
[2025-03-09T16:19:38.547+0000] {logging_mixin.py:190} INFO - [2025-03-09T16:19:38.547+0000] {dagbag.py:588} INFO - Filling up the DagBag from /home/airflow/.local/lib/python3.12/site-packages/airflow/example_dags/tutorial_taskflow_templates.py
[2025-03-09T16:19:38.555+0000] {processor.py:925} INFO - DAG(s) 'tutorial_taskflow_templates' retrieved from /home/airflow/.local/lib/python3.12/site-packages/airflow/example_dags/tutorial_taskflow_templates.py
[2025-03-09T16:19:38.570+0000] {logging_mixin.py:190} INFO - [2025-03-09T16:19:38.570+0000] {dag.py:3239} INFO - Sync 1 DAGs
[2025-03-09T16:19:38.591+0000] {logging_mixin.py:190} INFO - [2025-03-09T16:19:38.591+0000] {dag.py:4180} INFO - Setting next_dagrun for tutorial_taskflow_templates to 2025-03-08 00:00:00+00:00, run_after=2025-03-09 00:00:00+00:00
[2025-03-09T16:19:38.612+0000] {processor.py:208} INFO - Processing /home/airflow/.local/lib/python3.12/site-packages/airflow/example_dags/tutorial_taskflow_templates.py took 0.070 seconds
