[2025-03-09T15:46:15.951+0000] {processor.py:186} INFO - Started process (PID=462) to work on /home/airflow/.local/lib/python3.12/site-packages/airflow/example_dags/tutorial_objectstorage.py
[2025-03-09T15:46:15.952+0000] {processor.py:914} INFO - Processing file /home/airflow/.local/lib/python3.12/site-packages/airflow/example_dags/tutorial_objectstorage.py for tasks to queue
[2025-03-09T15:46:15.953+0000] {logging_mixin.py:190} INFO - [2025-03-09T15:46:15.953+0000] {dagbag.py:588} INFO - Filling up the DagBag from /home/airflow/.local/lib/python3.12/site-packages/airflow/example_dags/tutorial_objectstorage.py
[2025-03-09T15:46:15.958+0000] {processor.py:925} INFO - DAG(s) 'tutorial_objectstorage' retrieved from /home/airflow/.local/lib/python3.12/site-packages/airflow/example_dags/tutorial_objectstorage.py
[2025-03-09T15:46:15.971+0000] {logging_mixin.py:190} INFO - [2025-03-09T15:46:15.971+0000] {dag.py:3239} INFO - Sync 1 DAGs
[2025-03-09T15:46:15.982+0000] {logging_mixin.py:190} INFO - [2025-03-09T15:46:15.981+0000] {dag.py:4180} INFO - Setting next_dagrun for tutorial_objectstorage to None, run_after=None
[2025-03-09T15:46:15.995+0000] {processor.py:208} INFO - Processing /home/airflow/.local/lib/python3.12/site-packages/airflow/example_dags/tutorial_objectstorage.py took 0.048 seconds
[2025-03-09T15:46:46.978+0000] {processor.py:186} INFO - Started process (PID=783) to work on /home/airflow/.local/lib/python3.12/site-packages/airflow/example_dags/tutorial_objectstorage.py
[2025-03-09T15:46:46.979+0000] {processor.py:914} INFO - Processing file /home/airflow/.local/lib/python3.12/site-packages/airflow/example_dags/tutorial_objectstorage.py for tasks to queue
[2025-03-09T15:46:46.980+0000] {logging_mixin.py:190} INFO - [2025-03-09T15:46:46.980+0000] {dagbag.py:588} INFO - Filling up the DagBag from /home/airflow/.local/lib/python3.12/site-packages/airflow/example_dags/tutorial_objectstorage.py
[2025-03-09T15:46:46.985+0000] {processor.py:925} INFO - DAG(s) 'tutorial_objectstorage' retrieved from /home/airflow/.local/lib/python3.12/site-packages/airflow/example_dags/tutorial_objectstorage.py
[2025-03-09T15:46:46.997+0000] {logging_mixin.py:190} INFO - [2025-03-09T15:46:46.997+0000] {dag.py:3239} INFO - Sync 1 DAGs
[2025-03-09T15:46:47.006+0000] {logging_mixin.py:190} INFO - [2025-03-09T15:46:47.006+0000] {dag.py:4180} INFO - Setting next_dagrun for tutorial_objectstorage to None, run_after=None
[2025-03-09T15:46:47.017+0000] {processor.py:208} INFO - Processing /home/airflow/.local/lib/python3.12/site-packages/airflow/example_dags/tutorial_objectstorage.py took 0.043 seconds
[2025-03-09T15:47:18.200+0000] {processor.py:186} INFO - Started process (PID=1111) to work on /home/airflow/.local/lib/python3.12/site-packages/airflow/example_dags/tutorial_objectstorage.py
[2025-03-09T15:47:18.201+0000] {processor.py:914} INFO - Processing file /home/airflow/.local/lib/python3.12/site-packages/airflow/example_dags/tutorial_objectstorage.py for tasks to queue
[2025-03-09T15:47:18.204+0000] {logging_mixin.py:190} INFO - [2025-03-09T15:47:18.203+0000] {dagbag.py:588} INFO - Filling up the DagBag from /home/airflow/.local/lib/python3.12/site-packages/airflow/example_dags/tutorial_objectstorage.py
[2025-03-09T15:47:18.211+0000] {processor.py:925} INFO - DAG(s) 'tutorial_objectstorage' retrieved from /home/airflow/.local/lib/python3.12/site-packages/airflow/example_dags/tutorial_objectstorage.py
[2025-03-09T15:47:18.230+0000] {logging_mixin.py:190} INFO - [2025-03-09T15:47:18.229+0000] {dag.py:3239} INFO - Sync 1 DAGs
[2025-03-09T15:47:18.247+0000] {logging_mixin.py:190} INFO - [2025-03-09T15:47:18.247+0000] {dag.py:4180} INFO - Setting next_dagrun for tutorial_objectstorage to None, run_after=None
[2025-03-09T15:47:18.260+0000] {processor.py:208} INFO - Processing /home/airflow/.local/lib/python3.12/site-packages/airflow/example_dags/tutorial_objectstorage.py took 0.068 seconds
[2025-03-09T15:47:49.053+0000] {processor.py:186} INFO - Started process (PID=1440) to work on /home/airflow/.local/lib/python3.12/site-packages/airflow/example_dags/tutorial_objectstorage.py
[2025-03-09T15:47:49.054+0000] {processor.py:914} INFO - Processing file /home/airflow/.local/lib/python3.12/site-packages/airflow/example_dags/tutorial_objectstorage.py for tasks to queue
[2025-03-09T15:47:49.055+0000] {logging_mixin.py:190} INFO - [2025-03-09T15:47:49.055+0000] {dagbag.py:588} INFO - Filling up the DagBag from /home/airflow/.local/lib/python3.12/site-packages/airflow/example_dags/tutorial_objectstorage.py
[2025-03-09T15:47:49.061+0000] {processor.py:925} INFO - DAG(s) 'tutorial_objectstorage' retrieved from /home/airflow/.local/lib/python3.12/site-packages/airflow/example_dags/tutorial_objectstorage.py
[2025-03-09T15:47:49.076+0000] {logging_mixin.py:190} INFO - [2025-03-09T15:47:49.076+0000] {dag.py:3239} INFO - Sync 1 DAGs
[2025-03-09T15:47:49.084+0000] {logging_mixin.py:190} INFO - [2025-03-09T15:47:49.084+0000] {dag.py:4180} INFO - Setting next_dagrun for tutorial_objectstorage to None, run_after=None
[2025-03-09T15:47:49.096+0000] {processor.py:208} INFO - Processing /home/airflow/.local/lib/python3.12/site-packages/airflow/example_dags/tutorial_objectstorage.py took 0.048 seconds
[2025-03-09T15:48:19.970+0000] {processor.py:186} INFO - Started process (PID=1766) to work on /home/airflow/.local/lib/python3.12/site-packages/airflow/example_dags/tutorial_objectstorage.py
[2025-03-09T15:48:19.971+0000] {processor.py:914} INFO - Processing file /home/airflow/.local/lib/python3.12/site-packages/airflow/example_dags/tutorial_objectstorage.py for tasks to queue
[2025-03-09T15:48:19.972+0000] {logging_mixin.py:190} INFO - [2025-03-09T15:48:19.972+0000] {dagbag.py:588} INFO - Filling up the DagBag from /home/airflow/.local/lib/python3.12/site-packages/airflow/example_dags/tutorial_objectstorage.py
[2025-03-09T15:48:19.977+0000] {processor.py:925} INFO - DAG(s) 'tutorial_objectstorage' retrieved from /home/airflow/.local/lib/python3.12/site-packages/airflow/example_dags/tutorial_objectstorage.py
[2025-03-09T15:48:19.991+0000] {logging_mixin.py:190} INFO - [2025-03-09T15:48:19.990+0000] {dag.py:3239} INFO - Sync 1 DAGs
[2025-03-09T15:48:20.000+0000] {logging_mixin.py:190} INFO - [2025-03-09T15:48:20.000+0000] {dag.py:4180} INFO - Setting next_dagrun for tutorial_objectstorage to None, run_after=None
[2025-03-09T15:48:20.018+0000] {processor.py:208} INFO - Processing /home/airflow/.local/lib/python3.12/site-packages/airflow/example_dags/tutorial_objectstorage.py took 0.052 seconds
[2025-03-09T15:48:50.897+0000] {processor.py:186} INFO - Started process (PID=2092) to work on /home/airflow/.local/lib/python3.12/site-packages/airflow/example_dags/tutorial_objectstorage.py
[2025-03-09T15:48:50.898+0000] {processor.py:914} INFO - Processing file /home/airflow/.local/lib/python3.12/site-packages/airflow/example_dags/tutorial_objectstorage.py for tasks to queue
[2025-03-09T15:48:50.899+0000] {logging_mixin.py:190} INFO - [2025-03-09T15:48:50.898+0000] {dagbag.py:588} INFO - Filling up the DagBag from /home/airflow/.local/lib/python3.12/site-packages/airflow/example_dags/tutorial_objectstorage.py
[2025-03-09T15:48:50.904+0000] {processor.py:925} INFO - DAG(s) 'tutorial_objectstorage' retrieved from /home/airflow/.local/lib/python3.12/site-packages/airflow/example_dags/tutorial_objectstorage.py
[2025-03-09T15:48:50.916+0000] {logging_mixin.py:190} INFO - [2025-03-09T15:48:50.915+0000] {dag.py:3239} INFO - Sync 1 DAGs
[2025-03-09T15:48:50.925+0000] {logging_mixin.py:190} INFO - [2025-03-09T15:48:50.925+0000] {dag.py:4180} INFO - Setting next_dagrun for tutorial_objectstorage to None, run_after=None
[2025-03-09T15:48:50.938+0000] {processor.py:208} INFO - Processing /home/airflow/.local/lib/python3.12/site-packages/airflow/example_dags/tutorial_objectstorage.py took 0.044 seconds
[2025-03-09T15:49:21.591+0000] {processor.py:186} INFO - Started process (PID=2418) to work on /home/airflow/.local/lib/python3.12/site-packages/airflow/example_dags/tutorial_objectstorage.py
[2025-03-09T15:49:21.591+0000] {processor.py:914} INFO - Processing file /home/airflow/.local/lib/python3.12/site-packages/airflow/example_dags/tutorial_objectstorage.py for tasks to queue
[2025-03-09T15:49:21.592+0000] {logging_mixin.py:190} INFO - [2025-03-09T15:49:21.592+0000] {dagbag.py:588} INFO - Filling up the DagBag from /home/airflow/.local/lib/python3.12/site-packages/airflow/example_dags/tutorial_objectstorage.py
[2025-03-09T15:49:21.597+0000] {processor.py:925} INFO - DAG(s) 'tutorial_objectstorage' retrieved from /home/airflow/.local/lib/python3.12/site-packages/airflow/example_dags/tutorial_objectstorage.py
[2025-03-09T15:49:21.609+0000] {logging_mixin.py:190} INFO - [2025-03-09T15:49:21.609+0000] {dag.py:3239} INFO - Sync 1 DAGs
[2025-03-09T15:49:21.618+0000] {logging_mixin.py:190} INFO - [2025-03-09T15:49:21.618+0000] {dag.py:4180} INFO - Setting next_dagrun for tutorial_objectstorage to None, run_after=None
[2025-03-09T15:49:21.630+0000] {processor.py:208} INFO - Processing /home/airflow/.local/lib/python3.12/site-packages/airflow/example_dags/tutorial_objectstorage.py took 0.044 seconds
[2025-03-09T15:49:52.589+0000] {processor.py:186} INFO - Started process (PID=2744) to work on /home/airflow/.local/lib/python3.12/site-packages/airflow/example_dags/tutorial_objectstorage.py
[2025-03-09T15:49:52.590+0000] {processor.py:914} INFO - Processing file /home/airflow/.local/lib/python3.12/site-packages/airflow/example_dags/tutorial_objectstorage.py for tasks to queue
[2025-03-09T15:49:52.591+0000] {logging_mixin.py:190} INFO - [2025-03-09T15:49:52.591+0000] {dagbag.py:588} INFO - Filling up the DagBag from /home/airflow/.local/lib/python3.12/site-packages/airflow/example_dags/tutorial_objectstorage.py
[2025-03-09T15:49:52.598+0000] {processor.py:925} INFO - DAG(s) 'tutorial_objectstorage' retrieved from /home/airflow/.local/lib/python3.12/site-packages/airflow/example_dags/tutorial_objectstorage.py
[2025-03-09T15:49:52.611+0000] {logging_mixin.py:190} INFO - [2025-03-09T15:49:52.611+0000] {dag.py:3239} INFO - Sync 1 DAGs
[2025-03-09T15:49:52.620+0000] {logging_mixin.py:190} INFO - [2025-03-09T15:49:52.620+0000] {dag.py:4180} INFO - Setting next_dagrun for tutorial_objectstorage to None, run_after=None
[2025-03-09T15:49:52.633+0000] {processor.py:208} INFO - Processing /home/airflow/.local/lib/python3.12/site-packages/airflow/example_dags/tutorial_objectstorage.py took 0.048 seconds
[2025-03-09T15:50:23.497+0000] {processor.py:186} INFO - Started process (PID=3070) to work on /home/airflow/.local/lib/python3.12/site-packages/airflow/example_dags/tutorial_objectstorage.py
[2025-03-09T15:50:23.497+0000] {processor.py:914} INFO - Processing file /home/airflow/.local/lib/python3.12/site-packages/airflow/example_dags/tutorial_objectstorage.py for tasks to queue
[2025-03-09T15:50:23.499+0000] {logging_mixin.py:190} INFO - [2025-03-09T15:50:23.498+0000] {dagbag.py:588} INFO - Filling up the DagBag from /home/airflow/.local/lib/python3.12/site-packages/airflow/example_dags/tutorial_objectstorage.py
[2025-03-09T15:50:23.504+0000] {processor.py:925} INFO - DAG(s) 'tutorial_objectstorage' retrieved from /home/airflow/.local/lib/python3.12/site-packages/airflow/example_dags/tutorial_objectstorage.py
[2025-03-09T15:50:23.519+0000] {logging_mixin.py:190} INFO - [2025-03-09T15:50:23.519+0000] {dag.py:3239} INFO - Sync 1 DAGs
[2025-03-09T15:50:23.529+0000] {logging_mixin.py:190} INFO - [2025-03-09T15:50:23.529+0000] {dag.py:4180} INFO - Setting next_dagrun for tutorial_objectstorage to None, run_after=None
[2025-03-09T15:50:23.546+0000] {processor.py:208} INFO - Processing /home/airflow/.local/lib/python3.12/site-packages/airflow/example_dags/tutorial_objectstorage.py took 0.053 seconds
[2025-03-09T15:50:54.475+0000] {processor.py:186} INFO - Started process (PID=3396) to work on /home/airflow/.local/lib/python3.12/site-packages/airflow/example_dags/tutorial_objectstorage.py
[2025-03-09T15:50:54.475+0000] {processor.py:914} INFO - Processing file /home/airflow/.local/lib/python3.12/site-packages/airflow/example_dags/tutorial_objectstorage.py for tasks to queue
[2025-03-09T15:50:54.476+0000] {logging_mixin.py:190} INFO - [2025-03-09T15:50:54.476+0000] {dagbag.py:588} INFO - Filling up the DagBag from /home/airflow/.local/lib/python3.12/site-packages/airflow/example_dags/tutorial_objectstorage.py
[2025-03-09T15:50:54.481+0000] {processor.py:925} INFO - DAG(s) 'tutorial_objectstorage' retrieved from /home/airflow/.local/lib/python3.12/site-packages/airflow/example_dags/tutorial_objectstorage.py
[2025-03-09T15:50:54.496+0000] {logging_mixin.py:190} INFO - [2025-03-09T15:50:54.496+0000] {dag.py:3239} INFO - Sync 1 DAGs
[2025-03-09T15:50:54.504+0000] {logging_mixin.py:190} INFO - [2025-03-09T15:50:54.504+0000] {dag.py:4180} INFO - Setting next_dagrun for tutorial_objectstorage to None, run_after=None
[2025-03-09T15:50:54.516+0000] {processor.py:208} INFO - Processing /home/airflow/.local/lib/python3.12/site-packages/airflow/example_dags/tutorial_objectstorage.py took 0.046 seconds
[2025-03-09T15:51:25.369+0000] {processor.py:186} INFO - Started process (PID=3722) to work on /home/airflow/.local/lib/python3.12/site-packages/airflow/example_dags/tutorial_objectstorage.py
[2025-03-09T15:51:25.369+0000] {processor.py:914} INFO - Processing file /home/airflow/.local/lib/python3.12/site-packages/airflow/example_dags/tutorial_objectstorage.py for tasks to queue
[2025-03-09T15:51:25.370+0000] {logging_mixin.py:190} INFO - [2025-03-09T15:51:25.370+0000] {dagbag.py:588} INFO - Filling up the DagBag from /home/airflow/.local/lib/python3.12/site-packages/airflow/example_dags/tutorial_objectstorage.py
[2025-03-09T15:51:25.376+0000] {processor.py:925} INFO - DAG(s) 'tutorial_objectstorage' retrieved from /home/airflow/.local/lib/python3.12/site-packages/airflow/example_dags/tutorial_objectstorage.py
[2025-03-09T15:51:25.391+0000] {logging_mixin.py:190} INFO - [2025-03-09T15:51:25.391+0000] {dag.py:3239} INFO - Sync 1 DAGs
[2025-03-09T15:51:25.401+0000] {logging_mixin.py:190} INFO - [2025-03-09T15:51:25.401+0000] {dag.py:4180} INFO - Setting next_dagrun for tutorial_objectstorage to None, run_after=None
[2025-03-09T15:51:25.419+0000] {processor.py:208} INFO - Processing /home/airflow/.local/lib/python3.12/site-packages/airflow/example_dags/tutorial_objectstorage.py took 0.054 seconds
[2025-03-09T15:51:56.433+0000] {processor.py:186} INFO - Started process (PID=4048) to work on /home/airflow/.local/lib/python3.12/site-packages/airflow/example_dags/tutorial_objectstorage.py
[2025-03-09T15:51:56.434+0000] {processor.py:914} INFO - Processing file /home/airflow/.local/lib/python3.12/site-packages/airflow/example_dags/tutorial_objectstorage.py for tasks to queue
[2025-03-09T15:51:56.435+0000] {logging_mixin.py:190} INFO - [2025-03-09T15:51:56.435+0000] {dagbag.py:588} INFO - Filling up the DagBag from /home/airflow/.local/lib/python3.12/site-packages/airflow/example_dags/tutorial_objectstorage.py
[2025-03-09T15:51:56.440+0000] {processor.py:925} INFO - DAG(s) 'tutorial_objectstorage' retrieved from /home/airflow/.local/lib/python3.12/site-packages/airflow/example_dags/tutorial_objectstorage.py
[2025-03-09T15:51:56.457+0000] {logging_mixin.py:190} INFO - [2025-03-09T15:51:56.457+0000] {dag.py:3239} INFO - Sync 1 DAGs
[2025-03-09T15:51:56.466+0000] {logging_mixin.py:190} INFO - [2025-03-09T15:51:56.466+0000] {dag.py:4180} INFO - Setting next_dagrun for tutorial_objectstorage to None, run_after=None
[2025-03-09T15:51:56.479+0000] {processor.py:208} INFO - Processing /home/airflow/.local/lib/python3.12/site-packages/airflow/example_dags/tutorial_objectstorage.py took 0.050 seconds
[2025-03-09T15:52:27.318+0000] {processor.py:186} INFO - Started process (PID=4376) to work on /home/airflow/.local/lib/python3.12/site-packages/airflow/example_dags/tutorial_objectstorage.py
[2025-03-09T15:52:27.319+0000] {processor.py:914} INFO - Processing file /home/airflow/.local/lib/python3.12/site-packages/airflow/example_dags/tutorial_objectstorage.py for tasks to queue
[2025-03-09T15:52:27.320+0000] {logging_mixin.py:190} INFO - [2025-03-09T15:52:27.320+0000] {dagbag.py:588} INFO - Filling up the DagBag from /home/airflow/.local/lib/python3.12/site-packages/airflow/example_dags/tutorial_objectstorage.py
[2025-03-09T15:52:27.325+0000] {processor.py:925} INFO - DAG(s) 'tutorial_objectstorage' retrieved from /home/airflow/.local/lib/python3.12/site-packages/airflow/example_dags/tutorial_objectstorage.py
[2025-03-09T15:52:27.338+0000] {logging_mixin.py:190} INFO - [2025-03-09T15:52:27.337+0000] {dag.py:3239} INFO - Sync 1 DAGs
[2025-03-09T15:52:27.346+0000] {logging_mixin.py:190} INFO - [2025-03-09T15:52:27.345+0000] {dag.py:4180} INFO - Setting next_dagrun for tutorial_objectstorage to None, run_after=None
[2025-03-09T15:52:27.358+0000] {processor.py:208} INFO - Processing /home/airflow/.local/lib/python3.12/site-packages/airflow/example_dags/tutorial_objectstorage.py took 0.045 seconds
[2025-03-09T15:52:57.861+0000] {processor.py:186} INFO - Started process (PID=4700) to work on /home/airflow/.local/lib/python3.12/site-packages/airflow/example_dags/tutorial_objectstorage.py
[2025-03-09T15:52:57.862+0000] {processor.py:914} INFO - Processing file /home/airflow/.local/lib/python3.12/site-packages/airflow/example_dags/tutorial_objectstorage.py for tasks to queue
[2025-03-09T15:52:57.863+0000] {logging_mixin.py:190} INFO - [2025-03-09T15:52:57.863+0000] {dagbag.py:588} INFO - Filling up the DagBag from /home/airflow/.local/lib/python3.12/site-packages/airflow/example_dags/tutorial_objectstorage.py
[2025-03-09T15:52:57.868+0000] {processor.py:925} INFO - DAG(s) 'tutorial_objectstorage' retrieved from /home/airflow/.local/lib/python3.12/site-packages/airflow/example_dags/tutorial_objectstorage.py
[2025-03-09T15:52:57.880+0000] {logging_mixin.py:190} INFO - [2025-03-09T15:52:57.880+0000] {dag.py:3239} INFO - Sync 1 DAGs
[2025-03-09T15:52:57.889+0000] {logging_mixin.py:190} INFO - [2025-03-09T15:52:57.888+0000] {dag.py:4180} INFO - Setting next_dagrun for tutorial_objectstorage to None, run_after=None
[2025-03-09T15:52:57.904+0000] {processor.py:208} INFO - Processing /home/airflow/.local/lib/python3.12/site-packages/airflow/example_dags/tutorial_objectstorage.py took 0.047 seconds
[2025-03-09T15:53:28.546+0000] {processor.py:186} INFO - Started process (PID=5026) to work on /home/airflow/.local/lib/python3.12/site-packages/airflow/example_dags/tutorial_objectstorage.py
[2025-03-09T15:53:28.547+0000] {processor.py:914} INFO - Processing file /home/airflow/.local/lib/python3.12/site-packages/airflow/example_dags/tutorial_objectstorage.py for tasks to queue
[2025-03-09T15:53:28.549+0000] {logging_mixin.py:190} INFO - [2025-03-09T15:53:28.548+0000] {dagbag.py:588} INFO - Filling up the DagBag from /home/airflow/.local/lib/python3.12/site-packages/airflow/example_dags/tutorial_objectstorage.py
[2025-03-09T15:53:28.557+0000] {processor.py:925} INFO - DAG(s) 'tutorial_objectstorage' retrieved from /home/airflow/.local/lib/python3.12/site-packages/airflow/example_dags/tutorial_objectstorage.py
[2025-03-09T15:53:28.572+0000] {logging_mixin.py:190} INFO - [2025-03-09T15:53:28.572+0000] {dag.py:3239} INFO - Sync 1 DAGs
[2025-03-09T15:53:28.581+0000] {logging_mixin.py:190} INFO - [2025-03-09T15:53:28.580+0000] {dag.py:4180} INFO - Setting next_dagrun for tutorial_objectstorage to None, run_after=None
[2025-03-09T15:53:28.594+0000] {processor.py:208} INFO - Processing /home/airflow/.local/lib/python3.12/site-packages/airflow/example_dags/tutorial_objectstorage.py took 0.053 seconds
[2025-03-09T15:53:59.299+0000] {processor.py:186} INFO - Started process (PID=5351) to work on /home/airflow/.local/lib/python3.12/site-packages/airflow/example_dags/tutorial_objectstorage.py
[2025-03-09T15:53:59.299+0000] {processor.py:914} INFO - Processing file /home/airflow/.local/lib/python3.12/site-packages/airflow/example_dags/tutorial_objectstorage.py for tasks to queue
[2025-03-09T15:53:59.300+0000] {logging_mixin.py:190} INFO - [2025-03-09T15:53:59.300+0000] {dagbag.py:588} INFO - Filling up the DagBag from /home/airflow/.local/lib/python3.12/site-packages/airflow/example_dags/tutorial_objectstorage.py
[2025-03-09T15:53:59.306+0000] {processor.py:925} INFO - DAG(s) 'tutorial_objectstorage' retrieved from /home/airflow/.local/lib/python3.12/site-packages/airflow/example_dags/tutorial_objectstorage.py
[2025-03-09T15:53:59.316+0000] {logging_mixin.py:190} INFO - [2025-03-09T15:53:59.316+0000] {dag.py:3239} INFO - Sync 1 DAGs
[2025-03-09T15:53:59.324+0000] {logging_mixin.py:190} INFO - [2025-03-09T15:53:59.324+0000] {dag.py:4180} INFO - Setting next_dagrun for tutorial_objectstorage to None, run_after=None
[2025-03-09T15:53:59.338+0000] {processor.py:208} INFO - Processing /home/airflow/.local/lib/python3.12/site-packages/airflow/example_dags/tutorial_objectstorage.py took 0.043 seconds
[2025-03-09T15:54:30.224+0000] {processor.py:186} INFO - Started process (PID=5677) to work on /home/airflow/.local/lib/python3.12/site-packages/airflow/example_dags/tutorial_objectstorage.py
[2025-03-09T15:54:30.224+0000] {processor.py:914} INFO - Processing file /home/airflow/.local/lib/python3.12/site-packages/airflow/example_dags/tutorial_objectstorage.py for tasks to queue
[2025-03-09T15:54:30.226+0000] {logging_mixin.py:190} INFO - [2025-03-09T15:54:30.225+0000] {dagbag.py:588} INFO - Filling up the DagBag from /home/airflow/.local/lib/python3.12/site-packages/airflow/example_dags/tutorial_objectstorage.py
[2025-03-09T15:54:30.232+0000] {processor.py:925} INFO - DAG(s) 'tutorial_objectstorage' retrieved from /home/airflow/.local/lib/python3.12/site-packages/airflow/example_dags/tutorial_objectstorage.py
[2025-03-09T15:54:30.245+0000] {logging_mixin.py:190} INFO - [2025-03-09T15:54:30.245+0000] {dag.py:3239} INFO - Sync 1 DAGs
[2025-03-09T15:54:30.254+0000] {logging_mixin.py:190} INFO - [2025-03-09T15:54:30.254+0000] {dag.py:4180} INFO - Setting next_dagrun for tutorial_objectstorage to None, run_after=None
[2025-03-09T15:54:30.268+0000] {processor.py:208} INFO - Processing /home/airflow/.local/lib/python3.12/site-packages/airflow/example_dags/tutorial_objectstorage.py took 0.049 seconds
[2025-03-09T15:55:00.836+0000] {processor.py:186} INFO - Started process (PID=6003) to work on /home/airflow/.local/lib/python3.12/site-packages/airflow/example_dags/tutorial_objectstorage.py
[2025-03-09T15:55:00.836+0000] {processor.py:914} INFO - Processing file /home/airflow/.local/lib/python3.12/site-packages/airflow/example_dags/tutorial_objectstorage.py for tasks to queue
[2025-03-09T15:55:00.838+0000] {logging_mixin.py:190} INFO - [2025-03-09T15:55:00.837+0000] {dagbag.py:588} INFO - Filling up the DagBag from /home/airflow/.local/lib/python3.12/site-packages/airflow/example_dags/tutorial_objectstorage.py
[2025-03-09T15:55:00.844+0000] {processor.py:925} INFO - DAG(s) 'tutorial_objectstorage' retrieved from /home/airflow/.local/lib/python3.12/site-packages/airflow/example_dags/tutorial_objectstorage.py
[2025-03-09T15:55:00.857+0000] {logging_mixin.py:190} INFO - [2025-03-09T15:55:00.857+0000] {dag.py:3239} INFO - Sync 1 DAGs
[2025-03-09T15:55:00.869+0000] {logging_mixin.py:190} INFO - [2025-03-09T15:55:00.869+0000] {dag.py:4180} INFO - Setting next_dagrun for tutorial_objectstorage to None, run_after=None
[2025-03-09T15:55:00.884+0000] {processor.py:208} INFO - Processing /home/airflow/.local/lib/python3.12/site-packages/airflow/example_dags/tutorial_objectstorage.py took 0.052 seconds
[2025-03-09T15:55:32.017+0000] {processor.py:186} INFO - Started process (PID=6331) to work on /home/airflow/.local/lib/python3.12/site-packages/airflow/example_dags/tutorial_objectstorage.py
[2025-03-09T15:55:32.019+0000] {processor.py:914} INFO - Processing file /home/airflow/.local/lib/python3.12/site-packages/airflow/example_dags/tutorial_objectstorage.py for tasks to queue
[2025-03-09T15:55:32.020+0000] {logging_mixin.py:190} INFO - [2025-03-09T15:55:32.020+0000] {dagbag.py:588} INFO - Filling up the DagBag from /home/airflow/.local/lib/python3.12/site-packages/airflow/example_dags/tutorial_objectstorage.py
[2025-03-09T15:55:32.027+0000] {processor.py:925} INFO - DAG(s) 'tutorial_objectstorage' retrieved from /home/airflow/.local/lib/python3.12/site-packages/airflow/example_dags/tutorial_objectstorage.py
[2025-03-09T15:55:32.040+0000] {logging_mixin.py:190} INFO - [2025-03-09T15:55:32.040+0000] {dag.py:3239} INFO - Sync 1 DAGs
[2025-03-09T15:55:32.050+0000] {logging_mixin.py:190} INFO - [2025-03-09T15:55:32.050+0000] {dag.py:4180} INFO - Setting next_dagrun for tutorial_objectstorage to None, run_after=None
[2025-03-09T15:55:32.062+0000] {processor.py:208} INFO - Processing /home/airflow/.local/lib/python3.12/site-packages/airflow/example_dags/tutorial_objectstorage.py took 0.049 seconds
[2025-03-09T15:56:02.611+0000] {processor.py:186} INFO - Started process (PID=6655) to work on /home/airflow/.local/lib/python3.12/site-packages/airflow/example_dags/tutorial_objectstorage.py
[2025-03-09T15:56:02.612+0000] {processor.py:914} INFO - Processing file /home/airflow/.local/lib/python3.12/site-packages/airflow/example_dags/tutorial_objectstorage.py for tasks to queue
[2025-03-09T15:56:02.613+0000] {logging_mixin.py:190} INFO - [2025-03-09T15:56:02.613+0000] {dagbag.py:588} INFO - Filling up the DagBag from /home/airflow/.local/lib/python3.12/site-packages/airflow/example_dags/tutorial_objectstorage.py
[2025-03-09T15:56:02.619+0000] {processor.py:925} INFO - DAG(s) 'tutorial_objectstorage' retrieved from /home/airflow/.local/lib/python3.12/site-packages/airflow/example_dags/tutorial_objectstorage.py
[2025-03-09T15:56:02.635+0000] {logging_mixin.py:190} INFO - [2025-03-09T15:56:02.634+0000] {dag.py:3239} INFO - Sync 1 DAGs
[2025-03-09T15:56:02.644+0000] {logging_mixin.py:190} INFO - [2025-03-09T15:56:02.644+0000] {dag.py:4180} INFO - Setting next_dagrun for tutorial_objectstorage to None, run_after=None
[2025-03-09T15:56:02.659+0000] {processor.py:208} INFO - Processing /home/airflow/.local/lib/python3.12/site-packages/airflow/example_dags/tutorial_objectstorage.py took 0.052 seconds
[2025-03-09T15:56:33.488+0000] {processor.py:186} INFO - Started process (PID=6981) to work on /home/airflow/.local/lib/python3.12/site-packages/airflow/example_dags/tutorial_objectstorage.py
[2025-03-09T15:56:33.489+0000] {processor.py:914} INFO - Processing file /home/airflow/.local/lib/python3.12/site-packages/airflow/example_dags/tutorial_objectstorage.py for tasks to queue
[2025-03-09T15:56:33.490+0000] {logging_mixin.py:190} INFO - [2025-03-09T15:56:33.489+0000] {dagbag.py:588} INFO - Filling up the DagBag from /home/airflow/.local/lib/python3.12/site-packages/airflow/example_dags/tutorial_objectstorage.py
[2025-03-09T15:56:33.496+0000] {processor.py:925} INFO - DAG(s) 'tutorial_objectstorage' retrieved from /home/airflow/.local/lib/python3.12/site-packages/airflow/example_dags/tutorial_objectstorage.py
[2025-03-09T15:56:33.511+0000] {logging_mixin.py:190} INFO - [2025-03-09T15:56:33.510+0000] {dag.py:3239} INFO - Sync 1 DAGs
[2025-03-09T15:56:33.521+0000] {logging_mixin.py:190} INFO - [2025-03-09T15:56:33.521+0000] {dag.py:4180} INFO - Setting next_dagrun for tutorial_objectstorage to None, run_after=None
[2025-03-09T15:56:33.540+0000] {processor.py:208} INFO - Processing /home/airflow/.local/lib/python3.12/site-packages/airflow/example_dags/tutorial_objectstorage.py took 0.055 seconds
[2025-03-09T15:57:04.460+0000] {processor.py:186} INFO - Started process (PID=7309) to work on /home/airflow/.local/lib/python3.12/site-packages/airflow/example_dags/tutorial_objectstorage.py
[2025-03-09T15:57:04.461+0000] {processor.py:914} INFO - Processing file /home/airflow/.local/lib/python3.12/site-packages/airflow/example_dags/tutorial_objectstorage.py for tasks to queue
[2025-03-09T15:57:04.463+0000] {logging_mixin.py:190} INFO - [2025-03-09T15:57:04.462+0000] {dagbag.py:588} INFO - Filling up the DagBag from /home/airflow/.local/lib/python3.12/site-packages/airflow/example_dags/tutorial_objectstorage.py
[2025-03-09T15:57:04.469+0000] {processor.py:925} INFO - DAG(s) 'tutorial_objectstorage' retrieved from /home/airflow/.local/lib/python3.12/site-packages/airflow/example_dags/tutorial_objectstorage.py
[2025-03-09T15:57:04.483+0000] {logging_mixin.py:190} INFO - [2025-03-09T15:57:04.483+0000] {dag.py:3239} INFO - Sync 1 DAGs
[2025-03-09T15:57:04.491+0000] {logging_mixin.py:190} INFO - [2025-03-09T15:57:04.491+0000] {dag.py:4180} INFO - Setting next_dagrun for tutorial_objectstorage to None, run_after=None
[2025-03-09T15:57:04.506+0000] {processor.py:208} INFO - Processing /home/airflow/.local/lib/python3.12/site-packages/airflow/example_dags/tutorial_objectstorage.py took 0.053 seconds
[2025-03-09T15:57:35.410+0000] {processor.py:186} INFO - Started process (PID=7633) to work on /home/airflow/.local/lib/python3.12/site-packages/airflow/example_dags/tutorial_objectstorage.py
[2025-03-09T15:57:35.410+0000] {processor.py:914} INFO - Processing file /home/airflow/.local/lib/python3.12/site-packages/airflow/example_dags/tutorial_objectstorage.py for tasks to queue
[2025-03-09T15:57:35.412+0000] {logging_mixin.py:190} INFO - [2025-03-09T15:57:35.411+0000] {dagbag.py:588} INFO - Filling up the DagBag from /home/airflow/.local/lib/python3.12/site-packages/airflow/example_dags/tutorial_objectstorage.py
[2025-03-09T15:57:35.417+0000] {processor.py:925} INFO - DAG(s) 'tutorial_objectstorage' retrieved from /home/airflow/.local/lib/python3.12/site-packages/airflow/example_dags/tutorial_objectstorage.py
[2025-03-09T15:57:35.430+0000] {logging_mixin.py:190} INFO - [2025-03-09T15:57:35.429+0000] {dag.py:3239} INFO - Sync 1 DAGs
[2025-03-09T15:57:35.438+0000] {logging_mixin.py:190} INFO - [2025-03-09T15:57:35.438+0000] {dag.py:4180} INFO - Setting next_dagrun for tutorial_objectstorage to None, run_after=None
[2025-03-09T15:57:35.453+0000] {processor.py:208} INFO - Processing /home/airflow/.local/lib/python3.12/site-packages/airflow/example_dags/tutorial_objectstorage.py took 0.047 seconds
[2025-03-09T15:58:06.339+0000] {processor.py:186} INFO - Started process (PID=7959) to work on /home/airflow/.local/lib/python3.12/site-packages/airflow/example_dags/tutorial_objectstorage.py
[2025-03-09T15:58:06.340+0000] {processor.py:914} INFO - Processing file /home/airflow/.local/lib/python3.12/site-packages/airflow/example_dags/tutorial_objectstorage.py for tasks to queue
[2025-03-09T15:58:06.341+0000] {logging_mixin.py:190} INFO - [2025-03-09T15:58:06.341+0000] {dagbag.py:588} INFO - Filling up the DagBag from /home/airflow/.local/lib/python3.12/site-packages/airflow/example_dags/tutorial_objectstorage.py
[2025-03-09T15:58:06.347+0000] {processor.py:925} INFO - DAG(s) 'tutorial_objectstorage' retrieved from /home/airflow/.local/lib/python3.12/site-packages/airflow/example_dags/tutorial_objectstorage.py
[2025-03-09T15:58:06.362+0000] {logging_mixin.py:190} INFO - [2025-03-09T15:58:06.362+0000] {dag.py:3239} INFO - Sync 1 DAGs
[2025-03-09T15:58:06.370+0000] {logging_mixin.py:190} INFO - [2025-03-09T15:58:06.370+0000] {dag.py:4180} INFO - Setting next_dagrun for tutorial_objectstorage to None, run_after=None
[2025-03-09T15:58:06.385+0000] {processor.py:208} INFO - Processing /home/airflow/.local/lib/python3.12/site-packages/airflow/example_dags/tutorial_objectstorage.py took 0.050 seconds
[2025-03-09T15:58:37.478+0000] {processor.py:186} INFO - Started process (PID=8285) to work on /home/airflow/.local/lib/python3.12/site-packages/airflow/example_dags/tutorial_objectstorage.py
[2025-03-09T15:58:37.478+0000] {processor.py:914} INFO - Processing file /home/airflow/.local/lib/python3.12/site-packages/airflow/example_dags/tutorial_objectstorage.py for tasks to queue
[2025-03-09T15:58:37.479+0000] {logging_mixin.py:190} INFO - [2025-03-09T15:58:37.479+0000] {dagbag.py:588} INFO - Filling up the DagBag from /home/airflow/.local/lib/python3.12/site-packages/airflow/example_dags/tutorial_objectstorage.py
[2025-03-09T15:58:37.484+0000] {processor.py:925} INFO - DAG(s) 'tutorial_objectstorage' retrieved from /home/airflow/.local/lib/python3.12/site-packages/airflow/example_dags/tutorial_objectstorage.py
[2025-03-09T15:58:37.500+0000] {logging_mixin.py:190} INFO - [2025-03-09T15:58:37.500+0000] {dag.py:3239} INFO - Sync 1 DAGs
[2025-03-09T15:58:37.510+0000] {logging_mixin.py:190} INFO - [2025-03-09T15:58:37.510+0000] {dag.py:4180} INFO - Setting next_dagrun for tutorial_objectstorage to None, run_after=None
[2025-03-09T15:58:37.524+0000] {processor.py:208} INFO - Processing /home/airflow/.local/lib/python3.12/site-packages/airflow/example_dags/tutorial_objectstorage.py took 0.050 seconds
[2025-03-09T15:59:08.845+0000] {processor.py:186} INFO - Started process (PID=8613) to work on /home/airflow/.local/lib/python3.12/site-packages/airflow/example_dags/tutorial_objectstorage.py
[2025-03-09T15:59:08.845+0000] {processor.py:914} INFO - Processing file /home/airflow/.local/lib/python3.12/site-packages/airflow/example_dags/tutorial_objectstorage.py for tasks to queue
[2025-03-09T15:59:08.847+0000] {logging_mixin.py:190} INFO - [2025-03-09T15:59:08.846+0000] {dagbag.py:588} INFO - Filling up the DagBag from /home/airflow/.local/lib/python3.12/site-packages/airflow/example_dags/tutorial_objectstorage.py
[2025-03-09T15:59:08.852+0000] {processor.py:925} INFO - DAG(s) 'tutorial_objectstorage' retrieved from /home/airflow/.local/lib/python3.12/site-packages/airflow/example_dags/tutorial_objectstorage.py
[2025-03-09T15:59:08.866+0000] {logging_mixin.py:190} INFO - [2025-03-09T15:59:08.866+0000] {dag.py:3239} INFO - Sync 1 DAGs
[2025-03-09T15:59:08.875+0000] {logging_mixin.py:190} INFO - [2025-03-09T15:59:08.875+0000] {dag.py:4180} INFO - Setting next_dagrun for tutorial_objectstorage to None, run_after=None
[2025-03-09T15:59:08.887+0000] {processor.py:208} INFO - Processing /home/airflow/.local/lib/python3.12/site-packages/airflow/example_dags/tutorial_objectstorage.py took 0.048 seconds
[2025-03-09T15:59:39.577+0000] {processor.py:186} INFO - Started process (PID=8937) to work on /home/airflow/.local/lib/python3.12/site-packages/airflow/example_dags/tutorial_objectstorage.py
[2025-03-09T15:59:39.577+0000] {processor.py:914} INFO - Processing file /home/airflow/.local/lib/python3.12/site-packages/airflow/example_dags/tutorial_objectstorage.py for tasks to queue
[2025-03-09T15:59:39.578+0000] {logging_mixin.py:190} INFO - [2025-03-09T15:59:39.578+0000] {dagbag.py:588} INFO - Filling up the DagBag from /home/airflow/.local/lib/python3.12/site-packages/airflow/example_dags/tutorial_objectstorage.py
[2025-03-09T15:59:39.584+0000] {processor.py:925} INFO - DAG(s) 'tutorial_objectstorage' retrieved from /home/airflow/.local/lib/python3.12/site-packages/airflow/example_dags/tutorial_objectstorage.py
[2025-03-09T15:59:39.598+0000] {logging_mixin.py:190} INFO - [2025-03-09T15:59:39.598+0000] {dag.py:3239} INFO - Sync 1 DAGs
[2025-03-09T15:59:39.607+0000] {logging_mixin.py:190} INFO - [2025-03-09T15:59:39.606+0000] {dag.py:4180} INFO - Setting next_dagrun for tutorial_objectstorage to None, run_after=None
[2025-03-09T15:59:39.622+0000] {processor.py:208} INFO - Processing /home/airflow/.local/lib/python3.12/site-packages/airflow/example_dags/tutorial_objectstorage.py took 0.049 seconds
[2025-03-09T16:00:10.056+0000] {processor.py:186} INFO - Started process (PID=9263) to work on /home/airflow/.local/lib/python3.12/site-packages/airflow/example_dags/tutorial_objectstorage.py
[2025-03-09T16:00:10.057+0000] {processor.py:914} INFO - Processing file /home/airflow/.local/lib/python3.12/site-packages/airflow/example_dags/tutorial_objectstorage.py for tasks to queue
[2025-03-09T16:00:10.058+0000] {logging_mixin.py:190} INFO - [2025-03-09T16:00:10.058+0000] {dagbag.py:588} INFO - Filling up the DagBag from /home/airflow/.local/lib/python3.12/site-packages/airflow/example_dags/tutorial_objectstorage.py
[2025-03-09T16:00:10.064+0000] {processor.py:925} INFO - DAG(s) 'tutorial_objectstorage' retrieved from /home/airflow/.local/lib/python3.12/site-packages/airflow/example_dags/tutorial_objectstorage.py
[2025-03-09T16:00:10.075+0000] {logging_mixin.py:190} INFO - [2025-03-09T16:00:10.075+0000] {dag.py:3239} INFO - Sync 1 DAGs
[2025-03-09T16:00:10.084+0000] {logging_mixin.py:190} INFO - [2025-03-09T16:00:10.084+0000] {dag.py:4180} INFO - Setting next_dagrun for tutorial_objectstorage to None, run_after=None
[2025-03-09T16:00:10.099+0000] {processor.py:208} INFO - Processing /home/airflow/.local/lib/python3.12/site-packages/airflow/example_dags/tutorial_objectstorage.py took 0.046 seconds
[2025-03-09T16:00:40.729+0000] {processor.py:186} INFO - Started process (PID=9589) to work on /home/airflow/.local/lib/python3.12/site-packages/airflow/example_dags/tutorial_objectstorage.py
[2025-03-09T16:00:40.729+0000] {processor.py:914} INFO - Processing file /home/airflow/.local/lib/python3.12/site-packages/airflow/example_dags/tutorial_objectstorage.py for tasks to queue
[2025-03-09T16:00:40.730+0000] {logging_mixin.py:190} INFO - [2025-03-09T16:00:40.730+0000] {dagbag.py:588} INFO - Filling up the DagBag from /home/airflow/.local/lib/python3.12/site-packages/airflow/example_dags/tutorial_objectstorage.py
[2025-03-09T16:00:40.735+0000] {processor.py:925} INFO - DAG(s) 'tutorial_objectstorage' retrieved from /home/airflow/.local/lib/python3.12/site-packages/airflow/example_dags/tutorial_objectstorage.py
[2025-03-09T16:00:40.750+0000] {logging_mixin.py:190} INFO - [2025-03-09T16:00:40.750+0000] {dag.py:3239} INFO - Sync 1 DAGs
[2025-03-09T16:00:40.760+0000] {logging_mixin.py:190} INFO - [2025-03-09T16:00:40.760+0000] {dag.py:4180} INFO - Setting next_dagrun for tutorial_objectstorage to None, run_after=None
[2025-03-09T16:00:40.777+0000] {processor.py:208} INFO - Processing /home/airflow/.local/lib/python3.12/site-packages/airflow/example_dags/tutorial_objectstorage.py took 0.052 seconds
[2025-03-09T16:01:11.281+0000] {processor.py:186} INFO - Started process (PID=9915) to work on /home/airflow/.local/lib/python3.12/site-packages/airflow/example_dags/tutorial_objectstorage.py
[2025-03-09T16:01:11.283+0000] {processor.py:914} INFO - Processing file /home/airflow/.local/lib/python3.12/site-packages/airflow/example_dags/tutorial_objectstorage.py for tasks to queue
[2025-03-09T16:01:11.284+0000] {logging_mixin.py:190} INFO - [2025-03-09T16:01:11.284+0000] {dagbag.py:588} INFO - Filling up the DagBag from /home/airflow/.local/lib/python3.12/site-packages/airflow/example_dags/tutorial_objectstorage.py
[2025-03-09T16:01:11.290+0000] {processor.py:925} INFO - DAG(s) 'tutorial_objectstorage' retrieved from /home/airflow/.local/lib/python3.12/site-packages/airflow/example_dags/tutorial_objectstorage.py
[2025-03-09T16:01:11.304+0000] {logging_mixin.py:190} INFO - [2025-03-09T16:01:11.304+0000] {dag.py:3239} INFO - Sync 1 DAGs
[2025-03-09T16:01:11.313+0000] {logging_mixin.py:190} INFO - [2025-03-09T16:01:11.312+0000] {dag.py:4180} INFO - Setting next_dagrun for tutorial_objectstorage to None, run_after=None
[2025-03-09T16:01:11.325+0000] {processor.py:208} INFO - Processing /home/airflow/.local/lib/python3.12/site-packages/airflow/example_dags/tutorial_objectstorage.py took 0.047 seconds
[2025-03-09T16:01:41.677+0000] {processor.py:186} INFO - Started process (PID=10236) to work on /home/airflow/.local/lib/python3.12/site-packages/airflow/example_dags/tutorial_objectstorage.py
[2025-03-09T16:01:41.677+0000] {processor.py:914} INFO - Processing file /home/airflow/.local/lib/python3.12/site-packages/airflow/example_dags/tutorial_objectstorage.py for tasks to queue
[2025-03-09T16:01:41.679+0000] {logging_mixin.py:190} INFO - [2025-03-09T16:01:41.678+0000] {dagbag.py:588} INFO - Filling up the DagBag from /home/airflow/.local/lib/python3.12/site-packages/airflow/example_dags/tutorial_objectstorage.py
[2025-03-09T16:01:41.684+0000] {processor.py:925} INFO - DAG(s) 'tutorial_objectstorage' retrieved from /home/airflow/.local/lib/python3.12/site-packages/airflow/example_dags/tutorial_objectstorage.py
[2025-03-09T16:01:41.700+0000] {logging_mixin.py:190} INFO - [2025-03-09T16:01:41.699+0000] {dag.py:3239} INFO - Sync 1 DAGs
[2025-03-09T16:01:41.710+0000] {logging_mixin.py:190} INFO - [2025-03-09T16:01:41.709+0000] {dag.py:4180} INFO - Setting next_dagrun for tutorial_objectstorage to None, run_after=None
[2025-03-09T16:01:41.728+0000] {processor.py:208} INFO - Processing /home/airflow/.local/lib/python3.12/site-packages/airflow/example_dags/tutorial_objectstorage.py took 0.055 seconds
[2025-03-09T16:02:12.392+0000] {processor.py:186} INFO - Started process (PID=10567) to work on /home/airflow/.local/lib/python3.12/site-packages/airflow/example_dags/tutorial_objectstorage.py
[2025-03-09T16:02:12.392+0000] {processor.py:914} INFO - Processing file /home/airflow/.local/lib/python3.12/site-packages/airflow/example_dags/tutorial_objectstorage.py for tasks to queue
[2025-03-09T16:02:12.394+0000] {logging_mixin.py:190} INFO - [2025-03-09T16:02:12.393+0000] {dagbag.py:588} INFO - Filling up the DagBag from /home/airflow/.local/lib/python3.12/site-packages/airflow/example_dags/tutorial_objectstorage.py
[2025-03-09T16:02:12.399+0000] {processor.py:925} INFO - DAG(s) 'tutorial_objectstorage' retrieved from /home/airflow/.local/lib/python3.12/site-packages/airflow/example_dags/tutorial_objectstorage.py
[2025-03-09T16:02:12.414+0000] {logging_mixin.py:190} INFO - [2025-03-09T16:02:12.414+0000] {dag.py:3239} INFO - Sync 1 DAGs
[2025-03-09T16:02:12.426+0000] {logging_mixin.py:190} INFO - [2025-03-09T16:02:12.426+0000] {dag.py:4180} INFO - Setting next_dagrun for tutorial_objectstorage to None, run_after=None
[2025-03-09T16:02:12.445+0000] {processor.py:208} INFO - Processing /home/airflow/.local/lib/python3.12/site-packages/airflow/example_dags/tutorial_objectstorage.py took 0.057 seconds
[2025-03-09T16:02:43.159+0000] {processor.py:186} INFO - Started process (PID=10893) to work on /home/airflow/.local/lib/python3.12/site-packages/airflow/example_dags/tutorial_objectstorage.py
[2025-03-09T16:02:43.159+0000] {processor.py:914} INFO - Processing file /home/airflow/.local/lib/python3.12/site-packages/airflow/example_dags/tutorial_objectstorage.py for tasks to queue
[2025-03-09T16:02:43.160+0000] {logging_mixin.py:190} INFO - [2025-03-09T16:02:43.160+0000] {dagbag.py:588} INFO - Filling up the DagBag from /home/airflow/.local/lib/python3.12/site-packages/airflow/example_dags/tutorial_objectstorage.py
[2025-03-09T16:02:43.166+0000] {processor.py:925} INFO - DAG(s) 'tutorial_objectstorage' retrieved from /home/airflow/.local/lib/python3.12/site-packages/airflow/example_dags/tutorial_objectstorage.py
[2025-03-09T16:02:43.179+0000] {logging_mixin.py:190} INFO - [2025-03-09T16:02:43.178+0000] {dag.py:3239} INFO - Sync 1 DAGs
[2025-03-09T16:02:43.187+0000] {logging_mixin.py:190} INFO - [2025-03-09T16:02:43.187+0000] {dag.py:4180} INFO - Setting next_dagrun for tutorial_objectstorage to None, run_after=None
[2025-03-09T16:02:43.199+0000] {processor.py:208} INFO - Processing /home/airflow/.local/lib/python3.12/site-packages/airflow/example_dags/tutorial_objectstorage.py took 0.043 seconds
[2025-03-09T16:03:13.913+0000] {processor.py:186} INFO - Started process (PID=11219) to work on /home/airflow/.local/lib/python3.12/site-packages/airflow/example_dags/tutorial_objectstorage.py
[2025-03-09T16:03:13.914+0000] {processor.py:914} INFO - Processing file /home/airflow/.local/lib/python3.12/site-packages/airflow/example_dags/tutorial_objectstorage.py for tasks to queue
[2025-03-09T16:03:13.915+0000] {logging_mixin.py:190} INFO - [2025-03-09T16:03:13.914+0000] {dagbag.py:588} INFO - Filling up the DagBag from /home/airflow/.local/lib/python3.12/site-packages/airflow/example_dags/tutorial_objectstorage.py
[2025-03-09T16:03:13.920+0000] {processor.py:925} INFO - DAG(s) 'tutorial_objectstorage' retrieved from /home/airflow/.local/lib/python3.12/site-packages/airflow/example_dags/tutorial_objectstorage.py
[2025-03-09T16:03:13.934+0000] {logging_mixin.py:190} INFO - [2025-03-09T16:03:13.934+0000] {dag.py:3239} INFO - Sync 1 DAGs
[2025-03-09T16:03:13.943+0000] {logging_mixin.py:190} INFO - [2025-03-09T16:03:13.943+0000] {dag.py:4180} INFO - Setting next_dagrun for tutorial_objectstorage to None, run_after=None
[2025-03-09T16:03:13.959+0000] {processor.py:208} INFO - Processing /home/airflow/.local/lib/python3.12/site-packages/airflow/example_dags/tutorial_objectstorage.py took 0.050 seconds
[2025-03-09T16:03:44.595+0000] {processor.py:186} INFO - Started process (PID=11540) to work on /home/airflow/.local/lib/python3.12/site-packages/airflow/example_dags/tutorial_objectstorage.py
[2025-03-09T16:03:44.596+0000] {processor.py:914} INFO - Processing file /home/airflow/.local/lib/python3.12/site-packages/airflow/example_dags/tutorial_objectstorage.py for tasks to queue
[2025-03-09T16:03:44.597+0000] {logging_mixin.py:190} INFO - [2025-03-09T16:03:44.597+0000] {dagbag.py:588} INFO - Filling up the DagBag from /home/airflow/.local/lib/python3.12/site-packages/airflow/example_dags/tutorial_objectstorage.py
[2025-03-09T16:03:44.603+0000] {processor.py:925} INFO - DAG(s) 'tutorial_objectstorage' retrieved from /home/airflow/.local/lib/python3.12/site-packages/airflow/example_dags/tutorial_objectstorage.py
[2025-03-09T16:03:44.614+0000] {logging_mixin.py:190} INFO - [2025-03-09T16:03:44.614+0000] {dag.py:3239} INFO - Sync 1 DAGs
[2025-03-09T16:03:44.623+0000] {logging_mixin.py:190} INFO - [2025-03-09T16:03:44.623+0000] {dag.py:4180} INFO - Setting next_dagrun for tutorial_objectstorage to None, run_after=None
[2025-03-09T16:03:44.635+0000] {processor.py:208} INFO - Processing /home/airflow/.local/lib/python3.12/site-packages/airflow/example_dags/tutorial_objectstorage.py took 0.044 seconds
[2025-03-09T16:04:15.629+0000] {processor.py:186} INFO - Started process (PID=11871) to work on /home/airflow/.local/lib/python3.12/site-packages/airflow/example_dags/tutorial_objectstorage.py
[2025-03-09T16:04:15.630+0000] {processor.py:914} INFO - Processing file /home/airflow/.local/lib/python3.12/site-packages/airflow/example_dags/tutorial_objectstorage.py for tasks to queue
[2025-03-09T16:04:15.631+0000] {logging_mixin.py:190} INFO - [2025-03-09T16:04:15.631+0000] {dagbag.py:588} INFO - Filling up the DagBag from /home/airflow/.local/lib/python3.12/site-packages/airflow/example_dags/tutorial_objectstorage.py
[2025-03-09T16:04:15.636+0000] {processor.py:925} INFO - DAG(s) 'tutorial_objectstorage' retrieved from /home/airflow/.local/lib/python3.12/site-packages/airflow/example_dags/tutorial_objectstorage.py
[2025-03-09T16:04:15.647+0000] {logging_mixin.py:190} INFO - [2025-03-09T16:04:15.647+0000] {dag.py:3239} INFO - Sync 1 DAGs
[2025-03-09T16:04:15.655+0000] {logging_mixin.py:190} INFO - [2025-03-09T16:04:15.655+0000] {dag.py:4180} INFO - Setting next_dagrun for tutorial_objectstorage to None, run_after=None
[2025-03-09T16:04:15.668+0000] {processor.py:208} INFO - Processing /home/airflow/.local/lib/python3.12/site-packages/airflow/example_dags/tutorial_objectstorage.py took 0.043 seconds
[2025-03-09T16:04:46.477+0000] {processor.py:186} INFO - Started process (PID=12197) to work on /home/airflow/.local/lib/python3.12/site-packages/airflow/example_dags/tutorial_objectstorage.py
[2025-03-09T16:04:46.478+0000] {processor.py:914} INFO - Processing file /home/airflow/.local/lib/python3.12/site-packages/airflow/example_dags/tutorial_objectstorage.py for tasks to queue
[2025-03-09T16:04:46.479+0000] {logging_mixin.py:190} INFO - [2025-03-09T16:04:46.479+0000] {dagbag.py:588} INFO - Filling up the DagBag from /home/airflow/.local/lib/python3.12/site-packages/airflow/example_dags/tutorial_objectstorage.py
[2025-03-09T16:04:46.485+0000] {processor.py:925} INFO - DAG(s) 'tutorial_objectstorage' retrieved from /home/airflow/.local/lib/python3.12/site-packages/airflow/example_dags/tutorial_objectstorage.py
[2025-03-09T16:04:46.498+0000] {logging_mixin.py:190} INFO - [2025-03-09T16:04:46.498+0000] {dag.py:3239} INFO - Sync 1 DAGs
[2025-03-09T16:04:46.508+0000] {logging_mixin.py:190} INFO - [2025-03-09T16:04:46.508+0000] {dag.py:4180} INFO - Setting next_dagrun for tutorial_objectstorage to None, run_after=None
[2025-03-09T16:04:46.524+0000] {processor.py:208} INFO - Processing /home/airflow/.local/lib/python3.12/site-packages/airflow/example_dags/tutorial_objectstorage.py took 0.051 seconds
[2025-03-09T16:05:17.325+0000] {processor.py:186} INFO - Started process (PID=12523) to work on /home/airflow/.local/lib/python3.12/site-packages/airflow/example_dags/tutorial_objectstorage.py
[2025-03-09T16:05:17.326+0000] {processor.py:914} INFO - Processing file /home/airflow/.local/lib/python3.12/site-packages/airflow/example_dags/tutorial_objectstorage.py for tasks to queue
[2025-03-09T16:05:17.327+0000] {logging_mixin.py:190} INFO - [2025-03-09T16:05:17.327+0000] {dagbag.py:588} INFO - Filling up the DagBag from /home/airflow/.local/lib/python3.12/site-packages/airflow/example_dags/tutorial_objectstorage.py
[2025-03-09T16:05:17.333+0000] {processor.py:925} INFO - DAG(s) 'tutorial_objectstorage' retrieved from /home/airflow/.local/lib/python3.12/site-packages/airflow/example_dags/tutorial_objectstorage.py
[2025-03-09T16:05:17.347+0000] {logging_mixin.py:190} INFO - [2025-03-09T16:05:17.347+0000] {dag.py:3239} INFO - Sync 1 DAGs
[2025-03-09T16:05:17.356+0000] {logging_mixin.py:190} INFO - [2025-03-09T16:05:17.356+0000] {dag.py:4180} INFO - Setting next_dagrun for tutorial_objectstorage to None, run_after=None
[2025-03-09T16:05:17.374+0000] {processor.py:208} INFO - Processing /home/airflow/.local/lib/python3.12/site-packages/airflow/example_dags/tutorial_objectstorage.py took 0.053 seconds
[2025-03-09T16:05:47.865+0000] {processor.py:186} INFO - Started process (PID=12849) to work on /home/airflow/.local/lib/python3.12/site-packages/airflow/example_dags/tutorial_objectstorage.py
[2025-03-09T16:05:47.866+0000] {processor.py:914} INFO - Processing file /home/airflow/.local/lib/python3.12/site-packages/airflow/example_dags/tutorial_objectstorage.py for tasks to queue
[2025-03-09T16:05:47.867+0000] {logging_mixin.py:190} INFO - [2025-03-09T16:05:47.866+0000] {dagbag.py:588} INFO - Filling up the DagBag from /home/airflow/.local/lib/python3.12/site-packages/airflow/example_dags/tutorial_objectstorage.py
[2025-03-09T16:05:47.873+0000] {processor.py:925} INFO - DAG(s) 'tutorial_objectstorage' retrieved from /home/airflow/.local/lib/python3.12/site-packages/airflow/example_dags/tutorial_objectstorage.py
[2025-03-09T16:05:47.886+0000] {logging_mixin.py:190} INFO - [2025-03-09T16:05:47.886+0000] {dag.py:3239} INFO - Sync 1 DAGs
[2025-03-09T16:05:47.896+0000] {logging_mixin.py:190} INFO - [2025-03-09T16:05:47.896+0000] {dag.py:4180} INFO - Setting next_dagrun for tutorial_objectstorage to None, run_after=None
[2025-03-09T16:05:47.912+0000] {processor.py:208} INFO - Processing /home/airflow/.local/lib/python3.12/site-packages/airflow/example_dags/tutorial_objectstorage.py took 0.050 seconds
[2025-03-09T16:06:18.323+0000] {processor.py:186} INFO - Started process (PID=13176) to work on /home/airflow/.local/lib/python3.12/site-packages/airflow/example_dags/tutorial_objectstorage.py
[2025-03-09T16:06:18.324+0000] {processor.py:914} INFO - Processing file /home/airflow/.local/lib/python3.12/site-packages/airflow/example_dags/tutorial_objectstorage.py for tasks to queue
[2025-03-09T16:06:18.325+0000] {logging_mixin.py:190} INFO - [2025-03-09T16:06:18.325+0000] {dagbag.py:588} INFO - Filling up the DagBag from /home/airflow/.local/lib/python3.12/site-packages/airflow/example_dags/tutorial_objectstorage.py
[2025-03-09T16:06:18.330+0000] {processor.py:925} INFO - DAG(s) 'tutorial_objectstorage' retrieved from /home/airflow/.local/lib/python3.12/site-packages/airflow/example_dags/tutorial_objectstorage.py
[2025-03-09T16:06:18.343+0000] {logging_mixin.py:190} INFO - [2025-03-09T16:06:18.343+0000] {dag.py:3239} INFO - Sync 1 DAGs
[2025-03-09T16:06:18.353+0000] {logging_mixin.py:190} INFO - [2025-03-09T16:06:18.353+0000] {dag.py:4180} INFO - Setting next_dagrun for tutorial_objectstorage to None, run_after=None
[2025-03-09T16:06:18.368+0000] {processor.py:208} INFO - Processing /home/airflow/.local/lib/python3.12/site-packages/airflow/example_dags/tutorial_objectstorage.py took 0.049 seconds
[2025-03-09T16:06:49.048+0000] {processor.py:186} INFO - Started process (PID=13507) to work on /home/airflow/.local/lib/python3.12/site-packages/airflow/example_dags/tutorial_objectstorage.py
[2025-03-09T16:06:49.049+0000] {processor.py:914} INFO - Processing file /home/airflow/.local/lib/python3.12/site-packages/airflow/example_dags/tutorial_objectstorage.py for tasks to queue
[2025-03-09T16:06:49.050+0000] {logging_mixin.py:190} INFO - [2025-03-09T16:06:49.050+0000] {dagbag.py:588} INFO - Filling up the DagBag from /home/airflow/.local/lib/python3.12/site-packages/airflow/example_dags/tutorial_objectstorage.py
[2025-03-09T16:06:49.056+0000] {processor.py:925} INFO - DAG(s) 'tutorial_objectstorage' retrieved from /home/airflow/.local/lib/python3.12/site-packages/airflow/example_dags/tutorial_objectstorage.py
[2025-03-09T16:06:49.070+0000] {logging_mixin.py:190} INFO - [2025-03-09T16:06:49.069+0000] {dag.py:3239} INFO - Sync 1 DAGs
[2025-03-09T16:06:49.078+0000] {logging_mixin.py:190} INFO - [2025-03-09T16:06:49.078+0000] {dag.py:4180} INFO - Setting next_dagrun for tutorial_objectstorage to None, run_after=None
[2025-03-09T16:06:49.091+0000] {processor.py:208} INFO - Processing /home/airflow/.local/lib/python3.12/site-packages/airflow/example_dags/tutorial_objectstorage.py took 0.048 seconds
[2025-03-09T16:07:19.596+0000] {processor.py:186} INFO - Started process (PID=13828) to work on /home/airflow/.local/lib/python3.12/site-packages/airflow/example_dags/tutorial_objectstorage.py
[2025-03-09T16:07:19.596+0000] {processor.py:914} INFO - Processing file /home/airflow/.local/lib/python3.12/site-packages/airflow/example_dags/tutorial_objectstorage.py for tasks to queue
[2025-03-09T16:07:19.598+0000] {logging_mixin.py:190} INFO - [2025-03-09T16:07:19.597+0000] {dagbag.py:588} INFO - Filling up the DagBag from /home/airflow/.local/lib/python3.12/site-packages/airflow/example_dags/tutorial_objectstorage.py
[2025-03-09T16:07:19.603+0000] {processor.py:925} INFO - DAG(s) 'tutorial_objectstorage' retrieved from /home/airflow/.local/lib/python3.12/site-packages/airflow/example_dags/tutorial_objectstorage.py
[2025-03-09T16:07:19.616+0000] {logging_mixin.py:190} INFO - [2025-03-09T16:07:19.616+0000] {dag.py:3239} INFO - Sync 1 DAGs
[2025-03-09T16:07:19.624+0000] {logging_mixin.py:190} INFO - [2025-03-09T16:07:19.624+0000] {dag.py:4180} INFO - Setting next_dagrun for tutorial_objectstorage to None, run_after=None
[2025-03-09T16:07:19.637+0000] {processor.py:208} INFO - Processing /home/airflow/.local/lib/python3.12/site-packages/airflow/example_dags/tutorial_objectstorage.py took 0.045 seconds
[2025-03-09T16:07:50.025+0000] {processor.py:186} INFO - Started process (PID=14155) to work on /home/airflow/.local/lib/python3.12/site-packages/airflow/example_dags/tutorial_objectstorage.py
[2025-03-09T16:07:50.026+0000] {processor.py:914} INFO - Processing file /home/airflow/.local/lib/python3.12/site-packages/airflow/example_dags/tutorial_objectstorage.py for tasks to queue
[2025-03-09T16:07:50.027+0000] {logging_mixin.py:190} INFO - [2025-03-09T16:07:50.027+0000] {dagbag.py:588} INFO - Filling up the DagBag from /home/airflow/.local/lib/python3.12/site-packages/airflow/example_dags/tutorial_objectstorage.py
[2025-03-09T16:07:50.032+0000] {processor.py:925} INFO - DAG(s) 'tutorial_objectstorage' retrieved from /home/airflow/.local/lib/python3.12/site-packages/airflow/example_dags/tutorial_objectstorage.py
[2025-03-09T16:07:50.044+0000] {logging_mixin.py:190} INFO - [2025-03-09T16:07:50.044+0000] {dag.py:3239} INFO - Sync 1 DAGs
[2025-03-09T16:07:50.052+0000] {logging_mixin.py:190} INFO - [2025-03-09T16:07:50.052+0000] {dag.py:4180} INFO - Setting next_dagrun for tutorial_objectstorage to None, run_after=None
[2025-03-09T16:07:50.065+0000] {processor.py:208} INFO - Processing /home/airflow/.local/lib/python3.12/site-packages/airflow/example_dags/tutorial_objectstorage.py took 0.045 seconds
[2025-03-09T16:08:21.285+0000] {processor.py:186} INFO - Started process (PID=14486) to work on /home/airflow/.local/lib/python3.12/site-packages/airflow/example_dags/tutorial_objectstorage.py
[2025-03-09T16:08:21.286+0000] {processor.py:914} INFO - Processing file /home/airflow/.local/lib/python3.12/site-packages/airflow/example_dags/tutorial_objectstorage.py for tasks to queue
[2025-03-09T16:08:21.287+0000] {logging_mixin.py:190} INFO - [2025-03-09T16:08:21.287+0000] {dagbag.py:588} INFO - Filling up the DagBag from /home/airflow/.local/lib/python3.12/site-packages/airflow/example_dags/tutorial_objectstorage.py
[2025-03-09T16:08:21.293+0000] {processor.py:925} INFO - DAG(s) 'tutorial_objectstorage' retrieved from /home/airflow/.local/lib/python3.12/site-packages/airflow/example_dags/tutorial_objectstorage.py
[2025-03-09T16:08:21.305+0000] {logging_mixin.py:190} INFO - [2025-03-09T16:08:21.305+0000] {dag.py:3239} INFO - Sync 1 DAGs
[2025-03-09T16:08:21.313+0000] {logging_mixin.py:190} INFO - [2025-03-09T16:08:21.313+0000] {dag.py:4180} INFO - Setting next_dagrun for tutorial_objectstorage to None, run_after=None
[2025-03-09T16:08:21.325+0000] {processor.py:208} INFO - Processing /home/airflow/.local/lib/python3.12/site-packages/airflow/example_dags/tutorial_objectstorage.py took 0.043 seconds
[2025-03-09T16:08:52.361+0000] {processor.py:186} INFO - Started process (PID=14812) to work on /home/airflow/.local/lib/python3.12/site-packages/airflow/example_dags/tutorial_objectstorage.py
[2025-03-09T16:08:52.362+0000] {processor.py:914} INFO - Processing file /home/airflow/.local/lib/python3.12/site-packages/airflow/example_dags/tutorial_objectstorage.py for tasks to queue
[2025-03-09T16:08:52.363+0000] {logging_mixin.py:190} INFO - [2025-03-09T16:08:52.363+0000] {dagbag.py:588} INFO - Filling up the DagBag from /home/airflow/.local/lib/python3.12/site-packages/airflow/example_dags/tutorial_objectstorage.py
[2025-03-09T16:08:52.368+0000] {processor.py:925} INFO - DAG(s) 'tutorial_objectstorage' retrieved from /home/airflow/.local/lib/python3.12/site-packages/airflow/example_dags/tutorial_objectstorage.py
[2025-03-09T16:08:52.379+0000] {logging_mixin.py:190} INFO - [2025-03-09T16:08:52.379+0000] {dag.py:3239} INFO - Sync 1 DAGs
[2025-03-09T16:08:52.387+0000] {logging_mixin.py:190} INFO - [2025-03-09T16:08:52.387+0000] {dag.py:4180} INFO - Setting next_dagrun for tutorial_objectstorage to None, run_after=None
[2025-03-09T16:08:52.403+0000] {processor.py:208} INFO - Processing /home/airflow/.local/lib/python3.12/site-packages/airflow/example_dags/tutorial_objectstorage.py took 0.046 seconds
[2025-03-09T16:09:23.390+0000] {processor.py:186} INFO - Started process (PID=15138) to work on /home/airflow/.local/lib/python3.12/site-packages/airflow/example_dags/tutorial_objectstorage.py
[2025-03-09T16:09:23.391+0000] {processor.py:914} INFO - Processing file /home/airflow/.local/lib/python3.12/site-packages/airflow/example_dags/tutorial_objectstorage.py for tasks to queue
[2025-03-09T16:09:23.392+0000] {logging_mixin.py:190} INFO - [2025-03-09T16:09:23.392+0000] {dagbag.py:588} INFO - Filling up the DagBag from /home/airflow/.local/lib/python3.12/site-packages/airflow/example_dags/tutorial_objectstorage.py
[2025-03-09T16:09:23.397+0000] {processor.py:925} INFO - DAG(s) 'tutorial_objectstorage' retrieved from /home/airflow/.local/lib/python3.12/site-packages/airflow/example_dags/tutorial_objectstorage.py
[2025-03-09T16:09:23.412+0000] {logging_mixin.py:190} INFO - [2025-03-09T16:09:23.411+0000] {dag.py:3239} INFO - Sync 1 DAGs
[2025-03-09T16:09:23.420+0000] {logging_mixin.py:190} INFO - [2025-03-09T16:09:23.420+0000] {dag.py:4180} INFO - Setting next_dagrun for tutorial_objectstorage to None, run_after=None
[2025-03-09T16:09:23.434+0000] {processor.py:208} INFO - Processing /home/airflow/.local/lib/python3.12/site-packages/airflow/example_dags/tutorial_objectstorage.py took 0.048 seconds
[2025-03-09T16:09:54.196+0000] {processor.py:186} INFO - Started process (PID=15464) to work on /home/airflow/.local/lib/python3.12/site-packages/airflow/example_dags/tutorial_objectstorage.py
[2025-03-09T16:09:54.196+0000] {processor.py:914} INFO - Processing file /home/airflow/.local/lib/python3.12/site-packages/airflow/example_dags/tutorial_objectstorage.py for tasks to queue
[2025-03-09T16:09:54.197+0000] {logging_mixin.py:190} INFO - [2025-03-09T16:09:54.197+0000] {dagbag.py:588} INFO - Filling up the DagBag from /home/airflow/.local/lib/python3.12/site-packages/airflow/example_dags/tutorial_objectstorage.py
[2025-03-09T16:09:54.204+0000] {processor.py:925} INFO - DAG(s) 'tutorial_objectstorage' retrieved from /home/airflow/.local/lib/python3.12/site-packages/airflow/example_dags/tutorial_objectstorage.py
[2025-03-09T16:09:54.217+0000] {logging_mixin.py:190} INFO - [2025-03-09T16:09:54.217+0000] {dag.py:3239} INFO - Sync 1 DAGs
[2025-03-09T16:09:54.225+0000] {logging_mixin.py:190} INFO - [2025-03-09T16:09:54.225+0000] {dag.py:4180} INFO - Setting next_dagrun for tutorial_objectstorage to None, run_after=None
[2025-03-09T16:09:54.239+0000] {processor.py:208} INFO - Processing /home/airflow/.local/lib/python3.12/site-packages/airflow/example_dags/tutorial_objectstorage.py took 0.048 seconds
[2025-03-09T16:10:24.690+0000] {processor.py:186} INFO - Started process (PID=15790) to work on /home/airflow/.local/lib/python3.12/site-packages/airflow/example_dags/tutorial_objectstorage.py
[2025-03-09T16:10:24.691+0000] {processor.py:914} INFO - Processing file /home/airflow/.local/lib/python3.12/site-packages/airflow/example_dags/tutorial_objectstorage.py for tasks to queue
[2025-03-09T16:10:24.692+0000] {logging_mixin.py:190} INFO - [2025-03-09T16:10:24.691+0000] {dagbag.py:588} INFO - Filling up the DagBag from /home/airflow/.local/lib/python3.12/site-packages/airflow/example_dags/tutorial_objectstorage.py
[2025-03-09T16:10:24.697+0000] {processor.py:925} INFO - DAG(s) 'tutorial_objectstorage' retrieved from /home/airflow/.local/lib/python3.12/site-packages/airflow/example_dags/tutorial_objectstorage.py
[2025-03-09T16:10:24.709+0000] {logging_mixin.py:190} INFO - [2025-03-09T16:10:24.709+0000] {dag.py:3239} INFO - Sync 1 DAGs
[2025-03-09T16:10:24.718+0000] {logging_mixin.py:190} INFO - [2025-03-09T16:10:24.718+0000] {dag.py:4180} INFO - Setting next_dagrun for tutorial_objectstorage to None, run_after=None
[2025-03-09T16:10:24.732+0000] {processor.py:208} INFO - Processing /home/airflow/.local/lib/python3.12/site-packages/airflow/example_dags/tutorial_objectstorage.py took 0.047 seconds
[2025-03-09T16:10:55.106+0000] {processor.py:186} INFO - Started process (PID=16116) to work on /home/airflow/.local/lib/python3.12/site-packages/airflow/example_dags/tutorial_objectstorage.py
[2025-03-09T16:10:55.107+0000] {processor.py:914} INFO - Processing file /home/airflow/.local/lib/python3.12/site-packages/airflow/example_dags/tutorial_objectstorage.py for tasks to queue
[2025-03-09T16:10:55.108+0000] {logging_mixin.py:190} INFO - [2025-03-09T16:10:55.108+0000] {dagbag.py:588} INFO - Filling up the DagBag from /home/airflow/.local/lib/python3.12/site-packages/airflow/example_dags/tutorial_objectstorage.py
[2025-03-09T16:10:55.114+0000] {processor.py:925} INFO - DAG(s) 'tutorial_objectstorage' retrieved from /home/airflow/.local/lib/python3.12/site-packages/airflow/example_dags/tutorial_objectstorage.py
[2025-03-09T16:10:55.129+0000] {logging_mixin.py:190} INFO - [2025-03-09T16:10:55.129+0000] {dag.py:3239} INFO - Sync 1 DAGs
[2025-03-09T16:10:55.139+0000] {logging_mixin.py:190} INFO - [2025-03-09T16:10:55.139+0000] {dag.py:4180} INFO - Setting next_dagrun for tutorial_objectstorage to None, run_after=None
[2025-03-09T16:10:55.155+0000] {processor.py:208} INFO - Processing /home/airflow/.local/lib/python3.12/site-packages/airflow/example_dags/tutorial_objectstorage.py took 0.054 seconds
[2025-03-09T16:11:25.605+0000] {processor.py:186} INFO - Started process (PID=16442) to work on /home/airflow/.local/lib/python3.12/site-packages/airflow/example_dags/tutorial_objectstorage.py
[2025-03-09T16:11:25.605+0000] {processor.py:914} INFO - Processing file /home/airflow/.local/lib/python3.12/site-packages/airflow/example_dags/tutorial_objectstorage.py for tasks to queue
[2025-03-09T16:11:25.606+0000] {logging_mixin.py:190} INFO - [2025-03-09T16:11:25.606+0000] {dagbag.py:588} INFO - Filling up the DagBag from /home/airflow/.local/lib/python3.12/site-packages/airflow/example_dags/tutorial_objectstorage.py
[2025-03-09T16:11:25.612+0000] {processor.py:925} INFO - DAG(s) 'tutorial_objectstorage' retrieved from /home/airflow/.local/lib/python3.12/site-packages/airflow/example_dags/tutorial_objectstorage.py
[2025-03-09T16:11:25.624+0000] {logging_mixin.py:190} INFO - [2025-03-09T16:11:25.623+0000] {dag.py:3239} INFO - Sync 1 DAGs
[2025-03-09T16:11:25.633+0000] {logging_mixin.py:190} INFO - [2025-03-09T16:11:25.632+0000] {dag.py:4180} INFO - Setting next_dagrun for tutorial_objectstorage to None, run_after=None
[2025-03-09T16:11:25.647+0000] {processor.py:208} INFO - Processing /home/airflow/.local/lib/python3.12/site-packages/airflow/example_dags/tutorial_objectstorage.py took 0.046 seconds
[2025-03-09T16:11:56.631+0000] {processor.py:186} INFO - Started process (PID=16768) to work on /home/airflow/.local/lib/python3.12/site-packages/airflow/example_dags/tutorial_objectstorage.py
[2025-03-09T16:11:56.631+0000] {processor.py:914} INFO - Processing file /home/airflow/.local/lib/python3.12/site-packages/airflow/example_dags/tutorial_objectstorage.py for tasks to queue
[2025-03-09T16:11:56.633+0000] {logging_mixin.py:190} INFO - [2025-03-09T16:11:56.632+0000] {dagbag.py:588} INFO - Filling up the DagBag from /home/airflow/.local/lib/python3.12/site-packages/airflow/example_dags/tutorial_objectstorage.py
[2025-03-09T16:11:56.638+0000] {processor.py:925} INFO - DAG(s) 'tutorial_objectstorage' retrieved from /home/airflow/.local/lib/python3.12/site-packages/airflow/example_dags/tutorial_objectstorage.py
[2025-03-09T16:11:56.651+0000] {logging_mixin.py:190} INFO - [2025-03-09T16:11:56.651+0000] {dag.py:3239} INFO - Sync 1 DAGs
[2025-03-09T16:11:56.659+0000] {logging_mixin.py:190} INFO - [2025-03-09T16:11:56.659+0000] {dag.py:4180} INFO - Setting next_dagrun for tutorial_objectstorage to None, run_after=None
[2025-03-09T16:11:56.671+0000] {processor.py:208} INFO - Processing /home/airflow/.local/lib/python3.12/site-packages/airflow/example_dags/tutorial_objectstorage.py took 0.044 seconds
[2025-03-09T16:12:27.757+0000] {processor.py:186} INFO - Started process (PID=17094) to work on /home/airflow/.local/lib/python3.12/site-packages/airflow/example_dags/tutorial_objectstorage.py
[2025-03-09T16:12:27.757+0000] {processor.py:914} INFO - Processing file /home/airflow/.local/lib/python3.12/site-packages/airflow/example_dags/tutorial_objectstorage.py for tasks to queue
[2025-03-09T16:12:27.758+0000] {logging_mixin.py:190} INFO - [2025-03-09T16:12:27.758+0000] {dagbag.py:588} INFO - Filling up the DagBag from /home/airflow/.local/lib/python3.12/site-packages/airflow/example_dags/tutorial_objectstorage.py
[2025-03-09T16:12:27.763+0000] {processor.py:925} INFO - DAG(s) 'tutorial_objectstorage' retrieved from /home/airflow/.local/lib/python3.12/site-packages/airflow/example_dags/tutorial_objectstorage.py
[2025-03-09T16:12:27.775+0000] {logging_mixin.py:190} INFO - [2025-03-09T16:12:27.775+0000] {dag.py:3239} INFO - Sync 1 DAGs
[2025-03-09T16:12:27.783+0000] {logging_mixin.py:190} INFO - [2025-03-09T16:12:27.783+0000] {dag.py:4180} INFO - Setting next_dagrun for tutorial_objectstorage to None, run_after=None
[2025-03-09T16:12:27.797+0000] {processor.py:208} INFO - Processing /home/airflow/.local/lib/python3.12/site-packages/airflow/example_dags/tutorial_objectstorage.py took 0.044 seconds
[2025-03-09T16:12:58.957+0000] {processor.py:186} INFO - Started process (PID=17420) to work on /home/airflow/.local/lib/python3.12/site-packages/airflow/example_dags/tutorial_objectstorage.py
[2025-03-09T16:12:58.958+0000] {processor.py:914} INFO - Processing file /home/airflow/.local/lib/python3.12/site-packages/airflow/example_dags/tutorial_objectstorage.py for tasks to queue
[2025-03-09T16:12:58.959+0000] {logging_mixin.py:190} INFO - [2025-03-09T16:12:58.959+0000] {dagbag.py:588} INFO - Filling up the DagBag from /home/airflow/.local/lib/python3.12/site-packages/airflow/example_dags/tutorial_objectstorage.py
[2025-03-09T16:12:58.964+0000] {processor.py:925} INFO - DAG(s) 'tutorial_objectstorage' retrieved from /home/airflow/.local/lib/python3.12/site-packages/airflow/example_dags/tutorial_objectstorage.py
[2025-03-09T16:12:58.976+0000] {logging_mixin.py:190} INFO - [2025-03-09T16:12:58.976+0000] {dag.py:3239} INFO - Sync 1 DAGs
[2025-03-09T16:12:58.986+0000] {logging_mixin.py:190} INFO - [2025-03-09T16:12:58.986+0000] {dag.py:4180} INFO - Setting next_dagrun for tutorial_objectstorage to None, run_after=None
[2025-03-09T16:12:59.001+0000] {processor.py:208} INFO - Processing /home/airflow/.local/lib/python3.12/site-packages/airflow/example_dags/tutorial_objectstorage.py took 0.047 seconds
[2025-03-09T16:13:30.010+0000] {processor.py:186} INFO - Started process (PID=17746) to work on /home/airflow/.local/lib/python3.12/site-packages/airflow/example_dags/tutorial_objectstorage.py
[2025-03-09T16:13:30.011+0000] {processor.py:914} INFO - Processing file /home/airflow/.local/lib/python3.12/site-packages/airflow/example_dags/tutorial_objectstorage.py for tasks to queue
[2025-03-09T16:13:30.012+0000] {logging_mixin.py:190} INFO - [2025-03-09T16:13:30.012+0000] {dagbag.py:588} INFO - Filling up the DagBag from /home/airflow/.local/lib/python3.12/site-packages/airflow/example_dags/tutorial_objectstorage.py
[2025-03-09T16:13:30.017+0000] {processor.py:925} INFO - DAG(s) 'tutorial_objectstorage' retrieved from /home/airflow/.local/lib/python3.12/site-packages/airflow/example_dags/tutorial_objectstorage.py
[2025-03-09T16:13:30.031+0000] {logging_mixin.py:190} INFO - [2025-03-09T16:13:30.031+0000] {dag.py:3239} INFO - Sync 1 DAGs
[2025-03-09T16:13:30.040+0000] {logging_mixin.py:190} INFO - [2025-03-09T16:13:30.039+0000] {dag.py:4180} INFO - Setting next_dagrun for tutorial_objectstorage to None, run_after=None
[2025-03-09T16:13:30.052+0000] {processor.py:208} INFO - Processing /home/airflow/.local/lib/python3.12/site-packages/airflow/example_dags/tutorial_objectstorage.py took 0.046 seconds
[2025-03-09T16:14:00.897+0000] {processor.py:186} INFO - Started process (PID=18072) to work on /home/airflow/.local/lib/python3.12/site-packages/airflow/example_dags/tutorial_objectstorage.py
[2025-03-09T16:14:00.898+0000] {processor.py:914} INFO - Processing file /home/airflow/.local/lib/python3.12/site-packages/airflow/example_dags/tutorial_objectstorage.py for tasks to queue
[2025-03-09T16:14:00.899+0000] {logging_mixin.py:190} INFO - [2025-03-09T16:14:00.898+0000] {dagbag.py:588} INFO - Filling up the DagBag from /home/airflow/.local/lib/python3.12/site-packages/airflow/example_dags/tutorial_objectstorage.py
[2025-03-09T16:14:00.904+0000] {processor.py:925} INFO - DAG(s) 'tutorial_objectstorage' retrieved from /home/airflow/.local/lib/python3.12/site-packages/airflow/example_dags/tutorial_objectstorage.py
[2025-03-09T16:14:00.916+0000] {logging_mixin.py:190} INFO - [2025-03-09T16:14:00.916+0000] {dag.py:3239} INFO - Sync 1 DAGs
[2025-03-09T16:14:00.926+0000] {logging_mixin.py:190} INFO - [2025-03-09T16:14:00.926+0000] {dag.py:4180} INFO - Setting next_dagrun for tutorial_objectstorage to None, run_after=None
[2025-03-09T16:14:00.942+0000] {processor.py:208} INFO - Processing /home/airflow/.local/lib/python3.12/site-packages/airflow/example_dags/tutorial_objectstorage.py took 0.050 seconds
[2025-03-09T16:14:31.622+0000] {processor.py:186} INFO - Started process (PID=18398) to work on /home/airflow/.local/lib/python3.12/site-packages/airflow/example_dags/tutorial_objectstorage.py
[2025-03-09T16:14:31.622+0000] {processor.py:914} INFO - Processing file /home/airflow/.local/lib/python3.12/site-packages/airflow/example_dags/tutorial_objectstorage.py for tasks to queue
[2025-03-09T16:14:31.624+0000] {logging_mixin.py:190} INFO - [2025-03-09T16:14:31.623+0000] {dagbag.py:588} INFO - Filling up the DagBag from /home/airflow/.local/lib/python3.12/site-packages/airflow/example_dags/tutorial_objectstorage.py
[2025-03-09T16:14:31.630+0000] {processor.py:925} INFO - DAG(s) 'tutorial_objectstorage' retrieved from /home/airflow/.local/lib/python3.12/site-packages/airflow/example_dags/tutorial_objectstorage.py
[2025-03-09T16:14:31.644+0000] {logging_mixin.py:190} INFO - [2025-03-09T16:14:31.644+0000] {dag.py:3239} INFO - Sync 1 DAGs
[2025-03-09T16:14:31.654+0000] {logging_mixin.py:190} INFO - [2025-03-09T16:14:31.654+0000] {dag.py:4180} INFO - Setting next_dagrun for tutorial_objectstorage to None, run_after=None
[2025-03-09T16:14:31.671+0000] {processor.py:208} INFO - Processing /home/airflow/.local/lib/python3.12/site-packages/airflow/example_dags/tutorial_objectstorage.py took 0.053 seconds
[2025-03-09T16:15:02.484+0000] {processor.py:186} INFO - Started process (PID=18724) to work on /home/airflow/.local/lib/python3.12/site-packages/airflow/example_dags/tutorial_objectstorage.py
[2025-03-09T16:15:02.485+0000] {processor.py:914} INFO - Processing file /home/airflow/.local/lib/python3.12/site-packages/airflow/example_dags/tutorial_objectstorage.py for tasks to queue
[2025-03-09T16:15:02.486+0000] {logging_mixin.py:190} INFO - [2025-03-09T16:15:02.485+0000] {dagbag.py:588} INFO - Filling up the DagBag from /home/airflow/.local/lib/python3.12/site-packages/airflow/example_dags/tutorial_objectstorage.py
[2025-03-09T16:15:02.491+0000] {processor.py:925} INFO - DAG(s) 'tutorial_objectstorage' retrieved from /home/airflow/.local/lib/python3.12/site-packages/airflow/example_dags/tutorial_objectstorage.py
[2025-03-09T16:15:02.503+0000] {logging_mixin.py:190} INFO - [2025-03-09T16:15:02.503+0000] {dag.py:3239} INFO - Sync 1 DAGs
[2025-03-09T16:15:02.512+0000] {logging_mixin.py:190} INFO - [2025-03-09T16:15:02.512+0000] {dag.py:4180} INFO - Setting next_dagrun for tutorial_objectstorage to None, run_after=None
[2025-03-09T16:15:02.524+0000] {processor.py:208} INFO - Processing /home/airflow/.local/lib/python3.12/site-packages/airflow/example_dags/tutorial_objectstorage.py took 0.043 seconds
[2025-03-09T16:15:33.276+0000] {processor.py:186} INFO - Started process (PID=19050) to work on /home/airflow/.local/lib/python3.12/site-packages/airflow/example_dags/tutorial_objectstorage.py
[2025-03-09T16:15:33.277+0000] {processor.py:914} INFO - Processing file /home/airflow/.local/lib/python3.12/site-packages/airflow/example_dags/tutorial_objectstorage.py for tasks to queue
[2025-03-09T16:15:33.279+0000] {logging_mixin.py:190} INFO - [2025-03-09T16:15:33.278+0000] {dagbag.py:588} INFO - Filling up the DagBag from /home/airflow/.local/lib/python3.12/site-packages/airflow/example_dags/tutorial_objectstorage.py
[2025-03-09T16:15:33.286+0000] {processor.py:925} INFO - DAG(s) 'tutorial_objectstorage' retrieved from /home/airflow/.local/lib/python3.12/site-packages/airflow/example_dags/tutorial_objectstorage.py
[2025-03-09T16:15:33.303+0000] {logging_mixin.py:190} INFO - [2025-03-09T16:15:33.303+0000] {dag.py:3239} INFO - Sync 1 DAGs
[2025-03-09T16:15:33.313+0000] {logging_mixin.py:190} INFO - [2025-03-09T16:15:33.313+0000] {dag.py:4180} INFO - Setting next_dagrun for tutorial_objectstorage to None, run_after=None
[2025-03-09T16:15:33.330+0000] {processor.py:208} INFO - Processing /home/airflow/.local/lib/python3.12/site-packages/airflow/example_dags/tutorial_objectstorage.py took 0.059 seconds
[2025-03-09T16:16:04.426+0000] {processor.py:186} INFO - Started process (PID=19376) to work on /home/airflow/.local/lib/python3.12/site-packages/airflow/example_dags/tutorial_objectstorage.py
[2025-03-09T16:16:04.427+0000] {processor.py:914} INFO - Processing file /home/airflow/.local/lib/python3.12/site-packages/airflow/example_dags/tutorial_objectstorage.py for tasks to queue
[2025-03-09T16:16:04.428+0000] {logging_mixin.py:190} INFO - [2025-03-09T16:16:04.428+0000] {dagbag.py:588} INFO - Filling up the DagBag from /home/airflow/.local/lib/python3.12/site-packages/airflow/example_dags/tutorial_objectstorage.py
[2025-03-09T16:16:04.434+0000] {processor.py:925} INFO - DAG(s) 'tutorial_objectstorage' retrieved from /home/airflow/.local/lib/python3.12/site-packages/airflow/example_dags/tutorial_objectstorage.py
[2025-03-09T16:16:04.449+0000] {logging_mixin.py:190} INFO - [2025-03-09T16:16:04.449+0000] {dag.py:3239} INFO - Sync 1 DAGs
[2025-03-09T16:16:04.459+0000] {logging_mixin.py:190} INFO - [2025-03-09T16:16:04.459+0000] {dag.py:4180} INFO - Setting next_dagrun for tutorial_objectstorage to None, run_after=None
[2025-03-09T16:16:04.474+0000] {processor.py:208} INFO - Processing /home/airflow/.local/lib/python3.12/site-packages/airflow/example_dags/tutorial_objectstorage.py took 0.052 seconds
[2025-03-09T16:16:35.704+0000] {processor.py:186} INFO - Started process (PID=19702) to work on /home/airflow/.local/lib/python3.12/site-packages/airflow/example_dags/tutorial_objectstorage.py
[2025-03-09T16:16:35.704+0000] {processor.py:914} INFO - Processing file /home/airflow/.local/lib/python3.12/site-packages/airflow/example_dags/tutorial_objectstorage.py for tasks to queue
[2025-03-09T16:16:35.706+0000] {logging_mixin.py:190} INFO - [2025-03-09T16:16:35.705+0000] {dagbag.py:588} INFO - Filling up the DagBag from /home/airflow/.local/lib/python3.12/site-packages/airflow/example_dags/tutorial_objectstorage.py
[2025-03-09T16:16:35.711+0000] {processor.py:925} INFO - DAG(s) 'tutorial_objectstorage' retrieved from /home/airflow/.local/lib/python3.12/site-packages/airflow/example_dags/tutorial_objectstorage.py
[2025-03-09T16:16:35.727+0000] {logging_mixin.py:190} INFO - [2025-03-09T16:16:35.727+0000] {dag.py:3239} INFO - Sync 1 DAGs
[2025-03-09T16:16:35.736+0000] {logging_mixin.py:190} INFO - [2025-03-09T16:16:35.735+0000] {dag.py:4180} INFO - Setting next_dagrun for tutorial_objectstorage to None, run_after=None
[2025-03-09T16:16:35.748+0000] {processor.py:208} INFO - Processing /home/airflow/.local/lib/python3.12/site-packages/airflow/example_dags/tutorial_objectstorage.py took 0.048 seconds
[2025-03-09T16:17:06.920+0000] {processor.py:186} INFO - Started process (PID=20028) to work on /home/airflow/.local/lib/python3.12/site-packages/airflow/example_dags/tutorial_objectstorage.py
[2025-03-09T16:17:06.920+0000] {processor.py:914} INFO - Processing file /home/airflow/.local/lib/python3.12/site-packages/airflow/example_dags/tutorial_objectstorage.py for tasks to queue
[2025-03-09T16:17:06.922+0000] {logging_mixin.py:190} INFO - [2025-03-09T16:17:06.921+0000] {dagbag.py:588} INFO - Filling up the DagBag from /home/airflow/.local/lib/python3.12/site-packages/airflow/example_dags/tutorial_objectstorage.py
[2025-03-09T16:17:06.927+0000] {processor.py:925} INFO - DAG(s) 'tutorial_objectstorage' retrieved from /home/airflow/.local/lib/python3.12/site-packages/airflow/example_dags/tutorial_objectstorage.py
[2025-03-09T16:17:06.943+0000] {logging_mixin.py:190} INFO - [2025-03-09T16:17:06.942+0000] {dag.py:3239} INFO - Sync 1 DAGs
[2025-03-09T16:17:06.951+0000] {logging_mixin.py:190} INFO - [2025-03-09T16:17:06.951+0000] {dag.py:4180} INFO - Setting next_dagrun for tutorial_objectstorage to None, run_after=None
[2025-03-09T16:17:06.962+0000] {processor.py:208} INFO - Processing /home/airflow/.local/lib/python3.12/site-packages/airflow/example_dags/tutorial_objectstorage.py took 0.046 seconds
[2025-03-09T16:17:37.964+0000] {processor.py:186} INFO - Started process (PID=20354) to work on /home/airflow/.local/lib/python3.12/site-packages/airflow/example_dags/tutorial_objectstorage.py
[2025-03-09T16:17:37.964+0000] {processor.py:914} INFO - Processing file /home/airflow/.local/lib/python3.12/site-packages/airflow/example_dags/tutorial_objectstorage.py for tasks to queue
[2025-03-09T16:17:37.965+0000] {logging_mixin.py:190} INFO - [2025-03-09T16:17:37.965+0000] {dagbag.py:588} INFO - Filling up the DagBag from /home/airflow/.local/lib/python3.12/site-packages/airflow/example_dags/tutorial_objectstorage.py
[2025-03-09T16:17:37.971+0000] {processor.py:925} INFO - DAG(s) 'tutorial_objectstorage' retrieved from /home/airflow/.local/lib/python3.12/site-packages/airflow/example_dags/tutorial_objectstorage.py
[2025-03-09T16:17:37.985+0000] {logging_mixin.py:190} INFO - [2025-03-09T16:17:37.984+0000] {dag.py:3239} INFO - Sync 1 DAGs
[2025-03-09T16:17:37.994+0000] {logging_mixin.py:190} INFO - [2025-03-09T16:17:37.994+0000] {dag.py:4180} INFO - Setting next_dagrun for tutorial_objectstorage to None, run_after=None
[2025-03-09T16:17:38.006+0000] {processor.py:208} INFO - Processing /home/airflow/.local/lib/python3.12/site-packages/airflow/example_dags/tutorial_objectstorage.py took 0.047 seconds
[2025-03-09T16:18:09.125+0000] {processor.py:186} INFO - Started process (PID=20680) to work on /home/airflow/.local/lib/python3.12/site-packages/airflow/example_dags/tutorial_objectstorage.py
[2025-03-09T16:18:09.126+0000] {processor.py:914} INFO - Processing file /home/airflow/.local/lib/python3.12/site-packages/airflow/example_dags/tutorial_objectstorage.py for tasks to queue
[2025-03-09T16:18:09.127+0000] {logging_mixin.py:190} INFO - [2025-03-09T16:18:09.127+0000] {dagbag.py:588} INFO - Filling up the DagBag from /home/airflow/.local/lib/python3.12/site-packages/airflow/example_dags/tutorial_objectstorage.py
[2025-03-09T16:18:09.132+0000] {processor.py:925} INFO - DAG(s) 'tutorial_objectstorage' retrieved from /home/airflow/.local/lib/python3.12/site-packages/airflow/example_dags/tutorial_objectstorage.py
[2025-03-09T16:18:09.148+0000] {logging_mixin.py:190} INFO - [2025-03-09T16:18:09.148+0000] {dag.py:3239} INFO - Sync 1 DAGs
[2025-03-09T16:18:09.157+0000] {logging_mixin.py:190} INFO - [2025-03-09T16:18:09.157+0000] {dag.py:4180} INFO - Setting next_dagrun for tutorial_objectstorage to None, run_after=None
[2025-03-09T16:18:09.169+0000] {processor.py:208} INFO - Processing /home/airflow/.local/lib/python3.12/site-packages/airflow/example_dags/tutorial_objectstorage.py took 0.047 seconds
[2025-03-09T16:18:39.504+0000] {processor.py:186} INFO - Started process (PID=21006) to work on /home/airflow/.local/lib/python3.12/site-packages/airflow/example_dags/tutorial_objectstorage.py
[2025-03-09T16:18:39.505+0000] {processor.py:914} INFO - Processing file /home/airflow/.local/lib/python3.12/site-packages/airflow/example_dags/tutorial_objectstorage.py for tasks to queue
[2025-03-09T16:18:39.506+0000] {logging_mixin.py:190} INFO - [2025-03-09T16:18:39.506+0000] {dagbag.py:588} INFO - Filling up the DagBag from /home/airflow/.local/lib/python3.12/site-packages/airflow/example_dags/tutorial_objectstorage.py
[2025-03-09T16:18:39.512+0000] {processor.py:925} INFO - DAG(s) 'tutorial_objectstorage' retrieved from /home/airflow/.local/lib/python3.12/site-packages/airflow/example_dags/tutorial_objectstorage.py
[2025-03-09T16:18:39.525+0000] {logging_mixin.py:190} INFO - [2025-03-09T16:18:39.525+0000] {dag.py:3239} INFO - Sync 1 DAGs
[2025-03-09T16:18:39.533+0000] {logging_mixin.py:190} INFO - [2025-03-09T16:18:39.533+0000] {dag.py:4180} INFO - Setting next_dagrun for tutorial_objectstorage to None, run_after=None
[2025-03-09T16:18:39.545+0000] {processor.py:208} INFO - Processing /home/airflow/.local/lib/python3.12/site-packages/airflow/example_dags/tutorial_objectstorage.py took 0.045 seconds
[2025-03-09T16:19:10.677+0000] {processor.py:186} INFO - Started process (PID=21332) to work on /home/airflow/.local/lib/python3.12/site-packages/airflow/example_dags/tutorial_objectstorage.py
[2025-03-09T16:19:10.677+0000] {processor.py:914} INFO - Processing file /home/airflow/.local/lib/python3.12/site-packages/airflow/example_dags/tutorial_objectstorage.py for tasks to queue
[2025-03-09T16:19:10.679+0000] {logging_mixin.py:190} INFO - [2025-03-09T16:19:10.678+0000] {dagbag.py:588} INFO - Filling up the DagBag from /home/airflow/.local/lib/python3.12/site-packages/airflow/example_dags/tutorial_objectstorage.py
[2025-03-09T16:19:10.684+0000] {processor.py:925} INFO - DAG(s) 'tutorial_objectstorage' retrieved from /home/airflow/.local/lib/python3.12/site-packages/airflow/example_dags/tutorial_objectstorage.py
[2025-03-09T16:19:10.700+0000] {logging_mixin.py:190} INFO - [2025-03-09T16:19:10.700+0000] {dag.py:3239} INFO - Sync 1 DAGs
[2025-03-09T16:19:10.711+0000] {logging_mixin.py:190} INFO - [2025-03-09T16:19:10.710+0000] {dag.py:4180} INFO - Setting next_dagrun for tutorial_objectstorage to None, run_after=None
[2025-03-09T16:19:10.722+0000] {processor.py:208} INFO - Processing /home/airflow/.local/lib/python3.12/site-packages/airflow/example_dags/tutorial_objectstorage.py took 0.051 seconds
[2025-03-09T16:19:41.151+0000] {processor.py:186} INFO - Started process (PID=21658) to work on /home/airflow/.local/lib/python3.12/site-packages/airflow/example_dags/tutorial_objectstorage.py
[2025-03-09T16:19:41.153+0000] {processor.py:914} INFO - Processing file /home/airflow/.local/lib/python3.12/site-packages/airflow/example_dags/tutorial_objectstorage.py for tasks to queue
[2025-03-09T16:19:41.156+0000] {logging_mixin.py:190} INFO - [2025-03-09T16:19:41.155+0000] {dagbag.py:588} INFO - Filling up the DagBag from /home/airflow/.local/lib/python3.12/site-packages/airflow/example_dags/tutorial_objectstorage.py
[2025-03-09T16:19:41.165+0000] {processor.py:925} INFO - DAG(s) 'tutorial_objectstorage' retrieved from /home/airflow/.local/lib/python3.12/site-packages/airflow/example_dags/tutorial_objectstorage.py
[2025-03-09T16:19:41.184+0000] {logging_mixin.py:190} INFO - [2025-03-09T16:19:41.184+0000] {dag.py:3239} INFO - Sync 1 DAGs
[2025-03-09T16:19:41.198+0000] {logging_mixin.py:190} INFO - [2025-03-09T16:19:41.198+0000] {dag.py:4180} INFO - Setting next_dagrun for tutorial_objectstorage to None, run_after=None
[2025-03-09T16:19:41.213+0000] {processor.py:208} INFO - Processing /home/airflow/.local/lib/python3.12/site-packages/airflow/example_dags/tutorial_objectstorage.py took 0.066 seconds
