[2025-02-26T14:20:52.386+0000] {local_task_job_runner.py:123} INFO - ::group::Pre task execution logs
[2025-02-26T14:20:52.423+0000] {taskinstance.py:2614} INFO - Dependencies all met for dep_context=non-requeueable deps ti=<TaskInstance: our_first_dag.second_task scheduled__2021-11-20T00:00:00+00:00 [queued]>
[2025-02-26T14:20:52.444+0000] {taskinstance.py:2614} INFO - Dependencies all met for dep_context=requeueable deps ti=<TaskInstance: our_first_dag.second_task scheduled__2021-11-20T00:00:00+00:00 [queued]>
[2025-02-26T14:20:52.444+0000] {taskinstance.py:2867} INFO - Starting attempt 1 of 6
[2025-02-26T14:20:52.470+0000] {taskinstance.py:2890} INFO - Executing <Task(BashOperator): second_task> on 2021-11-20 00:00:00+00:00
[2025-02-26T14:20:52.488+0000] {logging_mixin.py:190} WARNING - /home/***/.local/lib/python3.12/site-packages/***/task/task_runner/standard_task_runner.py:70 DeprecationWarning: This process (pid=5123) is multi-threaded, use of fork() may lead to deadlocks in the child.
[2025-02-26T14:20:52.489+0000] {standard_task_runner.py:104} INFO - Running: ['***', 'tasks', 'run', 'our_first_dag', 'second_task', 'scheduled__2021-11-20T00:00:00+00:00', '--job-id', '355', '--raw', '--subdir', 'DAGS_FOLDER/first_dag.py', '--cfg-path', '/tmp/tmpf31sfo1y']
[2025-02-26T14:20:52.490+0000] {standard_task_runner.py:72} INFO - Started process 5150 to run task
[2025-02-26T14:20:52.490+0000] {standard_task_runner.py:105} INFO - Job 355: Subtask second_task
[2025-02-26T14:20:52.556+0000] {task_command.py:467} INFO - Running <TaskInstance: our_first_dag.second_task scheduled__2021-11-20T00:00:00+00:00 [running]> on host 25887b48f6fb
[2025-02-26T14:20:52.696+0000] {taskinstance.py:3134} INFO - Exporting env vars: AIRFLOW_CTX_DAG_OWNER='***' AIRFLOW_CTX_DAG_ID='our_first_dag' AIRFLOW_CTX_TASK_ID='second_task' AIRFLOW_CTX_EXECUTION_DATE='2021-11-20T00:00:00+00:00' AIRFLOW_CTX_TRY_NUMBER='1' AIRFLOW_CTX_DAG_RUN_ID='scheduled__2021-11-20T00:00:00+00:00'
[2025-02-26T14:20:52.698+0000] {logging_mixin.py:190} INFO - Task instance is in running state
[2025-02-26T14:20:52.698+0000] {logging_mixin.py:190} INFO -  Previous state of the Task instance: queued
[2025-02-26T14:20:52.699+0000] {logging_mixin.py:190} INFO - Current task name:second_task state:running start_date:2025-02-26 14:20:52.424002+00:00
[2025-02-26T14:20:52.699+0000] {logging_mixin.py:190} INFO - Dag name:our_first_dag and current dag run status:running
[2025-02-26T14:20:52.700+0000] {taskinstance.py:732} INFO - ::endgroup::
[2025-02-26T14:20:52.701+0000] {subprocess.py:78} INFO - Tmp dir root location: /tmp
[2025-02-26T14:20:52.703+0000] {subprocess.py:88} INFO - Running command: ['/usr/bin/bash', '-c', 'echo hey, I am task2 and will be running after task1!']
[2025-02-26T14:20:52.726+0000] {subprocess.py:99} INFO - Output:
[2025-02-26T14:20:52.730+0000] {subprocess.py:106} INFO - hey, I am task2 and will be running after task1!
[2025-02-26T14:20:52.730+0000] {subprocess.py:110} INFO - Command exited with return code 0
[2025-02-26T14:20:52.766+0000] {taskinstance.py:341} INFO - ::group::Post task execution logs
[2025-02-26T14:20:52.766+0000] {taskinstance.py:353} INFO - Marking task as SUCCESS. dag_id=our_first_dag, task_id=second_task, run_id=scheduled__2021-11-20T00:00:00+00:00, execution_date=20211120T000000, start_date=20250226T142052, end_date=20250226T142052
[2025-02-26T14:20:52.800+0000] {logging_mixin.py:190} INFO - Task instance in success state
[2025-02-26T14:20:52.801+0000] {logging_mixin.py:190} INFO -  Previous state of the Task instance: running
[2025-02-26T14:20:52.801+0000] {logging_mixin.py:190} INFO - Dag name:our_first_dag queued_at:2025-02-26 14:20:48.581584+00:00
[2025-02-26T14:20:52.802+0000] {logging_mixin.py:190} INFO - Task hostname:25887b48f6fb operator:BashOperator
[2025-02-26T14:20:52.826+0000] {local_task_job_runner.py:266} INFO - Task exited with return code 0
[2025-02-26T14:20:52.849+0000] {taskinstance.py:3901} INFO - 0 downstream tasks scheduled from follow-on schedule check
[2025-02-26T14:20:52.852+0000] {local_task_job_runner.py:245} INFO - ::endgroup::
