[2025-03-05T05:18:30.382+0000] {local_task_job_runner.py:123} INFO - ::group::Pre task execution logs
[2025-03-05T05:18:30.423+0000] {taskinstance.py:2614} INFO - Dependencies all met for dep_context=non-requeueable deps ti=<TaskInstance: xcom_dag_v01.get_name scheduled__2025-03-04T00:00:00+00:00 [queued]>
[2025-03-05T05:18:30.432+0000] {taskinstance.py:2614} INFO - Dependencies all met for dep_context=requeueable deps ti=<TaskInstance: xcom_dag_v01.get_name scheduled__2025-03-04T00:00:00+00:00 [queued]>
[2025-03-05T05:18:30.432+0000] {taskinstance.py:2867} INFO - Starting attempt 1 of 6
[2025-03-05T05:18:30.452+0000] {taskinstance.py:2890} INFO - Executing <Task(PythonOperator): get_name> on 2025-03-04 00:00:00+00:00
[2025-03-05T05:18:30.464+0000] {standard_task_runner.py:104} INFO - Running: ['***', 'tasks', 'run', 'xcom_dag_v01', 'get_name', 'scheduled__2025-03-04T00:00:00+00:00', '--job-id', '258', '--raw', '--subdir', 'DAGS_FOLDER/dag_xcom.py', '--cfg-path', '/tmp/tmpbdef7hnb']
[2025-03-05T05:18:30.467+0000] {standard_task_runner.py:105} INFO - Job 258: Subtask get_name
[2025-03-05T05:18:30.468+0000] {logging_mixin.py:190} WARNING - /home/***/.local/lib/python3.12/site-packages/***/task/task_runner/standard_task_runner.py:70 DeprecationWarning: This process (pid=5027) is multi-threaded, use of fork() may lead to deadlocks in the child.
[2025-03-05T05:18:30.469+0000] {standard_task_runner.py:72} INFO - Started process 5046 to run task
[2025-03-05T05:18:30.519+0000] {task_command.py:467} INFO - Running <TaskInstance: xcom_dag_v01.get_name scheduled__2025-03-04T00:00:00+00:00 [running]> on host d33615cae033
[2025-03-05T05:18:30.616+0000] {taskinstance.py:3134} INFO - Exporting env vars: AIRFLOW_CTX_DAG_OWNER='naveen' AIRFLOW_CTX_DAG_ID='xcom_dag_v01' AIRFLOW_CTX_TASK_ID='get_name' AIRFLOW_CTX_EXECUTION_DATE='2025-03-04T00:00:00+00:00' AIRFLOW_CTX_TRY_NUMBER='1' AIRFLOW_CTX_DAG_RUN_ID='scheduled__2025-03-04T00:00:00+00:00'
[2025-03-05T05:18:30.617+0000] {taskinstance.py:732} INFO - ::endgroup::
[2025-03-05T05:18:30.658+0000] {python.py:240} INFO - Done. Returned value was: None
[2025-03-05T05:18:30.667+0000] {taskinstance.py:341} INFO - ::group::Post task execution logs
[2025-03-05T05:18:30.668+0000] {taskinstance.py:353} INFO - Marking task as SUCCESS. dag_id=xcom_dag_v01, task_id=get_name, run_id=scheduled__2025-03-04T00:00:00+00:00, execution_date=20250304T000000, start_date=20250305T051830, end_date=20250305T051830
[2025-03-05T05:18:30.725+0000] {local_task_job_runner.py:266} INFO - Task exited with return code 0
[2025-03-05T05:18:30.736+0000] {local_task_job_runner.py:245} INFO - ::endgroup::
[2025-03-12T10:23:12.707+0000] {taskinstance.py:1159} INFO - Dependencies all met for dep_context=non-requeueable deps ti=<TaskInstance: xcom_dag_v01.get_name scheduled__2025-03-04T00:00:00+00:00 [queued]>
[2025-03-12T10:23:12.730+0000] {taskinstance.py:1159} INFO - Dependencies all met for dep_context=requeueable deps ti=<TaskInstance: xcom_dag_v01.get_name scheduled__2025-03-04T00:00:00+00:00 [queued]>
[2025-03-12T10:23:12.731+0000] {taskinstance.py:1361} INFO - Starting attempt 1 of 6
[2025-03-12T10:23:12.874+0000] {taskinstance.py:1382} INFO - Executing <Task(PythonOperator): get_name> on 2025-03-04 00:00:00+00:00
[2025-03-12T10:23:12.883+0000] {standard_task_runner.py:57} INFO - Started process 930 to run task
[2025-03-12T10:23:12.888+0000] {standard_task_runner.py:84} INFO - Running: ['***', 'tasks', 'run', 'xcom_dag_v01', 'get_name', 'scheduled__2025-03-04T00:00:00+00:00', '--job-id', '631', '--raw', '--subdir', 'DAGS_FOLDER/dag_xcom.py', '--cfg-path', '/tmp/tmpqr61lno8']
[2025-03-12T10:23:12.891+0000] {standard_task_runner.py:85} INFO - Job 631: Subtask get_name
[2025-03-12T10:23:12.985+0000] {task_command.py:416} INFO - Running <TaskInstance: xcom_dag_v01.get_name scheduled__2025-03-04T00:00:00+00:00 [running]> on host 2e40015af180
[2025-03-12T10:23:13.119+0000] {taskinstance.py:1662} INFO - Exporting env vars: AIRFLOW_CTX_DAG_OWNER='naveen' AIRFLOW_CTX_DAG_ID='xcom_dag_v01' AIRFLOW_CTX_TASK_ID='get_name' AIRFLOW_CTX_EXECUTION_DATE='2025-03-04T00:00:00+00:00' AIRFLOW_CTX_TRY_NUMBER='1' AIRFLOW_CTX_DAG_RUN_ID='scheduled__2025-03-04T00:00:00+00:00'
[2025-03-12T10:23:13.167+0000] {python.py:194} INFO - Done. Returned value was: None
[2025-03-12T10:23:13.186+0000] {taskinstance.py:1400} INFO - Marking task as SUCCESS. dag_id=xcom_dag_v01, task_id=get_name, execution_date=20250304T000000, start_date=20250312T102312, end_date=20250312T102313
[2025-03-12T10:23:13.300+0000] {local_task_job_runner.py:228} INFO - Task exited with return code 0
[2025-03-12T10:23:13.345+0000] {taskinstance.py:2778} INFO - 0 downstream tasks scheduled from follow-on schedule check
