[2025-03-03T02:31:34.598+0000] {local_task_job_runner.py:123} INFO - ::group::Pre task execution logs
[2025-03-03T02:31:34.626+0000] {taskinstance.py:2614} INFO - Dependencies all met for dep_context=non-requeueable deps ti=<TaskInstance: our_first_dag_v1.second_task scheduled__2025-03-02T00:00:00+00:00 [queued]>
[2025-03-03T02:31:34.636+0000] {taskinstance.py:2614} INFO - Dependencies all met for dep_context=requeueable deps ti=<TaskInstance: our_first_dag_v1.second_task scheduled__2025-03-02T00:00:00+00:00 [queued]>
[2025-03-03T02:31:34.636+0000] {taskinstance.py:2867} INFO - Starting attempt 1 of 6
[2025-03-03T02:31:34.654+0000] {taskinstance.py:2890} INFO - Executing <Task(BashOperator): second_task> on 2025-03-02 00:00:00+00:00
[2025-03-03T02:31:34.663+0000] {standard_task_runner.py:104} INFO - Running: ['***', 'tasks', 'run', 'our_first_dag_v1', 'second_task', 'scheduled__2025-03-02T00:00:00+00:00', '--job-id', '601', '--raw', '--subdir', 'DAGS_FOLDER/first_dag.py', '--cfg-path', '/tmp/tmpzhi69_vu']
[2025-03-03T02:31:34.664+0000] {standard_task_runner.py:105} INFO - Job 601: Subtask second_task
[2025-03-03T02:31:34.665+0000] {logging_mixin.py:190} WARNING - /home/***/.local/lib/python3.12/site-packages/***/task/task_runner/standard_task_runner.py:70 DeprecationWarning: This process (pid=665288) is multi-threaded, use of fork() may lead to deadlocks in the child.
[2025-03-03T02:31:34.665+0000] {standard_task_runner.py:72} INFO - Started process 665353 to run task
[2025-03-03T02:31:34.716+0000] {task_command.py:467} INFO - Running <TaskInstance: our_first_dag_v1.second_task scheduled__2025-03-02T00:00:00+00:00 [running]> on host 25887b48f6fb
[2025-03-03T02:31:34.811+0000] {taskinstance.py:3134} INFO - Exporting env vars: AIRFLOW_CTX_DAG_OWNER='***' AIRFLOW_CTX_DAG_ID='our_first_dag_v1' AIRFLOW_CTX_TASK_ID='second_task' AIRFLOW_CTX_EXECUTION_DATE='2025-03-02T00:00:00+00:00' AIRFLOW_CTX_TRY_NUMBER='1' AIRFLOW_CTX_DAG_RUN_ID='scheduled__2025-03-02T00:00:00+00:00'
[2025-03-03T02:31:34.813+0000] {logging_mixin.py:190} INFO - Task instance is in running state
[2025-03-03T02:31:34.813+0000] {logging_mixin.py:190} INFO -  Previous state of the Task instance: queued
[2025-03-03T02:31:34.813+0000] {logging_mixin.py:190} INFO - Current task name:second_task state:running start_date:2025-03-03 02:31:34.626615+00:00
[2025-03-03T02:31:34.814+0000] {logging_mixin.py:190} INFO - Dag name:our_first_dag_v1 and current dag run status:running
[2025-03-03T02:31:34.814+0000] {taskinstance.py:732} INFO - ::endgroup::
[2025-03-03T02:31:34.814+0000] {subprocess.py:78} INFO - Tmp dir root location: /tmp
[2025-03-03T02:31:34.815+0000] {subprocess.py:88} INFO - Running command: ['/usr/bin/bash', '-c', 'echo hey, I am task2 and will be running after task1!']
[2025-03-03T02:31:34.828+0000] {subprocess.py:99} INFO - Output:
[2025-03-03T02:31:34.830+0000] {subprocess.py:106} INFO - hey, I am task2 and will be running after task1!
[2025-03-03T02:31:34.831+0000] {subprocess.py:110} INFO - Command exited with return code 0
[2025-03-03T02:31:34.867+0000] {taskinstance.py:341} INFO - ::group::Post task execution logs
[2025-03-03T02:31:34.868+0000] {taskinstance.py:353} INFO - Marking task as SUCCESS. dag_id=our_first_dag_v1, task_id=second_task, run_id=scheduled__2025-03-02T00:00:00+00:00, execution_date=20250302T000000, start_date=20250303T023134, end_date=20250303T023134
[2025-03-03T02:31:34.923+0000] {logging_mixin.py:190} INFO - Task instance in success state
[2025-03-03T02:31:34.923+0000] {logging_mixin.py:190} INFO -  Previous state of the Task instance: running
[2025-03-03T02:31:34.924+0000] {logging_mixin.py:190} INFO - Dag name:our_first_dag_v1 queued_at:2025-03-03 02:31:31.568374+00:00
[2025-03-03T02:31:34.924+0000] {logging_mixin.py:190} INFO - Task hostname:25887b48f6fb operator:BashOperator
[2025-03-03T02:31:34.959+0000] {local_task_job_runner.py:266} INFO - Task exited with return code 0
[2025-03-03T02:31:34.967+0000] {local_task_job_runner.py:245} INFO - ::endgroup::
[2025-03-04T05:11:19.634+0000] {local_task_job_runner.py:123} INFO - ::group::Pre task execution logs
[2025-03-04T05:11:19.652+0000] {taskinstance.py:2614} INFO - Dependencies all met for dep_context=non-requeueable deps ti=<TaskInstance: our_first_dag_v1.second_task scheduled__2025-03-02T00:00:00+00:00 [queued]>
[2025-03-04T05:11:19.664+0000] {taskinstance.py:2614} INFO - Dependencies all met for dep_context=requeueable deps ti=<TaskInstance: our_first_dag_v1.second_task scheduled__2025-03-02T00:00:00+00:00 [queued]>
[2025-03-04T05:11:19.664+0000] {taskinstance.py:2867} INFO - Starting attempt 1 of 6
[2025-03-04T05:11:19.679+0000] {taskinstance.py:2890} INFO - Executing <Task(BashOperator): second_task> on 2025-03-02 00:00:00+00:00
[2025-03-04T05:11:19.690+0000] {standard_task_runner.py:104} INFO - Running: ['***', 'tasks', 'run', 'our_first_dag_v1', 'second_task', 'scheduled__2025-03-02T00:00:00+00:00', '--job-id', '22', '--raw', '--subdir', 'DAGS_FOLDER/first_dag.py', '--cfg-path', '/tmp/tmpedplu_49']
[2025-03-04T05:11:19.692+0000] {standard_task_runner.py:105} INFO - Job 22: Subtask second_task
[2025-03-04T05:11:19.693+0000] {logging_mixin.py:190} WARNING - /home/***/.local/lib/python3.12/site-packages/***/task/task_runner/standard_task_runner.py:70 DeprecationWarning: This process (pid=269) is multi-threaded, use of fork() may lead to deadlocks in the child.
[2025-03-04T05:11:19.694+0000] {standard_task_runner.py:72} INFO - Started process 283 to run task
[2025-03-04T05:11:19.728+0000] {task_command.py:467} INFO - Running <TaskInstance: our_first_dag_v1.second_task scheduled__2025-03-02T00:00:00+00:00 [running]> on host e52f68431fc8
[2025-03-04T05:11:19.802+0000] {taskinstance.py:3134} INFO - Exporting env vars: AIRFLOW_CTX_DAG_OWNER='***' AIRFLOW_CTX_DAG_ID='our_first_dag_v1' AIRFLOW_CTX_TASK_ID='second_task' AIRFLOW_CTX_EXECUTION_DATE='2025-03-02T00:00:00+00:00' AIRFLOW_CTX_TRY_NUMBER='1' AIRFLOW_CTX_DAG_RUN_ID='scheduled__2025-03-02T00:00:00+00:00'
[2025-03-04T05:11:19.803+0000] {taskinstance.py:732} INFO - ::endgroup::
[2025-03-04T05:11:19.816+0000] {subprocess.py:78} INFO - Tmp dir root location: /tmp
[2025-03-04T05:11:19.817+0000] {subprocess.py:88} INFO - Running command: ['/usr/bin/bash', '-c', 'echo hey, I am task2 and will be running after task1!']
[2025-03-04T05:11:19.826+0000] {subprocess.py:99} INFO - Output:
[2025-03-04T05:11:19.829+0000] {subprocess.py:106} INFO - hey, I am task2 and will be running after task1!
[2025-03-04T05:11:19.829+0000] {subprocess.py:110} INFO - Command exited with return code 0
[2025-03-04T05:11:19.854+0000] {taskinstance.py:341} INFO - ::group::Post task execution logs
[2025-03-04T05:11:19.854+0000] {taskinstance.py:353} INFO - Marking task as SUCCESS. dag_id=our_first_dag_v1, task_id=second_task, run_id=scheduled__2025-03-02T00:00:00+00:00, execution_date=20250302T000000, start_date=20250304T051119, end_date=20250304T051119
[2025-03-04T05:11:19.907+0000] {local_task_job_runner.py:266} INFO - Task exited with return code 0
[2025-03-04T05:11:19.923+0000] {taskinstance.py:3901} INFO - 0 downstream tasks scheduled from follow-on schedule check
[2025-03-04T05:11:19.926+0000] {local_task_job_runner.py:245} INFO - ::endgroup::
[2025-03-07T10:44:08.505+0000] {taskinstance.py:1159} INFO - Dependencies all met for dep_context=non-requeueable deps ti=<TaskInstance: our_first_dag_v1.second_task scheduled__2025-03-02T00:00:00+00:00 [queued]>
[2025-03-07T10:44:08.521+0000] {taskinstance.py:1159} INFO - Dependencies all met for dep_context=requeueable deps ti=<TaskInstance: our_first_dag_v1.second_task scheduled__2025-03-02T00:00:00+00:00 [queued]>
[2025-03-07T10:44:08.522+0000] {taskinstance.py:1361} INFO - Starting attempt 1 of 6
[2025-03-07T10:44:08.541+0000] {taskinstance.py:1382} INFO - Executing <Task(BashOperator): second_task> on 2025-03-02 00:00:00+00:00
[2025-03-07T10:44:08.548+0000] {standard_task_runner.py:57} INFO - Started process 378 to run task
[2025-03-07T10:44:08.552+0000] {standard_task_runner.py:84} INFO - Running: ['***', 'tasks', 'run', 'our_first_dag_v1', 'second_task', 'scheduled__2025-03-02T00:00:00+00:00', '--job-id', '29', '--raw', '--subdir', 'DAGS_FOLDER/first_dag.py', '--cfg-path', '/tmp/tmpvq_66n71']
[2025-03-07T10:44:08.554+0000] {standard_task_runner.py:85} INFO - Job 29: Subtask second_task
[2025-03-07T10:44:08.603+0000] {task_command.py:416} INFO - Running <TaskInstance: our_first_dag_v1.second_task scheduled__2025-03-02T00:00:00+00:00 [running]> on host 93934f8e361f
[2025-03-07T10:44:08.678+0000] {taskinstance.py:1662} INFO - Exporting env vars: AIRFLOW_CTX_DAG_OWNER='***' AIRFLOW_CTX_DAG_ID='our_first_dag_v1' AIRFLOW_CTX_TASK_ID='second_task' AIRFLOW_CTX_EXECUTION_DATE='2025-03-02T00:00:00+00:00' AIRFLOW_CTX_TRY_NUMBER='1' AIRFLOW_CTX_DAG_RUN_ID='scheduled__2025-03-02T00:00:00+00:00'
[2025-03-07T10:44:08.679+0000] {subprocess.py:63} INFO - Tmp dir root location: /tmp
[2025-03-07T10:44:08.679+0000] {subprocess.py:75} INFO - Running command: ['/bin/bash', '-c', 'echo hey, I am task2 and will be running after task1!']
[2025-03-07T10:44:08.691+0000] {subprocess.py:86} INFO - Output:
[2025-03-07T10:44:08.692+0000] {subprocess.py:93} INFO - hey, I am task2 and will be running after task1!
[2025-03-07T10:44:08.692+0000] {subprocess.py:97} INFO - Command exited with return code 0
[2025-03-07T10:44:08.719+0000] {taskinstance.py:1400} INFO - Marking task as SUCCESS. dag_id=our_first_dag_v1, task_id=second_task, execution_date=20250302T000000, start_date=20250307T104408, end_date=20250307T104408
[2025-03-07T10:44:08.804+0000] {local_task_job_runner.py:228} INFO - Task exited with return code 0
[2025-03-07T10:44:08.817+0000] {taskinstance.py:2778} INFO - 0 downstream tasks scheduled from follow-on schedule check
