[2025-03-03T02:31:34.621+0000] {local_task_job_runner.py:123} INFO - ::group::Pre task execution logs
[2025-03-03T02:31:34.639+0000] {taskinstance.py:2614} INFO - Dependencies all met for dep_context=non-requeueable deps ti=<TaskInstance: our_first_dag_v1.thrid_task scheduled__2025-03-01T00:00:00+00:00 [queued]>
[2025-03-03T02:31:34.647+0000] {taskinstance.py:2614} INFO - Dependencies all met for dep_context=requeueable deps ti=<TaskInstance: our_first_dag_v1.thrid_task scheduled__2025-03-01T00:00:00+00:00 [queued]>
[2025-03-03T02:31:34.647+0000] {taskinstance.py:2867} INFO - Starting attempt 1 of 6
[2025-03-03T02:31:34.673+0000] {taskinstance.py:2890} INFO - Executing <Task(BashOperator): thrid_task> on 2025-03-01 00:00:00+00:00
[2025-03-03T02:31:34.683+0000] {standard_task_runner.py:104} INFO - Running: ['***', 'tasks', 'run', 'our_first_dag_v1', 'thrid_task', 'scheduled__2025-03-01T00:00:00+00:00', '--job-id', '603', '--raw', '--subdir', 'DAGS_FOLDER/first_dag.py', '--cfg-path', '/tmp/tmpg9zq9trc']
[2025-03-03T02:31:34.684+0000] {standard_task_runner.py:105} INFO - Job 603: Subtask thrid_task
[2025-03-03T02:31:34.686+0000] {logging_mixin.py:190} WARNING - /home/***/.local/lib/python3.12/site-packages/***/task/task_runner/standard_task_runner.py:70 DeprecationWarning: This process (pid=665287) is multi-threaded, use of fork() may lead to deadlocks in the child.
[2025-03-03T02:31:34.687+0000] {standard_task_runner.py:72} INFO - Started process 665357 to run task
[2025-03-03T02:31:34.740+0000] {task_command.py:467} INFO - Running <TaskInstance: our_first_dag_v1.thrid_task scheduled__2025-03-01T00:00:00+00:00 [running]> on host 25887b48f6fb
[2025-03-03T02:31:34.839+0000] {taskinstance.py:3134} INFO - Exporting env vars: AIRFLOW_CTX_DAG_OWNER='***' AIRFLOW_CTX_DAG_ID='our_first_dag_v1' AIRFLOW_CTX_TASK_ID='thrid_task' AIRFLOW_CTX_EXECUTION_DATE='2025-03-01T00:00:00+00:00' AIRFLOW_CTX_TRY_NUMBER='1' AIRFLOW_CTX_DAG_RUN_ID='scheduled__2025-03-01T00:00:00+00:00'
[2025-03-03T02:31:34.840+0000] {logging_mixin.py:190} INFO - Task instance is in running state
[2025-03-03T02:31:34.841+0000] {logging_mixin.py:190} INFO -  Previous state of the Task instance: queued
[2025-03-03T02:31:34.841+0000] {logging_mixin.py:190} INFO - Current task name:thrid_task state:running start_date:2025-03-03 02:31:34.639488+00:00
[2025-03-03T02:31:34.841+0000] {logging_mixin.py:190} INFO - Dag name:our_first_dag_v1 and current dag run status:running
[2025-03-03T02:31:34.841+0000] {taskinstance.py:732} INFO - ::endgroup::
[2025-03-03T02:31:34.842+0000] {subprocess.py:78} INFO - Tmp dir root location: /tmp
[2025-03-03T02:31:34.842+0000] {subprocess.py:88} INFO - Running command: ['/usr/bin/bash', '-c', 'echo hey, I am task3 and will be running after task1 at the same time as task2!']
[2025-03-03T02:31:34.854+0000] {subprocess.py:99} INFO - Output:
[2025-03-03T02:31:34.855+0000] {subprocess.py:106} INFO - hey, I am task3 and will be running after task1 at the same time as task2!
[2025-03-03T02:31:34.856+0000] {subprocess.py:110} INFO - Command exited with return code 0
[2025-03-03T02:31:34.892+0000] {taskinstance.py:341} INFO - ::group::Post task execution logs
[2025-03-03T02:31:34.893+0000] {taskinstance.py:353} INFO - Marking task as SUCCESS. dag_id=our_first_dag_v1, task_id=thrid_task, run_id=scheduled__2025-03-01T00:00:00+00:00, execution_date=20250301T000000, start_date=20250303T023134, end_date=20250303T023134
[2025-03-03T02:31:34.939+0000] {logging_mixin.py:190} INFO - Task instance in success state
[2025-03-03T02:31:34.939+0000] {logging_mixin.py:190} INFO -  Previous state of the Task instance: running
[2025-03-03T02:31:34.940+0000] {logging_mixin.py:190} INFO - Dag name:our_first_dag_v1 queued_at:2025-03-03 02:31:31.243951+00:00
[2025-03-03T02:31:34.940+0000] {logging_mixin.py:190} INFO - Task hostname:25887b48f6fb operator:BashOperator
[2025-03-03T02:31:34.981+0000] {local_task_job_runner.py:266} INFO - Task exited with return code 0
[2025-03-03T02:31:34.992+0000] {local_task_job_runner.py:245} INFO - ::endgroup::
[2025-03-04T05:11:19.517+0000] {local_task_job_runner.py:123} INFO - ::group::Pre task execution logs
[2025-03-04T05:11:19.537+0000] {taskinstance.py:2614} INFO - Dependencies all met for dep_context=non-requeueable deps ti=<TaskInstance: our_first_dag_v1.thrid_task scheduled__2025-03-01T00:00:00+00:00 [queued]>
[2025-03-04T05:11:19.549+0000] {taskinstance.py:2614} INFO - Dependencies all met for dep_context=requeueable deps ti=<TaskInstance: our_first_dag_v1.thrid_task scheduled__2025-03-01T00:00:00+00:00 [queued]>
[2025-03-04T05:11:19.549+0000] {taskinstance.py:2867} INFO - Starting attempt 1 of 6
[2025-03-04T05:11:19.585+0000] {taskinstance.py:2890} INFO - Executing <Task(BashOperator): thrid_task> on 2025-03-01 00:00:00+00:00
[2025-03-04T05:11:19.600+0000] {standard_task_runner.py:104} INFO - Running: ['***', 'tasks', 'run', 'our_first_dag_v1', 'thrid_task', 'scheduled__2025-03-01T00:00:00+00:00', '--job-id', '21', '--raw', '--subdir', 'DAGS_FOLDER/first_dag.py', '--cfg-path', '/tmp/tmppmuhg5yi']
[2025-03-04T05:11:19.604+0000] {standard_task_runner.py:105} INFO - Job 21: Subtask thrid_task
[2025-03-04T05:11:19.604+0000] {logging_mixin.py:190} WARNING - /home/***/.local/lib/python3.12/site-packages/***/task/task_runner/standard_task_runner.py:70 DeprecationWarning: This process (pid=257) is multi-threaded, use of fork() may lead to deadlocks in the child.
[2025-03-04T05:11:19.605+0000] {standard_task_runner.py:72} INFO - Started process 276 to run task
[2025-03-04T05:11:19.655+0000] {task_command.py:467} INFO - Running <TaskInstance: our_first_dag_v1.thrid_task scheduled__2025-03-01T00:00:00+00:00 [running]> on host e52f68431fc8
[2025-03-04T05:11:19.735+0000] {taskinstance.py:3134} INFO - Exporting env vars: AIRFLOW_CTX_DAG_OWNER='***' AIRFLOW_CTX_DAG_ID='our_first_dag_v1' AIRFLOW_CTX_TASK_ID='thrid_task' AIRFLOW_CTX_EXECUTION_DATE='2025-03-01T00:00:00+00:00' AIRFLOW_CTX_TRY_NUMBER='1' AIRFLOW_CTX_DAG_RUN_ID='scheduled__2025-03-01T00:00:00+00:00'
[2025-03-04T05:11:19.736+0000] {taskinstance.py:732} INFO - ::endgroup::
[2025-03-04T05:11:19.747+0000] {subprocess.py:78} INFO - Tmp dir root location: /tmp
[2025-03-04T05:11:19.748+0000] {subprocess.py:88} INFO - Running command: ['/usr/bin/bash', '-c', 'echo hey, I am task3 and will be running after task1 at the same time as task2!']
[2025-03-04T05:11:19.757+0000] {subprocess.py:99} INFO - Output:
[2025-03-04T05:11:19.759+0000] {subprocess.py:106} INFO - hey, I am task3 and will be running after task1 at the same time as task2!
[2025-03-04T05:11:19.759+0000] {subprocess.py:110} INFO - Command exited with return code 0
[2025-03-04T05:11:19.781+0000] {taskinstance.py:341} INFO - ::group::Post task execution logs
[2025-03-04T05:11:19.781+0000] {taskinstance.py:353} INFO - Marking task as SUCCESS. dag_id=our_first_dag_v1, task_id=thrid_task, run_id=scheduled__2025-03-01T00:00:00+00:00, execution_date=20250301T000000, start_date=20250304T051119, end_date=20250304T051119
[2025-03-04T05:11:19.820+0000] {local_task_job_runner.py:266} INFO - Task exited with return code 0
[2025-03-04T05:11:19.830+0000] {local_task_job_runner.py:245} INFO - ::endgroup::
[2025-03-07T10:44:08.324+0000] {taskinstance.py:1159} INFO - Dependencies all met for dep_context=non-requeueable deps ti=<TaskInstance: our_first_dag_v1.thrid_task scheduled__2025-03-01T00:00:00+00:00 [queued]>
[2025-03-07T10:44:08.336+0000] {taskinstance.py:1159} INFO - Dependencies all met for dep_context=requeueable deps ti=<TaskInstance: our_first_dag_v1.thrid_task scheduled__2025-03-01T00:00:00+00:00 [queued]>
[2025-03-07T10:44:08.337+0000] {taskinstance.py:1361} INFO - Starting attempt 1 of 6
[2025-03-07T10:44:08.353+0000] {taskinstance.py:1382} INFO - Executing <Task(BashOperator): thrid_task> on 2025-03-01 00:00:00+00:00
[2025-03-07T10:44:08.360+0000] {standard_task_runner.py:57} INFO - Started process 367 to run task
[2025-03-07T10:44:08.363+0000] {standard_task_runner.py:84} INFO - Running: ['***', 'tasks', 'run', 'our_first_dag_v1', 'thrid_task', 'scheduled__2025-03-01T00:00:00+00:00', '--job-id', '27', '--raw', '--subdir', 'DAGS_FOLDER/first_dag.py', '--cfg-path', '/tmp/tmpv8rx42t3']
[2025-03-07T10:44:08.366+0000] {standard_task_runner.py:85} INFO - Job 27: Subtask thrid_task
[2025-03-07T10:44:08.415+0000] {task_command.py:416} INFO - Running <TaskInstance: our_first_dag_v1.thrid_task scheduled__2025-03-01T00:00:00+00:00 [running]> on host 93934f8e361f
[2025-03-07T10:44:08.498+0000] {taskinstance.py:1662} INFO - Exporting env vars: AIRFLOW_CTX_DAG_OWNER='***' AIRFLOW_CTX_DAG_ID='our_first_dag_v1' AIRFLOW_CTX_TASK_ID='thrid_task' AIRFLOW_CTX_EXECUTION_DATE='2025-03-01T00:00:00+00:00' AIRFLOW_CTX_TRY_NUMBER='1' AIRFLOW_CTX_DAG_RUN_ID='scheduled__2025-03-01T00:00:00+00:00'
[2025-03-07T10:44:08.500+0000] {subprocess.py:63} INFO - Tmp dir root location: /tmp
[2025-03-07T10:44:08.500+0000] {subprocess.py:75} INFO - Running command: ['/bin/bash', '-c', 'echo hey, I am task3 and will be running after task1 at the same time as task2!']
[2025-03-07T10:44:08.519+0000] {subprocess.py:86} INFO - Output:
[2025-03-07T10:44:08.522+0000] {subprocess.py:93} INFO - hey, I am task3 and will be running after task1 at the same time as task2!
[2025-03-07T10:44:08.522+0000] {subprocess.py:97} INFO - Command exited with return code 0
[2025-03-07T10:44:08.553+0000] {taskinstance.py:1400} INFO - Marking task as SUCCESS. dag_id=our_first_dag_v1, task_id=thrid_task, execution_date=20250301T000000, start_date=20250307T104408, end_date=20250307T104408
[2025-03-07T10:44:08.616+0000] {local_task_job_runner.py:228} INFO - Task exited with return code 0
[2025-03-07T10:44:08.663+0000] {taskinstance.py:2778} INFO - 0 downstream tasks scheduled from follow-on schedule check
