[2025-03-07T11:03:00.091+0000] {taskinstance.py:1159} INFO - Dependencies all met for dep_context=non-requeueable deps ti=<TaskInstance: dag_with_postgres_operator_v03.delete_data_from_table scheduled__2025-03-03T00:00:00+00:00 [queued]>
[2025-03-07T11:03:00.100+0000] {taskinstance.py:1159} INFO - Dependencies all met for dep_context=requeueable deps ti=<TaskInstance: dag_with_postgres_operator_v03.delete_data_from_table scheduled__2025-03-03T00:00:00+00:00 [queued]>
[2025-03-07T11:03:00.101+0000] {taskinstance.py:1361} INFO - Starting attempt 1 of 6
[2025-03-07T11:03:00.117+0000] {taskinstance.py:1382} INFO - Executing <Task(PostgresOperator): delete_data_from_table> on 2025-03-03 00:00:00+00:00
[2025-03-07T11:03:00.122+0000] {standard_task_runner.py:57} INFO - Started process 1035 to run task
[2025-03-07T11:03:00.126+0000] {standard_task_runner.py:84} INFO - Running: ['***', 'tasks', 'run', 'dag_with_postgres_operator_v03', 'delete_data_from_table', 'scheduled__2025-03-03T00:00:00+00:00', '--job-id', '34', '--raw', '--subdir', 'DAGS_FOLDER/postgres_operator.py', '--cfg-path', '/tmp/tmpi3g95k2m']
[2025-03-07T11:03:00.130+0000] {standard_task_runner.py:85} INFO - Job 34: Subtask delete_data_from_table
[2025-03-07T11:03:00.182+0000] {task_command.py:416} INFO - Running <TaskInstance: dag_with_postgres_operator_v03.delete_data_from_table scheduled__2025-03-03T00:00:00+00:00 [running]> on host 5588030d4cfa
[2025-03-07T11:03:00.271+0000] {taskinstance.py:1662} INFO - Exporting env vars: AIRFLOW_CTX_DAG_OWNER='***' AIRFLOW_CTX_DAG_ID='dag_with_postgres_operator_v03' AIRFLOW_CTX_TASK_ID='delete_data_from_table' AIRFLOW_CTX_EXECUTION_DATE='2025-03-03T00:00:00+00:00' AIRFLOW_CTX_TRY_NUMBER='1' AIRFLOW_CTX_DAG_RUN_ID='scheduled__2025-03-03T00:00:00+00:00'
[2025-03-07T11:03:00.272+0000] {sql.py:274} INFO - Executing: 
            delete from dag_runs where dt = '2025-03-03' and dag_id = 'dag_with_postgres_operator_v03';
        
[2025-03-07T11:03:00.280+0000] {base.py:73} INFO - Using connection ID 'postgres_localhost' for task execution.
[2025-03-07T11:03:00.289+0000] {base.py:73} INFO - Using connection ID 'postgres_localhost' for task execution.
[2025-03-07T11:03:00.293+0000] {sql.py:418} INFO - Running statement: 
            delete from dag_runs where dt = '2025-03-03' and dag_id = 'dag_with_postgres_operator_v03';
        , parameters: None
[2025-03-07T11:03:00.295+0000] {sql.py:427} INFO - Rows affected: 0
[2025-03-07T11:03:00.305+0000] {taskinstance.py:1400} INFO - Marking task as SUCCESS. dag_id=dag_with_postgres_operator_v03, task_id=delete_data_from_table, execution_date=20250303T000000, start_date=20250307T110300, end_date=20250307T110300
[2025-03-07T11:03:00.338+0000] {local_task_job_runner.py:228} INFO - Task exited with return code 0
[2025-03-07T11:03:00.359+0000] {taskinstance.py:2778} INFO - 1 downstream tasks scheduled from follow-on schedule check
[2025-03-07T11:32:46.532+0000] {taskinstance.py:1159} INFO - Dependencies all met for dep_context=non-requeueable deps ti=<TaskInstance: dag_with_postgres_operator_v03.delete_data_from_table scheduled__2025-03-03T00:00:00+00:00 [queued]>
[2025-03-07T11:32:46.538+0000] {taskinstance.py:1159} INFO - Dependencies all met for dep_context=requeueable deps ti=<TaskInstance: dag_with_postgres_operator_v03.delete_data_from_table scheduled__2025-03-03T00:00:00+00:00 [queued]>
[2025-03-07T11:32:46.538+0000] {taskinstance.py:1361} INFO - Starting attempt 1 of 6
[2025-03-07T11:32:46.548+0000] {taskinstance.py:1382} INFO - Executing <Task(PostgresOperator): delete_data_from_table> on 2025-03-03 00:00:00+00:00
[2025-03-07T11:32:46.553+0000] {standard_task_runner.py:57} INFO - Started process 861 to run task
[2025-03-07T11:32:46.555+0000] {standard_task_runner.py:84} INFO - Running: ['***', 'tasks', 'run', 'dag_with_postgres_operator_v03', 'delete_data_from_table', 'scheduled__2025-03-03T00:00:00+00:00', '--job-id', '21', '--raw', '--subdir', 'DAGS_FOLDER/postgres_operator.py', '--cfg-path', '/tmp/tmpy3t864ti']
[2025-03-07T11:32:46.557+0000] {standard_task_runner.py:85} INFO - Job 21: Subtask delete_data_from_table
[2025-03-07T11:32:46.603+0000] {task_command.py:416} INFO - Running <TaskInstance: dag_with_postgres_operator_v03.delete_data_from_table scheduled__2025-03-03T00:00:00+00:00 [running]> on host 5837dac536a6
[2025-03-07T11:32:46.672+0000] {taskinstance.py:1662} INFO - Exporting env vars: AIRFLOW_CTX_DAG_OWNER='***' AIRFLOW_CTX_DAG_ID='dag_with_postgres_operator_v03' AIRFLOW_CTX_TASK_ID='delete_data_from_table' AIRFLOW_CTX_EXECUTION_DATE='2025-03-03T00:00:00+00:00' AIRFLOW_CTX_TRY_NUMBER='1' AIRFLOW_CTX_DAG_RUN_ID='scheduled__2025-03-03T00:00:00+00:00'
[2025-03-07T11:32:46.672+0000] {sql.py:274} INFO - Executing: 
            delete from dag_runs where dt = '2025-03-03' and dag_id = 'dag_with_postgres_operator_v03';
        
[2025-03-07T11:32:46.684+0000] {base.py:73} INFO - Using connection ID 'postgres_localhost' for task execution.
[2025-03-07T11:32:46.695+0000] {base.py:73} INFO - Using connection ID 'postgres_localhost' for task execution.
[2025-03-07T11:32:46.699+0000] {sql.py:418} INFO - Running statement: 
            delete from dag_runs where dt = '2025-03-03' and dag_id = 'dag_with_postgres_operator_v03';
        , parameters: None
[2025-03-07T11:32:46.700+0000] {sql.py:427} INFO - Rows affected: 0
[2025-03-07T11:32:46.712+0000] {taskinstance.py:1400} INFO - Marking task as SUCCESS. dag_id=dag_with_postgres_operator_v03, task_id=delete_data_from_table, execution_date=20250303T000000, start_date=20250307T113246, end_date=20250307T113246
[2025-03-07T11:32:46.767+0000] {local_task_job_runner.py:228} INFO - Task exited with return code 0
[2025-03-07T11:32:46.783+0000] {taskinstance.py:2778} INFO - 1 downstream tasks scheduled from follow-on schedule check
[2025-03-07T12:05:06.699+0000] {taskinstance.py:1159} INFO - Dependencies all met for dep_context=non-requeueable deps ti=<TaskInstance: dag_with_postgres_operator_v03.delete_data_from_table scheduled__2025-03-03T00:00:00+00:00 [queued]>
[2025-03-07T12:05:06.706+0000] {taskinstance.py:1159} INFO - Dependencies all met for dep_context=requeueable deps ti=<TaskInstance: dag_with_postgres_operator_v03.delete_data_from_table scheduled__2025-03-03T00:00:00+00:00 [queued]>
[2025-03-07T12:05:06.706+0000] {taskinstance.py:1361} INFO - Starting attempt 1 of 6
[2025-03-07T12:05:06.718+0000] {taskinstance.py:1382} INFO - Executing <Task(PostgresOperator): delete_data_from_table> on 2025-03-03 00:00:00+00:00
[2025-03-07T12:05:06.725+0000] {standard_task_runner.py:57} INFO - Started process 479 to run task
[2025-03-07T12:05:06.728+0000] {standard_task_runner.py:84} INFO - Running: ['***', 'tasks', 'run', 'dag_with_postgres_operator_v03', 'delete_data_from_table', 'scheduled__2025-03-03T00:00:00+00:00', '--job-id', '10', '--raw', '--subdir', 'DAGS_FOLDER/postgres_operator.py', '--cfg-path', '/tmp/tmp0hgjxz8h']
[2025-03-07T12:05:06.730+0000] {standard_task_runner.py:85} INFO - Job 10: Subtask delete_data_from_table
[2025-03-07T12:05:06.767+0000] {task_command.py:416} INFO - Running <TaskInstance: dag_with_postgres_operator_v03.delete_data_from_table scheduled__2025-03-03T00:00:00+00:00 [running]> on host afc6f8faa09c
[2025-03-07T12:05:06.824+0000] {taskinstance.py:1662} INFO - Exporting env vars: AIRFLOW_CTX_DAG_OWNER='***' AIRFLOW_CTX_DAG_ID='dag_with_postgres_operator_v03' AIRFLOW_CTX_TASK_ID='delete_data_from_table' AIRFLOW_CTX_EXECUTION_DATE='2025-03-03T00:00:00+00:00' AIRFLOW_CTX_TRY_NUMBER='1' AIRFLOW_CTX_DAG_RUN_ID='scheduled__2025-03-03T00:00:00+00:00'
[2025-03-07T12:05:06.825+0000] {sql.py:274} INFO - Executing: 
            delete from dag_runs where dt = '2025-03-03' and dag_id = 'dag_with_postgres_operator_v03';
        
[2025-03-07T12:05:06.832+0000] {base.py:73} INFO - Using connection ID 'postgres_localhost' for task execution.
[2025-03-07T12:05:06.840+0000] {base.py:73} INFO - Using connection ID 'postgres_localhost' for task execution.
[2025-03-07T12:05:06.843+0000] {sql.py:418} INFO - Running statement: 
            delete from dag_runs where dt = '2025-03-03' and dag_id = 'dag_with_postgres_operator_v03';
        , parameters: None
[2025-03-07T12:05:06.844+0000] {sql.py:427} INFO - Rows affected: 0
[2025-03-07T12:05:06.851+0000] {taskinstance.py:1400} INFO - Marking task as SUCCESS. dag_id=dag_with_postgres_operator_v03, task_id=delete_data_from_table, execution_date=20250303T000000, start_date=20250307T120506, end_date=20250307T120506
[2025-03-07T12:05:06.900+0000] {local_task_job_runner.py:228} INFO - Task exited with return code 0
[2025-03-07T12:05:06.928+0000] {taskinstance.py:2778} INFO - 1 downstream tasks scheduled from follow-on schedule check
