[2025-02-26T14:21:24.169+0000] {local_task_job_runner.py:123} INFO - ::group::Pre task execution logs
[2025-02-26T14:21:24.194+0000] {taskinstance.py:2614} INFO - Dependencies all met for dep_context=non-requeueable deps ti=<TaskInstance: our_first_dag.first_task scheduled__2022-01-05T00:00:00+00:00 [queued]>
[2025-02-26T14:21:24.205+0000] {taskinstance.py:2614} INFO - Dependencies all met for dep_context=requeueable deps ti=<TaskInstance: our_first_dag.first_task scheduled__2022-01-05T00:00:00+00:00 [queued]>
[2025-02-26T14:21:24.206+0000] {taskinstance.py:2867} INFO - Starting attempt 1 of 6
[2025-02-26T14:21:24.369+0000] {taskinstance.py:2890} INFO - Executing <Task(BashOperator): first_task> on 2022-01-05 00:00:00+00:00
[2025-02-26T14:21:24.389+0000] {logging_mixin.py:190} WARNING - /home/***/.local/lib/python3.12/site-packages/***/task/task_runner/standard_task_runner.py:70 DeprecationWarning: This process (pid=5885) is multi-threaded, use of fork() may lead to deadlocks in the child.
[2025-02-26T14:21:24.389+0000] {standard_task_runner.py:104} INFO - Running: ['***', 'tasks', 'run', 'our_first_dag', 'first_task', 'scheduled__2022-01-05T00:00:00+00:00', '--job-id', '473', '--raw', '--subdir', 'DAGS_FOLDER/first_dag.py', '--cfg-path', '/tmp/tmp0xp3i6yw']
[2025-02-26T14:21:24.391+0000] {standard_task_runner.py:105} INFO - Job 473: Subtask first_task
[2025-02-26T14:21:24.391+0000] {standard_task_runner.py:72} INFO - Started process 5929 to run task
[2025-02-26T14:21:24.472+0000] {task_command.py:467} INFO - Running <TaskInstance: our_first_dag.first_task scheduled__2022-01-05T00:00:00+00:00 [running]> on host 25887b48f6fb
[2025-02-26T14:21:24.620+0000] {taskinstance.py:3134} INFO - Exporting env vars: AIRFLOW_CTX_DAG_OWNER='***' AIRFLOW_CTX_DAG_ID='our_first_dag' AIRFLOW_CTX_TASK_ID='first_task' AIRFLOW_CTX_EXECUTION_DATE='2022-01-05T00:00:00+00:00' AIRFLOW_CTX_TRY_NUMBER='1' AIRFLOW_CTX_DAG_RUN_ID='scheduled__2022-01-05T00:00:00+00:00'
[2025-02-26T14:21:24.622+0000] {logging_mixin.py:190} INFO - Task instance is in running state
[2025-02-26T14:21:24.623+0000] {logging_mixin.py:190} INFO -  Previous state of the Task instance: queued
[2025-02-26T14:21:24.623+0000] {logging_mixin.py:190} INFO - Current task name:first_task state:running start_date:2025-02-26 14:21:24.194591+00:00
[2025-02-26T14:21:24.624+0000] {logging_mixin.py:190} INFO - Dag name:our_first_dag and current dag run status:running
[2025-02-26T14:21:24.624+0000] {taskinstance.py:732} INFO - ::endgroup::
[2025-02-26T14:21:24.626+0000] {subprocess.py:78} INFO - Tmp dir root location: /tmp
[2025-02-26T14:21:24.627+0000] {subprocess.py:88} INFO - Running command: ['/usr/bin/bash', '-c', 'echo hello world, this is the first task!']
[2025-02-26T14:21:24.652+0000] {subprocess.py:99} INFO - Output:
[2025-02-26T14:21:24.656+0000] {subprocess.py:106} INFO - hello world, this is the first task!
[2025-02-26T14:21:24.657+0000] {subprocess.py:110} INFO - Command exited with return code 0
[2025-02-26T14:21:24.701+0000] {taskinstance.py:341} INFO - ::group::Post task execution logs
[2025-02-26T14:21:24.702+0000] {taskinstance.py:353} INFO - Marking task as SUCCESS. dag_id=our_first_dag, task_id=first_task, run_id=scheduled__2022-01-05T00:00:00+00:00, execution_date=20220105T000000, start_date=20250226T142124, end_date=20250226T142124
[2025-02-26T14:21:24.750+0000] {logging_mixin.py:190} INFO - Task instance in success state
[2025-02-26T14:21:24.751+0000] {logging_mixin.py:190} INFO -  Previous state of the Task instance: running
[2025-02-26T14:21:24.751+0000] {logging_mixin.py:190} INFO - Dag name:our_first_dag queued_at:2025-02-26 14:21:22.353394+00:00
[2025-02-26T14:21:24.752+0000] {logging_mixin.py:190} INFO - Task hostname:25887b48f6fb operator:BashOperator
[2025-02-26T14:21:24.767+0000] {local_task_job_runner.py:266} INFO - Task exited with return code 0
[2025-02-26T14:21:24.816+0000] {taskinstance.py:3901} INFO - 2 downstream tasks scheduled from follow-on schedule check
[2025-02-26T14:21:24.820+0000] {local_task_job_runner.py:245} INFO - ::endgroup::
