[2025-03-14T06:33:58.370+0000] {processor.py:157} INFO - Started process (PID=66894) to work on /opt/airflow/dags/dag_with_dependencies.py
[2025-03-14T06:33:58.371+0000] {processor.py:829} INFO - Processing file /opt/airflow/dags/dag_with_dependencies.py for tasks to queue
[2025-03-14T06:33:58.371+0000] {logging_mixin.py:154} INFO - [2025-03-14T06:33:58.371+0000] {dagbag.py:536} INFO - Filling up the DagBag from /opt/airflow/dags/dag_with_dependencies.py
[2025-03-14T06:33:58.381+0000] {processor.py:839} INFO - DAG(s) dict_keys(['dag_with_python_dependencies_v03']) retrieved from /opt/airflow/dags/dag_with_dependencies.py
[2025-03-14T06:33:58.403+0000] {logging_mixin.py:154} INFO - [2025-03-14T06:33:58.403+0000] {dag.py:2941} INFO - Sync 1 DAGs
[2025-03-14T06:33:58.427+0000] {logging_mixin.py:154} INFO - [2025-03-14T06:33:58.426+0000] {dag.py:3722} INFO - Setting next_dagrun for dag_with_python_dependencies_v03 to 2025-03-14T00:00:00+00:00, run_after=2025-03-15T00:00:00+00:00
[2025-03-14T06:33:58.448+0000] {processor.py:179} INFO - Processing /opt/airflow/dags/dag_with_dependencies.py took 0.082 seconds
[2025-03-14T06:34:29.134+0000] {processor.py:157} INFO - Started process (PID=66986) to work on /opt/airflow/dags/dag_with_dependencies.py
[2025-03-14T06:34:29.135+0000] {processor.py:829} INFO - Processing file /opt/airflow/dags/dag_with_dependencies.py for tasks to queue
[2025-03-14T06:34:29.135+0000] {logging_mixin.py:154} INFO - [2025-03-14T06:34:29.135+0000] {dagbag.py:536} INFO - Filling up the DagBag from /opt/airflow/dags/dag_with_dependencies.py
[2025-03-14T06:34:29.144+0000] {processor.py:839} INFO - DAG(s) dict_keys(['dag_with_python_dependencies_v03']) retrieved from /opt/airflow/dags/dag_with_dependencies.py
[2025-03-14T06:34:29.168+0000] {logging_mixin.py:154} INFO - [2025-03-14T06:34:29.168+0000] {dag.py:2941} INFO - Sync 1 DAGs
[2025-03-14T06:34:29.187+0000] {logging_mixin.py:154} INFO - [2025-03-14T06:34:29.187+0000] {dag.py:3722} INFO - Setting next_dagrun for dag_with_python_dependencies_v03 to 2025-03-14T00:00:00+00:00, run_after=2025-03-15T00:00:00+00:00
[2025-03-14T06:34:29.206+0000] {processor.py:179} INFO - Processing /opt/airflow/dags/dag_with_dependencies.py took 0.074 seconds
[2025-03-14T06:34:59.742+0000] {processor.py:157} INFO - Started process (PID=67033) to work on /opt/airflow/dags/dag_with_dependencies.py
[2025-03-14T06:34:59.743+0000] {processor.py:829} INFO - Processing file /opt/airflow/dags/dag_with_dependencies.py for tasks to queue
[2025-03-14T06:34:59.743+0000] {logging_mixin.py:154} INFO - [2025-03-14T06:34:59.743+0000] {dagbag.py:536} INFO - Filling up the DagBag from /opt/airflow/dags/dag_with_dependencies.py
[2025-03-14T06:34:59.751+0000] {processor.py:839} INFO - DAG(s) dict_keys(['dag_with_python_dependencies_v03']) retrieved from /opt/airflow/dags/dag_with_dependencies.py
[2025-03-14T06:34:59.772+0000] {logging_mixin.py:154} INFO - [2025-03-14T06:34:59.772+0000] {dag.py:2941} INFO - Sync 1 DAGs
[2025-03-14T06:34:59.788+0000] {logging_mixin.py:154} INFO - [2025-03-14T06:34:59.788+0000] {dag.py:3722} INFO - Setting next_dagrun for dag_with_python_dependencies_v03 to 2025-03-14T00:00:00+00:00, run_after=2025-03-15T00:00:00+00:00
[2025-03-14T06:34:59.801+0000] {processor.py:179} INFO - Processing /opt/airflow/dags/dag_with_dependencies.py took 0.061 seconds
[2025-03-14T06:35:30.395+0000] {processor.py:157} INFO - Started process (PID=67080) to work on /opt/airflow/dags/dag_with_dependencies.py
[2025-03-14T06:35:30.396+0000] {processor.py:829} INFO - Processing file /opt/airflow/dags/dag_with_dependencies.py for tasks to queue
[2025-03-14T06:35:30.396+0000] {logging_mixin.py:154} INFO - [2025-03-14T06:35:30.396+0000] {dagbag.py:536} INFO - Filling up the DagBag from /opt/airflow/dags/dag_with_dependencies.py
[2025-03-14T06:35:30.404+0000] {processor.py:839} INFO - DAG(s) dict_keys(['dag_with_python_dependencies_v03']) retrieved from /opt/airflow/dags/dag_with_dependencies.py
[2025-03-14T06:35:30.435+0000] {logging_mixin.py:154} INFO - [2025-03-14T06:35:30.435+0000] {dag.py:2941} INFO - Sync 1 DAGs
[2025-03-14T06:35:30.474+0000] {logging_mixin.py:154} INFO - [2025-03-14T06:35:30.473+0000] {dag.py:3722} INFO - Setting next_dagrun for dag_with_python_dependencies_v03 to 2025-03-14T00:00:00+00:00, run_after=2025-03-15T00:00:00+00:00
[2025-03-14T06:35:30.500+0000] {processor.py:179} INFO - Processing /opt/airflow/dags/dag_with_dependencies.py took 0.108 seconds
[2025-03-14T06:36:01.055+0000] {processor.py:157} INFO - Started process (PID=67127) to work on /opt/airflow/dags/dag_with_dependencies.py
[2025-03-14T06:36:01.055+0000] {processor.py:829} INFO - Processing file /opt/airflow/dags/dag_with_dependencies.py for tasks to queue
[2025-03-14T06:36:01.056+0000] {logging_mixin.py:154} INFO - [2025-03-14T06:36:01.056+0000] {dagbag.py:536} INFO - Filling up the DagBag from /opt/airflow/dags/dag_with_dependencies.py
[2025-03-14T06:36:01.067+0000] {processor.py:839} INFO - DAG(s) dict_keys(['dag_with_python_dependencies_v03']) retrieved from /opt/airflow/dags/dag_with_dependencies.py
[2025-03-14T06:36:01.090+0000] {logging_mixin.py:154} INFO - [2025-03-14T06:36:01.090+0000] {dag.py:2941} INFO - Sync 1 DAGs
[2025-03-14T06:36:01.106+0000] {logging_mixin.py:154} INFO - [2025-03-14T06:36:01.106+0000] {dag.py:3722} INFO - Setting next_dagrun for dag_with_python_dependencies_v03 to 2025-03-14T00:00:00+00:00, run_after=2025-03-15T00:00:00+00:00
[2025-03-14T06:36:01.124+0000] {processor.py:179} INFO - Processing /opt/airflow/dags/dag_with_dependencies.py took 0.072 seconds
[2025-03-14T06:36:31.729+0000] {processor.py:157} INFO - Started process (PID=67174) to work on /opt/airflow/dags/dag_with_dependencies.py
[2025-03-14T06:36:31.730+0000] {processor.py:829} INFO - Processing file /opt/airflow/dags/dag_with_dependencies.py for tasks to queue
[2025-03-14T06:36:31.731+0000] {logging_mixin.py:154} INFO - [2025-03-14T06:36:31.730+0000] {dagbag.py:536} INFO - Filling up the DagBag from /opt/airflow/dags/dag_with_dependencies.py
[2025-03-14T06:36:31.743+0000] {processor.py:839} INFO - DAG(s) dict_keys(['dag_with_python_dependencies_v03']) retrieved from /opt/airflow/dags/dag_with_dependencies.py
[2025-03-14T06:36:31.775+0000] {logging_mixin.py:154} INFO - [2025-03-14T06:36:31.775+0000] {dag.py:2941} INFO - Sync 1 DAGs
[2025-03-14T06:36:31.796+0000] {logging_mixin.py:154} INFO - [2025-03-14T06:36:31.795+0000] {dag.py:3722} INFO - Setting next_dagrun for dag_with_python_dependencies_v03 to 2025-03-14T00:00:00+00:00, run_after=2025-03-15T00:00:00+00:00
[2025-03-14T06:36:31.816+0000] {processor.py:179} INFO - Processing /opt/airflow/dags/dag_with_dependencies.py took 0.090 seconds
[2025-03-14T06:37:02.494+0000] {processor.py:157} INFO - Started process (PID=67221) to work on /opt/airflow/dags/dag_with_dependencies.py
[2025-03-14T06:37:02.495+0000] {processor.py:829} INFO - Processing file /opt/airflow/dags/dag_with_dependencies.py for tasks to queue
[2025-03-14T06:37:02.495+0000] {logging_mixin.py:154} INFO - [2025-03-14T06:37:02.495+0000] {dagbag.py:536} INFO - Filling up the DagBag from /opt/airflow/dags/dag_with_dependencies.py
[2025-03-14T06:37:02.505+0000] {processor.py:839} INFO - DAG(s) dict_keys(['dag_with_python_dependencies_v03']) retrieved from /opt/airflow/dags/dag_with_dependencies.py
[2025-03-14T06:37:02.531+0000] {logging_mixin.py:154} INFO - [2025-03-14T06:37:02.530+0000] {dag.py:2941} INFO - Sync 1 DAGs
[2025-03-14T06:37:02.551+0000] {logging_mixin.py:154} INFO - [2025-03-14T06:37:02.551+0000] {dag.py:3722} INFO - Setting next_dagrun for dag_with_python_dependencies_v03 to 2025-03-14T00:00:00+00:00, run_after=2025-03-15T00:00:00+00:00
[2025-03-14T06:37:02.570+0000] {processor.py:179} INFO - Processing /opt/airflow/dags/dag_with_dependencies.py took 0.080 seconds
[2025-03-14T06:37:33.159+0000] {processor.py:157} INFO - Started process (PID=67268) to work on /opt/airflow/dags/dag_with_dependencies.py
[2025-03-14T06:37:33.160+0000] {processor.py:829} INFO - Processing file /opt/airflow/dags/dag_with_dependencies.py for tasks to queue
[2025-03-14T06:37:33.161+0000] {logging_mixin.py:154} INFO - [2025-03-14T06:37:33.160+0000] {dagbag.py:536} INFO - Filling up the DagBag from /opt/airflow/dags/dag_with_dependencies.py
[2025-03-14T06:37:33.172+0000] {processor.py:839} INFO - DAG(s) dict_keys(['dag_with_python_dependencies_v03']) retrieved from /opt/airflow/dags/dag_with_dependencies.py
[2025-03-14T06:37:33.196+0000] {logging_mixin.py:154} INFO - [2025-03-14T06:37:33.196+0000] {dag.py:2941} INFO - Sync 1 DAGs
[2025-03-14T06:37:33.213+0000] {logging_mixin.py:154} INFO - [2025-03-14T06:37:33.213+0000] {dag.py:3722} INFO - Setting next_dagrun for dag_with_python_dependencies_v03 to 2025-03-14T00:00:00+00:00, run_after=2025-03-15T00:00:00+00:00
[2025-03-14T06:37:33.232+0000] {processor.py:179} INFO - Processing /opt/airflow/dags/dag_with_dependencies.py took 0.078 seconds
[2025-03-14T06:38:03.811+0000] {processor.py:157} INFO - Started process (PID=67315) to work on /opt/airflow/dags/dag_with_dependencies.py
[2025-03-14T06:38:03.811+0000] {processor.py:829} INFO - Processing file /opt/airflow/dags/dag_with_dependencies.py for tasks to queue
[2025-03-14T06:38:03.812+0000] {logging_mixin.py:154} INFO - [2025-03-14T06:38:03.812+0000] {dagbag.py:536} INFO - Filling up the DagBag from /opt/airflow/dags/dag_with_dependencies.py
[2025-03-14T06:38:03.823+0000] {processor.py:839} INFO - DAG(s) dict_keys(['dag_with_python_dependencies_v03']) retrieved from /opt/airflow/dags/dag_with_dependencies.py
[2025-03-14T06:38:03.854+0000] {logging_mixin.py:154} INFO - [2025-03-14T06:38:03.854+0000] {dag.py:2941} INFO - Sync 1 DAGs
[2025-03-14T06:38:03.877+0000] {logging_mixin.py:154} INFO - [2025-03-14T06:38:03.877+0000] {dag.py:3722} INFO - Setting next_dagrun for dag_with_python_dependencies_v03 to 2025-03-14T00:00:00+00:00, run_after=2025-03-15T00:00:00+00:00
[2025-03-14T06:38:03.898+0000] {processor.py:179} INFO - Processing /opt/airflow/dags/dag_with_dependencies.py took 0.092 seconds
[2025-03-14T06:38:34.511+0000] {processor.py:157} INFO - Started process (PID=67362) to work on /opt/airflow/dags/dag_with_dependencies.py
[2025-03-14T06:38:34.512+0000] {processor.py:829} INFO - Processing file /opt/airflow/dags/dag_with_dependencies.py for tasks to queue
[2025-03-14T06:38:34.512+0000] {logging_mixin.py:154} INFO - [2025-03-14T06:38:34.512+0000] {dagbag.py:536} INFO - Filling up the DagBag from /opt/airflow/dags/dag_with_dependencies.py
[2025-03-14T06:38:34.521+0000] {processor.py:839} INFO - DAG(s) dict_keys(['dag_with_python_dependencies_v03']) retrieved from /opt/airflow/dags/dag_with_dependencies.py
[2025-03-14T06:38:34.542+0000] {logging_mixin.py:154} INFO - [2025-03-14T06:38:34.542+0000] {dag.py:2941} INFO - Sync 1 DAGs
[2025-03-14T06:38:34.561+0000] {logging_mixin.py:154} INFO - [2025-03-14T06:38:34.561+0000] {dag.py:3722} INFO - Setting next_dagrun for dag_with_python_dependencies_v03 to 2025-03-14T00:00:00+00:00, run_after=2025-03-15T00:00:00+00:00
[2025-03-14T06:38:34.578+0000] {processor.py:179} INFO - Processing /opt/airflow/dags/dag_with_dependencies.py took 0.069 seconds
[2025-03-14T06:39:05.258+0000] {processor.py:157} INFO - Started process (PID=67409) to work on /opt/airflow/dags/dag_with_dependencies.py
[2025-03-14T06:39:05.258+0000] {processor.py:829} INFO - Processing file /opt/airflow/dags/dag_with_dependencies.py for tasks to queue
[2025-03-14T06:39:05.259+0000] {logging_mixin.py:154} INFO - [2025-03-14T06:39:05.258+0000] {dagbag.py:536} INFO - Filling up the DagBag from /opt/airflow/dags/dag_with_dependencies.py
[2025-03-14T06:39:05.269+0000] {processor.py:839} INFO - DAG(s) dict_keys(['dag_with_python_dependencies_v03']) retrieved from /opt/airflow/dags/dag_with_dependencies.py
[2025-03-14T06:39:05.294+0000] {logging_mixin.py:154} INFO - [2025-03-14T06:39:05.293+0000] {dag.py:2941} INFO - Sync 1 DAGs
[2025-03-14T06:39:05.312+0000] {logging_mixin.py:154} INFO - [2025-03-14T06:39:05.312+0000] {dag.py:3722} INFO - Setting next_dagrun for dag_with_python_dependencies_v03 to 2025-03-14T00:00:00+00:00, run_after=2025-03-15T00:00:00+00:00
[2025-03-14T06:39:05.325+0000] {processor.py:179} INFO - Processing /opt/airflow/dags/dag_with_dependencies.py took 0.071 seconds
[2025-03-14T06:39:35.841+0000] {processor.py:157} INFO - Started process (PID=67456) to work on /opt/airflow/dags/dag_with_dependencies.py
[2025-03-14T06:39:35.842+0000] {processor.py:829} INFO - Processing file /opt/airflow/dags/dag_with_dependencies.py for tasks to queue
[2025-03-14T06:39:35.843+0000] {logging_mixin.py:154} INFO - [2025-03-14T06:39:35.842+0000] {dagbag.py:536} INFO - Filling up the DagBag from /opt/airflow/dags/dag_with_dependencies.py
[2025-03-14T06:39:35.856+0000] {processor.py:839} INFO - DAG(s) dict_keys(['dag_with_python_dependencies_v03']) retrieved from /opt/airflow/dags/dag_with_dependencies.py
[2025-03-14T06:39:35.890+0000] {logging_mixin.py:154} INFO - [2025-03-14T06:39:35.889+0000] {dag.py:2941} INFO - Sync 1 DAGs
[2025-03-14T06:39:35.923+0000] {logging_mixin.py:154} INFO - [2025-03-14T06:39:35.923+0000] {dag.py:3722} INFO - Setting next_dagrun for dag_with_python_dependencies_v03 to 2025-03-14T00:00:00+00:00, run_after=2025-03-15T00:00:00+00:00
[2025-03-14T06:39:35.956+0000] {processor.py:179} INFO - Processing /opt/airflow/dags/dag_with_dependencies.py took 0.119 seconds
[2025-03-14T06:40:06.481+0000] {processor.py:157} INFO - Started process (PID=67503) to work on /opt/airflow/dags/dag_with_dependencies.py
[2025-03-14T06:40:06.482+0000] {processor.py:829} INFO - Processing file /opt/airflow/dags/dag_with_dependencies.py for tasks to queue
[2025-03-14T06:40:06.483+0000] {logging_mixin.py:154} INFO - [2025-03-14T06:40:06.482+0000] {dagbag.py:536} INFO - Filling up the DagBag from /opt/airflow/dags/dag_with_dependencies.py
[2025-03-14T06:40:06.491+0000] {processor.py:839} INFO - DAG(s) dict_keys(['dag_with_python_dependencies_v03']) retrieved from /opt/airflow/dags/dag_with_dependencies.py
[2025-03-14T06:40:06.512+0000] {logging_mixin.py:154} INFO - [2025-03-14T06:40:06.512+0000] {dag.py:2941} INFO - Sync 1 DAGs
[2025-03-14T06:40:06.527+0000] {logging_mixin.py:154} INFO - [2025-03-14T06:40:06.527+0000] {dag.py:3722} INFO - Setting next_dagrun for dag_with_python_dependencies_v03 to 2025-03-14T00:00:00+00:00, run_after=2025-03-15T00:00:00+00:00
[2025-03-14T06:40:06.541+0000] {processor.py:179} INFO - Processing /opt/airflow/dags/dag_with_dependencies.py took 0.061 seconds
[2025-03-14T06:40:37.120+0000] {processor.py:157} INFO - Started process (PID=67550) to work on /opt/airflow/dags/dag_with_dependencies.py
[2025-03-14T06:40:37.120+0000] {processor.py:829} INFO - Processing file /opt/airflow/dags/dag_with_dependencies.py for tasks to queue
[2025-03-14T06:40:37.121+0000] {logging_mixin.py:154} INFO - [2025-03-14T06:40:37.121+0000] {dagbag.py:536} INFO - Filling up the DagBag from /opt/airflow/dags/dag_with_dependencies.py
[2025-03-14T06:40:37.129+0000] {processor.py:839} INFO - DAG(s) dict_keys(['dag_with_python_dependencies_v03']) retrieved from /opt/airflow/dags/dag_with_dependencies.py
[2025-03-14T06:40:37.151+0000] {logging_mixin.py:154} INFO - [2025-03-14T06:40:37.151+0000] {dag.py:2941} INFO - Sync 1 DAGs
[2025-03-14T06:40:37.168+0000] {logging_mixin.py:154} INFO - [2025-03-14T06:40:37.168+0000] {dag.py:3722} INFO - Setting next_dagrun for dag_with_python_dependencies_v03 to 2025-03-14T00:00:00+00:00, run_after=2025-03-15T00:00:00+00:00
[2025-03-14T06:40:37.187+0000] {processor.py:179} INFO - Processing /opt/airflow/dags/dag_with_dependencies.py took 0.070 seconds
[2025-03-14T06:41:07.671+0000] {processor.py:157} INFO - Started process (PID=67597) to work on /opt/airflow/dags/dag_with_dependencies.py
[2025-03-14T06:41:07.671+0000] {processor.py:829} INFO - Processing file /opt/airflow/dags/dag_with_dependencies.py for tasks to queue
[2025-03-14T06:41:07.672+0000] {logging_mixin.py:154} INFO - [2025-03-14T06:41:07.672+0000] {dagbag.py:536} INFO - Filling up the DagBag from /opt/airflow/dags/dag_with_dependencies.py
[2025-03-14T06:41:07.681+0000] {processor.py:839} INFO - DAG(s) dict_keys(['dag_with_python_dependencies_v03']) retrieved from /opt/airflow/dags/dag_with_dependencies.py
[2025-03-14T06:41:07.701+0000] {logging_mixin.py:154} INFO - [2025-03-14T06:41:07.701+0000] {dag.py:2941} INFO - Sync 1 DAGs
[2025-03-14T06:41:07.717+0000] {logging_mixin.py:154} INFO - [2025-03-14T06:41:07.717+0000] {dag.py:3722} INFO - Setting next_dagrun for dag_with_python_dependencies_v03 to 2025-03-14T00:00:00+00:00, run_after=2025-03-15T00:00:00+00:00
[2025-03-14T06:41:07.732+0000] {processor.py:179} INFO - Processing /opt/airflow/dags/dag_with_dependencies.py took 0.064 seconds
[2025-03-14T06:41:38.231+0000] {processor.py:157} INFO - Started process (PID=67644) to work on /opt/airflow/dags/dag_with_dependencies.py
[2025-03-14T06:41:38.232+0000] {processor.py:829} INFO - Processing file /opt/airflow/dags/dag_with_dependencies.py for tasks to queue
[2025-03-14T06:41:38.232+0000] {logging_mixin.py:154} INFO - [2025-03-14T06:41:38.232+0000] {dagbag.py:536} INFO - Filling up the DagBag from /opt/airflow/dags/dag_with_dependencies.py
[2025-03-14T06:41:38.242+0000] {processor.py:839} INFO - DAG(s) dict_keys(['dag_with_python_dependencies_v03']) retrieved from /opt/airflow/dags/dag_with_dependencies.py
[2025-03-14T06:41:38.268+0000] {logging_mixin.py:154} INFO - [2025-03-14T06:41:38.268+0000] {dag.py:2941} INFO - Sync 1 DAGs
[2025-03-14T06:41:38.292+0000] {logging_mixin.py:154} INFO - [2025-03-14T06:41:38.292+0000] {dag.py:3722} INFO - Setting next_dagrun for dag_with_python_dependencies_v03 to 2025-03-14T00:00:00+00:00, run_after=2025-03-15T00:00:00+00:00
[2025-03-14T06:41:38.311+0000] {processor.py:179} INFO - Processing /opt/airflow/dags/dag_with_dependencies.py took 0.084 seconds
[2025-03-14T06:42:08.938+0000] {processor.py:157} INFO - Started process (PID=67691) to work on /opt/airflow/dags/dag_with_dependencies.py
[2025-03-14T06:42:08.939+0000] {processor.py:829} INFO - Processing file /opt/airflow/dags/dag_with_dependencies.py for tasks to queue
[2025-03-14T06:42:08.942+0000] {logging_mixin.py:154} INFO - [2025-03-14T06:42:08.941+0000] {dagbag.py:536} INFO - Filling up the DagBag from /opt/airflow/dags/dag_with_dependencies.py
[2025-03-14T06:42:08.954+0000] {processor.py:839} INFO - DAG(s) dict_keys(['dag_with_python_dependencies_v03']) retrieved from /opt/airflow/dags/dag_with_dependencies.py
[2025-03-14T06:42:08.975+0000] {logging_mixin.py:154} INFO - [2025-03-14T06:42:08.975+0000] {dag.py:2941} INFO - Sync 1 DAGs
[2025-03-14T06:42:08.994+0000] {logging_mixin.py:154} INFO - [2025-03-14T06:42:08.994+0000] {dag.py:3722} INFO - Setting next_dagrun for dag_with_python_dependencies_v03 to 2025-03-14T00:00:00+00:00, run_after=2025-03-15T00:00:00+00:00
[2025-03-14T06:42:09.010+0000] {processor.py:179} INFO - Processing /opt/airflow/dags/dag_with_dependencies.py took 0.077 seconds
[2025-03-14T06:42:39.561+0000] {processor.py:157} INFO - Started process (PID=67738) to work on /opt/airflow/dags/dag_with_dependencies.py
[2025-03-14T06:42:39.562+0000] {processor.py:829} INFO - Processing file /opt/airflow/dags/dag_with_dependencies.py for tasks to queue
[2025-03-14T06:42:39.563+0000] {logging_mixin.py:154} INFO - [2025-03-14T06:42:39.562+0000] {dagbag.py:536} INFO - Filling up the DagBag from /opt/airflow/dags/dag_with_dependencies.py
[2025-03-14T06:42:39.573+0000] {processor.py:839} INFO - DAG(s) dict_keys(['dag_with_python_dependencies_v03']) retrieved from /opt/airflow/dags/dag_with_dependencies.py
[2025-03-14T06:42:39.604+0000] {logging_mixin.py:154} INFO - [2025-03-14T06:42:39.604+0000] {dag.py:2941} INFO - Sync 1 DAGs
[2025-03-14T06:42:39.622+0000] {logging_mixin.py:154} INFO - [2025-03-14T06:42:39.622+0000] {dag.py:3722} INFO - Setting next_dagrun for dag_with_python_dependencies_v03 to 2025-03-14T00:00:00+00:00, run_after=2025-03-15T00:00:00+00:00
[2025-03-14T06:42:39.640+0000] {processor.py:179} INFO - Processing /opt/airflow/dags/dag_with_dependencies.py took 0.083 seconds
[2025-03-14T06:43:10.229+0000] {processor.py:157} INFO - Started process (PID=67785) to work on /opt/airflow/dags/dag_with_dependencies.py
[2025-03-14T06:43:10.230+0000] {processor.py:829} INFO - Processing file /opt/airflow/dags/dag_with_dependencies.py for tasks to queue
[2025-03-14T06:43:10.231+0000] {logging_mixin.py:154} INFO - [2025-03-14T06:43:10.230+0000] {dagbag.py:536} INFO - Filling up the DagBag from /opt/airflow/dags/dag_with_dependencies.py
[2025-03-14T06:43:10.239+0000] {processor.py:839} INFO - DAG(s) dict_keys(['dag_with_python_dependencies_v03']) retrieved from /opt/airflow/dags/dag_with_dependencies.py
[2025-03-14T06:43:10.263+0000] {logging_mixin.py:154} INFO - [2025-03-14T06:43:10.262+0000] {dag.py:2941} INFO - Sync 1 DAGs
[2025-03-14T06:43:10.277+0000] {logging_mixin.py:154} INFO - [2025-03-14T06:43:10.277+0000] {dag.py:3722} INFO - Setting next_dagrun for dag_with_python_dependencies_v03 to 2025-03-14T00:00:00+00:00, run_after=2025-03-15T00:00:00+00:00
[2025-03-14T06:43:10.290+0000] {processor.py:179} INFO - Processing /opt/airflow/dags/dag_with_dependencies.py took 0.065 seconds
[2025-03-14T06:43:40.810+0000] {processor.py:157} INFO - Started process (PID=67832) to work on /opt/airflow/dags/dag_with_dependencies.py
[2025-03-14T06:43:40.811+0000] {processor.py:829} INFO - Processing file /opt/airflow/dags/dag_with_dependencies.py for tasks to queue
[2025-03-14T06:43:40.813+0000] {logging_mixin.py:154} INFO - [2025-03-14T06:43:40.812+0000] {dagbag.py:536} INFO - Filling up the DagBag from /opt/airflow/dags/dag_with_dependencies.py
[2025-03-14T06:43:40.822+0000] {processor.py:839} INFO - DAG(s) dict_keys(['dag_with_python_dependencies_v03']) retrieved from /opt/airflow/dags/dag_with_dependencies.py
[2025-03-14T06:43:40.850+0000] {logging_mixin.py:154} INFO - [2025-03-14T06:43:40.849+0000] {dag.py:2941} INFO - Sync 1 DAGs
[2025-03-14T06:43:40.877+0000] {logging_mixin.py:154} INFO - [2025-03-14T06:43:40.877+0000] {dag.py:3722} INFO - Setting next_dagrun for dag_with_python_dependencies_v03 to 2025-03-14T00:00:00+00:00, run_after=2025-03-15T00:00:00+00:00
[2025-03-14T06:43:40.894+0000] {processor.py:179} INFO - Processing /opt/airflow/dags/dag_with_dependencies.py took 0.087 seconds
[2025-03-14T06:44:11.454+0000] {processor.py:157} INFO - Started process (PID=67879) to work on /opt/airflow/dags/dag_with_dependencies.py
[2025-03-14T06:44:11.455+0000] {processor.py:829} INFO - Processing file /opt/airflow/dags/dag_with_dependencies.py for tasks to queue
[2025-03-14T06:44:11.456+0000] {logging_mixin.py:154} INFO - [2025-03-14T06:44:11.456+0000] {dagbag.py:536} INFO - Filling up the DagBag from /opt/airflow/dags/dag_with_dependencies.py
[2025-03-14T06:44:11.466+0000] {processor.py:839} INFO - DAG(s) dict_keys(['dag_with_python_dependencies_v03']) retrieved from /opt/airflow/dags/dag_with_dependencies.py
[2025-03-14T06:44:11.500+0000] {logging_mixin.py:154} INFO - [2025-03-14T06:44:11.500+0000] {dag.py:2941} INFO - Sync 1 DAGs
[2025-03-14T06:44:11.528+0000] {logging_mixin.py:154} INFO - [2025-03-14T06:44:11.527+0000] {dag.py:3722} INFO - Setting next_dagrun for dag_with_python_dependencies_v03 to 2025-03-14T00:00:00+00:00, run_after=2025-03-15T00:00:00+00:00
[2025-03-14T06:44:11.547+0000] {processor.py:179} INFO - Processing /opt/airflow/dags/dag_with_dependencies.py took 0.097 seconds
[2025-03-14T06:44:42.109+0000] {processor.py:157} INFO - Started process (PID=67927) to work on /opt/airflow/dags/dag_with_dependencies.py
[2025-03-14T06:44:42.110+0000] {processor.py:829} INFO - Processing file /opt/airflow/dags/dag_with_dependencies.py for tasks to queue
[2025-03-14T06:44:42.110+0000] {logging_mixin.py:154} INFO - [2025-03-14T06:44:42.110+0000] {dagbag.py:536} INFO - Filling up the DagBag from /opt/airflow/dags/dag_with_dependencies.py
[2025-03-14T06:44:42.117+0000] {processor.py:839} INFO - DAG(s) dict_keys(['dag_with_python_dependencies_v03']) retrieved from /opt/airflow/dags/dag_with_dependencies.py
[2025-03-14T06:44:42.140+0000] {logging_mixin.py:154} INFO - [2025-03-14T06:44:42.140+0000] {dag.py:2941} INFO - Sync 1 DAGs
[2025-03-14T06:44:42.155+0000] {logging_mixin.py:154} INFO - [2025-03-14T06:44:42.155+0000] {dag.py:3722} INFO - Setting next_dagrun for dag_with_python_dependencies_v03 to 2025-03-14T00:00:00+00:00, run_after=2025-03-15T00:00:00+00:00
[2025-03-14T06:44:42.170+0000] {processor.py:179} INFO - Processing /opt/airflow/dags/dag_with_dependencies.py took 0.063 seconds
[2025-03-14T06:45:12.675+0000] {processor.py:157} INFO - Started process (PID=67974) to work on /opt/airflow/dags/dag_with_dependencies.py
[2025-03-14T06:45:12.676+0000] {processor.py:829} INFO - Processing file /opt/airflow/dags/dag_with_dependencies.py for tasks to queue
[2025-03-14T06:45:12.676+0000] {logging_mixin.py:154} INFO - [2025-03-14T06:45:12.676+0000] {dagbag.py:536} INFO - Filling up the DagBag from /opt/airflow/dags/dag_with_dependencies.py
[2025-03-14T06:45:12.684+0000] {processor.py:839} INFO - DAG(s) dict_keys(['dag_with_python_dependencies_v03']) retrieved from /opt/airflow/dags/dag_with_dependencies.py
[2025-03-14T06:45:12.706+0000] {logging_mixin.py:154} INFO - [2025-03-14T06:45:12.705+0000] {dag.py:2941} INFO - Sync 1 DAGs
[2025-03-14T06:45:12.722+0000] {logging_mixin.py:154} INFO - [2025-03-14T06:45:12.722+0000] {dag.py:3722} INFO - Setting next_dagrun for dag_with_python_dependencies_v03 to 2025-03-14T00:00:00+00:00, run_after=2025-03-15T00:00:00+00:00
[2025-03-14T06:45:12.744+0000] {processor.py:179} INFO - Processing /opt/airflow/dags/dag_with_dependencies.py took 0.071 seconds
[2025-03-14T06:45:43.259+0000] {processor.py:157} INFO - Started process (PID=68021) to work on /opt/airflow/dags/dag_with_dependencies.py
[2025-03-14T06:45:43.260+0000] {processor.py:829} INFO - Processing file /opt/airflow/dags/dag_with_dependencies.py for tasks to queue
[2025-03-14T06:45:43.260+0000] {logging_mixin.py:154} INFO - [2025-03-14T06:45:43.260+0000] {dagbag.py:536} INFO - Filling up the DagBag from /opt/airflow/dags/dag_with_dependencies.py
[2025-03-14T06:45:43.268+0000] {processor.py:839} INFO - DAG(s) dict_keys(['dag_with_python_dependencies_v03']) retrieved from /opt/airflow/dags/dag_with_dependencies.py
[2025-03-14T06:45:43.290+0000] {logging_mixin.py:154} INFO - [2025-03-14T06:45:43.290+0000] {dag.py:2941} INFO - Sync 1 DAGs
[2025-03-14T06:45:43.306+0000] {logging_mixin.py:154} INFO - [2025-03-14T06:45:43.305+0000] {dag.py:3722} INFO - Setting next_dagrun for dag_with_python_dependencies_v03 to 2025-03-14T00:00:00+00:00, run_after=2025-03-15T00:00:00+00:00
[2025-03-14T06:45:43.319+0000] {processor.py:179} INFO - Processing /opt/airflow/dags/dag_with_dependencies.py took 0.062 seconds
[2025-03-14T06:46:13.916+0000] {processor.py:157} INFO - Started process (PID=68068) to work on /opt/airflow/dags/dag_with_dependencies.py
[2025-03-14T06:46:13.917+0000] {processor.py:829} INFO - Processing file /opt/airflow/dags/dag_with_dependencies.py for tasks to queue
[2025-03-14T06:46:13.918+0000] {logging_mixin.py:154} INFO - [2025-03-14T06:46:13.918+0000] {dagbag.py:536} INFO - Filling up the DagBag from /opt/airflow/dags/dag_with_dependencies.py
[2025-03-14T06:46:13.928+0000] {processor.py:839} INFO - DAG(s) dict_keys(['dag_with_python_dependencies_v03']) retrieved from /opt/airflow/dags/dag_with_dependencies.py
[2025-03-14T06:46:13.957+0000] {logging_mixin.py:154} INFO - [2025-03-14T06:46:13.957+0000] {dag.py:2941} INFO - Sync 1 DAGs
[2025-03-14T06:46:13.971+0000] {logging_mixin.py:154} INFO - [2025-03-14T06:46:13.971+0000] {dag.py:3722} INFO - Setting next_dagrun for dag_with_python_dependencies_v03 to 2025-03-14T00:00:00+00:00, run_after=2025-03-15T00:00:00+00:00
[2025-03-14T06:46:13.983+0000] {processor.py:179} INFO - Processing /opt/airflow/dags/dag_with_dependencies.py took 0.070 seconds
[2025-03-14T06:46:44.604+0000] {processor.py:157} INFO - Started process (PID=68115) to work on /opt/airflow/dags/dag_with_dependencies.py
[2025-03-14T06:46:44.604+0000] {processor.py:829} INFO - Processing file /opt/airflow/dags/dag_with_dependencies.py for tasks to queue
[2025-03-14T06:46:44.605+0000] {logging_mixin.py:154} INFO - [2025-03-14T06:46:44.605+0000] {dagbag.py:536} INFO - Filling up the DagBag from /opt/airflow/dags/dag_with_dependencies.py
[2025-03-14T06:46:44.614+0000] {processor.py:839} INFO - DAG(s) dict_keys(['dag_with_python_dependencies_v03']) retrieved from /opt/airflow/dags/dag_with_dependencies.py
[2025-03-14T06:46:44.634+0000] {logging_mixin.py:154} INFO - [2025-03-14T06:46:44.634+0000] {dag.py:2941} INFO - Sync 1 DAGs
[2025-03-14T06:46:44.649+0000] {logging_mixin.py:154} INFO - [2025-03-14T06:46:44.649+0000] {dag.py:3722} INFO - Setting next_dagrun for dag_with_python_dependencies_v03 to 2025-03-14T00:00:00+00:00, run_after=2025-03-15T00:00:00+00:00
[2025-03-14T06:46:44.663+0000] {processor.py:179} INFO - Processing /opt/airflow/dags/dag_with_dependencies.py took 0.062 seconds
[2025-03-14T06:47:15.161+0000] {processor.py:157} INFO - Started process (PID=68162) to work on /opt/airflow/dags/dag_with_dependencies.py
[2025-03-14T06:47:15.162+0000] {processor.py:829} INFO - Processing file /opt/airflow/dags/dag_with_dependencies.py for tasks to queue
[2025-03-14T06:47:15.164+0000] {logging_mixin.py:154} INFO - [2025-03-14T06:47:15.163+0000] {dagbag.py:536} INFO - Filling up the DagBag from /opt/airflow/dags/dag_with_dependencies.py
[2025-03-14T06:47:15.174+0000] {processor.py:839} INFO - DAG(s) dict_keys(['dag_with_python_dependencies_v03']) retrieved from /opt/airflow/dags/dag_with_dependencies.py
[2025-03-14T06:47:15.193+0000] {logging_mixin.py:154} INFO - [2025-03-14T06:47:15.193+0000] {dag.py:2941} INFO - Sync 1 DAGs
[2025-03-14T06:47:15.212+0000] {logging_mixin.py:154} INFO - [2025-03-14T06:47:15.212+0000] {dag.py:3722} INFO - Setting next_dagrun for dag_with_python_dependencies_v03 to 2025-03-14T00:00:00+00:00, run_after=2025-03-15T00:00:00+00:00
[2025-03-14T06:47:15.226+0000] {processor.py:179} INFO - Processing /opt/airflow/dags/dag_with_dependencies.py took 0.067 seconds
[2025-03-14T06:47:45.751+0000] {processor.py:157} INFO - Started process (PID=68209) to work on /opt/airflow/dags/dag_with_dependencies.py
[2025-03-14T06:47:45.751+0000] {processor.py:829} INFO - Processing file /opt/airflow/dags/dag_with_dependencies.py for tasks to queue
[2025-03-14T06:47:45.752+0000] {logging_mixin.py:154} INFO - [2025-03-14T06:47:45.752+0000] {dagbag.py:536} INFO - Filling up the DagBag from /opt/airflow/dags/dag_with_dependencies.py
[2025-03-14T06:47:45.760+0000] {processor.py:839} INFO - DAG(s) dict_keys(['dag_with_python_dependencies_v03']) retrieved from /opt/airflow/dags/dag_with_dependencies.py
[2025-03-14T06:47:45.781+0000] {logging_mixin.py:154} INFO - [2025-03-14T06:47:45.781+0000] {dag.py:2941} INFO - Sync 1 DAGs
[2025-03-14T06:47:45.795+0000] {logging_mixin.py:154} INFO - [2025-03-14T06:47:45.794+0000] {dag.py:3722} INFO - Setting next_dagrun for dag_with_python_dependencies_v03 to 2025-03-14T00:00:00+00:00, run_after=2025-03-15T00:00:00+00:00
[2025-03-14T06:47:45.807+0000] {processor.py:179} INFO - Processing /opt/airflow/dags/dag_with_dependencies.py took 0.060 seconds
[2025-03-14T06:48:16.360+0000] {processor.py:157} INFO - Started process (PID=68256) to work on /opt/airflow/dags/dag_with_dependencies.py
[2025-03-14T06:48:16.361+0000] {processor.py:829} INFO - Processing file /opt/airflow/dags/dag_with_dependencies.py for tasks to queue
[2025-03-14T06:48:16.361+0000] {logging_mixin.py:154} INFO - [2025-03-14T06:48:16.361+0000] {dagbag.py:536} INFO - Filling up the DagBag from /opt/airflow/dags/dag_with_dependencies.py
[2025-03-14T06:48:16.371+0000] {processor.py:839} INFO - DAG(s) dict_keys(['dag_with_python_dependencies_v03']) retrieved from /opt/airflow/dags/dag_with_dependencies.py
[2025-03-14T06:48:16.393+0000] {logging_mixin.py:154} INFO - [2025-03-14T06:48:16.393+0000] {dag.py:2941} INFO - Sync 1 DAGs
[2025-03-14T06:48:16.412+0000] {logging_mixin.py:154} INFO - [2025-03-14T06:48:16.412+0000] {dag.py:3722} INFO - Setting next_dagrun for dag_with_python_dependencies_v03 to 2025-03-14T00:00:00+00:00, run_after=2025-03-15T00:00:00+00:00
[2025-03-14T06:48:16.429+0000] {processor.py:179} INFO - Processing /opt/airflow/dags/dag_with_dependencies.py took 0.072 seconds
[2025-03-14T06:48:46.941+0000] {processor.py:157} INFO - Started process (PID=68304) to work on /opt/airflow/dags/dag_with_dependencies.py
[2025-03-14T06:48:46.941+0000] {processor.py:829} INFO - Processing file /opt/airflow/dags/dag_with_dependencies.py for tasks to queue
[2025-03-14T06:48:46.942+0000] {logging_mixin.py:154} INFO - [2025-03-14T06:48:46.941+0000] {dagbag.py:536} INFO - Filling up the DagBag from /opt/airflow/dags/dag_with_dependencies.py
[2025-03-14T06:48:46.951+0000] {processor.py:839} INFO - DAG(s) dict_keys(['dag_with_python_dependencies_v03']) retrieved from /opt/airflow/dags/dag_with_dependencies.py
[2025-03-14T06:48:46.990+0000] {logging_mixin.py:154} INFO - [2025-03-14T06:48:46.989+0000] {dag.py:2941} INFO - Sync 1 DAGs
[2025-03-14T06:48:47.018+0000] {logging_mixin.py:154} INFO - [2025-03-14T06:48:47.018+0000] {dag.py:3722} INFO - Setting next_dagrun for dag_with_python_dependencies_v03 to 2025-03-14T00:00:00+00:00, run_after=2025-03-15T00:00:00+00:00
[2025-03-14T06:48:47.035+0000] {processor.py:179} INFO - Processing /opt/airflow/dags/dag_with_dependencies.py took 0.097 seconds
[2025-03-14T06:49:17.573+0000] {processor.py:157} INFO - Started process (PID=68349) to work on /opt/airflow/dags/dag_with_dependencies.py
[2025-03-14T06:49:17.574+0000] {processor.py:829} INFO - Processing file /opt/airflow/dags/dag_with_dependencies.py for tasks to queue
[2025-03-14T06:49:17.575+0000] {logging_mixin.py:154} INFO - [2025-03-14T06:49:17.575+0000] {dagbag.py:536} INFO - Filling up the DagBag from /opt/airflow/dags/dag_with_dependencies.py
[2025-03-14T06:49:17.587+0000] {processor.py:839} INFO - DAG(s) dict_keys(['dag_with_python_dependencies_v03']) retrieved from /opt/airflow/dags/dag_with_dependencies.py
[2025-03-14T06:49:17.609+0000] {logging_mixin.py:154} INFO - [2025-03-14T06:49:17.609+0000] {dag.py:2941} INFO - Sync 1 DAGs
[2025-03-14T06:49:17.624+0000] {logging_mixin.py:154} INFO - [2025-03-14T06:49:17.624+0000] {dag.py:3722} INFO - Setting next_dagrun for dag_with_python_dependencies_v03 to 2025-03-14T00:00:00+00:00, run_after=2025-03-15T00:00:00+00:00
[2025-03-14T06:49:17.637+0000] {processor.py:179} INFO - Processing /opt/airflow/dags/dag_with_dependencies.py took 0.069 seconds
[2025-03-14T06:49:48.139+0000] {processor.py:157} INFO - Started process (PID=68396) to work on /opt/airflow/dags/dag_with_dependencies.py
[2025-03-14T06:49:48.140+0000] {processor.py:829} INFO - Processing file /opt/airflow/dags/dag_with_dependencies.py for tasks to queue
[2025-03-14T06:49:48.141+0000] {logging_mixin.py:154} INFO - [2025-03-14T06:49:48.141+0000] {dagbag.py:536} INFO - Filling up the DagBag from /opt/airflow/dags/dag_with_dependencies.py
[2025-03-14T06:49:48.151+0000] {processor.py:839} INFO - DAG(s) dict_keys(['dag_with_python_dependencies_v03']) retrieved from /opt/airflow/dags/dag_with_dependencies.py
[2025-03-14T06:49:48.176+0000] {logging_mixin.py:154} INFO - [2025-03-14T06:49:48.176+0000] {dag.py:2941} INFO - Sync 1 DAGs
[2025-03-14T06:49:48.210+0000] {logging_mixin.py:154} INFO - [2025-03-14T06:49:48.210+0000] {dag.py:3722} INFO - Setting next_dagrun for dag_with_python_dependencies_v03 to 2025-03-14T00:00:00+00:00, run_after=2025-03-15T00:00:00+00:00
[2025-03-14T06:49:48.230+0000] {processor.py:179} INFO - Processing /opt/airflow/dags/dag_with_dependencies.py took 0.096 seconds
[2025-03-14T06:50:18.762+0000] {processor.py:157} INFO - Started process (PID=68445) to work on /opt/airflow/dags/dag_with_dependencies.py
[2025-03-14T06:50:18.763+0000] {processor.py:829} INFO - Processing file /opt/airflow/dags/dag_with_dependencies.py for tasks to queue
[2025-03-14T06:50:18.764+0000] {logging_mixin.py:154} INFO - [2025-03-14T06:50:18.764+0000] {dagbag.py:536} INFO - Filling up the DagBag from /opt/airflow/dags/dag_with_dependencies.py
[2025-03-14T06:50:18.779+0000] {processor.py:839} INFO - DAG(s) dict_keys(['dag_with_python_dependencies_v03']) retrieved from /opt/airflow/dags/dag_with_dependencies.py
[2025-03-14T06:50:18.806+0000] {logging_mixin.py:154} INFO - [2025-03-14T06:50:18.806+0000] {dag.py:2941} INFO - Sync 1 DAGs
[2025-03-14T06:50:18.821+0000] {logging_mixin.py:154} INFO - [2025-03-14T06:50:18.821+0000] {dag.py:3722} INFO - Setting next_dagrun for dag_with_python_dependencies_v03 to 2025-03-14T00:00:00+00:00, run_after=2025-03-15T00:00:00+00:00
[2025-03-14T06:50:18.833+0000] {processor.py:179} INFO - Processing /opt/airflow/dags/dag_with_dependencies.py took 0.076 seconds
[2025-03-14T06:50:49.361+0000] {processor.py:157} INFO - Started process (PID=68492) to work on /opt/airflow/dags/dag_with_dependencies.py
[2025-03-14T06:50:49.362+0000] {processor.py:829} INFO - Processing file /opt/airflow/dags/dag_with_dependencies.py for tasks to queue
[2025-03-14T06:50:49.363+0000] {logging_mixin.py:154} INFO - [2025-03-14T06:50:49.362+0000] {dagbag.py:536} INFO - Filling up the DagBag from /opt/airflow/dags/dag_with_dependencies.py
[2025-03-14T06:50:49.371+0000] {processor.py:839} INFO - DAG(s) dict_keys(['dag_with_python_dependencies_v03']) retrieved from /opt/airflow/dags/dag_with_dependencies.py
[2025-03-14T06:50:49.392+0000] {logging_mixin.py:154} INFO - [2025-03-14T06:50:49.392+0000] {dag.py:2941} INFO - Sync 1 DAGs
[2025-03-14T06:50:49.406+0000] {logging_mixin.py:154} INFO - [2025-03-14T06:50:49.406+0000] {dag.py:3722} INFO - Setting next_dagrun for dag_with_python_dependencies_v03 to 2025-03-14T00:00:00+00:00, run_after=2025-03-15T00:00:00+00:00
[2025-03-14T06:50:49.421+0000] {processor.py:179} INFO - Processing /opt/airflow/dags/dag_with_dependencies.py took 0.065 seconds
[2025-03-14T06:51:19.935+0000] {processor.py:157} INFO - Started process (PID=68539) to work on /opt/airflow/dags/dag_with_dependencies.py
[2025-03-14T06:51:19.936+0000] {processor.py:829} INFO - Processing file /opt/airflow/dags/dag_with_dependencies.py for tasks to queue
[2025-03-14T06:51:19.937+0000] {logging_mixin.py:154} INFO - [2025-03-14T06:51:19.936+0000] {dagbag.py:536} INFO - Filling up the DagBag from /opt/airflow/dags/dag_with_dependencies.py
[2025-03-14T06:51:19.945+0000] {processor.py:839} INFO - DAG(s) dict_keys(['dag_with_python_dependencies_v03']) retrieved from /opt/airflow/dags/dag_with_dependencies.py
[2025-03-14T06:51:19.963+0000] {logging_mixin.py:154} INFO - [2025-03-14T06:51:19.963+0000] {dag.py:2941} INFO - Sync 1 DAGs
[2025-03-14T06:51:19.977+0000] {logging_mixin.py:154} INFO - [2025-03-14T06:51:19.977+0000] {dag.py:3722} INFO - Setting next_dagrun for dag_with_python_dependencies_v03 to 2025-03-14T00:00:00+00:00, run_after=2025-03-15T00:00:00+00:00
[2025-03-14T06:51:19.990+0000] {processor.py:179} INFO - Processing /opt/airflow/dags/dag_with_dependencies.py took 0.058 seconds
[2025-03-14T06:51:50.489+0000] {processor.py:157} INFO - Started process (PID=68586) to work on /opt/airflow/dags/dag_with_dependencies.py
[2025-03-14T06:51:50.489+0000] {processor.py:829} INFO - Processing file /opt/airflow/dags/dag_with_dependencies.py for tasks to queue
[2025-03-14T06:51:50.490+0000] {logging_mixin.py:154} INFO - [2025-03-14T06:51:50.490+0000] {dagbag.py:536} INFO - Filling up the DagBag from /opt/airflow/dags/dag_with_dependencies.py
[2025-03-14T06:51:50.498+0000] {processor.py:839} INFO - DAG(s) dict_keys(['dag_with_python_dependencies_v03']) retrieved from /opt/airflow/dags/dag_with_dependencies.py
[2025-03-14T06:51:50.524+0000] {logging_mixin.py:154} INFO - [2025-03-14T06:51:50.524+0000] {dag.py:2941} INFO - Sync 1 DAGs
[2025-03-14T06:51:50.543+0000] {logging_mixin.py:154} INFO - [2025-03-14T06:51:50.543+0000] {dag.py:3722} INFO - Setting next_dagrun for dag_with_python_dependencies_v03 to 2025-03-14T00:00:00+00:00, run_after=2025-03-15T00:00:00+00:00
[2025-03-14T06:51:50.557+0000] {processor.py:179} INFO - Processing /opt/airflow/dags/dag_with_dependencies.py took 0.072 seconds
[2025-03-14T06:52:21.152+0000] {processor.py:157} INFO - Started process (PID=68640) to work on /opt/airflow/dags/dag_with_dependencies.py
[2025-03-14T06:52:21.153+0000] {processor.py:829} INFO - Processing file /opt/airflow/dags/dag_with_dependencies.py for tasks to queue
[2025-03-14T06:52:21.154+0000] {logging_mixin.py:154} INFO - [2025-03-14T06:52:21.154+0000] {dagbag.py:536} INFO - Filling up the DagBag from /opt/airflow/dags/dag_with_dependencies.py
[2025-03-14T06:52:21.164+0000] {processor.py:839} INFO - DAG(s) dict_keys(['dag_with_python_dependencies_v03']) retrieved from /opt/airflow/dags/dag_with_dependencies.py
[2025-03-14T06:52:21.187+0000] {logging_mixin.py:154} INFO - [2025-03-14T06:52:21.186+0000] {dag.py:2941} INFO - Sync 1 DAGs
[2025-03-14T06:52:21.203+0000] {logging_mixin.py:154} INFO - [2025-03-14T06:52:21.202+0000] {dag.py:3722} INFO - Setting next_dagrun for dag_with_python_dependencies_v03 to 2025-03-14T00:00:00+00:00, run_after=2025-03-15T00:00:00+00:00
[2025-03-14T06:52:21.217+0000] {processor.py:179} INFO - Processing /opt/airflow/dags/dag_with_dependencies.py took 0.069 seconds
[2025-03-14T06:52:51.732+0000] {processor.py:157} INFO - Started process (PID=68687) to work on /opt/airflow/dags/dag_with_dependencies.py
[2025-03-14T06:52:51.733+0000] {processor.py:829} INFO - Processing file /opt/airflow/dags/dag_with_dependencies.py for tasks to queue
[2025-03-14T06:52:51.734+0000] {logging_mixin.py:154} INFO - [2025-03-14T06:52:51.734+0000] {dagbag.py:536} INFO - Filling up the DagBag from /opt/airflow/dags/dag_with_dependencies.py
[2025-03-14T06:52:51.742+0000] {processor.py:839} INFO - DAG(s) dict_keys(['dag_with_python_dependencies_v03']) retrieved from /opt/airflow/dags/dag_with_dependencies.py
[2025-03-14T06:52:51.766+0000] {logging_mixin.py:154} INFO - [2025-03-14T06:52:51.766+0000] {dag.py:2941} INFO - Sync 1 DAGs
[2025-03-14T06:52:51.790+0000] {logging_mixin.py:154} INFO - [2025-03-14T06:52:51.790+0000] {dag.py:3722} INFO - Setting next_dagrun for dag_with_python_dependencies_v03 to 2025-03-14T00:00:00+00:00, run_after=2025-03-15T00:00:00+00:00
[2025-03-14T06:52:51.812+0000] {processor.py:179} INFO - Processing /opt/airflow/dags/dag_with_dependencies.py took 0.084 seconds
[2025-03-14T06:53:22.412+0000] {processor.py:157} INFO - Started process (PID=68734) to work on /opt/airflow/dags/dag_with_dependencies.py
[2025-03-14T06:53:22.413+0000] {processor.py:829} INFO - Processing file /opt/airflow/dags/dag_with_dependencies.py for tasks to queue
[2025-03-14T06:53:22.413+0000] {logging_mixin.py:154} INFO - [2025-03-14T06:53:22.413+0000] {dagbag.py:536} INFO - Filling up the DagBag from /opt/airflow/dags/dag_with_dependencies.py
[2025-03-14T06:53:22.422+0000] {processor.py:839} INFO - DAG(s) dict_keys(['dag_with_python_dependencies_v03']) retrieved from /opt/airflow/dags/dag_with_dependencies.py
[2025-03-14T06:53:22.448+0000] {logging_mixin.py:154} INFO - [2025-03-14T06:53:22.448+0000] {dag.py:2941} INFO - Sync 1 DAGs
[2025-03-14T06:53:22.476+0000] {logging_mixin.py:154} INFO - [2025-03-14T06:53:22.476+0000] {dag.py:3722} INFO - Setting next_dagrun for dag_with_python_dependencies_v03 to 2025-03-14T00:00:00+00:00, run_after=2025-03-15T00:00:00+00:00
[2025-03-14T06:53:22.493+0000] {processor.py:179} INFO - Processing /opt/airflow/dags/dag_with_dependencies.py took 0.085 seconds
[2025-03-14T06:53:53.124+0000] {processor.py:157} INFO - Started process (PID=68781) to work on /opt/airflow/dags/dag_with_dependencies.py
[2025-03-14T06:53:53.124+0000] {processor.py:829} INFO - Processing file /opt/airflow/dags/dag_with_dependencies.py for tasks to queue
[2025-03-14T06:53:53.125+0000] {logging_mixin.py:154} INFO - [2025-03-14T06:53:53.125+0000] {dagbag.py:536} INFO - Filling up the DagBag from /opt/airflow/dags/dag_with_dependencies.py
[2025-03-14T06:53:53.132+0000] {processor.py:839} INFO - DAG(s) dict_keys(['dag_with_python_dependencies_v03']) retrieved from /opt/airflow/dags/dag_with_dependencies.py
[2025-03-14T06:53:53.157+0000] {logging_mixin.py:154} INFO - [2025-03-14T06:53:53.157+0000] {dag.py:2941} INFO - Sync 1 DAGs
[2025-03-14T06:53:53.175+0000] {logging_mixin.py:154} INFO - [2025-03-14T06:53:53.175+0000] {dag.py:3722} INFO - Setting next_dagrun for dag_with_python_dependencies_v03 to 2025-03-14T00:00:00+00:00, run_after=2025-03-15T00:00:00+00:00
[2025-03-14T06:53:53.192+0000] {processor.py:179} INFO - Processing /opt/airflow/dags/dag_with_dependencies.py took 0.070 seconds
[2025-03-14T06:54:23.719+0000] {processor.py:157} INFO - Started process (PID=68828) to work on /opt/airflow/dags/dag_with_dependencies.py
[2025-03-14T06:54:23.719+0000] {processor.py:829} INFO - Processing file /opt/airflow/dags/dag_with_dependencies.py for tasks to queue
[2025-03-14T06:54:23.720+0000] {logging_mixin.py:154} INFO - [2025-03-14T06:54:23.719+0000] {dagbag.py:536} INFO - Filling up the DagBag from /opt/airflow/dags/dag_with_dependencies.py
[2025-03-14T06:54:23.726+0000] {processor.py:839} INFO - DAG(s) dict_keys(['dag_with_python_dependencies_v03']) retrieved from /opt/airflow/dags/dag_with_dependencies.py
[2025-03-14T06:54:23.745+0000] {logging_mixin.py:154} INFO - [2025-03-14T06:54:23.745+0000] {dag.py:2941} INFO - Sync 1 DAGs
[2025-03-14T06:54:23.761+0000] {logging_mixin.py:154} INFO - [2025-03-14T06:54:23.761+0000] {dag.py:3722} INFO - Setting next_dagrun for dag_with_python_dependencies_v03 to 2025-03-14T00:00:00+00:00, run_after=2025-03-15T00:00:00+00:00
[2025-03-14T06:54:23.774+0000] {processor.py:179} INFO - Processing /opt/airflow/dags/dag_with_dependencies.py took 0.058 seconds
[2025-03-14T06:54:54.401+0000] {processor.py:157} INFO - Started process (PID=68875) to work on /opt/airflow/dags/dag_with_dependencies.py
[2025-03-14T06:54:54.401+0000] {processor.py:829} INFO - Processing file /opt/airflow/dags/dag_with_dependencies.py for tasks to queue
[2025-03-14T06:54:54.402+0000] {logging_mixin.py:154} INFO - [2025-03-14T06:54:54.402+0000] {dagbag.py:536} INFO - Filling up the DagBag from /opt/airflow/dags/dag_with_dependencies.py
[2025-03-14T06:54:54.417+0000] {processor.py:839} INFO - DAG(s) dict_keys(['dag_with_python_dependencies_v03']) retrieved from /opt/airflow/dags/dag_with_dependencies.py
[2025-03-14T06:54:54.451+0000] {logging_mixin.py:154} INFO - [2025-03-14T06:54:54.451+0000] {dag.py:2941} INFO - Sync 1 DAGs
[2025-03-14T06:54:54.475+0000] {logging_mixin.py:154} INFO - [2025-03-14T06:54:54.475+0000] {dag.py:3722} INFO - Setting next_dagrun for dag_with_python_dependencies_v03 to 2025-03-14T00:00:00+00:00, run_after=2025-03-15T00:00:00+00:00
[2025-03-14T06:54:54.488+0000] {processor.py:179} INFO - Processing /opt/airflow/dags/dag_with_dependencies.py took 0.093 seconds
[2025-03-14T06:55:24.984+0000] {processor.py:157} INFO - Started process (PID=68922) to work on /opt/airflow/dags/dag_with_dependencies.py
[2025-03-14T06:55:24.985+0000] {processor.py:829} INFO - Processing file /opt/airflow/dags/dag_with_dependencies.py for tasks to queue
[2025-03-14T06:55:24.986+0000] {logging_mixin.py:154} INFO - [2025-03-14T06:55:24.985+0000] {dagbag.py:536} INFO - Filling up the DagBag from /opt/airflow/dags/dag_with_dependencies.py
[2025-03-14T06:55:24.998+0000] {processor.py:839} INFO - DAG(s) dict_keys(['dag_with_python_dependencies_v03']) retrieved from /opt/airflow/dags/dag_with_dependencies.py
[2025-03-14T06:55:25.022+0000] {logging_mixin.py:154} INFO - [2025-03-14T06:55:25.022+0000] {dag.py:2941} INFO - Sync 1 DAGs
[2025-03-14T06:55:25.042+0000] {logging_mixin.py:154} INFO - [2025-03-14T06:55:25.042+0000] {dag.py:3722} INFO - Setting next_dagrun for dag_with_python_dependencies_v03 to 2025-03-14T00:00:00+00:00, run_after=2025-03-15T00:00:00+00:00
[2025-03-14T06:55:25.057+0000] {processor.py:179} INFO - Processing /opt/airflow/dags/dag_with_dependencies.py took 0.076 seconds
[2025-03-14T06:55:55.756+0000] {processor.py:157} INFO - Started process (PID=68969) to work on /opt/airflow/dags/dag_with_dependencies.py
[2025-03-14T06:55:55.757+0000] {processor.py:829} INFO - Processing file /opt/airflow/dags/dag_with_dependencies.py for tasks to queue
[2025-03-14T06:55:55.758+0000] {logging_mixin.py:154} INFO - [2025-03-14T06:55:55.757+0000] {dagbag.py:536} INFO - Filling up the DagBag from /opt/airflow/dags/dag_with_dependencies.py
[2025-03-14T06:55:55.769+0000] {processor.py:839} INFO - DAG(s) dict_keys(['dag_with_python_dependencies_v03']) retrieved from /opt/airflow/dags/dag_with_dependencies.py
[2025-03-14T06:55:55.805+0000] {logging_mixin.py:154} INFO - [2025-03-14T06:55:55.805+0000] {dag.py:2941} INFO - Sync 1 DAGs
[2025-03-14T06:55:55.836+0000] {logging_mixin.py:154} INFO - [2025-03-14T06:55:55.836+0000] {dag.py:3722} INFO - Setting next_dagrun for dag_with_python_dependencies_v03 to 2025-03-14T00:00:00+00:00, run_after=2025-03-15T00:00:00+00:00
[2025-03-14T06:55:55.855+0000] {processor.py:179} INFO - Processing /opt/airflow/dags/dag_with_dependencies.py took 0.102 seconds
[2025-03-14T06:56:26.411+0000] {processor.py:157} INFO - Started process (PID=69016) to work on /opt/airflow/dags/dag_with_dependencies.py
[2025-03-14T06:56:26.412+0000] {processor.py:829} INFO - Processing file /opt/airflow/dags/dag_with_dependencies.py for tasks to queue
[2025-03-14T06:56:26.413+0000] {logging_mixin.py:154} INFO - [2025-03-14T06:56:26.412+0000] {dagbag.py:536} INFO - Filling up the DagBag from /opt/airflow/dags/dag_with_dependencies.py
[2025-03-14T06:56:26.425+0000] {processor.py:839} INFO - DAG(s) dict_keys(['dag_with_python_dependencies_v03']) retrieved from /opt/airflow/dags/dag_with_dependencies.py
[2025-03-14T06:56:26.453+0000] {logging_mixin.py:154} INFO - [2025-03-14T06:56:26.453+0000] {dag.py:2941} INFO - Sync 1 DAGs
[2025-03-14T06:56:26.467+0000] {logging_mixin.py:154} INFO - [2025-03-14T06:56:26.467+0000] {dag.py:3722} INFO - Setting next_dagrun for dag_with_python_dependencies_v03 to 2025-03-14T00:00:00+00:00, run_after=2025-03-15T00:00:00+00:00
[2025-03-14T06:56:26.486+0000] {processor.py:179} INFO - Processing /opt/airflow/dags/dag_with_dependencies.py took 0.080 seconds
[2025-03-14T06:56:56.991+0000] {processor.py:157} INFO - Started process (PID=69063) to work on /opt/airflow/dags/dag_with_dependencies.py
[2025-03-14T06:56:56.992+0000] {processor.py:829} INFO - Processing file /opt/airflow/dags/dag_with_dependencies.py for tasks to queue
[2025-03-14T06:56:56.992+0000] {logging_mixin.py:154} INFO - [2025-03-14T06:56:56.992+0000] {dagbag.py:536} INFO - Filling up the DagBag from /opt/airflow/dags/dag_with_dependencies.py
[2025-03-14T06:56:57.005+0000] {processor.py:839} INFO - DAG(s) dict_keys(['dag_with_python_dependencies_v03']) retrieved from /opt/airflow/dags/dag_with_dependencies.py
[2025-03-14T06:56:57.032+0000] {logging_mixin.py:154} INFO - [2025-03-14T06:56:57.031+0000] {dag.py:2941} INFO - Sync 1 DAGs
[2025-03-14T06:56:57.048+0000] {logging_mixin.py:154} INFO - [2025-03-14T06:56:57.048+0000] {dag.py:3722} INFO - Setting next_dagrun for dag_with_python_dependencies_v03 to 2025-03-14T00:00:00+00:00, run_after=2025-03-15T00:00:00+00:00
[2025-03-14T06:56:57.060+0000] {processor.py:179} INFO - Processing /opt/airflow/dags/dag_with_dependencies.py took 0.073 seconds
[2025-03-14T06:57:27.590+0000] {processor.py:157} INFO - Started process (PID=69110) to work on /opt/airflow/dags/dag_with_dependencies.py
[2025-03-14T06:57:27.591+0000] {processor.py:829} INFO - Processing file /opt/airflow/dags/dag_with_dependencies.py for tasks to queue
[2025-03-14T06:57:27.592+0000] {logging_mixin.py:154} INFO - [2025-03-14T06:57:27.591+0000] {dagbag.py:536} INFO - Filling up the DagBag from /opt/airflow/dags/dag_with_dependencies.py
[2025-03-14T06:57:27.604+0000] {processor.py:839} INFO - DAG(s) dict_keys(['dag_with_python_dependencies_v03']) retrieved from /opt/airflow/dags/dag_with_dependencies.py
[2025-03-14T06:57:27.624+0000] {logging_mixin.py:154} INFO - [2025-03-14T06:57:27.624+0000] {dag.py:2941} INFO - Sync 1 DAGs
[2025-03-14T06:57:27.640+0000] {logging_mixin.py:154} INFO - [2025-03-14T06:57:27.640+0000] {dag.py:3722} INFO - Setting next_dagrun for dag_with_python_dependencies_v03 to 2025-03-14T00:00:00+00:00, run_after=2025-03-15T00:00:00+00:00
[2025-03-14T06:57:27.654+0000] {processor.py:179} INFO - Processing /opt/airflow/dags/dag_with_dependencies.py took 0.067 seconds
[2025-03-14T06:57:58.170+0000] {processor.py:157} INFO - Started process (PID=69157) to work on /opt/airflow/dags/dag_with_dependencies.py
[2025-03-14T06:57:58.171+0000] {processor.py:829} INFO - Processing file /opt/airflow/dags/dag_with_dependencies.py for tasks to queue
[2025-03-14T06:57:58.172+0000] {logging_mixin.py:154} INFO - [2025-03-14T06:57:58.171+0000] {dagbag.py:536} INFO - Filling up the DagBag from /opt/airflow/dags/dag_with_dependencies.py
[2025-03-14T06:57:58.179+0000] {processor.py:839} INFO - DAG(s) dict_keys(['dag_with_python_dependencies_v03']) retrieved from /opt/airflow/dags/dag_with_dependencies.py
[2025-03-14T06:57:58.204+0000] {logging_mixin.py:154} INFO - [2025-03-14T06:57:58.203+0000] {dag.py:2941} INFO - Sync 1 DAGs
[2025-03-14T06:57:58.218+0000] {logging_mixin.py:154} INFO - [2025-03-14T06:57:58.218+0000] {dag.py:3722} INFO - Setting next_dagrun for dag_with_python_dependencies_v03 to 2025-03-14T00:00:00+00:00, run_after=2025-03-15T00:00:00+00:00
[2025-03-14T06:57:58.231+0000] {processor.py:179} INFO - Processing /opt/airflow/dags/dag_with_dependencies.py took 0.064 seconds
[2025-03-14T06:58:28.834+0000] {processor.py:157} INFO - Started process (PID=69204) to work on /opt/airflow/dags/dag_with_dependencies.py
[2025-03-14T06:58:28.835+0000] {processor.py:829} INFO - Processing file /opt/airflow/dags/dag_with_dependencies.py for tasks to queue
[2025-03-14T06:58:28.836+0000] {logging_mixin.py:154} INFO - [2025-03-14T06:58:28.836+0000] {dagbag.py:536} INFO - Filling up the DagBag from /opt/airflow/dags/dag_with_dependencies.py
[2025-03-14T06:58:28.843+0000] {processor.py:839} INFO - DAG(s) dict_keys(['dag_with_python_dependencies_v03']) retrieved from /opt/airflow/dags/dag_with_dependencies.py
[2025-03-14T06:58:28.868+0000] {logging_mixin.py:154} INFO - [2025-03-14T06:58:28.867+0000] {dag.py:2941} INFO - Sync 1 DAGs
[2025-03-14T06:58:28.888+0000] {logging_mixin.py:154} INFO - [2025-03-14T06:58:28.888+0000] {dag.py:3722} INFO - Setting next_dagrun for dag_with_python_dependencies_v03 to 2025-03-14T00:00:00+00:00, run_after=2025-03-15T00:00:00+00:00
[2025-03-14T06:58:28.900+0000] {processor.py:179} INFO - Processing /opt/airflow/dags/dag_with_dependencies.py took 0.069 seconds
[2025-03-14T06:58:59.451+0000] {processor.py:157} INFO - Started process (PID=69251) to work on /opt/airflow/dags/dag_with_dependencies.py
[2025-03-14T06:58:59.452+0000] {processor.py:829} INFO - Processing file /opt/airflow/dags/dag_with_dependencies.py for tasks to queue
[2025-03-14T06:58:59.453+0000] {logging_mixin.py:154} INFO - [2025-03-14T06:58:59.453+0000] {dagbag.py:536} INFO - Filling up the DagBag from /opt/airflow/dags/dag_with_dependencies.py
[2025-03-14T06:58:59.464+0000] {processor.py:839} INFO - DAG(s) dict_keys(['dag_with_python_dependencies_v03']) retrieved from /opt/airflow/dags/dag_with_dependencies.py
[2025-03-14T06:58:59.494+0000] {logging_mixin.py:154} INFO - [2025-03-14T06:58:59.494+0000] {dag.py:2941} INFO - Sync 1 DAGs
[2025-03-14T06:58:59.510+0000] {logging_mixin.py:154} INFO - [2025-03-14T06:58:59.510+0000] {dag.py:3722} INFO - Setting next_dagrun for dag_with_python_dependencies_v03 to 2025-03-14T00:00:00+00:00, run_after=2025-03-15T00:00:00+00:00
[2025-03-14T06:58:59.525+0000] {processor.py:179} INFO - Processing /opt/airflow/dags/dag_with_dependencies.py took 0.078 seconds
[2025-03-14T06:59:30.065+0000] {processor.py:157} INFO - Started process (PID=69299) to work on /opt/airflow/dags/dag_with_dependencies.py
[2025-03-14T06:59:30.066+0000] {processor.py:829} INFO - Processing file /opt/airflow/dags/dag_with_dependencies.py for tasks to queue
[2025-03-14T06:59:30.067+0000] {logging_mixin.py:154} INFO - [2025-03-14T06:59:30.067+0000] {dagbag.py:536} INFO - Filling up the DagBag from /opt/airflow/dags/dag_with_dependencies.py
[2025-03-14T06:59:30.081+0000] {processor.py:839} INFO - DAG(s) dict_keys(['dag_with_python_dependencies_v03']) retrieved from /opt/airflow/dags/dag_with_dependencies.py
[2025-03-14T06:59:30.116+0000] {logging_mixin.py:154} INFO - [2025-03-14T06:59:30.116+0000] {dag.py:2941} INFO - Sync 1 DAGs
[2025-03-14T06:59:30.147+0000] {logging_mixin.py:154} INFO - [2025-03-14T06:59:30.147+0000] {dag.py:3722} INFO - Setting next_dagrun for dag_with_python_dependencies_v03 to 2025-03-14T00:00:00+00:00, run_after=2025-03-15T00:00:00+00:00
[2025-03-14T06:59:30.164+0000] {processor.py:179} INFO - Processing /opt/airflow/dags/dag_with_dependencies.py took 0.104 seconds
[2025-03-14T07:00:00.685+0000] {processor.py:157} INFO - Started process (PID=69346) to work on /opt/airflow/dags/dag_with_dependencies.py
[2025-03-14T07:00:00.686+0000] {processor.py:829} INFO - Processing file /opt/airflow/dags/dag_with_dependencies.py for tasks to queue
[2025-03-14T07:00:00.687+0000] {logging_mixin.py:154} INFO - [2025-03-14T07:00:00.687+0000] {dagbag.py:536} INFO - Filling up the DagBag from /opt/airflow/dags/dag_with_dependencies.py
[2025-03-14T07:00:00.696+0000] {processor.py:839} INFO - DAG(s) dict_keys(['dag_with_python_dependencies_v03']) retrieved from /opt/airflow/dags/dag_with_dependencies.py
[2025-03-14T07:00:00.725+0000] {logging_mixin.py:154} INFO - [2025-03-14T07:00:00.725+0000] {dag.py:2941} INFO - Sync 1 DAGs
[2025-03-14T07:00:00.745+0000] {logging_mixin.py:154} INFO - [2025-03-14T07:00:00.745+0000] {dag.py:3722} INFO - Setting next_dagrun for dag_with_python_dependencies_v03 to 2025-03-14T00:00:00+00:00, run_after=2025-03-15T00:00:00+00:00
[2025-03-14T07:00:00.757+0000] {processor.py:179} INFO - Processing /opt/airflow/dags/dag_with_dependencies.py took 0.075 seconds
[2025-03-14T07:00:31.276+0000] {processor.py:157} INFO - Started process (PID=69393) to work on /opt/airflow/dags/dag_with_dependencies.py
[2025-03-14T07:00:31.277+0000] {processor.py:829} INFO - Processing file /opt/airflow/dags/dag_with_dependencies.py for tasks to queue
[2025-03-14T07:00:31.278+0000] {logging_mixin.py:154} INFO - [2025-03-14T07:00:31.277+0000] {dagbag.py:536} INFO - Filling up the DagBag from /opt/airflow/dags/dag_with_dependencies.py
[2025-03-14T07:00:31.288+0000] {processor.py:839} INFO - DAG(s) dict_keys(['dag_with_python_dependencies_v03']) retrieved from /opt/airflow/dags/dag_with_dependencies.py
[2025-03-14T07:00:31.309+0000] {logging_mixin.py:154} INFO - [2025-03-14T07:00:31.309+0000] {dag.py:2941} INFO - Sync 1 DAGs
[2025-03-14T07:00:31.323+0000] {logging_mixin.py:154} INFO - [2025-03-14T07:00:31.323+0000] {dag.py:3722} INFO - Setting next_dagrun for dag_with_python_dependencies_v03 to 2025-03-14T00:00:00+00:00, run_after=2025-03-15T00:00:00+00:00
[2025-03-14T07:00:31.336+0000] {processor.py:179} INFO - Processing /opt/airflow/dags/dag_with_dependencies.py took 0.062 seconds
[2025-03-14T07:01:01.874+0000] {processor.py:157} INFO - Started process (PID=69440) to work on /opt/airflow/dags/dag_with_dependencies.py
[2025-03-14T07:01:01.874+0000] {processor.py:829} INFO - Processing file /opt/airflow/dags/dag_with_dependencies.py for tasks to queue
[2025-03-14T07:01:01.875+0000] {logging_mixin.py:154} INFO - [2025-03-14T07:01:01.874+0000] {dagbag.py:536} INFO - Filling up the DagBag from /opt/airflow/dags/dag_with_dependencies.py
[2025-03-14T07:01:01.882+0000] {processor.py:839} INFO - DAG(s) dict_keys(['dag_with_python_dependencies_v03']) retrieved from /opt/airflow/dags/dag_with_dependencies.py
[2025-03-14T07:01:01.901+0000] {logging_mixin.py:154} INFO - [2025-03-14T07:01:01.901+0000] {dag.py:2941} INFO - Sync 1 DAGs
[2025-03-14T07:01:01.916+0000] {logging_mixin.py:154} INFO - [2025-03-14T07:01:01.916+0000] {dag.py:3722} INFO - Setting next_dagrun for dag_with_python_dependencies_v03 to 2025-03-14T00:00:00+00:00, run_after=2025-03-15T00:00:00+00:00
[2025-03-14T07:01:01.930+0000] {processor.py:179} INFO - Processing /opt/airflow/dags/dag_with_dependencies.py took 0.059 seconds
[2025-03-14T07:01:32.486+0000] {processor.py:157} INFO - Started process (PID=69487) to work on /opt/airflow/dags/dag_with_dependencies.py
[2025-03-14T07:01:32.487+0000] {processor.py:829} INFO - Processing file /opt/airflow/dags/dag_with_dependencies.py for tasks to queue
[2025-03-14T07:01:32.488+0000] {logging_mixin.py:154} INFO - [2025-03-14T07:01:32.488+0000] {dagbag.py:536} INFO - Filling up the DagBag from /opt/airflow/dags/dag_with_dependencies.py
[2025-03-14T07:01:32.503+0000] {processor.py:839} INFO - DAG(s) dict_keys(['dag_with_python_dependencies_v03']) retrieved from /opt/airflow/dags/dag_with_dependencies.py
[2025-03-14T07:01:32.536+0000] {logging_mixin.py:154} INFO - [2025-03-14T07:01:32.536+0000] {dag.py:2941} INFO - Sync 1 DAGs
[2025-03-14T07:01:32.558+0000] {logging_mixin.py:154} INFO - [2025-03-14T07:01:32.558+0000] {dag.py:3722} INFO - Setting next_dagrun for dag_with_python_dependencies_v03 to 2025-03-14T00:00:00+00:00, run_after=2025-03-15T00:00:00+00:00
[2025-03-14T07:01:32.576+0000] {processor.py:179} INFO - Processing /opt/airflow/dags/dag_with_dependencies.py took 0.094 seconds
[2025-03-14T07:02:03.117+0000] {processor.py:157} INFO - Started process (PID=69534) to work on /opt/airflow/dags/dag_with_dependencies.py
[2025-03-14T07:02:03.117+0000] {processor.py:829} INFO - Processing file /opt/airflow/dags/dag_with_dependencies.py for tasks to queue
[2025-03-14T07:02:03.118+0000] {logging_mixin.py:154} INFO - [2025-03-14T07:02:03.118+0000] {dagbag.py:536} INFO - Filling up the DagBag from /opt/airflow/dags/dag_with_dependencies.py
[2025-03-14T07:02:03.125+0000] {processor.py:839} INFO - DAG(s) dict_keys(['dag_with_python_dependencies_v03']) retrieved from /opt/airflow/dags/dag_with_dependencies.py
[2025-03-14T07:02:03.150+0000] {logging_mixin.py:154} INFO - [2025-03-14T07:02:03.150+0000] {dag.py:2941} INFO - Sync 1 DAGs
[2025-03-14T07:02:03.172+0000] {logging_mixin.py:154} INFO - [2025-03-14T07:02:03.172+0000] {dag.py:3722} INFO - Setting next_dagrun for dag_with_python_dependencies_v03 to 2025-03-14T00:00:00+00:00, run_after=2025-03-15T00:00:00+00:00
[2025-03-14T07:02:03.188+0000] {processor.py:179} INFO - Processing /opt/airflow/dags/dag_with_dependencies.py took 0.074 seconds
[2025-03-14T07:02:33.706+0000] {processor.py:157} INFO - Started process (PID=69581) to work on /opt/airflow/dags/dag_with_dependencies.py
[2025-03-14T07:02:33.707+0000] {processor.py:829} INFO - Processing file /opt/airflow/dags/dag_with_dependencies.py for tasks to queue
[2025-03-14T07:02:33.707+0000] {logging_mixin.py:154} INFO - [2025-03-14T07:02:33.707+0000] {dagbag.py:536} INFO - Filling up the DagBag from /opt/airflow/dags/dag_with_dependencies.py
[2025-03-14T07:02:33.716+0000] {processor.py:839} INFO - DAG(s) dict_keys(['dag_with_python_dependencies_v03']) retrieved from /opt/airflow/dags/dag_with_dependencies.py
[2025-03-14T07:02:33.742+0000] {logging_mixin.py:154} INFO - [2025-03-14T07:02:33.742+0000] {dag.py:2941} INFO - Sync 1 DAGs
[2025-03-14T07:02:33.758+0000] {logging_mixin.py:154} INFO - [2025-03-14T07:02:33.758+0000] {dag.py:3722} INFO - Setting next_dagrun for dag_with_python_dependencies_v03 to 2025-03-14T00:00:00+00:00, run_after=2025-03-15T00:00:00+00:00
[2025-03-14T07:02:33.771+0000] {processor.py:179} INFO - Processing /opt/airflow/dags/dag_with_dependencies.py took 0.068 seconds
[2025-03-14T07:03:04.282+0000] {processor.py:157} INFO - Started process (PID=69628) to work on /opt/airflow/dags/dag_with_dependencies.py
[2025-03-14T07:03:04.282+0000] {processor.py:829} INFO - Processing file /opt/airflow/dags/dag_with_dependencies.py for tasks to queue
[2025-03-14T07:03:04.283+0000] {logging_mixin.py:154} INFO - [2025-03-14T07:03:04.283+0000] {dagbag.py:536} INFO - Filling up the DagBag from /opt/airflow/dags/dag_with_dependencies.py
[2025-03-14T07:03:04.293+0000] {processor.py:839} INFO - DAG(s) dict_keys(['dag_with_python_dependencies_v03']) retrieved from /opt/airflow/dags/dag_with_dependencies.py
[2025-03-14T07:03:04.323+0000] {logging_mixin.py:154} INFO - [2025-03-14T07:03:04.322+0000] {dag.py:2941} INFO - Sync 1 DAGs
[2025-03-14T07:03:04.342+0000] {logging_mixin.py:154} INFO - [2025-03-14T07:03:04.342+0000] {dag.py:3722} INFO - Setting next_dagrun for dag_with_python_dependencies_v03 to 2025-03-14T00:00:00+00:00, run_after=2025-03-15T00:00:00+00:00
[2025-03-14T07:03:04.356+0000] {processor.py:179} INFO - Processing /opt/airflow/dags/dag_with_dependencies.py took 0.077 seconds
[2025-03-14T07:03:34.904+0000] {processor.py:157} INFO - Started process (PID=69676) to work on /opt/airflow/dags/dag_with_dependencies.py
[2025-03-14T07:03:34.905+0000] {processor.py:829} INFO - Processing file /opt/airflow/dags/dag_with_dependencies.py for tasks to queue
[2025-03-14T07:03:34.906+0000] {logging_mixin.py:154} INFO - [2025-03-14T07:03:34.906+0000] {dagbag.py:536} INFO - Filling up the DagBag from /opt/airflow/dags/dag_with_dependencies.py
[2025-03-14T07:03:34.923+0000] {processor.py:839} INFO - DAG(s) dict_keys(['dag_with_python_dependencies_v03']) retrieved from /opt/airflow/dags/dag_with_dependencies.py
[2025-03-14T07:03:34.956+0000] {logging_mixin.py:154} INFO - [2025-03-14T07:03:34.956+0000] {dag.py:2941} INFO - Sync 1 DAGs
[2025-03-14T07:03:34.976+0000] {logging_mixin.py:154} INFO - [2025-03-14T07:03:34.976+0000] {dag.py:3722} INFO - Setting next_dagrun for dag_with_python_dependencies_v03 to 2025-03-14T00:00:00+00:00, run_after=2025-03-15T00:00:00+00:00
[2025-03-14T07:03:34.996+0000] {processor.py:179} INFO - Processing /opt/airflow/dags/dag_with_dependencies.py took 0.096 seconds
[2025-03-14T07:04:05.617+0000] {processor.py:157} INFO - Started process (PID=69721) to work on /opt/airflow/dags/dag_with_dependencies.py
[2025-03-14T07:04:05.617+0000] {processor.py:829} INFO - Processing file /opt/airflow/dags/dag_with_dependencies.py for tasks to queue
[2025-03-14T07:04:05.618+0000] {logging_mixin.py:154} INFO - [2025-03-14T07:04:05.618+0000] {dagbag.py:536} INFO - Filling up the DagBag from /opt/airflow/dags/dag_with_dependencies.py
[2025-03-14T07:04:05.626+0000] {processor.py:839} INFO - DAG(s) dict_keys(['dag_with_python_dependencies_v03']) retrieved from /opt/airflow/dags/dag_with_dependencies.py
[2025-03-14T07:04:05.647+0000] {logging_mixin.py:154} INFO - [2025-03-14T07:04:05.647+0000] {dag.py:2941} INFO - Sync 1 DAGs
[2025-03-14T07:04:05.663+0000] {logging_mixin.py:154} INFO - [2025-03-14T07:04:05.663+0000] {dag.py:3722} INFO - Setting next_dagrun for dag_with_python_dependencies_v03 to 2025-03-14T00:00:00+00:00, run_after=2025-03-15T00:00:00+00:00
[2025-03-14T07:04:05.679+0000] {processor.py:179} INFO - Processing /opt/airflow/dags/dag_with_dependencies.py took 0.065 seconds
[2025-03-14T07:04:36.225+0000] {processor.py:157} INFO - Started process (PID=69770) to work on /opt/airflow/dags/dag_with_dependencies.py
[2025-03-14T07:04:36.226+0000] {processor.py:829} INFO - Processing file /opt/airflow/dags/dag_with_dependencies.py for tasks to queue
[2025-03-14T07:04:36.226+0000] {logging_mixin.py:154} INFO - [2025-03-14T07:04:36.226+0000] {dagbag.py:536} INFO - Filling up the DagBag from /opt/airflow/dags/dag_with_dependencies.py
[2025-03-14T07:04:36.236+0000] {processor.py:839} INFO - DAG(s) dict_keys(['dag_with_python_dependencies_v03']) retrieved from /opt/airflow/dags/dag_with_dependencies.py
[2025-03-14T07:04:36.258+0000] {logging_mixin.py:154} INFO - [2025-03-14T07:04:36.258+0000] {dag.py:2941} INFO - Sync 1 DAGs
[2025-03-14T07:04:36.273+0000] {logging_mixin.py:154} INFO - [2025-03-14T07:04:36.273+0000] {dag.py:3722} INFO - Setting next_dagrun for dag_with_python_dependencies_v03 to 2025-03-14T00:00:00+00:00, run_after=2025-03-15T00:00:00+00:00
[2025-03-14T07:04:36.289+0000] {processor.py:179} INFO - Processing /opt/airflow/dags/dag_with_dependencies.py took 0.068 seconds
[2025-03-14T07:05:06.789+0000] {processor.py:157} INFO - Started process (PID=69817) to work on /opt/airflow/dags/dag_with_dependencies.py
[2025-03-14T07:05:06.789+0000] {processor.py:829} INFO - Processing file /opt/airflow/dags/dag_with_dependencies.py for tasks to queue
[2025-03-14T07:05:06.790+0000] {logging_mixin.py:154} INFO - [2025-03-14T07:05:06.790+0000] {dagbag.py:536} INFO - Filling up the DagBag from /opt/airflow/dags/dag_with_dependencies.py
[2025-03-14T07:05:06.797+0000] {processor.py:839} INFO - DAG(s) dict_keys(['dag_with_python_dependencies_v03']) retrieved from /opt/airflow/dags/dag_with_dependencies.py
[2025-03-14T07:05:06.816+0000] {logging_mixin.py:154} INFO - [2025-03-14T07:05:06.815+0000] {dag.py:2941} INFO - Sync 1 DAGs
[2025-03-14T07:05:06.830+0000] {logging_mixin.py:154} INFO - [2025-03-14T07:05:06.830+0000] {dag.py:3722} INFO - Setting next_dagrun for dag_with_python_dependencies_v03 to 2025-03-14T00:00:00+00:00, run_after=2025-03-15T00:00:00+00:00
[2025-03-14T07:05:06.842+0000] {processor.py:179} INFO - Processing /opt/airflow/dags/dag_with_dependencies.py took 0.056 seconds
[2025-03-14T07:05:37.400+0000] {processor.py:157} INFO - Started process (PID=69864) to work on /opt/airflow/dags/dag_with_dependencies.py
[2025-03-14T07:05:37.401+0000] {processor.py:829} INFO - Processing file /opt/airflow/dags/dag_with_dependencies.py for tasks to queue
[2025-03-14T07:05:37.402+0000] {logging_mixin.py:154} INFO - [2025-03-14T07:05:37.402+0000] {dagbag.py:536} INFO - Filling up the DagBag from /opt/airflow/dags/dag_with_dependencies.py
[2025-03-14T07:05:37.414+0000] {processor.py:839} INFO - DAG(s) dict_keys(['dag_with_python_dependencies_v03']) retrieved from /opt/airflow/dags/dag_with_dependencies.py
[2025-03-14T07:05:37.431+0000] {logging_mixin.py:154} INFO - [2025-03-14T07:05:37.431+0000] {dag.py:2941} INFO - Sync 1 DAGs
[2025-03-14T07:05:37.445+0000] {logging_mixin.py:154} INFO - [2025-03-14T07:05:37.445+0000] {dag.py:3722} INFO - Setting next_dagrun for dag_with_python_dependencies_v03 to 2025-03-14T00:00:00+00:00, run_after=2025-03-15T00:00:00+00:00
[2025-03-14T07:05:37.457+0000] {processor.py:179} INFO - Processing /opt/airflow/dags/dag_with_dependencies.py took 0.061 seconds
[2025-03-14T07:06:07.982+0000] {processor.py:157} INFO - Started process (PID=69911) to work on /opt/airflow/dags/dag_with_dependencies.py
[2025-03-14T07:06:07.983+0000] {processor.py:829} INFO - Processing file /opt/airflow/dags/dag_with_dependencies.py for tasks to queue
[2025-03-14T07:06:07.984+0000] {logging_mixin.py:154} INFO - [2025-03-14T07:06:07.983+0000] {dagbag.py:536} INFO - Filling up the DagBag from /opt/airflow/dags/dag_with_dependencies.py
[2025-03-14T07:06:07.994+0000] {processor.py:839} INFO - DAG(s) dict_keys(['dag_with_python_dependencies_v03']) retrieved from /opt/airflow/dags/dag_with_dependencies.py
[2025-03-14T07:06:08.021+0000] {logging_mixin.py:154} INFO - [2025-03-14T07:06:08.021+0000] {dag.py:2941} INFO - Sync 1 DAGs
[2025-03-14T07:06:08.052+0000] {logging_mixin.py:154} INFO - [2025-03-14T07:06:08.052+0000] {dag.py:3722} INFO - Setting next_dagrun for dag_with_python_dependencies_v03 to 2025-03-14T00:00:00+00:00, run_after=2025-03-15T00:00:00+00:00
[2025-03-14T07:06:08.080+0000] {processor.py:179} INFO - Processing /opt/airflow/dags/dag_with_dependencies.py took 0.103 seconds
[2025-03-14T07:06:38.627+0000] {processor.py:157} INFO - Started process (PID=69958) to work on /opt/airflow/dags/dag_with_dependencies.py
[2025-03-14T07:06:38.628+0000] {processor.py:829} INFO - Processing file /opt/airflow/dags/dag_with_dependencies.py for tasks to queue
[2025-03-14T07:06:38.629+0000] {logging_mixin.py:154} INFO - [2025-03-14T07:06:38.629+0000] {dagbag.py:536} INFO - Filling up the DagBag from /opt/airflow/dags/dag_with_dependencies.py
[2025-03-14T07:06:38.641+0000] {processor.py:839} INFO - DAG(s) dict_keys(['dag_with_python_dependencies_v03']) retrieved from /opt/airflow/dags/dag_with_dependencies.py
[2025-03-14T07:06:38.668+0000] {logging_mixin.py:154} INFO - [2025-03-14T07:06:38.667+0000] {dag.py:2941} INFO - Sync 1 DAGs
[2025-03-14T07:06:38.690+0000] {logging_mixin.py:154} INFO - [2025-03-14T07:06:38.690+0000] {dag.py:3722} INFO - Setting next_dagrun for dag_with_python_dependencies_v03 to 2025-03-14T00:00:00+00:00, run_after=2025-03-15T00:00:00+00:00
[2025-03-14T07:06:38.704+0000] {processor.py:179} INFO - Processing /opt/airflow/dags/dag_with_dependencies.py took 0.082 seconds
[2025-03-14T07:07:09.247+0000] {processor.py:157} INFO - Started process (PID=70006) to work on /opt/airflow/dags/dag_with_dependencies.py
[2025-03-14T07:07:09.248+0000] {processor.py:829} INFO - Processing file /opt/airflow/dags/dag_with_dependencies.py for tasks to queue
[2025-03-14T07:07:09.248+0000] {logging_mixin.py:154} INFO - [2025-03-14T07:07:09.248+0000] {dagbag.py:536} INFO - Filling up the DagBag from /opt/airflow/dags/dag_with_dependencies.py
[2025-03-14T07:07:09.260+0000] {processor.py:839} INFO - DAG(s) dict_keys(['dag_with_python_dependencies_v03']) retrieved from /opt/airflow/dags/dag_with_dependencies.py
[2025-03-14T07:07:09.280+0000] {logging_mixin.py:154} INFO - [2025-03-14T07:07:09.280+0000] {dag.py:2941} INFO - Sync 1 DAGs
[2025-03-14T07:07:09.294+0000] {logging_mixin.py:154} INFO - [2025-03-14T07:07:09.294+0000] {dag.py:3722} INFO - Setting next_dagrun for dag_with_python_dependencies_v03 to 2025-03-14T00:00:00+00:00, run_after=2025-03-15T00:00:00+00:00
[2025-03-14T07:07:09.307+0000] {processor.py:179} INFO - Processing /opt/airflow/dags/dag_with_dependencies.py took 0.064 seconds
[2025-03-14T07:58:33.450+0000] {processor.py:157} INFO - Started process (PID=70046) to work on /opt/airflow/dags/dag_with_dependencies.py
[2025-03-14T07:58:33.451+0000] {processor.py:829} INFO - Processing file /opt/airflow/dags/dag_with_dependencies.py for tasks to queue
[2025-03-14T07:58:33.451+0000] {logging_mixin.py:154} INFO - [2025-03-14T07:58:33.451+0000] {dagbag.py:536} INFO - Filling up the DagBag from /opt/airflow/dags/dag_with_dependencies.py
[2025-03-14T07:58:33.462+0000] {processor.py:839} INFO - DAG(s) dict_keys(['dag_with_python_dependencies_v03']) retrieved from /opt/airflow/dags/dag_with_dependencies.py
[2025-03-14T07:58:33.487+0000] {logging_mixin.py:154} INFO - [2025-03-14T07:58:33.486+0000] {dag.py:2941} INFO - Sync 1 DAGs
[2025-03-14T07:58:33.506+0000] {logging_mixin.py:154} INFO - [2025-03-14T07:58:33.506+0000] {dag.py:3722} INFO - Setting next_dagrun for dag_with_python_dependencies_v03 to 2025-03-14T00:00:00+00:00, run_after=2025-03-15T00:00:00+00:00
[2025-03-14T07:58:33.522+0000] {processor.py:179} INFO - Processing /opt/airflow/dags/dag_with_dependencies.py took 0.076 seconds
[2025-03-14T07:59:04.286+0000] {processor.py:157} INFO - Started process (PID=70095) to work on /opt/airflow/dags/dag_with_dependencies.py
[2025-03-14T07:59:04.287+0000] {processor.py:829} INFO - Processing file /opt/airflow/dags/dag_with_dependencies.py for tasks to queue
[2025-03-14T07:59:04.288+0000] {logging_mixin.py:154} INFO - [2025-03-14T07:59:04.288+0000] {dagbag.py:536} INFO - Filling up the DagBag from /opt/airflow/dags/dag_with_dependencies.py
[2025-03-14T07:59:04.300+0000] {processor.py:839} INFO - DAG(s) dict_keys(['dag_with_python_dependencies_v03']) retrieved from /opt/airflow/dags/dag_with_dependencies.py
[2025-03-14T07:59:04.334+0000] {logging_mixin.py:154} INFO - [2025-03-14T07:59:04.333+0000] {dag.py:2941} INFO - Sync 1 DAGs
[2025-03-14T07:59:04.347+0000] {logging_mixin.py:154} INFO - [2025-03-14T07:59:04.347+0000] {dag.py:3722} INFO - Setting next_dagrun for dag_with_python_dependencies_v03 to 2025-03-14T00:00:00+00:00, run_after=2025-03-15T00:00:00+00:00
[2025-03-14T07:59:04.362+0000] {processor.py:179} INFO - Processing /opt/airflow/dags/dag_with_dependencies.py took 0.079 seconds
[2025-03-14T07:59:34.939+0000] {processor.py:157} INFO - Started process (PID=70142) to work on /opt/airflow/dags/dag_with_dependencies.py
[2025-03-14T07:59:34.940+0000] {processor.py:829} INFO - Processing file /opt/airflow/dags/dag_with_dependencies.py for tasks to queue
[2025-03-14T07:59:34.941+0000] {logging_mixin.py:154} INFO - [2025-03-14T07:59:34.941+0000] {dagbag.py:536} INFO - Filling up the DagBag from /opt/airflow/dags/dag_with_dependencies.py
[2025-03-14T07:59:34.952+0000] {processor.py:839} INFO - DAG(s) dict_keys(['dag_with_python_dependencies_v03']) retrieved from /opt/airflow/dags/dag_with_dependencies.py
[2025-03-14T07:59:34.974+0000] {logging_mixin.py:154} INFO - [2025-03-14T07:59:34.974+0000] {dag.py:2941} INFO - Sync 1 DAGs
[2025-03-14T07:59:34.989+0000] {logging_mixin.py:154} INFO - [2025-03-14T07:59:34.989+0000] {dag.py:3722} INFO - Setting next_dagrun for dag_with_python_dependencies_v03 to 2025-03-14T00:00:00+00:00, run_after=2025-03-15T00:00:00+00:00
[2025-03-14T07:59:35.006+0000] {processor.py:179} INFO - Processing /opt/airflow/dags/dag_with_dependencies.py took 0.071 seconds
[2025-03-14T08:00:05.595+0000] {processor.py:157} INFO - Started process (PID=70190) to work on /opt/airflow/dags/dag_with_dependencies.py
[2025-03-14T08:00:05.596+0000] {processor.py:829} INFO - Processing file /opt/airflow/dags/dag_with_dependencies.py for tasks to queue
[2025-03-14T08:00:05.597+0000] {logging_mixin.py:154} INFO - [2025-03-14T08:00:05.596+0000] {dagbag.py:536} INFO - Filling up the DagBag from /opt/airflow/dags/dag_with_dependencies.py
[2025-03-14T08:00:05.604+0000] {processor.py:839} INFO - DAG(s) dict_keys(['dag_with_python_dependencies_v03']) retrieved from /opt/airflow/dags/dag_with_dependencies.py
[2025-03-14T08:00:05.626+0000] {logging_mixin.py:154} INFO - [2025-03-14T08:00:05.626+0000] {dag.py:2941} INFO - Sync 1 DAGs
[2025-03-14T08:00:05.641+0000] {logging_mixin.py:154} INFO - [2025-03-14T08:00:05.641+0000] {dag.py:3722} INFO - Setting next_dagrun for dag_with_python_dependencies_v03 to 2025-03-14T00:00:00+00:00, run_after=2025-03-15T00:00:00+00:00
[2025-03-14T08:00:05.653+0000] {processor.py:179} INFO - Processing /opt/airflow/dags/dag_with_dependencies.py took 0.060 seconds
[2025-03-14T08:00:36.162+0000] {processor.py:157} INFO - Started process (PID=70237) to work on /opt/airflow/dags/dag_with_dependencies.py
[2025-03-14T08:00:36.163+0000] {processor.py:829} INFO - Processing file /opt/airflow/dags/dag_with_dependencies.py for tasks to queue
[2025-03-14T08:00:36.164+0000] {logging_mixin.py:154} INFO - [2025-03-14T08:00:36.163+0000] {dagbag.py:536} INFO - Filling up the DagBag from /opt/airflow/dags/dag_with_dependencies.py
[2025-03-14T08:00:36.173+0000] {processor.py:839} INFO - DAG(s) dict_keys(['dag_with_python_dependencies_v03']) retrieved from /opt/airflow/dags/dag_with_dependencies.py
[2025-03-14T08:00:36.199+0000] {logging_mixin.py:154} INFO - [2025-03-14T08:00:36.199+0000] {dag.py:2941} INFO - Sync 1 DAGs
[2025-03-14T08:00:36.219+0000] {logging_mixin.py:154} INFO - [2025-03-14T08:00:36.218+0000] {dag.py:3722} INFO - Setting next_dagrun for dag_with_python_dependencies_v03 to 2025-03-14T00:00:00+00:00, run_after=2025-03-15T00:00:00+00:00
[2025-03-14T08:00:36.236+0000] {processor.py:179} INFO - Processing /opt/airflow/dags/dag_with_dependencies.py took 0.077 seconds
