[2025-03-14T06:33:58.640+0000] {processor.py:157} INFO - Started process (PID=66914) to work on /opt/airflow/dags/dag_xcom.py
[2025-03-14T06:33:58.641+0000] {processor.py:829} INFO - Processing file /opt/airflow/dags/dag_xcom.py for tasks to queue
[2025-03-14T06:33:58.642+0000] {logging_mixin.py:154} INFO - [2025-03-14T06:33:58.642+0000] {dagbag.py:536} INFO - Filling up the DagBag from /opt/airflow/dags/dag_xcom.py
[2025-03-14T06:33:58.667+0000] {processor.py:839} INFO - DAG(s) dict_keys(['xcom_dag_v01']) retrieved from /opt/airflow/dags/dag_xcom.py
[2025-03-14T06:33:58.706+0000] {logging_mixin.py:154} INFO - [2025-03-14T06:33:58.705+0000] {dag.py:2941} INFO - Sync 1 DAGs
[2025-03-14T06:33:58.770+0000] {logging_mixin.py:154} INFO - [2025-03-14T06:33:58.769+0000] {dag.py:3722} INFO - Setting next_dagrun for xcom_dag_v01 to 2025-03-14T00:00:00+00:00, run_after=2025-03-15T00:00:00+00:00
[2025-03-14T06:33:58.809+0000] {processor.py:179} INFO - Processing /opt/airflow/dags/dag_xcom.py took 0.173 seconds
[2025-03-14T06:34:29.251+0000] {processor.py:157} INFO - Started process (PID=66999) to work on /opt/airflow/dags/dag_xcom.py
[2025-03-14T06:34:29.252+0000] {processor.py:829} INFO - Processing file /opt/airflow/dags/dag_xcom.py for tasks to queue
[2025-03-14T06:34:29.252+0000] {logging_mixin.py:154} INFO - [2025-03-14T06:34:29.252+0000] {dagbag.py:536} INFO - Filling up the DagBag from /opt/airflow/dags/dag_xcom.py
[2025-03-14T06:34:29.262+0000] {processor.py:839} INFO - DAG(s) dict_keys(['xcom_dag_v01']) retrieved from /opt/airflow/dags/dag_xcom.py
[2025-03-14T06:34:29.290+0000] {logging_mixin.py:154} INFO - [2025-03-14T06:34:29.289+0000] {dag.py:2941} INFO - Sync 1 DAGs
[2025-03-14T06:34:29.305+0000] {logging_mixin.py:154} INFO - [2025-03-14T06:34:29.305+0000] {dag.py:3722} INFO - Setting next_dagrun for xcom_dag_v01 to 2025-03-14T00:00:00+00:00, run_after=2025-03-15T00:00:00+00:00
[2025-03-14T06:34:29.321+0000] {processor.py:179} INFO - Processing /opt/airflow/dags/dag_xcom.py took 0.074 seconds
[2025-03-14T06:34:59.929+0000] {processor.py:157} INFO - Started process (PID=67048) to work on /opt/airflow/dags/dag_xcom.py
[2025-03-14T06:34:59.931+0000] {processor.py:829} INFO - Processing file /opt/airflow/dags/dag_xcom.py for tasks to queue
[2025-03-14T06:34:59.932+0000] {logging_mixin.py:154} INFO - [2025-03-14T06:34:59.931+0000] {dagbag.py:536} INFO - Filling up the DagBag from /opt/airflow/dags/dag_xcom.py
[2025-03-14T06:34:59.944+0000] {processor.py:839} INFO - DAG(s) dict_keys(['xcom_dag_v01']) retrieved from /opt/airflow/dags/dag_xcom.py
[2025-03-14T06:34:59.965+0000] {logging_mixin.py:154} INFO - [2025-03-14T06:34:59.965+0000] {dag.py:2941} INFO - Sync 1 DAGs
[2025-03-14T06:34:59.982+0000] {logging_mixin.py:154} INFO - [2025-03-14T06:34:59.982+0000] {dag.py:3722} INFO - Setting next_dagrun for xcom_dag_v01 to 2025-03-14T00:00:00+00:00, run_after=2025-03-15T00:00:00+00:00
[2025-03-14T06:34:59.995+0000] {processor.py:179} INFO - Processing /opt/airflow/dags/dag_xcom.py took 0.071 seconds
[2025-03-14T06:35:30.625+0000] {processor.py:157} INFO - Started process (PID=67095) to work on /opt/airflow/dags/dag_xcom.py
[2025-03-14T06:35:30.626+0000] {processor.py:829} INFO - Processing file /opt/airflow/dags/dag_xcom.py for tasks to queue
[2025-03-14T06:35:30.627+0000] {logging_mixin.py:154} INFO - [2025-03-14T06:35:30.626+0000] {dagbag.py:536} INFO - Filling up the DagBag from /opt/airflow/dags/dag_xcom.py
[2025-03-14T06:35:30.635+0000] {processor.py:839} INFO - DAG(s) dict_keys(['xcom_dag_v01']) retrieved from /opt/airflow/dags/dag_xcom.py
[2025-03-14T06:35:30.664+0000] {logging_mixin.py:154} INFO - [2025-03-14T06:35:30.664+0000] {dag.py:2941} INFO - Sync 1 DAGs
[2025-03-14T06:35:30.682+0000] {logging_mixin.py:154} INFO - [2025-03-14T06:35:30.682+0000] {dag.py:3722} INFO - Setting next_dagrun for xcom_dag_v01 to 2025-03-14T00:00:00+00:00, run_after=2025-03-15T00:00:00+00:00
[2025-03-14T06:35:30.698+0000] {processor.py:179} INFO - Processing /opt/airflow/dags/dag_xcom.py took 0.077 seconds
[2025-03-14T06:36:01.239+0000] {processor.py:157} INFO - Started process (PID=67142) to work on /opt/airflow/dags/dag_xcom.py
[2025-03-14T06:36:01.239+0000] {processor.py:829} INFO - Processing file /opt/airflow/dags/dag_xcom.py for tasks to queue
[2025-03-14T06:36:01.240+0000] {logging_mixin.py:154} INFO - [2025-03-14T06:36:01.240+0000] {dagbag.py:536} INFO - Filling up the DagBag from /opt/airflow/dags/dag_xcom.py
[2025-03-14T06:36:01.248+0000] {processor.py:839} INFO - DAG(s) dict_keys(['xcom_dag_v01']) retrieved from /opt/airflow/dags/dag_xcom.py
[2025-03-14T06:36:01.272+0000] {logging_mixin.py:154} INFO - [2025-03-14T06:36:01.272+0000] {dag.py:2941} INFO - Sync 1 DAGs
[2025-03-14T06:36:01.287+0000] {logging_mixin.py:154} INFO - [2025-03-14T06:36:01.287+0000] {dag.py:3722} INFO - Setting next_dagrun for xcom_dag_v01 to 2025-03-14T00:00:00+00:00, run_after=2025-03-15T00:00:00+00:00
[2025-03-14T06:36:01.307+0000] {processor.py:179} INFO - Processing /opt/airflow/dags/dag_xcom.py took 0.071 seconds
[2025-03-14T06:36:31.977+0000] {processor.py:157} INFO - Started process (PID=67189) to work on /opt/airflow/dags/dag_xcom.py
[2025-03-14T06:36:31.979+0000] {processor.py:829} INFO - Processing file /opt/airflow/dags/dag_xcom.py for tasks to queue
[2025-03-14T06:36:31.979+0000] {logging_mixin.py:154} INFO - [2025-03-14T06:36:31.979+0000] {dagbag.py:536} INFO - Filling up the DagBag from /opt/airflow/dags/dag_xcom.py
[2025-03-14T06:36:31.992+0000] {processor.py:839} INFO - DAG(s) dict_keys(['xcom_dag_v01']) retrieved from /opt/airflow/dags/dag_xcom.py
[2025-03-14T06:36:32.016+0000] {logging_mixin.py:154} INFO - [2025-03-14T06:36:32.015+0000] {dag.py:2941} INFO - Sync 1 DAGs
[2025-03-14T06:36:32.035+0000] {logging_mixin.py:154} INFO - [2025-03-14T06:36:32.035+0000] {dag.py:3722} INFO - Setting next_dagrun for xcom_dag_v01 to 2025-03-14T00:00:00+00:00, run_after=2025-03-15T00:00:00+00:00
[2025-03-14T06:36:32.059+0000] {processor.py:179} INFO - Processing /opt/airflow/dags/dag_xcom.py took 0.086 seconds
[2025-03-14T06:37:02.711+0000] {processor.py:157} INFO - Started process (PID=67236) to work on /opt/airflow/dags/dag_xcom.py
[2025-03-14T06:37:02.712+0000] {processor.py:829} INFO - Processing file /opt/airflow/dags/dag_xcom.py for tasks to queue
[2025-03-14T06:37:02.713+0000] {logging_mixin.py:154} INFO - [2025-03-14T06:37:02.712+0000] {dagbag.py:536} INFO - Filling up the DagBag from /opt/airflow/dags/dag_xcom.py
[2025-03-14T06:37:02.725+0000] {processor.py:839} INFO - DAG(s) dict_keys(['xcom_dag_v01']) retrieved from /opt/airflow/dags/dag_xcom.py
[2025-03-14T06:37:02.762+0000] {logging_mixin.py:154} INFO - [2025-03-14T06:37:02.762+0000] {dag.py:2941} INFO - Sync 1 DAGs
[2025-03-14T06:37:02.782+0000] {logging_mixin.py:154} INFO - [2025-03-14T06:37:02.782+0000] {dag.py:3722} INFO - Setting next_dagrun for xcom_dag_v01 to 2025-03-14T00:00:00+00:00, run_after=2025-03-15T00:00:00+00:00
[2025-03-14T06:37:02.797+0000] {processor.py:179} INFO - Processing /opt/airflow/dags/dag_xcom.py took 0.088 seconds
[2025-03-14T06:37:33.376+0000] {processor.py:157} INFO - Started process (PID=67283) to work on /opt/airflow/dags/dag_xcom.py
[2025-03-14T06:37:33.377+0000] {processor.py:829} INFO - Processing file /opt/airflow/dags/dag_xcom.py for tasks to queue
[2025-03-14T06:37:33.377+0000] {logging_mixin.py:154} INFO - [2025-03-14T06:37:33.377+0000] {dagbag.py:536} INFO - Filling up the DagBag from /opt/airflow/dags/dag_xcom.py
[2025-03-14T06:37:33.386+0000] {processor.py:839} INFO - DAG(s) dict_keys(['xcom_dag_v01']) retrieved from /opt/airflow/dags/dag_xcom.py
[2025-03-14T06:37:33.406+0000] {logging_mixin.py:154} INFO - [2025-03-14T06:37:33.406+0000] {dag.py:2941} INFO - Sync 1 DAGs
[2025-03-14T06:37:33.423+0000] {logging_mixin.py:154} INFO - [2025-03-14T06:37:33.423+0000] {dag.py:3722} INFO - Setting next_dagrun for xcom_dag_v01 to 2025-03-14T00:00:00+00:00, run_after=2025-03-15T00:00:00+00:00
[2025-03-14T06:37:33.438+0000] {processor.py:179} INFO - Processing /opt/airflow/dags/dag_xcom.py took 0.064 seconds
[2025-03-14T06:38:04.073+0000] {processor.py:157} INFO - Started process (PID=67330) to work on /opt/airflow/dags/dag_xcom.py
[2025-03-14T06:38:04.074+0000] {processor.py:829} INFO - Processing file /opt/airflow/dags/dag_xcom.py for tasks to queue
[2025-03-14T06:38:04.075+0000] {logging_mixin.py:154} INFO - [2025-03-14T06:38:04.075+0000] {dagbag.py:536} INFO - Filling up the DagBag from /opt/airflow/dags/dag_xcom.py
[2025-03-14T06:38:04.088+0000] {processor.py:839} INFO - DAG(s) dict_keys(['xcom_dag_v01']) retrieved from /opt/airflow/dags/dag_xcom.py
[2025-03-14T06:38:04.122+0000] {logging_mixin.py:154} INFO - [2025-03-14T06:38:04.121+0000] {dag.py:2941} INFO - Sync 1 DAGs
[2025-03-14T06:38:04.173+0000] {logging_mixin.py:154} INFO - [2025-03-14T06:38:04.173+0000] {dag.py:3722} INFO - Setting next_dagrun for xcom_dag_v01 to 2025-03-14T00:00:00+00:00, run_after=2025-03-15T00:00:00+00:00
[2025-03-14T06:38:04.194+0000] {processor.py:179} INFO - Processing /opt/airflow/dags/dag_xcom.py took 0.127 seconds
[2025-03-14T06:38:34.713+0000] {processor.py:157} INFO - Started process (PID=67377) to work on /opt/airflow/dags/dag_xcom.py
[2025-03-14T06:38:34.714+0000] {processor.py:829} INFO - Processing file /opt/airflow/dags/dag_xcom.py for tasks to queue
[2025-03-14T06:38:34.715+0000] {logging_mixin.py:154} INFO - [2025-03-14T06:38:34.715+0000] {dagbag.py:536} INFO - Filling up the DagBag from /opt/airflow/dags/dag_xcom.py
[2025-03-14T06:38:34.724+0000] {processor.py:839} INFO - DAG(s) dict_keys(['xcom_dag_v01']) retrieved from /opt/airflow/dags/dag_xcom.py
[2025-03-14T06:38:34.759+0000] {logging_mixin.py:154} INFO - [2025-03-14T06:38:34.759+0000] {dag.py:2941} INFO - Sync 1 DAGs
[2025-03-14T06:38:34.780+0000] {logging_mixin.py:154} INFO - [2025-03-14T06:38:34.780+0000] {dag.py:3722} INFO - Setting next_dagrun for xcom_dag_v01 to 2025-03-14T00:00:00+00:00, run_after=2025-03-15T00:00:00+00:00
[2025-03-14T06:38:34.799+0000] {processor.py:179} INFO - Processing /opt/airflow/dags/dag_xcom.py took 0.089 seconds
[2025-03-14T06:39:05.454+0000] {processor.py:157} INFO - Started process (PID=67424) to work on /opt/airflow/dags/dag_xcom.py
[2025-03-14T06:39:05.455+0000] {processor.py:829} INFO - Processing file /opt/airflow/dags/dag_xcom.py for tasks to queue
[2025-03-14T06:39:05.456+0000] {logging_mixin.py:154} INFO - [2025-03-14T06:39:05.456+0000] {dagbag.py:536} INFO - Filling up the DagBag from /opt/airflow/dags/dag_xcom.py
[2025-03-14T06:39:05.465+0000] {processor.py:839} INFO - DAG(s) dict_keys(['xcom_dag_v01']) retrieved from /opt/airflow/dags/dag_xcom.py
[2025-03-14T06:39:05.486+0000] {logging_mixin.py:154} INFO - [2025-03-14T06:39:05.486+0000] {dag.py:2941} INFO - Sync 1 DAGs
[2025-03-14T06:39:05.502+0000] {logging_mixin.py:154} INFO - [2025-03-14T06:39:05.502+0000] {dag.py:3722} INFO - Setting next_dagrun for xcom_dag_v01 to 2025-03-14T00:00:00+00:00, run_after=2025-03-15T00:00:00+00:00
[2025-03-14T06:39:05.514+0000] {processor.py:179} INFO - Processing /opt/airflow/dags/dag_xcom.py took 0.063 seconds
[2025-03-14T06:39:36.102+0000] {processor.py:157} INFO - Started process (PID=67471) to work on /opt/airflow/dags/dag_xcom.py
[2025-03-14T06:39:36.103+0000] {processor.py:829} INFO - Processing file /opt/airflow/dags/dag_xcom.py for tasks to queue
[2025-03-14T06:39:36.104+0000] {logging_mixin.py:154} INFO - [2025-03-14T06:39:36.104+0000] {dagbag.py:536} INFO - Filling up the DagBag from /opt/airflow/dags/dag_xcom.py
[2025-03-14T06:39:36.113+0000] {processor.py:839} INFO - DAG(s) dict_keys(['xcom_dag_v01']) retrieved from /opt/airflow/dags/dag_xcom.py
[2025-03-14T06:39:36.136+0000] {logging_mixin.py:154} INFO - [2025-03-14T06:39:36.136+0000] {dag.py:2941} INFO - Sync 1 DAGs
[2025-03-14T06:39:36.151+0000] {logging_mixin.py:154} INFO - [2025-03-14T06:39:36.151+0000] {dag.py:3722} INFO - Setting next_dagrun for xcom_dag_v01 to 2025-03-14T00:00:00+00:00, run_after=2025-03-15T00:00:00+00:00
[2025-03-14T06:39:36.165+0000] {processor.py:179} INFO - Processing /opt/airflow/dags/dag_xcom.py took 0.068 seconds
[2025-03-14T06:40:06.650+0000] {processor.py:157} INFO - Started process (PID=67518) to work on /opt/airflow/dags/dag_xcom.py
[2025-03-14T06:40:06.651+0000] {processor.py:829} INFO - Processing file /opt/airflow/dags/dag_xcom.py for tasks to queue
[2025-03-14T06:40:06.651+0000] {logging_mixin.py:154} INFO - [2025-03-14T06:40:06.651+0000] {dagbag.py:536} INFO - Filling up the DagBag from /opt/airflow/dags/dag_xcom.py
[2025-03-14T06:40:06.659+0000] {processor.py:839} INFO - DAG(s) dict_keys(['xcom_dag_v01']) retrieved from /opt/airflow/dags/dag_xcom.py
[2025-03-14T06:40:06.680+0000] {logging_mixin.py:154} INFO - [2025-03-14T06:40:06.680+0000] {dag.py:2941} INFO - Sync 1 DAGs
[2025-03-14T06:40:06.695+0000] {logging_mixin.py:154} INFO - [2025-03-14T06:40:06.695+0000] {dag.py:3722} INFO - Setting next_dagrun for xcom_dag_v01 to 2025-03-14T00:00:00+00:00, run_after=2025-03-15T00:00:00+00:00
[2025-03-14T06:40:06.711+0000] {processor.py:179} INFO - Processing /opt/airflow/dags/dag_xcom.py took 0.064 seconds
[2025-03-14T06:40:37.307+0000] {processor.py:157} INFO - Started process (PID=67565) to work on /opt/airflow/dags/dag_xcom.py
[2025-03-14T06:40:37.308+0000] {processor.py:829} INFO - Processing file /opt/airflow/dags/dag_xcom.py for tasks to queue
[2025-03-14T06:40:37.309+0000] {logging_mixin.py:154} INFO - [2025-03-14T06:40:37.308+0000] {dagbag.py:536} INFO - Filling up the DagBag from /opt/airflow/dags/dag_xcom.py
[2025-03-14T06:40:37.317+0000] {processor.py:839} INFO - DAG(s) dict_keys(['xcom_dag_v01']) retrieved from /opt/airflow/dags/dag_xcom.py
[2025-03-14T06:40:37.346+0000] {logging_mixin.py:154} INFO - [2025-03-14T06:40:37.345+0000] {dag.py:2941} INFO - Sync 1 DAGs
[2025-03-14T06:40:37.363+0000] {logging_mixin.py:154} INFO - [2025-03-14T06:40:37.363+0000] {dag.py:3722} INFO - Setting next_dagrun for xcom_dag_v01 to 2025-03-14T00:00:00+00:00, run_after=2025-03-15T00:00:00+00:00
[2025-03-14T06:40:37.379+0000] {processor.py:179} INFO - Processing /opt/airflow/dags/dag_xcom.py took 0.074 seconds
[2025-03-14T06:41:07.845+0000] {processor.py:157} INFO - Started process (PID=67612) to work on /opt/airflow/dags/dag_xcom.py
[2025-03-14T06:41:07.846+0000] {processor.py:829} INFO - Processing file /opt/airflow/dags/dag_xcom.py for tasks to queue
[2025-03-14T06:41:07.846+0000] {logging_mixin.py:154} INFO - [2025-03-14T06:41:07.846+0000] {dagbag.py:536} INFO - Filling up the DagBag from /opt/airflow/dags/dag_xcom.py
[2025-03-14T06:41:07.855+0000] {processor.py:839} INFO - DAG(s) dict_keys(['xcom_dag_v01']) retrieved from /opt/airflow/dags/dag_xcom.py
[2025-03-14T06:41:07.875+0000] {logging_mixin.py:154} INFO - [2025-03-14T06:41:07.874+0000] {dag.py:2941} INFO - Sync 1 DAGs
[2025-03-14T06:41:07.892+0000] {logging_mixin.py:154} INFO - [2025-03-14T06:41:07.892+0000] {dag.py:3722} INFO - Setting next_dagrun for xcom_dag_v01 to 2025-03-14T00:00:00+00:00, run_after=2025-03-15T00:00:00+00:00
[2025-03-14T06:41:07.909+0000] {processor.py:179} INFO - Processing /opt/airflow/dags/dag_xcom.py took 0.067 seconds
[2025-03-14T06:41:38.428+0000] {processor.py:157} INFO - Started process (PID=67659) to work on /opt/airflow/dags/dag_xcom.py
[2025-03-14T06:41:38.429+0000] {processor.py:829} INFO - Processing file /opt/airflow/dags/dag_xcom.py for tasks to queue
[2025-03-14T06:41:38.429+0000] {logging_mixin.py:154} INFO - [2025-03-14T06:41:38.429+0000] {dagbag.py:536} INFO - Filling up the DagBag from /opt/airflow/dags/dag_xcom.py
[2025-03-14T06:41:38.439+0000] {processor.py:839} INFO - DAG(s) dict_keys(['xcom_dag_v01']) retrieved from /opt/airflow/dags/dag_xcom.py
[2025-03-14T06:41:38.466+0000] {logging_mixin.py:154} INFO - [2025-03-14T06:41:38.466+0000] {dag.py:2941} INFO - Sync 1 DAGs
[2025-03-14T06:41:38.482+0000] {logging_mixin.py:154} INFO - [2025-03-14T06:41:38.482+0000] {dag.py:3722} INFO - Setting next_dagrun for xcom_dag_v01 to 2025-03-14T00:00:00+00:00, run_after=2025-03-15T00:00:00+00:00
[2025-03-14T06:41:38.503+0000] {processor.py:179} INFO - Processing /opt/airflow/dags/dag_xcom.py took 0.078 seconds
[2025-03-14T06:42:09.156+0000] {processor.py:157} INFO - Started process (PID=67706) to work on /opt/airflow/dags/dag_xcom.py
[2025-03-14T06:42:09.157+0000] {processor.py:829} INFO - Processing file /opt/airflow/dags/dag_xcom.py for tasks to queue
[2025-03-14T06:42:09.157+0000] {logging_mixin.py:154} INFO - [2025-03-14T06:42:09.157+0000] {dagbag.py:536} INFO - Filling up the DagBag from /opt/airflow/dags/dag_xcom.py
[2025-03-14T06:42:09.168+0000] {processor.py:839} INFO - DAG(s) dict_keys(['xcom_dag_v01']) retrieved from /opt/airflow/dags/dag_xcom.py
[2025-03-14T06:42:09.188+0000] {logging_mixin.py:154} INFO - [2025-03-14T06:42:09.188+0000] {dag.py:2941} INFO - Sync 1 DAGs
[2025-03-14T06:42:09.206+0000] {logging_mixin.py:154} INFO - [2025-03-14T06:42:09.206+0000] {dag.py:3722} INFO - Setting next_dagrun for xcom_dag_v01 to 2025-03-14T00:00:00+00:00, run_after=2025-03-15T00:00:00+00:00
[2025-03-14T06:42:09.223+0000] {processor.py:179} INFO - Processing /opt/airflow/dags/dag_xcom.py took 0.069 seconds
[2025-03-14T06:42:39.757+0000] {processor.py:157} INFO - Started process (PID=67753) to work on /opt/airflow/dags/dag_xcom.py
[2025-03-14T06:42:39.757+0000] {processor.py:829} INFO - Processing file /opt/airflow/dags/dag_xcom.py for tasks to queue
[2025-03-14T06:42:39.758+0000] {logging_mixin.py:154} INFO - [2025-03-14T06:42:39.758+0000] {dagbag.py:536} INFO - Filling up the DagBag from /opt/airflow/dags/dag_xcom.py
[2025-03-14T06:42:39.770+0000] {processor.py:839} INFO - DAG(s) dict_keys(['xcom_dag_v01']) retrieved from /opt/airflow/dags/dag_xcom.py
[2025-03-14T06:42:39.791+0000] {logging_mixin.py:154} INFO - [2025-03-14T06:42:39.791+0000] {dag.py:2941} INFO - Sync 1 DAGs
[2025-03-14T06:42:39.805+0000] {logging_mixin.py:154} INFO - [2025-03-14T06:42:39.805+0000] {dag.py:3722} INFO - Setting next_dagrun for xcom_dag_v01 to 2025-03-14T00:00:00+00:00, run_after=2025-03-15T00:00:00+00:00
[2025-03-14T06:42:39.817+0000] {processor.py:179} INFO - Processing /opt/airflow/dags/dag_xcom.py took 0.063 seconds
[2025-03-14T06:43:10.416+0000] {processor.py:157} INFO - Started process (PID=67798) to work on /opt/airflow/dags/dag_xcom.py
[2025-03-14T06:43:10.417+0000] {processor.py:829} INFO - Processing file /opt/airflow/dags/dag_xcom.py for tasks to queue
[2025-03-14T06:43:10.419+0000] {logging_mixin.py:154} INFO - [2025-03-14T06:43:10.418+0000] {dagbag.py:536} INFO - Filling up the DagBag from /opt/airflow/dags/dag_xcom.py
[2025-03-14T06:43:10.428+0000] {processor.py:839} INFO - DAG(s) dict_keys(['xcom_dag_v01']) retrieved from /opt/airflow/dags/dag_xcom.py
[2025-03-14T06:43:10.451+0000] {logging_mixin.py:154} INFO - [2025-03-14T06:43:10.451+0000] {dag.py:2941} INFO - Sync 1 DAGs
[2025-03-14T06:43:10.467+0000] {logging_mixin.py:154} INFO - [2025-03-14T06:43:10.467+0000] {dag.py:3722} INFO - Setting next_dagrun for xcom_dag_v01 to 2025-03-14T00:00:00+00:00, run_after=2025-03-15T00:00:00+00:00
[2025-03-14T06:43:10.482+0000] {processor.py:179} INFO - Processing /opt/airflow/dags/dag_xcom.py took 0.072 seconds
[2025-03-14T06:43:41.011+0000] {processor.py:157} INFO - Started process (PID=67845) to work on /opt/airflow/dags/dag_xcom.py
[2025-03-14T06:43:41.013+0000] {processor.py:829} INFO - Processing file /opt/airflow/dags/dag_xcom.py for tasks to queue
[2025-03-14T06:43:41.014+0000] {logging_mixin.py:154} INFO - [2025-03-14T06:43:41.013+0000] {dagbag.py:536} INFO - Filling up the DagBag from /opt/airflow/dags/dag_xcom.py
[2025-03-14T06:43:41.026+0000] {processor.py:839} INFO - DAG(s) dict_keys(['xcom_dag_v01']) retrieved from /opt/airflow/dags/dag_xcom.py
[2025-03-14T06:43:41.051+0000] {logging_mixin.py:154} INFO - [2025-03-14T06:43:41.050+0000] {dag.py:2941} INFO - Sync 1 DAGs
[2025-03-14T06:43:41.074+0000] {logging_mixin.py:154} INFO - [2025-03-14T06:43:41.074+0000] {dag.py:3722} INFO - Setting next_dagrun for xcom_dag_v01 to 2025-03-14T00:00:00+00:00, run_after=2025-03-15T00:00:00+00:00
[2025-03-14T06:43:41.088+0000] {processor.py:179} INFO - Processing /opt/airflow/dags/dag_xcom.py took 0.081 seconds
[2025-03-14T06:44:11.678+0000] {processor.py:157} INFO - Started process (PID=67892) to work on /opt/airflow/dags/dag_xcom.py
[2025-03-14T06:44:11.679+0000] {processor.py:829} INFO - Processing file /opt/airflow/dags/dag_xcom.py for tasks to queue
[2025-03-14T06:44:11.680+0000] {logging_mixin.py:154} INFO - [2025-03-14T06:44:11.680+0000] {dagbag.py:536} INFO - Filling up the DagBag from /opt/airflow/dags/dag_xcom.py
[2025-03-14T06:44:11.692+0000] {processor.py:839} INFO - DAG(s) dict_keys(['xcom_dag_v01']) retrieved from /opt/airflow/dags/dag_xcom.py
[2025-03-14T06:44:11.720+0000] {logging_mixin.py:154} INFO - [2025-03-14T06:44:11.720+0000] {dag.py:2941} INFO - Sync 1 DAGs
[2025-03-14T06:44:11.738+0000] {logging_mixin.py:154} INFO - [2025-03-14T06:44:11.738+0000] {dag.py:3722} INFO - Setting next_dagrun for xcom_dag_v01 to 2025-03-14T00:00:00+00:00, run_after=2025-03-15T00:00:00+00:00
[2025-03-14T06:44:11.753+0000] {processor.py:179} INFO - Processing /opt/airflow/dags/dag_xcom.py took 0.081 seconds
[2025-03-14T06:44:42.233+0000] {processor.py:157} INFO - Started process (PID=67940) to work on /opt/airflow/dags/dag_xcom.py
[2025-03-14T06:44:42.234+0000] {processor.py:829} INFO - Processing file /opt/airflow/dags/dag_xcom.py for tasks to queue
[2025-03-14T06:44:42.235+0000] {logging_mixin.py:154} INFO - [2025-03-14T06:44:42.234+0000] {dagbag.py:536} INFO - Filling up the DagBag from /opt/airflow/dags/dag_xcom.py
[2025-03-14T06:44:42.243+0000] {processor.py:839} INFO - DAG(s) dict_keys(['xcom_dag_v01']) retrieved from /opt/airflow/dags/dag_xcom.py
[2025-03-14T06:44:42.266+0000] {logging_mixin.py:154} INFO - [2025-03-14T06:44:42.266+0000] {dag.py:2941} INFO - Sync 1 DAGs
[2025-03-14T06:44:42.287+0000] {logging_mixin.py:154} INFO - [2025-03-14T06:44:42.287+0000] {dag.py:3722} INFO - Setting next_dagrun for xcom_dag_v01 to 2025-03-14T00:00:00+00:00, run_after=2025-03-15T00:00:00+00:00
[2025-03-14T06:44:42.301+0000] {processor.py:179} INFO - Processing /opt/airflow/dags/dag_xcom.py took 0.070 seconds
[2025-03-14T06:45:12.789+0000] {processor.py:157} INFO - Started process (PID=67987) to work on /opt/airflow/dags/dag_xcom.py
[2025-03-14T06:45:12.789+0000] {processor.py:829} INFO - Processing file /opt/airflow/dags/dag_xcom.py for tasks to queue
[2025-03-14T06:45:12.790+0000] {logging_mixin.py:154} INFO - [2025-03-14T06:45:12.790+0000] {dagbag.py:536} INFO - Filling up the DagBag from /opt/airflow/dags/dag_xcom.py
[2025-03-14T06:45:12.799+0000] {processor.py:839} INFO - DAG(s) dict_keys(['xcom_dag_v01']) retrieved from /opt/airflow/dags/dag_xcom.py
[2025-03-14T06:45:12.823+0000] {logging_mixin.py:154} INFO - [2025-03-14T06:45:12.822+0000] {dag.py:2941} INFO - Sync 1 DAGs
[2025-03-14T06:45:12.841+0000] {logging_mixin.py:154} INFO - [2025-03-14T06:45:12.840+0000] {dag.py:3722} INFO - Setting next_dagrun for xcom_dag_v01 to 2025-03-14T00:00:00+00:00, run_after=2025-03-15T00:00:00+00:00
[2025-03-14T06:45:12.856+0000] {processor.py:179} INFO - Processing /opt/airflow/dags/dag_xcom.py took 0.071 seconds
[2025-03-14T06:45:43.436+0000] {processor.py:157} INFO - Started process (PID=68036) to work on /opt/airflow/dags/dag_xcom.py
[2025-03-14T06:45:43.437+0000] {processor.py:829} INFO - Processing file /opt/airflow/dags/dag_xcom.py for tasks to queue
[2025-03-14T06:45:43.438+0000] {logging_mixin.py:154} INFO - [2025-03-14T06:45:43.437+0000] {dagbag.py:536} INFO - Filling up the DagBag from /opt/airflow/dags/dag_xcom.py
[2025-03-14T06:45:43.446+0000] {processor.py:839} INFO - DAG(s) dict_keys(['xcom_dag_v01']) retrieved from /opt/airflow/dags/dag_xcom.py
[2025-03-14T06:45:43.464+0000] {logging_mixin.py:154} INFO - [2025-03-14T06:45:43.464+0000] {dag.py:2941} INFO - Sync 1 DAGs
[2025-03-14T06:45:43.480+0000] {logging_mixin.py:154} INFO - [2025-03-14T06:45:43.479+0000] {dag.py:3722} INFO - Setting next_dagrun for xcom_dag_v01 to 2025-03-14T00:00:00+00:00, run_after=2025-03-15T00:00:00+00:00
[2025-03-14T06:45:43.495+0000] {processor.py:179} INFO - Processing /opt/airflow/dags/dag_xcom.py took 0.061 seconds
[2025-03-14T06:46:14.095+0000] {processor.py:157} INFO - Started process (PID=68083) to work on /opt/airflow/dags/dag_xcom.py
[2025-03-14T06:46:14.096+0000] {processor.py:829} INFO - Processing file /opt/airflow/dags/dag_xcom.py for tasks to queue
[2025-03-14T06:46:14.097+0000] {logging_mixin.py:154} INFO - [2025-03-14T06:46:14.097+0000] {dagbag.py:536} INFO - Filling up the DagBag from /opt/airflow/dags/dag_xcom.py
[2025-03-14T06:46:14.110+0000] {processor.py:839} INFO - DAG(s) dict_keys(['xcom_dag_v01']) retrieved from /opt/airflow/dags/dag_xcom.py
[2025-03-14T06:46:14.137+0000] {logging_mixin.py:154} INFO - [2025-03-14T06:46:14.136+0000] {dag.py:2941} INFO - Sync 1 DAGs
[2025-03-14T06:46:14.156+0000] {logging_mixin.py:154} INFO - [2025-03-14T06:46:14.156+0000] {dag.py:3722} INFO - Setting next_dagrun for xcom_dag_v01 to 2025-03-14T00:00:00+00:00, run_after=2025-03-15T00:00:00+00:00
[2025-03-14T06:46:14.173+0000] {processor.py:179} INFO - Processing /opt/airflow/dags/dag_xcom.py took 0.082 seconds
[2025-03-14T06:46:44.790+0000] {processor.py:157} INFO - Started process (PID=68130) to work on /opt/airflow/dags/dag_xcom.py
[2025-03-14T06:46:44.791+0000] {processor.py:829} INFO - Processing file /opt/airflow/dags/dag_xcom.py for tasks to queue
[2025-03-14T06:46:44.792+0000] {logging_mixin.py:154} INFO - [2025-03-14T06:46:44.792+0000] {dagbag.py:536} INFO - Filling up the DagBag from /opt/airflow/dags/dag_xcom.py
[2025-03-14T06:46:44.803+0000] {processor.py:839} INFO - DAG(s) dict_keys(['xcom_dag_v01']) retrieved from /opt/airflow/dags/dag_xcom.py
[2025-03-14T06:46:44.825+0000] {logging_mixin.py:154} INFO - [2025-03-14T06:46:44.824+0000] {dag.py:2941} INFO - Sync 1 DAGs
[2025-03-14T06:46:44.841+0000] {logging_mixin.py:154} INFO - [2025-03-14T06:46:44.841+0000] {dag.py:3722} INFO - Setting next_dagrun for xcom_dag_v01 to 2025-03-14T00:00:00+00:00, run_after=2025-03-15T00:00:00+00:00
[2025-03-14T06:46:44.857+0000] {processor.py:179} INFO - Processing /opt/airflow/dags/dag_xcom.py took 0.070 seconds
[2025-03-14T06:47:15.351+0000] {processor.py:157} INFO - Started process (PID=68177) to work on /opt/airflow/dags/dag_xcom.py
[2025-03-14T06:47:15.352+0000] {processor.py:829} INFO - Processing file /opt/airflow/dags/dag_xcom.py for tasks to queue
[2025-03-14T06:47:15.352+0000] {logging_mixin.py:154} INFO - [2025-03-14T06:47:15.352+0000] {dagbag.py:536} INFO - Filling up the DagBag from /opt/airflow/dags/dag_xcom.py
[2025-03-14T06:47:15.360+0000] {processor.py:839} INFO - DAG(s) dict_keys(['xcom_dag_v01']) retrieved from /opt/airflow/dags/dag_xcom.py
[2025-03-14T06:47:15.380+0000] {logging_mixin.py:154} INFO - [2025-03-14T06:47:15.380+0000] {dag.py:2941} INFO - Sync 1 DAGs
[2025-03-14T06:47:15.395+0000] {logging_mixin.py:154} INFO - [2025-03-14T06:47:15.395+0000] {dag.py:3722} INFO - Setting next_dagrun for xcom_dag_v01 to 2025-03-14T00:00:00+00:00, run_after=2025-03-15T00:00:00+00:00
[2025-03-14T06:47:15.408+0000] {processor.py:179} INFO - Processing /opt/airflow/dags/dag_xcom.py took 0.060 seconds
[2025-03-14T06:47:45.919+0000] {processor.py:157} INFO - Started process (PID=68224) to work on /opt/airflow/dags/dag_xcom.py
[2025-03-14T06:47:45.919+0000] {processor.py:829} INFO - Processing file /opt/airflow/dags/dag_xcom.py for tasks to queue
[2025-03-14T06:47:45.920+0000] {logging_mixin.py:154} INFO - [2025-03-14T06:47:45.920+0000] {dagbag.py:536} INFO - Filling up the DagBag from /opt/airflow/dags/dag_xcom.py
[2025-03-14T06:47:45.927+0000] {processor.py:839} INFO - DAG(s) dict_keys(['xcom_dag_v01']) retrieved from /opt/airflow/dags/dag_xcom.py
[2025-03-14T06:47:45.945+0000] {logging_mixin.py:154} INFO - [2025-03-14T06:47:45.945+0000] {dag.py:2941} INFO - Sync 1 DAGs
[2025-03-14T06:47:45.958+0000] {logging_mixin.py:154} INFO - [2025-03-14T06:47:45.958+0000] {dag.py:3722} INFO - Setting next_dagrun for xcom_dag_v01 to 2025-03-14T00:00:00+00:00, run_after=2025-03-15T00:00:00+00:00
[2025-03-14T06:47:45.972+0000] {processor.py:179} INFO - Processing /opt/airflow/dags/dag_xcom.py took 0.055 seconds
[2025-03-14T06:48:16.552+0000] {processor.py:157} INFO - Started process (PID=68271) to work on /opt/airflow/dags/dag_xcom.py
[2025-03-14T06:48:16.552+0000] {processor.py:829} INFO - Processing file /opt/airflow/dags/dag_xcom.py for tasks to queue
[2025-03-14T06:48:16.553+0000] {logging_mixin.py:154} INFO - [2025-03-14T06:48:16.553+0000] {dagbag.py:536} INFO - Filling up the DagBag from /opt/airflow/dags/dag_xcom.py
[2025-03-14T06:48:16.563+0000] {processor.py:839} INFO - DAG(s) dict_keys(['xcom_dag_v01']) retrieved from /opt/airflow/dags/dag_xcom.py
[2025-03-14T06:48:16.588+0000] {logging_mixin.py:154} INFO - [2025-03-14T06:48:16.588+0000] {dag.py:2941} INFO - Sync 1 DAGs
[2025-03-14T06:48:16.602+0000] {logging_mixin.py:154} INFO - [2025-03-14T06:48:16.602+0000] {dag.py:3722} INFO - Setting next_dagrun for xcom_dag_v01 to 2025-03-14T00:00:00+00:00, run_after=2025-03-15T00:00:00+00:00
[2025-03-14T06:48:16.615+0000] {processor.py:179} INFO - Processing /opt/airflow/dags/dag_xcom.py took 0.066 seconds
[2025-03-14T06:48:47.174+0000] {processor.py:157} INFO - Started process (PID=68319) to work on /opt/airflow/dags/dag_xcom.py
[2025-03-14T06:48:47.175+0000] {processor.py:829} INFO - Processing file /opt/airflow/dags/dag_xcom.py for tasks to queue
[2025-03-14T06:48:47.176+0000] {logging_mixin.py:154} INFO - [2025-03-14T06:48:47.175+0000] {dagbag.py:536} INFO - Filling up the DagBag from /opt/airflow/dags/dag_xcom.py
[2025-03-14T06:48:47.184+0000] {processor.py:839} INFO - DAG(s) dict_keys(['xcom_dag_v01']) retrieved from /opt/airflow/dags/dag_xcom.py
[2025-03-14T06:48:47.201+0000] {logging_mixin.py:154} INFO - [2025-03-14T06:48:47.201+0000] {dag.py:2941} INFO - Sync 1 DAGs
[2025-03-14T06:48:47.215+0000] {logging_mixin.py:154} INFO - [2025-03-14T06:48:47.215+0000] {dag.py:3722} INFO - Setting next_dagrun for xcom_dag_v01 to 2025-03-14T00:00:00+00:00, run_after=2025-03-15T00:00:00+00:00
[2025-03-14T06:48:47.229+0000] {processor.py:179} INFO - Processing /opt/airflow/dags/dag_xcom.py took 0.059 seconds
[2025-03-14T06:49:17.689+0000] {processor.py:157} INFO - Started process (PID=68364) to work on /opt/airflow/dags/dag_xcom.py
[2025-03-14T06:49:17.690+0000] {processor.py:829} INFO - Processing file /opt/airflow/dags/dag_xcom.py for tasks to queue
[2025-03-14T06:49:17.690+0000] {logging_mixin.py:154} INFO - [2025-03-14T06:49:17.690+0000] {dagbag.py:536} INFO - Filling up the DagBag from /opt/airflow/dags/dag_xcom.py
[2025-03-14T06:49:17.699+0000] {processor.py:839} INFO - DAG(s) dict_keys(['xcom_dag_v01']) retrieved from /opt/airflow/dags/dag_xcom.py
[2025-03-14T06:49:17.717+0000] {logging_mixin.py:154} INFO - [2025-03-14T06:49:17.717+0000] {dag.py:2941} INFO - Sync 1 DAGs
[2025-03-14T06:49:17.734+0000] {logging_mixin.py:154} INFO - [2025-03-14T06:49:17.734+0000] {dag.py:3722} INFO - Setting next_dagrun for xcom_dag_v01 to 2025-03-14T00:00:00+00:00, run_after=2025-03-15T00:00:00+00:00
[2025-03-14T06:49:17.748+0000] {processor.py:179} INFO - Processing /opt/airflow/dags/dag_xcom.py took 0.062 seconds
[2025-03-14T06:49:48.377+0000] {processor.py:157} INFO - Started process (PID=68413) to work on /opt/airflow/dags/dag_xcom.py
[2025-03-14T06:49:48.378+0000] {processor.py:829} INFO - Processing file /opt/airflow/dags/dag_xcom.py for tasks to queue
[2025-03-14T06:49:48.378+0000] {logging_mixin.py:154} INFO - [2025-03-14T06:49:48.378+0000] {dagbag.py:536} INFO - Filling up the DagBag from /opt/airflow/dags/dag_xcom.py
[2025-03-14T06:49:48.387+0000] {processor.py:839} INFO - DAG(s) dict_keys(['xcom_dag_v01']) retrieved from /opt/airflow/dags/dag_xcom.py
[2025-03-14T06:49:48.410+0000] {logging_mixin.py:154} INFO - [2025-03-14T06:49:48.410+0000] {dag.py:2941} INFO - Sync 1 DAGs
[2025-03-14T06:49:48.424+0000] {logging_mixin.py:154} INFO - [2025-03-14T06:49:48.424+0000] {dag.py:3722} INFO - Setting next_dagrun for xcom_dag_v01 to 2025-03-14T00:00:00+00:00, run_after=2025-03-15T00:00:00+00:00
[2025-03-14T06:49:48.437+0000] {processor.py:179} INFO - Processing /opt/airflow/dags/dag_xcom.py took 0.062 seconds
[2025-03-14T06:50:18.950+0000] {processor.py:157} INFO - Started process (PID=68460) to work on /opt/airflow/dags/dag_xcom.py
[2025-03-14T06:50:18.951+0000] {processor.py:829} INFO - Processing file /opt/airflow/dags/dag_xcom.py for tasks to queue
[2025-03-14T06:50:18.952+0000] {logging_mixin.py:154} INFO - [2025-03-14T06:50:18.951+0000] {dagbag.py:536} INFO - Filling up the DagBag from /opt/airflow/dags/dag_xcom.py
[2025-03-14T06:50:18.962+0000] {processor.py:839} INFO - DAG(s) dict_keys(['xcom_dag_v01']) retrieved from /opt/airflow/dags/dag_xcom.py
[2025-03-14T06:50:18.985+0000] {logging_mixin.py:154} INFO - [2025-03-14T06:50:18.985+0000] {dag.py:2941} INFO - Sync 1 DAGs
[2025-03-14T06:50:18.999+0000] {logging_mixin.py:154} INFO - [2025-03-14T06:50:18.999+0000] {dag.py:3722} INFO - Setting next_dagrun for xcom_dag_v01 to 2025-03-14T00:00:00+00:00, run_after=2025-03-15T00:00:00+00:00
[2025-03-14T06:50:19.015+0000] {processor.py:179} INFO - Processing /opt/airflow/dags/dag_xcom.py took 0.068 seconds
[2025-03-14T06:50:49.527+0000] {processor.py:157} INFO - Started process (PID=68505) to work on /opt/airflow/dags/dag_xcom.py
[2025-03-14T06:50:49.527+0000] {processor.py:829} INFO - Processing file /opt/airflow/dags/dag_xcom.py for tasks to queue
[2025-03-14T06:50:49.528+0000] {logging_mixin.py:154} INFO - [2025-03-14T06:50:49.528+0000] {dagbag.py:536} INFO - Filling up the DagBag from /opt/airflow/dags/dag_xcom.py
[2025-03-14T06:50:49.536+0000] {processor.py:839} INFO - DAG(s) dict_keys(['xcom_dag_v01']) retrieved from /opt/airflow/dags/dag_xcom.py
[2025-03-14T06:50:49.559+0000] {logging_mixin.py:154} INFO - [2025-03-14T06:50:49.559+0000] {dag.py:2941} INFO - Sync 1 DAGs
[2025-03-14T06:50:49.578+0000] {logging_mixin.py:154} INFO - [2025-03-14T06:50:49.578+0000] {dag.py:3722} INFO - Setting next_dagrun for xcom_dag_v01 to 2025-03-14T00:00:00+00:00, run_after=2025-03-15T00:00:00+00:00
[2025-03-14T06:50:49.591+0000] {processor.py:179} INFO - Processing /opt/airflow/dags/dag_xcom.py took 0.069 seconds
[2025-03-14T06:51:20.097+0000] {processor.py:157} INFO - Started process (PID=68554) to work on /opt/airflow/dags/dag_xcom.py
[2025-03-14T06:51:20.098+0000] {processor.py:829} INFO - Processing file /opt/airflow/dags/dag_xcom.py for tasks to queue
[2025-03-14T06:51:20.099+0000] {logging_mixin.py:154} INFO - [2025-03-14T06:51:20.099+0000] {dagbag.py:536} INFO - Filling up the DagBag from /opt/airflow/dags/dag_xcom.py
[2025-03-14T06:51:20.107+0000] {processor.py:839} INFO - DAG(s) dict_keys(['xcom_dag_v01']) retrieved from /opt/airflow/dags/dag_xcom.py
[2025-03-14T06:51:20.127+0000] {logging_mixin.py:154} INFO - [2025-03-14T06:51:20.127+0000] {dag.py:2941} INFO - Sync 1 DAGs
[2025-03-14T06:51:20.143+0000] {logging_mixin.py:154} INFO - [2025-03-14T06:51:20.143+0000] {dag.py:3722} INFO - Setting next_dagrun for xcom_dag_v01 to 2025-03-14T00:00:00+00:00, run_after=2025-03-15T00:00:00+00:00
[2025-03-14T06:51:20.161+0000] {processor.py:179} INFO - Processing /opt/airflow/dags/dag_xcom.py took 0.067 seconds
[2025-03-14T06:51:50.668+0000] {processor.py:157} INFO - Started process (PID=68601) to work on /opt/airflow/dags/dag_xcom.py
[2025-03-14T06:51:50.669+0000] {processor.py:829} INFO - Processing file /opt/airflow/dags/dag_xcom.py for tasks to queue
[2025-03-14T06:51:50.670+0000] {logging_mixin.py:154} INFO - [2025-03-14T06:51:50.669+0000] {dagbag.py:536} INFO - Filling up the DagBag from /opt/airflow/dags/dag_xcom.py
[2025-03-14T06:51:50.680+0000] {processor.py:839} INFO - DAG(s) dict_keys(['xcom_dag_v01']) retrieved from /opt/airflow/dags/dag_xcom.py
[2025-03-14T06:51:50.711+0000] {logging_mixin.py:154} INFO - [2025-03-14T06:51:50.711+0000] {dag.py:2941} INFO - Sync 1 DAGs
[2025-03-14T06:51:50.732+0000] {logging_mixin.py:154} INFO - [2025-03-14T06:51:50.732+0000] {dag.py:3722} INFO - Setting next_dagrun for xcom_dag_v01 to 2025-03-14T00:00:00+00:00, run_after=2025-03-15T00:00:00+00:00
[2025-03-14T06:51:50.746+0000] {processor.py:179} INFO - Processing /opt/airflow/dags/dag_xcom.py took 0.081 seconds
[2025-03-14T06:52:21.322+0000] {processor.py:157} INFO - Started process (PID=68655) to work on /opt/airflow/dags/dag_xcom.py
[2025-03-14T06:52:21.322+0000] {processor.py:829} INFO - Processing file /opt/airflow/dags/dag_xcom.py for tasks to queue
[2025-03-14T06:52:21.323+0000] {logging_mixin.py:154} INFO - [2025-03-14T06:52:21.323+0000] {dagbag.py:536} INFO - Filling up the DagBag from /opt/airflow/dags/dag_xcom.py
[2025-03-14T06:52:21.331+0000] {processor.py:839} INFO - DAG(s) dict_keys(['xcom_dag_v01']) retrieved from /opt/airflow/dags/dag_xcom.py
[2025-03-14T06:52:21.354+0000] {logging_mixin.py:154} INFO - [2025-03-14T06:52:21.354+0000] {dag.py:2941} INFO - Sync 1 DAGs
[2025-03-14T06:52:21.370+0000] {logging_mixin.py:154} INFO - [2025-03-14T06:52:21.370+0000] {dag.py:3722} INFO - Setting next_dagrun for xcom_dag_v01 to 2025-03-14T00:00:00+00:00, run_after=2025-03-15T00:00:00+00:00
[2025-03-14T06:52:21.384+0000] {processor.py:179} INFO - Processing /opt/airflow/dags/dag_xcom.py took 0.065 seconds
[2025-03-14T06:52:51.942+0000] {processor.py:157} INFO - Started process (PID=68702) to work on /opt/airflow/dags/dag_xcom.py
[2025-03-14T06:52:51.943+0000] {processor.py:829} INFO - Processing file /opt/airflow/dags/dag_xcom.py for tasks to queue
[2025-03-14T06:52:51.944+0000] {logging_mixin.py:154} INFO - [2025-03-14T06:52:51.944+0000] {dagbag.py:536} INFO - Filling up the DagBag from /opt/airflow/dags/dag_xcom.py
[2025-03-14T06:52:51.955+0000] {processor.py:839} INFO - DAG(s) dict_keys(['xcom_dag_v01']) retrieved from /opt/airflow/dags/dag_xcom.py
[2025-03-14T06:52:51.976+0000] {logging_mixin.py:154} INFO - [2025-03-14T06:52:51.976+0000] {dag.py:2941} INFO - Sync 1 DAGs
[2025-03-14T06:52:51.993+0000] {logging_mixin.py:154} INFO - [2025-03-14T06:52:51.993+0000] {dag.py:3722} INFO - Setting next_dagrun for xcom_dag_v01 to 2025-03-14T00:00:00+00:00, run_after=2025-03-15T00:00:00+00:00
[2025-03-14T06:52:52.007+0000] {processor.py:179} INFO - Processing /opt/airflow/dags/dag_xcom.py took 0.069 seconds
[2025-03-14T06:53:22.620+0000] {processor.py:157} INFO - Started process (PID=68749) to work on /opt/airflow/dags/dag_xcom.py
[2025-03-14T06:53:22.621+0000] {processor.py:829} INFO - Processing file /opt/airflow/dags/dag_xcom.py for tasks to queue
[2025-03-14T06:53:22.621+0000] {logging_mixin.py:154} INFO - [2025-03-14T06:53:22.621+0000] {dagbag.py:536} INFO - Filling up the DagBag from /opt/airflow/dags/dag_xcom.py
[2025-03-14T06:53:22.630+0000] {processor.py:839} INFO - DAG(s) dict_keys(['xcom_dag_v01']) retrieved from /opt/airflow/dags/dag_xcom.py
[2025-03-14T06:53:22.651+0000] {logging_mixin.py:154} INFO - [2025-03-14T06:53:22.651+0000] {dag.py:2941} INFO - Sync 1 DAGs
[2025-03-14T06:53:22.664+0000] {logging_mixin.py:154} INFO - [2025-03-14T06:53:22.664+0000] {dag.py:3722} INFO - Setting next_dagrun for xcom_dag_v01 to 2025-03-14T00:00:00+00:00, run_after=2025-03-15T00:00:00+00:00
[2025-03-14T06:53:22.679+0000] {processor.py:179} INFO - Processing /opt/airflow/dags/dag_xcom.py took 0.062 seconds
[2025-03-14T06:53:53.324+0000] {processor.py:157} INFO - Started process (PID=68796) to work on /opt/airflow/dags/dag_xcom.py
[2025-03-14T06:53:53.325+0000] {processor.py:829} INFO - Processing file /opt/airflow/dags/dag_xcom.py for tasks to queue
[2025-03-14T06:53:53.326+0000] {logging_mixin.py:154} INFO - [2025-03-14T06:53:53.326+0000] {dagbag.py:536} INFO - Filling up the DagBag from /opt/airflow/dags/dag_xcom.py
[2025-03-14T06:53:53.335+0000] {processor.py:839} INFO - DAG(s) dict_keys(['xcom_dag_v01']) retrieved from /opt/airflow/dags/dag_xcom.py
[2025-03-14T06:53:53.361+0000] {logging_mixin.py:154} INFO - [2025-03-14T06:53:53.361+0000] {dag.py:2941} INFO - Sync 1 DAGs
[2025-03-14T06:53:53.377+0000] {logging_mixin.py:154} INFO - [2025-03-14T06:53:53.377+0000] {dag.py:3722} INFO - Setting next_dagrun for xcom_dag_v01 to 2025-03-14T00:00:00+00:00, run_after=2025-03-15T00:00:00+00:00
[2025-03-14T06:53:53.393+0000] {processor.py:179} INFO - Processing /opt/airflow/dags/dag_xcom.py took 0.073 seconds
[2025-03-14T06:54:23.888+0000] {processor.py:157} INFO - Started process (PID=68843) to work on /opt/airflow/dags/dag_xcom.py
[2025-03-14T06:54:23.889+0000] {processor.py:829} INFO - Processing file /opt/airflow/dags/dag_xcom.py for tasks to queue
[2025-03-14T06:54:23.890+0000] {logging_mixin.py:154} INFO - [2025-03-14T06:54:23.890+0000] {dagbag.py:536} INFO - Filling up the DagBag from /opt/airflow/dags/dag_xcom.py
[2025-03-14T06:54:23.902+0000] {processor.py:839} INFO - DAG(s) dict_keys(['xcom_dag_v01']) retrieved from /opt/airflow/dags/dag_xcom.py
[2025-03-14T06:54:23.930+0000] {logging_mixin.py:154} INFO - [2025-03-14T06:54:23.930+0000] {dag.py:2941} INFO - Sync 1 DAGs
[2025-03-14T06:54:23.944+0000] {logging_mixin.py:154} INFO - [2025-03-14T06:54:23.944+0000] {dag.py:3722} INFO - Setting next_dagrun for xcom_dag_v01 to 2025-03-14T00:00:00+00:00, run_after=2025-03-15T00:00:00+00:00
[2025-03-14T06:54:23.956+0000] {processor.py:179} INFO - Processing /opt/airflow/dags/dag_xcom.py took 0.074 seconds
[2025-03-14T06:54:54.591+0000] {processor.py:157} INFO - Started process (PID=68890) to work on /opt/airflow/dags/dag_xcom.py
[2025-03-14T06:54:54.592+0000] {processor.py:829} INFO - Processing file /opt/airflow/dags/dag_xcom.py for tasks to queue
[2025-03-14T06:54:54.592+0000] {logging_mixin.py:154} INFO - [2025-03-14T06:54:54.592+0000] {dagbag.py:536} INFO - Filling up the DagBag from /opt/airflow/dags/dag_xcom.py
[2025-03-14T06:54:54.600+0000] {processor.py:839} INFO - DAG(s) dict_keys(['xcom_dag_v01']) retrieved from /opt/airflow/dags/dag_xcom.py
[2025-03-14T06:54:54.618+0000] {logging_mixin.py:154} INFO - [2025-03-14T06:54:54.618+0000] {dag.py:2941} INFO - Sync 1 DAGs
[2025-03-14T06:54:54.633+0000] {logging_mixin.py:154} INFO - [2025-03-14T06:54:54.633+0000] {dag.py:3722} INFO - Setting next_dagrun for xcom_dag_v01 to 2025-03-14T00:00:00+00:00, run_after=2025-03-15T00:00:00+00:00
[2025-03-14T06:54:54.647+0000] {processor.py:179} INFO - Processing /opt/airflow/dags/dag_xcom.py took 0.059 seconds
[2025-03-14T06:55:25.204+0000] {processor.py:157} INFO - Started process (PID=68937) to work on /opt/airflow/dags/dag_xcom.py
[2025-03-14T06:55:25.205+0000] {processor.py:829} INFO - Processing file /opt/airflow/dags/dag_xcom.py for tasks to queue
[2025-03-14T06:55:25.206+0000] {logging_mixin.py:154} INFO - [2025-03-14T06:55:25.206+0000] {dagbag.py:536} INFO - Filling up the DagBag from /opt/airflow/dags/dag_xcom.py
[2025-03-14T06:55:25.218+0000] {processor.py:839} INFO - DAG(s) dict_keys(['xcom_dag_v01']) retrieved from /opt/airflow/dags/dag_xcom.py
[2025-03-14T06:55:25.250+0000] {logging_mixin.py:154} INFO - [2025-03-14T06:55:25.250+0000] {dag.py:2941} INFO - Sync 1 DAGs
[2025-03-14T06:55:25.283+0000] {logging_mixin.py:154} INFO - [2025-03-14T06:55:25.283+0000] {dag.py:3722} INFO - Setting next_dagrun for xcom_dag_v01 to 2025-03-14T00:00:00+00:00, run_after=2025-03-15T00:00:00+00:00
[2025-03-14T06:55:25.300+0000] {processor.py:179} INFO - Processing /opt/airflow/dags/dag_xcom.py took 0.101 seconds
[2025-03-14T06:55:55.973+0000] {processor.py:157} INFO - Started process (PID=68984) to work on /opt/airflow/dags/dag_xcom.py
[2025-03-14T06:55:55.974+0000] {processor.py:829} INFO - Processing file /opt/airflow/dags/dag_xcom.py for tasks to queue
[2025-03-14T06:55:55.974+0000] {logging_mixin.py:154} INFO - [2025-03-14T06:55:55.974+0000] {dagbag.py:536} INFO - Filling up the DagBag from /opt/airflow/dags/dag_xcom.py
[2025-03-14T06:55:55.986+0000] {processor.py:839} INFO - DAG(s) dict_keys(['xcom_dag_v01']) retrieved from /opt/airflow/dags/dag_xcom.py
[2025-03-14T06:55:56.011+0000] {logging_mixin.py:154} INFO - [2025-03-14T06:55:56.011+0000] {dag.py:2941} INFO - Sync 1 DAGs
[2025-03-14T06:55:56.030+0000] {logging_mixin.py:154} INFO - [2025-03-14T06:55:56.030+0000] {dag.py:3722} INFO - Setting next_dagrun for xcom_dag_v01 to 2025-03-14T00:00:00+00:00, run_after=2025-03-15T00:00:00+00:00
[2025-03-14T06:55:56.051+0000] {processor.py:179} INFO - Processing /opt/airflow/dags/dag_xcom.py took 0.081 seconds
[2025-03-14T06:56:26.591+0000] {processor.py:157} INFO - Started process (PID=69031) to work on /opt/airflow/dags/dag_xcom.py
[2025-03-14T06:56:26.591+0000] {processor.py:829} INFO - Processing file /opt/airflow/dags/dag_xcom.py for tasks to queue
[2025-03-14T06:56:26.592+0000] {logging_mixin.py:154} INFO - [2025-03-14T06:56:26.592+0000] {dagbag.py:536} INFO - Filling up the DagBag from /opt/airflow/dags/dag_xcom.py
[2025-03-14T06:56:26.600+0000] {processor.py:839} INFO - DAG(s) dict_keys(['xcom_dag_v01']) retrieved from /opt/airflow/dags/dag_xcom.py
[2025-03-14T06:56:26.621+0000] {logging_mixin.py:154} INFO - [2025-03-14T06:56:26.621+0000] {dag.py:2941} INFO - Sync 1 DAGs
[2025-03-14T06:56:26.639+0000] {logging_mixin.py:154} INFO - [2025-03-14T06:56:26.639+0000] {dag.py:3722} INFO - Setting next_dagrun for xcom_dag_v01 to 2025-03-14T00:00:00+00:00, run_after=2025-03-15T00:00:00+00:00
[2025-03-14T06:56:26.656+0000] {processor.py:179} INFO - Processing /opt/airflow/dags/dag_xcom.py took 0.068 seconds
[2025-03-14T06:56:57.171+0000] {processor.py:157} INFO - Started process (PID=69078) to work on /opt/airflow/dags/dag_xcom.py
[2025-03-14T06:56:57.172+0000] {processor.py:829} INFO - Processing file /opt/airflow/dags/dag_xcom.py for tasks to queue
[2025-03-14T06:56:57.173+0000] {logging_mixin.py:154} INFO - [2025-03-14T06:56:57.173+0000] {dagbag.py:536} INFO - Filling up the DagBag from /opt/airflow/dags/dag_xcom.py
[2025-03-14T06:56:57.187+0000] {processor.py:839} INFO - DAG(s) dict_keys(['xcom_dag_v01']) retrieved from /opt/airflow/dags/dag_xcom.py
[2025-03-14T06:56:57.220+0000] {logging_mixin.py:154} INFO - [2025-03-14T06:56:57.219+0000] {dag.py:2941} INFO - Sync 1 DAGs
[2025-03-14T06:56:57.240+0000] {logging_mixin.py:154} INFO - [2025-03-14T06:56:57.240+0000] {dag.py:3722} INFO - Setting next_dagrun for xcom_dag_v01 to 2025-03-14T00:00:00+00:00, run_after=2025-03-15T00:00:00+00:00
[2025-03-14T06:56:57.256+0000] {processor.py:179} INFO - Processing /opt/airflow/dags/dag_xcom.py took 0.089 seconds
[2025-03-14T06:57:27.776+0000] {processor.py:157} INFO - Started process (PID=69125) to work on /opt/airflow/dags/dag_xcom.py
[2025-03-14T06:57:27.776+0000] {processor.py:829} INFO - Processing file /opt/airflow/dags/dag_xcom.py for tasks to queue
[2025-03-14T06:57:27.777+0000] {logging_mixin.py:154} INFO - [2025-03-14T06:57:27.777+0000] {dagbag.py:536} INFO - Filling up the DagBag from /opt/airflow/dags/dag_xcom.py
[2025-03-14T06:57:27.786+0000] {processor.py:839} INFO - DAG(s) dict_keys(['xcom_dag_v01']) retrieved from /opt/airflow/dags/dag_xcom.py
[2025-03-14T06:57:27.806+0000] {logging_mixin.py:154} INFO - [2025-03-14T06:57:27.806+0000] {dag.py:2941} INFO - Sync 1 DAGs
[2025-03-14T06:57:27.821+0000] {logging_mixin.py:154} INFO - [2025-03-14T06:57:27.821+0000] {dag.py:3722} INFO - Setting next_dagrun for xcom_dag_v01 to 2025-03-14T00:00:00+00:00, run_after=2025-03-15T00:00:00+00:00
[2025-03-14T06:57:27.835+0000] {processor.py:179} INFO - Processing /opt/airflow/dags/dag_xcom.py took 0.062 seconds
[2025-03-14T06:57:58.342+0000] {processor.py:157} INFO - Started process (PID=69172) to work on /opt/airflow/dags/dag_xcom.py
[2025-03-14T06:57:58.343+0000] {processor.py:829} INFO - Processing file /opt/airflow/dags/dag_xcom.py for tasks to queue
[2025-03-14T06:57:58.343+0000] {logging_mixin.py:154} INFO - [2025-03-14T06:57:58.343+0000] {dagbag.py:536} INFO - Filling up the DagBag from /opt/airflow/dags/dag_xcom.py
[2025-03-14T06:57:58.352+0000] {processor.py:839} INFO - DAG(s) dict_keys(['xcom_dag_v01']) retrieved from /opt/airflow/dags/dag_xcom.py
[2025-03-14T06:57:58.386+0000] {logging_mixin.py:154} INFO - [2025-03-14T06:57:58.386+0000] {dag.py:2941} INFO - Sync 1 DAGs
[2025-03-14T06:57:58.404+0000] {logging_mixin.py:154} INFO - [2025-03-14T06:57:58.403+0000] {dag.py:3722} INFO - Setting next_dagrun for xcom_dag_v01 to 2025-03-14T00:00:00+00:00, run_after=2025-03-15T00:00:00+00:00
[2025-03-14T06:57:58.419+0000] {processor.py:179} INFO - Processing /opt/airflow/dags/dag_xcom.py took 0.081 seconds
[2025-03-14T06:58:28.950+0000] {processor.py:157} INFO - Started process (PID=69217) to work on /opt/airflow/dags/dag_xcom.py
[2025-03-14T06:58:28.952+0000] {processor.py:829} INFO - Processing file /opt/airflow/dags/dag_xcom.py for tasks to queue
[2025-03-14T06:58:28.953+0000] {logging_mixin.py:154} INFO - [2025-03-14T06:58:28.952+0000] {dagbag.py:536} INFO - Filling up the DagBag from /opt/airflow/dags/dag_xcom.py
[2025-03-14T06:58:28.968+0000] {processor.py:839} INFO - DAG(s) dict_keys(['xcom_dag_v01']) retrieved from /opt/airflow/dags/dag_xcom.py
[2025-03-14T06:58:28.995+0000] {logging_mixin.py:154} INFO - [2025-03-14T06:58:28.995+0000] {dag.py:2941} INFO - Sync 1 DAGs
[2025-03-14T06:58:29.019+0000] {logging_mixin.py:154} INFO - [2025-03-14T06:58:29.019+0000] {dag.py:3722} INFO - Setting next_dagrun for xcom_dag_v01 to 2025-03-14T00:00:00+00:00, run_after=2025-03-15T00:00:00+00:00
[2025-03-14T06:58:29.036+0000] {processor.py:179} INFO - Processing /opt/airflow/dags/dag_xcom.py took 0.090 seconds
[2025-03-14T06:58:59.651+0000] {processor.py:157} INFO - Started process (PID=69266) to work on /opt/airflow/dags/dag_xcom.py
[2025-03-14T06:58:59.652+0000] {processor.py:829} INFO - Processing file /opt/airflow/dags/dag_xcom.py for tasks to queue
[2025-03-14T06:58:59.653+0000] {logging_mixin.py:154} INFO - [2025-03-14T06:58:59.653+0000] {dagbag.py:536} INFO - Filling up the DagBag from /opt/airflow/dags/dag_xcom.py
[2025-03-14T06:58:59.665+0000] {processor.py:839} INFO - DAG(s) dict_keys(['xcom_dag_v01']) retrieved from /opt/airflow/dags/dag_xcom.py
[2025-03-14T06:58:59.687+0000] {logging_mixin.py:154} INFO - [2025-03-14T06:58:59.687+0000] {dag.py:2941} INFO - Sync 1 DAGs
[2025-03-14T06:58:59.707+0000] {logging_mixin.py:154} INFO - [2025-03-14T06:58:59.707+0000] {dag.py:3722} INFO - Setting next_dagrun for xcom_dag_v01 to 2025-03-14T00:00:00+00:00, run_after=2025-03-15T00:00:00+00:00
[2025-03-14T06:58:59.719+0000] {processor.py:179} INFO - Processing /opt/airflow/dags/dag_xcom.py took 0.072 seconds
[2025-03-14T06:59:30.289+0000] {processor.py:157} INFO - Started process (PID=69314) to work on /opt/airflow/dags/dag_xcom.py
[2025-03-14T06:59:30.290+0000] {processor.py:829} INFO - Processing file /opt/airflow/dags/dag_xcom.py for tasks to queue
[2025-03-14T06:59:30.290+0000] {logging_mixin.py:154} INFO - [2025-03-14T06:59:30.290+0000] {dagbag.py:536} INFO - Filling up the DagBag from /opt/airflow/dags/dag_xcom.py
[2025-03-14T06:59:30.298+0000] {processor.py:839} INFO - DAG(s) dict_keys(['xcom_dag_v01']) retrieved from /opt/airflow/dags/dag_xcom.py
[2025-03-14T06:59:30.320+0000] {logging_mixin.py:154} INFO - [2025-03-14T06:59:30.319+0000] {dag.py:2941} INFO - Sync 1 DAGs
[2025-03-14T06:59:30.338+0000] {logging_mixin.py:154} INFO - [2025-03-14T06:59:30.338+0000] {dag.py:3722} INFO - Setting next_dagrun for xcom_dag_v01 to 2025-03-14T00:00:00+00:00, run_after=2025-03-15T00:00:00+00:00
[2025-03-14T06:59:30.352+0000] {processor.py:179} INFO - Processing /opt/airflow/dags/dag_xcom.py took 0.066 seconds
[2025-03-14T07:00:00.863+0000] {processor.py:157} INFO - Started process (PID=69361) to work on /opt/airflow/dags/dag_xcom.py
[2025-03-14T07:00:00.864+0000] {processor.py:829} INFO - Processing file /opt/airflow/dags/dag_xcom.py for tasks to queue
[2025-03-14T07:00:00.864+0000] {logging_mixin.py:154} INFO - [2025-03-14T07:00:00.864+0000] {dagbag.py:536} INFO - Filling up the DagBag from /opt/airflow/dags/dag_xcom.py
[2025-03-14T07:00:00.872+0000] {processor.py:839} INFO - DAG(s) dict_keys(['xcom_dag_v01']) retrieved from /opt/airflow/dags/dag_xcom.py
[2025-03-14T07:00:00.891+0000] {logging_mixin.py:154} INFO - [2025-03-14T07:00:00.891+0000] {dag.py:2941} INFO - Sync 1 DAGs
[2025-03-14T07:00:00.905+0000] {logging_mixin.py:154} INFO - [2025-03-14T07:00:00.905+0000] {dag.py:3722} INFO - Setting next_dagrun for xcom_dag_v01 to 2025-03-14T00:00:00+00:00, run_after=2025-03-15T00:00:00+00:00
[2025-03-14T07:00:00.916+0000] {processor.py:179} INFO - Processing /opt/airflow/dags/dag_xcom.py took 0.055 seconds
[2025-03-14T07:00:31.465+0000] {processor.py:157} INFO - Started process (PID=69408) to work on /opt/airflow/dags/dag_xcom.py
[2025-03-14T07:00:31.465+0000] {processor.py:829} INFO - Processing file /opt/airflow/dags/dag_xcom.py for tasks to queue
[2025-03-14T07:00:31.466+0000] {logging_mixin.py:154} INFO - [2025-03-14T07:00:31.466+0000] {dagbag.py:536} INFO - Filling up the DagBag from /opt/airflow/dags/dag_xcom.py
[2025-03-14T07:00:31.477+0000] {processor.py:839} INFO - DAG(s) dict_keys(['xcom_dag_v01']) retrieved from /opt/airflow/dags/dag_xcom.py
[2025-03-14T07:00:31.498+0000] {logging_mixin.py:154} INFO - [2025-03-14T07:00:31.498+0000] {dag.py:2941} INFO - Sync 1 DAGs
[2025-03-14T07:00:31.512+0000] {logging_mixin.py:154} INFO - [2025-03-14T07:00:31.512+0000] {dag.py:3722} INFO - Setting next_dagrun for xcom_dag_v01 to 2025-03-14T00:00:00+00:00, run_after=2025-03-15T00:00:00+00:00
[2025-03-14T07:00:31.526+0000] {processor.py:179} INFO - Processing /opt/airflow/dags/dag_xcom.py took 0.065 seconds
[2025-03-14T07:01:01.980+0000] {processor.py:157} INFO - Started process (PID=69453) to work on /opt/airflow/dags/dag_xcom.py
[2025-03-14T07:01:01.980+0000] {processor.py:829} INFO - Processing file /opt/airflow/dags/dag_xcom.py for tasks to queue
[2025-03-14T07:01:01.981+0000] {logging_mixin.py:154} INFO - [2025-03-14T07:01:01.981+0000] {dagbag.py:536} INFO - Filling up the DagBag from /opt/airflow/dags/dag_xcom.py
[2025-03-14T07:01:01.988+0000] {processor.py:839} INFO - DAG(s) dict_keys(['xcom_dag_v01']) retrieved from /opt/airflow/dags/dag_xcom.py
[2025-03-14T07:01:02.006+0000] {logging_mixin.py:154} INFO - [2025-03-14T07:01:02.006+0000] {dag.py:2941} INFO - Sync 1 DAGs
[2025-03-14T07:01:02.023+0000] {logging_mixin.py:154} INFO - [2025-03-14T07:01:02.023+0000] {dag.py:3722} INFO - Setting next_dagrun for xcom_dag_v01 to 2025-03-14T00:00:00+00:00, run_after=2025-03-15T00:00:00+00:00
[2025-03-14T07:01:02.038+0000] {processor.py:179} INFO - Processing /opt/airflow/dags/dag_xcom.py took 0.061 seconds
[2025-03-14T07:01:32.689+0000] {processor.py:157} INFO - Started process (PID=69502) to work on /opt/airflow/dags/dag_xcom.py
[2025-03-14T07:01:32.689+0000] {processor.py:829} INFO - Processing file /opt/airflow/dags/dag_xcom.py for tasks to queue
[2025-03-14T07:01:32.690+0000] {logging_mixin.py:154} INFO - [2025-03-14T07:01:32.690+0000] {dagbag.py:536} INFO - Filling up the DagBag from /opt/airflow/dags/dag_xcom.py
[2025-03-14T07:01:32.698+0000] {processor.py:839} INFO - DAG(s) dict_keys(['xcom_dag_v01']) retrieved from /opt/airflow/dags/dag_xcom.py
[2025-03-14T07:01:32.724+0000] {logging_mixin.py:154} INFO - [2025-03-14T07:01:32.724+0000] {dag.py:2941} INFO - Sync 1 DAGs
[2025-03-14T07:01:32.754+0000] {logging_mixin.py:154} INFO - [2025-03-14T07:01:32.754+0000] {dag.py:3722} INFO - Setting next_dagrun for xcom_dag_v01 to 2025-03-14T00:00:00+00:00, run_after=2025-03-15T00:00:00+00:00
[2025-03-14T07:01:32.782+0000] {processor.py:179} INFO - Processing /opt/airflow/dags/dag_xcom.py took 0.096 seconds
[2025-03-14T07:02:03.235+0000] {processor.py:157} INFO - Started process (PID=69547) to work on /opt/airflow/dags/dag_xcom.py
[2025-03-14T07:02:03.236+0000] {processor.py:829} INFO - Processing file /opt/airflow/dags/dag_xcom.py for tasks to queue
[2025-03-14T07:02:03.236+0000] {logging_mixin.py:154} INFO - [2025-03-14T07:02:03.236+0000] {dagbag.py:536} INFO - Filling up the DagBag from /opt/airflow/dags/dag_xcom.py
[2025-03-14T07:02:03.246+0000] {processor.py:839} INFO - DAG(s) dict_keys(['xcom_dag_v01']) retrieved from /opt/airflow/dags/dag_xcom.py
[2025-03-14T07:02:03.266+0000] {logging_mixin.py:154} INFO - [2025-03-14T07:02:03.266+0000] {dag.py:2941} INFO - Sync 1 DAGs
[2025-03-14T07:02:03.291+0000] {logging_mixin.py:154} INFO - [2025-03-14T07:02:03.291+0000] {dag.py:3722} INFO - Setting next_dagrun for xcom_dag_v01 to 2025-03-14T00:00:00+00:00, run_after=2025-03-15T00:00:00+00:00
[2025-03-14T07:02:03.308+0000] {processor.py:179} INFO - Processing /opt/airflow/dags/dag_xcom.py took 0.076 seconds
[2025-03-14T07:02:33.813+0000] {processor.py:157} INFO - Started process (PID=69594) to work on /opt/airflow/dags/dag_xcom.py
[2025-03-14T07:02:33.814+0000] {processor.py:829} INFO - Processing file /opt/airflow/dags/dag_xcom.py for tasks to queue
[2025-03-14T07:02:33.814+0000] {logging_mixin.py:154} INFO - [2025-03-14T07:02:33.814+0000] {dagbag.py:536} INFO - Filling up the DagBag from /opt/airflow/dags/dag_xcom.py
[2025-03-14T07:02:33.822+0000] {processor.py:839} INFO - DAG(s) dict_keys(['xcom_dag_v01']) retrieved from /opt/airflow/dags/dag_xcom.py
[2025-03-14T07:02:33.844+0000] {logging_mixin.py:154} INFO - [2025-03-14T07:02:33.843+0000] {dag.py:2941} INFO - Sync 1 DAGs
[2025-03-14T07:02:33.863+0000] {logging_mixin.py:154} INFO - [2025-03-14T07:02:33.863+0000] {dag.py:3722} INFO - Setting next_dagrun for xcom_dag_v01 to 2025-03-14T00:00:00+00:00, run_after=2025-03-15T00:00:00+00:00
[2025-03-14T07:02:33.876+0000] {processor.py:179} INFO - Processing /opt/airflow/dags/dag_xcom.py took 0.065 seconds
[2025-03-14T07:03:04.392+0000] {processor.py:157} INFO - Started process (PID=69641) to work on /opt/airflow/dags/dag_xcom.py
[2025-03-14T07:03:04.393+0000] {processor.py:829} INFO - Processing file /opt/airflow/dags/dag_xcom.py for tasks to queue
[2025-03-14T07:03:04.393+0000] {logging_mixin.py:154} INFO - [2025-03-14T07:03:04.393+0000] {dagbag.py:536} INFO - Filling up the DagBag from /opt/airflow/dags/dag_xcom.py
[2025-03-14T07:03:04.404+0000] {processor.py:839} INFO - DAG(s) dict_keys(['xcom_dag_v01']) retrieved from /opt/airflow/dags/dag_xcom.py
[2025-03-14T07:03:04.433+0000] {logging_mixin.py:154} INFO - [2025-03-14T07:03:04.433+0000] {dag.py:2941} INFO - Sync 1 DAGs
[2025-03-14T07:03:04.456+0000] {logging_mixin.py:154} INFO - [2025-03-14T07:03:04.456+0000] {dag.py:3722} INFO - Setting next_dagrun for xcom_dag_v01 to 2025-03-14T00:00:00+00:00, run_after=2025-03-15T00:00:00+00:00
[2025-03-14T07:03:04.470+0000] {processor.py:179} INFO - Processing /opt/airflow/dags/dag_xcom.py took 0.081 seconds
[2025-03-14T07:03:35.125+0000] {processor.py:157} INFO - Started process (PID=69691) to work on /opt/airflow/dags/dag_xcom.py
[2025-03-14T07:03:35.126+0000] {processor.py:829} INFO - Processing file /opt/airflow/dags/dag_xcom.py for tasks to queue
[2025-03-14T07:03:35.127+0000] {logging_mixin.py:154} INFO - [2025-03-14T07:03:35.127+0000] {dagbag.py:536} INFO - Filling up the DagBag from /opt/airflow/dags/dag_xcom.py
[2025-03-14T07:03:35.135+0000] {processor.py:839} INFO - DAG(s) dict_keys(['xcom_dag_v01']) retrieved from /opt/airflow/dags/dag_xcom.py
[2025-03-14T07:03:35.155+0000] {logging_mixin.py:154} INFO - [2025-03-14T07:03:35.155+0000] {dag.py:2941} INFO - Sync 1 DAGs
[2025-03-14T07:03:35.169+0000] {logging_mixin.py:154} INFO - [2025-03-14T07:03:35.169+0000] {dag.py:3722} INFO - Setting next_dagrun for xcom_dag_v01 to 2025-03-14T00:00:00+00:00, run_after=2025-03-15T00:00:00+00:00
[2025-03-14T07:03:35.181+0000] {processor.py:179} INFO - Processing /opt/airflow/dags/dag_xcom.py took 0.060 seconds
[2025-03-14T07:04:05.735+0000] {processor.py:157} INFO - Started process (PID=69736) to work on /opt/airflow/dags/dag_xcom.py
[2025-03-14T07:04:05.736+0000] {processor.py:829} INFO - Processing file /opt/airflow/dags/dag_xcom.py for tasks to queue
[2025-03-14T07:04:05.737+0000] {logging_mixin.py:154} INFO - [2025-03-14T07:04:05.737+0000] {dagbag.py:536} INFO - Filling up the DagBag from /opt/airflow/dags/dag_xcom.py
[2025-03-14T07:04:05.745+0000] {processor.py:839} INFO - DAG(s) dict_keys(['xcom_dag_v01']) retrieved from /opt/airflow/dags/dag_xcom.py
[2025-03-14T07:04:05.770+0000] {logging_mixin.py:154} INFO - [2025-03-14T07:04:05.770+0000] {dag.py:2941} INFO - Sync 1 DAGs
[2025-03-14T07:04:05.793+0000] {logging_mixin.py:154} INFO - [2025-03-14T07:04:05.793+0000] {dag.py:3722} INFO - Setting next_dagrun for xcom_dag_v01 to 2025-03-14T00:00:00+00:00, run_after=2025-03-15T00:00:00+00:00
[2025-03-14T07:04:05.813+0000] {processor.py:179} INFO - Processing /opt/airflow/dags/dag_xcom.py took 0.080 seconds
[2025-03-14T07:04:36.398+0000] {processor.py:157} INFO - Started process (PID=69785) to work on /opt/airflow/dags/dag_xcom.py
[2025-03-14T07:04:36.398+0000] {processor.py:829} INFO - Processing file /opt/airflow/dags/dag_xcom.py for tasks to queue
[2025-03-14T07:04:36.399+0000] {logging_mixin.py:154} INFO - [2025-03-14T07:04:36.398+0000] {dagbag.py:536} INFO - Filling up the DagBag from /opt/airflow/dags/dag_xcom.py
[2025-03-14T07:04:36.407+0000] {processor.py:839} INFO - DAG(s) dict_keys(['xcom_dag_v01']) retrieved from /opt/airflow/dags/dag_xcom.py
[2025-03-14T07:04:36.429+0000] {logging_mixin.py:154} INFO - [2025-03-14T07:04:36.429+0000] {dag.py:2941} INFO - Sync 1 DAGs
[2025-03-14T07:04:36.450+0000] {logging_mixin.py:154} INFO - [2025-03-14T07:04:36.450+0000] {dag.py:3722} INFO - Setting next_dagrun for xcom_dag_v01 to 2025-03-14T00:00:00+00:00, run_after=2025-03-15T00:00:00+00:00
[2025-03-14T07:04:36.466+0000] {processor.py:179} INFO - Processing /opt/airflow/dags/dag_xcom.py took 0.071 seconds
[2025-03-14T07:05:06.877+0000] {processor.py:157} INFO - Started process (PID=69830) to work on /opt/airflow/dags/dag_xcom.py
[2025-03-14T07:05:06.878+0000] {processor.py:829} INFO - Processing file /opt/airflow/dags/dag_xcom.py for tasks to queue
[2025-03-14T07:05:06.878+0000] {logging_mixin.py:154} INFO - [2025-03-14T07:05:06.878+0000] {dagbag.py:536} INFO - Filling up the DagBag from /opt/airflow/dags/dag_xcom.py
[2025-03-14T07:05:06.886+0000] {processor.py:839} INFO - DAG(s) dict_keys(['xcom_dag_v01']) retrieved from /opt/airflow/dags/dag_xcom.py
[2025-03-14T07:05:06.910+0000] {logging_mixin.py:154} INFO - [2025-03-14T07:05:06.910+0000] {dag.py:2941} INFO - Sync 1 DAGs
[2025-03-14T07:05:06.928+0000] {logging_mixin.py:154} INFO - [2025-03-14T07:05:06.928+0000] {dag.py:3722} INFO - Setting next_dagrun for xcom_dag_v01 to 2025-03-14T00:00:00+00:00, run_after=2025-03-15T00:00:00+00:00
[2025-03-14T07:05:06.947+0000] {processor.py:179} INFO - Processing /opt/airflow/dags/dag_xcom.py took 0.072 seconds
[2025-03-14T07:05:37.573+0000] {processor.py:157} INFO - Started process (PID=69879) to work on /opt/airflow/dags/dag_xcom.py
[2025-03-14T07:05:37.574+0000] {processor.py:829} INFO - Processing file /opt/airflow/dags/dag_xcom.py for tasks to queue
[2025-03-14T07:05:37.574+0000] {logging_mixin.py:154} INFO - [2025-03-14T07:05:37.574+0000] {dagbag.py:536} INFO - Filling up the DagBag from /opt/airflow/dags/dag_xcom.py
[2025-03-14T07:05:37.584+0000] {processor.py:839} INFO - DAG(s) dict_keys(['xcom_dag_v01']) retrieved from /opt/airflow/dags/dag_xcom.py
[2025-03-14T07:05:37.603+0000] {logging_mixin.py:154} INFO - [2025-03-14T07:05:37.603+0000] {dag.py:2941} INFO - Sync 1 DAGs
[2025-03-14T07:05:37.618+0000] {logging_mixin.py:154} INFO - [2025-03-14T07:05:37.618+0000] {dag.py:3722} INFO - Setting next_dagrun for xcom_dag_v01 to 2025-03-14T00:00:00+00:00, run_after=2025-03-15T00:00:00+00:00
[2025-03-14T07:05:37.633+0000] {processor.py:179} INFO - Processing /opt/airflow/dags/dag_xcom.py took 0.062 seconds
[2025-03-14T07:06:08.199+0000] {processor.py:157} INFO - Started process (PID=69925) to work on /opt/airflow/dags/dag_xcom.py
[2025-03-14T07:06:08.200+0000] {processor.py:829} INFO - Processing file /opt/airflow/dags/dag_xcom.py for tasks to queue
[2025-03-14T07:06:08.201+0000] {logging_mixin.py:154} INFO - [2025-03-14T07:06:08.200+0000] {dagbag.py:536} INFO - Filling up the DagBag from /opt/airflow/dags/dag_xcom.py
[2025-03-14T07:06:08.214+0000] {processor.py:839} INFO - DAG(s) dict_keys(['xcom_dag_v01']) retrieved from /opt/airflow/dags/dag_xcom.py
[2025-03-14T07:06:08.236+0000] {logging_mixin.py:154} INFO - [2025-03-14T07:06:08.236+0000] {dag.py:2941} INFO - Sync 1 DAGs
[2025-03-14T07:06:08.250+0000] {logging_mixin.py:154} INFO - [2025-03-14T07:06:08.250+0000] {dag.py:3722} INFO - Setting next_dagrun for xcom_dag_v01 to 2025-03-14T00:00:00+00:00, run_after=2025-03-15T00:00:00+00:00
[2025-03-14T07:06:08.263+0000] {processor.py:179} INFO - Processing /opt/airflow/dags/dag_xcom.py took 0.067 seconds
[2025-03-14T07:06:38.819+0000] {processor.py:157} INFO - Started process (PID=69973) to work on /opt/airflow/dags/dag_xcom.py
[2025-03-14T07:06:38.820+0000] {processor.py:829} INFO - Processing file /opt/airflow/dags/dag_xcom.py for tasks to queue
[2025-03-14T07:06:38.820+0000] {logging_mixin.py:154} INFO - [2025-03-14T07:06:38.820+0000] {dagbag.py:536} INFO - Filling up the DagBag from /opt/airflow/dags/dag_xcom.py
[2025-03-14T07:06:38.827+0000] {processor.py:839} INFO - DAG(s) dict_keys(['xcom_dag_v01']) retrieved from /opt/airflow/dags/dag_xcom.py
[2025-03-14T07:06:38.845+0000] {logging_mixin.py:154} INFO - [2025-03-14T07:06:38.845+0000] {dag.py:2941} INFO - Sync 1 DAGs
[2025-03-14T07:06:38.860+0000] {logging_mixin.py:154} INFO - [2025-03-14T07:06:38.860+0000] {dag.py:3722} INFO - Setting next_dagrun for xcom_dag_v01 to 2025-03-14T00:00:00+00:00, run_after=2025-03-15T00:00:00+00:00
[2025-03-14T07:06:38.874+0000] {processor.py:179} INFO - Processing /opt/airflow/dags/dag_xcom.py took 0.058 seconds
[2025-03-14T07:07:09.407+0000] {processor.py:157} INFO - Started process (PID=70019) to work on /opt/airflow/dags/dag_xcom.py
[2025-03-14T07:07:09.408+0000] {processor.py:829} INFO - Processing file /opt/airflow/dags/dag_xcom.py for tasks to queue
[2025-03-14T07:07:09.409+0000] {logging_mixin.py:154} INFO - [2025-03-14T07:07:09.408+0000] {dagbag.py:536} INFO - Filling up the DagBag from /opt/airflow/dags/dag_xcom.py
[2025-03-14T07:07:09.419+0000] {processor.py:839} INFO - DAG(s) dict_keys(['xcom_dag_v01']) retrieved from /opt/airflow/dags/dag_xcom.py
[2025-03-14T07:07:09.446+0000] {logging_mixin.py:154} INFO - [2025-03-14T07:07:09.446+0000] {dag.py:2941} INFO - Sync 1 DAGs
[2025-03-14T07:07:09.466+0000] {logging_mixin.py:154} INFO - [2025-03-14T07:07:09.466+0000] {dag.py:3722} INFO - Setting next_dagrun for xcom_dag_v01 to 2025-03-14T00:00:00+00:00, run_after=2025-03-15T00:00:00+00:00
[2025-03-14T07:07:09.482+0000] {processor.py:179} INFO - Processing /opt/airflow/dags/dag_xcom.py took 0.079 seconds
[2025-03-14T07:58:33.687+0000] {processor.py:157} INFO - Started process (PID=70061) to work on /opt/airflow/dags/dag_xcom.py
[2025-03-14T07:58:33.688+0000] {processor.py:829} INFO - Processing file /opt/airflow/dags/dag_xcom.py for tasks to queue
[2025-03-14T07:58:33.690+0000] {logging_mixin.py:154} INFO - [2025-03-14T07:58:33.689+0000] {dagbag.py:536} INFO - Filling up the DagBag from /opt/airflow/dags/dag_xcom.py
[2025-03-14T07:58:33.709+0000] {processor.py:839} INFO - DAG(s) dict_keys(['xcom_dag_v01']) retrieved from /opt/airflow/dags/dag_xcom.py
[2025-03-14T07:58:33.747+0000] {logging_mixin.py:154} INFO - [2025-03-14T07:58:33.747+0000] {dag.py:2941} INFO - Sync 1 DAGs
[2025-03-14T07:58:33.781+0000] {logging_mixin.py:154} INFO - [2025-03-14T07:58:33.781+0000] {dag.py:3722} INFO - Setting next_dagrun for xcom_dag_v01 to 2025-03-14T00:00:00+00:00, run_after=2025-03-15T00:00:00+00:00
[2025-03-14T07:58:33.815+0000] {processor.py:179} INFO - Processing /opt/airflow/dags/dag_xcom.py took 0.133 seconds
[2025-03-14T07:59:04.530+0000] {processor.py:157} INFO - Started process (PID=70110) to work on /opt/airflow/dags/dag_xcom.py
[2025-03-14T07:59:04.531+0000] {processor.py:829} INFO - Processing file /opt/airflow/dags/dag_xcom.py for tasks to queue
[2025-03-14T07:59:04.532+0000] {logging_mixin.py:154} INFO - [2025-03-14T07:59:04.532+0000] {dagbag.py:536} INFO - Filling up the DagBag from /opt/airflow/dags/dag_xcom.py
[2025-03-14T07:59:04.543+0000] {processor.py:839} INFO - DAG(s) dict_keys(['xcom_dag_v01']) retrieved from /opt/airflow/dags/dag_xcom.py
[2025-03-14T07:59:04.561+0000] {logging_mixin.py:154} INFO - [2025-03-14T07:59:04.561+0000] {dag.py:2941} INFO - Sync 1 DAGs
[2025-03-14T07:59:04.583+0000] {logging_mixin.py:154} INFO - [2025-03-14T07:59:04.583+0000] {dag.py:3722} INFO - Setting next_dagrun for xcom_dag_v01 to 2025-03-14T00:00:00+00:00, run_after=2025-03-15T00:00:00+00:00
[2025-03-14T07:59:04.603+0000] {processor.py:179} INFO - Processing /opt/airflow/dags/dag_xcom.py took 0.077 seconds
[2025-03-14T07:59:35.137+0000] {processor.py:157} INFO - Started process (PID=70157) to work on /opt/airflow/dags/dag_xcom.py
[2025-03-14T07:59:35.138+0000] {processor.py:829} INFO - Processing file /opt/airflow/dags/dag_xcom.py for tasks to queue
[2025-03-14T07:59:35.138+0000] {logging_mixin.py:154} INFO - [2025-03-14T07:59:35.138+0000] {dagbag.py:536} INFO - Filling up the DagBag from /opt/airflow/dags/dag_xcom.py
[2025-03-14T07:59:35.147+0000] {processor.py:839} INFO - DAG(s) dict_keys(['xcom_dag_v01']) retrieved from /opt/airflow/dags/dag_xcom.py
[2025-03-14T07:59:35.166+0000] {logging_mixin.py:154} INFO - [2025-03-14T07:59:35.166+0000] {dag.py:2941} INFO - Sync 1 DAGs
[2025-03-14T07:59:35.180+0000] {logging_mixin.py:154} INFO - [2025-03-14T07:59:35.180+0000] {dag.py:3722} INFO - Setting next_dagrun for xcom_dag_v01 to 2025-03-14T00:00:00+00:00, run_after=2025-03-15T00:00:00+00:00
[2025-03-14T07:59:35.193+0000] {processor.py:179} INFO - Processing /opt/airflow/dags/dag_xcom.py took 0.061 seconds
[2025-03-14T08:00:05.695+0000] {processor.py:157} INFO - Started process (PID=70203) to work on /opt/airflow/dags/dag_xcom.py
[2025-03-14T08:00:05.696+0000] {processor.py:829} INFO - Processing file /opt/airflow/dags/dag_xcom.py for tasks to queue
[2025-03-14T08:00:05.696+0000] {logging_mixin.py:154} INFO - [2025-03-14T08:00:05.696+0000] {dagbag.py:536} INFO - Filling up the DagBag from /opt/airflow/dags/dag_xcom.py
[2025-03-14T08:00:05.705+0000] {processor.py:839} INFO - DAG(s) dict_keys(['xcom_dag_v01']) retrieved from /opt/airflow/dags/dag_xcom.py
[2025-03-14T08:00:05.729+0000] {logging_mixin.py:154} INFO - [2025-03-14T08:00:05.729+0000] {dag.py:2941} INFO - Sync 1 DAGs
[2025-03-14T08:00:05.747+0000] {logging_mixin.py:154} INFO - [2025-03-14T08:00:05.747+0000] {dag.py:3722} INFO - Setting next_dagrun for xcom_dag_v01 to 2025-03-14T00:00:00+00:00, run_after=2025-03-15T00:00:00+00:00
[2025-03-14T08:00:05.767+0000] {processor.py:179} INFO - Processing /opt/airflow/dags/dag_xcom.py took 0.075 seconds
[2025-03-14T08:00:36.281+0000] {processor.py:157} INFO - Started process (PID=70250) to work on /opt/airflow/dags/dag_xcom.py
[2025-03-14T08:00:36.282+0000] {processor.py:829} INFO - Processing file /opt/airflow/dags/dag_xcom.py for tasks to queue
[2025-03-14T08:00:36.282+0000] {logging_mixin.py:154} INFO - [2025-03-14T08:00:36.282+0000] {dagbag.py:536} INFO - Filling up the DagBag from /opt/airflow/dags/dag_xcom.py
[2025-03-14T08:00:36.291+0000] {processor.py:839} INFO - DAG(s) dict_keys(['xcom_dag_v01']) retrieved from /opt/airflow/dags/dag_xcom.py
[2025-03-14T08:00:36.312+0000] {logging_mixin.py:154} INFO - [2025-03-14T08:00:36.312+0000] {dag.py:2941} INFO - Sync 1 DAGs
[2025-03-14T08:00:36.331+0000] {logging_mixin.py:154} INFO - [2025-03-14T08:00:36.331+0000] {dag.py:3722} INFO - Setting next_dagrun for xcom_dag_v01 to 2025-03-14T00:00:00+00:00, run_after=2025-03-15T00:00:00+00:00
[2025-03-14T08:00:36.349+0000] {processor.py:179} INFO - Processing /opt/airflow/dags/dag_xcom.py took 0.070 seconds
