[2025-03-14T06:33:58.866+0000] {processor.py:157} INFO - Started process (PID=66931) to work on /opt/airflow/dags/first_dag.py
[2025-03-14T06:33:58.868+0000] {processor.py:829} INFO - Processing file /opt/airflow/dags/first_dag.py for tasks to queue
[2025-03-14T06:33:58.869+0000] {logging_mixin.py:154} INFO - [2025-03-14T06:33:58.869+0000] {dagbag.py:536} INFO - Filling up the DagBag from /opt/airflow/dags/first_dag.py
[2025-03-14T06:33:58.887+0000] {processor.py:839} INFO - DAG(s) dict_keys(['our_first_dag_v1']) retrieved from /opt/airflow/dags/first_dag.py
[2025-03-14T06:33:58.932+0000] {logging_mixin.py:154} INFO - [2025-03-14T06:33:58.932+0000] {dag.py:2941} INFO - Sync 1 DAGs
[2025-03-14T06:33:58.977+0000] {logging_mixin.py:154} INFO - [2025-03-14T06:33:58.977+0000] {dag.py:3722} INFO - Setting next_dagrun for our_first_dag_v1 to 2025-02-25T00:00:00+00:00, run_after=2025-02-26T00:00:00+00:00
[2025-03-14T06:33:59.006+0000] {processor.py:179} INFO - Processing /opt/airflow/dags/first_dag.py took 0.144 seconds
[2025-03-14T06:34:29.460+0000] {processor.py:157} INFO - Started process (PID=67011) to work on /opt/airflow/dags/first_dag.py
[2025-03-14T06:34:29.461+0000] {processor.py:829} INFO - Processing file /opt/airflow/dags/first_dag.py for tasks to queue
[2025-03-14T06:34:29.462+0000] {logging_mixin.py:154} INFO - [2025-03-14T06:34:29.461+0000] {dagbag.py:536} INFO - Filling up the DagBag from /opt/airflow/dags/first_dag.py
[2025-03-14T06:34:29.474+0000] {processor.py:839} INFO - DAG(s) dict_keys(['our_first_dag_v1']) retrieved from /opt/airflow/dags/first_dag.py
[2025-03-14T06:34:29.507+0000] {logging_mixin.py:154} INFO - [2025-03-14T06:34:29.507+0000] {dag.py:2941} INFO - Sync 1 DAGs
[2025-03-14T06:34:29.521+0000] {logging_mixin.py:154} INFO - [2025-03-14T06:34:29.521+0000] {dag.py:3722} INFO - Setting next_dagrun for our_first_dag_v1 to 2025-02-25T00:00:00+00:00, run_after=2025-02-26T00:00:00+00:00
[2025-03-14T06:34:29.533+0000] {processor.py:179} INFO - Processing /opt/airflow/dags/first_dag.py took 0.077 seconds
[2025-03-14T06:35:00.031+0000] {processor.py:157} INFO - Started process (PID=67056) to work on /opt/airflow/dags/first_dag.py
[2025-03-14T06:35:00.032+0000] {processor.py:829} INFO - Processing file /opt/airflow/dags/first_dag.py for tasks to queue
[2025-03-14T06:35:00.033+0000] {logging_mixin.py:154} INFO - [2025-03-14T06:35:00.032+0000] {dagbag.py:536} INFO - Filling up the DagBag from /opt/airflow/dags/first_dag.py
[2025-03-14T06:35:00.042+0000] {processor.py:839} INFO - DAG(s) dict_keys(['our_first_dag_v1']) retrieved from /opt/airflow/dags/first_dag.py
[2025-03-14T06:35:00.071+0000] {logging_mixin.py:154} INFO - [2025-03-14T06:35:00.071+0000] {dag.py:2941} INFO - Sync 1 DAGs
[2025-03-14T06:35:00.092+0000] {logging_mixin.py:154} INFO - [2025-03-14T06:35:00.092+0000] {dag.py:3722} INFO - Setting next_dagrun for our_first_dag_v1 to 2025-02-25T00:00:00+00:00, run_after=2025-02-26T00:00:00+00:00
[2025-03-14T06:35:00.125+0000] {processor.py:179} INFO - Processing /opt/airflow/dags/first_dag.py took 0.096 seconds
[2025-03-14T06:35:30.729+0000] {processor.py:157} INFO - Started process (PID=67103) to work on /opt/airflow/dags/first_dag.py
[2025-03-14T06:35:30.730+0000] {processor.py:829} INFO - Processing file /opt/airflow/dags/first_dag.py for tasks to queue
[2025-03-14T06:35:30.730+0000] {logging_mixin.py:154} INFO - [2025-03-14T06:35:30.730+0000] {dagbag.py:536} INFO - Filling up the DagBag from /opt/airflow/dags/first_dag.py
[2025-03-14T06:35:30.740+0000] {processor.py:839} INFO - DAG(s) dict_keys(['our_first_dag_v1']) retrieved from /opt/airflow/dags/first_dag.py
[2025-03-14T06:35:30.764+0000] {logging_mixin.py:154} INFO - [2025-03-14T06:35:30.763+0000] {dag.py:2941} INFO - Sync 1 DAGs
[2025-03-14T06:35:30.783+0000] {logging_mixin.py:154} INFO - [2025-03-14T06:35:30.783+0000] {dag.py:3722} INFO - Setting next_dagrun for our_first_dag_v1 to 2025-02-25T00:00:00+00:00, run_after=2025-02-26T00:00:00+00:00
[2025-03-14T06:35:30.797+0000] {processor.py:179} INFO - Processing /opt/airflow/dags/first_dag.py took 0.071 seconds
[2025-03-14T06:36:01.346+0000] {processor.py:157} INFO - Started process (PID=67150) to work on /opt/airflow/dags/first_dag.py
[2025-03-14T06:36:01.348+0000] {processor.py:829} INFO - Processing file /opt/airflow/dags/first_dag.py for tasks to queue
[2025-03-14T06:36:01.349+0000] {logging_mixin.py:154} INFO - [2025-03-14T06:36:01.349+0000] {dagbag.py:536} INFO - Filling up the DagBag from /opt/airflow/dags/first_dag.py
[2025-03-14T06:36:01.359+0000] {processor.py:839} INFO - DAG(s) dict_keys(['our_first_dag_v1']) retrieved from /opt/airflow/dags/first_dag.py
[2025-03-14T06:36:01.380+0000] {logging_mixin.py:154} INFO - [2025-03-14T06:36:01.380+0000] {dag.py:2941} INFO - Sync 1 DAGs
[2025-03-14T06:36:01.398+0000] {logging_mixin.py:154} INFO - [2025-03-14T06:36:01.398+0000] {dag.py:3722} INFO - Setting next_dagrun for our_first_dag_v1 to 2025-02-25T00:00:00+00:00, run_after=2025-02-26T00:00:00+00:00
[2025-03-14T06:36:01.413+0000] {processor.py:179} INFO - Processing /opt/airflow/dags/first_dag.py took 0.071 seconds
[2025-03-14T06:36:32.096+0000] {processor.py:157} INFO - Started process (PID=67197) to work on /opt/airflow/dags/first_dag.py
[2025-03-14T06:36:32.097+0000] {processor.py:829} INFO - Processing file /opt/airflow/dags/first_dag.py for tasks to queue
[2025-03-14T06:36:32.097+0000] {logging_mixin.py:154} INFO - [2025-03-14T06:36:32.097+0000] {dagbag.py:536} INFO - Filling up the DagBag from /opt/airflow/dags/first_dag.py
[2025-03-14T06:36:32.107+0000] {processor.py:839} INFO - DAG(s) dict_keys(['our_first_dag_v1']) retrieved from /opt/airflow/dags/first_dag.py
[2025-03-14T06:36:32.134+0000] {logging_mixin.py:154} INFO - [2025-03-14T06:36:32.134+0000] {dag.py:2941} INFO - Sync 1 DAGs
[2025-03-14T06:36:32.154+0000] {logging_mixin.py:154} INFO - [2025-03-14T06:36:32.154+0000] {dag.py:3722} INFO - Setting next_dagrun for our_first_dag_v1 to 2025-02-25T00:00:00+00:00, run_after=2025-02-26T00:00:00+00:00
[2025-03-14T06:36:32.173+0000] {processor.py:179} INFO - Processing /opt/airflow/dags/first_dag.py took 0.081 seconds
[2025-03-14T06:37:02.834+0000] {processor.py:157} INFO - Started process (PID=67244) to work on /opt/airflow/dags/first_dag.py
[2025-03-14T06:37:02.835+0000] {processor.py:829} INFO - Processing file /opt/airflow/dags/first_dag.py for tasks to queue
[2025-03-14T06:37:02.836+0000] {logging_mixin.py:154} INFO - [2025-03-14T06:37:02.836+0000] {dagbag.py:536} INFO - Filling up the DagBag from /opt/airflow/dags/first_dag.py
[2025-03-14T06:37:02.846+0000] {processor.py:839} INFO - DAG(s) dict_keys(['our_first_dag_v1']) retrieved from /opt/airflow/dags/first_dag.py
[2025-03-14T06:37:02.872+0000] {logging_mixin.py:154} INFO - [2025-03-14T06:37:02.871+0000] {dag.py:2941} INFO - Sync 1 DAGs
[2025-03-14T06:37:02.895+0000] {logging_mixin.py:154} INFO - [2025-03-14T06:37:02.895+0000] {dag.py:3722} INFO - Setting next_dagrun for our_first_dag_v1 to 2025-02-25T00:00:00+00:00, run_after=2025-02-26T00:00:00+00:00
[2025-03-14T06:37:02.912+0000] {processor.py:179} INFO - Processing /opt/airflow/dags/first_dag.py took 0.081 seconds
[2025-03-14T06:37:33.465+0000] {processor.py:157} INFO - Started process (PID=67293) to work on /opt/airflow/dags/first_dag.py
[2025-03-14T06:37:33.466+0000] {processor.py:829} INFO - Processing file /opt/airflow/dags/first_dag.py for tasks to queue
[2025-03-14T06:37:33.466+0000] {logging_mixin.py:154} INFO - [2025-03-14T06:37:33.466+0000] {dagbag.py:536} INFO - Filling up the DagBag from /opt/airflow/dags/first_dag.py
[2025-03-14T06:37:33.474+0000] {processor.py:839} INFO - DAG(s) dict_keys(['our_first_dag_v1']) retrieved from /opt/airflow/dags/first_dag.py
[2025-03-14T06:37:33.493+0000] {logging_mixin.py:154} INFO - [2025-03-14T06:37:33.493+0000] {dag.py:2941} INFO - Sync 1 DAGs
[2025-03-14T06:37:33.508+0000] {logging_mixin.py:154} INFO - [2025-03-14T06:37:33.508+0000] {dag.py:3722} INFO - Setting next_dagrun for our_first_dag_v1 to 2025-02-25T00:00:00+00:00, run_after=2025-02-26T00:00:00+00:00
[2025-03-14T06:37:33.520+0000] {processor.py:179} INFO - Processing /opt/airflow/dags/first_dag.py took 0.058 seconds
[2025-03-14T06:38:04.226+0000] {processor.py:157} INFO - Started process (PID=67338) to work on /opt/airflow/dags/first_dag.py
[2025-03-14T06:38:04.227+0000] {processor.py:829} INFO - Processing file /opt/airflow/dags/first_dag.py for tasks to queue
[2025-03-14T06:38:04.228+0000] {logging_mixin.py:154} INFO - [2025-03-14T06:38:04.227+0000] {dagbag.py:536} INFO - Filling up the DagBag from /opt/airflow/dags/first_dag.py
[2025-03-14T06:38:04.238+0000] {processor.py:839} INFO - DAG(s) dict_keys(['our_first_dag_v1']) retrieved from /opt/airflow/dags/first_dag.py
[2025-03-14T06:38:04.262+0000] {logging_mixin.py:154} INFO - [2025-03-14T06:38:04.262+0000] {dag.py:2941} INFO - Sync 1 DAGs
[2025-03-14T06:38:04.282+0000] {logging_mixin.py:154} INFO - [2025-03-14T06:38:04.282+0000] {dag.py:3722} INFO - Setting next_dagrun for our_first_dag_v1 to 2025-02-25T00:00:00+00:00, run_after=2025-02-26T00:00:00+00:00
[2025-03-14T06:38:04.300+0000] {processor.py:179} INFO - Processing /opt/airflow/dags/first_dag.py took 0.077 seconds
[2025-03-14T06:38:34.837+0000] {processor.py:157} INFO - Started process (PID=67385) to work on /opt/airflow/dags/first_dag.py
[2025-03-14T06:38:34.837+0000] {processor.py:829} INFO - Processing file /opt/airflow/dags/first_dag.py for tasks to queue
[2025-03-14T06:38:34.838+0000] {logging_mixin.py:154} INFO - [2025-03-14T06:38:34.838+0000] {dagbag.py:536} INFO - Filling up the DagBag from /opt/airflow/dags/first_dag.py
[2025-03-14T06:38:34.848+0000] {processor.py:839} INFO - DAG(s) dict_keys(['our_first_dag_v1']) retrieved from /opt/airflow/dags/first_dag.py
[2025-03-14T06:38:34.871+0000] {logging_mixin.py:154} INFO - [2025-03-14T06:38:34.871+0000] {dag.py:2941} INFO - Sync 1 DAGs
[2025-03-14T06:38:34.889+0000] {logging_mixin.py:154} INFO - [2025-03-14T06:38:34.888+0000] {dag.py:3722} INFO - Setting next_dagrun for our_first_dag_v1 to 2025-02-25T00:00:00+00:00, run_after=2025-02-26T00:00:00+00:00
[2025-03-14T06:38:34.908+0000] {processor.py:179} INFO - Processing /opt/airflow/dags/first_dag.py took 0.075 seconds
[2025-03-14T06:39:05.541+0000] {processor.py:157} INFO - Started process (PID=67432) to work on /opt/airflow/dags/first_dag.py
[2025-03-14T06:39:05.541+0000] {processor.py:829} INFO - Processing file /opt/airflow/dags/first_dag.py for tasks to queue
[2025-03-14T06:39:05.542+0000] {logging_mixin.py:154} INFO - [2025-03-14T06:39:05.542+0000] {dagbag.py:536} INFO - Filling up the DagBag from /opt/airflow/dags/first_dag.py
[2025-03-14T06:39:05.550+0000] {processor.py:839} INFO - DAG(s) dict_keys(['our_first_dag_v1']) retrieved from /opt/airflow/dags/first_dag.py
[2025-03-14T06:39:05.576+0000] {logging_mixin.py:154} INFO - [2025-03-14T06:39:05.576+0000] {dag.py:2941} INFO - Sync 1 DAGs
[2025-03-14T06:39:05.593+0000] {logging_mixin.py:154} INFO - [2025-03-14T06:39:05.593+0000] {dag.py:3722} INFO - Setting next_dagrun for our_first_dag_v1 to 2025-02-25T00:00:00+00:00, run_after=2025-02-26T00:00:00+00:00
[2025-03-14T06:39:05.610+0000] {processor.py:179} INFO - Processing /opt/airflow/dags/first_dag.py took 0.072 seconds
[2025-03-14T06:39:36.203+0000] {processor.py:157} INFO - Started process (PID=67479) to work on /opt/airflow/dags/first_dag.py
[2025-03-14T06:39:36.204+0000] {processor.py:829} INFO - Processing file /opt/airflow/dags/first_dag.py for tasks to queue
[2025-03-14T06:39:36.204+0000] {logging_mixin.py:154} INFO - [2025-03-14T06:39:36.204+0000] {dagbag.py:536} INFO - Filling up the DagBag from /opt/airflow/dags/first_dag.py
[2025-03-14T06:39:36.212+0000] {processor.py:839} INFO - DAG(s) dict_keys(['our_first_dag_v1']) retrieved from /opt/airflow/dags/first_dag.py
[2025-03-14T06:39:36.237+0000] {logging_mixin.py:154} INFO - [2025-03-14T06:39:36.237+0000] {dag.py:2941} INFO - Sync 1 DAGs
[2025-03-14T06:39:36.255+0000] {logging_mixin.py:154} INFO - [2025-03-14T06:39:36.255+0000] {dag.py:3722} INFO - Setting next_dagrun for our_first_dag_v1 to 2025-02-25T00:00:00+00:00, run_after=2025-02-26T00:00:00+00:00
[2025-03-14T06:39:36.274+0000] {processor.py:179} INFO - Processing /opt/airflow/dags/first_dag.py took 0.074 seconds
[2025-03-14T06:40:06.747+0000] {processor.py:157} INFO - Started process (PID=67526) to work on /opt/airflow/dags/first_dag.py
[2025-03-14T06:40:06.748+0000] {processor.py:829} INFO - Processing file /opt/airflow/dags/first_dag.py for tasks to queue
[2025-03-14T06:40:06.749+0000] {logging_mixin.py:154} INFO - [2025-03-14T06:40:06.748+0000] {dagbag.py:536} INFO - Filling up the DagBag from /opt/airflow/dags/first_dag.py
[2025-03-14T06:40:06.757+0000] {processor.py:839} INFO - DAG(s) dict_keys(['our_first_dag_v1']) retrieved from /opt/airflow/dags/first_dag.py
[2025-03-14T06:40:06.782+0000] {logging_mixin.py:154} INFO - [2025-03-14T06:40:06.782+0000] {dag.py:2941} INFO - Sync 1 DAGs
[2025-03-14T06:40:06.799+0000] {logging_mixin.py:154} INFO - [2025-03-14T06:40:06.799+0000] {dag.py:3722} INFO - Setting next_dagrun for our_first_dag_v1 to 2025-02-25T00:00:00+00:00, run_after=2025-02-26T00:00:00+00:00
[2025-03-14T06:40:06.814+0000] {processor.py:179} INFO - Processing /opt/airflow/dags/first_dag.py took 0.070 seconds
[2025-03-14T06:40:37.405+0000] {processor.py:157} INFO - Started process (PID=67575) to work on /opt/airflow/dags/first_dag.py
[2025-03-14T06:40:37.406+0000] {processor.py:829} INFO - Processing file /opt/airflow/dags/first_dag.py for tasks to queue
[2025-03-14T06:40:37.407+0000] {logging_mixin.py:154} INFO - [2025-03-14T06:40:37.407+0000] {dagbag.py:536} INFO - Filling up the DagBag from /opt/airflow/dags/first_dag.py
[2025-03-14T06:40:37.420+0000] {processor.py:839} INFO - DAG(s) dict_keys(['our_first_dag_v1']) retrieved from /opt/airflow/dags/first_dag.py
[2025-03-14T06:40:37.438+0000] {logging_mixin.py:154} INFO - [2025-03-14T06:40:37.438+0000] {dag.py:2941} INFO - Sync 1 DAGs
[2025-03-14T06:40:37.455+0000] {logging_mixin.py:154} INFO - [2025-03-14T06:40:37.455+0000] {dag.py:3722} INFO - Setting next_dagrun for our_first_dag_v1 to 2025-02-25T00:00:00+00:00, run_after=2025-02-26T00:00:00+00:00
[2025-03-14T06:40:37.471+0000] {processor.py:179} INFO - Processing /opt/airflow/dags/first_dag.py took 0.072 seconds
[2025-03-14T06:41:07.935+0000] {processor.py:157} INFO - Started process (PID=67622) to work on /opt/airflow/dags/first_dag.py
[2025-03-14T06:41:07.936+0000] {processor.py:829} INFO - Processing file /opt/airflow/dags/first_dag.py for tasks to queue
[2025-03-14T06:41:07.936+0000] {logging_mixin.py:154} INFO - [2025-03-14T06:41:07.936+0000] {dagbag.py:536} INFO - Filling up the DagBag from /opt/airflow/dags/first_dag.py
[2025-03-14T06:41:07.946+0000] {processor.py:839} INFO - DAG(s) dict_keys(['our_first_dag_v1']) retrieved from /opt/airflow/dags/first_dag.py
[2025-03-14T06:41:07.972+0000] {logging_mixin.py:154} INFO - [2025-03-14T06:41:07.972+0000] {dag.py:2941} INFO - Sync 1 DAGs
[2025-03-14T06:41:07.990+0000] {logging_mixin.py:154} INFO - [2025-03-14T06:41:07.990+0000] {dag.py:3722} INFO - Setting next_dagrun for our_first_dag_v1 to 2025-02-25T00:00:00+00:00, run_after=2025-02-26T00:00:00+00:00
[2025-03-14T06:41:08.002+0000] {processor.py:179} INFO - Processing /opt/airflow/dags/first_dag.py took 0.069 seconds
[2025-03-14T06:41:38.531+0000] {processor.py:157} INFO - Started process (PID=67667) to work on /opt/airflow/dags/first_dag.py
[2025-03-14T06:41:38.532+0000] {processor.py:829} INFO - Processing file /opt/airflow/dags/first_dag.py for tasks to queue
[2025-03-14T06:41:38.532+0000] {logging_mixin.py:154} INFO - [2025-03-14T06:41:38.532+0000] {dagbag.py:536} INFO - Filling up the DagBag from /opt/airflow/dags/first_dag.py
[2025-03-14T06:41:38.541+0000] {processor.py:839} INFO - DAG(s) dict_keys(['our_first_dag_v1']) retrieved from /opt/airflow/dags/first_dag.py
[2025-03-14T06:41:38.570+0000] {logging_mixin.py:154} INFO - [2025-03-14T06:41:38.570+0000] {dag.py:2941} INFO - Sync 1 DAGs
[2025-03-14T06:41:38.588+0000] {logging_mixin.py:154} INFO - [2025-03-14T06:41:38.588+0000] {dag.py:3722} INFO - Setting next_dagrun for our_first_dag_v1 to 2025-02-25T00:00:00+00:00, run_after=2025-02-26T00:00:00+00:00
[2025-03-14T06:41:38.607+0000] {processor.py:179} INFO - Processing /opt/airflow/dags/first_dag.py took 0.079 seconds
[2025-03-14T06:42:09.260+0000] {processor.py:157} INFO - Started process (PID=67714) to work on /opt/airflow/dags/first_dag.py
[2025-03-14T06:42:09.261+0000] {processor.py:829} INFO - Processing file /opt/airflow/dags/first_dag.py for tasks to queue
[2025-03-14T06:42:09.262+0000] {logging_mixin.py:154} INFO - [2025-03-14T06:42:09.262+0000] {dagbag.py:536} INFO - Filling up the DagBag from /opt/airflow/dags/first_dag.py
[2025-03-14T06:42:09.271+0000] {processor.py:839} INFO - DAG(s) dict_keys(['our_first_dag_v1']) retrieved from /opt/airflow/dags/first_dag.py
[2025-03-14T06:42:09.301+0000] {logging_mixin.py:154} INFO - [2025-03-14T06:42:09.301+0000] {dag.py:2941} INFO - Sync 1 DAGs
[2025-03-14T06:42:09.321+0000] {logging_mixin.py:154} INFO - [2025-03-14T06:42:09.321+0000] {dag.py:3722} INFO - Setting next_dagrun for our_first_dag_v1 to 2025-02-25T00:00:00+00:00, run_after=2025-02-26T00:00:00+00:00
[2025-03-14T06:42:09.340+0000] {processor.py:179} INFO - Processing /opt/airflow/dags/first_dag.py took 0.084 seconds
[2025-03-14T06:42:39.851+0000] {processor.py:157} INFO - Started process (PID=67761) to work on /opt/airflow/dags/first_dag.py
[2025-03-14T06:42:39.851+0000] {processor.py:829} INFO - Processing file /opt/airflow/dags/first_dag.py for tasks to queue
[2025-03-14T06:42:39.852+0000] {logging_mixin.py:154} INFO - [2025-03-14T06:42:39.852+0000] {dagbag.py:536} INFO - Filling up the DagBag from /opt/airflow/dags/first_dag.py
[2025-03-14T06:42:39.861+0000] {processor.py:839} INFO - DAG(s) dict_keys(['our_first_dag_v1']) retrieved from /opt/airflow/dags/first_dag.py
[2025-03-14T06:42:39.888+0000] {logging_mixin.py:154} INFO - [2025-03-14T06:42:39.888+0000] {dag.py:2941} INFO - Sync 1 DAGs
[2025-03-14T06:42:39.905+0000] {logging_mixin.py:154} INFO - [2025-03-14T06:42:39.905+0000] {dag.py:3722} INFO - Setting next_dagrun for our_first_dag_v1 to 2025-02-25T00:00:00+00:00, run_after=2025-02-26T00:00:00+00:00
[2025-03-14T06:42:39.919+0000] {processor.py:179} INFO - Processing /opt/airflow/dags/first_dag.py took 0.071 seconds
[2025-03-14T06:43:10.507+0000] {processor.py:157} INFO - Started process (PID=67810) to work on /opt/airflow/dags/first_dag.py
[2025-03-14T06:43:10.508+0000] {processor.py:829} INFO - Processing file /opt/airflow/dags/first_dag.py for tasks to queue
[2025-03-14T06:43:10.509+0000] {logging_mixin.py:154} INFO - [2025-03-14T06:43:10.508+0000] {dagbag.py:536} INFO - Filling up the DagBag from /opt/airflow/dags/first_dag.py
[2025-03-14T06:43:10.518+0000] {processor.py:839} INFO - DAG(s) dict_keys(['our_first_dag_v1']) retrieved from /opt/airflow/dags/first_dag.py
[2025-03-14T06:43:10.547+0000] {logging_mixin.py:154} INFO - [2025-03-14T06:43:10.547+0000] {dag.py:2941} INFO - Sync 1 DAGs
[2025-03-14T06:43:10.563+0000] {logging_mixin.py:154} INFO - [2025-03-14T06:43:10.563+0000] {dag.py:3722} INFO - Setting next_dagrun for our_first_dag_v1 to 2025-02-25T00:00:00+00:00, run_after=2025-02-26T00:00:00+00:00
[2025-03-14T06:43:10.581+0000] {processor.py:179} INFO - Processing /opt/airflow/dags/first_dag.py took 0.077 seconds
[2025-03-14T06:43:41.113+0000] {processor.py:157} INFO - Started process (PID=67855) to work on /opt/airflow/dags/first_dag.py
[2025-03-14T06:43:41.113+0000] {processor.py:829} INFO - Processing file /opt/airflow/dags/first_dag.py for tasks to queue
[2025-03-14T06:43:41.114+0000] {logging_mixin.py:154} INFO - [2025-03-14T06:43:41.114+0000] {dagbag.py:536} INFO - Filling up the DagBag from /opt/airflow/dags/first_dag.py
[2025-03-14T06:43:41.123+0000] {processor.py:839} INFO - DAG(s) dict_keys(['our_first_dag_v1']) retrieved from /opt/airflow/dags/first_dag.py
[2025-03-14T06:43:41.156+0000] {logging_mixin.py:154} INFO - [2025-03-14T06:43:41.156+0000] {dag.py:2941} INFO - Sync 1 DAGs
[2025-03-14T06:43:41.179+0000] {logging_mixin.py:154} INFO - [2025-03-14T06:43:41.179+0000] {dag.py:3722} INFO - Setting next_dagrun for our_first_dag_v1 to 2025-02-25T00:00:00+00:00, run_after=2025-02-26T00:00:00+00:00
[2025-03-14T06:43:41.193+0000] {processor.py:179} INFO - Processing /opt/airflow/dags/first_dag.py took 0.084 seconds
[2025-03-14T06:44:11.777+0000] {processor.py:157} INFO - Started process (PID=67902) to work on /opt/airflow/dags/first_dag.py
[2025-03-14T06:44:11.777+0000] {processor.py:829} INFO - Processing file /opt/airflow/dags/first_dag.py for tasks to queue
[2025-03-14T06:44:11.778+0000] {logging_mixin.py:154} INFO - [2025-03-14T06:44:11.778+0000] {dagbag.py:536} INFO - Filling up the DagBag from /opt/airflow/dags/first_dag.py
[2025-03-14T06:44:11.788+0000] {processor.py:839} INFO - DAG(s) dict_keys(['our_first_dag_v1']) retrieved from /opt/airflow/dags/first_dag.py
[2025-03-14T06:44:11.806+0000] {logging_mixin.py:154} INFO - [2025-03-14T06:44:11.806+0000] {dag.py:2941} INFO - Sync 1 DAGs
[2025-03-14T06:44:11.821+0000] {logging_mixin.py:154} INFO - [2025-03-14T06:44:11.821+0000] {dag.py:3722} INFO - Setting next_dagrun for our_first_dag_v1 to 2025-02-25T00:00:00+00:00, run_after=2025-02-26T00:00:00+00:00
[2025-03-14T06:44:11.834+0000] {processor.py:179} INFO - Processing /opt/airflow/dags/first_dag.py took 0.059 seconds
[2025-03-14T06:44:42.326+0000] {processor.py:157} INFO - Started process (PID=67950) to work on /opt/airflow/dags/first_dag.py
[2025-03-14T06:44:42.327+0000] {processor.py:829} INFO - Processing file /opt/airflow/dags/first_dag.py for tasks to queue
[2025-03-14T06:44:42.327+0000] {logging_mixin.py:154} INFO - [2025-03-14T06:44:42.327+0000] {dagbag.py:536} INFO - Filling up the DagBag from /opt/airflow/dags/first_dag.py
[2025-03-14T06:44:42.335+0000] {processor.py:839} INFO - DAG(s) dict_keys(['our_first_dag_v1']) retrieved from /opt/airflow/dags/first_dag.py
[2025-03-14T06:44:42.360+0000] {logging_mixin.py:154} INFO - [2025-03-14T06:44:42.360+0000] {dag.py:2941} INFO - Sync 1 DAGs
[2025-03-14T06:44:42.375+0000] {logging_mixin.py:154} INFO - [2025-03-14T06:44:42.375+0000] {dag.py:3722} INFO - Setting next_dagrun for our_first_dag_v1 to 2025-02-25T00:00:00+00:00, run_after=2025-02-26T00:00:00+00:00
[2025-03-14T06:44:42.388+0000] {processor.py:179} INFO - Processing /opt/airflow/dags/first_dag.py took 0.064 seconds
[2025-03-14T06:45:12.883+0000] {processor.py:157} INFO - Started process (PID=67997) to work on /opt/airflow/dags/first_dag.py
[2025-03-14T06:45:12.883+0000] {processor.py:829} INFO - Processing file /opt/airflow/dags/first_dag.py for tasks to queue
[2025-03-14T06:45:12.884+0000] {logging_mixin.py:154} INFO - [2025-03-14T06:45:12.883+0000] {dagbag.py:536} INFO - Filling up the DagBag from /opt/airflow/dags/first_dag.py
[2025-03-14T06:45:12.893+0000] {processor.py:839} INFO - DAG(s) dict_keys(['our_first_dag_v1']) retrieved from /opt/airflow/dags/first_dag.py
[2025-03-14T06:45:12.917+0000] {logging_mixin.py:154} INFO - [2025-03-14T06:45:12.916+0000] {dag.py:2941} INFO - Sync 1 DAGs
[2025-03-14T06:45:12.939+0000] {logging_mixin.py:154} INFO - [2025-03-14T06:45:12.939+0000] {dag.py:3722} INFO - Setting next_dagrun for our_first_dag_v1 to 2025-02-25T00:00:00+00:00, run_after=2025-02-26T00:00:00+00:00
[2025-03-14T06:45:12.956+0000] {processor.py:179} INFO - Processing /opt/airflow/dags/first_dag.py took 0.076 seconds
[2025-03-14T06:45:43.531+0000] {processor.py:157} INFO - Started process (PID=68044) to work on /opt/airflow/dags/first_dag.py
[2025-03-14T06:45:43.532+0000] {processor.py:829} INFO - Processing file /opt/airflow/dags/first_dag.py for tasks to queue
[2025-03-14T06:45:43.532+0000] {logging_mixin.py:154} INFO - [2025-03-14T06:45:43.532+0000] {dagbag.py:536} INFO - Filling up the DagBag from /opt/airflow/dags/first_dag.py
[2025-03-14T06:45:43.540+0000] {processor.py:839} INFO - DAG(s) dict_keys(['our_first_dag_v1']) retrieved from /opt/airflow/dags/first_dag.py
[2025-03-14T06:45:43.564+0000] {logging_mixin.py:154} INFO - [2025-03-14T06:45:43.563+0000] {dag.py:2941} INFO - Sync 1 DAGs
[2025-03-14T06:45:43.587+0000] {logging_mixin.py:154} INFO - [2025-03-14T06:45:43.587+0000] {dag.py:3722} INFO - Setting next_dagrun for our_first_dag_v1 to 2025-02-25T00:00:00+00:00, run_after=2025-02-26T00:00:00+00:00
[2025-03-14T06:45:43.607+0000] {processor.py:179} INFO - Processing /opt/airflow/dags/first_dag.py took 0.080 seconds
[2025-03-14T06:46:14.209+0000] {processor.py:157} INFO - Started process (PID=68091) to work on /opt/airflow/dags/first_dag.py
[2025-03-14T06:46:14.210+0000] {processor.py:829} INFO - Processing file /opt/airflow/dags/first_dag.py for tasks to queue
[2025-03-14T06:46:14.210+0000] {logging_mixin.py:154} INFO - [2025-03-14T06:46:14.210+0000] {dagbag.py:536} INFO - Filling up the DagBag from /opt/airflow/dags/first_dag.py
[2025-03-14T06:46:14.217+0000] {processor.py:839} INFO - DAG(s) dict_keys(['our_first_dag_v1']) retrieved from /opt/airflow/dags/first_dag.py
[2025-03-14T06:46:14.237+0000] {logging_mixin.py:154} INFO - [2025-03-14T06:46:14.236+0000] {dag.py:2941} INFO - Sync 1 DAGs
[2025-03-14T06:46:14.251+0000] {logging_mixin.py:154} INFO - [2025-03-14T06:46:14.250+0000] {dag.py:3722} INFO - Setting next_dagrun for our_first_dag_v1 to 2025-02-25T00:00:00+00:00, run_after=2025-02-26T00:00:00+00:00
[2025-03-14T06:46:14.267+0000] {processor.py:179} INFO - Processing /opt/airflow/dags/first_dag.py took 0.061 seconds
[2025-03-14T06:46:44.878+0000] {processor.py:157} INFO - Started process (PID=68140) to work on /opt/airflow/dags/first_dag.py
[2025-03-14T06:46:44.879+0000] {processor.py:829} INFO - Processing file /opt/airflow/dags/first_dag.py for tasks to queue
[2025-03-14T06:46:44.879+0000] {logging_mixin.py:154} INFO - [2025-03-14T06:46:44.879+0000] {dagbag.py:536} INFO - Filling up the DagBag from /opt/airflow/dags/first_dag.py
[2025-03-14T06:46:44.890+0000] {processor.py:839} INFO - DAG(s) dict_keys(['our_first_dag_v1']) retrieved from /opt/airflow/dags/first_dag.py
[2025-03-14T06:46:44.910+0000] {logging_mixin.py:154} INFO - [2025-03-14T06:46:44.910+0000] {dag.py:2941} INFO - Sync 1 DAGs
[2025-03-14T06:46:44.925+0000] {logging_mixin.py:154} INFO - [2025-03-14T06:46:44.925+0000] {dag.py:3722} INFO - Setting next_dagrun for our_first_dag_v1 to 2025-02-25T00:00:00+00:00, run_after=2025-02-26T00:00:00+00:00
[2025-03-14T06:46:44.938+0000] {processor.py:179} INFO - Processing /opt/airflow/dags/first_dag.py took 0.064 seconds
[2025-03-14T06:47:15.433+0000] {processor.py:157} INFO - Started process (PID=68187) to work on /opt/airflow/dags/first_dag.py
[2025-03-14T06:47:15.434+0000] {processor.py:829} INFO - Processing file /opt/airflow/dags/first_dag.py for tasks to queue
[2025-03-14T06:47:15.435+0000] {logging_mixin.py:154} INFO - [2025-03-14T06:47:15.434+0000] {dagbag.py:536} INFO - Filling up the DagBag from /opt/airflow/dags/first_dag.py
[2025-03-14T06:47:15.445+0000] {processor.py:839} INFO - DAG(s) dict_keys(['our_first_dag_v1']) retrieved from /opt/airflow/dags/first_dag.py
[2025-03-14T06:47:15.460+0000] {logging_mixin.py:154} INFO - [2025-03-14T06:47:15.460+0000] {dag.py:2941} INFO - Sync 1 DAGs
[2025-03-14T06:47:15.473+0000] {logging_mixin.py:154} INFO - [2025-03-14T06:47:15.473+0000] {dag.py:3722} INFO - Setting next_dagrun for our_first_dag_v1 to 2025-02-25T00:00:00+00:00, run_after=2025-02-26T00:00:00+00:00
[2025-03-14T06:47:15.485+0000] {processor.py:179} INFO - Processing /opt/airflow/dags/first_dag.py took 0.056 seconds
[2025-03-14T06:47:46.001+0000] {processor.py:157} INFO - Started process (PID=68232) to work on /opt/airflow/dags/first_dag.py
[2025-03-14T06:47:46.001+0000] {processor.py:829} INFO - Processing file /opt/airflow/dags/first_dag.py for tasks to queue
[2025-03-14T06:47:46.002+0000] {logging_mixin.py:154} INFO - [2025-03-14T06:47:46.002+0000] {dagbag.py:536} INFO - Filling up the DagBag from /opt/airflow/dags/first_dag.py
[2025-03-14T06:47:46.009+0000] {processor.py:839} INFO - DAG(s) dict_keys(['our_first_dag_v1']) retrieved from /opt/airflow/dags/first_dag.py
[2025-03-14T06:47:46.033+0000] {logging_mixin.py:154} INFO - [2025-03-14T06:47:46.033+0000] {dag.py:2941} INFO - Sync 1 DAGs
[2025-03-14T06:47:46.047+0000] {logging_mixin.py:154} INFO - [2025-03-14T06:47:46.047+0000] {dag.py:3722} INFO - Setting next_dagrun for our_first_dag_v1 to 2025-02-25T00:00:00+00:00, run_after=2025-02-26T00:00:00+00:00
[2025-03-14T06:47:46.060+0000] {processor.py:179} INFO - Processing /opt/airflow/dags/first_dag.py took 0.062 seconds
[2025-03-14T06:48:16.641+0000] {processor.py:157} INFO - Started process (PID=68281) to work on /opt/airflow/dags/first_dag.py
[2025-03-14T06:48:16.642+0000] {processor.py:829} INFO - Processing file /opt/airflow/dags/first_dag.py for tasks to queue
[2025-03-14T06:48:16.642+0000] {logging_mixin.py:154} INFO - [2025-03-14T06:48:16.642+0000] {dagbag.py:536} INFO - Filling up the DagBag from /opt/airflow/dags/first_dag.py
[2025-03-14T06:48:16.653+0000] {processor.py:839} INFO - DAG(s) dict_keys(['our_first_dag_v1']) retrieved from /opt/airflow/dags/first_dag.py
[2025-03-14T06:48:16.688+0000] {logging_mixin.py:154} INFO - [2025-03-14T06:48:16.687+0000] {dag.py:2941} INFO - Sync 1 DAGs
[2025-03-14T06:48:16.708+0000] {logging_mixin.py:154} INFO - [2025-03-14T06:48:16.708+0000] {dag.py:3722} INFO - Setting next_dagrun for our_first_dag_v1 to 2025-02-25T00:00:00+00:00, run_after=2025-02-26T00:00:00+00:00
[2025-03-14T06:48:16.733+0000] {processor.py:179} INFO - Processing /opt/airflow/dags/first_dag.py took 0.095 seconds
[2025-03-14T06:48:47.258+0000] {processor.py:157} INFO - Started process (PID=68327) to work on /opt/airflow/dags/first_dag.py
[2025-03-14T06:48:47.259+0000] {processor.py:829} INFO - Processing file /opt/airflow/dags/first_dag.py for tasks to queue
[2025-03-14T06:48:47.259+0000] {logging_mixin.py:154} INFO - [2025-03-14T06:48:47.259+0000] {dagbag.py:536} INFO - Filling up the DagBag from /opt/airflow/dags/first_dag.py
[2025-03-14T06:48:47.267+0000] {processor.py:839} INFO - DAG(s) dict_keys(['our_first_dag_v1']) retrieved from /opt/airflow/dags/first_dag.py
[2025-03-14T06:48:47.285+0000] {logging_mixin.py:154} INFO - [2025-03-14T06:48:47.285+0000] {dag.py:2941} INFO - Sync 1 DAGs
[2025-03-14T06:48:47.300+0000] {logging_mixin.py:154} INFO - [2025-03-14T06:48:47.300+0000] {dag.py:3722} INFO - Setting next_dagrun for our_first_dag_v1 to 2025-02-25T00:00:00+00:00, run_after=2025-02-26T00:00:00+00:00
[2025-03-14T06:48:47.317+0000] {processor.py:179} INFO - Processing /opt/airflow/dags/first_dag.py took 0.061 seconds
[2025-03-14T06:49:17.772+0000] {processor.py:157} INFO - Started process (PID=68374) to work on /opt/airflow/dags/first_dag.py
[2025-03-14T06:49:17.772+0000] {processor.py:829} INFO - Processing file /opt/airflow/dags/first_dag.py for tasks to queue
[2025-03-14T06:49:17.773+0000] {logging_mixin.py:154} INFO - [2025-03-14T06:49:17.773+0000] {dagbag.py:536} INFO - Filling up the DagBag from /opt/airflow/dags/first_dag.py
[2025-03-14T06:49:17.781+0000] {processor.py:839} INFO - DAG(s) dict_keys(['our_first_dag_v1']) retrieved from /opt/airflow/dags/first_dag.py
[2025-03-14T06:49:17.800+0000] {logging_mixin.py:154} INFO - [2025-03-14T06:49:17.800+0000] {dag.py:2941} INFO - Sync 1 DAGs
[2025-03-14T06:49:17.817+0000] {logging_mixin.py:154} INFO - [2025-03-14T06:49:17.817+0000] {dag.py:3722} INFO - Setting next_dagrun for our_first_dag_v1 to 2025-02-25T00:00:00+00:00, run_after=2025-02-26T00:00:00+00:00
[2025-03-14T06:49:17.832+0000] {processor.py:179} INFO - Processing /opt/airflow/dags/first_dag.py took 0.062 seconds
[2025-03-14T06:49:48.462+0000] {processor.py:157} INFO - Started process (PID=68423) to work on /opt/airflow/dags/first_dag.py
[2025-03-14T06:49:48.463+0000] {processor.py:829} INFO - Processing file /opt/airflow/dags/first_dag.py for tasks to queue
[2025-03-14T06:49:48.463+0000] {logging_mixin.py:154} INFO - [2025-03-14T06:49:48.463+0000] {dagbag.py:536} INFO - Filling up the DagBag from /opt/airflow/dags/first_dag.py
[2025-03-14T06:49:48.472+0000] {processor.py:839} INFO - DAG(s) dict_keys(['our_first_dag_v1']) retrieved from /opt/airflow/dags/first_dag.py
[2025-03-14T06:49:48.498+0000] {logging_mixin.py:154} INFO - [2025-03-14T06:49:48.498+0000] {dag.py:2941} INFO - Sync 1 DAGs
[2025-03-14T06:49:48.514+0000] {logging_mixin.py:154} INFO - [2025-03-14T06:49:48.514+0000] {dag.py:3722} INFO - Setting next_dagrun for our_first_dag_v1 to 2025-02-25T00:00:00+00:00, run_after=2025-02-26T00:00:00+00:00
[2025-03-14T06:49:48.530+0000] {processor.py:179} INFO - Processing /opt/airflow/dags/first_dag.py took 0.069 seconds
[2025-03-14T06:50:19.050+0000] {processor.py:157} INFO - Started process (PID=68468) to work on /opt/airflow/dags/first_dag.py
[2025-03-14T06:50:19.050+0000] {processor.py:829} INFO - Processing file /opt/airflow/dags/first_dag.py for tasks to queue
[2025-03-14T06:50:19.051+0000] {logging_mixin.py:154} INFO - [2025-03-14T06:50:19.050+0000] {dagbag.py:536} INFO - Filling up the DagBag from /opt/airflow/dags/first_dag.py
[2025-03-14T06:50:19.058+0000] {processor.py:839} INFO - DAG(s) dict_keys(['our_first_dag_v1']) retrieved from /opt/airflow/dags/first_dag.py
[2025-03-14T06:50:19.089+0000] {logging_mixin.py:154} INFO - [2025-03-14T06:50:19.089+0000] {dag.py:2941} INFO - Sync 1 DAGs
[2025-03-14T06:50:19.118+0000] {logging_mixin.py:154} INFO - [2025-03-14T06:50:19.118+0000] {dag.py:3722} INFO - Setting next_dagrun for our_first_dag_v1 to 2025-02-25T00:00:00+00:00, run_after=2025-02-26T00:00:00+00:00
[2025-03-14T06:50:19.130+0000] {processor.py:179} INFO - Processing /opt/airflow/dags/first_dag.py took 0.082 seconds
[2025-03-14T06:50:49.622+0000] {processor.py:157} INFO - Started process (PID=68515) to work on /opt/airflow/dags/first_dag.py
[2025-03-14T06:50:49.622+0000] {processor.py:829} INFO - Processing file /opt/airflow/dags/first_dag.py for tasks to queue
[2025-03-14T06:50:49.623+0000] {logging_mixin.py:154} INFO - [2025-03-14T06:50:49.623+0000] {dagbag.py:536} INFO - Filling up the DagBag from /opt/airflow/dags/first_dag.py
[2025-03-14T06:50:49.631+0000] {processor.py:839} INFO - DAG(s) dict_keys(['our_first_dag_v1']) retrieved from /opt/airflow/dags/first_dag.py
[2025-03-14T06:50:49.648+0000] {logging_mixin.py:154} INFO - [2025-03-14T06:50:49.648+0000] {dag.py:2941} INFO - Sync 1 DAGs
[2025-03-14T06:50:49.665+0000] {logging_mixin.py:154} INFO - [2025-03-14T06:50:49.665+0000] {dag.py:3722} INFO - Setting next_dagrun for our_first_dag_v1 to 2025-02-25T00:00:00+00:00, run_after=2025-02-26T00:00:00+00:00
[2025-03-14T06:50:49.680+0000] {processor.py:179} INFO - Processing /opt/airflow/dags/first_dag.py took 0.064 seconds
[2025-03-14T06:51:20.191+0000] {processor.py:157} INFO - Started process (PID=68564) to work on /opt/airflow/dags/first_dag.py
[2025-03-14T06:51:20.192+0000] {processor.py:829} INFO - Processing file /opt/airflow/dags/first_dag.py for tasks to queue
[2025-03-14T06:51:20.193+0000] {logging_mixin.py:154} INFO - [2025-03-14T06:51:20.193+0000] {dagbag.py:536} INFO - Filling up the DagBag from /opt/airflow/dags/first_dag.py
[2025-03-14T06:51:20.206+0000] {processor.py:839} INFO - DAG(s) dict_keys(['our_first_dag_v1']) retrieved from /opt/airflow/dags/first_dag.py
[2025-03-14T06:51:20.223+0000] {logging_mixin.py:154} INFO - [2025-03-14T06:51:20.223+0000] {dag.py:2941} INFO - Sync 1 DAGs
[2025-03-14T06:51:20.236+0000] {logging_mixin.py:154} INFO - [2025-03-14T06:51:20.236+0000] {dag.py:3722} INFO - Setting next_dagrun for our_first_dag_v1 to 2025-02-25T00:00:00+00:00, run_after=2025-02-26T00:00:00+00:00
[2025-03-14T06:51:20.248+0000] {processor.py:179} INFO - Processing /opt/airflow/dags/first_dag.py took 0.061 seconds
[2025-03-14T06:51:50.787+0000] {processor.py:157} INFO - Started process (PID=68609) to work on /opt/airflow/dags/first_dag.py
[2025-03-14T06:51:50.789+0000] {processor.py:829} INFO - Processing file /opt/airflow/dags/first_dag.py for tasks to queue
[2025-03-14T06:51:50.790+0000] {logging_mixin.py:154} INFO - [2025-03-14T06:51:50.789+0000] {dagbag.py:536} INFO - Filling up the DagBag from /opt/airflow/dags/first_dag.py
[2025-03-14T06:51:50.801+0000] {processor.py:839} INFO - DAG(s) dict_keys(['our_first_dag_v1']) retrieved from /opt/airflow/dags/first_dag.py
[2025-03-14T06:51:50.826+0000] {logging_mixin.py:154} INFO - [2025-03-14T06:51:50.825+0000] {dag.py:2941} INFO - Sync 1 DAGs
[2025-03-14T06:51:50.842+0000] {logging_mixin.py:154} INFO - [2025-03-14T06:51:50.841+0000] {dag.py:3722} INFO - Setting next_dagrun for our_first_dag_v1 to 2025-02-25T00:00:00+00:00, run_after=2025-02-26T00:00:00+00:00
[2025-03-14T06:51:50.860+0000] {processor.py:179} INFO - Processing /opt/airflow/dags/first_dag.py took 0.078 seconds
[2025-03-14T06:52:21.409+0000] {processor.py:157} INFO - Started process (PID=68663) to work on /opt/airflow/dags/first_dag.py
[2025-03-14T06:52:21.410+0000] {processor.py:829} INFO - Processing file /opt/airflow/dags/first_dag.py for tasks to queue
[2025-03-14T06:52:21.411+0000] {logging_mixin.py:154} INFO - [2025-03-14T06:52:21.410+0000] {dagbag.py:536} INFO - Filling up the DagBag from /opt/airflow/dags/first_dag.py
[2025-03-14T06:52:21.422+0000] {processor.py:839} INFO - DAG(s) dict_keys(['our_first_dag_v1']) retrieved from /opt/airflow/dags/first_dag.py
[2025-03-14T06:52:21.452+0000] {logging_mixin.py:154} INFO - [2025-03-14T06:52:21.452+0000] {dag.py:2941} INFO - Sync 1 DAGs
[2025-03-14T06:52:21.478+0000] {logging_mixin.py:154} INFO - [2025-03-14T06:52:21.478+0000] {dag.py:3722} INFO - Setting next_dagrun for our_first_dag_v1 to 2025-02-25T00:00:00+00:00, run_after=2025-02-26T00:00:00+00:00
[2025-03-14T06:52:21.504+0000] {processor.py:179} INFO - Processing /opt/airflow/dags/first_dag.py took 0.098 seconds
[2025-03-14T06:52:52.044+0000] {processor.py:157} INFO - Started process (PID=68710) to work on /opt/airflow/dags/first_dag.py
[2025-03-14T06:52:52.045+0000] {processor.py:829} INFO - Processing file /opt/airflow/dags/first_dag.py for tasks to queue
[2025-03-14T06:52:52.046+0000] {logging_mixin.py:154} INFO - [2025-03-14T06:52:52.046+0000] {dagbag.py:536} INFO - Filling up the DagBag from /opt/airflow/dags/first_dag.py
[2025-03-14T06:52:52.053+0000] {processor.py:839} INFO - DAG(s) dict_keys(['our_first_dag_v1']) retrieved from /opt/airflow/dags/first_dag.py
[2025-03-14T06:52:52.070+0000] {logging_mixin.py:154} INFO - [2025-03-14T06:52:52.070+0000] {dag.py:2941} INFO - Sync 1 DAGs
[2025-03-14T06:52:52.083+0000] {logging_mixin.py:154} INFO - [2025-03-14T06:52:52.083+0000] {dag.py:3722} INFO - Setting next_dagrun for our_first_dag_v1 to 2025-02-25T00:00:00+00:00, run_after=2025-02-26T00:00:00+00:00
[2025-03-14T06:52:52.095+0000] {processor.py:179} INFO - Processing /opt/airflow/dags/first_dag.py took 0.054 seconds
[2025-03-14T06:53:22.715+0000] {processor.py:157} INFO - Started process (PID=68757) to work on /opt/airflow/dags/first_dag.py
[2025-03-14T06:53:22.716+0000] {processor.py:829} INFO - Processing file /opt/airflow/dags/first_dag.py for tasks to queue
[2025-03-14T06:53:22.716+0000] {logging_mixin.py:154} INFO - [2025-03-14T06:53:22.716+0000] {dagbag.py:536} INFO - Filling up the DagBag from /opt/airflow/dags/first_dag.py
[2025-03-14T06:53:22.725+0000] {processor.py:839} INFO - DAG(s) dict_keys(['our_first_dag_v1']) retrieved from /opt/airflow/dags/first_dag.py
[2025-03-14T06:53:22.754+0000] {logging_mixin.py:154} INFO - [2025-03-14T06:53:22.754+0000] {dag.py:2941} INFO - Sync 1 DAGs
[2025-03-14T06:53:22.769+0000] {logging_mixin.py:154} INFO - [2025-03-14T06:53:22.769+0000] {dag.py:3722} INFO - Setting next_dagrun for our_first_dag_v1 to 2025-02-25T00:00:00+00:00, run_after=2025-02-26T00:00:00+00:00
[2025-03-14T06:53:22.784+0000] {processor.py:179} INFO - Processing /opt/airflow/dags/first_dag.py took 0.074 seconds
[2025-03-14T06:53:53.414+0000] {processor.py:157} INFO - Started process (PID=68805) to work on /opt/airflow/dags/first_dag.py
[2025-03-14T06:53:53.415+0000] {processor.py:829} INFO - Processing file /opt/airflow/dags/first_dag.py for tasks to queue
[2025-03-14T06:53:53.416+0000] {logging_mixin.py:154} INFO - [2025-03-14T06:53:53.415+0000] {dagbag.py:536} INFO - Filling up the DagBag from /opt/airflow/dags/first_dag.py
[2025-03-14T06:53:53.424+0000] {processor.py:839} INFO - DAG(s) dict_keys(['our_first_dag_v1']) retrieved from /opt/airflow/dags/first_dag.py
[2025-03-14T06:53:53.441+0000] {logging_mixin.py:154} INFO - [2025-03-14T06:53:53.441+0000] {dag.py:2941} INFO - Sync 1 DAGs
[2025-03-14T06:53:53.454+0000] {logging_mixin.py:154} INFO - [2025-03-14T06:53:53.454+0000] {dag.py:3722} INFO - Setting next_dagrun for our_first_dag_v1 to 2025-02-25T00:00:00+00:00, run_after=2025-02-26T00:00:00+00:00
[2025-03-14T06:53:53.469+0000] {processor.py:179} INFO - Processing /opt/airflow/dags/first_dag.py took 0.057 seconds
[2025-03-14T06:54:23.989+0000] {processor.py:157} INFO - Started process (PID=68851) to work on /opt/airflow/dags/first_dag.py
[2025-03-14T06:54:23.989+0000] {processor.py:829} INFO - Processing file /opt/airflow/dags/first_dag.py for tasks to queue
[2025-03-14T06:54:23.990+0000] {logging_mixin.py:154} INFO - [2025-03-14T06:54:23.990+0000] {dagbag.py:536} INFO - Filling up the DagBag from /opt/airflow/dags/first_dag.py
[2025-03-14T06:54:23.998+0000] {processor.py:839} INFO - DAG(s) dict_keys(['our_first_dag_v1']) retrieved from /opt/airflow/dags/first_dag.py
[2025-03-14T06:54:24.027+0000] {logging_mixin.py:154} INFO - [2025-03-14T06:54:24.027+0000] {dag.py:2941} INFO - Sync 1 DAGs
[2025-03-14T06:54:24.044+0000] {logging_mixin.py:154} INFO - [2025-03-14T06:54:24.044+0000] {dag.py:3722} INFO - Setting next_dagrun for our_first_dag_v1 to 2025-02-25T00:00:00+00:00, run_after=2025-02-26T00:00:00+00:00
[2025-03-14T06:54:24.057+0000] {processor.py:179} INFO - Processing /opt/airflow/dags/first_dag.py took 0.071 seconds
[2025-03-14T06:54:54.673+0000] {processor.py:157} INFO - Started process (PID=68900) to work on /opt/airflow/dags/first_dag.py
[2025-03-14T06:54:54.674+0000] {processor.py:829} INFO - Processing file /opt/airflow/dags/first_dag.py for tasks to queue
[2025-03-14T06:54:54.675+0000] {logging_mixin.py:154} INFO - [2025-03-14T06:54:54.675+0000] {dagbag.py:536} INFO - Filling up the DagBag from /opt/airflow/dags/first_dag.py
[2025-03-14T06:54:54.689+0000] {processor.py:839} INFO - DAG(s) dict_keys(['our_first_dag_v1']) retrieved from /opt/airflow/dags/first_dag.py
[2025-03-14T06:54:54.723+0000] {logging_mixin.py:154} INFO - [2025-03-14T06:54:54.722+0000] {dag.py:2941} INFO - Sync 1 DAGs
[2025-03-14T06:54:54.757+0000] {logging_mixin.py:154} INFO - [2025-03-14T06:54:54.756+0000] {dag.py:3722} INFO - Setting next_dagrun for our_first_dag_v1 to 2025-02-25T00:00:00+00:00, run_after=2025-02-26T00:00:00+00:00
[2025-03-14T06:54:54.785+0000] {processor.py:179} INFO - Processing /opt/airflow/dags/first_dag.py took 0.116 seconds
[2025-03-14T06:55:25.327+0000] {processor.py:157} INFO - Started process (PID=68945) to work on /opt/airflow/dags/first_dag.py
[2025-03-14T06:55:25.328+0000] {processor.py:829} INFO - Processing file /opt/airflow/dags/first_dag.py for tasks to queue
[2025-03-14T06:55:25.328+0000] {logging_mixin.py:154} INFO - [2025-03-14T06:55:25.328+0000] {dagbag.py:536} INFO - Filling up the DagBag from /opt/airflow/dags/first_dag.py
[2025-03-14T06:55:25.339+0000] {processor.py:839} INFO - DAG(s) dict_keys(['our_first_dag_v1']) retrieved from /opt/airflow/dags/first_dag.py
[2025-03-14T06:55:25.367+0000] {logging_mixin.py:154} INFO - [2025-03-14T06:55:25.366+0000] {dag.py:2941} INFO - Sync 1 DAGs
[2025-03-14T06:55:25.383+0000] {logging_mixin.py:154} INFO - [2025-03-14T06:55:25.383+0000] {dag.py:3722} INFO - Setting next_dagrun for our_first_dag_v1 to 2025-02-25T00:00:00+00:00, run_after=2025-02-26T00:00:00+00:00
[2025-03-14T06:55:25.399+0000] {processor.py:179} INFO - Processing /opt/airflow/dags/first_dag.py took 0.074 seconds
[2025-03-14T06:55:56.061+0000] {processor.py:157} INFO - Started process (PID=68994) to work on /opt/airflow/dags/first_dag.py
[2025-03-14T06:55:56.062+0000] {processor.py:829} INFO - Processing file /opt/airflow/dags/first_dag.py for tasks to queue
[2025-03-14T06:55:56.062+0000] {logging_mixin.py:154} INFO - [2025-03-14T06:55:56.062+0000] {dagbag.py:536} INFO - Filling up the DagBag from /opt/airflow/dags/first_dag.py
[2025-03-14T06:55:56.073+0000] {processor.py:839} INFO - DAG(s) dict_keys(['our_first_dag_v1']) retrieved from /opt/airflow/dags/first_dag.py
[2025-03-14T06:55:56.101+0000] {logging_mixin.py:154} INFO - [2025-03-14T06:55:56.101+0000] {dag.py:2941} INFO - Sync 1 DAGs
[2025-03-14T06:55:56.116+0000] {logging_mixin.py:154} INFO - [2025-03-14T06:55:56.116+0000] {dag.py:3722} INFO - Setting next_dagrun for our_first_dag_v1 to 2025-02-25T00:00:00+00:00, run_after=2025-02-26T00:00:00+00:00
[2025-03-14T06:55:56.127+0000] {processor.py:179} INFO - Processing /opt/airflow/dags/first_dag.py took 0.068 seconds
[2025-03-14T06:56:26.672+0000] {processor.py:157} INFO - Started process (PID=69041) to work on /opt/airflow/dags/first_dag.py
[2025-03-14T06:56:26.673+0000] {processor.py:829} INFO - Processing file /opt/airflow/dags/first_dag.py for tasks to queue
[2025-03-14T06:56:26.673+0000] {logging_mixin.py:154} INFO - [2025-03-14T06:56:26.673+0000] {dagbag.py:536} INFO - Filling up the DagBag from /opt/airflow/dags/first_dag.py
[2025-03-14T06:56:26.682+0000] {processor.py:839} INFO - DAG(s) dict_keys(['our_first_dag_v1']) retrieved from /opt/airflow/dags/first_dag.py
[2025-03-14T06:56:26.717+0000] {logging_mixin.py:154} INFO - [2025-03-14T06:56:26.717+0000] {dag.py:2941} INFO - Sync 1 DAGs
[2025-03-14T06:56:26.733+0000] {logging_mixin.py:154} INFO - [2025-03-14T06:56:26.733+0000] {dag.py:3722} INFO - Setting next_dagrun for our_first_dag_v1 to 2025-02-25T00:00:00+00:00, run_after=2025-02-26T00:00:00+00:00
[2025-03-14T06:56:26.746+0000] {processor.py:179} INFO - Processing /opt/airflow/dags/first_dag.py took 0.076 seconds
[2025-03-14T06:56:57.292+0000] {processor.py:157} INFO - Started process (PID=69086) to work on /opt/airflow/dags/first_dag.py
[2025-03-14T06:56:57.293+0000] {processor.py:829} INFO - Processing file /opt/airflow/dags/first_dag.py for tasks to queue
[2025-03-14T06:56:57.294+0000] {logging_mixin.py:154} INFO - [2025-03-14T06:56:57.294+0000] {dagbag.py:536} INFO - Filling up the DagBag from /opt/airflow/dags/first_dag.py
[2025-03-14T06:56:57.303+0000] {processor.py:839} INFO - DAG(s) dict_keys(['our_first_dag_v1']) retrieved from /opt/airflow/dags/first_dag.py
[2025-03-14T06:56:57.325+0000] {logging_mixin.py:154} INFO - [2025-03-14T06:56:57.325+0000] {dag.py:2941} INFO - Sync 1 DAGs
[2025-03-14T06:56:57.342+0000] {logging_mixin.py:154} INFO - [2025-03-14T06:56:57.342+0000] {dag.py:3722} INFO - Setting next_dagrun for our_first_dag_v1 to 2025-02-25T00:00:00+00:00, run_after=2025-02-26T00:00:00+00:00
[2025-03-14T06:56:57.354+0000] {processor.py:179} INFO - Processing /opt/airflow/dags/first_dag.py took 0.066 seconds
[2025-03-14T06:57:27.857+0000] {processor.py:157} INFO - Started process (PID=69135) to work on /opt/airflow/dags/first_dag.py
[2025-03-14T06:57:27.858+0000] {processor.py:829} INFO - Processing file /opt/airflow/dags/first_dag.py for tasks to queue
[2025-03-14T06:57:27.858+0000] {logging_mixin.py:154} INFO - [2025-03-14T06:57:27.858+0000] {dagbag.py:536} INFO - Filling up the DagBag from /opt/airflow/dags/first_dag.py
[2025-03-14T06:57:27.866+0000] {processor.py:839} INFO - DAG(s) dict_keys(['our_first_dag_v1']) retrieved from /opt/airflow/dags/first_dag.py
[2025-03-14T06:57:27.893+0000] {logging_mixin.py:154} INFO - [2025-03-14T06:57:27.893+0000] {dag.py:2941} INFO - Sync 1 DAGs
[2025-03-14T06:57:27.906+0000] {logging_mixin.py:154} INFO - [2025-03-14T06:57:27.906+0000] {dag.py:3722} INFO - Setting next_dagrun for our_first_dag_v1 to 2025-02-25T00:00:00+00:00, run_after=2025-02-26T00:00:00+00:00
[2025-03-14T06:57:27.917+0000] {processor.py:179} INFO - Processing /opt/airflow/dags/first_dag.py took 0.062 seconds
[2025-03-14T06:57:58.454+0000] {processor.py:157} INFO - Started process (PID=69180) to work on /opt/airflow/dags/first_dag.py
[2025-03-14T06:57:58.454+0000] {processor.py:829} INFO - Processing file /opt/airflow/dags/first_dag.py for tasks to queue
[2025-03-14T06:57:58.455+0000] {logging_mixin.py:154} INFO - [2025-03-14T06:57:58.455+0000] {dagbag.py:536} INFO - Filling up the DagBag from /opt/airflow/dags/first_dag.py
[2025-03-14T06:57:58.466+0000] {processor.py:839} INFO - DAG(s) dict_keys(['our_first_dag_v1']) retrieved from /opt/airflow/dags/first_dag.py
[2025-03-14T06:57:58.488+0000] {logging_mixin.py:154} INFO - [2025-03-14T06:57:58.488+0000] {dag.py:2941} INFO - Sync 1 DAGs
[2025-03-14T06:57:58.506+0000] {logging_mixin.py:154} INFO - [2025-03-14T06:57:58.505+0000] {dag.py:3722} INFO - Setting next_dagrun for our_first_dag_v1 to 2025-02-25T00:00:00+00:00, run_after=2025-02-26T00:00:00+00:00
[2025-03-14T06:57:58.523+0000] {processor.py:179} INFO - Processing /opt/airflow/dags/first_dag.py took 0.072 seconds
[2025-03-14T06:58:29.058+0000] {processor.py:157} INFO - Started process (PID=69227) to work on /opt/airflow/dags/first_dag.py
[2025-03-14T06:58:29.059+0000] {processor.py:829} INFO - Processing file /opt/airflow/dags/first_dag.py for tasks to queue
[2025-03-14T06:58:29.059+0000] {logging_mixin.py:154} INFO - [2025-03-14T06:58:29.059+0000] {dagbag.py:536} INFO - Filling up the DagBag from /opt/airflow/dags/first_dag.py
[2025-03-14T06:58:29.066+0000] {processor.py:839} INFO - DAG(s) dict_keys(['our_first_dag_v1']) retrieved from /opt/airflow/dags/first_dag.py
[2025-03-14T06:58:29.086+0000] {logging_mixin.py:154} INFO - [2025-03-14T06:58:29.086+0000] {dag.py:2941} INFO - Sync 1 DAGs
[2025-03-14T06:58:29.103+0000] {logging_mixin.py:154} INFO - [2025-03-14T06:58:29.103+0000] {dag.py:3722} INFO - Setting next_dagrun for our_first_dag_v1 to 2025-02-25T00:00:00+00:00, run_after=2025-02-26T00:00:00+00:00
[2025-03-14T06:58:29.123+0000] {processor.py:179} INFO - Processing /opt/airflow/dags/first_dag.py took 0.068 seconds
[2025-03-14T06:58:59.746+0000] {processor.py:157} INFO - Started process (PID=69274) to work on /opt/airflow/dags/first_dag.py
[2025-03-14T06:58:59.747+0000] {processor.py:829} INFO - Processing file /opt/airflow/dags/first_dag.py for tasks to queue
[2025-03-14T06:58:59.748+0000] {logging_mixin.py:154} INFO - [2025-03-14T06:58:59.748+0000] {dagbag.py:536} INFO - Filling up the DagBag from /opt/airflow/dags/first_dag.py
[2025-03-14T06:58:59.759+0000] {processor.py:839} INFO - DAG(s) dict_keys(['our_first_dag_v1']) retrieved from /opt/airflow/dags/first_dag.py
[2025-03-14T06:58:59.781+0000] {logging_mixin.py:154} INFO - [2025-03-14T06:58:59.781+0000] {dag.py:2941} INFO - Sync 1 DAGs
[2025-03-14T06:58:59.798+0000] {logging_mixin.py:154} INFO - [2025-03-14T06:58:59.798+0000] {dag.py:3722} INFO - Setting next_dagrun for our_first_dag_v1 to 2025-02-25T00:00:00+00:00, run_after=2025-02-26T00:00:00+00:00
[2025-03-14T06:58:59.811+0000] {processor.py:179} INFO - Processing /opt/airflow/dags/first_dag.py took 0.068 seconds
[2025-03-14T06:59:30.375+0000] {processor.py:157} INFO - Started process (PID=69324) to work on /opt/airflow/dags/first_dag.py
[2025-03-14T06:59:30.375+0000] {processor.py:829} INFO - Processing file /opt/airflow/dags/first_dag.py for tasks to queue
[2025-03-14T06:59:30.376+0000] {logging_mixin.py:154} INFO - [2025-03-14T06:59:30.376+0000] {dagbag.py:536} INFO - Filling up the DagBag from /opt/airflow/dags/first_dag.py
[2025-03-14T06:59:30.385+0000] {processor.py:839} INFO - DAG(s) dict_keys(['our_first_dag_v1']) retrieved from /opt/airflow/dags/first_dag.py
[2025-03-14T06:59:30.420+0000] {logging_mixin.py:154} INFO - [2025-03-14T06:59:30.420+0000] {dag.py:2941} INFO - Sync 1 DAGs
[2025-03-14T06:59:30.446+0000] {logging_mixin.py:154} INFO - [2025-03-14T06:59:30.446+0000] {dag.py:3722} INFO - Setting next_dagrun for our_first_dag_v1 to 2025-02-25T00:00:00+00:00, run_after=2025-02-26T00:00:00+00:00
[2025-03-14T06:59:30.463+0000] {processor.py:179} INFO - Processing /opt/airflow/dags/first_dag.py took 0.092 seconds
[2025-03-14T07:00:00.937+0000] {processor.py:157} INFO - Started process (PID=69369) to work on /opt/airflow/dags/first_dag.py
[2025-03-14T07:00:00.937+0000] {processor.py:829} INFO - Processing file /opt/airflow/dags/first_dag.py for tasks to queue
[2025-03-14T07:00:00.938+0000] {logging_mixin.py:154} INFO - [2025-03-14T07:00:00.938+0000] {dagbag.py:536} INFO - Filling up the DagBag from /opt/airflow/dags/first_dag.py
[2025-03-14T07:00:00.945+0000] {processor.py:839} INFO - DAG(s) dict_keys(['our_first_dag_v1']) retrieved from /opt/airflow/dags/first_dag.py
[2025-03-14T07:00:00.965+0000] {logging_mixin.py:154} INFO - [2025-03-14T07:00:00.965+0000] {dag.py:2941} INFO - Sync 1 DAGs
[2025-03-14T07:00:00.978+0000] {logging_mixin.py:154} INFO - [2025-03-14T07:00:00.978+0000] {dag.py:3722} INFO - Setting next_dagrun for our_first_dag_v1 to 2025-02-25T00:00:00+00:00, run_after=2025-02-26T00:00:00+00:00
[2025-03-14T07:00:00.990+0000] {processor.py:179} INFO - Processing /opt/airflow/dags/first_dag.py took 0.055 seconds
[2025-03-14T07:00:31.549+0000] {processor.py:157} INFO - Started process (PID=69417) to work on /opt/airflow/dags/first_dag.py
[2025-03-14T07:00:31.550+0000] {processor.py:829} INFO - Processing file /opt/airflow/dags/first_dag.py for tasks to queue
[2025-03-14T07:00:31.551+0000] {logging_mixin.py:154} INFO - [2025-03-14T07:00:31.551+0000] {dagbag.py:536} INFO - Filling up the DagBag from /opt/airflow/dags/first_dag.py
[2025-03-14T07:00:31.558+0000] {processor.py:839} INFO - DAG(s) dict_keys(['our_first_dag_v1']) retrieved from /opt/airflow/dags/first_dag.py
[2025-03-14T07:00:31.582+0000] {logging_mixin.py:154} INFO - [2025-03-14T07:00:31.582+0000] {dag.py:2941} INFO - Sync 1 DAGs
[2025-03-14T07:00:31.599+0000] {logging_mixin.py:154} INFO - [2025-03-14T07:00:31.599+0000] {dag.py:3722} INFO - Setting next_dagrun for our_first_dag_v1 to 2025-02-25T00:00:00+00:00, run_after=2025-02-26T00:00:00+00:00
[2025-03-14T07:00:31.614+0000] {processor.py:179} INFO - Processing /opt/airflow/dags/first_dag.py took 0.067 seconds
[2025-03-14T07:01:02.064+0000] {processor.py:157} INFO - Started process (PID=69463) to work on /opt/airflow/dags/first_dag.py
[2025-03-14T07:01:02.065+0000] {processor.py:829} INFO - Processing file /opt/airflow/dags/first_dag.py for tasks to queue
[2025-03-14T07:01:02.066+0000] {logging_mixin.py:154} INFO - [2025-03-14T07:01:02.065+0000] {dagbag.py:536} INFO - Filling up the DagBag from /opt/airflow/dags/first_dag.py
[2025-03-14T07:01:02.078+0000] {processor.py:839} INFO - DAG(s) dict_keys(['our_first_dag_v1']) retrieved from /opt/airflow/dags/first_dag.py
[2025-03-14T07:01:02.098+0000] {logging_mixin.py:154} INFO - [2025-03-14T07:01:02.098+0000] {dag.py:2941} INFO - Sync 1 DAGs
[2025-03-14T07:01:02.116+0000] {logging_mixin.py:154} INFO - [2025-03-14T07:01:02.116+0000] {dag.py:3722} INFO - Setting next_dagrun for our_first_dag_v1 to 2025-02-25T00:00:00+00:00, run_after=2025-02-26T00:00:00+00:00
[2025-03-14T07:01:02.132+0000] {processor.py:179} INFO - Processing /opt/airflow/dags/first_dag.py took 0.071 seconds
[2025-03-14T07:01:32.818+0000] {processor.py:157} INFO - Started process (PID=69510) to work on /opt/airflow/dags/first_dag.py
[2025-03-14T07:01:32.818+0000] {processor.py:829} INFO - Processing file /opt/airflow/dags/first_dag.py for tasks to queue
[2025-03-14T07:01:32.819+0000] {logging_mixin.py:154} INFO - [2025-03-14T07:01:32.819+0000] {dagbag.py:536} INFO - Filling up the DagBag from /opt/airflow/dags/first_dag.py
[2025-03-14T07:01:32.829+0000] {processor.py:839} INFO - DAG(s) dict_keys(['our_first_dag_v1']) retrieved from /opt/airflow/dags/first_dag.py
[2025-03-14T07:01:32.855+0000] {logging_mixin.py:154} INFO - [2025-03-14T07:01:32.855+0000] {dag.py:2941} INFO - Sync 1 DAGs
[2025-03-14T07:01:32.873+0000] {logging_mixin.py:154} INFO - [2025-03-14T07:01:32.873+0000] {dag.py:3722} INFO - Setting next_dagrun for our_first_dag_v1 to 2025-02-25T00:00:00+00:00, run_after=2025-02-26T00:00:00+00:00
[2025-03-14T07:01:32.893+0000] {processor.py:179} INFO - Processing /opt/airflow/dags/first_dag.py took 0.078 seconds
[2025-03-14T07:02:03.333+0000] {processor.py:157} INFO - Started process (PID=69557) to work on /opt/airflow/dags/first_dag.py
[2025-03-14T07:02:03.334+0000] {processor.py:829} INFO - Processing file /opt/airflow/dags/first_dag.py for tasks to queue
[2025-03-14T07:02:03.334+0000] {logging_mixin.py:154} INFO - [2025-03-14T07:02:03.334+0000] {dagbag.py:536} INFO - Filling up the DagBag from /opt/airflow/dags/first_dag.py
[2025-03-14T07:02:03.342+0000] {processor.py:839} INFO - DAG(s) dict_keys(['our_first_dag_v1']) retrieved from /opt/airflow/dags/first_dag.py
[2025-03-14T07:02:03.360+0000] {logging_mixin.py:154} INFO - [2025-03-14T07:02:03.360+0000] {dag.py:2941} INFO - Sync 1 DAGs
[2025-03-14T07:02:03.376+0000] {logging_mixin.py:154} INFO - [2025-03-14T07:02:03.376+0000] {dag.py:3722} INFO - Setting next_dagrun for our_first_dag_v1 to 2025-02-25T00:00:00+00:00, run_after=2025-02-26T00:00:00+00:00
[2025-03-14T07:02:03.389+0000] {processor.py:179} INFO - Processing /opt/airflow/dags/first_dag.py took 0.059 seconds
[2025-03-14T07:02:33.905+0000] {processor.py:157} INFO - Started process (PID=69604) to work on /opt/airflow/dags/first_dag.py
[2025-03-14T07:02:33.906+0000] {processor.py:829} INFO - Processing file /opt/airflow/dags/first_dag.py for tasks to queue
[2025-03-14T07:02:33.908+0000] {logging_mixin.py:154} INFO - [2025-03-14T07:02:33.907+0000] {dagbag.py:536} INFO - Filling up the DagBag from /opt/airflow/dags/first_dag.py
[2025-03-14T07:02:33.919+0000] {processor.py:839} INFO - DAG(s) dict_keys(['our_first_dag_v1']) retrieved from /opt/airflow/dags/first_dag.py
[2025-03-14T07:02:33.943+0000] {logging_mixin.py:154} INFO - [2025-03-14T07:02:33.943+0000] {dag.py:2941} INFO - Sync 1 DAGs
[2025-03-14T07:02:33.964+0000] {logging_mixin.py:154} INFO - [2025-03-14T07:02:33.964+0000] {dag.py:3722} INFO - Setting next_dagrun for our_first_dag_v1 to 2025-02-25T00:00:00+00:00, run_after=2025-02-26T00:00:00+00:00
[2025-03-14T07:02:33.979+0000] {processor.py:179} INFO - Processing /opt/airflow/dags/first_dag.py took 0.080 seconds
[2025-03-14T07:03:04.503+0000] {processor.py:157} INFO - Started process (PID=69651) to work on /opt/airflow/dags/first_dag.py
[2025-03-14T07:03:04.504+0000] {processor.py:829} INFO - Processing file /opt/airflow/dags/first_dag.py for tasks to queue
[2025-03-14T07:03:04.505+0000] {logging_mixin.py:154} INFO - [2025-03-14T07:03:04.504+0000] {dagbag.py:536} INFO - Filling up the DagBag from /opt/airflow/dags/first_dag.py
[2025-03-14T07:03:04.522+0000] {processor.py:839} INFO - DAG(s) dict_keys(['our_first_dag_v1']) retrieved from /opt/airflow/dags/first_dag.py
[2025-03-14T07:03:04.550+0000] {logging_mixin.py:154} INFO - [2025-03-14T07:03:04.549+0000] {dag.py:2941} INFO - Sync 1 DAGs
[2025-03-14T07:03:04.565+0000] {logging_mixin.py:154} INFO - [2025-03-14T07:03:04.565+0000] {dag.py:3722} INFO - Setting next_dagrun for our_first_dag_v1 to 2025-02-25T00:00:00+00:00, run_after=2025-02-26T00:00:00+00:00
[2025-03-14T07:03:04.583+0000] {processor.py:179} INFO - Processing /opt/airflow/dags/first_dag.py took 0.085 seconds
[2025-03-14T07:03:35.205+0000] {processor.py:157} INFO - Started process (PID=69699) to work on /opt/airflow/dags/first_dag.py
[2025-03-14T07:03:35.206+0000] {processor.py:829} INFO - Processing file /opt/airflow/dags/first_dag.py for tasks to queue
[2025-03-14T07:03:35.207+0000] {logging_mixin.py:154} INFO - [2025-03-14T07:03:35.206+0000] {dagbag.py:536} INFO - Filling up the DagBag from /opt/airflow/dags/first_dag.py
[2025-03-14T07:03:35.215+0000] {processor.py:839} INFO - DAG(s) dict_keys(['our_first_dag_v1']) retrieved from /opt/airflow/dags/first_dag.py
[2025-03-14T07:03:35.241+0000] {logging_mixin.py:154} INFO - [2025-03-14T07:03:35.240+0000] {dag.py:2941} INFO - Sync 1 DAGs
[2025-03-14T07:03:35.262+0000] {logging_mixin.py:154} INFO - [2025-03-14T07:03:35.262+0000] {dag.py:3722} INFO - Setting next_dagrun for our_first_dag_v1 to 2025-02-25T00:00:00+00:00, run_after=2025-02-26T00:00:00+00:00
[2025-03-14T07:03:35.275+0000] {processor.py:179} INFO - Processing /opt/airflow/dags/first_dag.py took 0.072 seconds
[2025-03-14T07:04:05.841+0000] {processor.py:157} INFO - Started process (PID=69746) to work on /opt/airflow/dags/first_dag.py
[2025-03-14T07:04:05.842+0000] {processor.py:829} INFO - Processing file /opt/airflow/dags/first_dag.py for tasks to queue
[2025-03-14T07:04:05.842+0000] {logging_mixin.py:154} INFO - [2025-03-14T07:04:05.842+0000] {dagbag.py:536} INFO - Filling up the DagBag from /opt/airflow/dags/first_dag.py
[2025-03-14T07:04:05.852+0000] {processor.py:839} INFO - DAG(s) dict_keys(['our_first_dag_v1']) retrieved from /opt/airflow/dags/first_dag.py
[2025-03-14T07:04:05.875+0000] {logging_mixin.py:154} INFO - [2025-03-14T07:04:05.875+0000] {dag.py:2941} INFO - Sync 1 DAGs
[2025-03-14T07:04:05.894+0000] {logging_mixin.py:154} INFO - [2025-03-14T07:04:05.894+0000] {dag.py:3722} INFO - Setting next_dagrun for our_first_dag_v1 to 2025-02-25T00:00:00+00:00, run_after=2025-02-26T00:00:00+00:00
[2025-03-14T07:04:05.912+0000] {processor.py:179} INFO - Processing /opt/airflow/dags/first_dag.py took 0.074 seconds
[2025-03-14T07:04:36.493+0000] {processor.py:157} INFO - Started process (PID=69793) to work on /opt/airflow/dags/first_dag.py
[2025-03-14T07:04:36.494+0000] {processor.py:829} INFO - Processing file /opt/airflow/dags/first_dag.py for tasks to queue
[2025-03-14T07:04:36.495+0000] {logging_mixin.py:154} INFO - [2025-03-14T07:04:36.494+0000] {dagbag.py:536} INFO - Filling up the DagBag from /opt/airflow/dags/first_dag.py
[2025-03-14T07:04:36.502+0000] {processor.py:839} INFO - DAG(s) dict_keys(['our_first_dag_v1']) retrieved from /opt/airflow/dags/first_dag.py
[2025-03-14T07:04:36.523+0000] {logging_mixin.py:154} INFO - [2025-03-14T07:04:36.523+0000] {dag.py:2941} INFO - Sync 1 DAGs
[2025-03-14T07:04:36.543+0000] {logging_mixin.py:154} INFO - [2025-03-14T07:04:36.543+0000] {dag.py:3722} INFO - Setting next_dagrun for our_first_dag_v1 to 2025-02-25T00:00:00+00:00, run_after=2025-02-26T00:00:00+00:00
[2025-03-14T07:04:36.561+0000] {processor.py:179} INFO - Processing /opt/airflow/dags/first_dag.py took 0.070 seconds
[2025-03-14T07:05:06.971+0000] {processor.py:157} INFO - Started process (PID=69840) to work on /opt/airflow/dags/first_dag.py
[2025-03-14T07:05:06.973+0000] {processor.py:829} INFO - Processing file /opt/airflow/dags/first_dag.py for tasks to queue
[2025-03-14T07:05:06.974+0000] {logging_mixin.py:154} INFO - [2025-03-14T07:05:06.973+0000] {dagbag.py:536} INFO - Filling up the DagBag from /opt/airflow/dags/first_dag.py
[2025-03-14T07:05:06.984+0000] {processor.py:839} INFO - DAG(s) dict_keys(['our_first_dag_v1']) retrieved from /opt/airflow/dags/first_dag.py
[2025-03-14T07:05:07.012+0000] {logging_mixin.py:154} INFO - [2025-03-14T07:05:07.012+0000] {dag.py:2941} INFO - Sync 1 DAGs
[2025-03-14T07:05:07.026+0000] {logging_mixin.py:154} INFO - [2025-03-14T07:05:07.026+0000] {dag.py:3722} INFO - Setting next_dagrun for our_first_dag_v1 to 2025-02-25T00:00:00+00:00, run_after=2025-02-26T00:00:00+00:00
[2025-03-14T07:05:07.044+0000] {processor.py:179} INFO - Processing /opt/airflow/dags/first_dag.py took 0.076 seconds
[2025-03-14T07:05:37.656+0000] {processor.py:157} INFO - Started process (PID=69889) to work on /opt/airflow/dags/first_dag.py
[2025-03-14T07:05:37.657+0000] {processor.py:829} INFO - Processing file /opt/airflow/dags/first_dag.py for tasks to queue
[2025-03-14T07:05:37.658+0000] {logging_mixin.py:154} INFO - [2025-03-14T07:05:37.658+0000] {dagbag.py:536} INFO - Filling up the DagBag from /opt/airflow/dags/first_dag.py
[2025-03-14T07:05:37.669+0000] {processor.py:839} INFO - DAG(s) dict_keys(['our_first_dag_v1']) retrieved from /opt/airflow/dags/first_dag.py
[2025-03-14T07:05:37.693+0000] {logging_mixin.py:154} INFO - [2025-03-14T07:05:37.693+0000] {dag.py:2941} INFO - Sync 1 DAGs
[2025-03-14T07:05:37.712+0000] {logging_mixin.py:154} INFO - [2025-03-14T07:05:37.712+0000] {dag.py:3722} INFO - Setting next_dagrun for our_first_dag_v1 to 2025-02-25T00:00:00+00:00, run_after=2025-02-26T00:00:00+00:00
[2025-03-14T07:05:37.729+0000] {processor.py:179} INFO - Processing /opt/airflow/dags/first_dag.py took 0.076 seconds
[2025-03-14T07:06:08.289+0000] {processor.py:157} INFO - Started process (PID=69934) to work on /opt/airflow/dags/first_dag.py
[2025-03-14T07:06:08.289+0000] {processor.py:829} INFO - Processing file /opt/airflow/dags/first_dag.py for tasks to queue
[2025-03-14T07:06:08.290+0000] {logging_mixin.py:154} INFO - [2025-03-14T07:06:08.290+0000] {dagbag.py:536} INFO - Filling up the DagBag from /opt/airflow/dags/first_dag.py
[2025-03-14T07:06:08.298+0000] {processor.py:839} INFO - DAG(s) dict_keys(['our_first_dag_v1']) retrieved from /opt/airflow/dags/first_dag.py
[2025-03-14T07:06:08.318+0000] {logging_mixin.py:154} INFO - [2025-03-14T07:06:08.318+0000] {dag.py:2941} INFO - Sync 1 DAGs
[2025-03-14T07:06:08.344+0000] {logging_mixin.py:154} INFO - [2025-03-14T07:06:08.343+0000] {dag.py:3722} INFO - Setting next_dagrun for our_first_dag_v1 to 2025-02-25T00:00:00+00:00, run_after=2025-02-26T00:00:00+00:00
[2025-03-14T07:06:08.368+0000] {processor.py:179} INFO - Processing /opt/airflow/dags/first_dag.py took 0.082 seconds
[2025-03-14T07:06:38.901+0000] {processor.py:157} INFO - Started process (PID=69981) to work on /opt/airflow/dags/first_dag.py
[2025-03-14T07:06:38.901+0000] {processor.py:829} INFO - Processing file /opt/airflow/dags/first_dag.py for tasks to queue
[2025-03-14T07:06:38.902+0000] {logging_mixin.py:154} INFO - [2025-03-14T07:06:38.902+0000] {dagbag.py:536} INFO - Filling up the DagBag from /opt/airflow/dags/first_dag.py
[2025-03-14T07:06:38.910+0000] {processor.py:839} INFO - DAG(s) dict_keys(['our_first_dag_v1']) retrieved from /opt/airflow/dags/first_dag.py
[2025-03-14T07:06:38.940+0000] {logging_mixin.py:154} INFO - [2025-03-14T07:06:38.940+0000] {dag.py:2941} INFO - Sync 1 DAGs
[2025-03-14T07:06:38.956+0000] {logging_mixin.py:154} INFO - [2025-03-14T07:06:38.956+0000] {dag.py:3722} INFO - Setting next_dagrun for our_first_dag_v1 to 2025-02-25T00:00:00+00:00, run_after=2025-02-26T00:00:00+00:00
[2025-03-14T07:06:38.968+0000] {processor.py:179} INFO - Processing /opt/airflow/dags/first_dag.py took 0.071 seconds
[2025-03-14T07:07:09.504+0000] {processor.py:157} INFO - Started process (PID=70030) to work on /opt/airflow/dags/first_dag.py
[2025-03-14T07:07:09.505+0000] {processor.py:829} INFO - Processing file /opt/airflow/dags/first_dag.py for tasks to queue
[2025-03-14T07:07:09.505+0000] {logging_mixin.py:154} INFO - [2025-03-14T07:07:09.505+0000] {dagbag.py:536} INFO - Filling up the DagBag from /opt/airflow/dags/first_dag.py
[2025-03-14T07:07:09.513+0000] {processor.py:839} INFO - DAG(s) dict_keys(['our_first_dag_v1']) retrieved from /opt/airflow/dags/first_dag.py
[2025-03-14T07:07:09.533+0000] {logging_mixin.py:154} INFO - [2025-03-14T07:07:09.532+0000] {dag.py:2941} INFO - Sync 1 DAGs
[2025-03-14T07:07:09.549+0000] {logging_mixin.py:154} INFO - [2025-03-14T07:07:09.549+0000] {dag.py:3722} INFO - Setting next_dagrun for our_first_dag_v1 to 2025-02-25T00:00:00+00:00, run_after=2025-02-26T00:00:00+00:00
[2025-03-14T07:07:09.561+0000] {processor.py:179} INFO - Processing /opt/airflow/dags/first_dag.py took 0.060 seconds
[2025-03-14T07:58:33.870+0000] {processor.py:157} INFO - Started process (PID=70071) to work on /opt/airflow/dags/first_dag.py
[2025-03-14T07:58:33.871+0000] {processor.py:829} INFO - Processing file /opt/airflow/dags/first_dag.py for tasks to queue
[2025-03-14T07:58:33.873+0000] {logging_mixin.py:154} INFO - [2025-03-14T07:58:33.872+0000] {dagbag.py:536} INFO - Filling up the DagBag from /opt/airflow/dags/first_dag.py
[2025-03-14T07:58:33.890+0000] {processor.py:839} INFO - DAG(s) dict_keys(['our_first_dag_v1']) retrieved from /opt/airflow/dags/first_dag.py
[2025-03-14T07:58:33.926+0000] {logging_mixin.py:154} INFO - [2025-03-14T07:58:33.926+0000] {dag.py:2941} INFO - Sync 1 DAGs
[2025-03-14T07:58:33.958+0000] {logging_mixin.py:154} INFO - [2025-03-14T07:58:33.958+0000] {dag.py:3722} INFO - Setting next_dagrun for our_first_dag_v1 to 2025-02-25T00:00:00+00:00, run_after=2025-02-26T00:00:00+00:00
[2025-03-14T07:58:33.987+0000] {processor.py:179} INFO - Processing /opt/airflow/dags/first_dag.py took 0.122 seconds
[2025-03-14T07:59:04.639+0000] {processor.py:157} INFO - Started process (PID=70118) to work on /opt/airflow/dags/first_dag.py
[2025-03-14T07:59:04.640+0000] {processor.py:829} INFO - Processing file /opt/airflow/dags/first_dag.py for tasks to queue
[2025-03-14T07:59:04.641+0000] {logging_mixin.py:154} INFO - [2025-03-14T07:59:04.641+0000] {dagbag.py:536} INFO - Filling up the DagBag from /opt/airflow/dags/first_dag.py
[2025-03-14T07:59:04.649+0000] {processor.py:839} INFO - DAG(s) dict_keys(['our_first_dag_v1']) retrieved from /opt/airflow/dags/first_dag.py
[2025-03-14T07:59:04.670+0000] {logging_mixin.py:154} INFO - [2025-03-14T07:59:04.670+0000] {dag.py:2941} INFO - Sync 1 DAGs
[2025-03-14T07:59:04.685+0000] {logging_mixin.py:154} INFO - [2025-03-14T07:59:04.685+0000] {dag.py:3722} INFO - Setting next_dagrun for our_first_dag_v1 to 2025-02-25T00:00:00+00:00, run_after=2025-02-26T00:00:00+00:00
[2025-03-14T07:59:04.703+0000] {processor.py:179} INFO - Processing /opt/airflow/dags/first_dag.py took 0.069 seconds
[2025-03-14T07:59:35.227+0000] {processor.py:157} INFO - Started process (PID=70165) to work on /opt/airflow/dags/first_dag.py
[2025-03-14T07:59:35.228+0000] {processor.py:829} INFO - Processing file /opt/airflow/dags/first_dag.py for tasks to queue
[2025-03-14T07:59:35.228+0000] {logging_mixin.py:154} INFO - [2025-03-14T07:59:35.228+0000] {dagbag.py:536} INFO - Filling up the DagBag from /opt/airflow/dags/first_dag.py
[2025-03-14T07:59:35.237+0000] {processor.py:839} INFO - DAG(s) dict_keys(['our_first_dag_v1']) retrieved from /opt/airflow/dags/first_dag.py
[2025-03-14T07:59:35.260+0000] {logging_mixin.py:154} INFO - [2025-03-14T07:59:35.260+0000] {dag.py:2941} INFO - Sync 1 DAGs
[2025-03-14T07:59:35.275+0000] {logging_mixin.py:154} INFO - [2025-03-14T07:59:35.275+0000] {dag.py:3722} INFO - Setting next_dagrun for our_first_dag_v1 to 2025-02-25T00:00:00+00:00, run_after=2025-02-26T00:00:00+00:00
[2025-03-14T07:59:35.293+0000] {processor.py:179} INFO - Processing /opt/airflow/dags/first_dag.py took 0.068 seconds
[2025-03-14T08:00:05.793+0000] {processor.py:157} INFO - Started process (PID=70213) to work on /opt/airflow/dags/first_dag.py
[2025-03-14T08:00:05.794+0000] {processor.py:829} INFO - Processing file /opt/airflow/dags/first_dag.py for tasks to queue
[2025-03-14T08:00:05.795+0000] {logging_mixin.py:154} INFO - [2025-03-14T08:00:05.794+0000] {dagbag.py:536} INFO - Filling up the DagBag from /opt/airflow/dags/first_dag.py
[2025-03-14T08:00:05.807+0000] {processor.py:839} INFO - DAG(s) dict_keys(['our_first_dag_v1']) retrieved from /opt/airflow/dags/first_dag.py
[2025-03-14T08:00:05.826+0000] {logging_mixin.py:154} INFO - [2025-03-14T08:00:05.826+0000] {dag.py:2941} INFO - Sync 1 DAGs
[2025-03-14T08:00:05.843+0000] {logging_mixin.py:154} INFO - [2025-03-14T08:00:05.843+0000] {dag.py:3722} INFO - Setting next_dagrun for our_first_dag_v1 to 2025-02-25T00:00:00+00:00, run_after=2025-02-26T00:00:00+00:00
[2025-03-14T08:00:05.858+0000] {processor.py:179} INFO - Processing /opt/airflow/dags/first_dag.py took 0.068 seconds
[2025-03-14T08:00:36.376+0000] {processor.py:157} INFO - Started process (PID=70260) to work on /opt/airflow/dags/first_dag.py
[2025-03-14T08:00:36.378+0000] {processor.py:829} INFO - Processing file /opt/airflow/dags/first_dag.py for tasks to queue
[2025-03-14T08:00:36.378+0000] {logging_mixin.py:154} INFO - [2025-03-14T08:00:36.378+0000] {dagbag.py:536} INFO - Filling up the DagBag from /opt/airflow/dags/first_dag.py
[2025-03-14T08:00:36.389+0000] {processor.py:839} INFO - DAG(s) dict_keys(['our_first_dag_v1']) retrieved from /opt/airflow/dags/first_dag.py
[2025-03-14T08:00:36.408+0000] {logging_mixin.py:154} INFO - [2025-03-14T08:00:36.408+0000] {dag.py:2941} INFO - Sync 1 DAGs
[2025-03-14T08:00:36.423+0000] {logging_mixin.py:154} INFO - [2025-03-14T08:00:36.423+0000] {dag.py:3722} INFO - Setting next_dagrun for our_first_dag_v1 to 2025-02-25T00:00:00+00:00, run_after=2025-02-26T00:00:00+00:00
[2025-03-14T08:00:36.437+0000] {processor.py:179} INFO - Processing /opt/airflow/dags/first_dag.py took 0.064 seconds
