[2025-03-14T06:33:58.218+0000] {processor.py:157} INFO - Started process (PID=66887) to work on /opt/airflow/dags/pg_extract.py
[2025-03-14T06:33:58.219+0000] {processor.py:829} INFO - Processing file /opt/airflow/dags/pg_extract.py for tasks to queue
[2025-03-14T06:33:58.220+0000] {logging_mixin.py:154} INFO - [2025-03-14T06:33:58.220+0000] {dagbag.py:536} INFO - Filling up the DagBag from /opt/airflow/dags/pg_extract.py
[2025-03-14T06:33:58.229+0000] {processor.py:839} INFO - DAG(s) dict_keys(['pg_extract']) retrieved from /opt/airflow/dags/pg_extract.py
[2025-03-14T06:33:58.271+0000] {logging_mixin.py:154} INFO - [2025-03-14T06:33:58.270+0000] {dag.py:2941} INFO - Sync 1 DAGs
[2025-03-14T06:33:58.306+0000] {logging_mixin.py:154} INFO - [2025-03-14T06:33:58.306+0000] {dag.py:3722} INFO - Setting next_dagrun for pg_extract to 2025-03-13T06:33:58.305947+00:00, run_after=2025-03-14T06:33:58.305947+00:00
[2025-03-14T06:33:58.341+0000] {processor.py:179} INFO - Processing /opt/airflow/dags/pg_extract.py took 0.126 seconds
[2025-03-14T06:34:29.040+0000] {processor.py:157} INFO - Started process (PID=66979) to work on /opt/airflow/dags/pg_extract.py
[2025-03-14T06:34:29.045+0000] {processor.py:829} INFO - Processing file /opt/airflow/dags/pg_extract.py for tasks to queue
[2025-03-14T06:34:29.046+0000] {logging_mixin.py:154} INFO - [2025-03-14T06:34:29.045+0000] {dagbag.py:536} INFO - Filling up the DagBag from /opt/airflow/dags/pg_extract.py
[2025-03-14T06:34:29.055+0000] {processor.py:839} INFO - DAG(s) dict_keys(['pg_extract']) retrieved from /opt/airflow/dags/pg_extract.py
[2025-03-14T06:34:29.077+0000] {logging_mixin.py:154} INFO - [2025-03-14T06:34:29.076+0000] {dag.py:2941} INFO - Sync 1 DAGs
[2025-03-14T06:34:29.093+0000] {logging_mixin.py:154} INFO - [2025-03-14T06:34:29.093+0000] {dag.py:3722} INFO - Setting next_dagrun for pg_extract to 2025-03-14T06:33:58.305947+00:00, run_after=2025-03-15T06:33:58.305947+00:00
[2025-03-14T06:34:29.109+0000] {processor.py:179} INFO - Processing /opt/airflow/dags/pg_extract.py took 0.073 seconds
[2025-03-14T06:34:59.654+0000] {processor.py:157} INFO - Started process (PID=67026) to work on /opt/airflow/dags/pg_extract.py
[2025-03-14T06:34:59.658+0000] {processor.py:829} INFO - Processing file /opt/airflow/dags/pg_extract.py for tasks to queue
[2025-03-14T06:34:59.659+0000] {logging_mixin.py:154} INFO - [2025-03-14T06:34:59.658+0000] {dagbag.py:536} INFO - Filling up the DagBag from /opt/airflow/dags/pg_extract.py
[2025-03-14T06:34:59.666+0000] {processor.py:839} INFO - DAG(s) dict_keys(['pg_extract']) retrieved from /opt/airflow/dags/pg_extract.py
[2025-03-14T06:34:59.691+0000] {logging_mixin.py:154} INFO - [2025-03-14T06:34:59.691+0000] {dag.py:2941} INFO - Sync 1 DAGs
[2025-03-14T06:34:59.708+0000] {logging_mixin.py:154} INFO - [2025-03-14T06:34:59.708+0000] {dag.py:3722} INFO - Setting next_dagrun for pg_extract to 2025-03-14T06:33:58.305947+00:00, run_after=2025-03-15T06:33:58.305947+00:00
[2025-03-14T06:34:59.725+0000] {processor.py:179} INFO - Processing /opt/airflow/dags/pg_extract.py took 0.074 seconds
[2025-03-14T06:35:30.313+0000] {processor.py:157} INFO - Started process (PID=67073) to work on /opt/airflow/dags/pg_extract.py
[2025-03-14T06:35:30.313+0000] {processor.py:829} INFO - Processing file /opt/airflow/dags/pg_extract.py for tasks to queue
[2025-03-14T06:35:30.314+0000] {logging_mixin.py:154} INFO - [2025-03-14T06:35:30.314+0000] {dagbag.py:536} INFO - Filling up the DagBag from /opt/airflow/dags/pg_extract.py
[2025-03-14T06:35:30.320+0000] {processor.py:839} INFO - DAG(s) dict_keys(['pg_extract']) retrieved from /opt/airflow/dags/pg_extract.py
[2025-03-14T06:35:30.340+0000] {logging_mixin.py:154} INFO - [2025-03-14T06:35:30.339+0000] {dag.py:2941} INFO - Sync 1 DAGs
[2025-03-14T06:35:30.354+0000] {logging_mixin.py:154} INFO - [2025-03-14T06:35:30.354+0000] {dag.py:3722} INFO - Setting next_dagrun for pg_extract to 2025-03-14T06:33:58.305947+00:00, run_after=2025-03-15T06:33:58.305947+00:00
[2025-03-14T06:35:30.370+0000] {processor.py:179} INFO - Processing /opt/airflow/dags/pg_extract.py took 0.059 seconds
[2025-03-14T06:36:00.913+0000] {processor.py:157} INFO - Started process (PID=67120) to work on /opt/airflow/dags/pg_extract.py
[2025-03-14T06:36:00.914+0000] {processor.py:829} INFO - Processing file /opt/airflow/dags/pg_extract.py for tasks to queue
[2025-03-14T06:36:00.915+0000] {logging_mixin.py:154} INFO - [2025-03-14T06:36:00.914+0000] {dagbag.py:536} INFO - Filling up the DagBag from /opt/airflow/dags/pg_extract.py
[2025-03-14T06:36:00.930+0000] {processor.py:839} INFO - DAG(s) dict_keys(['pg_extract']) retrieved from /opt/airflow/dags/pg_extract.py
[2025-03-14T06:36:00.965+0000] {logging_mixin.py:154} INFO - [2025-03-14T06:36:00.965+0000] {dag.py:2941} INFO - Sync 1 DAGs
[2025-03-14T06:36:00.998+0000] {logging_mixin.py:154} INFO - [2025-03-14T06:36:00.998+0000] {dag.py:3722} INFO - Setting next_dagrun for pg_extract to 2025-03-14T06:33:58.305947+00:00, run_after=2025-03-15T06:33:58.305947+00:00
[2025-03-14T06:36:01.021+0000] {processor.py:179} INFO - Processing /opt/airflow/dags/pg_extract.py took 0.112 seconds
[2025-03-14T06:36:31.632+0000] {processor.py:157} INFO - Started process (PID=67167) to work on /opt/airflow/dags/pg_extract.py
[2025-03-14T06:36:31.632+0000] {processor.py:829} INFO - Processing file /opt/airflow/dags/pg_extract.py for tasks to queue
[2025-03-14T06:36:31.633+0000] {logging_mixin.py:154} INFO - [2025-03-14T06:36:31.633+0000] {dagbag.py:536} INFO - Filling up the DagBag from /opt/airflow/dags/pg_extract.py
[2025-03-14T06:36:31.640+0000] {processor.py:839} INFO - DAG(s) dict_keys(['pg_extract']) retrieved from /opt/airflow/dags/pg_extract.py
[2025-03-14T06:36:31.666+0000] {logging_mixin.py:154} INFO - [2025-03-14T06:36:31.666+0000] {dag.py:2941} INFO - Sync 1 DAGs
[2025-03-14T06:36:31.686+0000] {logging_mixin.py:154} INFO - [2025-03-14T06:36:31.686+0000] {dag.py:3722} INFO - Setting next_dagrun for pg_extract to 2025-03-14T06:33:58.305947+00:00, run_after=2025-03-15T06:33:58.305947+00:00
[2025-03-14T06:36:31.705+0000] {processor.py:179} INFO - Processing /opt/airflow/dags/pg_extract.py took 0.076 seconds
[2025-03-14T06:37:02.391+0000] {processor.py:157} INFO - Started process (PID=67214) to work on /opt/airflow/dags/pg_extract.py
[2025-03-14T06:37:02.392+0000] {processor.py:829} INFO - Processing file /opt/airflow/dags/pg_extract.py for tasks to queue
[2025-03-14T06:37:02.393+0000] {logging_mixin.py:154} INFO - [2025-03-14T06:37:02.393+0000] {dagbag.py:536} INFO - Filling up the DagBag from /opt/airflow/dags/pg_extract.py
[2025-03-14T06:37:02.399+0000] {processor.py:839} INFO - DAG(s) dict_keys(['pg_extract']) retrieved from /opt/airflow/dags/pg_extract.py
[2025-03-14T06:37:02.426+0000] {logging_mixin.py:154} INFO - [2025-03-14T06:37:02.425+0000] {dag.py:2941} INFO - Sync 1 DAGs
[2025-03-14T06:37:02.446+0000] {logging_mixin.py:154} INFO - [2025-03-14T06:37:02.446+0000] {dag.py:3722} INFO - Setting next_dagrun for pg_extract to 2025-03-14T06:33:58.305947+00:00, run_after=2025-03-15T06:33:58.305947+00:00
[2025-03-14T06:37:02.465+0000] {processor.py:179} INFO - Processing /opt/airflow/dags/pg_extract.py took 0.076 seconds
[2025-03-14T06:37:33.038+0000] {processor.py:157} INFO - Started process (PID=67261) to work on /opt/airflow/dags/pg_extract.py
[2025-03-14T06:37:33.039+0000] {processor.py:829} INFO - Processing file /opt/airflow/dags/pg_extract.py for tasks to queue
[2025-03-14T06:37:33.040+0000] {logging_mixin.py:154} INFO - [2025-03-14T06:37:33.040+0000] {dagbag.py:536} INFO - Filling up the DagBag from /opt/airflow/dags/pg_extract.py
[2025-03-14T06:37:33.048+0000] {processor.py:839} INFO - DAG(s) dict_keys(['pg_extract']) retrieved from /opt/airflow/dags/pg_extract.py
[2025-03-14T06:37:33.081+0000] {logging_mixin.py:154} INFO - [2025-03-14T06:37:33.080+0000] {dag.py:2941} INFO - Sync 1 DAGs
[2025-03-14T06:37:33.102+0000] {logging_mixin.py:154} INFO - [2025-03-14T06:37:33.102+0000] {dag.py:3722} INFO - Setting next_dagrun for pg_extract to 2025-03-14T06:33:58.305947+00:00, run_after=2025-03-15T06:33:58.305947+00:00
[2025-03-14T06:37:33.127+0000] {processor.py:179} INFO - Processing /opt/airflow/dags/pg_extract.py took 0.092 seconds
[2025-03-14T06:38:03.661+0000] {processor.py:157} INFO - Started process (PID=67308) to work on /opt/airflow/dags/pg_extract.py
[2025-03-14T06:38:03.661+0000] {processor.py:829} INFO - Processing file /opt/airflow/dags/pg_extract.py for tasks to queue
[2025-03-14T06:38:03.662+0000] {logging_mixin.py:154} INFO - [2025-03-14T06:38:03.662+0000] {dagbag.py:536} INFO - Filling up the DagBag from /opt/airflow/dags/pg_extract.py
[2025-03-14T06:38:03.670+0000] {processor.py:839} INFO - DAG(s) dict_keys(['pg_extract']) retrieved from /opt/airflow/dags/pg_extract.py
[2025-03-14T06:38:03.708+0000] {logging_mixin.py:154} INFO - [2025-03-14T06:38:03.708+0000] {dag.py:2941} INFO - Sync 1 DAGs
[2025-03-14T06:38:03.743+0000] {logging_mixin.py:154} INFO - [2025-03-14T06:38:03.743+0000] {dag.py:3722} INFO - Setting next_dagrun for pg_extract to 2025-03-14T06:33:58.305947+00:00, run_after=2025-03-15T06:33:58.305947+00:00
[2025-03-14T06:38:03.776+0000] {processor.py:179} INFO - Processing /opt/airflow/dags/pg_extract.py took 0.118 seconds
[2025-03-14T06:38:34.416+0000] {processor.py:157} INFO - Started process (PID=67355) to work on /opt/airflow/dags/pg_extract.py
[2025-03-14T06:38:34.417+0000] {processor.py:829} INFO - Processing file /opt/airflow/dags/pg_extract.py for tasks to queue
[2025-03-14T06:38:34.417+0000] {logging_mixin.py:154} INFO - [2025-03-14T06:38:34.417+0000] {dagbag.py:536} INFO - Filling up the DagBag from /opt/airflow/dags/pg_extract.py
[2025-03-14T06:38:34.424+0000] {processor.py:839} INFO - DAG(s) dict_keys(['pg_extract']) retrieved from /opt/airflow/dags/pg_extract.py
[2025-03-14T06:38:34.447+0000] {logging_mixin.py:154} INFO - [2025-03-14T06:38:34.447+0000] {dag.py:2941} INFO - Sync 1 DAGs
[2025-03-14T06:38:34.464+0000] {logging_mixin.py:154} INFO - [2025-03-14T06:38:34.464+0000] {dag.py:3722} INFO - Setting next_dagrun for pg_extract to 2025-03-14T06:33:58.305947+00:00, run_after=2025-03-15T06:33:58.305947+00:00
[2025-03-14T06:38:34.483+0000] {processor.py:179} INFO - Processing /opt/airflow/dags/pg_extract.py took 0.071 seconds
[2025-03-14T06:39:05.138+0000] {processor.py:157} INFO - Started process (PID=67402) to work on /opt/airflow/dags/pg_extract.py
[2025-03-14T06:39:05.138+0000] {processor.py:829} INFO - Processing file /opt/airflow/dags/pg_extract.py for tasks to queue
[2025-03-14T06:39:05.140+0000] {logging_mixin.py:154} INFO - [2025-03-14T06:39:05.139+0000] {dagbag.py:536} INFO - Filling up the DagBag from /opt/airflow/dags/pg_extract.py
[2025-03-14T06:39:05.148+0000] {processor.py:839} INFO - DAG(s) dict_keys(['pg_extract']) retrieved from /opt/airflow/dags/pg_extract.py
[2025-03-14T06:39:05.186+0000] {logging_mixin.py:154} INFO - [2025-03-14T06:39:05.185+0000] {dag.py:2941} INFO - Sync 1 DAGs
[2025-03-14T06:39:05.212+0000] {logging_mixin.py:154} INFO - [2025-03-14T06:39:05.211+0000] {dag.py:3722} INFO - Setting next_dagrun for pg_extract to 2025-03-14T06:33:58.305947+00:00, run_after=2025-03-15T06:33:58.305947+00:00
[2025-03-14T06:39:05.228+0000] {processor.py:179} INFO - Processing /opt/airflow/dags/pg_extract.py took 0.094 seconds
[2025-03-14T06:39:35.725+0000] {processor.py:157} INFO - Started process (PID=67449) to work on /opt/airflow/dags/pg_extract.py
[2025-03-14T06:39:35.729+0000] {processor.py:829} INFO - Processing file /opt/airflow/dags/pg_extract.py for tasks to queue
[2025-03-14T06:39:35.730+0000] {logging_mixin.py:154} INFO - [2025-03-14T06:39:35.729+0000] {dagbag.py:536} INFO - Filling up the DagBag from /opt/airflow/dags/pg_extract.py
[2025-03-14T06:39:35.740+0000] {processor.py:839} INFO - DAG(s) dict_keys(['pg_extract']) retrieved from /opt/airflow/dags/pg_extract.py
[2025-03-14T06:39:35.776+0000] {logging_mixin.py:154} INFO - [2025-03-14T06:39:35.775+0000] {dag.py:2941} INFO - Sync 1 DAGs
[2025-03-14T06:39:35.795+0000] {logging_mixin.py:154} INFO - [2025-03-14T06:39:35.795+0000] {dag.py:3722} INFO - Setting next_dagrun for pg_extract to 2025-03-14T06:33:58.305947+00:00, run_after=2025-03-15T06:33:58.305947+00:00
[2025-03-14T06:39:35.813+0000] {processor.py:179} INFO - Processing /opt/airflow/dags/pg_extract.py took 0.090 seconds
[2025-03-14T06:40:06.399+0000] {processor.py:157} INFO - Started process (PID=67496) to work on /opt/airflow/dags/pg_extract.py
[2025-03-14T06:40:06.399+0000] {processor.py:829} INFO - Processing file /opt/airflow/dags/pg_extract.py for tasks to queue
[2025-03-14T06:40:06.400+0000] {logging_mixin.py:154} INFO - [2025-03-14T06:40:06.400+0000] {dagbag.py:536} INFO - Filling up the DagBag from /opt/airflow/dags/pg_extract.py
[2025-03-14T06:40:06.406+0000] {processor.py:839} INFO - DAG(s) dict_keys(['pg_extract']) retrieved from /opt/airflow/dags/pg_extract.py
[2025-03-14T06:40:06.428+0000] {logging_mixin.py:154} INFO - [2025-03-14T06:40:06.428+0000] {dag.py:2941} INFO - Sync 1 DAGs
[2025-03-14T06:40:06.448+0000] {logging_mixin.py:154} INFO - [2025-03-14T06:40:06.447+0000] {dag.py:3722} INFO - Setting next_dagrun for pg_extract to 2025-03-14T06:33:58.305947+00:00, run_after=2025-03-15T06:33:58.305947+00:00
[2025-03-14T06:40:06.464+0000] {processor.py:179} INFO - Processing /opt/airflow/dags/pg_extract.py took 0.067 seconds
[2025-03-14T06:40:37.032+0000] {processor.py:157} INFO - Started process (PID=67543) to work on /opt/airflow/dags/pg_extract.py
[2025-03-14T06:40:37.037+0000] {processor.py:829} INFO - Processing file /opt/airflow/dags/pg_extract.py for tasks to queue
[2025-03-14T06:40:37.038+0000] {logging_mixin.py:154} INFO - [2025-03-14T06:40:37.038+0000] {dagbag.py:536} INFO - Filling up the DagBag from /opt/airflow/dags/pg_extract.py
[2025-03-14T06:40:37.044+0000] {processor.py:839} INFO - DAG(s) dict_keys(['pg_extract']) retrieved from /opt/airflow/dags/pg_extract.py
[2025-03-14T06:40:37.064+0000] {logging_mixin.py:154} INFO - [2025-03-14T06:40:37.064+0000] {dag.py:2941} INFO - Sync 1 DAGs
[2025-03-14T06:40:37.080+0000] {logging_mixin.py:154} INFO - [2025-03-14T06:40:37.080+0000] {dag.py:3722} INFO - Setting next_dagrun for pg_extract to 2025-03-14T06:33:58.305947+00:00, run_after=2025-03-15T06:33:58.305947+00:00
[2025-03-14T06:40:37.096+0000] {processor.py:179} INFO - Processing /opt/airflow/dags/pg_extract.py took 0.066 seconds
[2025-03-14T06:41:07.586+0000] {processor.py:157} INFO - Started process (PID=67590) to work on /opt/airflow/dags/pg_extract.py
[2025-03-14T06:41:07.587+0000] {processor.py:829} INFO - Processing file /opt/airflow/dags/pg_extract.py for tasks to queue
[2025-03-14T06:41:07.587+0000] {logging_mixin.py:154} INFO - [2025-03-14T06:41:07.587+0000] {dagbag.py:536} INFO - Filling up the DagBag from /opt/airflow/dags/pg_extract.py
[2025-03-14T06:41:07.593+0000] {processor.py:839} INFO - DAG(s) dict_keys(['pg_extract']) retrieved from /opt/airflow/dags/pg_extract.py
[2025-03-14T06:41:07.615+0000] {logging_mixin.py:154} INFO - [2025-03-14T06:41:07.614+0000] {dag.py:2941} INFO - Sync 1 DAGs
[2025-03-14T06:41:07.632+0000] {logging_mixin.py:154} INFO - [2025-03-14T06:41:07.632+0000] {dag.py:3722} INFO - Setting next_dagrun for pg_extract to 2025-03-14T06:33:58.305947+00:00, run_after=2025-03-15T06:33:58.305947+00:00
[2025-03-14T06:41:07.647+0000] {processor.py:179} INFO - Processing /opt/airflow/dags/pg_extract.py took 0.064 seconds
[2025-03-14T06:41:38.128+0000] {processor.py:157} INFO - Started process (PID=67637) to work on /opt/airflow/dags/pg_extract.py
[2025-03-14T06:41:38.134+0000] {processor.py:829} INFO - Processing file /opt/airflow/dags/pg_extract.py for tasks to queue
[2025-03-14T06:41:38.134+0000] {logging_mixin.py:154} INFO - [2025-03-14T06:41:38.134+0000] {dagbag.py:536} INFO - Filling up the DagBag from /opt/airflow/dags/pg_extract.py
[2025-03-14T06:41:38.141+0000] {processor.py:839} INFO - DAG(s) dict_keys(['pg_extract']) retrieved from /opt/airflow/dags/pg_extract.py
[2025-03-14T06:41:38.164+0000] {logging_mixin.py:154} INFO - [2025-03-14T06:41:38.164+0000] {dag.py:2941} INFO - Sync 1 DAGs
[2025-03-14T06:41:38.181+0000] {logging_mixin.py:154} INFO - [2025-03-14T06:41:38.181+0000] {dag.py:3722} INFO - Setting next_dagrun for pg_extract to 2025-03-14T06:33:58.305947+00:00, run_after=2025-03-15T06:33:58.305947+00:00
[2025-03-14T06:41:38.205+0000] {processor.py:179} INFO - Processing /opt/airflow/dags/pg_extract.py took 0.079 seconds
[2025-03-14T06:42:08.838+0000] {processor.py:157} INFO - Started process (PID=67684) to work on /opt/airflow/dags/pg_extract.py
[2025-03-14T06:42:08.838+0000] {processor.py:829} INFO - Processing file /opt/airflow/dags/pg_extract.py for tasks to queue
[2025-03-14T06:42:08.839+0000] {logging_mixin.py:154} INFO - [2025-03-14T06:42:08.839+0000] {dagbag.py:536} INFO - Filling up the DagBag from /opt/airflow/dags/pg_extract.py
[2025-03-14T06:42:08.848+0000] {processor.py:839} INFO - DAG(s) dict_keys(['pg_extract']) retrieved from /opt/airflow/dags/pg_extract.py
[2025-03-14T06:42:08.870+0000] {logging_mixin.py:154} INFO - [2025-03-14T06:42:08.870+0000] {dag.py:2941} INFO - Sync 1 DAGs
[2025-03-14T06:42:08.891+0000] {logging_mixin.py:154} INFO - [2025-03-14T06:42:08.891+0000] {dag.py:3722} INFO - Setting next_dagrun for pg_extract to 2025-03-14T06:33:58.305947+00:00, run_after=2025-03-15T06:33:58.305947+00:00
[2025-03-14T06:42:08.912+0000] {processor.py:179} INFO - Processing /opt/airflow/dags/pg_extract.py took 0.076 seconds
[2025-03-14T06:42:39.473+0000] {processor.py:157} INFO - Started process (PID=67731) to work on /opt/airflow/dags/pg_extract.py
[2025-03-14T06:42:39.477+0000] {processor.py:829} INFO - Processing file /opt/airflow/dags/pg_extract.py for tasks to queue
[2025-03-14T06:42:39.477+0000] {logging_mixin.py:154} INFO - [2025-03-14T06:42:39.477+0000] {dagbag.py:536} INFO - Filling up the DagBag from /opt/airflow/dags/pg_extract.py
[2025-03-14T06:42:39.484+0000] {processor.py:839} INFO - DAG(s) dict_keys(['pg_extract']) retrieved from /opt/airflow/dags/pg_extract.py
[2025-03-14T06:42:39.505+0000] {logging_mixin.py:154} INFO - [2025-03-14T06:42:39.505+0000] {dag.py:2941} INFO - Sync 1 DAGs
[2025-03-14T06:42:39.520+0000] {logging_mixin.py:154} INFO - [2025-03-14T06:42:39.520+0000] {dag.py:3722} INFO - Setting next_dagrun for pg_extract to 2025-03-14T06:33:58.305947+00:00, run_after=2025-03-15T06:33:58.305947+00:00
[2025-03-14T06:42:39.537+0000] {processor.py:179} INFO - Processing /opt/airflow/dags/pg_extract.py took 0.065 seconds
[2025-03-14T06:43:10.151+0000] {processor.py:157} INFO - Started process (PID=67778) to work on /opt/airflow/dags/pg_extract.py
[2025-03-14T06:43:10.151+0000] {processor.py:829} INFO - Processing file /opt/airflow/dags/pg_extract.py for tasks to queue
[2025-03-14T06:43:10.152+0000] {logging_mixin.py:154} INFO - [2025-03-14T06:43:10.151+0000] {dagbag.py:536} INFO - Filling up the DagBag from /opt/airflow/dags/pg_extract.py
[2025-03-14T06:43:10.158+0000] {processor.py:839} INFO - DAG(s) dict_keys(['pg_extract']) retrieved from /opt/airflow/dags/pg_extract.py
[2025-03-14T06:43:10.175+0000] {logging_mixin.py:154} INFO - [2025-03-14T06:43:10.175+0000] {dag.py:2941} INFO - Sync 1 DAGs
[2025-03-14T06:43:10.191+0000] {logging_mixin.py:154} INFO - [2025-03-14T06:43:10.190+0000] {dag.py:3722} INFO - Setting next_dagrun for pg_extract to 2025-03-14T06:33:58.305947+00:00, run_after=2025-03-15T06:33:58.305947+00:00
[2025-03-14T06:43:10.206+0000] {processor.py:179} INFO - Processing /opt/airflow/dags/pg_extract.py took 0.059 seconds
[2025-03-14T06:43:40.729+0000] {processor.py:157} INFO - Started process (PID=67825) to work on /opt/airflow/dags/pg_extract.py
[2025-03-14T06:43:40.729+0000] {processor.py:829} INFO - Processing file /opt/airflow/dags/pg_extract.py for tasks to queue
[2025-03-14T06:43:40.730+0000] {logging_mixin.py:154} INFO - [2025-03-14T06:43:40.730+0000] {dagbag.py:536} INFO - Filling up the DagBag from /opt/airflow/dags/pg_extract.py
[2025-03-14T06:43:40.736+0000] {processor.py:839} INFO - DAG(s) dict_keys(['pg_extract']) retrieved from /opt/airflow/dags/pg_extract.py
[2025-03-14T06:43:40.755+0000] {logging_mixin.py:154} INFO - [2025-03-14T06:43:40.755+0000] {dag.py:2941} INFO - Sync 1 DAGs
[2025-03-14T06:43:40.770+0000] {logging_mixin.py:154} INFO - [2025-03-14T06:43:40.769+0000] {dag.py:3722} INFO - Setting next_dagrun for pg_extract to 2025-03-14T06:33:58.305947+00:00, run_after=2025-03-15T06:33:58.305947+00:00
[2025-03-14T06:43:40.784+0000] {processor.py:179} INFO - Processing /opt/airflow/dags/pg_extract.py took 0.058 seconds
[2025-03-14T06:44:11.361+0000] {processor.py:157} INFO - Started process (PID=67872) to work on /opt/airflow/dags/pg_extract.py
[2025-03-14T06:44:11.361+0000] {processor.py:829} INFO - Processing file /opt/airflow/dags/pg_extract.py for tasks to queue
[2025-03-14T06:44:11.362+0000] {logging_mixin.py:154} INFO - [2025-03-14T06:44:11.362+0000] {dagbag.py:536} INFO - Filling up the DagBag from /opt/airflow/dags/pg_extract.py
[2025-03-14T06:44:11.369+0000] {processor.py:839} INFO - DAG(s) dict_keys(['pg_extract']) retrieved from /opt/airflow/dags/pg_extract.py
[2025-03-14T06:44:11.392+0000] {logging_mixin.py:154} INFO - [2025-03-14T06:44:11.392+0000] {dag.py:2941} INFO - Sync 1 DAGs
[2025-03-14T06:44:11.407+0000] {logging_mixin.py:154} INFO - [2025-03-14T06:44:11.407+0000] {dag.py:3722} INFO - Setting next_dagrun for pg_extract to 2025-03-14T06:33:58.305947+00:00, run_after=2025-03-15T06:33:58.305947+00:00
[2025-03-14T06:44:11.421+0000] {processor.py:179} INFO - Processing /opt/airflow/dags/pg_extract.py took 0.066 seconds
[2025-03-14T06:44:42.007+0000] {processor.py:157} INFO - Started process (PID=67920) to work on /opt/airflow/dags/pg_extract.py
[2025-03-14T06:44:42.015+0000] {processor.py:829} INFO - Processing file /opt/airflow/dags/pg_extract.py for tasks to queue
[2025-03-14T06:44:42.015+0000] {logging_mixin.py:154} INFO - [2025-03-14T06:44:42.015+0000] {dagbag.py:536} INFO - Filling up the DagBag from /opt/airflow/dags/pg_extract.py
[2025-03-14T06:44:42.026+0000] {processor.py:839} INFO - DAG(s) dict_keys(['pg_extract']) retrieved from /opt/airflow/dags/pg_extract.py
[2025-03-14T06:44:42.052+0000] {logging_mixin.py:154} INFO - [2025-03-14T06:44:42.052+0000] {dag.py:2941} INFO - Sync 1 DAGs
[2025-03-14T06:44:42.067+0000] {logging_mixin.py:154} INFO - [2025-03-14T06:44:42.067+0000] {dag.py:3722} INFO - Setting next_dagrun for pg_extract to 2025-03-14T06:33:58.305947+00:00, run_after=2025-03-15T06:33:58.305947+00:00
[2025-03-14T06:44:42.083+0000] {processor.py:179} INFO - Processing /opt/airflow/dags/pg_extract.py took 0.078 seconds
[2025-03-14T06:45:12.590+0000] {processor.py:157} INFO - Started process (PID=67967) to work on /opt/airflow/dags/pg_extract.py
[2025-03-14T06:45:12.591+0000] {processor.py:829} INFO - Processing file /opt/airflow/dags/pg_extract.py for tasks to queue
[2025-03-14T06:45:12.592+0000] {logging_mixin.py:154} INFO - [2025-03-14T06:45:12.591+0000] {dagbag.py:536} INFO - Filling up the DagBag from /opt/airflow/dags/pg_extract.py
[2025-03-14T06:45:12.599+0000] {processor.py:839} INFO - DAG(s) dict_keys(['pg_extract']) retrieved from /opt/airflow/dags/pg_extract.py
[2025-03-14T06:45:12.623+0000] {logging_mixin.py:154} INFO - [2025-03-14T06:45:12.622+0000] {dag.py:2941} INFO - Sync 1 DAGs
[2025-03-14T06:45:12.641+0000] {logging_mixin.py:154} INFO - [2025-03-14T06:45:12.640+0000] {dag.py:3722} INFO - Setting next_dagrun for pg_extract to 2025-03-14T06:33:58.305947+00:00, run_after=2025-03-15T06:33:58.305947+00:00
[2025-03-14T06:45:12.659+0000] {processor.py:179} INFO - Processing /opt/airflow/dags/pg_extract.py took 0.071 seconds
[2025-03-14T06:45:43.160+0000] {processor.py:157} INFO - Started process (PID=68014) to work on /opt/airflow/dags/pg_extract.py
[2025-03-14T06:45:43.168+0000] {processor.py:829} INFO - Processing file /opt/airflow/dags/pg_extract.py for tasks to queue
[2025-03-14T06:45:43.168+0000] {logging_mixin.py:154} INFO - [2025-03-14T06:45:43.168+0000] {dagbag.py:536} INFO - Filling up the DagBag from /opt/airflow/dags/pg_extract.py
[2025-03-14T06:45:43.174+0000] {processor.py:839} INFO - DAG(s) dict_keys(['pg_extract']) retrieved from /opt/airflow/dags/pg_extract.py
[2025-03-14T06:45:43.199+0000] {logging_mixin.py:154} INFO - [2025-03-14T06:45:43.199+0000] {dag.py:2941} INFO - Sync 1 DAGs
[2025-03-14T06:45:43.217+0000] {logging_mixin.py:154} INFO - [2025-03-14T06:45:43.217+0000] {dag.py:3722} INFO - Setting next_dagrun for pg_extract to 2025-03-14T06:33:58.305947+00:00, run_after=2025-03-15T06:33:58.305947+00:00
[2025-03-14T06:45:43.234+0000] {processor.py:179} INFO - Processing /opt/airflow/dags/pg_extract.py took 0.077 seconds
[2025-03-14T06:46:13.836+0000] {processor.py:157} INFO - Started process (PID=68061) to work on /opt/airflow/dags/pg_extract.py
[2025-03-14T06:46:13.837+0000] {processor.py:829} INFO - Processing file /opt/airflow/dags/pg_extract.py for tasks to queue
[2025-03-14T06:46:13.838+0000] {logging_mixin.py:154} INFO - [2025-03-14T06:46:13.838+0000] {dagbag.py:536} INFO - Filling up the DagBag from /opt/airflow/dags/pg_extract.py
[2025-03-14T06:46:13.845+0000] {processor.py:839} INFO - DAG(s) dict_keys(['pg_extract']) retrieved from /opt/airflow/dags/pg_extract.py
[2025-03-14T06:46:13.869+0000] {logging_mixin.py:154} INFO - [2025-03-14T06:46:13.868+0000] {dag.py:2941} INFO - Sync 1 DAGs
[2025-03-14T06:46:13.882+0000] {logging_mixin.py:154} INFO - [2025-03-14T06:46:13.882+0000] {dag.py:3722} INFO - Setting next_dagrun for pg_extract to 2025-03-14T06:33:58.305947+00:00, run_after=2025-03-15T06:33:58.305947+00:00
[2025-03-14T06:46:13.896+0000] {processor.py:179} INFO - Processing /opt/airflow/dags/pg_extract.py took 0.063 seconds
[2025-03-14T06:46:44.494+0000] {processor.py:157} INFO - Started process (PID=68107) to work on /opt/airflow/dags/pg_extract.py
[2025-03-14T06:46:44.504+0000] {processor.py:829} INFO - Processing file /opt/airflow/dags/pg_extract.py for tasks to queue
[2025-03-14T06:46:44.505+0000] {logging_mixin.py:154} INFO - [2025-03-14T06:46:44.505+0000] {dagbag.py:536} INFO - Filling up the DagBag from /opt/airflow/dags/pg_extract.py
[2025-03-14T06:46:44.518+0000] {processor.py:839} INFO - DAG(s) dict_keys(['pg_extract']) retrieved from /opt/airflow/dags/pg_extract.py
[2025-03-14T06:46:44.540+0000] {logging_mixin.py:154} INFO - [2025-03-14T06:46:44.540+0000] {dag.py:2941} INFO - Sync 1 DAGs
[2025-03-14T06:46:44.555+0000] {logging_mixin.py:154} INFO - [2025-03-14T06:46:44.555+0000] {dag.py:3722} INFO - Setting next_dagrun for pg_extract to 2025-03-14T06:33:58.305947+00:00, run_after=2025-03-15T06:33:58.305947+00:00
[2025-03-14T06:46:44.572+0000] {processor.py:179} INFO - Processing /opt/airflow/dags/pg_extract.py took 0.081 seconds
[2025-03-14T06:47:15.079+0000] {processor.py:157} INFO - Started process (PID=68155) to work on /opt/airflow/dags/pg_extract.py
[2025-03-14T06:47:15.079+0000] {processor.py:829} INFO - Processing file /opt/airflow/dags/pg_extract.py for tasks to queue
[2025-03-14T06:47:15.080+0000] {logging_mixin.py:154} INFO - [2025-03-14T06:47:15.080+0000] {dagbag.py:536} INFO - Filling up the DagBag from /opt/airflow/dags/pg_extract.py
[2025-03-14T06:47:15.087+0000] {processor.py:839} INFO - DAG(s) dict_keys(['pg_extract']) retrieved from /opt/airflow/dags/pg_extract.py
[2025-03-14T06:47:15.113+0000] {logging_mixin.py:154} INFO - [2025-03-14T06:47:15.112+0000] {dag.py:2941} INFO - Sync 1 DAGs
[2025-03-14T06:47:15.127+0000] {logging_mixin.py:154} INFO - [2025-03-14T06:47:15.127+0000] {dag.py:3722} INFO - Setting next_dagrun for pg_extract to 2025-03-14T06:33:58.305947+00:00, run_after=2025-03-15T06:33:58.305947+00:00
[2025-03-14T06:47:15.144+0000] {processor.py:179} INFO - Processing /opt/airflow/dags/pg_extract.py took 0.068 seconds
[2025-03-14T06:47:45.659+0000] {processor.py:157} INFO - Started process (PID=68202) to work on /opt/airflow/dags/pg_extract.py
[2025-03-14T06:47:45.664+0000] {processor.py:829} INFO - Processing file /opt/airflow/dags/pg_extract.py for tasks to queue
[2025-03-14T06:47:45.665+0000] {logging_mixin.py:154} INFO - [2025-03-14T06:47:45.665+0000] {dagbag.py:536} INFO - Filling up the DagBag from /opt/airflow/dags/pg_extract.py
[2025-03-14T06:47:45.673+0000] {processor.py:839} INFO - DAG(s) dict_keys(['pg_extract']) retrieved from /opt/airflow/dags/pg_extract.py
[2025-03-14T06:47:45.693+0000] {logging_mixin.py:154} INFO - [2025-03-14T06:47:45.692+0000] {dag.py:2941} INFO - Sync 1 DAGs
[2025-03-14T06:47:45.707+0000] {logging_mixin.py:154} INFO - [2025-03-14T06:47:45.707+0000] {dag.py:3722} INFO - Setting next_dagrun for pg_extract to 2025-03-14T06:33:58.305947+00:00, run_after=2025-03-15T06:33:58.305947+00:00
[2025-03-14T06:47:45.721+0000] {processor.py:179} INFO - Processing /opt/airflow/dags/pg_extract.py took 0.066 seconds
[2025-03-14T06:48:16.285+0000] {processor.py:157} INFO - Started process (PID=68249) to work on /opt/airflow/dags/pg_extract.py
[2025-03-14T06:48:16.285+0000] {processor.py:829} INFO - Processing file /opt/airflow/dags/pg_extract.py for tasks to queue
[2025-03-14T06:48:16.285+0000] {logging_mixin.py:154} INFO - [2025-03-14T06:48:16.285+0000] {dagbag.py:536} INFO - Filling up the DagBag from /opt/airflow/dags/pg_extract.py
[2025-03-14T06:48:16.291+0000] {processor.py:839} INFO - DAG(s) dict_keys(['pg_extract']) retrieved from /opt/airflow/dags/pg_extract.py
[2025-03-14T06:48:16.308+0000] {logging_mixin.py:154} INFO - [2025-03-14T06:48:16.308+0000] {dag.py:2941} INFO - Sync 1 DAGs
[2025-03-14T06:48:16.321+0000] {logging_mixin.py:154} INFO - [2025-03-14T06:48:16.321+0000] {dag.py:3722} INFO - Setting next_dagrun for pg_extract to 2025-03-14T06:33:58.305947+00:00, run_after=2025-03-15T06:33:58.305947+00:00
[2025-03-14T06:48:16.338+0000] {processor.py:179} INFO - Processing /opt/airflow/dags/pg_extract.py took 0.056 seconds
[2025-03-14T06:48:46.845+0000] {processor.py:157} INFO - Started process (PID=68297) to work on /opt/airflow/dags/pg_extract.py
[2025-03-14T06:48:46.850+0000] {processor.py:829} INFO - Processing file /opt/airflow/dags/pg_extract.py for tasks to queue
[2025-03-14T06:48:46.852+0000] {logging_mixin.py:154} INFO - [2025-03-14T06:48:46.851+0000] {dagbag.py:536} INFO - Filling up the DagBag from /opt/airflow/dags/pg_extract.py
[2025-03-14T06:48:46.864+0000] {processor.py:839} INFO - DAG(s) dict_keys(['pg_extract']) retrieved from /opt/airflow/dags/pg_extract.py
[2025-03-14T06:48:46.884+0000] {logging_mixin.py:154} INFO - [2025-03-14T06:48:46.884+0000] {dag.py:2941} INFO - Sync 1 DAGs
[2025-03-14T06:48:46.899+0000] {logging_mixin.py:154} INFO - [2025-03-14T06:48:46.899+0000] {dag.py:3722} INFO - Setting next_dagrun for pg_extract to 2025-03-14T06:33:58.305947+00:00, run_after=2025-03-15T06:33:58.305947+00:00
[2025-03-14T06:48:46.918+0000] {processor.py:179} INFO - Processing /opt/airflow/dags/pg_extract.py took 0.078 seconds
[2025-03-14T06:49:17.486+0000] {processor.py:157} INFO - Started process (PID=68344) to work on /opt/airflow/dags/pg_extract.py
[2025-03-14T06:49:17.487+0000] {processor.py:829} INFO - Processing file /opt/airflow/dags/pg_extract.py for tasks to queue
[2025-03-14T06:49:17.488+0000] {logging_mixin.py:154} INFO - [2025-03-14T06:49:17.488+0000] {dagbag.py:536} INFO - Filling up the DagBag from /opt/airflow/dags/pg_extract.py
[2025-03-14T06:49:17.494+0000] {processor.py:839} INFO - DAG(s) dict_keys(['pg_extract']) retrieved from /opt/airflow/dags/pg_extract.py
[2025-03-14T06:49:17.518+0000] {logging_mixin.py:154} INFO - [2025-03-14T06:49:17.518+0000] {dag.py:2941} INFO - Sync 1 DAGs
[2025-03-14T06:49:17.538+0000] {logging_mixin.py:154} INFO - [2025-03-14T06:49:17.538+0000] {dag.py:3722} INFO - Setting next_dagrun for pg_extract to 2025-03-14T06:33:58.305947+00:00, run_after=2025-03-15T06:33:58.305947+00:00
[2025-03-14T06:49:17.562+0000] {processor.py:179} INFO - Processing /opt/airflow/dags/pg_extract.py took 0.081 seconds
[2025-03-14T06:49:48.038+0000] {processor.py:157} INFO - Started process (PID=68391) to work on /opt/airflow/dags/pg_extract.py
[2025-03-14T06:49:48.045+0000] {processor.py:829} INFO - Processing file /opt/airflow/dags/pg_extract.py for tasks to queue
[2025-03-14T06:49:48.046+0000] {logging_mixin.py:154} INFO - [2025-03-14T06:49:48.046+0000] {dagbag.py:536} INFO - Filling up the DagBag from /opt/airflow/dags/pg_extract.py
[2025-03-14T06:49:48.058+0000] {processor.py:839} INFO - DAG(s) dict_keys(['pg_extract']) retrieved from /opt/airflow/dags/pg_extract.py
[2025-03-14T06:49:48.085+0000] {logging_mixin.py:154} INFO - [2025-03-14T06:49:48.084+0000] {dag.py:2941} INFO - Sync 1 DAGs
[2025-03-14T06:49:48.100+0000] {logging_mixin.py:154} INFO - [2025-03-14T06:49:48.099+0000] {dag.py:3722} INFO - Setting next_dagrun for pg_extract to 2025-03-14T06:33:58.305947+00:00, run_after=2025-03-15T06:33:58.305947+00:00
[2025-03-14T06:49:48.114+0000] {processor.py:179} INFO - Processing /opt/airflow/dags/pg_extract.py took 0.078 seconds
[2025-03-14T06:50:18.680+0000] {processor.py:157} INFO - Started process (PID=68438) to work on /opt/airflow/dags/pg_extract.py
[2025-03-14T06:50:18.680+0000] {processor.py:829} INFO - Processing file /opt/airflow/dags/pg_extract.py for tasks to queue
[2025-03-14T06:50:18.681+0000] {logging_mixin.py:154} INFO - [2025-03-14T06:50:18.680+0000] {dagbag.py:536} INFO - Filling up the DagBag from /opt/airflow/dags/pg_extract.py
[2025-03-14T06:50:18.686+0000] {processor.py:839} INFO - DAG(s) dict_keys(['pg_extract']) retrieved from /opt/airflow/dags/pg_extract.py
[2025-03-14T06:50:18.709+0000] {logging_mixin.py:154} INFO - [2025-03-14T06:50:18.708+0000] {dag.py:2941} INFO - Sync 1 DAGs
[2025-03-14T06:50:18.722+0000] {logging_mixin.py:154} INFO - [2025-03-14T06:50:18.722+0000] {dag.py:3722} INFO - Setting next_dagrun for pg_extract to 2025-03-14T06:33:58.305947+00:00, run_after=2025-03-15T06:33:58.305947+00:00
[2025-03-14T06:50:18.736+0000] {processor.py:179} INFO - Processing /opt/airflow/dags/pg_extract.py took 0.060 seconds
[2025-03-14T06:50:49.271+0000] {processor.py:157} INFO - Started process (PID=68485) to work on /opt/airflow/dags/pg_extract.py
[2025-03-14T06:50:49.272+0000] {processor.py:829} INFO - Processing file /opt/airflow/dags/pg_extract.py for tasks to queue
[2025-03-14T06:50:49.273+0000] {logging_mixin.py:154} INFO - [2025-03-14T06:50:49.273+0000] {dagbag.py:536} INFO - Filling up the DagBag from /opt/airflow/dags/pg_extract.py
[2025-03-14T06:50:49.283+0000] {processor.py:839} INFO - DAG(s) dict_keys(['pg_extract']) retrieved from /opt/airflow/dags/pg_extract.py
[2025-03-14T06:50:49.304+0000] {logging_mixin.py:154} INFO - [2025-03-14T06:50:49.304+0000] {dag.py:2941} INFO - Sync 1 DAGs
[2025-03-14T06:50:49.319+0000] {logging_mixin.py:154} INFO - [2025-03-14T06:50:49.319+0000] {dag.py:3722} INFO - Setting next_dagrun for pg_extract to 2025-03-14T06:33:58.305947+00:00, run_after=2025-03-15T06:33:58.305947+00:00
[2025-03-14T06:50:49.342+0000] {processor.py:179} INFO - Processing /opt/airflow/dags/pg_extract.py took 0.075 seconds
[2025-03-14T06:51:19.853+0000] {processor.py:157} INFO - Started process (PID=68532) to work on /opt/airflow/dags/pg_extract.py
[2025-03-14T06:51:19.853+0000] {processor.py:829} INFO - Processing file /opt/airflow/dags/pg_extract.py for tasks to queue
[2025-03-14T06:51:19.854+0000] {logging_mixin.py:154} INFO - [2025-03-14T06:51:19.854+0000] {dagbag.py:536} INFO - Filling up the DagBag from /opt/airflow/dags/pg_extract.py
[2025-03-14T06:51:19.862+0000] {processor.py:839} INFO - DAG(s) dict_keys(['pg_extract']) retrieved from /opt/airflow/dags/pg_extract.py
[2025-03-14T06:51:19.880+0000] {logging_mixin.py:154} INFO - [2025-03-14T06:51:19.880+0000] {dag.py:2941} INFO - Sync 1 DAGs
[2025-03-14T06:51:19.895+0000] {logging_mixin.py:154} INFO - [2025-03-14T06:51:19.895+0000] {dag.py:3722} INFO - Setting next_dagrun for pg_extract to 2025-03-14T06:33:58.305947+00:00, run_after=2025-03-15T06:33:58.305947+00:00
[2025-03-14T06:51:19.911+0000] {processor.py:179} INFO - Processing /opt/airflow/dags/pg_extract.py took 0.060 seconds
[2025-03-14T06:51:50.401+0000] {processor.py:157} INFO - Started process (PID=68579) to work on /opt/airflow/dags/pg_extract.py
[2025-03-14T06:51:50.402+0000] {processor.py:829} INFO - Processing file /opt/airflow/dags/pg_extract.py for tasks to queue
[2025-03-14T06:51:50.403+0000] {logging_mixin.py:154} INFO - [2025-03-14T06:51:50.403+0000] {dagbag.py:536} INFO - Filling up the DagBag from /opt/airflow/dags/pg_extract.py
[2025-03-14T06:51:50.410+0000] {processor.py:839} INFO - DAG(s) dict_keys(['pg_extract']) retrieved from /opt/airflow/dags/pg_extract.py
[2025-03-14T06:51:50.430+0000] {logging_mixin.py:154} INFO - [2025-03-14T06:51:50.430+0000] {dag.py:2941} INFO - Sync 1 DAGs
[2025-03-14T06:51:50.445+0000] {logging_mixin.py:154} INFO - [2025-03-14T06:51:50.445+0000] {dag.py:3722} INFO - Setting next_dagrun for pg_extract to 2025-03-14T06:33:58.305947+00:00, run_after=2025-03-15T06:33:58.305947+00:00
[2025-03-14T06:51:50.461+0000] {processor.py:179} INFO - Processing /opt/airflow/dags/pg_extract.py took 0.065 seconds
[2025-03-14T06:52:21.058+0000] {processor.py:157} INFO - Started process (PID=68626) to work on /opt/airflow/dags/pg_extract.py
[2025-03-14T06:52:21.058+0000] {processor.py:829} INFO - Processing file /opt/airflow/dags/pg_extract.py for tasks to queue
[2025-03-14T06:52:21.059+0000] {logging_mixin.py:154} INFO - [2025-03-14T06:52:21.059+0000] {dagbag.py:536} INFO - Filling up the DagBag from /opt/airflow/dags/pg_extract.py
[2025-03-14T06:52:21.068+0000] {processor.py:839} INFO - DAG(s) dict_keys(['pg_extract']) retrieved from /opt/airflow/dags/pg_extract.py
[2025-03-14T06:52:21.091+0000] {logging_mixin.py:154} INFO - [2025-03-14T06:52:21.091+0000] {dag.py:2941} INFO - Sync 1 DAGs
[2025-03-14T06:52:21.108+0000] {logging_mixin.py:154} INFO - [2025-03-14T06:52:21.108+0000] {dag.py:3722} INFO - Setting next_dagrun for pg_extract to 2025-03-14T06:33:58.305947+00:00, run_after=2025-03-15T06:33:58.305947+00:00
[2025-03-14T06:52:21.133+0000] {processor.py:179} INFO - Processing /opt/airflow/dags/pg_extract.py took 0.077 seconds
[2025-03-14T06:52:51.628+0000] {processor.py:157} INFO - Started process (PID=68680) to work on /opt/airflow/dags/pg_extract.py
[2025-03-14T06:52:51.630+0000] {processor.py:829} INFO - Processing file /opt/airflow/dags/pg_extract.py for tasks to queue
[2025-03-14T06:52:51.632+0000] {logging_mixin.py:154} INFO - [2025-03-14T06:52:51.631+0000] {dagbag.py:536} INFO - Filling up the DagBag from /opt/airflow/dags/pg_extract.py
[2025-03-14T06:52:51.643+0000] {processor.py:839} INFO - DAG(s) dict_keys(['pg_extract']) retrieved from /opt/airflow/dags/pg_extract.py
[2025-03-14T06:52:51.667+0000] {logging_mixin.py:154} INFO - [2025-03-14T06:52:51.667+0000] {dag.py:2941} INFO - Sync 1 DAGs
[2025-03-14T06:52:51.684+0000] {logging_mixin.py:154} INFO - [2025-03-14T06:52:51.684+0000] {dag.py:3722} INFO - Setting next_dagrun for pg_extract to 2025-03-14T06:33:58.305947+00:00, run_after=2025-03-15T06:33:58.305947+00:00
[2025-03-14T06:52:51.700+0000] {processor.py:179} INFO - Processing /opt/airflow/dags/pg_extract.py took 0.075 seconds
[2025-03-14T06:53:22.326+0000] {processor.py:157} INFO - Started process (PID=68727) to work on /opt/airflow/dags/pg_extract.py
[2025-03-14T06:53:22.327+0000] {processor.py:829} INFO - Processing file /opt/airflow/dags/pg_extract.py for tasks to queue
[2025-03-14T06:53:22.327+0000] {logging_mixin.py:154} INFO - [2025-03-14T06:53:22.327+0000] {dagbag.py:536} INFO - Filling up the DagBag from /opt/airflow/dags/pg_extract.py
[2025-03-14T06:53:22.334+0000] {processor.py:839} INFO - DAG(s) dict_keys(['pg_extract']) retrieved from /opt/airflow/dags/pg_extract.py
[2025-03-14T06:53:22.352+0000] {logging_mixin.py:154} INFO - [2025-03-14T06:53:22.351+0000] {dag.py:2941} INFO - Sync 1 DAGs
[2025-03-14T06:53:22.367+0000] {logging_mixin.py:154} INFO - [2025-03-14T06:53:22.367+0000] {dag.py:3722} INFO - Setting next_dagrun for pg_extract to 2025-03-14T06:33:58.305947+00:00, run_after=2025-03-15T06:33:58.305947+00:00
[2025-03-14T06:53:22.381+0000] {processor.py:179} INFO - Processing /opt/airflow/dags/pg_extract.py took 0.060 seconds
[2025-03-14T06:53:53.017+0000] {processor.py:157} INFO - Started process (PID=68774) to work on /opt/airflow/dags/pg_extract.py
[2025-03-14T06:53:53.023+0000] {processor.py:829} INFO - Processing file /opt/airflow/dags/pg_extract.py for tasks to queue
[2025-03-14T06:53:53.024+0000] {logging_mixin.py:154} INFO - [2025-03-14T06:53:53.024+0000] {dagbag.py:536} INFO - Filling up the DagBag from /opt/airflow/dags/pg_extract.py
[2025-03-14T06:53:53.033+0000] {processor.py:839} INFO - DAG(s) dict_keys(['pg_extract']) retrieved from /opt/airflow/dags/pg_extract.py
[2025-03-14T06:53:53.060+0000] {logging_mixin.py:154} INFO - [2025-03-14T06:53:53.060+0000] {dag.py:2941} INFO - Sync 1 DAGs
[2025-03-14T06:53:53.080+0000] {logging_mixin.py:154} INFO - [2025-03-14T06:53:53.080+0000] {dag.py:3722} INFO - Setting next_dagrun for pg_extract to 2025-03-14T06:33:58.305947+00:00, run_after=2025-03-15T06:33:58.305947+00:00
[2025-03-14T06:53:53.095+0000] {processor.py:179} INFO - Processing /opt/airflow/dags/pg_extract.py took 0.081 seconds
[2025-03-14T06:54:23.638+0000] {processor.py:157} INFO - Started process (PID=68821) to work on /opt/airflow/dags/pg_extract.py
[2025-03-14T06:54:23.638+0000] {processor.py:829} INFO - Processing file /opt/airflow/dags/pg_extract.py for tasks to queue
[2025-03-14T06:54:23.639+0000] {logging_mixin.py:154} INFO - [2025-03-14T06:54:23.639+0000] {dagbag.py:536} INFO - Filling up the DagBag from /opt/airflow/dags/pg_extract.py
[2025-03-14T06:54:23.645+0000] {processor.py:839} INFO - DAG(s) dict_keys(['pg_extract']) retrieved from /opt/airflow/dags/pg_extract.py
[2025-03-14T06:54:23.667+0000] {logging_mixin.py:154} INFO - [2025-03-14T06:54:23.666+0000] {dag.py:2941} INFO - Sync 1 DAGs
[2025-03-14T06:54:23.685+0000] {logging_mixin.py:154} INFO - [2025-03-14T06:54:23.684+0000] {dag.py:3722} INFO - Setting next_dagrun for pg_extract to 2025-03-14T06:33:58.305947+00:00, run_after=2025-03-15T06:33:58.305947+00:00
[2025-03-14T06:54:23.702+0000] {processor.py:179} INFO - Processing /opt/airflow/dags/pg_extract.py took 0.067 seconds
[2025-03-14T06:54:54.288+0000] {processor.py:157} INFO - Started process (PID=68868) to work on /opt/airflow/dags/pg_extract.py
[2025-03-14T06:54:54.295+0000] {processor.py:829} INFO - Processing file /opt/airflow/dags/pg_extract.py for tasks to queue
[2025-03-14T06:54:54.296+0000] {logging_mixin.py:154} INFO - [2025-03-14T06:54:54.296+0000] {dagbag.py:536} INFO - Filling up the DagBag from /opt/airflow/dags/pg_extract.py
[2025-03-14T06:54:54.305+0000] {processor.py:839} INFO - DAG(s) dict_keys(['pg_extract']) retrieved from /opt/airflow/dags/pg_extract.py
[2025-03-14T06:54:54.329+0000] {logging_mixin.py:154} INFO - [2025-03-14T06:54:54.329+0000] {dag.py:2941} INFO - Sync 1 DAGs
[2025-03-14T06:54:54.359+0000] {logging_mixin.py:154} INFO - [2025-03-14T06:54:54.359+0000] {dag.py:3722} INFO - Setting next_dagrun for pg_extract to 2025-03-14T06:33:58.305947+00:00, run_after=2025-03-15T06:33:58.305947+00:00
[2025-03-14T06:54:54.374+0000] {processor.py:179} INFO - Processing /opt/airflow/dags/pg_extract.py took 0.089 seconds
[2025-03-14T06:55:24.897+0000] {processor.py:157} INFO - Started process (PID=68915) to work on /opt/airflow/dags/pg_extract.py
[2025-03-14T06:55:24.897+0000] {processor.py:829} INFO - Processing file /opt/airflow/dags/pg_extract.py for tasks to queue
[2025-03-14T06:55:24.898+0000] {logging_mixin.py:154} INFO - [2025-03-14T06:55:24.898+0000] {dagbag.py:536} INFO - Filling up the DagBag from /opt/airflow/dags/pg_extract.py
[2025-03-14T06:55:24.904+0000] {processor.py:839} INFO - DAG(s) dict_keys(['pg_extract']) retrieved from /opt/airflow/dags/pg_extract.py
[2025-03-14T06:55:24.935+0000] {logging_mixin.py:154} INFO - [2025-03-14T06:55:24.935+0000] {dag.py:2941} INFO - Sync 1 DAGs
[2025-03-14T06:55:24.950+0000] {logging_mixin.py:154} INFO - [2025-03-14T06:55:24.950+0000] {dag.py:3722} INFO - Setting next_dagrun for pg_extract to 2025-03-14T06:33:58.305947+00:00, run_after=2025-03-15T06:33:58.305947+00:00
[2025-03-14T06:55:24.965+0000] {processor.py:179} INFO - Processing /opt/airflow/dags/pg_extract.py took 0.071 seconds
[2025-03-14T06:55:55.655+0000] {processor.py:157} INFO - Started process (PID=68962) to work on /opt/airflow/dags/pg_extract.py
[2025-03-14T06:55:55.657+0000] {processor.py:829} INFO - Processing file /opt/airflow/dags/pg_extract.py for tasks to queue
[2025-03-14T06:55:55.659+0000] {logging_mixin.py:154} INFO - [2025-03-14T06:55:55.658+0000] {dagbag.py:536} INFO - Filling up the DagBag from /opt/airflow/dags/pg_extract.py
[2025-03-14T06:55:55.668+0000] {processor.py:839} INFO - DAG(s) dict_keys(['pg_extract']) retrieved from /opt/airflow/dags/pg_extract.py
[2025-03-14T06:55:55.705+0000] {logging_mixin.py:154} INFO - [2025-03-14T06:55:55.705+0000] {dag.py:2941} INFO - Sync 1 DAGs
[2025-03-14T06:55:55.720+0000] {logging_mixin.py:154} INFO - [2025-03-14T06:55:55.720+0000] {dag.py:3722} INFO - Setting next_dagrun for pg_extract to 2025-03-14T06:33:58.305947+00:00, run_after=2025-03-15T06:33:58.305947+00:00
[2025-03-14T06:55:55.736+0000] {processor.py:179} INFO - Processing /opt/airflow/dags/pg_extract.py took 0.085 seconds
[2025-03-14T06:56:26.291+0000] {processor.py:157} INFO - Started process (PID=69009) to work on /opt/airflow/dags/pg_extract.py
[2025-03-14T06:56:26.292+0000] {processor.py:829} INFO - Processing file /opt/airflow/dags/pg_extract.py for tasks to queue
[2025-03-14T06:56:26.292+0000] {logging_mixin.py:154} INFO - [2025-03-14T06:56:26.292+0000] {dagbag.py:536} INFO - Filling up the DagBag from /opt/airflow/dags/pg_extract.py
[2025-03-14T06:56:26.298+0000] {processor.py:839} INFO - DAG(s) dict_keys(['pg_extract']) retrieved from /opt/airflow/dags/pg_extract.py
[2025-03-14T06:56:26.328+0000] {logging_mixin.py:154} INFO - [2025-03-14T06:56:26.328+0000] {dag.py:2941} INFO - Sync 1 DAGs
[2025-03-14T06:56:26.356+0000] {logging_mixin.py:154} INFO - [2025-03-14T06:56:26.356+0000] {dag.py:3722} INFO - Setting next_dagrun for pg_extract to 2025-03-14T06:33:58.305947+00:00, run_after=2025-03-15T06:33:58.305947+00:00
[2025-03-14T06:56:26.377+0000] {processor.py:179} INFO - Processing /opt/airflow/dags/pg_extract.py took 0.089 seconds
[2025-03-14T06:56:56.895+0000] {processor.py:157} INFO - Started process (PID=69056) to work on /opt/airflow/dags/pg_extract.py
[2025-03-14T06:56:56.898+0000] {processor.py:829} INFO - Processing file /opt/airflow/dags/pg_extract.py for tasks to queue
[2025-03-14T06:56:56.900+0000] {logging_mixin.py:154} INFO - [2025-03-14T06:56:56.899+0000] {dagbag.py:536} INFO - Filling up the DagBag from /opt/airflow/dags/pg_extract.py
[2025-03-14T06:56:56.909+0000] {processor.py:839} INFO - DAG(s) dict_keys(['pg_extract']) retrieved from /opt/airflow/dags/pg_extract.py
[2025-03-14T06:56:56.937+0000] {logging_mixin.py:154} INFO - [2025-03-14T06:56:56.937+0000] {dag.py:2941} INFO - Sync 1 DAGs
[2025-03-14T06:56:56.954+0000] {logging_mixin.py:154} INFO - [2025-03-14T06:56:56.954+0000] {dag.py:3722} INFO - Setting next_dagrun for pg_extract to 2025-03-14T06:33:58.305947+00:00, run_after=2025-03-15T06:33:58.305947+00:00
[2025-03-14T06:56:56.967+0000] {processor.py:179} INFO - Processing /opt/airflow/dags/pg_extract.py took 0.077 seconds
[2025-03-14T06:57:27.511+0000] {processor.py:157} INFO - Started process (PID=69103) to work on /opt/airflow/dags/pg_extract.py
[2025-03-14T06:57:27.512+0000] {processor.py:829} INFO - Processing file /opt/airflow/dags/pg_extract.py for tasks to queue
[2025-03-14T06:57:27.512+0000] {logging_mixin.py:154} INFO - [2025-03-14T06:57:27.512+0000] {dagbag.py:536} INFO - Filling up the DagBag from /opt/airflow/dags/pg_extract.py
[2025-03-14T06:57:27.519+0000] {processor.py:839} INFO - DAG(s) dict_keys(['pg_extract']) retrieved from /opt/airflow/dags/pg_extract.py
[2025-03-14T06:57:27.539+0000] {logging_mixin.py:154} INFO - [2025-03-14T06:57:27.539+0000] {dag.py:2941} INFO - Sync 1 DAGs
[2025-03-14T06:57:27.561+0000] {logging_mixin.py:154} INFO - [2025-03-14T06:57:27.561+0000] {dag.py:3722} INFO - Setting next_dagrun for pg_extract to 2025-03-14T06:33:58.305947+00:00, run_after=2025-03-15T06:33:58.305947+00:00
[2025-03-14T06:57:27.574+0000] {processor.py:179} INFO - Processing /opt/airflow/dags/pg_extract.py took 0.065 seconds
[2025-03-14T06:57:58.079+0000] {processor.py:157} INFO - Started process (PID=69150) to work on /opt/airflow/dags/pg_extract.py
[2025-03-14T06:57:58.083+0000] {processor.py:829} INFO - Processing file /opt/airflow/dags/pg_extract.py for tasks to queue
[2025-03-14T06:57:58.084+0000] {logging_mixin.py:154} INFO - [2025-03-14T06:57:58.083+0000] {dagbag.py:536} INFO - Filling up the DagBag from /opt/airflow/dags/pg_extract.py
[2025-03-14T06:57:58.095+0000] {processor.py:839} INFO - DAG(s) dict_keys(['pg_extract']) retrieved from /opt/airflow/dags/pg_extract.py
[2025-03-14T06:57:58.116+0000] {logging_mixin.py:154} INFO - [2025-03-14T06:57:58.116+0000] {dag.py:2941} INFO - Sync 1 DAGs
[2025-03-14T06:57:58.132+0000] {logging_mixin.py:154} INFO - [2025-03-14T06:57:58.132+0000] {dag.py:3722} INFO - Setting next_dagrun for pg_extract to 2025-03-14T06:33:58.305947+00:00, run_after=2025-03-15T06:33:58.305947+00:00
[2025-03-14T06:57:58.147+0000] {processor.py:179} INFO - Processing /opt/airflow/dags/pg_extract.py took 0.073 seconds
[2025-03-14T06:58:28.746+0000] {processor.py:157} INFO - Started process (PID=69197) to work on /opt/airflow/dags/pg_extract.py
[2025-03-14T06:58:28.747+0000] {processor.py:829} INFO - Processing file /opt/airflow/dags/pg_extract.py for tasks to queue
[2025-03-14T06:58:28.747+0000] {logging_mixin.py:154} INFO - [2025-03-14T06:58:28.747+0000] {dagbag.py:536} INFO - Filling up the DagBag from /opt/airflow/dags/pg_extract.py
[2025-03-14T06:58:28.753+0000] {processor.py:839} INFO - DAG(s) dict_keys(['pg_extract']) retrieved from /opt/airflow/dags/pg_extract.py
[2025-03-14T06:58:28.777+0000] {logging_mixin.py:154} INFO - [2025-03-14T06:58:28.777+0000] {dag.py:2941} INFO - Sync 1 DAGs
[2025-03-14T06:58:28.801+0000] {logging_mixin.py:154} INFO - [2025-03-14T06:58:28.801+0000] {dag.py:3722} INFO - Setting next_dagrun for pg_extract to 2025-03-14T06:33:58.305947+00:00, run_after=2025-03-15T06:33:58.305947+00:00
[2025-03-14T06:58:28.817+0000] {processor.py:179} INFO - Processing /opt/airflow/dags/pg_extract.py took 0.074 seconds
[2025-03-14T06:58:59.345+0000] {processor.py:157} INFO - Started process (PID=69244) to work on /opt/airflow/dags/pg_extract.py
[2025-03-14T06:58:59.349+0000] {processor.py:829} INFO - Processing file /opt/airflow/dags/pg_extract.py for tasks to queue
[2025-03-14T06:58:59.351+0000] {logging_mixin.py:154} INFO - [2025-03-14T06:58:59.351+0000] {dagbag.py:536} INFO - Filling up the DagBag from /opt/airflow/dags/pg_extract.py
[2025-03-14T06:58:59.363+0000] {processor.py:839} INFO - DAG(s) dict_keys(['pg_extract']) retrieved from /opt/airflow/dags/pg_extract.py
[2025-03-14T06:58:59.385+0000] {logging_mixin.py:154} INFO - [2025-03-14T06:58:59.385+0000] {dag.py:2941} INFO - Sync 1 DAGs
[2025-03-14T06:58:59.409+0000] {logging_mixin.py:154} INFO - [2025-03-14T06:58:59.409+0000] {dag.py:3722} INFO - Setting next_dagrun for pg_extract to 2025-03-14T06:33:58.305947+00:00, run_after=2025-03-15T06:33:58.305947+00:00
[2025-03-14T06:58:59.429+0000] {processor.py:179} INFO - Processing /opt/airflow/dags/pg_extract.py took 0.087 seconds
[2025-03-14T06:59:29.956+0000] {processor.py:157} INFO - Started process (PID=69292) to work on /opt/airflow/dags/pg_extract.py
[2025-03-14T06:59:29.957+0000] {processor.py:829} INFO - Processing file /opt/airflow/dags/pg_extract.py for tasks to queue
[2025-03-14T06:59:29.957+0000] {logging_mixin.py:154} INFO - [2025-03-14T06:59:29.957+0000] {dagbag.py:536} INFO - Filling up the DagBag from /opt/airflow/dags/pg_extract.py
[2025-03-14T06:59:29.966+0000] {processor.py:839} INFO - DAG(s) dict_keys(['pg_extract']) retrieved from /opt/airflow/dags/pg_extract.py
[2025-03-14T06:59:29.997+0000] {logging_mixin.py:154} INFO - [2025-03-14T06:59:29.996+0000] {dag.py:2941} INFO - Sync 1 DAGs
[2025-03-14T06:59:30.026+0000] {logging_mixin.py:154} INFO - [2025-03-14T06:59:30.025+0000] {dag.py:3722} INFO - Setting next_dagrun for pg_extract to 2025-03-14T06:33:58.305947+00:00, run_after=2025-03-15T06:33:58.305947+00:00
[2025-03-14T06:59:30.042+0000] {processor.py:179} INFO - Processing /opt/airflow/dags/pg_extract.py took 0.088 seconds
[2025-03-14T07:00:00.590+0000] {processor.py:157} INFO - Started process (PID=69339) to work on /opt/airflow/dags/pg_extract.py
[2025-03-14T07:00:00.591+0000] {processor.py:829} INFO - Processing file /opt/airflow/dags/pg_extract.py for tasks to queue
[2025-03-14T07:00:00.592+0000] {logging_mixin.py:154} INFO - [2025-03-14T07:00:00.592+0000] {dagbag.py:536} INFO - Filling up the DagBag from /opt/airflow/dags/pg_extract.py
[2025-03-14T07:00:00.605+0000] {processor.py:839} INFO - DAG(s) dict_keys(['pg_extract']) retrieved from /opt/airflow/dags/pg_extract.py
[2025-03-14T07:00:00.635+0000] {logging_mixin.py:154} INFO - [2025-03-14T07:00:00.635+0000] {dag.py:2941} INFO - Sync 1 DAGs
[2025-03-14T07:00:00.652+0000] {logging_mixin.py:154} INFO - [2025-03-14T07:00:00.652+0000] {dag.py:3722} INFO - Setting next_dagrun for pg_extract to 2025-03-14T06:33:58.305947+00:00, run_after=2025-03-15T06:33:58.305947+00:00
[2025-03-14T07:00:00.668+0000] {processor.py:179} INFO - Processing /opt/airflow/dags/pg_extract.py took 0.083 seconds
[2025-03-14T07:00:31.178+0000] {processor.py:157} INFO - Started process (PID=69386) to work on /opt/airflow/dags/pg_extract.py
[2025-03-14T07:00:31.178+0000] {processor.py:829} INFO - Processing file /opt/airflow/dags/pg_extract.py for tasks to queue
[2025-03-14T07:00:31.179+0000] {logging_mixin.py:154} INFO - [2025-03-14T07:00:31.179+0000] {dagbag.py:536} INFO - Filling up the DagBag from /opt/airflow/dags/pg_extract.py
[2025-03-14T07:00:31.190+0000] {processor.py:839} INFO - DAG(s) dict_keys(['pg_extract']) retrieved from /opt/airflow/dags/pg_extract.py
[2025-03-14T07:00:31.225+0000] {logging_mixin.py:154} INFO - [2025-03-14T07:00:31.225+0000] {dag.py:2941} INFO - Sync 1 DAGs
[2025-03-14T07:00:31.242+0000] {logging_mixin.py:154} INFO - [2025-03-14T07:00:31.241+0000] {dag.py:3722} INFO - Setting next_dagrun for pg_extract to 2025-03-14T06:33:58.305947+00:00, run_after=2025-03-15T06:33:58.305947+00:00
[2025-03-14T07:00:31.260+0000] {processor.py:179} INFO - Processing /opt/airflow/dags/pg_extract.py took 0.085 seconds
[2025-03-14T07:01:01.790+0000] {processor.py:157} INFO - Started process (PID=69433) to work on /opt/airflow/dags/pg_extract.py
[2025-03-14T07:01:01.792+0000] {processor.py:829} INFO - Processing file /opt/airflow/dags/pg_extract.py for tasks to queue
[2025-03-14T07:01:01.793+0000] {logging_mixin.py:154} INFO - [2025-03-14T07:01:01.792+0000] {dagbag.py:536} INFO - Filling up the DagBag from /opt/airflow/dags/pg_extract.py
[2025-03-14T07:01:01.802+0000] {processor.py:839} INFO - DAG(s) dict_keys(['pg_extract']) retrieved from /opt/airflow/dags/pg_extract.py
[2025-03-14T07:01:01.828+0000] {logging_mixin.py:154} INFO - [2025-03-14T07:01:01.827+0000] {dag.py:2941} INFO - Sync 1 DAGs
[2025-03-14T07:01:01.844+0000] {logging_mixin.py:154} INFO - [2025-03-14T07:01:01.844+0000] {dag.py:3722} INFO - Setting next_dagrun for pg_extract to 2025-03-14T06:33:58.305947+00:00, run_after=2025-03-15T06:33:58.305947+00:00
[2025-03-14T07:01:01.861+0000] {processor.py:179} INFO - Processing /opt/airflow/dags/pg_extract.py took 0.076 seconds
[2025-03-14T07:01:32.376+0000] {processor.py:157} INFO - Started process (PID=69480) to work on /opt/airflow/dags/pg_extract.py
[2025-03-14T07:01:32.381+0000] {processor.py:829} INFO - Processing file /opt/airflow/dags/pg_extract.py for tasks to queue
[2025-03-14T07:01:32.383+0000] {logging_mixin.py:154} INFO - [2025-03-14T07:01:32.382+0000] {dagbag.py:536} INFO - Filling up the DagBag from /opt/airflow/dags/pg_extract.py
[2025-03-14T07:01:32.396+0000] {processor.py:839} INFO - DAG(s) dict_keys(['pg_extract']) retrieved from /opt/airflow/dags/pg_extract.py
[2025-03-14T07:01:32.417+0000] {logging_mixin.py:154} INFO - [2025-03-14T07:01:32.417+0000] {dag.py:2941} INFO - Sync 1 DAGs
[2025-03-14T07:01:32.431+0000] {logging_mixin.py:154} INFO - [2025-03-14T07:01:32.431+0000] {dag.py:3722} INFO - Setting next_dagrun for pg_extract to 2025-03-14T06:33:58.305947+00:00, run_after=2025-03-15T06:33:58.305947+00:00
[2025-03-14T07:01:32.451+0000] {processor.py:179} INFO - Processing /opt/airflow/dags/pg_extract.py took 0.078 seconds
[2025-03-14T07:02:03.038+0000] {processor.py:157} INFO - Started process (PID=69527) to work on /opt/airflow/dags/pg_extract.py
[2025-03-14T07:02:03.039+0000] {processor.py:829} INFO - Processing file /opt/airflow/dags/pg_extract.py for tasks to queue
[2025-03-14T07:02:03.040+0000] {logging_mixin.py:154} INFO - [2025-03-14T07:02:03.040+0000] {dagbag.py:536} INFO - Filling up the DagBag from /opt/airflow/dags/pg_extract.py
[2025-03-14T07:02:03.045+0000] {processor.py:839} INFO - DAG(s) dict_keys(['pg_extract']) retrieved from /opt/airflow/dags/pg_extract.py
[2025-03-14T07:02:03.067+0000] {logging_mixin.py:154} INFO - [2025-03-14T07:02:03.067+0000] {dag.py:2941} INFO - Sync 1 DAGs
[2025-03-14T07:02:03.086+0000] {logging_mixin.py:154} INFO - [2025-03-14T07:02:03.086+0000] {dag.py:3722} INFO - Setting next_dagrun for pg_extract to 2025-03-14T06:33:58.305947+00:00, run_after=2025-03-15T06:33:58.305947+00:00
[2025-03-14T07:02:03.103+0000] {processor.py:179} INFO - Processing /opt/airflow/dags/pg_extract.py took 0.068 seconds
[2025-03-14T07:02:33.617+0000] {processor.py:157} INFO - Started process (PID=69574) to work on /opt/airflow/dags/pg_extract.py
[2025-03-14T07:02:33.623+0000] {processor.py:829} INFO - Processing file /opt/airflow/dags/pg_extract.py for tasks to queue
[2025-03-14T07:02:33.624+0000] {logging_mixin.py:154} INFO - [2025-03-14T07:02:33.624+0000] {dagbag.py:536} INFO - Filling up the DagBag from /opt/airflow/dags/pg_extract.py
[2025-03-14T07:02:33.636+0000] {processor.py:839} INFO - DAG(s) dict_keys(['pg_extract']) retrieved from /opt/airflow/dags/pg_extract.py
[2025-03-14T07:02:33.654+0000] {logging_mixin.py:154} INFO - [2025-03-14T07:02:33.654+0000] {dag.py:2941} INFO - Sync 1 DAGs
[2025-03-14T07:02:33.668+0000] {logging_mixin.py:154} INFO - [2025-03-14T07:02:33.668+0000] {dag.py:3722} INFO - Setting next_dagrun for pg_extract to 2025-03-14T06:33:58.305947+00:00, run_after=2025-03-15T06:33:58.305947+00:00
[2025-03-14T07:02:33.681+0000] {processor.py:179} INFO - Processing /opt/airflow/dags/pg_extract.py took 0.065 seconds
[2025-03-14T07:03:04.188+0000] {processor.py:157} INFO - Started process (PID=69621) to work on /opt/airflow/dags/pg_extract.py
[2025-03-14T07:03:04.193+0000] {processor.py:829} INFO - Processing file /opt/airflow/dags/pg_extract.py for tasks to queue
[2025-03-14T07:03:04.194+0000] {logging_mixin.py:154} INFO - [2025-03-14T07:03:04.194+0000] {dagbag.py:536} INFO - Filling up the DagBag from /opt/airflow/dags/pg_extract.py
[2025-03-14T07:03:04.201+0000] {processor.py:839} INFO - DAG(s) dict_keys(['pg_extract']) retrieved from /opt/airflow/dags/pg_extract.py
[2025-03-14T07:03:04.221+0000] {logging_mixin.py:154} INFO - [2025-03-14T07:03:04.221+0000] {dag.py:2941} INFO - Sync 1 DAGs
[2025-03-14T07:03:04.236+0000] {logging_mixin.py:154} INFO - [2025-03-14T07:03:04.236+0000] {dag.py:3722} INFO - Setting next_dagrun for pg_extract to 2025-03-14T06:33:58.305947+00:00, run_after=2025-03-15T06:33:58.305947+00:00
[2025-03-14T07:03:04.258+0000] {processor.py:179} INFO - Processing /opt/airflow/dags/pg_extract.py took 0.072 seconds
[2025-03-14T07:03:34.809+0000] {processor.py:157} INFO - Started process (PID=69669) to work on /opt/airflow/dags/pg_extract.py
[2025-03-14T07:03:34.810+0000] {processor.py:829} INFO - Processing file /opt/airflow/dags/pg_extract.py for tasks to queue
[2025-03-14T07:03:34.811+0000] {logging_mixin.py:154} INFO - [2025-03-14T07:03:34.811+0000] {dagbag.py:536} INFO - Filling up the DagBag from /opt/airflow/dags/pg_extract.py
[2025-03-14T07:03:34.819+0000] {processor.py:839} INFO - DAG(s) dict_keys(['pg_extract']) retrieved from /opt/airflow/dags/pg_extract.py
[2025-03-14T07:03:34.841+0000] {logging_mixin.py:154} INFO - [2025-03-14T07:03:34.841+0000] {dag.py:2941} INFO - Sync 1 DAGs
[2025-03-14T07:03:34.862+0000] {logging_mixin.py:154} INFO - [2025-03-14T07:03:34.862+0000] {dag.py:3722} INFO - Setting next_dagrun for pg_extract to 2025-03-14T06:33:58.305947+00:00, run_after=2025-03-15T06:33:58.305947+00:00
[2025-03-14T07:03:34.879+0000] {processor.py:179} INFO - Processing /opt/airflow/dags/pg_extract.py took 0.073 seconds
[2025-03-14T07:04:05.536+0000] {processor.py:157} INFO - Started process (PID=69716) to work on /opt/airflow/dags/pg_extract.py
[2025-03-14T07:04:05.537+0000] {processor.py:829} INFO - Processing file /opt/airflow/dags/pg_extract.py for tasks to queue
[2025-03-14T07:04:05.538+0000] {logging_mixin.py:154} INFO - [2025-03-14T07:04:05.538+0000] {dagbag.py:536} INFO - Filling up the DagBag from /opt/airflow/dags/pg_extract.py
[2025-03-14T07:04:05.546+0000] {processor.py:839} INFO - DAG(s) dict_keys(['pg_extract']) retrieved from /opt/airflow/dags/pg_extract.py
[2025-03-14T07:04:05.569+0000] {logging_mixin.py:154} INFO - [2025-03-14T07:04:05.568+0000] {dag.py:2941} INFO - Sync 1 DAGs
[2025-03-14T07:04:05.587+0000] {logging_mixin.py:154} INFO - [2025-03-14T07:04:05.587+0000] {dag.py:3722} INFO - Setting next_dagrun for pg_extract to 2025-03-14T06:33:58.305947+00:00, run_after=2025-03-15T06:33:58.305947+00:00
[2025-03-14T07:04:05.608+0000] {processor.py:179} INFO - Processing /opt/airflow/dags/pg_extract.py took 0.075 seconds
[2025-03-14T07:04:36.125+0000] {processor.py:157} INFO - Started process (PID=69763) to work on /opt/airflow/dags/pg_extract.py
[2025-03-14T07:04:36.126+0000] {processor.py:829} INFO - Processing file /opt/airflow/dags/pg_extract.py for tasks to queue
[2025-03-14T07:04:36.126+0000] {logging_mixin.py:154} INFO - [2025-03-14T07:04:36.126+0000] {dagbag.py:536} INFO - Filling up the DagBag from /opt/airflow/dags/pg_extract.py
[2025-03-14T07:04:36.132+0000] {processor.py:839} INFO - DAG(s) dict_keys(['pg_extract']) retrieved from /opt/airflow/dags/pg_extract.py
[2025-03-14T07:04:36.161+0000] {logging_mixin.py:154} INFO - [2025-03-14T07:04:36.161+0000] {dag.py:2941} INFO - Sync 1 DAGs
[2025-03-14T07:04:36.182+0000] {logging_mixin.py:154} INFO - [2025-03-14T07:04:36.182+0000] {dag.py:3722} INFO - Setting next_dagrun for pg_extract to 2025-03-14T06:33:58.305947+00:00, run_after=2025-03-15T06:33:58.305947+00:00
[2025-03-14T07:04:36.196+0000] {processor.py:179} INFO - Processing /opt/airflow/dags/pg_extract.py took 0.074 seconds
[2025-03-14T07:05:06.707+0000] {processor.py:157} INFO - Started process (PID=69810) to work on /opt/airflow/dags/pg_extract.py
[2025-03-14T07:05:06.708+0000] {processor.py:829} INFO - Processing file /opt/airflow/dags/pg_extract.py for tasks to queue
[2025-03-14T07:05:06.708+0000] {logging_mixin.py:154} INFO - [2025-03-14T07:05:06.708+0000] {dagbag.py:536} INFO - Filling up the DagBag from /opt/airflow/dags/pg_extract.py
[2025-03-14T07:05:06.714+0000] {processor.py:839} INFO - DAG(s) dict_keys(['pg_extract']) retrieved from /opt/airflow/dags/pg_extract.py
[2025-03-14T07:05:06.733+0000] {logging_mixin.py:154} INFO - [2025-03-14T07:05:06.733+0000] {dag.py:2941} INFO - Sync 1 DAGs
[2025-03-14T07:05:06.749+0000] {logging_mixin.py:154} INFO - [2025-03-14T07:05:06.748+0000] {dag.py:3722} INFO - Setting next_dagrun for pg_extract to 2025-03-14T06:33:58.305947+00:00, run_after=2025-03-15T06:33:58.305947+00:00
[2025-03-14T07:05:06.771+0000] {processor.py:179} INFO - Processing /opt/airflow/dags/pg_extract.py took 0.068 seconds
[2025-03-14T07:05:37.292+0000] {processor.py:157} INFO - Started process (PID=69857) to work on /opt/airflow/dags/pg_extract.py
[2025-03-14T07:05:37.297+0000] {processor.py:829} INFO - Processing file /opt/airflow/dags/pg_extract.py for tasks to queue
[2025-03-14T07:05:37.299+0000] {logging_mixin.py:154} INFO - [2025-03-14T07:05:37.298+0000] {dagbag.py:536} INFO - Filling up the DagBag from /opt/airflow/dags/pg_extract.py
[2025-03-14T07:05:37.312+0000] {processor.py:839} INFO - DAG(s) dict_keys(['pg_extract']) retrieved from /opt/airflow/dags/pg_extract.py
[2025-03-14T07:05:37.335+0000] {logging_mixin.py:154} INFO - [2025-03-14T07:05:37.335+0000] {dag.py:2941} INFO - Sync 1 DAGs
[2025-03-14T07:05:37.352+0000] {logging_mixin.py:154} INFO - [2025-03-14T07:05:37.352+0000] {dag.py:3722} INFO - Setting next_dagrun for pg_extract to 2025-03-14T06:33:58.305947+00:00, run_after=2025-03-15T06:33:58.305947+00:00
[2025-03-14T07:05:37.367+0000] {processor.py:179} INFO - Processing /opt/airflow/dags/pg_extract.py took 0.079 seconds
[2025-03-14T07:06:07.872+0000] {processor.py:157} INFO - Started process (PID=69904) to work on /opt/airflow/dags/pg_extract.py
[2025-03-14T07:06:07.872+0000] {processor.py:829} INFO - Processing file /opt/airflow/dags/pg_extract.py for tasks to queue
[2025-03-14T07:06:07.873+0000] {logging_mixin.py:154} INFO - [2025-03-14T07:06:07.872+0000] {dagbag.py:536} INFO - Filling up the DagBag from /opt/airflow/dags/pg_extract.py
[2025-03-14T07:06:07.878+0000] {processor.py:839} INFO - DAG(s) dict_keys(['pg_extract']) retrieved from /opt/airflow/dags/pg_extract.py
[2025-03-14T07:06:07.904+0000] {logging_mixin.py:154} INFO - [2025-03-14T07:06:07.903+0000] {dag.py:2941} INFO - Sync 1 DAGs
[2025-03-14T07:06:07.932+0000] {logging_mixin.py:154} INFO - [2025-03-14T07:06:07.932+0000] {dag.py:3722} INFO - Setting next_dagrun for pg_extract to 2025-03-14T06:33:58.305947+00:00, run_after=2025-03-15T06:33:58.305947+00:00
[2025-03-14T07:06:07.953+0000] {processor.py:179} INFO - Processing /opt/airflow/dags/pg_extract.py took 0.085 seconds
[2025-03-14T07:06:38.531+0000] {processor.py:157} INFO - Started process (PID=69951) to work on /opt/airflow/dags/pg_extract.py
[2025-03-14T07:06:38.535+0000] {processor.py:829} INFO - Processing file /opt/airflow/dags/pg_extract.py for tasks to queue
[2025-03-14T07:06:38.537+0000] {logging_mixin.py:154} INFO - [2025-03-14T07:06:38.536+0000] {dagbag.py:536} INFO - Filling up the DagBag from /opt/airflow/dags/pg_extract.py
[2025-03-14T07:06:38.548+0000] {processor.py:839} INFO - DAG(s) dict_keys(['pg_extract']) retrieved from /opt/airflow/dags/pg_extract.py
[2025-03-14T07:06:38.568+0000] {logging_mixin.py:154} INFO - [2025-03-14T07:06:38.568+0000] {dag.py:2941} INFO - Sync 1 DAGs
[2025-03-14T07:06:38.584+0000] {logging_mixin.py:154} INFO - [2025-03-14T07:06:38.584+0000] {dag.py:3722} INFO - Setting next_dagrun for pg_extract to 2025-03-14T06:33:58.305947+00:00, run_after=2025-03-15T06:33:58.305947+00:00
[2025-03-14T07:06:38.601+0000] {processor.py:179} INFO - Processing /opt/airflow/dags/pg_extract.py took 0.075 seconds
[2025-03-14T07:07:09.150+0000] {processor.py:157} INFO - Started process (PID=69999) to work on /opt/airflow/dags/pg_extract.py
[2025-03-14T07:07:09.151+0000] {processor.py:829} INFO - Processing file /opt/airflow/dags/pg_extract.py for tasks to queue
[2025-03-14T07:07:09.152+0000] {logging_mixin.py:154} INFO - [2025-03-14T07:07:09.151+0000] {dagbag.py:536} INFO - Filling up the DagBag from /opt/airflow/dags/pg_extract.py
[2025-03-14T07:07:09.158+0000] {processor.py:839} INFO - DAG(s) dict_keys(['pg_extract']) retrieved from /opt/airflow/dags/pg_extract.py
[2025-03-14T07:07:09.186+0000] {logging_mixin.py:154} INFO - [2025-03-14T07:07:09.186+0000] {dag.py:2941} INFO - Sync 1 DAGs
[2025-03-14T07:07:09.205+0000] {logging_mixin.py:154} INFO - [2025-03-14T07:07:09.204+0000] {dag.py:3722} INFO - Setting next_dagrun for pg_extract to 2025-03-14T06:33:58.305947+00:00, run_after=2025-03-15T06:33:58.305947+00:00
[2025-03-14T07:07:09.223+0000] {processor.py:179} INFO - Processing /opt/airflow/dags/pg_extract.py took 0.076 seconds
[2025-03-14T07:58:33.339+0000] {processor.py:157} INFO - Started process (PID=70039) to work on /opt/airflow/dags/pg_extract.py
[2025-03-14T07:58:33.340+0000] {processor.py:829} INFO - Processing file /opt/airflow/dags/pg_extract.py for tasks to queue
[2025-03-14T07:58:33.340+0000] {logging_mixin.py:154} INFO - [2025-03-14T07:58:33.340+0000] {dagbag.py:536} INFO - Filling up the DagBag from /opt/airflow/dags/pg_extract.py
[2025-03-14T07:58:33.350+0000] {processor.py:839} INFO - DAG(s) dict_keys(['pg_extract']) retrieved from /opt/airflow/dags/pg_extract.py
[2025-03-14T07:58:33.376+0000] {logging_mixin.py:154} INFO - [2025-03-14T07:58:33.376+0000] {dag.py:2941} INFO - Sync 1 DAGs
[2025-03-14T07:58:33.403+0000] {logging_mixin.py:154} INFO - [2025-03-14T07:58:33.403+0000] {dag.py:3722} INFO - Setting next_dagrun for pg_extract to 2025-03-14T06:33:58.305947+00:00, run_after=2025-03-15T06:33:58.305947+00:00
[2025-03-14T07:58:33.423+0000] {processor.py:179} INFO - Processing /opt/airflow/dags/pg_extract.py took 0.088 seconds
[2025-03-14T07:59:04.206+0000] {processor.py:157} INFO - Started process (PID=70088) to work on /opt/airflow/dags/pg_extract.py
[2025-03-14T07:59:04.207+0000] {processor.py:829} INFO - Processing file /opt/airflow/dags/pg_extract.py for tasks to queue
[2025-03-14T07:59:04.208+0000] {logging_mixin.py:154} INFO - [2025-03-14T07:59:04.207+0000] {dagbag.py:536} INFO - Filling up the DagBag from /opt/airflow/dags/pg_extract.py
[2025-03-14T07:59:04.215+0000] {processor.py:839} INFO - DAG(s) dict_keys(['pg_extract']) retrieved from /opt/airflow/dags/pg_extract.py
[2025-03-14T07:59:04.237+0000] {logging_mixin.py:154} INFO - [2025-03-14T07:59:04.237+0000] {dag.py:2941} INFO - Sync 1 DAGs
[2025-03-14T07:59:04.251+0000] {logging_mixin.py:154} INFO - [2025-03-14T07:59:04.251+0000] {dag.py:3722} INFO - Setting next_dagrun for pg_extract to 2025-03-14T06:33:58.305947+00:00, run_after=2025-03-15T06:33:58.305947+00:00
[2025-03-14T07:59:04.263+0000] {processor.py:179} INFO - Processing /opt/airflow/dags/pg_extract.py took 0.062 seconds
[2025-03-14T07:59:34.845+0000] {processor.py:157} INFO - Started process (PID=70135) to work on /opt/airflow/dags/pg_extract.py
[2025-03-14T07:59:34.845+0000] {processor.py:829} INFO - Processing file /opt/airflow/dags/pg_extract.py for tasks to queue
[2025-03-14T07:59:34.846+0000] {logging_mixin.py:154} INFO - [2025-03-14T07:59:34.846+0000] {dagbag.py:536} INFO - Filling up the DagBag from /opt/airflow/dags/pg_extract.py
[2025-03-14T07:59:34.852+0000] {processor.py:839} INFO - DAG(s) dict_keys(['pg_extract']) retrieved from /opt/airflow/dags/pg_extract.py
[2025-03-14T07:59:34.876+0000] {logging_mixin.py:154} INFO - [2025-03-14T07:59:34.875+0000] {dag.py:2941} INFO - Sync 1 DAGs
[2025-03-14T07:59:34.893+0000] {logging_mixin.py:154} INFO - [2025-03-14T07:59:34.893+0000] {dag.py:3722} INFO - Setting next_dagrun for pg_extract to 2025-03-14T06:33:58.305947+00:00, run_after=2025-03-15T06:33:58.305947+00:00
[2025-03-14T07:59:34.917+0000] {processor.py:179} INFO - Processing /opt/airflow/dags/pg_extract.py took 0.076 seconds
[2025-03-14T08:00:05.509+0000] {processor.py:157} INFO - Started process (PID=70183) to work on /opt/airflow/dags/pg_extract.py
[2025-03-14T08:00:05.509+0000] {processor.py:829} INFO - Processing file /opt/airflow/dags/pg_extract.py for tasks to queue
[2025-03-14T08:00:05.509+0000] {logging_mixin.py:154} INFO - [2025-03-14T08:00:05.509+0000] {dagbag.py:536} INFO - Filling up the DagBag from /opt/airflow/dags/pg_extract.py
[2025-03-14T08:00:05.516+0000] {processor.py:839} INFO - DAG(s) dict_keys(['pg_extract']) retrieved from /opt/airflow/dags/pg_extract.py
[2025-03-14T08:00:05.537+0000] {logging_mixin.py:154} INFO - [2025-03-14T08:00:05.537+0000] {dag.py:2941} INFO - Sync 1 DAGs
[2025-03-14T08:00:05.557+0000] {logging_mixin.py:154} INFO - [2025-03-14T08:00:05.557+0000] {dag.py:3722} INFO - Setting next_dagrun for pg_extract to 2025-03-14T06:33:58.305947+00:00, run_after=2025-03-15T06:33:58.305947+00:00
[2025-03-14T08:00:05.573+0000] {processor.py:179} INFO - Processing /opt/airflow/dags/pg_extract.py took 0.067 seconds
[2025-03-14T08:00:36.066+0000] {processor.py:157} INFO - Started process (PID=70230) to work on /opt/airflow/dags/pg_extract.py
[2025-03-14T08:00:36.067+0000] {processor.py:829} INFO - Processing file /opt/airflow/dags/pg_extract.py for tasks to queue
[2025-03-14T08:00:36.068+0000] {logging_mixin.py:154} INFO - [2025-03-14T08:00:36.067+0000] {dagbag.py:536} INFO - Filling up the DagBag from /opt/airflow/dags/pg_extract.py
[2025-03-14T08:00:36.074+0000] {processor.py:839} INFO - DAG(s) dict_keys(['pg_extract']) retrieved from /opt/airflow/dags/pg_extract.py
[2025-03-14T08:00:36.098+0000] {logging_mixin.py:154} INFO - [2025-03-14T08:00:36.098+0000] {dag.py:2941} INFO - Sync 1 DAGs
[2025-03-14T08:00:36.119+0000] {logging_mixin.py:154} INFO - [2025-03-14T08:00:36.119+0000] {dag.py:3722} INFO - Setting next_dagrun for pg_extract to 2025-03-14T06:33:58.305947+00:00, run_after=2025-03-15T06:33:58.305947+00:00
[2025-03-14T08:00:36.136+0000] {processor.py:179} INFO - Processing /opt/airflow/dags/pg_extract.py took 0.073 seconds
