[2025-03-14T06:33:58.209+0000] {processor.py:157} INFO - Started process (PID=66884) to work on /opt/airflow/dags/postgres_operator.py
[2025-03-14T06:33:58.210+0000] {processor.py:829} INFO - Processing file /opt/airflow/dags/postgres_operator.py for tasks to queue
[2025-03-14T06:33:58.212+0000] {logging_mixin.py:154} INFO - [2025-03-14T06:33:58.211+0000] {dagbag.py:536} INFO - Filling up the DagBag from /opt/airflow/dags/postgres_operator.py
[2025-03-14T06:33:58.229+0000] {processor.py:839} INFO - DAG(s) dict_keys(['dag_with_postgres_operator_v03']) retrieved from /opt/airflow/dags/postgres_operator.py
[2025-03-14T06:33:58.267+0000] {logging_mixin.py:154} INFO - [2025-03-14T06:33:58.266+0000] {dag.py:2941} INFO - Sync 1 DAGs
[2025-03-14T06:33:58.299+0000] {logging_mixin.py:154} INFO - [2025-03-14T06:33:58.299+0000] {dag.py:3722} INFO - Setting next_dagrun for dag_with_postgres_operator_v03 to 2025-03-13T00:00:00+00:00, run_after=2025-03-14T00:00:00+00:00
[2025-03-14T06:33:58.341+0000] {processor.py:179} INFO - Processing /opt/airflow/dags/postgres_operator.py took 0.135 seconds
[2025-03-14T06:34:29.034+0000] {processor.py:157} INFO - Started process (PID=66976) to work on /opt/airflow/dags/postgres_operator.py
[2025-03-14T06:34:29.045+0000] {processor.py:829} INFO - Processing file /opt/airflow/dags/postgres_operator.py for tasks to queue
[2025-03-14T06:34:29.047+0000] {logging_mixin.py:154} INFO - [2025-03-14T06:34:29.047+0000] {dagbag.py:536} INFO - Filling up the DagBag from /opt/airflow/dags/postgres_operator.py
[2025-03-14T06:34:29.058+0000] {processor.py:839} INFO - DAG(s) dict_keys(['dag_with_postgres_operator_v03']) retrieved from /opt/airflow/dags/postgres_operator.py
[2025-03-14T06:34:29.083+0000] {logging_mixin.py:154} INFO - [2025-03-14T06:34:29.083+0000] {dag.py:2941} INFO - Sync 1 DAGs
[2025-03-14T06:34:29.102+0000] {logging_mixin.py:154} INFO - [2025-03-14T06:34:29.102+0000] {dag.py:3722} INFO - Setting next_dagrun for dag_with_postgres_operator_v03 to 2025-03-14T00:00:00+00:00, run_after=2025-03-15T00:00:00+00:00
[2025-03-14T06:34:29.118+0000] {processor.py:179} INFO - Processing /opt/airflow/dags/postgres_operator.py took 0.086 seconds
[2025-03-14T06:34:59.648+0000] {processor.py:157} INFO - Started process (PID=67023) to work on /opt/airflow/dags/postgres_operator.py
[2025-03-14T06:34:59.658+0000] {processor.py:829} INFO - Processing file /opt/airflow/dags/postgres_operator.py for tasks to queue
[2025-03-14T06:34:59.659+0000] {logging_mixin.py:154} INFO - [2025-03-14T06:34:59.658+0000] {dagbag.py:536} INFO - Filling up the DagBag from /opt/airflow/dags/postgres_operator.py
[2025-03-14T06:34:59.668+0000] {processor.py:839} INFO - DAG(s) dict_keys(['dag_with_postgres_operator_v03']) retrieved from /opt/airflow/dags/postgres_operator.py
[2025-03-14T06:34:59.687+0000] {logging_mixin.py:154} INFO - [2025-03-14T06:34:59.686+0000] {dag.py:2941} INFO - Sync 1 DAGs
[2025-03-14T06:34:59.704+0000] {logging_mixin.py:154} INFO - [2025-03-14T06:34:59.704+0000] {dag.py:3722} INFO - Setting next_dagrun for dag_with_postgres_operator_v03 to 2025-03-14T00:00:00+00:00, run_after=2025-03-15T00:00:00+00:00
[2025-03-14T06:34:59.719+0000] {processor.py:179} INFO - Processing /opt/airflow/dags/postgres_operator.py took 0.074 seconds
[2025-03-14T06:35:30.308+0000] {processor.py:157} INFO - Started process (PID=67070) to work on /opt/airflow/dags/postgres_operator.py
[2025-03-14T06:35:30.309+0000] {processor.py:829} INFO - Processing file /opt/airflow/dags/postgres_operator.py for tasks to queue
[2025-03-14T06:35:30.309+0000] {logging_mixin.py:154} INFO - [2025-03-14T06:35:30.309+0000] {dagbag.py:536} INFO - Filling up the DagBag from /opt/airflow/dags/postgres_operator.py
[2025-03-14T06:35:30.319+0000] {processor.py:839} INFO - DAG(s) dict_keys(['dag_with_postgres_operator_v03']) retrieved from /opt/airflow/dags/postgres_operator.py
[2025-03-14T06:35:30.338+0000] {logging_mixin.py:154} INFO - [2025-03-14T06:35:30.338+0000] {dag.py:2941} INFO - Sync 1 DAGs
[2025-03-14T06:35:30.354+0000] {logging_mixin.py:154} INFO - [2025-03-14T06:35:30.354+0000] {dag.py:3722} INFO - Setting next_dagrun for dag_with_postgres_operator_v03 to 2025-03-14T00:00:00+00:00, run_after=2025-03-15T00:00:00+00:00
[2025-03-14T06:35:30.370+0000] {processor.py:179} INFO - Processing /opt/airflow/dags/postgres_operator.py took 0.065 seconds
[2025-03-14T06:36:00.905+0000] {processor.py:157} INFO - Started process (PID=67117) to work on /opt/airflow/dags/postgres_operator.py
[2025-03-14T06:36:00.906+0000] {processor.py:829} INFO - Processing file /opt/airflow/dags/postgres_operator.py for tasks to queue
[2025-03-14T06:36:00.907+0000] {logging_mixin.py:154} INFO - [2025-03-14T06:36:00.906+0000] {dagbag.py:536} INFO - Filling up the DagBag from /opt/airflow/dags/postgres_operator.py
[2025-03-14T06:36:00.919+0000] {processor.py:839} INFO - DAG(s) dict_keys(['dag_with_postgres_operator_v03']) retrieved from /opt/airflow/dags/postgres_operator.py
[2025-03-14T06:36:00.956+0000] {logging_mixin.py:154} INFO - [2025-03-14T06:36:00.956+0000] {dag.py:2941} INFO - Sync 1 DAGs
[2025-03-14T06:36:00.991+0000] {logging_mixin.py:154} INFO - [2025-03-14T06:36:00.990+0000] {dag.py:3722} INFO - Setting next_dagrun for dag_with_postgres_operator_v03 to 2025-03-14T00:00:00+00:00, run_after=2025-03-15T00:00:00+00:00
[2025-03-14T06:36:01.020+0000] {processor.py:179} INFO - Processing /opt/airflow/dags/postgres_operator.py took 0.120 seconds
[2025-03-14T06:36:31.622+0000] {processor.py:157} INFO - Started process (PID=67164) to work on /opt/airflow/dags/postgres_operator.py
[2025-03-14T06:36:31.623+0000] {processor.py:829} INFO - Processing file /opt/airflow/dags/postgres_operator.py for tasks to queue
[2025-03-14T06:36:31.624+0000] {logging_mixin.py:154} INFO - [2025-03-14T06:36:31.623+0000] {dagbag.py:536} INFO - Filling up the DagBag from /opt/airflow/dags/postgres_operator.py
[2025-03-14T06:36:31.635+0000] {processor.py:839} INFO - DAG(s) dict_keys(['dag_with_postgres_operator_v03']) retrieved from /opt/airflow/dags/postgres_operator.py
[2025-03-14T06:36:31.661+0000] {logging_mixin.py:154} INFO - [2025-03-14T06:36:31.661+0000] {dag.py:2941} INFO - Sync 1 DAGs
[2025-03-14T06:36:31.684+0000] {logging_mixin.py:154} INFO - [2025-03-14T06:36:31.684+0000] {dag.py:3722} INFO - Setting next_dagrun for dag_with_postgres_operator_v03 to 2025-03-14T00:00:00+00:00, run_after=2025-03-15T00:00:00+00:00
[2025-03-14T06:36:31.699+0000] {processor.py:179} INFO - Processing /opt/airflow/dags/postgres_operator.py took 0.080 seconds
[2025-03-14T06:37:02.384+0000] {processor.py:157} INFO - Started process (PID=67211) to work on /opt/airflow/dags/postgres_operator.py
[2025-03-14T06:37:02.384+0000] {processor.py:829} INFO - Processing file /opt/airflow/dags/postgres_operator.py for tasks to queue
[2025-03-14T06:37:02.385+0000] {logging_mixin.py:154} INFO - [2025-03-14T06:37:02.385+0000] {dagbag.py:536} INFO - Filling up the DagBag from /opt/airflow/dags/postgres_operator.py
[2025-03-14T06:37:02.396+0000] {processor.py:839} INFO - DAG(s) dict_keys(['dag_with_postgres_operator_v03']) retrieved from /opt/airflow/dags/postgres_operator.py
[2025-03-14T06:37:02.420+0000] {logging_mixin.py:154} INFO - [2025-03-14T06:37:02.420+0000] {dag.py:2941} INFO - Sync 1 DAGs
[2025-03-14T06:37:02.442+0000] {logging_mixin.py:154} INFO - [2025-03-14T06:37:02.442+0000] {dag.py:3722} INFO - Setting next_dagrun for dag_with_postgres_operator_v03 to 2025-03-14T00:00:00+00:00, run_after=2025-03-15T00:00:00+00:00
[2025-03-14T06:37:02.465+0000] {processor.py:179} INFO - Processing /opt/airflow/dags/postgres_operator.py took 0.084 seconds
[2025-03-14T06:37:33.031+0000] {processor.py:157} INFO - Started process (PID=67258) to work on /opt/airflow/dags/postgres_operator.py
[2025-03-14T06:37:33.032+0000] {processor.py:829} INFO - Processing file /opt/airflow/dags/postgres_operator.py for tasks to queue
[2025-03-14T06:37:33.033+0000] {logging_mixin.py:154} INFO - [2025-03-14T06:37:33.032+0000] {dagbag.py:536} INFO - Filling up the DagBag from /opt/airflow/dags/postgres_operator.py
[2025-03-14T06:37:33.045+0000] {processor.py:839} INFO - DAG(s) dict_keys(['dag_with_postgres_operator_v03']) retrieved from /opt/airflow/dags/postgres_operator.py
[2025-03-14T06:37:33.081+0000] {logging_mixin.py:154} INFO - [2025-03-14T06:37:33.080+0000] {dag.py:2941} INFO - Sync 1 DAGs
[2025-03-14T06:37:33.104+0000] {logging_mixin.py:154} INFO - [2025-03-14T06:37:33.104+0000] {dag.py:3722} INFO - Setting next_dagrun for dag_with_postgres_operator_v03 to 2025-03-14T00:00:00+00:00, run_after=2025-03-15T00:00:00+00:00
[2025-03-14T06:37:33.129+0000] {processor.py:179} INFO - Processing /opt/airflow/dags/postgres_operator.py took 0.101 seconds
[2025-03-14T06:38:03.652+0000] {processor.py:157} INFO - Started process (PID=67305) to work on /opt/airflow/dags/postgres_operator.py
[2025-03-14T06:38:03.653+0000] {processor.py:829} INFO - Processing file /opt/airflow/dags/postgres_operator.py for tasks to queue
[2025-03-14T06:38:03.654+0000] {logging_mixin.py:154} INFO - [2025-03-14T06:38:03.654+0000] {dagbag.py:536} INFO - Filling up the DagBag from /opt/airflow/dags/postgres_operator.py
[2025-03-14T06:38:03.666+0000] {processor.py:839} INFO - DAG(s) dict_keys(['dag_with_postgres_operator_v03']) retrieved from /opt/airflow/dags/postgres_operator.py
[2025-03-14T06:38:03.698+0000] {logging_mixin.py:154} INFO - [2025-03-14T06:38:03.698+0000] {dag.py:2941} INFO - Sync 1 DAGs
[2025-03-14T06:38:03.733+0000] {logging_mixin.py:154} INFO - [2025-03-14T06:38:03.733+0000] {dag.py:3722} INFO - Setting next_dagrun for dag_with_postgres_operator_v03 to 2025-03-14T00:00:00+00:00, run_after=2025-03-15T00:00:00+00:00
[2025-03-14T06:38:03.770+0000] {processor.py:179} INFO - Processing /opt/airflow/dags/postgres_operator.py took 0.121 seconds
[2025-03-14T06:38:34.410+0000] {processor.py:157} INFO - Started process (PID=67352) to work on /opt/airflow/dags/postgres_operator.py
[2025-03-14T06:38:34.411+0000] {processor.py:829} INFO - Processing file /opt/airflow/dags/postgres_operator.py for tasks to queue
[2025-03-14T06:38:34.412+0000] {logging_mixin.py:154} INFO - [2025-03-14T06:38:34.412+0000] {dagbag.py:536} INFO - Filling up the DagBag from /opt/airflow/dags/postgres_operator.py
[2025-03-14T06:38:34.422+0000] {processor.py:839} INFO - DAG(s) dict_keys(['dag_with_postgres_operator_v03']) retrieved from /opt/airflow/dags/postgres_operator.py
[2025-03-14T06:38:34.448+0000] {logging_mixin.py:154} INFO - [2025-03-14T06:38:34.447+0000] {dag.py:2941} INFO - Sync 1 DAGs
[2025-03-14T06:38:34.469+0000] {logging_mixin.py:154} INFO - [2025-03-14T06:38:34.469+0000] {dag.py:3722} INFO - Setting next_dagrun for dag_with_postgres_operator_v03 to 2025-03-14T00:00:00+00:00, run_after=2025-03-15T00:00:00+00:00
[2025-03-14T06:38:34.487+0000] {processor.py:179} INFO - Processing /opt/airflow/dags/postgres_operator.py took 0.080 seconds
[2025-03-14T06:39:05.133+0000] {processor.py:157} INFO - Started process (PID=67399) to work on /opt/airflow/dags/postgres_operator.py
[2025-03-14T06:39:05.133+0000] {processor.py:829} INFO - Processing file /opt/airflow/dags/postgres_operator.py for tasks to queue
[2025-03-14T06:39:05.134+0000] {logging_mixin.py:154} INFO - [2025-03-14T06:39:05.134+0000] {dagbag.py:536} INFO - Filling up the DagBag from /opt/airflow/dags/postgres_operator.py
[2025-03-14T06:39:05.146+0000] {processor.py:839} INFO - DAG(s) dict_keys(['dag_with_postgres_operator_v03']) retrieved from /opt/airflow/dags/postgres_operator.py
[2025-03-14T06:39:05.187+0000] {logging_mixin.py:154} INFO - [2025-03-14T06:39:05.186+0000] {dag.py:2941} INFO - Sync 1 DAGs
[2025-03-14T06:39:05.213+0000] {logging_mixin.py:154} INFO - [2025-03-14T06:39:05.213+0000] {dag.py:3722} INFO - Setting next_dagrun for dag_with_postgres_operator_v03 to 2025-03-14T00:00:00+00:00, run_after=2025-03-15T00:00:00+00:00
[2025-03-14T06:39:05.230+0000] {processor.py:179} INFO - Processing /opt/airflow/dags/postgres_operator.py took 0.101 seconds
[2025-03-14T06:39:35.719+0000] {processor.py:157} INFO - Started process (PID=67446) to work on /opt/airflow/dags/postgres_operator.py
[2025-03-14T06:39:35.729+0000] {processor.py:829} INFO - Processing file /opt/airflow/dags/postgres_operator.py for tasks to queue
[2025-03-14T06:39:35.730+0000] {logging_mixin.py:154} INFO - [2025-03-14T06:39:35.729+0000] {dagbag.py:536} INFO - Filling up the DagBag from /opt/airflow/dags/postgres_operator.py
[2025-03-14T06:39:35.742+0000] {processor.py:839} INFO - DAG(s) dict_keys(['dag_with_postgres_operator_v03']) retrieved from /opt/airflow/dags/postgres_operator.py
[2025-03-14T06:39:35.778+0000] {logging_mixin.py:154} INFO - [2025-03-14T06:39:35.777+0000] {dag.py:2941} INFO - Sync 1 DAGs
[2025-03-14T06:39:35.800+0000] {logging_mixin.py:154} INFO - [2025-03-14T06:39:35.800+0000] {dag.py:3722} INFO - Setting next_dagrun for dag_with_postgres_operator_v03 to 2025-03-14T00:00:00+00:00, run_after=2025-03-15T00:00:00+00:00
[2025-03-14T06:39:35.821+0000] {processor.py:179} INFO - Processing /opt/airflow/dags/postgres_operator.py took 0.104 seconds
[2025-03-14T06:40:06.396+0000] {processor.py:157} INFO - Started process (PID=67493) to work on /opt/airflow/dags/postgres_operator.py
[2025-03-14T06:40:06.396+0000] {processor.py:829} INFO - Processing file /opt/airflow/dags/postgres_operator.py for tasks to queue
[2025-03-14T06:40:06.397+0000] {logging_mixin.py:154} INFO - [2025-03-14T06:40:06.397+0000] {dagbag.py:536} INFO - Filling up the DagBag from /opt/airflow/dags/postgres_operator.py
[2025-03-14T06:40:06.405+0000] {processor.py:839} INFO - DAG(s) dict_keys(['dag_with_postgres_operator_v03']) retrieved from /opt/airflow/dags/postgres_operator.py
[2025-03-14T06:40:06.425+0000] {logging_mixin.py:154} INFO - [2025-03-14T06:40:06.425+0000] {dag.py:2941} INFO - Sync 1 DAGs
[2025-03-14T06:40:06.442+0000] {logging_mixin.py:154} INFO - [2025-03-14T06:40:06.441+0000] {dag.py:3722} INFO - Setting next_dagrun for dag_with_postgres_operator_v03 to 2025-03-14T00:00:00+00:00, run_after=2025-03-15T00:00:00+00:00
[2025-03-14T06:40:06.460+0000] {processor.py:179} INFO - Processing /opt/airflow/dags/postgres_operator.py took 0.067 seconds
[2025-03-14T06:40:37.027+0000] {processor.py:157} INFO - Started process (PID=67540) to work on /opt/airflow/dags/postgres_operator.py
[2025-03-14T06:40:37.037+0000] {processor.py:829} INFO - Processing file /opt/airflow/dags/postgres_operator.py for tasks to queue
[2025-03-14T06:40:37.038+0000] {logging_mixin.py:154} INFO - [2025-03-14T06:40:37.038+0000] {dagbag.py:536} INFO - Filling up the DagBag from /opt/airflow/dags/postgres_operator.py
[2025-03-14T06:40:37.046+0000] {processor.py:839} INFO - DAG(s) dict_keys(['dag_with_postgres_operator_v03']) retrieved from /opt/airflow/dags/postgres_operator.py
[2025-03-14T06:40:37.066+0000] {logging_mixin.py:154} INFO - [2025-03-14T06:40:37.066+0000] {dag.py:2941} INFO - Sync 1 DAGs
[2025-03-14T06:40:37.082+0000] {logging_mixin.py:154} INFO - [2025-03-14T06:40:37.082+0000] {dag.py:3722} INFO - Setting next_dagrun for dag_with_postgres_operator_v03 to 2025-03-14T00:00:00+00:00, run_after=2025-03-15T00:00:00+00:00
[2025-03-14T06:40:37.096+0000] {processor.py:179} INFO - Processing /opt/airflow/dags/postgres_operator.py took 0.071 seconds
[2025-03-14T06:41:07.578+0000] {processor.py:157} INFO - Started process (PID=67587) to work on /opt/airflow/dags/postgres_operator.py
[2025-03-14T06:41:07.578+0000] {processor.py:829} INFO - Processing file /opt/airflow/dags/postgres_operator.py for tasks to queue
[2025-03-14T06:41:07.579+0000] {logging_mixin.py:154} INFO - [2025-03-14T06:41:07.579+0000] {dagbag.py:536} INFO - Filling up the DagBag from /opt/airflow/dags/postgres_operator.py
[2025-03-14T06:41:07.589+0000] {processor.py:839} INFO - DAG(s) dict_keys(['dag_with_postgres_operator_v03']) retrieved from /opt/airflow/dags/postgres_operator.py
[2025-03-14T06:41:07.610+0000] {logging_mixin.py:154} INFO - [2025-03-14T06:41:07.610+0000] {dag.py:2941} INFO - Sync 1 DAGs
[2025-03-14T06:41:07.629+0000] {logging_mixin.py:154} INFO - [2025-03-14T06:41:07.628+0000] {dag.py:3722} INFO - Setting next_dagrun for dag_with_postgres_operator_v03 to 2025-03-14T00:00:00+00:00, run_after=2025-03-15T00:00:00+00:00
[2025-03-14T06:41:07.646+0000] {processor.py:179} INFO - Processing /opt/airflow/dags/postgres_operator.py took 0.070 seconds
[2025-03-14T06:41:38.124+0000] {processor.py:157} INFO - Started process (PID=67634) to work on /opt/airflow/dags/postgres_operator.py
[2025-03-14T06:41:38.134+0000] {processor.py:829} INFO - Processing file /opt/airflow/dags/postgres_operator.py for tasks to queue
[2025-03-14T06:41:38.134+0000] {logging_mixin.py:154} INFO - [2025-03-14T06:41:38.134+0000] {dagbag.py:536} INFO - Filling up the DagBag from /opt/airflow/dags/postgres_operator.py
[2025-03-14T06:41:38.142+0000] {processor.py:839} INFO - DAG(s) dict_keys(['dag_with_postgres_operator_v03']) retrieved from /opt/airflow/dags/postgres_operator.py
[2025-03-14T06:41:38.166+0000] {logging_mixin.py:154} INFO - [2025-03-14T06:41:38.165+0000] {dag.py:2941} INFO - Sync 1 DAGs
[2025-03-14T06:41:38.185+0000] {logging_mixin.py:154} INFO - [2025-03-14T06:41:38.185+0000] {dag.py:3722} INFO - Setting next_dagrun for dag_with_postgres_operator_v03 to 2025-03-14T00:00:00+00:00, run_after=2025-03-15T00:00:00+00:00
[2025-03-14T06:41:38.205+0000] {processor.py:179} INFO - Processing /opt/airflow/dags/postgres_operator.py took 0.084 seconds
[2025-03-14T06:42:08.831+0000] {processor.py:157} INFO - Started process (PID=67681) to work on /opt/airflow/dags/postgres_operator.py
[2025-03-14T06:42:08.832+0000] {processor.py:829} INFO - Processing file /opt/airflow/dags/postgres_operator.py for tasks to queue
[2025-03-14T06:42:08.833+0000] {logging_mixin.py:154} INFO - [2025-03-14T06:42:08.832+0000] {dagbag.py:536} INFO - Filling up the DagBag from /opt/airflow/dags/postgres_operator.py
[2025-03-14T06:42:08.843+0000] {processor.py:839} INFO - DAG(s) dict_keys(['dag_with_postgres_operator_v03']) retrieved from /opt/airflow/dags/postgres_operator.py
[2025-03-14T06:42:08.868+0000] {logging_mixin.py:154} INFO - [2025-03-14T06:42:08.868+0000] {dag.py:2941} INFO - Sync 1 DAGs
[2025-03-14T06:42:08.891+0000] {logging_mixin.py:154} INFO - [2025-03-14T06:42:08.890+0000] {dag.py:3722} INFO - Setting next_dagrun for dag_with_postgres_operator_v03 to 2025-03-14T00:00:00+00:00, run_after=2025-03-15T00:00:00+00:00
[2025-03-14T06:42:08.908+0000] {processor.py:179} INFO - Processing /opt/airflow/dags/postgres_operator.py took 0.080 seconds
[2025-03-14T06:42:39.467+0000] {processor.py:157} INFO - Started process (PID=67728) to work on /opt/airflow/dags/postgres_operator.py
[2025-03-14T06:42:39.477+0000] {processor.py:829} INFO - Processing file /opt/airflow/dags/postgres_operator.py for tasks to queue
[2025-03-14T06:42:39.478+0000] {logging_mixin.py:154} INFO - [2025-03-14T06:42:39.477+0000] {dagbag.py:536} INFO - Filling up the DagBag from /opt/airflow/dags/postgres_operator.py
[2025-03-14T06:42:39.489+0000] {processor.py:839} INFO - DAG(s) dict_keys(['dag_with_postgres_operator_v03']) retrieved from /opt/airflow/dags/postgres_operator.py
[2025-03-14T06:42:39.511+0000] {logging_mixin.py:154} INFO - [2025-03-14T06:42:39.511+0000] {dag.py:2941} INFO - Sync 1 DAGs
[2025-03-14T06:42:39.527+0000] {logging_mixin.py:154} INFO - [2025-03-14T06:42:39.527+0000] {dag.py:3722} INFO - Setting next_dagrun for dag_with_postgres_operator_v03 to 2025-03-14T00:00:00+00:00, run_after=2025-03-15T00:00:00+00:00
[2025-03-14T06:42:39.543+0000] {processor.py:179} INFO - Processing /opt/airflow/dags/postgres_operator.py took 0.082 seconds
[2025-03-14T06:43:10.144+0000] {processor.py:157} INFO - Started process (PID=67775) to work on /opt/airflow/dags/postgres_operator.py
[2025-03-14T06:43:10.145+0000] {processor.py:829} INFO - Processing file /opt/airflow/dags/postgres_operator.py for tasks to queue
[2025-03-14T06:43:10.145+0000] {logging_mixin.py:154} INFO - [2025-03-14T06:43:10.145+0000] {dagbag.py:536} INFO - Filling up the DagBag from /opt/airflow/dags/postgres_operator.py
[2025-03-14T06:43:10.154+0000] {processor.py:839} INFO - DAG(s) dict_keys(['dag_with_postgres_operator_v03']) retrieved from /opt/airflow/dags/postgres_operator.py
[2025-03-14T06:43:10.175+0000] {logging_mixin.py:154} INFO - [2025-03-14T06:43:10.175+0000] {dag.py:2941} INFO - Sync 1 DAGs
[2025-03-14T06:43:10.192+0000] {logging_mixin.py:154} INFO - [2025-03-14T06:43:10.191+0000] {dag.py:3722} INFO - Setting next_dagrun for dag_with_postgres_operator_v03 to 2025-03-14T00:00:00+00:00, run_after=2025-03-15T00:00:00+00:00
[2025-03-14T06:43:10.208+0000] {processor.py:179} INFO - Processing /opt/airflow/dags/postgres_operator.py took 0.066 seconds
[2025-03-14T06:43:40.724+0000] {processor.py:157} INFO - Started process (PID=67822) to work on /opt/airflow/dags/postgres_operator.py
[2025-03-14T06:43:40.725+0000] {processor.py:829} INFO - Processing file /opt/airflow/dags/postgres_operator.py for tasks to queue
[2025-03-14T06:43:40.726+0000] {logging_mixin.py:154} INFO - [2025-03-14T06:43:40.725+0000] {dagbag.py:536} INFO - Filling up the DagBag from /opt/airflow/dags/postgres_operator.py
[2025-03-14T06:43:40.735+0000] {processor.py:839} INFO - DAG(s) dict_keys(['dag_with_postgres_operator_v03']) retrieved from /opt/airflow/dags/postgres_operator.py
[2025-03-14T06:43:40.755+0000] {logging_mixin.py:154} INFO - [2025-03-14T06:43:40.755+0000] {dag.py:2941} INFO - Sync 1 DAGs
[2025-03-14T06:43:40.770+0000] {logging_mixin.py:154} INFO - [2025-03-14T06:43:40.770+0000] {dag.py:3722} INFO - Setting next_dagrun for dag_with_postgres_operator_v03 to 2025-03-14T00:00:00+00:00, run_after=2025-03-15T00:00:00+00:00
[2025-03-14T06:43:40.785+0000] {processor.py:179} INFO - Processing /opt/airflow/dags/postgres_operator.py took 0.066 seconds
[2025-03-14T06:44:11.353+0000] {processor.py:157} INFO - Started process (PID=67869) to work on /opt/airflow/dags/postgres_operator.py
[2025-03-14T06:44:11.355+0000] {processor.py:829} INFO - Processing file /opt/airflow/dags/postgres_operator.py for tasks to queue
[2025-03-14T06:44:11.356+0000] {logging_mixin.py:154} INFO - [2025-03-14T06:44:11.355+0000] {dagbag.py:536} INFO - Filling up the DagBag from /opt/airflow/dags/postgres_operator.py
[2025-03-14T06:44:11.368+0000] {processor.py:839} INFO - DAG(s) dict_keys(['dag_with_postgres_operator_v03']) retrieved from /opt/airflow/dags/postgres_operator.py
[2025-03-14T06:44:11.392+0000] {logging_mixin.py:154} INFO - [2025-03-14T06:44:11.392+0000] {dag.py:2941} INFO - Sync 1 DAGs
[2025-03-14T06:44:11.408+0000] {logging_mixin.py:154} INFO - [2025-03-14T06:44:11.408+0000] {dag.py:3722} INFO - Setting next_dagrun for dag_with_postgres_operator_v03 to 2025-03-14T00:00:00+00:00, run_after=2025-03-15T00:00:00+00:00
[2025-03-14T06:44:11.426+0000] {processor.py:179} INFO - Processing /opt/airflow/dags/postgres_operator.py took 0.078 seconds
[2025-03-14T06:44:42.004+0000] {processor.py:157} INFO - Started process (PID=67917) to work on /opt/airflow/dags/postgres_operator.py
[2025-03-14T06:44:42.015+0000] {processor.py:829} INFO - Processing file /opt/airflow/dags/postgres_operator.py for tasks to queue
[2025-03-14T06:44:42.016+0000] {logging_mixin.py:154} INFO - [2025-03-14T06:44:42.016+0000] {dagbag.py:536} INFO - Filling up the DagBag from /opt/airflow/dags/postgres_operator.py
[2025-03-14T06:44:42.030+0000] {processor.py:839} INFO - DAG(s) dict_keys(['dag_with_postgres_operator_v03']) retrieved from /opt/airflow/dags/postgres_operator.py
[2025-03-14T06:44:42.058+0000] {logging_mixin.py:154} INFO - [2025-03-14T06:44:42.057+0000] {dag.py:2941} INFO - Sync 1 DAGs
[2025-03-14T06:44:42.077+0000] {logging_mixin.py:154} INFO - [2025-03-14T06:44:42.076+0000] {dag.py:3722} INFO - Setting next_dagrun for dag_with_postgres_operator_v03 to 2025-03-14T00:00:00+00:00, run_after=2025-03-15T00:00:00+00:00
[2025-03-14T06:44:42.092+0000] {processor.py:179} INFO - Processing /opt/airflow/dags/postgres_operator.py took 0.091 seconds
[2025-03-14T06:45:12.584+0000] {processor.py:157} INFO - Started process (PID=67964) to work on /opt/airflow/dags/postgres_operator.py
[2025-03-14T06:45:12.584+0000] {processor.py:829} INFO - Processing file /opt/airflow/dags/postgres_operator.py for tasks to queue
[2025-03-14T06:45:12.585+0000] {logging_mixin.py:154} INFO - [2025-03-14T06:45:12.585+0000] {dagbag.py:536} INFO - Filling up the DagBag from /opt/airflow/dags/postgres_operator.py
[2025-03-14T06:45:12.593+0000] {processor.py:839} INFO - DAG(s) dict_keys(['dag_with_postgres_operator_v03']) retrieved from /opt/airflow/dags/postgres_operator.py
[2025-03-14T06:45:12.615+0000] {logging_mixin.py:154} INFO - [2025-03-14T06:45:12.615+0000] {dag.py:2941} INFO - Sync 1 DAGs
[2025-03-14T06:45:12.632+0000] {logging_mixin.py:154} INFO - [2025-03-14T06:45:12.631+0000] {dag.py:3722} INFO - Setting next_dagrun for dag_with_postgres_operator_v03 to 2025-03-14T00:00:00+00:00, run_after=2025-03-15T00:00:00+00:00
[2025-03-14T06:45:12.652+0000] {processor.py:179} INFO - Processing /opt/airflow/dags/postgres_operator.py took 0.070 seconds
[2025-03-14T06:45:43.157+0000] {processor.py:157} INFO - Started process (PID=68011) to work on /opt/airflow/dags/postgres_operator.py
[2025-03-14T06:45:43.168+0000] {processor.py:829} INFO - Processing file /opt/airflow/dags/postgres_operator.py for tasks to queue
[2025-03-14T06:45:43.168+0000] {logging_mixin.py:154} INFO - [2025-03-14T06:45:43.168+0000] {dagbag.py:536} INFO - Filling up the DagBag from /opt/airflow/dags/postgres_operator.py
[2025-03-14T06:45:43.176+0000] {processor.py:839} INFO - DAG(s) dict_keys(['dag_with_postgres_operator_v03']) retrieved from /opt/airflow/dags/postgres_operator.py
[2025-03-14T06:45:43.207+0000] {logging_mixin.py:154} INFO - [2025-03-14T06:45:43.207+0000] {dag.py:2941} INFO - Sync 1 DAGs
[2025-03-14T06:45:43.225+0000] {logging_mixin.py:154} INFO - [2025-03-14T06:45:43.225+0000] {dag.py:3722} INFO - Setting next_dagrun for dag_with_postgres_operator_v03 to 2025-03-14T00:00:00+00:00, run_after=2025-03-15T00:00:00+00:00
[2025-03-14T06:45:43.242+0000] {processor.py:179} INFO - Processing /opt/airflow/dags/postgres_operator.py took 0.087 seconds
[2025-03-14T06:46:13.831+0000] {processor.py:157} INFO - Started process (PID=68058) to work on /opt/airflow/dags/postgres_operator.py
[2025-03-14T06:46:13.831+0000] {processor.py:829} INFO - Processing file /opt/airflow/dags/postgres_operator.py for tasks to queue
[2025-03-14T06:46:13.832+0000] {logging_mixin.py:154} INFO - [2025-03-14T06:46:13.832+0000] {dagbag.py:536} INFO - Filling up the DagBag from /opt/airflow/dags/postgres_operator.py
[2025-03-14T06:46:13.840+0000] {processor.py:839} INFO - DAG(s) dict_keys(['dag_with_postgres_operator_v03']) retrieved from /opt/airflow/dags/postgres_operator.py
[2025-03-14T06:46:13.863+0000] {logging_mixin.py:154} INFO - [2025-03-14T06:46:13.863+0000] {dag.py:2941} INFO - Sync 1 DAGs
[2025-03-14T06:46:13.879+0000] {logging_mixin.py:154} INFO - [2025-03-14T06:46:13.879+0000] {dag.py:3722} INFO - Setting next_dagrun for dag_with_postgres_operator_v03 to 2025-03-14T00:00:00+00:00, run_after=2025-03-15T00:00:00+00:00
[2025-03-14T06:46:13.894+0000] {processor.py:179} INFO - Processing /opt/airflow/dags/postgres_operator.py took 0.066 seconds
[2025-03-14T06:46:44.493+0000] {processor.py:157} INFO - Started process (PID=68105) to work on /opt/airflow/dags/postgres_operator.py
[2025-03-14T06:46:44.504+0000] {processor.py:829} INFO - Processing file /opt/airflow/dags/postgres_operator.py for tasks to queue
[2025-03-14T06:46:44.505+0000] {logging_mixin.py:154} INFO - [2025-03-14T06:46:44.504+0000] {dagbag.py:536} INFO - Filling up the DagBag from /opt/airflow/dags/postgres_operator.py
[2025-03-14T06:46:44.521+0000] {processor.py:839} INFO - DAG(s) dict_keys(['dag_with_postgres_operator_v03']) retrieved from /opt/airflow/dags/postgres_operator.py
[2025-03-14T06:46:44.546+0000] {logging_mixin.py:154} INFO - [2025-03-14T06:46:44.545+0000] {dag.py:2941} INFO - Sync 1 DAGs
[2025-03-14T06:46:44.562+0000] {logging_mixin.py:154} INFO - [2025-03-14T06:46:44.561+0000] {dag.py:3722} INFO - Setting next_dagrun for dag_with_postgres_operator_v03 to 2025-03-14T00:00:00+00:00, run_after=2025-03-15T00:00:00+00:00
[2025-03-14T06:46:44.589+0000] {processor.py:179} INFO - Processing /opt/airflow/dags/postgres_operator.py took 0.100 seconds
[2025-03-14T06:47:15.074+0000] {processor.py:157} INFO - Started process (PID=68152) to work on /opt/airflow/dags/postgres_operator.py
[2025-03-14T06:47:15.075+0000] {processor.py:829} INFO - Processing file /opt/airflow/dags/postgres_operator.py for tasks to queue
[2025-03-14T06:47:15.076+0000] {logging_mixin.py:154} INFO - [2025-03-14T06:47:15.075+0000] {dagbag.py:536} INFO - Filling up the DagBag from /opt/airflow/dags/postgres_operator.py
[2025-03-14T06:47:15.086+0000] {processor.py:839} INFO - DAG(s) dict_keys(['dag_with_postgres_operator_v03']) retrieved from /opt/airflow/dags/postgres_operator.py
[2025-03-14T06:47:15.106+0000] {logging_mixin.py:154} INFO - [2025-03-14T06:47:15.106+0000] {dag.py:2941} INFO - Sync 1 DAGs
[2025-03-14T06:47:15.123+0000] {logging_mixin.py:154} INFO - [2025-03-14T06:47:15.123+0000] {dag.py:3722} INFO - Setting next_dagrun for dag_with_postgres_operator_v03 to 2025-03-14T00:00:00+00:00, run_after=2025-03-15T00:00:00+00:00
[2025-03-14T06:47:15.138+0000] {processor.py:179} INFO - Processing /opt/airflow/dags/postgres_operator.py took 0.068 seconds
[2025-03-14T06:47:45.654+0000] {processor.py:157} INFO - Started process (PID=68199) to work on /opt/airflow/dags/postgres_operator.py
[2025-03-14T06:47:45.664+0000] {processor.py:829} INFO - Processing file /opt/airflow/dags/postgres_operator.py for tasks to queue
[2025-03-14T06:47:45.665+0000] {logging_mixin.py:154} INFO - [2025-03-14T06:47:45.665+0000] {dagbag.py:536} INFO - Filling up the DagBag from /opt/airflow/dags/postgres_operator.py
[2025-03-14T06:47:45.674+0000] {processor.py:839} INFO - DAG(s) dict_keys(['dag_with_postgres_operator_v03']) retrieved from /opt/airflow/dags/postgres_operator.py
[2025-03-14T06:47:45.693+0000] {logging_mixin.py:154} INFO - [2025-03-14T06:47:45.693+0000] {dag.py:2941} INFO - Sync 1 DAGs
[2025-03-14T06:47:45.707+0000] {logging_mixin.py:154} INFO - [2025-03-14T06:47:45.707+0000] {dag.py:3722} INFO - Setting next_dagrun for dag_with_postgres_operator_v03 to 2025-03-14T00:00:00+00:00, run_after=2025-03-15T00:00:00+00:00
[2025-03-14T06:47:45.723+0000] {processor.py:179} INFO - Processing /opt/airflow/dags/postgres_operator.py took 0.071 seconds
[2025-03-14T06:48:16.279+0000] {processor.py:157} INFO - Started process (PID=68246) to work on /opt/airflow/dags/postgres_operator.py
[2025-03-14T06:48:16.279+0000] {processor.py:829} INFO - Processing file /opt/airflow/dags/postgres_operator.py for tasks to queue
[2025-03-14T06:48:16.280+0000] {logging_mixin.py:154} INFO - [2025-03-14T06:48:16.280+0000] {dagbag.py:536} INFO - Filling up the DagBag from /opt/airflow/dags/postgres_operator.py
[2025-03-14T06:48:16.288+0000] {processor.py:839} INFO - DAG(s) dict_keys(['dag_with_postgres_operator_v03']) retrieved from /opt/airflow/dags/postgres_operator.py
[2025-03-14T06:48:16.307+0000] {logging_mixin.py:154} INFO - [2025-03-14T06:48:16.307+0000] {dag.py:2941} INFO - Sync 1 DAGs
[2025-03-14T06:48:16.322+0000] {logging_mixin.py:154} INFO - [2025-03-14T06:48:16.322+0000] {dag.py:3722} INFO - Setting next_dagrun for dag_with_postgres_operator_v03 to 2025-03-14T00:00:00+00:00, run_after=2025-03-15T00:00:00+00:00
[2025-03-14T06:48:16.338+0000] {processor.py:179} INFO - Processing /opt/airflow/dags/postgres_operator.py took 0.062 seconds
[2025-03-14T06:48:46.840+0000] {processor.py:157} INFO - Started process (PID=68294) to work on /opt/airflow/dags/postgres_operator.py
[2025-03-14T06:48:46.850+0000] {processor.py:829} INFO - Processing file /opt/airflow/dags/postgres_operator.py for tasks to queue
[2025-03-14T06:48:46.852+0000] {logging_mixin.py:154} INFO - [2025-03-14T06:48:46.851+0000] {dagbag.py:536} INFO - Filling up the DagBag from /opt/airflow/dags/postgres_operator.py
[2025-03-14T06:48:46.867+0000] {processor.py:839} INFO - DAG(s) dict_keys(['dag_with_postgres_operator_v03']) retrieved from /opt/airflow/dags/postgres_operator.py
[2025-03-14T06:48:46.886+0000] {logging_mixin.py:154} INFO - [2025-03-14T06:48:46.885+0000] {dag.py:2941} INFO - Sync 1 DAGs
[2025-03-14T06:48:46.901+0000] {logging_mixin.py:154} INFO - [2025-03-14T06:48:46.901+0000] {dag.py:3722} INFO - Setting next_dagrun for dag_with_postgres_operator_v03 to 2025-03-14T00:00:00+00:00, run_after=2025-03-15T00:00:00+00:00
[2025-03-14T06:48:46.918+0000] {processor.py:179} INFO - Processing /opt/airflow/dags/postgres_operator.py took 0.082 seconds
[2025-03-14T06:49:17.480+0000] {processor.py:157} INFO - Started process (PID=68341) to work on /opt/airflow/dags/postgres_operator.py
[2025-03-14T06:49:17.481+0000] {processor.py:829} INFO - Processing file /opt/airflow/dags/postgres_operator.py for tasks to queue
[2025-03-14T06:49:17.482+0000] {logging_mixin.py:154} INFO - [2025-03-14T06:49:17.482+0000] {dagbag.py:536} INFO - Filling up the DagBag from /opt/airflow/dags/postgres_operator.py
[2025-03-14T06:49:17.493+0000] {processor.py:839} INFO - DAG(s) dict_keys(['dag_with_postgres_operator_v03']) retrieved from /opt/airflow/dags/postgres_operator.py
[2025-03-14T06:49:17.512+0000] {logging_mixin.py:154} INFO - [2025-03-14T06:49:17.512+0000] {dag.py:2941} INFO - Sync 1 DAGs
[2025-03-14T06:49:17.529+0000] {logging_mixin.py:154} INFO - [2025-03-14T06:49:17.529+0000] {dag.py:3722} INFO - Setting next_dagrun for dag_with_postgres_operator_v03 to 2025-03-14T00:00:00+00:00, run_after=2025-03-15T00:00:00+00:00
[2025-03-14T06:49:17.543+0000] {processor.py:179} INFO - Processing /opt/airflow/dags/postgres_operator.py took 0.068 seconds
[2025-03-14T06:49:48.036+0000] {processor.py:157} INFO - Started process (PID=68388) to work on /opt/airflow/dags/postgres_operator.py
[2025-03-14T06:49:48.046+0000] {processor.py:829} INFO - Processing file /opt/airflow/dags/postgres_operator.py for tasks to queue
[2025-03-14T06:49:48.047+0000] {logging_mixin.py:154} INFO - [2025-03-14T06:49:48.046+0000] {dagbag.py:536} INFO - Filling up the DagBag from /opt/airflow/dags/postgres_operator.py
[2025-03-14T06:49:48.061+0000] {processor.py:839} INFO - DAG(s) dict_keys(['dag_with_postgres_operator_v03']) retrieved from /opt/airflow/dags/postgres_operator.py
[2025-03-14T06:49:48.091+0000] {logging_mixin.py:154} INFO - [2025-03-14T06:49:48.091+0000] {dag.py:2941} INFO - Sync 1 DAGs
[2025-03-14T06:49:48.112+0000] {logging_mixin.py:154} INFO - [2025-03-14T06:49:48.112+0000] {dag.py:3722} INFO - Setting next_dagrun for dag_with_postgres_operator_v03 to 2025-03-14T00:00:00+00:00, run_after=2025-03-15T00:00:00+00:00
[2025-03-14T06:49:48.132+0000] {processor.py:179} INFO - Processing /opt/airflow/dags/postgres_operator.py took 0.100 seconds
[2025-03-14T06:50:18.672+0000] {processor.py:157} INFO - Started process (PID=68435) to work on /opt/airflow/dags/postgres_operator.py
[2025-03-14T06:50:18.673+0000] {processor.py:829} INFO - Processing file /opt/airflow/dags/postgres_operator.py for tasks to queue
[2025-03-14T06:50:18.674+0000] {logging_mixin.py:154} INFO - [2025-03-14T06:50:18.673+0000] {dagbag.py:536} INFO - Filling up the DagBag from /opt/airflow/dags/postgres_operator.py
[2025-03-14T06:50:18.682+0000] {processor.py:839} INFO - DAG(s) dict_keys(['dag_with_postgres_operator_v03']) retrieved from /opt/airflow/dags/postgres_operator.py
[2025-03-14T06:50:18.705+0000] {logging_mixin.py:154} INFO - [2025-03-14T06:50:18.705+0000] {dag.py:2941} INFO - Sync 1 DAGs
[2025-03-14T06:50:18.720+0000] {logging_mixin.py:154} INFO - [2025-03-14T06:50:18.720+0000] {dag.py:3722} INFO - Setting next_dagrun for dag_with_postgres_operator_v03 to 2025-03-14T00:00:00+00:00, run_after=2025-03-15T00:00:00+00:00
[2025-03-14T06:50:18.734+0000] {processor.py:179} INFO - Processing /opt/airflow/dags/postgres_operator.py took 0.064 seconds
[2025-03-14T06:50:49.262+0000] {processor.py:157} INFO - Started process (PID=68482) to work on /opt/airflow/dags/postgres_operator.py
[2025-03-14T06:50:49.272+0000] {processor.py:829} INFO - Processing file /opt/airflow/dags/postgres_operator.py for tasks to queue
[2025-03-14T06:50:49.273+0000] {logging_mixin.py:154} INFO - [2025-03-14T06:50:49.273+0000] {dagbag.py:536} INFO - Filling up the DagBag from /opt/airflow/dags/postgres_operator.py
[2025-03-14T06:50:49.285+0000] {processor.py:839} INFO - DAG(s) dict_keys(['dag_with_postgres_operator_v03']) retrieved from /opt/airflow/dags/postgres_operator.py
[2025-03-14T06:50:49.306+0000] {logging_mixin.py:154} INFO - [2025-03-14T06:50:49.306+0000] {dag.py:2941} INFO - Sync 1 DAGs
[2025-03-14T06:50:49.321+0000] {logging_mixin.py:154} INFO - [2025-03-14T06:50:49.321+0000] {dag.py:3722} INFO - Setting next_dagrun for dag_with_postgres_operator_v03 to 2025-03-14T00:00:00+00:00, run_after=2025-03-15T00:00:00+00:00
[2025-03-14T06:50:49.336+0000] {processor.py:179} INFO - Processing /opt/airflow/dags/postgres_operator.py took 0.076 seconds
[2025-03-14T06:51:19.851+0000] {processor.py:157} INFO - Started process (PID=68529) to work on /opt/airflow/dags/postgres_operator.py
[2025-03-14T06:51:19.852+0000] {processor.py:829} INFO - Processing file /opt/airflow/dags/postgres_operator.py for tasks to queue
[2025-03-14T06:51:19.853+0000] {logging_mixin.py:154} INFO - [2025-03-14T06:51:19.852+0000] {dagbag.py:536} INFO - Filling up the DagBag from /opt/airflow/dags/postgres_operator.py
[2025-03-14T06:51:19.863+0000] {processor.py:839} INFO - DAG(s) dict_keys(['dag_with_postgres_operator_v03']) retrieved from /opt/airflow/dags/postgres_operator.py
[2025-03-14T06:51:19.880+0000] {logging_mixin.py:154} INFO - [2025-03-14T06:51:19.880+0000] {dag.py:2941} INFO - Sync 1 DAGs
[2025-03-14T06:51:19.895+0000] {logging_mixin.py:154} INFO - [2025-03-14T06:51:19.895+0000] {dag.py:3722} INFO - Setting next_dagrun for dag_with_postgres_operator_v03 to 2025-03-14T00:00:00+00:00, run_after=2025-03-15T00:00:00+00:00
[2025-03-14T06:51:19.913+0000] {processor.py:179} INFO - Processing /opt/airflow/dags/postgres_operator.py took 0.066 seconds
[2025-03-14T06:51:50.389+0000] {processor.py:157} INFO - Started process (PID=68576) to work on /opt/airflow/dags/postgres_operator.py
[2025-03-14T06:51:50.399+0000] {processor.py:829} INFO - Processing file /opt/airflow/dags/postgres_operator.py for tasks to queue
[2025-03-14T06:51:50.400+0000] {logging_mixin.py:154} INFO - [2025-03-14T06:51:50.399+0000] {dagbag.py:536} INFO - Filling up the DagBag from /opt/airflow/dags/postgres_operator.py
[2025-03-14T06:51:50.411+0000] {processor.py:839} INFO - DAG(s) dict_keys(['dag_with_postgres_operator_v03']) retrieved from /opt/airflow/dags/postgres_operator.py
[2025-03-14T06:51:50.429+0000] {logging_mixin.py:154} INFO - [2025-03-14T06:51:50.429+0000] {dag.py:2941} INFO - Sync 1 DAGs
[2025-03-14T06:51:50.445+0000] {logging_mixin.py:154} INFO - [2025-03-14T06:51:50.445+0000] {dag.py:3722} INFO - Setting next_dagrun for dag_with_postgres_operator_v03 to 2025-03-14T00:00:00+00:00, run_after=2025-03-15T00:00:00+00:00
[2025-03-14T06:51:50.461+0000] {processor.py:179} INFO - Processing /opt/airflow/dags/postgres_operator.py took 0.075 seconds
[2025-03-14T06:52:21.054+0000] {processor.py:157} INFO - Started process (PID=68623) to work on /opt/airflow/dags/postgres_operator.py
[2025-03-14T06:52:21.055+0000] {processor.py:829} INFO - Processing file /opt/airflow/dags/postgres_operator.py for tasks to queue
[2025-03-14T06:52:21.056+0000] {logging_mixin.py:154} INFO - [2025-03-14T06:52:21.055+0000] {dagbag.py:536} INFO - Filling up the DagBag from /opt/airflow/dags/postgres_operator.py
[2025-03-14T06:52:21.066+0000] {processor.py:839} INFO - DAG(s) dict_keys(['dag_with_postgres_operator_v03']) retrieved from /opt/airflow/dags/postgres_operator.py
[2025-03-14T06:52:21.092+0000] {logging_mixin.py:154} INFO - [2025-03-14T06:52:21.092+0000] {dag.py:2941} INFO - Sync 1 DAGs
[2025-03-14T06:52:21.110+0000] {logging_mixin.py:154} INFO - [2025-03-14T06:52:21.109+0000] {dag.py:3722} INFO - Setting next_dagrun for dag_with_postgres_operator_v03 to 2025-03-14T00:00:00+00:00, run_after=2025-03-15T00:00:00+00:00
[2025-03-14T06:52:21.125+0000] {processor.py:179} INFO - Processing /opt/airflow/dags/postgres_operator.py took 0.075 seconds
[2025-03-14T06:52:51.620+0000] {processor.py:157} INFO - Started process (PID=68677) to work on /opt/airflow/dags/postgres_operator.py
[2025-03-14T06:52:51.631+0000] {processor.py:829} INFO - Processing file /opt/airflow/dags/postgres_operator.py for tasks to queue
[2025-03-14T06:52:51.632+0000] {logging_mixin.py:154} INFO - [2025-03-14T06:52:51.631+0000] {dagbag.py:536} INFO - Filling up the DagBag from /opt/airflow/dags/postgres_operator.py
[2025-03-14T06:52:51.643+0000] {processor.py:839} INFO - DAG(s) dict_keys(['dag_with_postgres_operator_v03']) retrieved from /opt/airflow/dags/postgres_operator.py
[2025-03-14T06:52:51.668+0000] {logging_mixin.py:154} INFO - [2025-03-14T06:52:51.668+0000] {dag.py:2941} INFO - Sync 1 DAGs
[2025-03-14T06:52:51.686+0000] {logging_mixin.py:154} INFO - [2025-03-14T06:52:51.686+0000] {dag.py:3722} INFO - Setting next_dagrun for dag_with_postgres_operator_v03 to 2025-03-14T00:00:00+00:00, run_after=2025-03-15T00:00:00+00:00
[2025-03-14T06:52:51.703+0000] {processor.py:179} INFO - Processing /opt/airflow/dags/postgres_operator.py took 0.086 seconds
[2025-03-14T06:53:22.320+0000] {processor.py:157} INFO - Started process (PID=68724) to work on /opt/airflow/dags/postgres_operator.py
[2025-03-14T06:53:22.321+0000] {processor.py:829} INFO - Processing file /opt/airflow/dags/postgres_operator.py for tasks to queue
[2025-03-14T06:53:22.322+0000] {logging_mixin.py:154} INFO - [2025-03-14T06:53:22.321+0000] {dagbag.py:536} INFO - Filling up the DagBag from /opt/airflow/dags/postgres_operator.py
[2025-03-14T06:53:22.331+0000] {processor.py:839} INFO - DAG(s) dict_keys(['dag_with_postgres_operator_v03']) retrieved from /opt/airflow/dags/postgres_operator.py
[2025-03-14T06:53:22.351+0000] {logging_mixin.py:154} INFO - [2025-03-14T06:53:22.351+0000] {dag.py:2941} INFO - Sync 1 DAGs
[2025-03-14T06:53:22.366+0000] {logging_mixin.py:154} INFO - [2025-03-14T06:53:22.366+0000] {dag.py:3722} INFO - Setting next_dagrun for dag_with_postgres_operator_v03 to 2025-03-14T00:00:00+00:00, run_after=2025-03-15T00:00:00+00:00
[2025-03-14T06:53:22.380+0000] {processor.py:179} INFO - Processing /opt/airflow/dags/postgres_operator.py took 0.062 seconds
[2025-03-14T06:53:53.012+0000] {processor.py:157} INFO - Started process (PID=68771) to work on /opt/airflow/dags/postgres_operator.py
[2025-03-14T06:53:53.022+0000] {processor.py:829} INFO - Processing file /opt/airflow/dags/postgres_operator.py for tasks to queue
[2025-03-14T06:53:53.023+0000] {logging_mixin.py:154} INFO - [2025-03-14T06:53:53.023+0000] {dagbag.py:536} INFO - Filling up the DagBag from /opt/airflow/dags/postgres_operator.py
[2025-03-14T06:53:53.033+0000] {processor.py:839} INFO - DAG(s) dict_keys(['dag_with_postgres_operator_v03']) retrieved from /opt/airflow/dags/postgres_operator.py
[2025-03-14T06:53:53.063+0000] {logging_mixin.py:154} INFO - [2025-03-14T06:53:53.062+0000] {dag.py:2941} INFO - Sync 1 DAGs
[2025-03-14T06:53:53.084+0000] {logging_mixin.py:154} INFO - [2025-03-14T06:53:53.084+0000] {dag.py:3722} INFO - Setting next_dagrun for dag_with_postgres_operator_v03 to 2025-03-14T00:00:00+00:00, run_after=2025-03-15T00:00:00+00:00
[2025-03-14T06:53:53.103+0000] {processor.py:179} INFO - Processing /opt/airflow/dags/postgres_operator.py took 0.095 seconds
[2025-03-14T06:54:23.632+0000] {processor.py:157} INFO - Started process (PID=68818) to work on /opt/airflow/dags/postgres_operator.py
[2025-03-14T06:54:23.633+0000] {processor.py:829} INFO - Processing file /opt/airflow/dags/postgres_operator.py for tasks to queue
[2025-03-14T06:54:23.634+0000] {logging_mixin.py:154} INFO - [2025-03-14T06:54:23.633+0000] {dagbag.py:536} INFO - Filling up the DagBag from /opt/airflow/dags/postgres_operator.py
[2025-03-14T06:54:23.643+0000] {processor.py:839} INFO - DAG(s) dict_keys(['dag_with_postgres_operator_v03']) retrieved from /opt/airflow/dags/postgres_operator.py
[2025-03-14T06:54:23.665+0000] {logging_mixin.py:154} INFO - [2025-03-14T06:54:23.665+0000] {dag.py:2941} INFO - Sync 1 DAGs
[2025-03-14T06:54:23.681+0000] {logging_mixin.py:154} INFO - [2025-03-14T06:54:23.681+0000] {dag.py:3722} INFO - Setting next_dagrun for dag_with_postgres_operator_v03 to 2025-03-14T00:00:00+00:00, run_after=2025-03-15T00:00:00+00:00
[2025-03-14T06:54:23.695+0000] {processor.py:179} INFO - Processing /opt/airflow/dags/postgres_operator.py took 0.066 seconds
[2025-03-14T06:54:54.285+0000] {processor.py:157} INFO - Started process (PID=68865) to work on /opt/airflow/dags/postgres_operator.py
[2025-03-14T06:54:54.295+0000] {processor.py:829} INFO - Processing file /opt/airflow/dags/postgres_operator.py for tasks to queue
[2025-03-14T06:54:54.297+0000] {logging_mixin.py:154} INFO - [2025-03-14T06:54:54.296+0000] {dagbag.py:536} INFO - Filling up the DagBag from /opt/airflow/dags/postgres_operator.py
[2025-03-14T06:54:54.310+0000] {processor.py:839} INFO - DAG(s) dict_keys(['dag_with_postgres_operator_v03']) retrieved from /opt/airflow/dags/postgres_operator.py
[2025-03-14T06:54:54.334+0000] {logging_mixin.py:154} INFO - [2025-03-14T06:54:54.334+0000] {dag.py:2941} INFO - Sync 1 DAGs
[2025-03-14T06:54:54.361+0000] {logging_mixin.py:154} INFO - [2025-03-14T06:54:54.360+0000] {dag.py:3722} INFO - Setting next_dagrun for dag_with_postgres_operator_v03 to 2025-03-14T00:00:00+00:00, run_after=2025-03-15T00:00:00+00:00
[2025-03-14T06:54:54.378+0000] {processor.py:179} INFO - Processing /opt/airflow/dags/postgres_operator.py took 0.096 seconds
[2025-03-14T06:55:24.892+0000] {processor.py:157} INFO - Started process (PID=68912) to work on /opt/airflow/dags/postgres_operator.py
[2025-03-14T06:55:24.893+0000] {processor.py:829} INFO - Processing file /opt/airflow/dags/postgres_operator.py for tasks to queue
[2025-03-14T06:55:24.894+0000] {logging_mixin.py:154} INFO - [2025-03-14T06:55:24.894+0000] {dagbag.py:536} INFO - Filling up the DagBag from /opt/airflow/dags/postgres_operator.py
[2025-03-14T06:55:24.904+0000] {processor.py:839} INFO - DAG(s) dict_keys(['dag_with_postgres_operator_v03']) retrieved from /opt/airflow/dags/postgres_operator.py
[2025-03-14T06:55:24.934+0000] {logging_mixin.py:154} INFO - [2025-03-14T06:55:24.933+0000] {dag.py:2941} INFO - Sync 1 DAGs
[2025-03-14T06:55:24.948+0000] {logging_mixin.py:154} INFO - [2025-03-14T06:55:24.948+0000] {dag.py:3722} INFO - Setting next_dagrun for dag_with_postgres_operator_v03 to 2025-03-14T00:00:00+00:00, run_after=2025-03-15T00:00:00+00:00
[2025-03-14T06:55:24.961+0000] {processor.py:179} INFO - Processing /opt/airflow/dags/postgres_operator.py took 0.073 seconds
[2025-03-14T06:55:55.647+0000] {processor.py:157} INFO - Started process (PID=68959) to work on /opt/airflow/dags/postgres_operator.py
[2025-03-14T06:55:55.657+0000] {processor.py:829} INFO - Processing file /opt/airflow/dags/postgres_operator.py for tasks to queue
[2025-03-14T06:55:55.658+0000] {logging_mixin.py:154} INFO - [2025-03-14T06:55:55.658+0000] {dagbag.py:536} INFO - Filling up the DagBag from /opt/airflow/dags/postgres_operator.py
[2025-03-14T06:55:55.669+0000] {processor.py:839} INFO - DAG(s) dict_keys(['dag_with_postgres_operator_v03']) retrieved from /opt/airflow/dags/postgres_operator.py
[2025-03-14T06:55:55.705+0000] {logging_mixin.py:154} INFO - [2025-03-14T06:55:55.705+0000] {dag.py:2941} INFO - Sync 1 DAGs
[2025-03-14T06:55:55.722+0000] {logging_mixin.py:154} INFO - [2025-03-14T06:55:55.721+0000] {dag.py:3722} INFO - Setting next_dagrun for dag_with_postgres_operator_v03 to 2025-03-14T00:00:00+00:00, run_after=2025-03-15T00:00:00+00:00
[2025-03-14T06:55:55.738+0000] {processor.py:179} INFO - Processing /opt/airflow/dags/postgres_operator.py took 0.094 seconds
[2025-03-14T06:56:26.285+0000] {processor.py:157} INFO - Started process (PID=69006) to work on /opt/airflow/dags/postgres_operator.py
[2025-03-14T06:56:26.286+0000] {processor.py:829} INFO - Processing file /opt/airflow/dags/postgres_operator.py for tasks to queue
[2025-03-14T06:56:26.286+0000] {logging_mixin.py:154} INFO - [2025-03-14T06:56:26.286+0000] {dagbag.py:536} INFO - Filling up the DagBag from /opt/airflow/dags/postgres_operator.py
[2025-03-14T06:56:26.296+0000] {processor.py:839} INFO - DAG(s) dict_keys(['dag_with_postgres_operator_v03']) retrieved from /opt/airflow/dags/postgres_operator.py
[2025-03-14T06:56:26.327+0000] {logging_mixin.py:154} INFO - [2025-03-14T06:56:26.327+0000] {dag.py:2941} INFO - Sync 1 DAGs
[2025-03-14T06:56:26.356+0000] {logging_mixin.py:154} INFO - [2025-03-14T06:56:26.356+0000] {dag.py:3722} INFO - Setting next_dagrun for dag_with_postgres_operator_v03 to 2025-03-14T00:00:00+00:00, run_after=2025-03-15T00:00:00+00:00
[2025-03-14T06:56:26.378+0000] {processor.py:179} INFO - Processing /opt/airflow/dags/postgres_operator.py took 0.096 seconds
[2025-03-14T06:56:56.888+0000] {processor.py:157} INFO - Started process (PID=69053) to work on /opt/airflow/dags/postgres_operator.py
[2025-03-14T06:56:56.898+0000] {processor.py:829} INFO - Processing file /opt/airflow/dags/postgres_operator.py for tasks to queue
[2025-03-14T06:56:56.900+0000] {logging_mixin.py:154} INFO - [2025-03-14T06:56:56.899+0000] {dagbag.py:536} INFO - Filling up the DagBag from /opt/airflow/dags/postgres_operator.py
[2025-03-14T06:56:56.911+0000] {processor.py:839} INFO - DAG(s) dict_keys(['dag_with_postgres_operator_v03']) retrieved from /opt/airflow/dags/postgres_operator.py
[2025-03-14T06:56:56.939+0000] {logging_mixin.py:154} INFO - [2025-03-14T06:56:56.939+0000] {dag.py:2941} INFO - Sync 1 DAGs
[2025-03-14T06:56:56.957+0000] {logging_mixin.py:154} INFO - [2025-03-14T06:56:56.956+0000] {dag.py:3722} INFO - Setting next_dagrun for dag_with_postgres_operator_v03 to 2025-03-14T00:00:00+00:00, run_after=2025-03-15T00:00:00+00:00
[2025-03-14T06:56:56.973+0000] {processor.py:179} INFO - Processing /opt/airflow/dags/postgres_operator.py took 0.090 seconds
[2025-03-14T06:57:27.505+0000] {processor.py:157} INFO - Started process (PID=69100) to work on /opt/airflow/dags/postgres_operator.py
[2025-03-14T06:57:27.506+0000] {processor.py:829} INFO - Processing file /opt/airflow/dags/postgres_operator.py for tasks to queue
[2025-03-14T06:57:27.506+0000] {logging_mixin.py:154} INFO - [2025-03-14T06:57:27.506+0000] {dagbag.py:536} INFO - Filling up the DagBag from /opt/airflow/dags/postgres_operator.py
[2025-03-14T06:57:27.515+0000] {processor.py:839} INFO - DAG(s) dict_keys(['dag_with_postgres_operator_v03']) retrieved from /opt/airflow/dags/postgres_operator.py
[2025-03-14T06:57:27.535+0000] {logging_mixin.py:154} INFO - [2025-03-14T06:57:27.535+0000] {dag.py:2941} INFO - Sync 1 DAGs
[2025-03-14T06:57:27.555+0000] {logging_mixin.py:154} INFO - [2025-03-14T06:57:27.555+0000] {dag.py:3722} INFO - Setting next_dagrun for dag_with_postgres_operator_v03 to 2025-03-14T00:00:00+00:00, run_after=2025-03-15T00:00:00+00:00
[2025-03-14T06:57:27.569+0000] {processor.py:179} INFO - Processing /opt/airflow/dags/postgres_operator.py took 0.066 seconds
[2025-03-14T06:57:58.072+0000] {processor.py:157} INFO - Started process (PID=69147) to work on /opt/airflow/dags/postgres_operator.py
[2025-03-14T06:57:58.083+0000] {processor.py:829} INFO - Processing file /opt/airflow/dags/postgres_operator.py for tasks to queue
[2025-03-14T06:57:58.084+0000] {logging_mixin.py:154} INFO - [2025-03-14T06:57:58.084+0000] {dagbag.py:536} INFO - Filling up the DagBag from /opt/airflow/dags/postgres_operator.py
[2025-03-14T06:57:58.096+0000] {processor.py:839} INFO - DAG(s) dict_keys(['dag_with_postgres_operator_v03']) retrieved from /opt/airflow/dags/postgres_operator.py
[2025-03-14T06:57:58.116+0000] {logging_mixin.py:154} INFO - [2025-03-14T06:57:58.116+0000] {dag.py:2941} INFO - Sync 1 DAGs
[2025-03-14T06:57:58.132+0000] {logging_mixin.py:154} INFO - [2025-03-14T06:57:58.131+0000] {dag.py:3722} INFO - Setting next_dagrun for dag_with_postgres_operator_v03 to 2025-03-14T00:00:00+00:00, run_after=2025-03-15T00:00:00+00:00
[2025-03-14T06:57:58.146+0000] {processor.py:179} INFO - Processing /opt/airflow/dags/postgres_operator.py took 0.077 seconds
[2025-03-14T06:58:28.741+0000] {processor.py:157} INFO - Started process (PID=69194) to work on /opt/airflow/dags/postgres_operator.py
[2025-03-14T06:58:28.742+0000] {processor.py:829} INFO - Processing file /opt/airflow/dags/postgres_operator.py for tasks to queue
[2025-03-14T06:58:28.744+0000] {logging_mixin.py:154} INFO - [2025-03-14T06:58:28.743+0000] {dagbag.py:536} INFO - Filling up the DagBag from /opt/airflow/dags/postgres_operator.py
[2025-03-14T06:58:28.753+0000] {processor.py:839} INFO - DAG(s) dict_keys(['dag_with_postgres_operator_v03']) retrieved from /opt/airflow/dags/postgres_operator.py
[2025-03-14T06:58:28.777+0000] {logging_mixin.py:154} INFO - [2025-03-14T06:58:28.777+0000] {dag.py:2941} INFO - Sync 1 DAGs
[2025-03-14T06:58:28.797+0000] {logging_mixin.py:154} INFO - [2025-03-14T06:58:28.797+0000] {dag.py:3722} INFO - Setting next_dagrun for dag_with_postgres_operator_v03 to 2025-03-14T00:00:00+00:00, run_after=2025-03-15T00:00:00+00:00
[2025-03-14T06:58:28.812+0000] {processor.py:179} INFO - Processing /opt/airflow/dags/postgres_operator.py took 0.074 seconds
[2025-03-14T06:58:59.339+0000] {processor.py:157} INFO - Started process (PID=69241) to work on /opt/airflow/dags/postgres_operator.py
[2025-03-14T06:58:59.349+0000] {processor.py:829} INFO - Processing file /opt/airflow/dags/postgres_operator.py for tasks to queue
[2025-03-14T06:58:59.351+0000] {logging_mixin.py:154} INFO - [2025-03-14T06:58:59.350+0000] {dagbag.py:536} INFO - Filling up the DagBag from /opt/airflow/dags/postgres_operator.py
[2025-03-14T06:58:59.364+0000] {processor.py:839} INFO - DAG(s) dict_keys(['dag_with_postgres_operator_v03']) retrieved from /opt/airflow/dags/postgres_operator.py
[2025-03-14T06:58:59.390+0000] {logging_mixin.py:154} INFO - [2025-03-14T06:58:59.390+0000] {dag.py:2941} INFO - Sync 1 DAGs
[2025-03-14T06:58:59.415+0000] {logging_mixin.py:154} INFO - [2025-03-14T06:58:59.415+0000] {dag.py:3722} INFO - Setting next_dagrun for dag_with_postgres_operator_v03 to 2025-03-14T00:00:00+00:00, run_after=2025-03-15T00:00:00+00:00
[2025-03-14T06:58:59.434+0000] {processor.py:179} INFO - Processing /opt/airflow/dags/postgres_operator.py took 0.098 seconds
[2025-03-14T06:59:29.951+0000] {processor.py:157} INFO - Started process (PID=69289) to work on /opt/airflow/dags/postgres_operator.py
[2025-03-14T06:59:29.952+0000] {processor.py:829} INFO - Processing file /opt/airflow/dags/postgres_operator.py for tasks to queue
[2025-03-14T06:59:29.952+0000] {logging_mixin.py:154} INFO - [2025-03-14T06:59:29.952+0000] {dagbag.py:536} INFO - Filling up the DagBag from /opt/airflow/dags/postgres_operator.py
[2025-03-14T06:59:29.964+0000] {processor.py:839} INFO - DAG(s) dict_keys(['dag_with_postgres_operator_v03']) retrieved from /opt/airflow/dags/postgres_operator.py
[2025-03-14T06:59:29.997+0000] {logging_mixin.py:154} INFO - [2025-03-14T06:59:29.996+0000] {dag.py:2941} INFO - Sync 1 DAGs
[2025-03-14T06:59:30.024+0000] {logging_mixin.py:154} INFO - [2025-03-14T06:59:30.024+0000] {dag.py:3722} INFO - Setting next_dagrun for dag_with_postgres_operator_v03 to 2025-03-14T00:00:00+00:00, run_after=2025-03-15T00:00:00+00:00
[2025-03-14T06:59:30.039+0000] {processor.py:179} INFO - Processing /opt/airflow/dags/postgres_operator.py took 0.092 seconds
[2025-03-14T07:00:00.581+0000] {processor.py:157} INFO - Started process (PID=69336) to work on /opt/airflow/dags/postgres_operator.py
[2025-03-14T07:00:00.591+0000] {processor.py:829} INFO - Processing file /opt/airflow/dags/postgres_operator.py for tasks to queue
[2025-03-14T07:00:00.593+0000] {logging_mixin.py:154} INFO - [2025-03-14T07:00:00.592+0000] {dagbag.py:536} INFO - Filling up the DagBag from /opt/airflow/dags/postgres_operator.py
[2025-03-14T07:00:00.608+0000] {processor.py:839} INFO - DAG(s) dict_keys(['dag_with_postgres_operator_v03']) retrieved from /opt/airflow/dags/postgres_operator.py
[2025-03-14T07:00:00.635+0000] {logging_mixin.py:154} INFO - [2025-03-14T07:00:00.635+0000] {dag.py:2941} INFO - Sync 1 DAGs
[2025-03-14T07:00:00.650+0000] {logging_mixin.py:154} INFO - [2025-03-14T07:00:00.650+0000] {dag.py:3722} INFO - Setting next_dagrun for dag_with_postgres_operator_v03 to 2025-03-14T00:00:00+00:00, run_after=2025-03-15T00:00:00+00:00
[2025-03-14T07:00:00.662+0000] {processor.py:179} INFO - Processing /opt/airflow/dags/postgres_operator.py took 0.085 seconds
[2025-03-14T07:00:31.174+0000] {processor.py:157} INFO - Started process (PID=69383) to work on /opt/airflow/dags/postgres_operator.py
[2025-03-14T07:00:31.175+0000] {processor.py:829} INFO - Processing file /opt/airflow/dags/postgres_operator.py for tasks to queue
[2025-03-14T07:00:31.176+0000] {logging_mixin.py:154} INFO - [2025-03-14T07:00:31.176+0000] {dagbag.py:536} INFO - Filling up the DagBag from /opt/airflow/dags/postgres_operator.py
[2025-03-14T07:00:31.188+0000] {processor.py:839} INFO - DAG(s) dict_keys(['dag_with_postgres_operator_v03']) retrieved from /opt/airflow/dags/postgres_operator.py
[2025-03-14T07:00:31.222+0000] {logging_mixin.py:154} INFO - [2025-03-14T07:00:31.222+0000] {dag.py:2941} INFO - Sync 1 DAGs
[2025-03-14T07:00:31.238+0000] {logging_mixin.py:154} INFO - [2025-03-14T07:00:31.238+0000] {dag.py:3722} INFO - Setting next_dagrun for dag_with_postgres_operator_v03 to 2025-03-14T00:00:00+00:00, run_after=2025-03-15T00:00:00+00:00
[2025-03-14T07:00:31.255+0000] {processor.py:179} INFO - Processing /opt/airflow/dags/postgres_operator.py took 0.084 seconds
[2025-03-14T07:01:01.781+0000] {processor.py:157} INFO - Started process (PID=69430) to work on /opt/airflow/dags/postgres_operator.py
[2025-03-14T07:01:01.791+0000] {processor.py:829} INFO - Processing file /opt/airflow/dags/postgres_operator.py for tasks to queue
[2025-03-14T07:01:01.792+0000] {logging_mixin.py:154} INFO - [2025-03-14T07:01:01.792+0000] {dagbag.py:536} INFO - Filling up the DagBag from /opt/airflow/dags/postgres_operator.py
[2025-03-14T07:01:01.804+0000] {processor.py:839} INFO - DAG(s) dict_keys(['dag_with_postgres_operator_v03']) retrieved from /opt/airflow/dags/postgres_operator.py
[2025-03-14T07:01:01.822+0000] {logging_mixin.py:154} INFO - [2025-03-14T07:01:01.821+0000] {dag.py:2941} INFO - Sync 1 DAGs
[2025-03-14T07:01:01.838+0000] {logging_mixin.py:154} INFO - [2025-03-14T07:01:01.838+0000] {dag.py:3722} INFO - Setting next_dagrun for dag_with_postgres_operator_v03 to 2025-03-14T00:00:00+00:00, run_after=2025-03-15T00:00:00+00:00
[2025-03-14T07:01:01.852+0000] {processor.py:179} INFO - Processing /opt/airflow/dags/postgres_operator.py took 0.075 seconds
[2025-03-14T07:01:32.371+0000] {processor.py:157} INFO - Started process (PID=69477) to work on /opt/airflow/dags/postgres_operator.py
[2025-03-14T07:01:32.381+0000] {processor.py:829} INFO - Processing file /opt/airflow/dags/postgres_operator.py for tasks to queue
[2025-03-14T07:01:32.383+0000] {logging_mixin.py:154} INFO - [2025-03-14T07:01:32.382+0000] {dagbag.py:536} INFO - Filling up the DagBag from /opt/airflow/dags/postgres_operator.py
[2025-03-14T07:01:32.398+0000] {processor.py:839} INFO - DAG(s) dict_keys(['dag_with_postgres_operator_v03']) retrieved from /opt/airflow/dags/postgres_operator.py
[2025-03-14T07:01:32.418+0000] {logging_mixin.py:154} INFO - [2025-03-14T07:01:32.418+0000] {dag.py:2941} INFO - Sync 1 DAGs
[2025-03-14T07:01:32.434+0000] {logging_mixin.py:154} INFO - [2025-03-14T07:01:32.434+0000] {dag.py:3722} INFO - Setting next_dagrun for dag_with_postgres_operator_v03 to 2025-03-14T00:00:00+00:00, run_after=2025-03-15T00:00:00+00:00
[2025-03-14T07:01:32.453+0000] {processor.py:179} INFO - Processing /opt/airflow/dags/postgres_operator.py took 0.086 seconds
[2025-03-14T07:02:03.031+0000] {processor.py:157} INFO - Started process (PID=69524) to work on /opt/airflow/dags/postgres_operator.py
[2025-03-14T07:02:03.032+0000] {processor.py:829} INFO - Processing file /opt/airflow/dags/postgres_operator.py for tasks to queue
[2025-03-14T07:02:03.033+0000] {logging_mixin.py:154} INFO - [2025-03-14T07:02:03.032+0000] {dagbag.py:536} INFO - Filling up the DagBag from /opt/airflow/dags/postgres_operator.py
[2025-03-14T07:02:03.042+0000] {processor.py:839} INFO - DAG(s) dict_keys(['dag_with_postgres_operator_v03']) retrieved from /opt/airflow/dags/postgres_operator.py
[2025-03-14T07:02:03.063+0000] {logging_mixin.py:154} INFO - [2025-03-14T07:02:03.063+0000] {dag.py:2941} INFO - Sync 1 DAGs
[2025-03-14T07:02:03.080+0000] {logging_mixin.py:154} INFO - [2025-03-14T07:02:03.080+0000] {dag.py:3722} INFO - Setting next_dagrun for dag_with_postgres_operator_v03 to 2025-03-14T00:00:00+00:00, run_after=2025-03-15T00:00:00+00:00
[2025-03-14T07:02:03.093+0000] {processor.py:179} INFO - Processing /opt/airflow/dags/postgres_operator.py took 0.065 seconds
[2025-03-14T07:02:33.613+0000] {processor.py:157} INFO - Started process (PID=69571) to work on /opt/airflow/dags/postgres_operator.py
[2025-03-14T07:02:33.623+0000] {processor.py:829} INFO - Processing file /opt/airflow/dags/postgres_operator.py for tasks to queue
[2025-03-14T07:02:33.624+0000] {logging_mixin.py:154} INFO - [2025-03-14T07:02:33.623+0000] {dagbag.py:536} INFO - Filling up the DagBag from /opt/airflow/dags/postgres_operator.py
[2025-03-14T07:02:33.640+0000] {processor.py:839} INFO - DAG(s) dict_keys(['dag_with_postgres_operator_v03']) retrieved from /opt/airflow/dags/postgres_operator.py
[2025-03-14T07:02:33.658+0000] {logging_mixin.py:154} INFO - [2025-03-14T07:02:33.658+0000] {dag.py:2941} INFO - Sync 1 DAGs
[2025-03-14T07:02:33.675+0000] {logging_mixin.py:154} INFO - [2025-03-14T07:02:33.675+0000] {dag.py:3722} INFO - Setting next_dagrun for dag_with_postgres_operator_v03 to 2025-03-14T00:00:00+00:00, run_after=2025-03-15T00:00:00+00:00
[2025-03-14T07:02:33.693+0000] {processor.py:179} INFO - Processing /opt/airflow/dags/postgres_operator.py took 0.083 seconds
[2025-03-14T07:03:04.183+0000] {processor.py:157} INFO - Started process (PID=69618) to work on /opt/airflow/dags/postgres_operator.py
[2025-03-14T07:03:04.193+0000] {processor.py:829} INFO - Processing file /opt/airflow/dags/postgres_operator.py for tasks to queue
[2025-03-14T07:03:04.194+0000] {logging_mixin.py:154} INFO - [2025-03-14T07:03:04.194+0000] {dagbag.py:536} INFO - Filling up the DagBag from /opt/airflow/dags/postgres_operator.py
[2025-03-14T07:03:04.202+0000] {processor.py:839} INFO - DAG(s) dict_keys(['dag_with_postgres_operator_v03']) retrieved from /opt/airflow/dags/postgres_operator.py
[2025-03-14T07:03:04.226+0000] {logging_mixin.py:154} INFO - [2025-03-14T07:03:04.226+0000] {dag.py:2941} INFO - Sync 1 DAGs
[2025-03-14T07:03:04.250+0000] {logging_mixin.py:154} INFO - [2025-03-14T07:03:04.249+0000] {dag.py:3722} INFO - Setting next_dagrun for dag_with_postgres_operator_v03 to 2025-03-14T00:00:00+00:00, run_after=2025-03-15T00:00:00+00:00
[2025-03-14T07:03:04.268+0000] {processor.py:179} INFO - Processing /opt/airflow/dags/postgres_operator.py took 0.088 seconds
[2025-03-14T07:03:34.805+0000] {processor.py:157} INFO - Started process (PID=69666) to work on /opt/airflow/dags/postgres_operator.py
[2025-03-14T07:03:34.806+0000] {processor.py:829} INFO - Processing file /opt/airflow/dags/postgres_operator.py for tasks to queue
[2025-03-14T07:03:34.807+0000] {logging_mixin.py:154} INFO - [2025-03-14T07:03:34.806+0000] {dagbag.py:536} INFO - Filling up the DagBag from /opt/airflow/dags/postgres_operator.py
[2025-03-14T07:03:34.819+0000] {processor.py:839} INFO - DAG(s) dict_keys(['dag_with_postgres_operator_v03']) retrieved from /opt/airflow/dags/postgres_operator.py
[2025-03-14T07:03:34.844+0000] {logging_mixin.py:154} INFO - [2025-03-14T07:03:34.843+0000] {dag.py:2941} INFO - Sync 1 DAGs
[2025-03-14T07:03:34.867+0000] {logging_mixin.py:154} INFO - [2025-03-14T07:03:34.867+0000] {dag.py:3722} INFO - Setting next_dagrun for dag_with_postgres_operator_v03 to 2025-03-14T00:00:00+00:00, run_after=2025-03-15T00:00:00+00:00
[2025-03-14T07:03:34.885+0000] {processor.py:179} INFO - Processing /opt/airflow/dags/postgres_operator.py took 0.084 seconds
[2025-03-14T07:04:05.531+0000] {processor.py:157} INFO - Started process (PID=69713) to work on /opt/airflow/dags/postgres_operator.py
[2025-03-14T07:04:05.531+0000] {processor.py:829} INFO - Processing file /opt/airflow/dags/postgres_operator.py for tasks to queue
[2025-03-14T07:04:05.532+0000] {logging_mixin.py:154} INFO - [2025-03-14T07:04:05.532+0000] {dagbag.py:536} INFO - Filling up the DagBag from /opt/airflow/dags/postgres_operator.py
[2025-03-14T07:04:05.540+0000] {processor.py:839} INFO - DAG(s) dict_keys(['dag_with_postgres_operator_v03']) retrieved from /opt/airflow/dags/postgres_operator.py
[2025-03-14T07:04:05.563+0000] {logging_mixin.py:154} INFO - [2025-03-14T07:04:05.563+0000] {dag.py:2941} INFO - Sync 1 DAGs
[2025-03-14T07:04:05.579+0000] {logging_mixin.py:154} INFO - [2025-03-14T07:04:05.579+0000] {dag.py:3722} INFO - Setting next_dagrun for dag_with_postgres_operator_v03 to 2025-03-14T00:00:00+00:00, run_after=2025-03-15T00:00:00+00:00
[2025-03-14T07:04:05.592+0000] {processor.py:179} INFO - Processing /opt/airflow/dags/postgres_operator.py took 0.065 seconds
[2025-03-14T07:04:36.122+0000] {processor.py:157} INFO - Started process (PID=69760) to work on /opt/airflow/dags/postgres_operator.py
[2025-03-14T07:04:36.123+0000] {processor.py:829} INFO - Processing file /opt/airflow/dags/postgres_operator.py for tasks to queue
[2025-03-14T07:04:36.124+0000] {logging_mixin.py:154} INFO - [2025-03-14T07:04:36.123+0000] {dagbag.py:536} INFO - Filling up the DagBag from /opt/airflow/dags/postgres_operator.py
[2025-03-14T07:04:36.132+0000] {processor.py:839} INFO - DAG(s) dict_keys(['dag_with_postgres_operator_v03']) retrieved from /opt/airflow/dags/postgres_operator.py
[2025-03-14T07:04:36.158+0000] {logging_mixin.py:154} INFO - [2025-03-14T07:04:36.157+0000] {dag.py:2941} INFO - Sync 1 DAGs
[2025-03-14T07:04:36.179+0000] {logging_mixin.py:154} INFO - [2025-03-14T07:04:36.178+0000] {dag.py:3722} INFO - Setting next_dagrun for dag_with_postgres_operator_v03 to 2025-03-14T00:00:00+00:00, run_after=2025-03-15T00:00:00+00:00
[2025-03-14T07:04:36.196+0000] {processor.py:179} INFO - Processing /opt/airflow/dags/postgres_operator.py took 0.077 seconds
[2025-03-14T07:05:06.702+0000] {processor.py:157} INFO - Started process (PID=69807) to work on /opt/airflow/dags/postgres_operator.py
[2025-03-14T07:05:06.703+0000] {processor.py:829} INFO - Processing file /opt/airflow/dags/postgres_operator.py for tasks to queue
[2025-03-14T07:05:06.704+0000] {logging_mixin.py:154} INFO - [2025-03-14T07:05:06.704+0000] {dagbag.py:536} INFO - Filling up the DagBag from /opt/airflow/dags/postgres_operator.py
[2025-03-14T07:05:06.713+0000] {processor.py:839} INFO - DAG(s) dict_keys(['dag_with_postgres_operator_v03']) retrieved from /opt/airflow/dags/postgres_operator.py
[2025-03-14T07:05:06.732+0000] {logging_mixin.py:154} INFO - [2025-03-14T07:05:06.732+0000] {dag.py:2941} INFO - Sync 1 DAGs
[2025-03-14T07:05:06.746+0000] {logging_mixin.py:154} INFO - [2025-03-14T07:05:06.746+0000] {dag.py:3722} INFO - Setting next_dagrun for dag_with_postgres_operator_v03 to 2025-03-14T00:00:00+00:00, run_after=2025-03-15T00:00:00+00:00
[2025-03-14T07:05:06.763+0000] {processor.py:179} INFO - Processing /opt/airflow/dags/postgres_operator.py took 0.065 seconds
[2025-03-14T07:05:37.287+0000] {processor.py:157} INFO - Started process (PID=69854) to work on /opt/airflow/dags/postgres_operator.py
[2025-03-14T07:05:37.297+0000] {processor.py:829} INFO - Processing file /opt/airflow/dags/postgres_operator.py for tasks to queue
[2025-03-14T07:05:37.299+0000] {logging_mixin.py:154} INFO - [2025-03-14T07:05:37.299+0000] {dagbag.py:536} INFO - Filling up the DagBag from /opt/airflow/dags/postgres_operator.py
[2025-03-14T07:05:37.315+0000] {processor.py:839} INFO - DAG(s) dict_keys(['dag_with_postgres_operator_v03']) retrieved from /opt/airflow/dags/postgres_operator.py
[2025-03-14T07:05:37.337+0000] {logging_mixin.py:154} INFO - [2025-03-14T07:05:37.337+0000] {dag.py:2941} INFO - Sync 1 DAGs
[2025-03-14T07:05:37.354+0000] {logging_mixin.py:154} INFO - [2025-03-14T07:05:37.354+0000] {dag.py:3722} INFO - Setting next_dagrun for dag_with_postgres_operator_v03 to 2025-03-14T00:00:00+00:00, run_after=2025-03-15T00:00:00+00:00
[2025-03-14T07:05:37.370+0000] {processor.py:179} INFO - Processing /opt/airflow/dags/postgres_operator.py took 0.087 seconds
[2025-03-14T07:06:07.865+0000] {processor.py:157} INFO - Started process (PID=69901) to work on /opt/airflow/dags/postgres_operator.py
[2025-03-14T07:06:07.866+0000] {processor.py:829} INFO - Processing file /opt/airflow/dags/postgres_operator.py for tasks to queue
[2025-03-14T07:06:07.867+0000] {logging_mixin.py:154} INFO - [2025-03-14T07:06:07.867+0000] {dagbag.py:536} INFO - Filling up the DagBag from /opt/airflow/dags/postgres_operator.py
[2025-03-14T07:06:07.877+0000] {processor.py:839} INFO - DAG(s) dict_keys(['dag_with_postgres_operator_v03']) retrieved from /opt/airflow/dags/postgres_operator.py
[2025-03-14T07:06:07.905+0000] {logging_mixin.py:154} INFO - [2025-03-14T07:06:07.905+0000] {dag.py:2941} INFO - Sync 1 DAGs
[2025-03-14T07:06:07.937+0000] {logging_mixin.py:154} INFO - [2025-03-14T07:06:07.936+0000] {dag.py:3722} INFO - Setting next_dagrun for dag_with_postgres_operator_v03 to 2025-03-14T00:00:00+00:00, run_after=2025-03-15T00:00:00+00:00
[2025-03-14T07:06:07.957+0000] {processor.py:179} INFO - Processing /opt/airflow/dags/postgres_operator.py took 0.095 seconds
[2025-03-14T07:06:38.525+0000] {processor.py:157} INFO - Started process (PID=69948) to work on /opt/airflow/dags/postgres_operator.py
[2025-03-14T07:06:38.535+0000] {processor.py:829} INFO - Processing file /opt/airflow/dags/postgres_operator.py for tasks to queue
[2025-03-14T07:06:38.537+0000] {logging_mixin.py:154} INFO - [2025-03-14T07:06:38.536+0000] {dagbag.py:536} INFO - Filling up the DagBag from /opt/airflow/dags/postgres_operator.py
[2025-03-14T07:06:38.553+0000] {processor.py:839} INFO - DAG(s) dict_keys(['dag_with_postgres_operator_v03']) retrieved from /opt/airflow/dags/postgres_operator.py
[2025-03-14T07:06:38.578+0000] {logging_mixin.py:154} INFO - [2025-03-14T07:06:38.578+0000] {dag.py:2941} INFO - Sync 1 DAGs
[2025-03-14T07:06:38.593+0000] {logging_mixin.py:154} INFO - [2025-03-14T07:06:38.593+0000] {dag.py:3722} INFO - Setting next_dagrun for dag_with_postgres_operator_v03 to 2025-03-14T00:00:00+00:00, run_after=2025-03-15T00:00:00+00:00
[2025-03-14T07:06:38.608+0000] {processor.py:179} INFO - Processing /opt/airflow/dags/postgres_operator.py took 0.089 seconds
[2025-03-14T07:07:09.146+0000] {processor.py:157} INFO - Started process (PID=69996) to work on /opt/airflow/dags/postgres_operator.py
[2025-03-14T07:07:09.147+0000] {processor.py:829} INFO - Processing file /opt/airflow/dags/postgres_operator.py for tasks to queue
[2025-03-14T07:07:09.148+0000] {logging_mixin.py:154} INFO - [2025-03-14T07:07:09.148+0000] {dagbag.py:536} INFO - Filling up the DagBag from /opt/airflow/dags/postgres_operator.py
[2025-03-14T07:07:09.158+0000] {processor.py:839} INFO - DAG(s) dict_keys(['dag_with_postgres_operator_v03']) retrieved from /opt/airflow/dags/postgres_operator.py
[2025-03-14T07:07:09.187+0000] {logging_mixin.py:154} INFO - [2025-03-14T07:07:09.186+0000] {dag.py:2941} INFO - Sync 1 DAGs
[2025-03-14T07:07:09.206+0000] {logging_mixin.py:154} INFO - [2025-03-14T07:07:09.206+0000] {dag.py:3722} INFO - Setting next_dagrun for dag_with_postgres_operator_v03 to 2025-03-14T00:00:00+00:00, run_after=2025-03-15T00:00:00+00:00
[2025-03-14T07:07:09.225+0000] {processor.py:179} INFO - Processing /opt/airflow/dags/postgres_operator.py took 0.082 seconds
[2025-03-14T07:58:33.329+0000] {processor.py:157} INFO - Started process (PID=70036) to work on /opt/airflow/dags/postgres_operator.py
[2025-03-14T07:58:33.330+0000] {processor.py:829} INFO - Processing file /opt/airflow/dags/postgres_operator.py for tasks to queue
[2025-03-14T07:58:33.331+0000] {logging_mixin.py:154} INFO - [2025-03-14T07:58:33.331+0000] {dagbag.py:536} INFO - Filling up the DagBag from /opt/airflow/dags/postgres_operator.py
[2025-03-14T07:58:33.345+0000] {processor.py:839} INFO - DAG(s) dict_keys(['dag_with_postgres_operator_v03']) retrieved from /opt/airflow/dags/postgres_operator.py
[2025-03-14T07:58:33.386+0000] {logging_mixin.py:154} INFO - [2025-03-14T07:58:33.386+0000] {dag.py:2941} INFO - Sync 1 DAGs
[2025-03-14T07:58:33.414+0000] {logging_mixin.py:154} INFO - [2025-03-14T07:58:33.413+0000] {dag.py:3722} INFO - Setting next_dagrun for dag_with_postgres_operator_v03 to 2025-03-14T00:00:00+00:00, run_after=2025-03-15T00:00:00+00:00
[2025-03-14T07:58:33.431+0000] {processor.py:179} INFO - Processing /opt/airflow/dags/postgres_operator.py took 0.107 seconds
[2025-03-14T07:59:04.200+0000] {processor.py:157} INFO - Started process (PID=70085) to work on /opt/airflow/dags/postgres_operator.py
[2025-03-14T07:59:04.201+0000] {processor.py:829} INFO - Processing file /opt/airflow/dags/postgres_operator.py for tasks to queue
[2025-03-14T07:59:04.202+0000] {logging_mixin.py:154} INFO - [2025-03-14T07:59:04.202+0000] {dagbag.py:536} INFO - Filling up the DagBag from /opt/airflow/dags/postgres_operator.py
[2025-03-14T07:59:04.212+0000] {processor.py:839} INFO - DAG(s) dict_keys(['dag_with_postgres_operator_v03']) retrieved from /opt/airflow/dags/postgres_operator.py
[2025-03-14T07:59:04.235+0000] {logging_mixin.py:154} INFO - [2025-03-14T07:59:04.235+0000] {dag.py:2941} INFO - Sync 1 DAGs
[2025-03-14T07:59:04.249+0000] {logging_mixin.py:154} INFO - [2025-03-14T07:59:04.249+0000] {dag.py:3722} INFO - Setting next_dagrun for dag_with_postgres_operator_v03 to 2025-03-14T00:00:00+00:00, run_after=2025-03-15T00:00:00+00:00
[2025-03-14T07:59:04.261+0000] {processor.py:179} INFO - Processing /opt/airflow/dags/postgres_operator.py took 0.065 seconds
[2025-03-14T07:59:34.838+0000] {processor.py:157} INFO - Started process (PID=70132) to work on /opt/airflow/dags/postgres_operator.py
[2025-03-14T07:59:34.839+0000] {processor.py:829} INFO - Processing file /opt/airflow/dags/postgres_operator.py for tasks to queue
[2025-03-14T07:59:34.840+0000] {logging_mixin.py:154} INFO - [2025-03-14T07:59:34.839+0000] {dagbag.py:536} INFO - Filling up the DagBag from /opt/airflow/dags/postgres_operator.py
[2025-03-14T07:59:34.850+0000] {processor.py:839} INFO - DAG(s) dict_keys(['dag_with_postgres_operator_v03']) retrieved from /opt/airflow/dags/postgres_operator.py
[2025-03-14T07:59:34.871+0000] {logging_mixin.py:154} INFO - [2025-03-14T07:59:34.871+0000] {dag.py:2941} INFO - Sync 1 DAGs
[2025-03-14T07:59:34.887+0000] {logging_mixin.py:154} INFO - [2025-03-14T07:59:34.887+0000] {dag.py:3722} INFO - Setting next_dagrun for dag_with_postgres_operator_v03 to 2025-03-14T00:00:00+00:00, run_after=2025-03-15T00:00:00+00:00
[2025-03-14T07:59:34.905+0000] {processor.py:179} INFO - Processing /opt/airflow/dags/postgres_operator.py took 0.070 seconds
[2025-03-14T08:00:05.505+0000] {processor.py:157} INFO - Started process (PID=70180) to work on /opt/airflow/dags/postgres_operator.py
[2025-03-14T08:00:05.506+0000] {processor.py:829} INFO - Processing file /opt/airflow/dags/postgres_operator.py for tasks to queue
[2025-03-14T08:00:05.506+0000] {logging_mixin.py:154} INFO - [2025-03-14T08:00:05.506+0000] {dagbag.py:536} INFO - Filling up the DagBag from /opt/airflow/dags/postgres_operator.py
[2025-03-14T08:00:05.515+0000] {processor.py:839} INFO - DAG(s) dict_keys(['dag_with_postgres_operator_v03']) retrieved from /opt/airflow/dags/postgres_operator.py
[2025-03-14T08:00:05.539+0000] {logging_mixin.py:154} INFO - [2025-03-14T08:00:05.539+0000] {dag.py:2941} INFO - Sync 1 DAGs
[2025-03-14T08:00:05.562+0000] {logging_mixin.py:154} INFO - [2025-03-14T08:00:05.562+0000] {dag.py:3722} INFO - Setting next_dagrun for dag_with_postgres_operator_v03 to 2025-03-14T00:00:00+00:00, run_after=2025-03-15T00:00:00+00:00
[2025-03-14T08:00:05.582+0000] {processor.py:179} INFO - Processing /opt/airflow/dags/postgres_operator.py took 0.079 seconds
[2025-03-14T08:00:36.058+0000] {processor.py:157} INFO - Started process (PID=70227) to work on /opt/airflow/dags/postgres_operator.py
[2025-03-14T08:00:36.059+0000] {processor.py:829} INFO - Processing file /opt/airflow/dags/postgres_operator.py for tasks to queue
[2025-03-14T08:00:36.060+0000] {logging_mixin.py:154} INFO - [2025-03-14T08:00:36.060+0000] {dagbag.py:536} INFO - Filling up the DagBag from /opt/airflow/dags/postgres_operator.py
[2025-03-14T08:00:36.069+0000] {processor.py:839} INFO - DAG(s) dict_keys(['dag_with_postgres_operator_v03']) retrieved from /opt/airflow/dags/postgres_operator.py
[2025-03-14T08:00:36.096+0000] {logging_mixin.py:154} INFO - [2025-03-14T08:00:36.096+0000] {dag.py:2941} INFO - Sync 1 DAGs
[2025-03-14T08:00:36.119+0000] {logging_mixin.py:154} INFO - [2025-03-14T08:00:36.118+0000] {dag.py:3722} INFO - Setting next_dagrun for dag_with_postgres_operator_v03 to 2025-03-14T00:00:00+00:00, run_after=2025-03-15T00:00:00+00:00
[2025-03-14T08:00:36.143+0000] {processor.py:179} INFO - Processing /opt/airflow/dags/postgres_operator.py took 0.087 seconds
