[2025-03-04T06:01:50.955+0000] {local_task_job_runner.py:123} INFO - ::group::Pre task execution logs
[2025-03-04T06:01:50.975+0000] {taskinstance.py:2614} INFO - Dependencies all met for dep_context=non-requeueable deps ti=<TaskInstance: xcom_dag_v01.get_name scheduled__2025-03-03T00:00:00+00:00 [queued]>
[2025-03-04T06:01:50.983+0000] {taskinstance.py:2614} INFO - Dependencies all met for dep_context=requeueable deps ti=<TaskInstance: xcom_dag_v01.get_name scheduled__2025-03-03T00:00:00+00:00 [queued]>
[2025-03-04T06:01:50.983+0000] {taskinstance.py:2867} INFO - Starting attempt 1 of 6
[2025-03-04T06:01:50.999+0000] {taskinstance.py:2890} INFO - Executing <Task(PythonOperator): get_name> on 2025-03-03 00:00:00+00:00
[2025-03-04T06:01:51.012+0000] {logging_mixin.py:190} WARNING - /home/***/.local/lib/python3.12/site-packages/***/task/task_runner/standard_task_runner.py:70 DeprecationWarning: This process (pid=1979) is multi-threaded, use of fork() may lead to deadlocks in the child.
[2025-03-04T06:01:51.013+0000] {standard_task_runner.py:72} INFO - Started process 1982 to run task
[2025-03-04T06:01:51.013+0000] {standard_task_runner.py:104} INFO - Running: ['***', 'tasks', 'run', 'xcom_dag_v01', 'get_name', 'scheduled__2025-03-03T00:00:00+00:00', '--job-id', '140', '--raw', '--subdir', 'DAGS_FOLDER/dag_xcom.py', '--cfg-path', '/tmp/tmp3nqn9g3c']
[2025-03-04T06:01:51.014+0000] {standard_task_runner.py:105} INFO - Job 140: Subtask get_name
[2025-03-04T06:01:51.056+0000] {task_command.py:467} INFO - Running <TaskInstance: xcom_dag_v01.get_name scheduled__2025-03-03T00:00:00+00:00 [running]> on host e52f68431fc8
[2025-03-04T06:01:51.123+0000] {taskinstance.py:3134} INFO - Exporting env vars: AIRFLOW_CTX_DAG_OWNER='coder2j' AIRFLOW_CTX_DAG_ID='xcom_dag_v01' AIRFLOW_CTX_TASK_ID='get_name' AIRFLOW_CTX_EXECUTION_DATE='2025-03-03T00:00:00+00:00' AIRFLOW_CTX_TRY_NUMBER='1' AIRFLOW_CTX_DAG_RUN_ID='scheduled__2025-03-03T00:00:00+00:00'
[2025-03-04T06:01:51.124+0000] {taskinstance.py:732} INFO - ::endgroup::
[2025-03-04T06:01:51.156+0000] {python.py:240} INFO - Done. Returned value was: None
[2025-03-04T06:01:51.165+0000] {taskinstance.py:341} INFO - ::group::Post task execution logs
[2025-03-04T06:01:51.165+0000] {taskinstance.py:353} INFO - Marking task as SUCCESS. dag_id=xcom_dag_v01, task_id=get_name, run_id=scheduled__2025-03-03T00:00:00+00:00, execution_date=20250303T000000, start_date=20250304T060150, end_date=20250304T060151
[2025-03-04T06:01:51.227+0000] {local_task_job_runner.py:266} INFO - Task exited with return code 0
[2025-03-04T06:01:51.234+0000] {local_task_job_runner.py:245} INFO - ::endgroup::
[2025-03-12T10:23:12.623+0000] {taskinstance.py:1159} INFO - Dependencies all met for dep_context=non-requeueable deps ti=<TaskInstance: xcom_dag_v01.get_name scheduled__2025-03-03T00:00:00+00:00 [queued]>
[2025-03-12T10:23:12.638+0000] {taskinstance.py:1159} INFO - Dependencies all met for dep_context=requeueable deps ti=<TaskInstance: xcom_dag_v01.get_name scheduled__2025-03-03T00:00:00+00:00 [queued]>
[2025-03-12T10:23:12.638+0000] {taskinstance.py:1361} INFO - Starting attempt 1 of 6
[2025-03-12T10:23:12.876+0000] {taskinstance.py:1382} INFO - Executing <Task(PythonOperator): get_name> on 2025-03-03 00:00:00+00:00
[2025-03-12T10:23:12.886+0000] {standard_task_runner.py:57} INFO - Started process 931 to run task
[2025-03-12T10:23:12.892+0000] {standard_task_runner.py:84} INFO - Running: ['***', 'tasks', 'run', 'xcom_dag_v01', 'get_name', 'scheduled__2025-03-03T00:00:00+00:00', '--job-id', '629', '--raw', '--subdir', 'DAGS_FOLDER/dag_xcom.py', '--cfg-path', '/tmp/tmp3qt9esv_']
[2025-03-12T10:23:12.899+0000] {standard_task_runner.py:85} INFO - Job 629: Subtask get_name
[2025-03-12T10:23:12.998+0000] {task_command.py:416} INFO - Running <TaskInstance: xcom_dag_v01.get_name scheduled__2025-03-03T00:00:00+00:00 [running]> on host 2e40015af180
[2025-03-12T10:23:13.147+0000] {taskinstance.py:1662} INFO - Exporting env vars: AIRFLOW_CTX_DAG_OWNER='naveen' AIRFLOW_CTX_DAG_ID='xcom_dag_v01' AIRFLOW_CTX_TASK_ID='get_name' AIRFLOW_CTX_EXECUTION_DATE='2025-03-03T00:00:00+00:00' AIRFLOW_CTX_TRY_NUMBER='1' AIRFLOW_CTX_DAG_RUN_ID='scheduled__2025-03-03T00:00:00+00:00'
[2025-03-12T10:23:13.199+0000] {python.py:194} INFO - Done. Returned value was: None
[2025-03-12T10:23:13.217+0000] {taskinstance.py:1400} INFO - Marking task as SUCCESS. dag_id=xcom_dag_v01, task_id=get_name, execution_date=20250303T000000, start_date=20250312T102312, end_date=20250312T102313
[2025-03-12T10:23:13.263+0000] {local_task_job_runner.py:228} INFO - Task exited with return code 0
[2025-03-12T10:23:13.316+0000] {taskinstance.py:2778} INFO - 0 downstream tasks scheduled from follow-on schedule check
