[2025-02-26T14:20:01.368+0000] {local_task_job_runner.py:123} INFO - ::group::Pre task execution logs
[2025-02-26T14:20:01.396+0000] {taskinstance.py:2614} INFO - Dependencies all met for dep_context=non-requeueable deps ti=<TaskInstance: our_first_dag.first_task scheduled__2021-09-19T00:00:00+00:00 [queued]>
[2025-02-26T14:20:01.413+0000] {taskinstance.py:2614} INFO - Dependencies all met for dep_context=requeueable deps ti=<TaskInstance: our_first_dag.first_task scheduled__2021-09-19T00:00:00+00:00 [queued]>
[2025-02-26T14:20:01.414+0000] {taskinstance.py:2867} INFO - Starting attempt 1 of 6
[2025-02-26T14:20:01.576+0000] {taskinstance.py:2890} INFO - Executing <Task(BashOperator): first_task> on 2021-09-19 00:00:00+00:00
[2025-02-26T14:20:01.593+0000] {logging_mixin.py:190} WARNING - /home/***/.local/lib/python3.12/site-packages/***/task/task_runner/standard_task_runner.py:70 DeprecationWarning: This process (pid=3740) is multi-threaded, use of fork() may lead to deadlocks in the child.
[2025-02-26T14:20:01.592+0000] {standard_task_runner.py:104} INFO - Running: ['***', 'tasks', 'run', 'our_first_dag', 'first_task', 'scheduled__2021-09-19T00:00:00+00:00', '--job-id', '151', '--raw', '--subdir', 'DAGS_FOLDER/first_dag.py', '--cfg-path', '/tmp/tmp92uathcr']
[2025-02-26T14:20:01.594+0000] {standard_task_runner.py:105} INFO - Job 151: Subtask first_task
[2025-02-26T14:20:01.594+0000] {standard_task_runner.py:72} INFO - Started process 3821 to run task
[2025-02-26T14:20:01.689+0000] {task_command.py:467} INFO - Running <TaskInstance: our_first_dag.first_task scheduled__2021-09-19T00:00:00+00:00 [running]> on host 25887b48f6fb
[2025-02-26T14:20:01.859+0000] {taskinstance.py:3134} INFO - Exporting env vars: AIRFLOW_CTX_DAG_OWNER='***' AIRFLOW_CTX_DAG_ID='our_first_dag' AIRFLOW_CTX_TASK_ID='first_task' AIRFLOW_CTX_EXECUTION_DATE='2021-09-19T00:00:00+00:00' AIRFLOW_CTX_TRY_NUMBER='1' AIRFLOW_CTX_DAG_RUN_ID='scheduled__2021-09-19T00:00:00+00:00'
[2025-02-26T14:20:01.862+0000] {logging_mixin.py:190} INFO - Task instance is in running state
[2025-02-26T14:20:01.863+0000] {logging_mixin.py:190} INFO -  Previous state of the Task instance: queued
[2025-02-26T14:20:01.863+0000] {logging_mixin.py:190} INFO - Current task name:first_task state:running start_date:2025-02-26 14:20:01.396714+00:00
[2025-02-26T14:20:01.864+0000] {logging_mixin.py:190} INFO - Dag name:our_first_dag and current dag run status:running
[2025-02-26T14:20:01.864+0000] {taskinstance.py:732} INFO - ::endgroup::
[2025-02-26T14:20:01.866+0000] {subprocess.py:78} INFO - Tmp dir root location: /tmp
[2025-02-26T14:20:01.867+0000] {subprocess.py:88} INFO - Running command: ['/usr/bin/bash', '-c', 'echo hello world, this is the first task!']
[2025-02-26T14:20:01.892+0000] {subprocess.py:99} INFO - Output:
[2025-02-26T14:20:01.895+0000] {subprocess.py:106} INFO - hello world, this is the first task!
[2025-02-26T14:20:01.896+0000] {subprocess.py:110} INFO - Command exited with return code 0
[2025-02-26T14:20:01.936+0000] {taskinstance.py:341} INFO - ::group::Post task execution logs
[2025-02-26T14:20:01.937+0000] {taskinstance.py:353} INFO - Marking task as SUCCESS. dag_id=our_first_dag, task_id=first_task, run_id=scheduled__2021-09-19T00:00:00+00:00, execution_date=20210919T000000, start_date=20250226T142001, end_date=20250226T142001
[2025-02-26T14:20:01.980+0000] {logging_mixin.py:190} INFO - Task instance in success state
[2025-02-26T14:20:01.981+0000] {logging_mixin.py:190} INFO -  Previous state of the Task instance: running
[2025-02-26T14:20:01.981+0000] {logging_mixin.py:190} INFO - Dag name:our_first_dag queued_at:2025-02-26 14:19:59.574511+00:00
[2025-02-26T14:20:01.982+0000] {logging_mixin.py:190} INFO - Task hostname:25887b48f6fb operator:BashOperator
[2025-02-26T14:20:02.013+0000] {local_task_job_runner.py:266} INFO - Task exited with return code 0
[2025-02-26T14:20:02.028+0000] {local_task_job_runner.py:245} INFO - ::endgroup::
