[2025-02-26T14:21:04.007+0000] {local_task_job_runner.py:123} INFO - ::group::Pre task execution logs
[2025-02-26T14:21:04.044+0000] {taskinstance.py:2614} INFO - Dependencies all met for dep_context=non-requeueable deps ti=<TaskInstance: our_first_dag.thrid_task scheduled__2021-11-30T00:00:00+00:00 [queued]>
[2025-02-26T14:21:04.067+0000] {taskinstance.py:2614} INFO - Dependencies all met for dep_context=requeueable deps ti=<TaskInstance: our_first_dag.thrid_task scheduled__2021-11-30T00:00:00+00:00 [queued]>
[2025-02-26T14:21:04.068+0000] {taskinstance.py:2867} INFO - Starting attempt 1 of 6
[2025-02-26T14:21:04.093+0000] {taskinstance.py:2890} INFO - Executing <Task(BashOperator): thrid_task> on 2021-11-30 00:00:00+00:00
[2025-02-26T14:21:04.110+0000] {logging_mixin.py:190} WARNING - /home/***/.local/lib/python3.12/site-packages/***/task/task_runner/standard_task_runner.py:70 DeprecationWarning: This process (pid=5335) is multi-threaded, use of fork() may lead to deadlocks in the child.
[2025-02-26T14:21:04.112+0000] {standard_task_runner.py:72} INFO - Started process 5415 to run task
[2025-02-26T14:21:04.111+0000] {standard_task_runner.py:104} INFO - Running: ['***', 'tasks', 'run', 'our_first_dag', 'thrid_task', 'scheduled__2021-11-30T00:00:00+00:00', '--job-id', '398', '--raw', '--subdir', 'DAGS_FOLDER/first_dag.py', '--cfg-path', '/tmp/tmppaw80g1u']
[2025-02-26T14:21:04.112+0000] {standard_task_runner.py:105} INFO - Job 398: Subtask thrid_task
[2025-02-26T14:21:04.186+0000] {task_command.py:467} INFO - Running <TaskInstance: our_first_dag.thrid_task scheduled__2021-11-30T00:00:00+00:00 [running]> on host 25887b48f6fb
[2025-02-26T14:21:04.318+0000] {taskinstance.py:3134} INFO - Exporting env vars: AIRFLOW_CTX_DAG_OWNER='***' AIRFLOW_CTX_DAG_ID='our_first_dag' AIRFLOW_CTX_TASK_ID='thrid_task' AIRFLOW_CTX_EXECUTION_DATE='2021-11-30T00:00:00+00:00' AIRFLOW_CTX_TRY_NUMBER='1' AIRFLOW_CTX_DAG_RUN_ID='scheduled__2021-11-30T00:00:00+00:00'
[2025-02-26T14:21:04.320+0000] {logging_mixin.py:190} INFO - Task instance is in running state
[2025-02-26T14:21:04.320+0000] {logging_mixin.py:190} INFO -  Previous state of the Task instance: queued
[2025-02-26T14:21:04.320+0000] {logging_mixin.py:190} INFO - Current task name:thrid_task state:running start_date:2025-02-26 14:21:04.045263+00:00
[2025-02-26T14:21:04.321+0000] {logging_mixin.py:190} INFO - Dag name:our_first_dag and current dag run status:running
[2025-02-26T14:21:04.321+0000] {taskinstance.py:732} INFO - ::endgroup::
[2025-02-26T14:21:04.322+0000] {subprocess.py:78} INFO - Tmp dir root location: /tmp
[2025-02-26T14:21:04.323+0000] {subprocess.py:88} INFO - Running command: ['/usr/bin/bash', '-c', 'echo hey, I am task3 and will be running after task1 at the same time as task2!']
[2025-02-26T14:21:04.343+0000] {subprocess.py:99} INFO - Output:
[2025-02-26T14:21:04.345+0000] {subprocess.py:106} INFO - hey, I am task3 and will be running after task1 at the same time as task2!
[2025-02-26T14:21:04.346+0000] {subprocess.py:110} INFO - Command exited with return code 0
[2025-02-26T14:21:04.382+0000] {taskinstance.py:341} INFO - ::group::Post task execution logs
[2025-02-26T14:21:04.382+0000] {taskinstance.py:353} INFO - Marking task as SUCCESS. dag_id=our_first_dag, task_id=thrid_task, run_id=scheduled__2021-11-30T00:00:00+00:00, execution_date=20211130T000000, start_date=20250226T142104, end_date=20250226T142104
[2025-02-26T14:21:04.416+0000] {logging_mixin.py:190} INFO - Task instance in success state
[2025-02-26T14:21:04.416+0000] {logging_mixin.py:190} INFO -  Previous state of the Task instance: running
[2025-02-26T14:21:04.417+0000] {logging_mixin.py:190} INFO - Dag name:our_first_dag queued_at:2025-02-26 14:20:58.082866+00:00
[2025-02-26T14:21:04.417+0000] {logging_mixin.py:190} INFO - Task hostname:25887b48f6fb operator:BashOperator
[2025-02-26T14:21:04.447+0000] {local_task_job_runner.py:266} INFO - Task exited with return code 0
[2025-02-26T14:21:04.471+0000] {taskinstance.py:3901} INFO - 0 downstream tasks scheduled from follow-on schedule check
[2025-02-26T14:21:04.474+0000] {local_task_job_runner.py:245} INFO - ::endgroup::
