[2025-02-26T14:20:15.861+0000] {local_task_job_runner.py:123} INFO - ::group::Pre task execution logs
[2025-02-26T14:20:15.897+0000] {taskinstance.py:2614} INFO - Dependencies all met for dep_context=non-requeueable deps ti=<TaskInstance: our_first_dag.second_task scheduled__2021-09-30T00:00:00+00:00 [queued]>
[2025-02-26T14:20:15.917+0000] {taskinstance.py:2614} INFO - Dependencies all met for dep_context=requeueable deps ti=<TaskInstance: our_first_dag.second_task scheduled__2021-09-30T00:00:00+00:00 [queued]>
[2025-02-26T14:20:15.918+0000] {taskinstance.py:2867} INFO - Starting attempt 1 of 6
[2025-02-26T14:20:15.938+0000] {taskinstance.py:2890} INFO - Executing <Task(BashOperator): second_task> on 2021-09-30 00:00:00+00:00
[2025-02-26T14:20:15.954+0000] {standard_task_runner.py:104} INFO - Running: ['***', 'tasks', 'run', 'our_first_dag', 'second_task', 'scheduled__2021-09-30T00:00:00+00:00', '--job-id', '211', '--raw', '--subdir', 'DAGS_FOLDER/first_dag.py', '--cfg-path', '/tmp/tmp8vsko2u1']
[2025-02-26T14:20:15.955+0000] {logging_mixin.py:190} WARNING - /home/***/.local/lib/python3.12/site-packages/***/task/task_runner/standard_task_runner.py:70 DeprecationWarning: This process (pid=4233) is multi-threaded, use of fork() may lead to deadlocks in the child.
[2025-02-26T14:20:15.956+0000] {standard_task_runner.py:105} INFO - Job 211: Subtask second_task
[2025-02-26T14:20:15.956+0000] {standard_task_runner.py:72} INFO - Started process 4276 to run task
[2025-02-26T14:20:16.023+0000] {task_command.py:467} INFO - Running <TaskInstance: our_first_dag.second_task scheduled__2021-09-30T00:00:00+00:00 [running]> on host 25887b48f6fb
[2025-02-26T14:20:16.137+0000] {taskinstance.py:3134} INFO - Exporting env vars: AIRFLOW_CTX_DAG_OWNER='***' AIRFLOW_CTX_DAG_ID='our_first_dag' AIRFLOW_CTX_TASK_ID='second_task' AIRFLOW_CTX_EXECUTION_DATE='2021-09-30T00:00:00+00:00' AIRFLOW_CTX_TRY_NUMBER='1' AIRFLOW_CTX_DAG_RUN_ID='scheduled__2021-09-30T00:00:00+00:00'
[2025-02-26T14:20:16.139+0000] {logging_mixin.py:190} INFO - Task instance is in running state
[2025-02-26T14:20:16.139+0000] {logging_mixin.py:190} INFO -  Previous state of the Task instance: queued
[2025-02-26T14:20:16.140+0000] {logging_mixin.py:190} INFO - Current task name:second_task state:running start_date:2025-02-26 14:20:15.898545+00:00
[2025-02-26T14:20:16.140+0000] {logging_mixin.py:190} INFO - Dag name:our_first_dag and current dag run status:running
[2025-02-26T14:20:16.140+0000] {taskinstance.py:732} INFO - ::endgroup::
[2025-02-26T14:20:16.141+0000] {subprocess.py:78} INFO - Tmp dir root location: /tmp
[2025-02-26T14:20:16.142+0000] {subprocess.py:88} INFO - Running command: ['/usr/bin/bash', '-c', 'echo hey, I am task2 and will be running after task1!']
[2025-02-26T14:20:16.159+0000] {subprocess.py:99} INFO - Output:
[2025-02-26T14:20:16.162+0000] {subprocess.py:106} INFO - hey, I am task2 and will be running after task1!
[2025-02-26T14:20:16.162+0000] {subprocess.py:110} INFO - Command exited with return code 0
[2025-02-26T14:20:16.207+0000] {taskinstance.py:341} INFO - ::group::Post task execution logs
[2025-02-26T14:20:16.208+0000] {taskinstance.py:353} INFO - Marking task as SUCCESS. dag_id=our_first_dag, task_id=second_task, run_id=scheduled__2021-09-30T00:00:00+00:00, execution_date=20210930T000000, start_date=20250226T142015, end_date=20250226T142016
[2025-02-26T14:20:16.241+0000] {logging_mixin.py:190} INFO - Task instance in success state
[2025-02-26T14:20:16.242+0000] {logging_mixin.py:190} INFO -  Previous state of the Task instance: running
[2025-02-26T14:20:16.242+0000] {logging_mixin.py:190} INFO - Dag name:our_first_dag queued_at:2025-02-26 14:20:12.172731+00:00
[2025-02-26T14:20:16.242+0000] {logging_mixin.py:190} INFO - Task hostname:25887b48f6fb operator:BashOperator
[2025-02-26T14:20:16.291+0000] {local_task_job_runner.py:266} INFO - Task exited with return code 0
[2025-02-26T14:20:16.313+0000] {taskinstance.py:3901} INFO - 0 downstream tasks scheduled from follow-on schedule check
[2025-02-26T14:20:16.316+0000] {local_task_job_runner.py:245} INFO - ::endgroup::
