[2025-02-26T14:19:54.166+0000] {local_task_job_runner.py:123} INFO - ::group::Pre task execution logs
[2025-02-26T14:19:54.201+0000] {taskinstance.py:2614} INFO - Dependencies all met for dep_context=non-requeueable deps ti=<TaskInstance: our_first_dag.thrid_task scheduled__2021-09-02T00:00:00+00:00 [queued]>
[2025-02-26T14:19:54.219+0000] {taskinstance.py:2614} INFO - Dependencies all met for dep_context=requeueable deps ti=<TaskInstance: our_first_dag.thrid_task scheduled__2021-09-02T00:00:00+00:00 [queued]>
[2025-02-26T14:19:54.220+0000] {taskinstance.py:2867} INFO - Starting attempt 1 of 6
[2025-02-26T14:19:54.237+0000] {taskinstance.py:2890} INFO - Executing <Task(BashOperator): thrid_task> on 2021-09-02 00:00:00+00:00
[2025-02-26T14:19:54.251+0000] {standard_task_runner.py:104} INFO - Running: ['***', 'tasks', 'run', 'our_first_dag', 'thrid_task', 'scheduled__2021-09-02T00:00:00+00:00', '--job-id', '126', '--raw', '--subdir', 'DAGS_FOLDER/first_dag.py', '--cfg-path', '/tmp/tmpopq7l4m4']
[2025-02-26T14:19:54.252+0000] {standard_task_runner.py:105} INFO - Job 126: Subtask thrid_task
[2025-02-26T14:19:54.252+0000] {logging_mixin.py:190} WARNING - /home/***/.local/lib/python3.12/site-packages/***/task/task_runner/standard_task_runner.py:70 DeprecationWarning: This process (pid=3604) is multi-threaded, use of fork() may lead to deadlocks in the child.
[2025-02-26T14:19:54.253+0000] {standard_task_runner.py:72} INFO - Started process 3648 to run task
[2025-02-26T14:19:54.312+0000] {task_command.py:467} INFO - Running <TaskInstance: our_first_dag.thrid_task scheduled__2021-09-02T00:00:00+00:00 [running]> on host 25887b48f6fb
[2025-02-26T14:19:54.438+0000] {taskinstance.py:3134} INFO - Exporting env vars: AIRFLOW_CTX_DAG_OWNER='***' AIRFLOW_CTX_DAG_ID='our_first_dag' AIRFLOW_CTX_TASK_ID='thrid_task' AIRFLOW_CTX_EXECUTION_DATE='2021-09-02T00:00:00+00:00' AIRFLOW_CTX_TRY_NUMBER='1' AIRFLOW_CTX_DAG_RUN_ID='scheduled__2021-09-02T00:00:00+00:00'
[2025-02-26T14:19:54.440+0000] {logging_mixin.py:190} INFO - Task instance is in running state
[2025-02-26T14:19:54.441+0000] {logging_mixin.py:190} INFO -  Previous state of the Task instance: queued
[2025-02-26T14:19:54.441+0000] {logging_mixin.py:190} INFO - Current task name:thrid_task state:running start_date:2025-02-26 14:19:54.201570+00:00
[2025-02-26T14:19:54.441+0000] {logging_mixin.py:190} INFO - Dag name:our_first_dag and current dag run status:running
[2025-02-26T14:19:54.442+0000] {taskinstance.py:732} INFO - ::endgroup::
[2025-02-26T14:19:54.443+0000] {subprocess.py:78} INFO - Tmp dir root location: /tmp
[2025-02-26T14:19:54.444+0000] {subprocess.py:88} INFO - Running command: ['/usr/bin/bash', '-c', 'echo hey, I am task3 and will be running after task1 at the same time as task2!']
[2025-02-26T14:19:54.466+0000] {subprocess.py:99} INFO - Output:
[2025-02-26T14:19:54.469+0000] {subprocess.py:106} INFO - hey, I am task3 and will be running after task1 at the same time as task2!
[2025-02-26T14:19:54.470+0000] {subprocess.py:110} INFO - Command exited with return code 0
[2025-02-26T14:19:54.517+0000] {taskinstance.py:341} INFO - ::group::Post task execution logs
[2025-02-26T14:19:54.517+0000] {taskinstance.py:353} INFO - Marking task as SUCCESS. dag_id=our_first_dag, task_id=thrid_task, run_id=scheduled__2021-09-02T00:00:00+00:00, execution_date=20210902T000000, start_date=20250226T141954, end_date=20250226T141954
[2025-02-26T14:19:54.562+0000] {logging_mixin.py:190} INFO - Task instance in success state
[2025-02-26T14:19:54.563+0000] {logging_mixin.py:190} INFO -  Previous state of the Task instance: running
[2025-02-26T14:19:54.564+0000] {logging_mixin.py:190} INFO - Dag name:our_first_dag queued_at:2025-02-26 14:19:50.056001+00:00
[2025-02-26T14:19:54.564+0000] {logging_mixin.py:190} INFO - Task hostname:25887b48f6fb operator:BashOperator
[2025-02-26T14:19:54.588+0000] {local_task_job_runner.py:266} INFO - Task exited with return code 0
[2025-02-26T14:19:54.602+0000] {local_task_job_runner.py:245} INFO - ::endgroup::
