[2025-02-26T14:19:48.526+0000] {local_task_job_runner.py:123} INFO - ::group::Pre task execution logs
[2025-02-26T14:19:48.546+0000] {taskinstance.py:2614} INFO - Dependencies all met for dep_context=non-requeueable deps ti=<TaskInstance: our_first_dag.second_task scheduled__2021-08-30T00:00:00+00:00 [queued]>
[2025-02-26T14:19:48.557+0000] {taskinstance.py:2614} INFO - Dependencies all met for dep_context=requeueable deps ti=<TaskInstance: our_first_dag.second_task scheduled__2021-08-30T00:00:00+00:00 [queued]>
[2025-02-26T14:19:48.558+0000] {taskinstance.py:2867} INFO - Starting attempt 1 of 6
[2025-02-26T14:19:48.572+0000] {taskinstance.py:2890} INFO - Executing <Task(BashOperator): second_task> on 2021-08-30 00:00:00+00:00
[2025-02-26T14:19:48.582+0000] {standard_task_runner.py:104} INFO - Running: ['***', 'tasks', 'run', 'our_first_dag', 'second_task', 'scheduled__2021-08-30T00:00:00+00:00', '--job-id', '104', '--raw', '--subdir', 'DAGS_FOLDER/first_dag.py', '--cfg-path', '/tmp/tmp8gq1o6jl']
[2025-02-26T14:19:48.583+0000] {logging_mixin.py:190} WARNING - /home/***/.local/lib/python3.12/site-packages/***/task/task_runner/standard_task_runner.py:70 DeprecationWarning: This process (pid=3549) is multi-threaded, use of fork() may lead to deadlocks in the child.
[2025-02-26T14:19:48.584+0000] {standard_task_runner.py:105} INFO - Job 104: Subtask second_task
[2025-02-26T14:19:48.584+0000] {standard_task_runner.py:72} INFO - Started process 3550 to run task
[2025-02-26T14:19:48.626+0000] {task_command.py:467} INFO - Running <TaskInstance: our_first_dag.second_task scheduled__2021-08-30T00:00:00+00:00 [running]> on host 25887b48f6fb
[2025-02-26T14:19:48.712+0000] {taskinstance.py:3134} INFO - Exporting env vars: AIRFLOW_CTX_DAG_OWNER='***' AIRFLOW_CTX_DAG_ID='our_first_dag' AIRFLOW_CTX_TASK_ID='second_task' AIRFLOW_CTX_EXECUTION_DATE='2021-08-30T00:00:00+00:00' AIRFLOW_CTX_TRY_NUMBER='1' AIRFLOW_CTX_DAG_RUN_ID='scheduled__2021-08-30T00:00:00+00:00'
[2025-02-26T14:19:48.713+0000] {logging_mixin.py:190} INFO - Task instance is in running state
[2025-02-26T14:19:48.713+0000] {logging_mixin.py:190} INFO -  Previous state of the Task instance: queued
[2025-02-26T14:19:48.714+0000] {logging_mixin.py:190} INFO - Current task name:second_task state:running start_date:2025-02-26 14:19:48.546422+00:00
[2025-02-26T14:19:48.714+0000] {logging_mixin.py:190} INFO - Dag name:our_first_dag and current dag run status:running
[2025-02-26T14:19:48.714+0000] {taskinstance.py:732} INFO - ::endgroup::
[2025-02-26T14:19:48.715+0000] {subprocess.py:78} INFO - Tmp dir root location: /tmp
[2025-02-26T14:19:48.715+0000] {subprocess.py:88} INFO - Running command: ['/usr/bin/bash', '-c', 'echo hey, I am task2 and will be running after task1!']
[2025-02-26T14:19:48.728+0000] {subprocess.py:99} INFO - Output:
[2025-02-26T14:19:48.730+0000] {subprocess.py:106} INFO - hey, I am task2 and will be running after task1!
[2025-02-26T14:19:48.731+0000] {subprocess.py:110} INFO - Command exited with return code 0
[2025-02-26T14:19:48.759+0000] {taskinstance.py:341} INFO - ::group::Post task execution logs
[2025-02-26T14:19:48.760+0000] {taskinstance.py:353} INFO - Marking task as SUCCESS. dag_id=our_first_dag, task_id=second_task, run_id=scheduled__2021-08-30T00:00:00+00:00, execution_date=20210830T000000, start_date=20250226T141948, end_date=20250226T141948
[2025-02-26T14:19:48.786+0000] {logging_mixin.py:190} INFO - Task instance in success state
[2025-02-26T14:19:48.786+0000] {logging_mixin.py:190} INFO -  Previous state of the Task instance: running
[2025-02-26T14:19:48.786+0000] {logging_mixin.py:190} INFO - Dag name:our_first_dag queued_at:2025-02-26 14:19:45.601667+00:00
[2025-02-26T14:19:48.786+0000] {logging_mixin.py:190} INFO - Task hostname:25887b48f6fb operator:BashOperator
[2025-02-26T14:19:48.798+0000] {local_task_job_runner.py:266} INFO - Task exited with return code 0
[2025-02-26T14:19:48.812+0000] {taskinstance.py:3901} INFO - 0 downstream tasks scheduled from follow-on schedule check
[2025-02-26T14:19:48.816+0000] {local_task_job_runner.py:245} INFO - ::endgroup::
