[2025-02-26T14:20:41.029+0000] {local_task_job_runner.py:123} INFO - ::group::Pre task execution logs
[2025-02-26T14:20:41.067+0000] {taskinstance.py:2614} INFO - Dependencies all met for dep_context=non-requeueable deps ti=<TaskInstance: our_first_dag.second_task scheduled__2021-11-03T00:00:00+00:00 [queued]>
[2025-02-26T14:20:41.091+0000] {taskinstance.py:2614} INFO - Dependencies all met for dep_context=requeueable deps ti=<TaskInstance: our_first_dag.second_task scheduled__2021-11-03T00:00:00+00:00 [queued]>
[2025-02-26T14:20:41.091+0000] {taskinstance.py:2867} INFO - Starting attempt 1 of 6
[2025-02-26T14:20:41.123+0000] {taskinstance.py:2890} INFO - Executing <Task(BashOperator): second_task> on 2021-11-03 00:00:00+00:00
[2025-02-26T14:20:41.147+0000] {logging_mixin.py:190} WARNING - /home/***/.local/lib/python3.12/site-packages/***/task/task_runner/standard_task_runner.py:70 DeprecationWarning: This process (pid=4752) is multi-threaded, use of fork() may lead to deadlocks in the child.
[2025-02-26T14:20:41.147+0000] {standard_task_runner.py:104} INFO - Running: ['***', 'tasks', 'run', 'our_first_dag', 'second_task', 'scheduled__2021-11-03T00:00:00+00:00', '--job-id', '308', '--raw', '--subdir', 'DAGS_FOLDER/first_dag.py', '--cfg-path', '/tmp/tmpvfjnfh6i']
[2025-02-26T14:20:41.149+0000] {standard_task_runner.py:72} INFO - Started process 4859 to run task
[2025-02-26T14:20:41.149+0000] {standard_task_runner.py:105} INFO - Job 308: Subtask second_task
[2025-02-26T14:20:41.242+0000] {task_command.py:467} INFO - Running <TaskInstance: our_first_dag.second_task scheduled__2021-11-03T00:00:00+00:00 [running]> on host 25887b48f6fb
[2025-02-26T14:20:41.414+0000] {taskinstance.py:3134} INFO - Exporting env vars: AIRFLOW_CTX_DAG_OWNER='***' AIRFLOW_CTX_DAG_ID='our_first_dag' AIRFLOW_CTX_TASK_ID='second_task' AIRFLOW_CTX_EXECUTION_DATE='2021-11-03T00:00:00+00:00' AIRFLOW_CTX_TRY_NUMBER='1' AIRFLOW_CTX_DAG_RUN_ID='scheduled__2021-11-03T00:00:00+00:00'
[2025-02-26T14:20:41.417+0000] {logging_mixin.py:190} INFO - Task instance is in running state
[2025-02-26T14:20:41.418+0000] {logging_mixin.py:190} INFO -  Previous state of the Task instance: queued
[2025-02-26T14:20:41.419+0000] {logging_mixin.py:190} INFO - Current task name:second_task state:running start_date:2025-02-26 14:20:41.068716+00:00
[2025-02-26T14:20:41.419+0000] {logging_mixin.py:190} INFO - Dag name:our_first_dag and current dag run status:running
[2025-02-26T14:20:41.420+0000] {taskinstance.py:732} INFO - ::endgroup::
[2025-02-26T14:20:41.421+0000] {subprocess.py:78} INFO - Tmp dir root location: /tmp
[2025-02-26T14:20:41.422+0000] {subprocess.py:88} INFO - Running command: ['/usr/bin/bash', '-c', 'echo hey, I am task2 and will be running after task1!']
[2025-02-26T14:20:41.449+0000] {subprocess.py:99} INFO - Output:
[2025-02-26T14:20:41.454+0000] {subprocess.py:106} INFO - hey, I am task2 and will be running after task1!
[2025-02-26T14:20:41.455+0000] {subprocess.py:110} INFO - Command exited with return code 0
[2025-02-26T14:20:41.497+0000] {taskinstance.py:341} INFO - ::group::Post task execution logs
[2025-02-26T14:20:41.497+0000] {taskinstance.py:353} INFO - Marking task as SUCCESS. dag_id=our_first_dag, task_id=second_task, run_id=scheduled__2021-11-03T00:00:00+00:00, execution_date=20211103T000000, start_date=20250226T142041, end_date=20250226T142041
[2025-02-26T14:20:41.530+0000] {logging_mixin.py:190} INFO - Task instance in success state
[2025-02-26T14:20:41.531+0000] {logging_mixin.py:190} INFO -  Previous state of the Task instance: running
[2025-02-26T14:20:41.531+0000] {logging_mixin.py:190} INFO - Dag name:our_first_dag queued_at:2025-02-26 14:20:36.642492+00:00
[2025-02-26T14:20:41.531+0000] {logging_mixin.py:190} INFO - Task hostname:25887b48f6fb operator:BashOperator
[2025-02-26T14:20:41.568+0000] {local_task_job_runner.py:266} INFO - Task exited with return code 0
[2025-02-26T14:20:41.595+0000] {taskinstance.py:3901} INFO - 0 downstream tasks scheduled from follow-on schedule check
[2025-02-26T14:20:41.608+0000] {local_task_job_runner.py:245} INFO - ::endgroup::
