[2025-02-26T14:21:24.261+0000] {local_task_job_runner.py:123} INFO - ::group::Pre task execution logs
[2025-02-26T14:21:24.287+0000] {taskinstance.py:2614} INFO - Dependencies all met for dep_context=non-requeueable deps ti=<TaskInstance: our_first_dag.first_task scheduled__2022-01-06T00:00:00+00:00 [queued]>
[2025-02-26T14:21:24.304+0000] {taskinstance.py:2614} INFO - Dependencies all met for dep_context=requeueable deps ti=<TaskInstance: our_first_dag.first_task scheduled__2022-01-06T00:00:00+00:00 [queued]>
[2025-02-26T14:21:24.305+0000] {taskinstance.py:2867} INFO - Starting attempt 1 of 6
[2025-02-26T14:21:24.332+0000] {taskinstance.py:2890} INFO - Executing <Task(BashOperator): first_task> on 2022-01-06 00:00:00+00:00
[2025-02-26T14:21:24.352+0000] {logging_mixin.py:190} WARNING - /home/***/.local/lib/python3.12/site-packages/***/task/task_runner/standard_task_runner.py:70 DeprecationWarning: This process (pid=5886) is multi-threaded, use of fork() may lead to deadlocks in the child.
[2025-02-26T14:21:24.351+0000] {standard_task_runner.py:104} INFO - Running: ['***', 'tasks', 'run', 'our_first_dag', 'first_task', 'scheduled__2022-01-06T00:00:00+00:00', '--job-id', '474', '--raw', '--subdir', 'DAGS_FOLDER/first_dag.py', '--cfg-path', '/tmp/tmp4fgpuvsr']
[2025-02-26T14:21:24.353+0000] {standard_task_runner.py:72} INFO - Started process 5926 to run task
[2025-02-26T14:21:24.354+0000] {standard_task_runner.py:105} INFO - Job 474: Subtask first_task
[2025-02-26T14:21:24.439+0000] {task_command.py:467} INFO - Running <TaskInstance: our_first_dag.first_task scheduled__2022-01-06T00:00:00+00:00 [running]> on host 25887b48f6fb
[2025-02-26T14:21:24.593+0000] {taskinstance.py:3134} INFO - Exporting env vars: AIRFLOW_CTX_DAG_OWNER='***' AIRFLOW_CTX_DAG_ID='our_first_dag' AIRFLOW_CTX_TASK_ID='first_task' AIRFLOW_CTX_EXECUTION_DATE='2022-01-06T00:00:00+00:00' AIRFLOW_CTX_TRY_NUMBER='1' AIRFLOW_CTX_DAG_RUN_ID='scheduled__2022-01-06T00:00:00+00:00'
[2025-02-26T14:21:24.595+0000] {logging_mixin.py:190} INFO - Task instance is in running state
[2025-02-26T14:21:24.596+0000] {logging_mixin.py:190} INFO -  Previous state of the Task instance: queued
[2025-02-26T14:21:24.597+0000] {logging_mixin.py:190} INFO - Current task name:first_task state:running start_date:2025-02-26 14:21:24.288292+00:00
[2025-02-26T14:21:24.597+0000] {logging_mixin.py:190} INFO - Dag name:our_first_dag and current dag run status:running
[2025-02-26T14:21:24.597+0000] {taskinstance.py:732} INFO - ::endgroup::
[2025-02-26T14:21:24.599+0000] {subprocess.py:78} INFO - Tmp dir root location: /tmp
[2025-02-26T14:21:24.600+0000] {subprocess.py:88} INFO - Running command: ['/usr/bin/bash', '-c', 'echo hello world, this is the first task!']
[2025-02-26T14:21:24.628+0000] {subprocess.py:99} INFO - Output:
[2025-02-26T14:21:24.631+0000] {subprocess.py:106} INFO - hello world, this is the first task!
[2025-02-26T14:21:24.632+0000] {subprocess.py:110} INFO - Command exited with return code 0
[2025-02-26T14:21:24.675+0000] {taskinstance.py:341} INFO - ::group::Post task execution logs
[2025-02-26T14:21:24.676+0000] {taskinstance.py:353} INFO - Marking task as SUCCESS. dag_id=our_first_dag, task_id=first_task, run_id=scheduled__2022-01-06T00:00:00+00:00, execution_date=20220106T000000, start_date=20250226T142124, end_date=20250226T142124
[2025-02-26T14:21:24.717+0000] {logging_mixin.py:190} INFO - Task instance in success state
[2025-02-26T14:21:24.718+0000] {logging_mixin.py:190} INFO -  Previous state of the Task instance: running
[2025-02-26T14:21:24.718+0000] {logging_mixin.py:190} INFO - Dag name:our_first_dag queued_at:2025-02-26 14:21:22.518972+00:00
[2025-02-26T14:21:24.718+0000] {logging_mixin.py:190} INFO - Task hostname:25887b48f6fb operator:BashOperator
[2025-02-26T14:21:24.770+0000] {local_task_job_runner.py:266} INFO - Task exited with return code 0
[2025-02-26T14:21:24.817+0000] {taskinstance.py:3901} INFO - 2 downstream tasks scheduled from follow-on schedule check
[2025-02-26T14:21:24.821+0000] {local_task_job_runner.py:245} INFO - ::endgroup::
