[2025-03-07T12:58:27.048+0000] {taskinstance.py:1159} INFO - Dependencies all met for dep_context=non-requeueable deps ti=<TaskInstance: dag_with_postgres_operator_v03.create_postgres_table manual__2025-03-07T12:53:24.885418+00:00 [queued]>
[2025-03-07T12:58:27.053+0000] {taskinstance.py:1159} INFO - Dependencies all met for dep_context=requeueable deps ti=<TaskInstance: dag_with_postgres_operator_v03.create_postgres_table manual__2025-03-07T12:53:24.885418+00:00 [queued]>
[2025-03-07T12:58:27.053+0000] {taskinstance.py:1361} INFO - Starting attempt 2 of 6
[2025-03-07T12:58:27.063+0000] {taskinstance.py:1382} INFO - Executing <Task(PostgresOperator): create_postgres_table> on 2025-03-07 12:53:24.885418+00:00
[2025-03-07T12:58:27.066+0000] {standard_task_runner.py:57} INFO - Started process 4452 to run task
[2025-03-07T12:58:27.069+0000] {standard_task_runner.py:84} INFO - Running: ['***', 'tasks', 'run', 'dag_with_postgres_operator_v03', 'create_postgres_table', 'manual__2025-03-07T12:53:24.885418+00:00', '--job-id', '34', '--raw', '--subdir', 'DAGS_FOLDER/postgres_operator.py', '--cfg-path', '/tmp/tmp_udb15jf']
[2025-03-07T12:58:27.071+0000] {standard_task_runner.py:85} INFO - Job 34: Subtask create_postgres_table
[2025-03-07T12:58:27.103+0000] {task_command.py:416} INFO - Running <TaskInstance: dag_with_postgres_operator_v03.create_postgres_table manual__2025-03-07T12:53:24.885418+00:00 [running]> on host afc6f8faa09c
[2025-03-07T12:58:27.160+0000] {taskinstance.py:1662} INFO - Exporting env vars: AIRFLOW_CTX_DAG_OWNER='***' AIRFLOW_CTX_DAG_ID='dag_with_postgres_operator_v03' AIRFLOW_CTX_TASK_ID='create_postgres_table' AIRFLOW_CTX_EXECUTION_DATE='2025-03-07T12:53:24.885418+00:00' AIRFLOW_CTX_TRY_NUMBER='2' AIRFLOW_CTX_DAG_RUN_ID='manual__2025-03-07T12:53:24.885418+00:00'
[2025-03-07T12:58:27.160+0000] {sql.py:274} INFO - Executing: 
            create table if not exists dag_runs (
                dt date,
                dag_id character varying,
                primary key (dt, dag_id)
            )
        
[2025-03-07T12:58:27.167+0000] {base.py:73} INFO - Using connection ID 'postgres_localhost' for task execution.
[2025-03-07T12:58:27.174+0000] {base.py:73} INFO - Using connection ID 'postgres_localhost' for task execution.
[2025-03-07T12:58:27.178+0000] {sql.py:418} INFO - Running statement: 
            create table if not exists dag_runs (
                dt date,
                dag_id character varying,
                primary key (dt, dag_id)
            )
        , parameters: None
[2025-03-07T12:58:27.186+0000] {taskinstance.py:1400} INFO - Marking task as SUCCESS. dag_id=dag_with_postgres_operator_v03, task_id=create_postgres_table, execution_date=20250307T125324, start_date=20250307T125827, end_date=20250307T125827
[2025-03-07T12:58:27.240+0000] {local_task_job_runner.py:228} INFO - Task exited with return code 0
[2025-03-07T12:58:27.259+0000] {taskinstance.py:2778} INFO - 1 downstream tasks scheduled from follow-on schedule check
